<?xml version="1.0" encoding="UTF-8"?>
<testsuite xmlns:xsi="http://www.w3.org/2001/XMLSchema-instance" xsi:noNamespaceSchemaLocation="https://maven.apache.org/surefire/maven-surefire-plugin/xsd/surefire-test-report.xsd" name="cn.itrip.service.areadic.TestItripAreaDicService" time="3.998" tests="2" errors="1" skipped="0" failures="0">
  <properties>
    <property name="sun.desktop" value="windows"/>
    <property name="awt.toolkit" value="sun.awt.windows.WToolkit"/>
    <property name="file.encoding.pkg" value="sun.io"/>
    <property name="java.specification.version" value="1.8"/>
    <property name="sun.cpu.isalist" value="amd64"/>
    <property name="sun.jnu.encoding" value="GBK"/>
    <property name="java.class.path" value="E:\ideaXM\itrip\itrip-biz\target\test-classes;E:\ideaXM\itrip\itrip-biz\target\classes;E:\ideaXM\itrip\itrip-dao\target\itrip-dao-1.0-SNAPSHOT.jar;E:\ideaXM\itrip\itrip-utils\target\itrip-utils-1.0-SNAPSHOT.jar;E:\ideaXM\itrip\itrip-beans\target\itrip-beans-1.0-SNAPSHOT.jar;E:\apache-maven-3.5.4-bin\apache-maven-3.5.4\m2\repository\com\belerweb\pinyin4j\2.5.0\pinyin4j-2.5.0.jar;E:\apache-maven-3.5.4-bin\apache-maven-3.5.4\m2\repository\cz\mallat\uasparser\uasparser\0.6.0\uasparser-0.6.0.jar;E:\apache-maven-3.5.4-bin\apache-maven-3.5.4\m2\repository\net\sourceforge\jregex\jregex\1.2_01\jregex-1.2_01.jar;E:\apache-maven-3.5.4-bin\apache-maven-3.5.4\m2\repository\javax\servlet\servlet-api\2.5\servlet-api-2.5.jar;E:\apache-maven-3.5.4-bin\apache-maven-3.5.4\m2\repository\org\hibernate\hibernate-validator\5.2.4.Final\hibernate-validator-5.2.4.Final.jar;E:\apache-maven-3.5.4-bin\apache-maven-3.5.4\m2\repository\javax\validation\validation-api\1.1.0.Final\validation-api-1.1.0.Final.jar;E:\apache-maven-3.5.4-bin\apache-maven-3.5.4\m2\repository\org\jboss\logging\jboss-logging\3.2.1.Final\jboss-logging-3.2.1.Final.jar;E:\apache-maven-3.5.4-bin\apache-maven-3.5.4\m2\repository\com\fasterxml\classmate\1.1.0\classmate-1.1.0.jar;E:\apache-maven-3.5.4-bin\apache-maven-3.5.4\m2\repository\joda-time\joda-time\2.7\joda-time-2.7.jar;E:\apache-maven-3.5.4-bin\apache-maven-3.5.4\m2\repository\jaxen\jaxen\1.1.6\jaxen-1.1.6.jar;E:\apache-maven-3.5.4-bin\apache-maven-3.5.4\m2\repository\commons-io\commons-io\2.4\commons-io-2.4.jar;E:\apache-maven-3.5.4-bin\apache-maven-3.5.4\m2\repository\commons-logging\commons-logging\1.2\commons-logging-1.2.jar;E:\apache-maven-3.5.4-bin\apache-maven-3.5.4\m2\repository\org\springframework\spring-context\4.1.7.RELEASE\spring-context-4.1.7.RELEASE.jar;E:\apache-maven-3.5.4-bin\apache-maven-3.5.4\m2\repository\org\springframework\spring-aop\4.1.7.RELEASE\spring-aop-4.1.7.RELEASE.jar;E:\apache-maven-3.5.4-bin\apache-maven-3.5.4\m2\repository\aopalliance\aopalliance\1.0\aopalliance-1.0.jar;E:\apache-maven-3.5.4-bin\apache-maven-3.5.4\m2\repository\org\springframework\spring-context-support\4.1.7.RELEASE\spring-context-support-4.1.7.RELEASE.jar;E:\apache-maven-3.5.4-bin\apache-maven-3.5.4\m2\repository\junit\junit\4.11\junit-4.11.jar;E:\apache-maven-3.5.4-bin\apache-maven-3.5.4\m2\repository\org\hamcrest\hamcrest-core\1.3\hamcrest-core-1.3.jar;E:\apache-maven-3.5.4-bin\apache-maven-3.5.4\m2\repository\commons-dbcp\commons-dbcp\1.4\commons-dbcp-1.4.jar;E:\apache-maven-3.5.4-bin\apache-maven-3.5.4\m2\repository\commons-pool\commons-pool\1.5.4\commons-pool-1.5.4.jar;E:\apache-maven-3.5.4-bin\apache-maven-3.5.4\m2\repository\cglib\cglib\3.2.5\cglib-3.2.5.jar;E:\apache-maven-3.5.4-bin\apache-maven-3.5.4\m2\repository\org\ow2\asm\asm\5.2\asm-5.2.jar;E:\apache-maven-3.5.4-bin\apache-maven-3.5.4\m2\repository\org\apache\ant\ant\1.9.6\ant-1.9.6.jar;E:\apache-maven-3.5.4-bin\apache-maven-3.5.4\m2\repository\org\apache\ant\ant-launcher\1.9.6\ant-launcher-1.9.6.jar;E:\apache-maven-3.5.4-bin\apache-maven-3.5.4\m2\repository\org\aspectj\aspectjweaver\1.6.12\aspectjweaver-1.6.12.jar;E:\apache-maven-3.5.4-bin\apache-maven-3.5.4\m2\repository\org\springframework\spring-oxm\4.1.7.RELEASE\spring-oxm-4.1.7.RELEASE.jar;E:\apache-maven-3.5.4-bin\apache-maven-3.5.4\m2\repository\org\springframework\spring-tx\4.1.7.RELEASE\spring-tx-4.1.7.RELEASE.jar;E:\apache-maven-3.5.4-bin\apache-maven-3.5.4\m2\repository\jstl\jstl\1.2\jstl-1.2.jar;E:\apache-maven-3.5.4-bin\apache-maven-3.5.4\m2\repository\org\mybatis\mybatis-spring\1.2.0\mybatis-spring-1.2.0.jar;E:\apache-maven-3.5.4-bin\apache-maven-3.5.4\m2\repository\org\slf4j\jcl-over-slf4j\1.7.12\jcl-over-slf4j-1.7.12.jar;E:\apache-maven-3.5.4-bin\apache-maven-3.5.4\m2\repository\commons-codec\commons-codec\1.4\commons-codec-1.4.jar;E:\apache-maven-3.5.4-bin\apache-maven-3.5.4\m2\repository\org\springframework\spring-orm\4.1.7.RELEASE\spring-orm-4.1.7.RELEASE.jar;E:\apache-maven-3.5.4-bin\apache-maven-3.5.4\m2\repository\org\springframework\spring-jdbc\4.1.7.RELEASE\spring-jdbc-4.1.7.RELEASE.jar;E:\apache-maven-3.5.4-bin\apache-maven-3.5.4\m2\repository\org\springframework\spring-jms\4.1.7.RELEASE\spring-jms-4.1.7.RELEASE.jar;E:\apache-maven-3.5.4-bin\apache-maven-3.5.4\m2\repository\org\springframework\spring-messaging\4.1.7.RELEASE\spring-messaging-4.1.7.RELEASE.jar;E:\apache-maven-3.5.4-bin\apache-maven-3.5.4\m2\repository\org\slf4j\slf4j-api\1.7.12\slf4j-api-1.7.12.jar;E:\apache-maven-3.5.4-bin\apache-maven-3.5.4\m2\repository\org\springframework\spring-expression\4.1.7.RELEASE\spring-expression-4.1.7.RELEASE.jar;E:\apache-maven-3.5.4-bin\apache-maven-3.5.4\m2\repository\org\springframework\spring-test\4.1.7.RELEASE\spring-test-4.1.7.RELEASE.jar;E:\apache-maven-3.5.4-bin\apache-maven-3.5.4\m2\repository\org\springframework\spring-webmvc\4.1.7.RELEASE\spring-webmvc-4.1.7.RELEASE.jar;E:\apache-maven-3.5.4-bin\apache-maven-3.5.4\m2\repository\org\springframework\spring-web\4.1.7.RELEASE\spring-web-4.1.7.RELEASE.jar;E:\apache-maven-3.5.4-bin\apache-maven-3.5.4\m2\repository\org\springframework\spring-beans\4.1.7.RELEASE\spring-beans-4.1.7.RELEASE.jar;E:\apache-maven-3.5.4-bin\apache-maven-3.5.4\m2\repository\mysql\mysql-connector-java\5.1.18\mysql-connector-java-5.1.18.jar;E:\apache-maven-3.5.4-bin\apache-maven-3.5.4\m2\repository\org\slf4j\slf4j-log4j12\1.7.12\slf4j-log4j12-1.7.12.jar;E:\apache-maven-3.5.4-bin\apache-maven-3.5.4\m2\repository\log4j\log4j\1.2.17\log4j-1.2.17.jar;E:\apache-maven-3.5.4-bin\apache-maven-3.5.4\m2\repository\org\springframework\spring-core\4.1.7.RELEASE\spring-core-4.1.7.RELEASE.jar;E:\apache-maven-3.5.4-bin\apache-maven-3.5.4\m2\repository\commons-fileupload\commons-fileupload\1.3.1\commons-fileupload-1.3.1.jar;E:\apache-maven-3.5.4-bin\apache-maven-3.5.4\m2\repository\org\mybatis\mybatis\3.2.2\mybatis-3.2.2.jar;E:\apache-maven-3.5.4-bin\apache-maven-3.5.4\m2\repository\redis\clients\jedis\2.1.0\jedis-2.1.0.jar;E:\apache-maven-3.5.4-bin\apache-maven-3.5.4\m2\repository\com\alibaba\fastjson\1.2.31\fastjson-1.2.31.jar;E:\apache-maven-3.5.4-bin\apache-maven-3.5.4\m2\repository\io\springfox\springfox-swagger2\2.4.0\springfox-swagger2-2.4.0.jar;E:\apache-maven-3.5.4-bin\apache-maven-3.5.4\m2\repository\io\swagger\swagger-annotations\1.5.6\swagger-annotations-1.5.6.jar;E:\apache-maven-3.5.4-bin\apache-maven-3.5.4\m2\repository\io\swagger\swagger-models\1.5.6\swagger-models-1.5.6.jar;E:\apache-maven-3.5.4-bin\apache-maven-3.5.4\m2\repository\io\springfox\springfox-spi\2.4.0\springfox-spi-2.4.0.jar;E:\apache-maven-3.5.4-bin\apache-maven-3.5.4\m2\repository\io\springfox\springfox-core\2.4.0\springfox-core-2.4.0.jar;E:\apache-maven-3.5.4-bin\apache-maven-3.5.4\m2\repository\io\springfox\springfox-schema\2.4.0\springfox-schema-2.4.0.jar;E:\apache-maven-3.5.4-bin\apache-maven-3.5.4\m2\repository\io\springfox\springfox-swagger-common\2.4.0\springfox-swagger-common-2.4.0.jar;E:\apache-maven-3.5.4-bin\apache-maven-3.5.4\m2\repository\io\springfox\springfox-spring-web\2.4.0\springfox-spring-web-2.4.0.jar;E:\apache-maven-3.5.4-bin\apache-maven-3.5.4\m2\repository\org\springframework\plugin\spring-plugin-core\1.2.0.RELEASE\spring-plugin-core-1.2.0.RELEASE.jar;E:\apache-maven-3.5.4-bin\apache-maven-3.5.4\m2\repository\org\springframework\plugin\spring-plugin-metadata\1.2.0.RELEASE\spring-plugin-metadata-1.2.0.RELEASE.jar;E:\apache-maven-3.5.4-bin\apache-maven-3.5.4\m2\repository\io\springfox\springfox-swagger-ui\2.4.0\springfox-swagger-ui-2.4.0.jar;E:\apache-maven-3.5.4-bin\apache-maven-3.5.4\m2\repository\com\google\guava\guava\19.0\guava-19.0.jar;E:\apache-maven-3.5.4-bin\apache-maven-3.5.4\m2\repository\org\mapstruct\mapstruct-jdk8\1.1.0.Final\mapstruct-jdk8-1.1.0.Final.jar;E:\apache-maven-3.5.4-bin\apache-maven-3.5.4\m2\repository\com\fasterxml\jackson\core\jackson-core\2.8.7\jackson-core-2.8.7.jar;E:\apache-maven-3.5.4-bin\apache-maven-3.5.4\m2\repository\com\fasterxml\jackson\core\jackson-databind\2.8.7\jackson-databind-2.8.7.jar;E:\apache-maven-3.5.4-bin\apache-maven-3.5.4\m2\repository\com\fasterxml\jackson\core\jackson-annotations\2.8.7\jackson-annotations-2.8.7.jar;E:\apache-maven-3.5.4-bin\apache-maven-3.5.4\m2\repository\javax\mail\mail\1.4.7\mail-1.4.7.jar;E:\apache-maven-3.5.4-bin\apache-maven-3.5.4\m2\repository\javax\activation\activation\1.1\activation-1.1.jar;E:\apache-maven-3.5.4-bin\apache-maven-3.5.4\m2\repository\cn\itrip\itrip-jregex\1.2_01\itrip-jregex-1.2_01.jar;E:\apache-maven-3.5.4-bin\apache-maven-3.5.4\m2\repository\cn\itrip\ccprestsms\itrip-ccprestsms\1.0\itrip-ccprestsms-1.0.jar;E:\apache-maven-3.5.4-bin\apache-maven-3.5.4\m2\repository\com\thetransactioncompany\cors-filter\1.7\cors-filter-1.7.jar;E:\apache-maven-3.5.4-bin\apache-maven-3.5.4\m2\repository\com\thetransactioncompany\java-property-utils\1.9\java-property-utils-1.9.jar;"/>
    <property name="java.vm.vendor" value="Oracle Corporation"/>
    <property name="sun.arch.data.model" value="64"/>
    <property name="user.variant" value=""/>
    <property name="java.vendor.url" value="http://java.oracle.com/"/>
    <property name="user.timezone" value=""/>
    <property name="java.vm.specification.version" value="1.8"/>
    <property name="os.name" value="Windows 10"/>
    <property name="user.country" value="CN"/>
    <property name="sun.java.launcher" value="SUN_STANDARD"/>
    <property name="sun.boot.library.path" value="E:\Java\jdk1.8.0_181\jre\bin"/>
    <property name="sun.java.command" value="C:\Users\ISXIAO~1\AppData\Local\Temp\surefire880897472135954717\surefirebooter3558160161545979965.jar C:\Users\isxiaohao\AppData\Local\Temp\surefire880897472135954717 2019-01-15T19-38-37_456-jvmRun1 surefire4185047915140694290tmp surefire_03233593754954529464tmp"/>
    <property name="surefire.test.class.path" value="E:\ideaXM\itrip\itrip-biz\target\test-classes;E:\ideaXM\itrip\itrip-biz\target\classes;E:\ideaXM\itrip\itrip-dao\target\itrip-dao-1.0-SNAPSHOT.jar;E:\ideaXM\itrip\itrip-utils\target\itrip-utils-1.0-SNAPSHOT.jar;E:\ideaXM\itrip\itrip-beans\target\itrip-beans-1.0-SNAPSHOT.jar;E:\apache-maven-3.5.4-bin\apache-maven-3.5.4\m2\repository\com\belerweb\pinyin4j\2.5.0\pinyin4j-2.5.0.jar;E:\apache-maven-3.5.4-bin\apache-maven-3.5.4\m2\repository\cz\mallat\uasparser\uasparser\0.6.0\uasparser-0.6.0.jar;E:\apache-maven-3.5.4-bin\apache-maven-3.5.4\m2\repository\net\sourceforge\jregex\jregex\1.2_01\jregex-1.2_01.jar;E:\apache-maven-3.5.4-bin\apache-maven-3.5.4\m2\repository\javax\servlet\servlet-api\2.5\servlet-api-2.5.jar;E:\apache-maven-3.5.4-bin\apache-maven-3.5.4\m2\repository\org\hibernate\hibernate-validator\5.2.4.Final\hibernate-validator-5.2.4.Final.jar;E:\apache-maven-3.5.4-bin\apache-maven-3.5.4\m2\repository\javax\validation\validation-api\1.1.0.Final\validation-api-1.1.0.Final.jar;E:\apache-maven-3.5.4-bin\apache-maven-3.5.4\m2\repository\org\jboss\logging\jboss-logging\3.2.1.Final\jboss-logging-3.2.1.Final.jar;E:\apache-maven-3.5.4-bin\apache-maven-3.5.4\m2\repository\com\fasterxml\classmate\1.1.0\classmate-1.1.0.jar;E:\apache-maven-3.5.4-bin\apache-maven-3.5.4\m2\repository\joda-time\joda-time\2.7\joda-time-2.7.jar;E:\apache-maven-3.5.4-bin\apache-maven-3.5.4\m2\repository\jaxen\jaxen\1.1.6\jaxen-1.1.6.jar;E:\apache-maven-3.5.4-bin\apache-maven-3.5.4\m2\repository\commons-io\commons-io\2.4\commons-io-2.4.jar;E:\apache-maven-3.5.4-bin\apache-maven-3.5.4\m2\repository\commons-logging\commons-logging\1.2\commons-logging-1.2.jar;E:\apache-maven-3.5.4-bin\apache-maven-3.5.4\m2\repository\org\springframework\spring-context\4.1.7.RELEASE\spring-context-4.1.7.RELEASE.jar;E:\apache-maven-3.5.4-bin\apache-maven-3.5.4\m2\repository\org\springframework\spring-aop\4.1.7.RELEASE\spring-aop-4.1.7.RELEASE.jar;E:\apache-maven-3.5.4-bin\apache-maven-3.5.4\m2\repository\aopalliance\aopalliance\1.0\aopalliance-1.0.jar;E:\apache-maven-3.5.4-bin\apache-maven-3.5.4\m2\repository\org\springframework\spring-context-support\4.1.7.RELEASE\spring-context-support-4.1.7.RELEASE.jar;E:\apache-maven-3.5.4-bin\apache-maven-3.5.4\m2\repository\junit\junit\4.11\junit-4.11.jar;E:\apache-maven-3.5.4-bin\apache-maven-3.5.4\m2\repository\org\hamcrest\hamcrest-core\1.3\hamcrest-core-1.3.jar;E:\apache-maven-3.5.4-bin\apache-maven-3.5.4\m2\repository\commons-dbcp\commons-dbcp\1.4\commons-dbcp-1.4.jar;E:\apache-maven-3.5.4-bin\apache-maven-3.5.4\m2\repository\commons-pool\commons-pool\1.5.4\commons-pool-1.5.4.jar;E:\apache-maven-3.5.4-bin\apache-maven-3.5.4\m2\repository\cglib\cglib\3.2.5\cglib-3.2.5.jar;E:\apache-maven-3.5.4-bin\apache-maven-3.5.4\m2\repository\org\ow2\asm\asm\5.2\asm-5.2.jar;E:\apache-maven-3.5.4-bin\apache-maven-3.5.4\m2\repository\org\apache\ant\ant\1.9.6\ant-1.9.6.jar;E:\apache-maven-3.5.4-bin\apache-maven-3.5.4\m2\repository\org\apache\ant\ant-launcher\1.9.6\ant-launcher-1.9.6.jar;E:\apache-maven-3.5.4-bin\apache-maven-3.5.4\m2\repository\org\aspectj\aspectjweaver\1.6.12\aspectjweaver-1.6.12.jar;E:\apache-maven-3.5.4-bin\apache-maven-3.5.4\m2\repository\org\springframework\spring-oxm\4.1.7.RELEASE\spring-oxm-4.1.7.RELEASE.jar;E:\apache-maven-3.5.4-bin\apache-maven-3.5.4\m2\repository\org\springframework\spring-tx\4.1.7.RELEASE\spring-tx-4.1.7.RELEASE.jar;E:\apache-maven-3.5.4-bin\apache-maven-3.5.4\m2\repository\jstl\jstl\1.2\jstl-1.2.jar;E:\apache-maven-3.5.4-bin\apache-maven-3.5.4\m2\repository\org\mybatis\mybatis-spring\1.2.0\mybatis-spring-1.2.0.jar;E:\apache-maven-3.5.4-bin\apache-maven-3.5.4\m2\repository\org\slf4j\jcl-over-slf4j\1.7.12\jcl-over-slf4j-1.7.12.jar;E:\apache-maven-3.5.4-bin\apache-maven-3.5.4\m2\repository\commons-codec\commons-codec\1.4\commons-codec-1.4.jar;E:\apache-maven-3.5.4-bin\apache-maven-3.5.4\m2\repository\org\springframework\spring-orm\4.1.7.RELEASE\spring-orm-4.1.7.RELEASE.jar;E:\apache-maven-3.5.4-bin\apache-maven-3.5.4\m2\repository\org\springframework\spring-jdbc\4.1.7.RELEASE\spring-jdbc-4.1.7.RELEASE.jar;E:\apache-maven-3.5.4-bin\apache-maven-3.5.4\m2\repository\org\springframework\spring-jms\4.1.7.RELEASE\spring-jms-4.1.7.RELEASE.jar;E:\apache-maven-3.5.4-bin\apache-maven-3.5.4\m2\repository\org\springframework\spring-messaging\4.1.7.RELEASE\spring-messaging-4.1.7.RELEASE.jar;E:\apache-maven-3.5.4-bin\apache-maven-3.5.4\m2\repository\org\slf4j\slf4j-api\1.7.12\slf4j-api-1.7.12.jar;E:\apache-maven-3.5.4-bin\apache-maven-3.5.4\m2\repository\org\springframework\spring-expression\4.1.7.RELEASE\spring-expression-4.1.7.RELEASE.jar;E:\apache-maven-3.5.4-bin\apache-maven-3.5.4\m2\repository\org\springframework\spring-test\4.1.7.RELEASE\spring-test-4.1.7.RELEASE.jar;E:\apache-maven-3.5.4-bin\apache-maven-3.5.4\m2\repository\org\springframework\spring-webmvc\4.1.7.RELEASE\spring-webmvc-4.1.7.RELEASE.jar;E:\apache-maven-3.5.4-bin\apache-maven-3.5.4\m2\repository\org\springframework\spring-web\4.1.7.RELEASE\spring-web-4.1.7.RELEASE.jar;E:\apache-maven-3.5.4-bin\apache-maven-3.5.4\m2\repository\org\springframework\spring-beans\4.1.7.RELEASE\spring-beans-4.1.7.RELEASE.jar;E:\apache-maven-3.5.4-bin\apache-maven-3.5.4\m2\repository\mysql\mysql-connector-java\5.1.18\mysql-connector-java-5.1.18.jar;E:\apache-maven-3.5.4-bin\apache-maven-3.5.4\m2\repository\org\slf4j\slf4j-log4j12\1.7.12\slf4j-log4j12-1.7.12.jar;E:\apache-maven-3.5.4-bin\apache-maven-3.5.4\m2\repository\log4j\log4j\1.2.17\log4j-1.2.17.jar;E:\apache-maven-3.5.4-bin\apache-maven-3.5.4\m2\repository\org\springframework\spring-core\4.1.7.RELEASE\spring-core-4.1.7.RELEASE.jar;E:\apache-maven-3.5.4-bin\apache-maven-3.5.4\m2\repository\commons-fileupload\commons-fileupload\1.3.1\commons-fileupload-1.3.1.jar;E:\apache-maven-3.5.4-bin\apache-maven-3.5.4\m2\repository\org\mybatis\mybatis\3.2.2\mybatis-3.2.2.jar;E:\apache-maven-3.5.4-bin\apache-maven-3.5.4\m2\repository\redis\clients\jedis\2.1.0\jedis-2.1.0.jar;E:\apache-maven-3.5.4-bin\apache-maven-3.5.4\m2\repository\com\alibaba\fastjson\1.2.31\fastjson-1.2.31.jar;E:\apache-maven-3.5.4-bin\apache-maven-3.5.4\m2\repository\io\springfox\springfox-swagger2\2.4.0\springfox-swagger2-2.4.0.jar;E:\apache-maven-3.5.4-bin\apache-maven-3.5.4\m2\repository\io\swagger\swagger-annotations\1.5.6\swagger-annotations-1.5.6.jar;E:\apache-maven-3.5.4-bin\apache-maven-3.5.4\m2\repository\io\swagger\swagger-models\1.5.6\swagger-models-1.5.6.jar;E:\apache-maven-3.5.4-bin\apache-maven-3.5.4\m2\repository\io\springfox\springfox-spi\2.4.0\springfox-spi-2.4.0.jar;E:\apache-maven-3.5.4-bin\apache-maven-3.5.4\m2\repository\io\springfox\springfox-core\2.4.0\springfox-core-2.4.0.jar;E:\apache-maven-3.5.4-bin\apache-maven-3.5.4\m2\repository\io\springfox\springfox-schema\2.4.0\springfox-schema-2.4.0.jar;E:\apache-maven-3.5.4-bin\apache-maven-3.5.4\m2\repository\io\springfox\springfox-swagger-common\2.4.0\springfox-swagger-common-2.4.0.jar;E:\apache-maven-3.5.4-bin\apache-maven-3.5.4\m2\repository\io\springfox\springfox-spring-web\2.4.0\springfox-spring-web-2.4.0.jar;E:\apache-maven-3.5.4-bin\apache-maven-3.5.4\m2\repository\org\springframework\plugin\spring-plugin-core\1.2.0.RELEASE\spring-plugin-core-1.2.0.RELEASE.jar;E:\apache-maven-3.5.4-bin\apache-maven-3.5.4\m2\repository\org\springframework\plugin\spring-plugin-metadata\1.2.0.RELEASE\spring-plugin-metadata-1.2.0.RELEASE.jar;E:\apache-maven-3.5.4-bin\apache-maven-3.5.4\m2\repository\io\springfox\springfox-swagger-ui\2.4.0\springfox-swagger-ui-2.4.0.jar;E:\apache-maven-3.5.4-bin\apache-maven-3.5.4\m2\repository\com\google\guava\guava\19.0\guava-19.0.jar;E:\apache-maven-3.5.4-bin\apache-maven-3.5.4\m2\repository\org\mapstruct\mapstruct-jdk8\1.1.0.Final\mapstruct-jdk8-1.1.0.Final.jar;E:\apache-maven-3.5.4-bin\apache-maven-3.5.4\m2\repository\com\fasterxml\jackson\core\jackson-core\2.8.7\jackson-core-2.8.7.jar;E:\apache-maven-3.5.4-bin\apache-maven-3.5.4\m2\repository\com\fasterxml\jackson\core\jackson-databind\2.8.7\jackson-databind-2.8.7.jar;E:\apache-maven-3.5.4-bin\apache-maven-3.5.4\m2\repository\com\fasterxml\jackson\core\jackson-annotations\2.8.7\jackson-annotations-2.8.7.jar;E:\apache-maven-3.5.4-bin\apache-maven-3.5.4\m2\repository\javax\mail\mail\1.4.7\mail-1.4.7.jar;E:\apache-maven-3.5.4-bin\apache-maven-3.5.4\m2\repository\javax\activation\activation\1.1\activation-1.1.jar;E:\apache-maven-3.5.4-bin\apache-maven-3.5.4\m2\repository\cn\itrip\itrip-jregex\1.2_01\itrip-jregex-1.2_01.jar;E:\apache-maven-3.5.4-bin\apache-maven-3.5.4\m2\repository\cn\itrip\ccprestsms\itrip-ccprestsms\1.0\itrip-ccprestsms-1.0.jar;E:\apache-maven-3.5.4-bin\apache-maven-3.5.4\m2\repository\com\thetransactioncompany\cors-filter\1.7\cors-filter-1.7.jar;E:\apache-maven-3.5.4-bin\apache-maven-3.5.4\m2\repository\com\thetransactioncompany\java-property-utils\1.9\java-property-utils-1.9.jar;"/>
    <property name="sun.cpu.endian" value="little"/>
    <property name="user.home" value="C:\Users\isxiaohao"/>
    <property name="user.language" value="zh"/>
    <property name="java.specification.vendor" value="Oracle Corporation"/>
    <property name="java.home" value="E:\Java\jdk1.8.0_181\jre"/>
    <property name="basedir" value="E:\ideaXM\itrip\itrip-biz"/>
    <property name="file.separator" value="\"/>
    <property name="line.separator" value="&#10;"/>
    <property name="java.vm.specification.vendor" value="Oracle Corporation"/>
    <property name="java.specification.name" value="Java Platform API Specification"/>
    <property name="java.awt.graphicsenv" value="sun.awt.Win32GraphicsEnvironment"/>
    <property name="surefire.real.class.path" value="C:\Users\ISXIAO~1\AppData\Local\Temp\surefire880897472135954717\surefirebooter3558160161545979965.jar"/>
    <property name="sun.boot.class.path" value="E:\Java\jdk1.8.0_181\jre\lib\resources.jar;E:\Java\jdk1.8.0_181\jre\lib\rt.jar;E:\Java\jdk1.8.0_181\jre\lib\sunrsasign.jar;E:\Java\jdk1.8.0_181\jre\lib\jsse.jar;E:\Java\jdk1.8.0_181\jre\lib\jce.jar;E:\Java\jdk1.8.0_181\jre\lib\charsets.jar;E:\Java\jdk1.8.0_181\jre\lib\jfr.jar;E:\Java\jdk1.8.0_181\jre\classes"/>
    <property name="user.script" value=""/>
    <property name="sun.management.compiler" value="HotSpot 64-Bit Tiered Compilers"/>
    <property name="java.runtime.version" value="1.8.0_181-b13"/>
    <property name="user.name" value="isxiaohao"/>
    <property name="path.separator" value=";"/>
    <property name="os.version" value="10.0"/>
    <property name="java.endorsed.dirs" value="E:\Java\jdk1.8.0_181\jre\lib\endorsed"/>
    <property name="java.runtime.name" value="Java(TM) SE Runtime Environment"/>
    <property name="file.encoding" value="GBK"/>
    <property name="java.vm.name" value="Java HotSpot(TM) 64-Bit Server VM"/>
    <property name="localRepository" value="E:\apache-maven-3.5.4-bin\apache-maven-3.5.4\m2\repository"/>
    <property name="java.vendor.url.bug" value="http://bugreport.sun.com/bugreport/"/>
    <property name="java.io.tmpdir" value="C:\Users\ISXIAO~1\AppData\Local\Temp\"/>
    <property name="idea.version" value="2018.1.4"/>
    <property name="java.version" value="1.8.0_181"/>
    <property name="user.dir" value="E:\ideaXM\itrip\itrip-biz"/>
    <property name="os.arch" value="amd64"/>
    <property name="java.vm.specification.name" value="Java Virtual Machine Specification"/>
    <property name="java.awt.printerjob" value="sun.awt.windows.WPrinterJob"/>
    <property name="sun.os.patch.level" value=""/>
    <property name="java.library.path" value="E:\Java\jdk1.8.0_181\jre\bin;C:\WINDOWS\Sun\Java\bin;C:\WINDOWS\system32;C:\WINDOWS;E:\Java\jdk1.8.0_181\bin;c:\program files\graphicsmagick-1.3.21-q16;E:\Oracle\bin;C:\WINDOWS\system32;C:\WINDOWS;C:\WINDOWS\System32\Wbem;C:\WINDOWS\System32\WindowsPowerShell\v1.0\E:\kj;C:\WINDOWS\System32\WindowsPowerShell\v1.0\;C:\WINDOWS\System32\OpenSSH\;E:\MySQL\bin;E:\apache-maven-3.5.4-bin\apache-maven-3.5.4\bin;E:\Git\Git\cmd;E:\Program Files\nodejs;E:\Program Files\nodejs\node_global;C:\Program Files (x86)\Lua\5.1;C:\Program Files (x86)\Lua\5.1\clibs;E:\kj;C:\Users\isxiaohao\AppData\Local\Microsoft\WindowsApps;C:\Users\isxiaohao\AppData\Roaming\npm;."/>
    <property name="java.vm.info" value="mixed mode"/>
    <property name="java.vendor" value="Oracle Corporation"/>
    <property name="java.vm.version" value="25.181-b13"/>
    <property name="java.ext.dirs" value="E:\Java\jdk1.8.0_181\jre\lib\ext;C:\WINDOWS\Sun\Java\lib\ext"/>
    <property name="sun.io.unicode.encoding" value="UnicodeLittle"/>
    <property name="java.class.version" value="52.0"/>
  </properties>
  <testcase name="testGetCount" classname="cn.itrip.service.areadic.TestItripAreaDicService" time="3.149"/>
  <testcase name="testGetItripAreaDicListByMap" classname="cn.itrip.service.areadic.TestItripAreaDicService" time="0.848">
    <error message="Could not open JDBC Connection for transaction; nested exception is org.apache.commons.dbcp.SQLNestedException: Cannot create PoolableConnectionFactory (Data source rejected establishment of connection,  message from server: &quot;Too many connections&quot;)" type="org.springframework.transaction.CannotCreateTransactionException">org.springframework.transaction.CannotCreateTransactionException: Could not open JDBC Connection for transaction; nested exception is org.apache.commons.dbcp.SQLNestedException: Cannot create PoolableConnectionFactory (Data source rejected establishment of connection,  message from server: "Too many connections")
	at cn.itrip.service.areadic.TestItripAreaDicService.testGetItripAreaDicListByMap(TestItripAreaDicService.java:24)
Caused by: org.apache.commons.dbcp.SQLNestedException: Cannot create PoolableConnectionFactory (Data source rejected establishment of connection,  message from server: "Too many connections")
	at cn.itrip.service.areadic.TestItripAreaDicService.testGetItripAreaDicListByMap(TestItripAreaDicService.java:24)
Caused by: com.mysql.jdbc.exceptions.jdbc4.MySQLNonTransientConnectionException: Data source rejected establishment of connection,  message from server: "Too many connections"
	at cn.itrip.service.areadic.TestItripAreaDicService.testGetItripAreaDicListByMap(TestItripAreaDicService.java:24)
</error>
    <system-out><![CDATA[- (4980 ms) - [DEBUG] 2019-01-15 19:38:46,537 org.springframework.core.env.StandardEnvironment - Adding [systemProperties] PropertySource with lowest search precedence
- (4981 ms) - [DEBUG] 2019-01-15 19:38:46,538 org.springframework.core.env.StandardEnvironment - Adding [systemEnvironment] PropertySource with lowest search precedence
- (4981 ms) - [DEBUG] 2019-01-15 19:38:46,538 org.springframework.core.env.StandardEnvironment - Initialized StandardEnvironment with PropertySources [systemProperties,systemEnvironment]
- (4982 ms) - [INFO] 2019-01-15 19:38:46,539 org.springframework.context.support.ClassPathXmlApplicationContext - Refreshing org.springframework.context.support.ClassPathXmlApplicationContext@7516e4e5: startup date [Tue Jan 15 19:38:46 CST 2019]; root of context hierarchy
- (4983 ms) - [DEBUG] 2019-01-15 19:38:46,540 org.springframework.core.env.StandardEnvironment - Adding [systemProperties] PropertySource with lowest search precedence
- (4983 ms) - [DEBUG] 2019-01-15 19:38:46,540 org.springframework.core.env.StandardEnvironment - Adding [systemEnvironment] PropertySource with lowest search precedence
- (4983 ms) - [DEBUG] 2019-01-15 19:38:46,540 org.springframework.core.env.StandardEnvironment - Initialized StandardEnvironment with PropertySources [systemProperties,systemEnvironment]
- (4984 ms) - [INFO] 2019-01-15 19:38:46,541 org.springframework.beans.factory.xml.XmlBeanDefinitionReader - Loading XML bean definitions from class path resource [applicationContext-mybatis.xml]
- (4985 ms) - [DEBUG] 2019-01-15 19:38:46,542 org.springframework.beans.factory.xml.DefaultDocumentLoader - Using JAXP provider [com.sun.org.apache.xerces.internal.jaxp.DocumentBuilderFactoryImpl]
- (4988 ms) - [DEBUG] 2019-01-15 19:38:46,545 org.springframework.beans.factory.xml.PluggableSchemaResolver - Loading schema mappings from [META-INF/spring.schemas]
- (4994 ms) - [DEBUG] 2019-01-15 19:38:46,551 org.springframework.beans.factory.xml.PluggableSchemaResolver - Loaded schema mappings: {http://www.springframework.org/schema/tx/spring-tx-2.5.xsd=org/springframework/transaction/config/spring-tx-2.5.xsd, http://www.springframework.org/schema/aop/spring-aop-4.1.xsd=org/springframework/aop/config/spring-aop-4.1.xsd, http://www.springframework.org/schema/context/spring-context-3.1.xsd=org/springframework/context/config/spring-context-3.1.xsd, http://www.springframework.org/schema/jdbc/spring-jdbc-4.1.xsd=org/springframework/jdbc/config/spring-jdbc-4.1.xsd, http://www.springframework.org/schema/jms/spring-jms-2.5.xsd=org/springframework/jms/config/spring-jms-2.5.xsd, http://www.springframework.org/schema/util/spring-util-3.0.xsd=org/springframework/beans/factory/xml/spring-util-3.0.xsd, http://www.springframework.org/schema/mvc/spring-mvc-4.1.xsd=org/springframework/web/servlet/config/spring-mvc-4.1.xsd, http://www.springframework.org/schema/tool/spring-tool.xsd=org/springframework/beans/factory/xml/spring-tool-4.1.xsd, http://www.springframework.org/schema/aop/spring-aop-3.2.xsd=org/springframework/aop/config/spring-aop-3.2.xsd, http://mybatis.org/schema/mybatis-spring-1.2.xsd=org/mybatis/spring/config/mybatis-spring-1.2.xsd, http://www.springframework.org/schema/lang/spring-lang-4.1.xsd=org/springframework/scripting/config/spring-lang-4.1.xsd, http://www.springframework.org/schema/context/spring-context-4.0.xsd=org/springframework/context/config/spring-context-4.0.xsd, http://www.springframework.org/schema/mvc/spring-mvc-3.2.xsd=org/springframework/web/servlet/config/spring-mvc-3.2.xsd, http://www.springframework.org/schema/oxm/spring-oxm-3.0.xsd=org/springframework/oxm/config/spring-oxm-3.0.xsd, http://www.springframework.org/schema/tool/spring-tool-4.1.xsd=org/springframework/beans/factory/xml/spring-tool-4.1.xsd, http://www.springframework.org/schema/lang/spring-lang-3.2.xsd=org/springframework/scripting/config/spring-lang-3.2.xsd, http://www.springframework.org/schema/cache/spring-cache-3.2.xsd=org/springframework/cache/config/spring-cache-3.2.xsd, http://www.springframework.org/schema/jee/spring-jee-4.1.xsd=org/springframework/ejb/config/spring-jee-4.1.xsd, http://www.springframework.org/schema/jdbc/spring-jdbc-3.1.xsd=org/springframework/jdbc/config/spring-jdbc-3.1.xsd, http://www.springframework.org/schema/util/spring-util-2.0.xsd=org/springframework/beans/factory/xml/spring-util-2.0.xsd, http://www.springframework.org/schema/tool/spring-tool-3.2.xsd=org/springframework/beans/factory/xml/spring-tool-3.2.xsd, http://www.springframework.org/schema/context/spring-context.xsd=org/springframework/context/config/spring-context-4.1.xsd, http://www.springframework.org/schema/cache/spring-cache-4.1.xsd=org/springframework/cache/config/spring-cache-4.1.xsd, http://www.springframework.org/schema/aop/spring-aop-4.0.xsd=org/springframework/aop/config/spring-aop-4.0.xsd, http://www.springframework.org/schema/jee/spring-jee-3.2.xsd=org/springframework/ejb/config/spring-jee-3.2.xsd, http://www.springframework.org/schema/context/spring-context-3.0.xsd=org/springframework/context/config/spring-context-3.0.xsd, http://www.springframework.org/schema/jdbc/spring-jdbc-4.0.xsd=org/springframework/jdbc/config/spring-jdbc-4.0.xsd, http://www.springframework.org/schema/util/spring-util-2.5.xsd=org/springframework/beans/factory/xml/spring-util-2.5.xsd, http://www.springframework.org/schema/mvc/spring-mvc-4.0.xsd=org/springframework/web/servlet/config/spring-mvc-4.0.xsd, http://www.springframework.org/schema/beans/spring-beans-3.2.xsd=org/springframework/beans/factory/xml/spring-beans-3.2.xsd, http://www.springframework.org/schema/aop/spring-aop-3.1.xsd=org/springframework/aop/config/spring-aop-3.1.xsd, http://www.springframework.org/schema/lang/spring-lang-4.0.xsd=org/springframework/scripting/config/spring-lang-4.0.xsd, http://www.springframework.org/schema/mvc/spring-mvc.xsd=org/springframework/web/servlet/config/spring-mvc-4.1.xsd, http://www.springframework.org/schema/mvc/spring-mvc-3.1.xsd=org/springframework/web/servlet/config/spring-mvc-3.1.xsd, http://www.springframework.org/schema/beans/spring-beans-4.1.xsd=org/springframework/beans/factory/xml/spring-beans-4.1.xsd, http://www.springframework.org/schema/tool/spring-tool-4.0.xsd=org/springframework/beans/factory/xml/spring-tool-4.0.xsd, http://www.springframework.org/schema/lang/spring-lang-3.1.xsd=org/springframework/scripting/config/spring-lang-3.1.xsd, http://www.springframework.org/schema/tx/spring-tx-3.2.xsd=org/springframework/transaction/config/spring-tx-3.2.xsd, http://www.springframework.org/schema/cache/spring-cache-3.1.xsd=org/springframework/cache/config/spring-cache-3.1.xsd, http://www.springframework.org/schema/jee/spring-jee-4.0.xsd=org/springframework/ejb/config/spring-jee-4.0.xsd, http://www.springframework.org/schema/jdbc/spring-jdbc-3.0.xsd=org/springframework/jdbc/config/spring-jdbc-3.0.xsd, http://www.springframework.org/schema/task/spring-task-4.1.xsd=org/springframework/scheduling/config/spring-task-4.1.xsd, http://www.springframework.org/schema/tool/spring-tool-3.1.xsd=org/springframework/beans/factory/xml/spring-tool-3.1.xsd, http://www.springframework.org/schema/jdbc/spring-jdbc.xsd=org/springframework/jdbc/config/spring-jdbc-4.1.xsd, http://www.springframework.org/schema/tx/spring-tx-4.1.xsd=org/springframework/transaction/config/spring-tx-4.1.xsd, http://www.springframework.org/schema/cache/spring-cache-4.0.xsd=org/springframework/cache/config/spring-cache-4.0.xsd, http://www.springframework.org/schema/jee/spring-jee-3.1.xsd=org/springframework/ejb/config/spring-jee-3.1.xsd, http://www.springframework.org/schema/task/spring-task-3.2.xsd=org/springframework/scheduling/config/spring-task-3.2.xsd, http://www.springframework.org/schema/beans/spring-beans-3.1.xsd=org/springframework/beans/factory/xml/spring-beans-3.1.xsd, http://www.springframework.org/schema/util/spring-util.xsd=org/springframework/beans/factory/xml/spring-util-4.1.xsd, http://www.springframework.org/schema/aop/spring-aop-3.0.xsd=org/springframework/aop/config/spring-aop-3.0.xsd, http://www.springframework.org/schema/jms/spring-jms-3.2.xsd=org/springframework/jms/config/spring-jms-3.2.xsd, http://www.springframework.org/schema/mvc/spring-mvc-3.0.xsd=org/springframework/web/servlet/config/spring-mvc-3.0.xsd, http://www.springframework.org/schema/beans/spring-beans-4.0.xsd=org/springframework/beans/factory/xml/spring-beans-4.0.xsd, http://www.springframework.org/schema/beans/spring-beans.xsd=org/springframework/beans/factory/xml/spring-beans-4.1.xsd, http://www.springframework.org/schema/plugin/spring-plugin.xsd=org/springframework/plugin/core/config/spring-plugin.xsd, http://www.springframework.org/schema/lang/spring-lang-3.0.xsd=org/springframework/scripting/config/spring-lang-3.0.xsd, http://www.springframework.org/schema/tx/spring-tx-3.1.xsd=org/springframework/transaction/config/spring-tx-3.1.xsd, http://mybatis.org/schema/mybatis-spring.xsd=org/mybatis/spring/config/mybatis-spring-1.2.xsd, http://www.springframework.org/schema/context/spring-context-2.5.xsd=org/springframework/context/config/spring-context-2.5.xsd, http://www.springframework.org/schema/jms/spring-jms-4.1.xsd=org/springframework/jms/config/spring-jms-4.1.xsd, http://www.springframework.org/schema/task/spring-task-4.0.xsd=org/springframework/scheduling/config/spring-task-4.0.xsd, http://www.springframework.org/schema/tool/spring-tool-3.0.xsd=org/springframework/beans/factory/xml/spring-tool-3.0.xsd, http://www.springframework.org/schema/tx/spring-tx-4.0.xsd=org/springframework/transaction/config/spring-tx-4.0.xsd, http://www.springframework.org/schema/aop/spring-aop-2.0.xsd=org/springframework/aop/config/spring-aop-2.0.xsd, http://www.springframework.org/schema/jee/spring-jee-3.0.xsd=org/springframework/ejb/config/spring-jee-3.0.xsd, http://www.springframework.org/schema/util/spring-util-4.1.xsd=org/springframework/beans/factory/xml/spring-util-4.1.xsd, http://www.springframework.org/schema/task/spring-task-3.1.xsd=org/springframework/scheduling/config/spring-task-3.1.xsd, http://www.springframework.org/schema/beans/spring-beans-3.0.xsd=org/springframework/beans/factory/xml/spring-beans-3.0.xsd, http://www.springframework.org/schema/jee/spring-jee.xsd=org/springframework/ejb/config/spring-jee-4.1.xsd, http://www.springframework.org/schema/aop/spring-aop-2.5.xsd=org/springframework/aop/config/spring-aop-2.5.xsd, http://www.springframework.org/schema/jms/spring-jms.xsd=org/springframework/jms/config/spring-jms-4.1.xsd, http://www.springframework.org/schema/lang/spring-lang-2.0.xsd=org/springframework/scripting/config/spring-lang-2.0.xsd, http://www.springframework.org/schema/jms/spring-jms-3.1.xsd=org/springframework/jms/config/spring-jms-3.1.xsd, http://www.springframework.org/schema/oxm/spring-oxm.xsd=org/springframework/oxm/config/spring-oxm-4.1.xsd, http://www.springframework.org/schema/util/spring-util-3.2.xsd=org/springframework/beans/factory/xml/spring-util-3.2.xsd, http://www.springframework.org/schema/oxm/spring-oxm-4.1.xsd=org/springframework/oxm/config/spring-oxm-4.1.xsd, http://www.springframework.org/schema/task/spring-task.xsd=org/springframework/scheduling/config/spring-task-4.1.xsd, http://www.springframework.org/schema/tool/spring-tool-2.0.xsd=org/springframework/beans/factory/xml/spring-tool-2.0.xsd, http://www.springframework.org/schema/tx/spring-tx-3.0.xsd=org/springframework/transaction/config/spring-tx-3.0.xsd, http://www.springframework.org/schema/lang/spring-lang-2.5.xsd=org/springframework/scripting/config/spring-lang-2.5.xsd, http://www.springframework.org/schema/jee/spring-jee-2.0.xsd=org/springframework/ejb/config/spring-jee-2.0.xsd, http://www.springframework.org/schema/jms/spring-jms-4.0.xsd=org/springframework/jms/config/spring-jms-4.0.xsd, http://www.springframework.org/schema/oxm/spring-oxm-3.2.xsd=org/springframework/oxm/config/spring-oxm-3.2.xsd, http://www.springframework.org/schema/tool/spring-tool-2.5.xsd=org/springframework/beans/factory/xml/spring-tool-2.5.xsd, http://www.springframework.org/schema/jee/spring-jee-2.5.xsd=org/springframework/ejb/config/spring-jee-2.5.xsd, http://www.springframework.org/schema/util/spring-util-4.0.xsd=org/springframework/beans/factory/xml/spring-util-4.0.xsd, http://www.springframework.org/schema/task/spring-task-3.0.xsd=org/springframework/scheduling/config/spring-task-3.0.xsd, http://www.springframework.org/schema/lang/spring-lang.xsd=org/springframework/scripting/config/spring-lang-4.1.xsd, http://www.springframework.org/schema/context/spring-context-3.2.xsd=org/springframework/context/config/spring-context-3.2.xsd, http://www.springframework.org/schema/jms/spring-jms-3.0.xsd=org/springframework/jms/config/spring-jms-3.0.xsd, http://www.springframework.org/schema/util/spring-util-3.1.xsd=org/springframework/beans/factory/xml/spring-util-3.1.xsd, http://www.springframework.org/schema/beans/spring-beans-2.0.xsd=org/springframework/beans/factory/xml/spring-beans-2.0.xsd, http://www.springframework.org/schema/oxm/spring-oxm-4.0.xsd=org/springframework/oxm/config/spring-oxm-4.0.xsd, http://www.springframework.org/schema/cache/spring-cache.xsd=org/springframework/cache/config/spring-cache-4.1.xsd, http://www.springframework.org/schema/tx/spring-tx.xsd=org/springframework/transaction/config/spring-tx-4.1.xsd, http://www.springframework.org/schema/context/spring-context-4.1.xsd=org/springframework/context/config/spring-context-4.1.xsd, http://www.springframework.org/schema/beans/spring-beans-2.5.xsd=org/springframework/beans/factory/xml/spring-beans-2.5.xsd, http://www.springframework.org/schema/oxm/spring-oxm-3.1.xsd=org/springframework/oxm/config/spring-oxm-3.1.xsd, http://www.springframework.org/schema/tx/spring-tx-2.0.xsd=org/springframework/transaction/config/spring-tx-2.0.xsd, http://www.springframework.org/schema/jdbc/spring-jdbc-3.2.xsd=org/springframework/jdbc/config/spring-jdbc-3.2.xsd, http://www.springframework.org/schema/aop/spring-aop.xsd=org/springframework/aop/config/spring-aop-4.1.xsd}
- (4995 ms) - [DEBUG] 2019-01-15 19:38:46,552 org.springframework.beans.factory.xml.PluggableSchemaResolver - Found XML schema [http://www.springframework.org/schema/beans/spring-beans-2.5.xsd] in classpath: org/springframework/beans/factory/xml/spring-beans-2.5.xsd
- (5001 ms) - [DEBUG] 2019-01-15 19:38:46,558 org.springframework.beans.factory.xml.PluggableSchemaResolver - Found XML schema [http://www.springframework.org/schema/mvc/spring-mvc.xsd] in classpath: org/springframework/web/servlet/config/spring-mvc-4.1.xsd
- (5012 ms) - [DEBUG] 2019-01-15 19:38:46,569 org.springframework.beans.factory.xml.PluggableSchemaResolver - Found XML schema [http://www.springframework.org/schema/tool/spring-tool-4.1.xsd] in classpath: org/springframework/beans/factory/xml/spring-tool-4.1.xsd
- (5016 ms) - [DEBUG] 2019-01-15 19:38:46,573 org.springframework.beans.factory.xml.PluggableSchemaResolver - Found XML schema [http://www.springframework.org/schema/context/spring-context.xsd] in classpath: org/springframework/context/config/spring-context-4.1.xsd
- (5022 ms) - [DEBUG] 2019-01-15 19:38:46,579 org.springframework.beans.factory.xml.PluggableSchemaResolver - Found XML schema [http://www.springframework.org/schema/aop/spring-aop-2.5.xsd] in classpath: org/springframework/aop/config/spring-aop-2.5.xsd
- (5025 ms) - [DEBUG] 2019-01-15 19:38:46,582 org.springframework.beans.factory.xml.PluggableSchemaResolver - Found XML schema [http://www.springframework.org/schema/tx/spring-tx-2.5.xsd] in classpath: org/springframework/transaction/config/spring-tx-2.5.xsd
- (5030 ms) - [DEBUG] 2019-01-15 19:38:46,587 org.springframework.beans.factory.xml.DefaultBeanDefinitionDocumentReader - Loading bean definitions
- (5038 ms) - [DEBUG] 2019-01-15 19:38:46,595 org.springframework.beans.factory.xml.DefaultNamespaceHandlerResolver - Loaded NamespaceHandler mappings: {http://www.springframework.org/schema/p=org.springframework.beans.factory.xml.SimplePropertyNamespaceHandler, http://www.springframework.org/schema/mvc=org.springframework.web.servlet.config.MvcNamespaceHandler, http://www.springframework.org/schema/util=org.springframework.beans.factory.xml.UtilNamespaceHandler, http://www.springframework.org/schema/jee=org.springframework.ejb.config.JeeNamespaceHandler, http://www.springframework.org/schema/aop=org.springframework.aop.config.AopNamespaceHandler, http://www.springframework.org/schema/jdbc=org.springframework.jdbc.config.JdbcNamespaceHandler, http://www.springframework.org/schema/oxm=org.springframework.oxm.config.OxmNamespaceHandler, http://www.springframework.org/schema/cache=org.springframework.cache.config.CacheNamespaceHandler, http://mybatis.org/schema/mybatis-spring=org.mybatis.spring.config.NamespaceHandler, http://www.springframework.org/schema/c=org.springframework.beans.factory.xml.SimpleConstructorNamespaceHandler, http://www.springframework.org/schema/plugin=org.springframework.plugin.core.config.PluginNamespaceHandler, http://www.springframework.org/schema/tx=org.springframework.transaction.config.TxNamespaceHandler, http://www.springframework.org/schema/jms=org.springframework.jms.config.JmsNamespaceHandler, http://www.springframework.org/schema/task=org.springframework.scheduling.config.TaskNamespaceHandler, http://www.springframework.org/schema/lang=org.springframework.scripting.config.LangNamespaceHandler, http://www.springframework.org/schema/context=org.springframework.context.config.ContextNamespaceHandler}
- (5039 ms) - [DEBUG] 2019-01-15 19:38:46,596 org.springframework.core.env.StandardEnvironment - Adding [systemProperties] PropertySource with lowest search precedence
- (5040 ms) - [DEBUG] 2019-01-15 19:38:46,597 org.springframework.core.env.StandardEnvironment - Adding [systemEnvironment] PropertySource with lowest search precedence
- (5040 ms) - [DEBUG] 2019-01-15 19:38:46,597 org.springframework.core.env.StandardEnvironment - Initialized StandardEnvironment with PropertySources [systemProperties,systemEnvironment]
- (5041 ms) - [DEBUG] 2019-01-15 19:38:46,598 org.springframework.core.io.support.PathMatchingResourcePatternResolver - Looking for matching resources in directory tree [E:\ideaXM\itrip\itrip-biz\target\test-classes\cn\itrip\service]
- (5042 ms) - [DEBUG] 2019-01-15 19:38:46,599 org.springframework.core.io.support.PathMatchingResourcePatternResolver - Searching directory [E:\ideaXM\itrip\itrip-biz\target\test-classes\cn\itrip\service] for files matching pattern [E:/ideaXM/itrip/itrip-biz/target/test-classes/cn/itrip/service/**/*.class]
- (5043 ms) - [DEBUG] 2019-01-15 19:38:46,600 org.springframework.core.io.support.PathMatchingResourcePatternResolver - Searching directory [E:\ideaXM\itrip\itrip-biz\target\test-classes\cn\itrip\service\areadic] for files matching pattern [E:/ideaXM/itrip/itrip-biz/target/test-classes/cn/itrip/service/**/*.class]
- (5044 ms) - [DEBUG] 2019-01-15 19:38:46,601 org.springframework.core.io.support.PathMatchingResourcePatternResolver - Searching directory [E:\ideaXM\itrip\itrip-biz\target\test-classes\cn\itrip\service\labeldic] for files matching pattern [E:/ideaXM/itrip/itrip-biz/target/test-classes/cn/itrip/service/**/*.class]
- (5046 ms) - [DEBUG] 2019-01-15 19:38:46,603 org.springframework.core.io.support.PathMatchingResourcePatternResolver - Searching directory [E:\ideaXM\itrip\itrip-biz\target\test-classes\cn\itrip\service\user] for files matching pattern [E:/ideaXM/itrip/itrip-biz/target/test-classes/cn/itrip/service/**/*.class]
- (5047 ms) - [DEBUG] 2019-01-15 19:38:46,604 org.springframework.core.io.support.PathMatchingResourcePatternResolver - Searching directory [E:\ideaXM\itrip\itrip-biz\target\test-classes\cn\itrip\service\userlinkuser] for files matching pattern [E:/ideaXM/itrip/itrip-biz/target/test-classes/cn/itrip/service/**/*.class]
- (5047 ms) - [DEBUG] 2019-01-15 19:38:46,604 org.springframework.core.io.support.PathMatchingResourcePatternResolver - Looking for matching resources in directory tree [E:\ideaXM\itrip\itrip-biz\target\classes\cn\itrip\service]
- (5048 ms) - [DEBUG] 2019-01-15 19:38:46,605 org.springframework.core.io.support.PathMatchingResourcePatternResolver - Searching directory [E:\ideaXM\itrip\itrip-biz\target\classes\cn\itrip\service] for files matching pattern [E:/ideaXM/itrip/itrip-biz/target/classes/cn/itrip/service/**/*.class]
- (5049 ms) - [DEBUG] 2019-01-15 19:38:46,606 org.springframework.core.io.support.PathMatchingResourcePatternResolver - Searching directory [E:\ideaXM\itrip\itrip-biz\target\classes\cn\itrip\service\area] for files matching pattern [E:/ideaXM/itrip/itrip-biz/target/classes/cn/itrip/service/**/*.class]
- (5050 ms) - [DEBUG] 2019-01-15 19:38:46,607 org.springframework.core.io.support.PathMatchingResourcePatternResolver - Searching directory [E:\ideaXM\itrip\itrip-biz\target\classes\cn\itrip\service\areadic] for files matching pattern [E:/ideaXM/itrip/itrip-biz/target/classes/cn/itrip/service/**/*.class]
- (5051 ms) - [DEBUG] 2019-01-15 19:38:46,608 org.springframework.core.io.support.PathMatchingResourcePatternResolver - Searching directory [E:\ideaXM\itrip\itrip-biz\target\classes\cn\itrip\service\comment] for files matching pattern [E:/ideaXM/itrip/itrip-biz/target/classes/cn/itrip/service/**/*.class]
- (5052 ms) - [DEBUG] 2019-01-15 19:38:46,609 org.springframework.core.io.support.PathMatchingResourcePatternResolver - Searching directory [E:\ideaXM\itrip\itrip-biz\target\classes\cn\itrip\service\hotelorder] for files matching pattern [E:/ideaXM/itrip/itrip-biz/target/classes/cn/itrip/service/**/*.class]
- (5053 ms) - [DEBUG] 2019-01-15 19:38:46,610 org.springframework.core.io.support.PathMatchingResourcePatternResolver - Searching directory [E:\ideaXM\itrip\itrip-biz\target\classes\cn\itrip\service\image] for files matching pattern [E:/ideaXM/itrip/itrip-biz/target/classes/cn/itrip/service/**/*.class]
- (5054 ms) - [DEBUG] 2019-01-15 19:38:46,611 org.springframework.core.io.support.PathMatchingResourcePatternResolver - Searching directory [E:\ideaXM\itrip\itrip-biz\target\classes\cn\itrip\service\label] for files matching pattern [E:/ideaXM/itrip/itrip-biz/target/classes/cn/itrip/service/**/*.class]
- (5077 ms) - [DEBUG] 2019-01-15 19:38:46,634 org.springframework.core.io.support.PathMatchingResourcePatternResolver - Searching directory [E:\ideaXM\itrip\itrip-biz\target\classes\cn\itrip\service\labeldic] for files matching pattern [E:/ideaXM/itrip/itrip-biz/target/classes/cn/itrip/service/**/*.class]
- (5081 ms) - [DEBUG] 2019-01-15 19:38:46,638 org.springframework.core.io.support.PathMatchingResourcePatternResolver - Searching directory [E:\ideaXM\itrip\itrip-biz\target\classes\cn\itrip\service\user] for files matching pattern [E:/ideaXM/itrip/itrip-biz/target/classes/cn/itrip/service/**/*.class]
- (5082 ms) - [DEBUG] 2019-01-15 19:38:46,639 org.springframework.core.io.support.PathMatchingResourcePatternResolver - Searching directory [E:\ideaXM\itrip\itrip-biz\target\classes\cn\itrip\service\userlinkuser] for files matching pattern [E:/ideaXM/itrip/itrip-biz/target/classes/cn/itrip/service/**/*.class]
- (5084 ms) - [DEBUG] 2019-01-15 19:38:46,641 org.springframework.core.io.support.PathMatchingResourcePatternResolver - Resolved location pattern [classpath*:cn/itrip/service/**/*.class] to resources [file [E:\ideaXM\itrip\itrip-biz\target\test-classes\cn\itrip\service\areadic\TestItripAreaDicService.class], file [E:\ideaXM\itrip\itrip-biz\target\test-classes\cn\itrip\service\labeldic\TestItripLabelDicService.class], file [E:\ideaXM\itrip\itrip-biz\target\test-classes\cn\itrip\service\user\TestItripUserService.class], file [E:\ideaXM\itrip\itrip-biz\target\test-classes\cn\itrip\service\userlinkuser\TestItripUserLinkUserService.class], file [E:\ideaXM\itrip\itrip-biz\target\classes\cn\itrip\service\area\ItripHotService.class], file [E:\ideaXM\itrip\itrip-biz\target\classes\cn\itrip\service\area\ItripHotServiceImpl.class], file [E:\ideaXM\itrip\itrip-biz\target\classes\cn\itrip\service\areadic\ItripAreaDicService.class], file [E:\ideaXM\itrip\itrip-biz\target\classes\cn\itrip\service\areadic\ItripAreaDicServiceImpl.class], file [E:\ideaXM\itrip\itrip-biz\target\classes\cn\itrip\service\comment\ItripCommentService.class], file [E:\ideaXM\itrip\itrip-biz\target\classes\cn\itrip\service\comment\ItripCommentServiceImpl.class], file [E:\ideaXM\itrip\itrip-biz\target\classes\cn\itrip\service\hotelorder\ItripHotelOrderService.class], file [E:\ideaXM\itrip\itrip-biz\target\classes\cn\itrip\service\hotelorder\ItripHotelOrderServiceImpl.class], file [E:\ideaXM\itrip\itrip-biz\target\classes\cn\itrip\service\image\ItripImageService.class], file [E:\ideaXM\itrip\itrip-biz\target\classes\cn\itrip\service\image\ItripImageServiceImpl.class], file [E:\ideaXM\itrip\itrip-biz\target\classes\cn\itrip\service\label\ItripLabelService.class], file [E:\ideaXM\itrip\itrip-biz\target\classes\cn\itrip\service\label\ItripLabelServiceImpl.class], file [E:\ideaXM\itrip\itrip-biz\target\classes\cn\itrip\service\labeldic\ItripLabelDicService.class], file [E:\ideaXM\itrip\itrip-biz\target\classes\cn\itrip\service\labeldic\ItripLabelDicServiceImpl.class], file [E:\ideaXM\itrip\itrip-biz\target\classes\cn\itrip\service\user\ItripUserService.class], file [E:\ideaXM\itrip\itrip-biz\target\classes\cn\itrip\service\user\ItripUserServiceImpl.class], file [E:\ideaXM\itrip\itrip-biz\target\classes\cn\itrip\service\userlinkuser\ItripUserLinkUserService.class], file [E:\ideaXM\itrip\itrip-biz\target\classes\cn\itrip\service\userlinkuser\ItripUserLinkUserServiceImpl.class]]
- (5088 ms) - [DEBUG] 2019-01-15 19:38:46,645 org.springframework.context.annotation.ClassPathBeanDefinitionScanner - Identified candidate component class: file [E:\ideaXM\itrip\itrip-biz\target\classes\cn\itrip\service\area\ItripHotServiceImpl.class]
- (5090 ms) - [DEBUG] 2019-01-15 19:38:46,647 org.springframework.context.annotation.ClassPathBeanDefinitionScanner - Identified candidate component class: file [E:\ideaXM\itrip\itrip-biz\target\classes\cn\itrip\service\areadic\ItripAreaDicServiceImpl.class]
- (5092 ms) - [DEBUG] 2019-01-15 19:38:46,649 org.springframework.context.annotation.ClassPathBeanDefinitionScanner - Identified candidate component class: file [E:\ideaXM\itrip\itrip-biz\target\classes\cn\itrip\service\comment\ItripCommentServiceImpl.class]
- (5093 ms) - [DEBUG] 2019-01-15 19:38:46,650 org.springframework.context.annotation.ClassPathBeanDefinitionScanner - Identified candidate component class: file [E:\ideaXM\itrip\itrip-biz\target\classes\cn\itrip\service\hotelorder\ItripHotelOrderServiceImpl.class]
- (5096 ms) - [DEBUG] 2019-01-15 19:38:46,653 org.springframework.context.annotation.ClassPathBeanDefinitionScanner - Identified candidate component class: file [E:\ideaXM\itrip\itrip-biz\target\classes\cn\itrip\service\image\ItripImageServiceImpl.class]
- (5097 ms) - [DEBUG] 2019-01-15 19:38:46,654 org.springframework.context.annotation.ClassPathBeanDefinitionScanner - Identified candidate component class: file [E:\ideaXM\itrip\itrip-biz\target\classes\cn\itrip\service\label\ItripLabelServiceImpl.class]
- (5099 ms) - [DEBUG] 2019-01-15 19:38:46,656 org.springframework.context.annotation.ClassPathBeanDefinitionScanner - Identified candidate component class: file [E:\ideaXM\itrip\itrip-biz\target\classes\cn\itrip\service\labeldic\ItripLabelDicServiceImpl.class]
- (5101 ms) - [DEBUG] 2019-01-15 19:38:46,658 org.springframework.context.annotation.ClassPathBeanDefinitionScanner - Identified candidate component class: file [E:\ideaXM\itrip\itrip-biz\target\classes\cn\itrip\service\user\ItripUserServiceImpl.class]
- (5103 ms) - [DEBUG] 2019-01-15 19:38:46,660 org.springframework.context.annotation.ClassPathBeanDefinitionScanner - Identified candidate component class: file [E:\ideaXM\itrip\itrip-biz\target\classes\cn\itrip\service\userlinkuser\ItripUserLinkUserServiceImpl.class]
- (5109 ms) - [DEBUG] 2019-01-15 19:38:46,666 org.springframework.beans.factory.xml.BeanDefinitionParserDelegate - Neither XML 'id' nor 'name' specified - using generated bean name [org.mybatis.spring.mapper.MapperScannerConfigurer#0]
- (5112 ms) - [DEBUG] 2019-01-15 19:38:46,669 org.springframework.beans.factory.xml.XmlBeanDefinitionReader - Loaded 31 bean definitions from location pattern [applicationContext-mybatis.xml]
- (5112 ms) - [DEBUG] 2019-01-15 19:38:46,669 org.springframework.context.support.ClassPathXmlApplicationContext - Bean factory for org.springframework.context.support.ClassPathXmlApplicationContext@7516e4e5: org.springframework.beans.factory.support.DefaultListableBeanFactory@201b6b6f: defining beans [org.springframework.web.servlet.resource.DefaultServletHttpRequestHandler#0,org.springframework.web.servlet.handler.SimpleUrlHandlerMapping#0,org.springframework.web.servlet.handler.BeanNameUrlHandlerMapping,org.springframework.web.servlet.mvc.HttpRequestHandlerAdapter,org.springframework.web.servlet.mvc.SimpleControllerHandlerAdapter,itripHotServiceImpl,itripAreaDicServiceImpl,itripCommentServiceImpl,itripHotelOrderServiceImpl,itripImageServiceImpl,itripLabelServiceImpl,itripLabelDicServiceImpl,itripUserServiceImpl,itripUserLinkUserServiceImpl,org.springframework.context.annotation.internalConfigurationAnnotationProcessor,org.springframework.context.annotation.internalAutowiredAnnotationProcessor,org.springframework.context.annotation.internalRequiredAnnotationProcessor,org.springframework.context.annotation.internalCommonAnnotationProcessor,org.springframework.context.support.PropertySourcesPlaceholderConfigurer#0,dataSource,txManager,sqlSessionFactoryBean,org.springframework.aop.config.internalAutoProxyCreator,transService,org.springframework.aop.support.DefaultBeanFactoryPointcutAdvisor#0,myAdvice,org.mybatis.spring.mapper.MapperScannerConfigurer#0,jedisPoolConfig,jedisPool,redisAPI,validationToken]; root of factory hierarchy
- (5113 ms) - [DEBUG] 2019-01-15 19:38:46,670 org.springframework.beans.factory.support.DefaultListableBeanFactory - Creating shared instance of singleton bean 'org.springframework.context.annotation.internalConfigurationAnnotationProcessor'
- (5113 ms) - [DEBUG] 2019-01-15 19:38:46,670 org.springframework.beans.factory.support.DefaultListableBeanFactory - Creating instance of bean 'org.springframework.context.annotation.internalConfigurationAnnotationProcessor'
- (5113 ms) - [DEBUG] 2019-01-15 19:38:46,670 org.springframework.beans.factory.support.DefaultListableBeanFactory - Eagerly caching bean 'org.springframework.context.annotation.internalConfigurationAnnotationProcessor' to allow for resolving potential circular references
- (5113 ms) - [DEBUG] 2019-01-15 19:38:46,670 org.springframework.beans.factory.support.DefaultListableBeanFactory - Finished creating instance of bean 'org.springframework.context.annotation.internalConfigurationAnnotationProcessor'
- (5178 ms) - [DEBUG] 2019-01-15 19:38:46,735 org.springframework.beans.factory.support.DefaultListableBeanFactory - Creating shared instance of singleton bean 'org.mybatis.spring.mapper.MapperScannerConfigurer#0'
- (5179 ms) - [DEBUG] 2019-01-15 19:38:46,736 org.springframework.beans.factory.support.DefaultListableBeanFactory - Creating instance of bean 'org.mybatis.spring.mapper.MapperScannerConfigurer#0'
- (5179 ms) - [DEBUG] 2019-01-15 19:38:46,736 org.springframework.beans.factory.support.DefaultListableBeanFactory - Eagerly caching bean 'org.mybatis.spring.mapper.MapperScannerConfigurer#0' to allow for resolving potential circular references
- (5179 ms) - [DEBUG] 2019-01-15 19:38:46,736 org.springframework.beans.factory.support.DefaultListableBeanFactory - Invoking afterPropertiesSet() on bean with name 'org.mybatis.spring.mapper.MapperScannerConfigurer#0'
- (5179 ms) - [DEBUG] 2019-01-15 19:38:46,736 org.springframework.beans.factory.support.DefaultListableBeanFactory - Finished creating instance of bean 'org.mybatis.spring.mapper.MapperScannerConfigurer#0'
- (5180 ms) - [DEBUG] 2019-01-15 19:38:46,737 org.springframework.core.env.StandardEnvironment - Adding [systemProperties] PropertySource with lowest search precedence
- (5180 ms) - [DEBUG] 2019-01-15 19:38:46,737 org.springframework.core.env.StandardEnvironment - Adding [systemEnvironment] PropertySource with lowest search precedence
- (5180 ms) - [DEBUG] 2019-01-15 19:38:46,737 org.springframework.core.env.StandardEnvironment - Initialized StandardEnvironment with PropertySources [systemProperties,systemEnvironment]
- (5182 ms) - [DEBUG] 2019-01-15 19:38:46,739 org.springframework.core.io.support.PathMatchingResourcePatternResolver - Looking for matching resources in jar file [file:/E:/ideaXM/itrip/itrip-dao/target/itrip-dao-1.0-SNAPSHOT.jar]
- (5183 ms) - [DEBUG] 2019-01-15 19:38:46,740 org.springframework.core.io.support.PathMatchingResourcePatternResolver - Resolved location pattern [classpath*:cn/itrip/dao/**/*.class] to resources [URL [jar:file:/E:/ideaXM/itrip/itrip-dao/target/itrip-dao-1.0-SNAPSHOT.jar!/cn/itrip/dao/area/ItripHotMapper.class], URL [jar:file:/E:/ideaXM/itrip/itrip-dao/target/itrip-dao-1.0-SNAPSHOT.jar!/cn/itrip/dao/areadic/ItripAreaDicMapper.class], URL [jar:file:/E:/ideaXM/itrip/itrip-dao/target/itrip-dao-1.0-SNAPSHOT.jar!/cn/itrip/dao/comment/ItripCommentMapper.class], URL [jar:file:/E:/ideaXM/itrip/itrip-dao/target/itrip-dao-1.0-SNAPSHOT.jar!/cn/itrip/dao/hotel/ItripHotelMapper.class], URL [jar:file:/E:/ideaXM/itrip/itrip-dao/target/itrip-dao-1.0-SNAPSHOT.jar!/cn/itrip/dao/hotelorder/ItripHotelOrderMapper.class], URL [jar:file:/E:/ideaXM/itrip/itrip-dao/target/itrip-dao-1.0-SNAPSHOT.jar!/cn/itrip/dao/image/ItripImageMapper.class], URL [jar:file:/E:/ideaXM/itrip/itrip-dao/target/itrip-dao-1.0-SNAPSHOT.jar!/cn/itrip/dao/label/ItripLabelMapper.class], URL [jar:file:/E:/ideaXM/itrip/itrip-dao/target/itrip-dao-1.0-SNAPSHOT.jar!/cn/itrip/dao/labeldic/ItripLabelDicMapper.class], URL [jar:file:/E:/ideaXM/itrip/itrip-dao/target/itrip-dao-1.0-SNAPSHOT.jar!/cn/itrip/dao/user/ItripUserMapper.class], URL [jar:file:/E:/ideaXM/itrip/itrip-dao/target/itrip-dao-1.0-SNAPSHOT.jar!/cn/itrip/dao/userlinkuser/ItripUserLinkUserMapper.class]]
- (5184 ms) - [DEBUG] 2019-01-15 19:38:46,741 org.mybatis.spring.mapper.ClassPathMapperScanner - Identified candidate component class: URL [jar:file:/E:/ideaXM/itrip/itrip-dao/target/itrip-dao-1.0-SNAPSHOT.jar!/cn/itrip/dao/area/ItripHotMapper.class]
- (5185 ms) - [DEBUG] 2019-01-15 19:38:46,742 org.mybatis.spring.mapper.ClassPathMapperScanner - Identified candidate component class: URL [jar:file:/E:/ideaXM/itrip/itrip-dao/target/itrip-dao-1.0-SNAPSHOT.jar!/cn/itrip/dao/areadic/ItripAreaDicMapper.class]
- (5186 ms) - [DEBUG] 2019-01-15 19:38:46,743 org.mybatis.spring.mapper.ClassPathMapperScanner - Identified candidate component class: URL [jar:file:/E:/ideaXM/itrip/itrip-dao/target/itrip-dao-1.0-SNAPSHOT.jar!/cn/itrip/dao/comment/ItripCommentMapper.class]
- (5187 ms) - [DEBUG] 2019-01-15 19:38:46,744 org.mybatis.spring.mapper.ClassPathMapperScanner - Identified candidate component class: URL [jar:file:/E:/ideaXM/itrip/itrip-dao/target/itrip-dao-1.0-SNAPSHOT.jar!/cn/itrip/dao/hotel/ItripHotelMapper.class]
- (5194 ms) - [DEBUG] 2019-01-15 19:38:46,751 org.mybatis.spring.mapper.ClassPathMapperScanner - Identified candidate component class: URL [jar:file:/E:/ideaXM/itrip/itrip-dao/target/itrip-dao-1.0-SNAPSHOT.jar!/cn/itrip/dao/hotelorder/ItripHotelOrderMapper.class]
- (5195 ms) - [DEBUG] 2019-01-15 19:38:46,752 org.mybatis.spring.mapper.ClassPathMapperScanner - Identified candidate component class: URL [jar:file:/E:/ideaXM/itrip/itrip-dao/target/itrip-dao-1.0-SNAPSHOT.jar!/cn/itrip/dao/image/ItripImageMapper.class]
- (5196 ms) - [DEBUG] 2019-01-15 19:38:46,753 org.mybatis.spring.mapper.ClassPathMapperScanner - Identified candidate component class: URL [jar:file:/E:/ideaXM/itrip/itrip-dao/target/itrip-dao-1.0-SNAPSHOT.jar!/cn/itrip/dao/label/ItripLabelMapper.class]
- (5197 ms) - [DEBUG] 2019-01-15 19:38:46,754 org.mybatis.spring.mapper.ClassPathMapperScanner - Identified candidate component class: URL [jar:file:/E:/ideaXM/itrip/itrip-dao/target/itrip-dao-1.0-SNAPSHOT.jar!/cn/itrip/dao/labeldic/ItripLabelDicMapper.class]
- (5198 ms) - [DEBUG] 2019-01-15 19:38:46,755 org.mybatis.spring.mapper.ClassPathMapperScanner - Identified candidate component class: URL [jar:file:/E:/ideaXM/itrip/itrip-dao/target/itrip-dao-1.0-SNAPSHOT.jar!/cn/itrip/dao/user/ItripUserMapper.class]
- (5199 ms) - [DEBUG] 2019-01-15 19:38:46,756 org.mybatis.spring.mapper.ClassPathMapperScanner - Identified candidate component class: URL [jar:file:/E:/ideaXM/itrip/itrip-dao/target/itrip-dao-1.0-SNAPSHOT.jar!/cn/itrip/dao/userlinkuser/ItripUserLinkUserMapper.class]
- (5199 ms) - [DEBUG] 2019-01-15 19:38:46,756 org.mybatis.spring.mapper.ClassPathMapperScanner - Creating MapperFactoryBean with name 'itripHotMapper' and 'cn.itrip.dao.area.ItripHotMapper' mapperInterface
- (5199 ms) - [DEBUG] 2019-01-15 19:38:46,756 org.mybatis.spring.mapper.ClassPathMapperScanner - Enabling autowire by type for MapperFactoryBean with name 'itripHotMapper'.
- (5199 ms) - [DEBUG] 2019-01-15 19:38:46,756 org.mybatis.spring.mapper.ClassPathMapperScanner - Creating MapperFactoryBean with name 'itripAreaDicMapper' and 'cn.itrip.dao.areadic.ItripAreaDicMapper' mapperInterface
- (5199 ms) - [DEBUG] 2019-01-15 19:38:46,756 org.mybatis.spring.mapper.ClassPathMapperScanner - Enabling autowire by type for MapperFactoryBean with name 'itripAreaDicMapper'.
- (5200 ms) - [DEBUG] 2019-01-15 19:38:46,757 org.mybatis.spring.mapper.ClassPathMapperScanner - Creating MapperFactoryBean with name 'itripCommentMapper' and 'cn.itrip.dao.comment.ItripCommentMapper' mapperInterface
- (5200 ms) - [DEBUG] 2019-01-15 19:38:46,757 org.mybatis.spring.mapper.ClassPathMapperScanner - Enabling autowire by type for MapperFactoryBean with name 'itripCommentMapper'.
- (5200 ms) - [DEBUG] 2019-01-15 19:38:46,757 org.mybatis.spring.mapper.ClassPathMapperScanner - Creating MapperFactoryBean with name 'itripHotelMapper' and 'cn.itrip.dao.hotel.ItripHotelMapper' mapperInterface
- (5200 ms) - [DEBUG] 2019-01-15 19:38:46,757 org.mybatis.spring.mapper.ClassPathMapperScanner - Enabling autowire by type for MapperFactoryBean with name 'itripHotelMapper'.
- (5200 ms) - [DEBUG] 2019-01-15 19:38:46,757 org.mybatis.spring.mapper.ClassPathMapperScanner - Creating MapperFactoryBean with name 'itripHotelOrderMapper' and 'cn.itrip.dao.hotelorder.ItripHotelOrderMapper' mapperInterface
- (5200 ms) - [DEBUG] 2019-01-15 19:38:46,757 org.mybatis.spring.mapper.ClassPathMapperScanner - Enabling autowire by type for MapperFactoryBean with name 'itripHotelOrderMapper'.
- (5200 ms) - [DEBUG] 2019-01-15 19:38:46,757 org.mybatis.spring.mapper.ClassPathMapperScanner - Creating MapperFactoryBean with name 'itripImageMapper' and 'cn.itrip.dao.image.ItripImageMapper' mapperInterface
- (5201 ms) - [DEBUG] 2019-01-15 19:38:46,758 org.mybatis.spring.mapper.ClassPathMapperScanner - Enabling autowire by type for MapperFactoryBean with name 'itripImageMapper'.
- (5201 ms) - [DEBUG] 2019-01-15 19:38:46,758 org.mybatis.spring.mapper.ClassPathMapperScanner - Creating MapperFactoryBean with name 'itripLabelMapper' and 'cn.itrip.dao.label.ItripLabelMapper' mapperInterface
- (5201 ms) - [DEBUG] 2019-01-15 19:38:46,758 org.mybatis.spring.mapper.ClassPathMapperScanner - Enabling autowire by type for MapperFactoryBean with name 'itripLabelMapper'.
- (5201 ms) - [DEBUG] 2019-01-15 19:38:46,758 org.mybatis.spring.mapper.ClassPathMapperScanner - Creating MapperFactoryBean with name 'itripLabelDicMapper' and 'cn.itrip.dao.labeldic.ItripLabelDicMapper' mapperInterface
- (5201 ms) - [DEBUG] 2019-01-15 19:38:46,758 org.mybatis.spring.mapper.ClassPathMapperScanner - Enabling autowire by type for MapperFactoryBean with name 'itripLabelDicMapper'.
- (5201 ms) - [DEBUG] 2019-01-15 19:38:46,758 org.mybatis.spring.mapper.ClassPathMapperScanner - Creating MapperFactoryBean with name 'itripUserMapper' and 'cn.itrip.dao.user.ItripUserMapper' mapperInterface
- (5201 ms) - [DEBUG] 2019-01-15 19:38:46,758 org.mybatis.spring.mapper.ClassPathMapperScanner - Enabling autowire by type for MapperFactoryBean with name 'itripUserMapper'.
- (5201 ms) - [DEBUG] 2019-01-15 19:38:46,758 org.mybatis.spring.mapper.ClassPathMapperScanner - Creating MapperFactoryBean with name 'itripUserLinkUserMapper' and 'cn.itrip.dao.userlinkuser.ItripUserLinkUserMapper' mapperInterface
- (5201 ms) - [DEBUG] 2019-01-15 19:38:46,758 org.mybatis.spring.mapper.ClassPathMapperScanner - Enabling autowire by type for MapperFactoryBean with name 'itripUserLinkUserMapper'.
- (5221 ms) - [DEBUG] 2019-01-15 19:38:46,778 org.springframework.beans.factory.support.DefaultListableBeanFactory - Creating shared instance of singleton bean 'org.springframework.context.support.PropertySourcesPlaceholderConfigurer#0'
- (5222 ms) - [DEBUG] 2019-01-15 19:38:46,779 org.springframework.beans.factory.support.DefaultListableBeanFactory - Creating instance of bean 'org.springframework.context.support.PropertySourcesPlaceholderConfigurer#0'
- (5222 ms) - [DEBUG] 2019-01-15 19:38:46,779 org.springframework.beans.factory.support.DefaultListableBeanFactory - Eagerly caching bean 'org.springframework.context.support.PropertySourcesPlaceholderConfigurer#0' to allow for resolving potential circular references
- (5222 ms) - [DEBUG] 2019-01-15 19:38:46,779 org.springframework.beans.factory.support.DefaultListableBeanFactory - Finished creating instance of bean 'org.springframework.context.support.PropertySourcesPlaceholderConfigurer#0'
- (5223 ms) - [DEBUG] 2019-01-15 19:38:46,780 org.springframework.core.env.MutablePropertySources - Adding [environmentProperties] PropertySource with lowest search precedence
- (5223 ms) - [INFO] 2019-01-15 19:38:46,780 org.springframework.context.support.PropertySourcesPlaceholderConfigurer - Loading properties file from class path resource [database.properties]
- (5224 ms) - [DEBUG] 2019-01-15 19:38:46,781 org.springframework.core.env.MutablePropertySources - Adding [localProperties] PropertySource with lowest search precedence
- (5225 ms) - [DEBUG] 2019-01-15 19:38:46,782 org.springframework.core.env.PropertySourcesPropertyResolver - Searching for key 'mysql.driver' in [environmentProperties]
- (5225 ms) - [DEBUG] 2019-01-15 19:38:46,782 org.springframework.core.env.PropertySourcesPropertyResolver - Searching for key 'mysql.driver' in [systemProperties]
- (5225 ms) - [DEBUG] 2019-01-15 19:38:46,782 org.springframework.core.env.PropertySourcesPropertyResolver - Searching for key 'mysql.driver' in [systemEnvironment]
- (5226 ms) - [DEBUG] 2019-01-15 19:38:46,783 org.springframework.core.env.PropertySourcesPropertyResolver - Could not find key 'mysql.driver' in any property source. Returning [null]
- (5226 ms) - [DEBUG] 2019-01-15 19:38:46,783 org.springframework.core.env.PropertySourcesPropertyResolver - Searching for key 'mysql.driver' in [localProperties]
- (5226 ms) - [DEBUG] 2019-01-15 19:38:46,783 org.springframework.core.env.PropertySourcesPropertyResolver - Found key 'mysql.driver' in [localProperties] with type [String] and value 'com.mysql.jdbc.Driver'
- (5227 ms) - [DEBUG] 2019-01-15 19:38:46,784 org.springframework.core.env.PropertySourcesPropertyResolver - Searching for key 'mysql.url' in [environmentProperties]
- (5227 ms) - [DEBUG] 2019-01-15 19:38:46,784 org.springframework.core.env.PropertySourcesPropertyResolver - Searching for key 'mysql.url' in [systemProperties]
- (5228 ms) - [DEBUG] 2019-01-15 19:38:46,785 org.springframework.core.env.PropertySourcesPropertyResolver - Searching for key 'mysql.url' in [systemEnvironment]
- (5228 ms) - [DEBUG] 2019-01-15 19:38:46,785 org.springframework.core.env.PropertySourcesPropertyResolver - Could not find key 'mysql.url' in any property source. Returning [null]
- (5228 ms) - [DEBUG] 2019-01-15 19:38:46,785 org.springframework.core.env.PropertySourcesPropertyResolver - Searching for key 'mysql.url' in [localProperties]
- (5228 ms) - [DEBUG] 2019-01-15 19:38:46,785 org.springframework.core.env.PropertySourcesPropertyResolver - Found key 'mysql.url' in [localProperties] with type [String] and value 'jdbc:mysql://127.0.0.1:3306/itripdb?useUnicode=true&characterEncoding=utf-8'
- (5228 ms) - [DEBUG] 2019-01-15 19:38:46,785 org.springframework.core.env.PropertySourcesPropertyResolver - Searching for key 'mysql.user' in [environmentProperties]
- (5243 ms) - [DEBUG] 2019-01-15 19:38:46,800 org.springframework.core.env.PropertySourcesPropertyResolver - Searching for key 'mysql.user' in [systemProperties]
- (5244 ms) - [DEBUG] 2019-01-15 19:38:46,801 org.springframework.core.env.PropertySourcesPropertyResolver - Searching for key 'mysql.user' in [systemEnvironment]
- (5245 ms) - [DEBUG] 2019-01-15 19:38:46,802 org.springframework.core.env.PropertySourcesPropertyResolver - Could not find key 'mysql.user' in any property source. Returning [null]
- (5245 ms) - [DEBUG] 2019-01-15 19:38:46,802 org.springframework.core.env.PropertySourcesPropertyResolver - Searching for key 'mysql.user' in [localProperties]
- (5246 ms) - [DEBUG] 2019-01-15 19:38:46,803 org.springframework.core.env.PropertySourcesPropertyResolver - Found key 'mysql.user' in [localProperties] with type [String] and value 'itrip'
- (5248 ms) - [DEBUG] 2019-01-15 19:38:46,805 org.springframework.core.env.PropertySourcesPropertyResolver - Searching for key 'mysql.password' in [environmentProperties]
- (5249 ms) - [DEBUG] 2019-01-15 19:38:46,806 org.springframework.core.env.PropertySourcesPropertyResolver - Searching for key 'mysql.password' in [systemProperties]
- (5249 ms) - [DEBUG] 2019-01-15 19:38:46,806 org.springframework.core.env.PropertySourcesPropertyResolver - Searching for key 'mysql.password' in [systemEnvironment]
- (5249 ms) - [DEBUG] 2019-01-15 19:38:46,806 org.springframework.core.env.PropertySourcesPropertyResolver - Could not find key 'mysql.password' in any property source. Returning [null]
- (5249 ms) - [DEBUG] 2019-01-15 19:38:46,806 org.springframework.core.env.PropertySourcesPropertyResolver - Searching for key 'mysql.password' in [localProperties]
- (5250 ms) - [DEBUG] 2019-01-15 19:38:46,807 org.springframework.core.env.PropertySourcesPropertyResolver - Found key 'mysql.password' in [localProperties] with type [String] and value 'itripqaz!@#$QAZXXX'
- (5250 ms) - [DEBUG] 2019-01-15 19:38:46,807 org.springframework.core.env.PropertySourcesPropertyResolver - Searching for key 'mysql.initialSize' in [environmentProperties]
- (5250 ms) - [DEBUG] 2019-01-15 19:38:46,807 org.springframework.core.env.PropertySourcesPropertyResolver - Searching for key 'mysql.initialSize' in [systemProperties]
- (5251 ms) - [DEBUG] 2019-01-15 19:38:46,808 org.springframework.core.env.PropertySourcesPropertyResolver - Searching for key 'mysql.initialSize' in [systemEnvironment]
- (5251 ms) - [DEBUG] 2019-01-15 19:38:46,808 org.springframework.core.env.PropertySourcesPropertyResolver - Could not find key 'mysql.initialSize' in any property source. Returning [null]
- (5252 ms) - [DEBUG] 2019-01-15 19:38:46,809 org.springframework.core.env.PropertySourcesPropertyResolver - Searching for key 'mysql.initialSize' in [localProperties]
- (5252 ms) - [DEBUG] 2019-01-15 19:38:46,809 org.springframework.core.env.PropertySourcesPropertyResolver - Found key 'mysql.initialSize' in [localProperties] with type [String] and value '5'
- (5252 ms) - [DEBUG] 2019-01-15 19:38:46,809 org.springframework.core.env.PropertySourcesPropertyResolver - Searching for key 'mysql.maxActive' in [environmentProperties]
- (5253 ms) - [DEBUG] 2019-01-15 19:38:46,810 org.springframework.core.env.PropertySourcesPropertyResolver - Searching for key 'mysql.maxActive' in [systemProperties]
- (5253 ms) - [DEBUG] 2019-01-15 19:38:46,810 org.springframework.core.env.PropertySourcesPropertyResolver - Searching for key 'mysql.maxActive' in [systemEnvironment]
- (5253 ms) - [DEBUG] 2019-01-15 19:38:46,810 org.springframework.core.env.PropertySourcesPropertyResolver - Could not find key 'mysql.maxActive' in any property source. Returning [null]
- (5253 ms) - [DEBUG] 2019-01-15 19:38:46,810 org.springframework.core.env.PropertySourcesPropertyResolver - Searching for key 'mysql.maxActive' in [localProperties]
- (5254 ms) - [DEBUG] 2019-01-15 19:38:46,811 org.springframework.core.env.PropertySourcesPropertyResolver - Found key 'mysql.maxActive' in [localProperties] with type [String] and value '100'
- (5254 ms) - [DEBUG] 2019-01-15 19:38:46,811 org.springframework.core.env.PropertySourcesPropertyResolver - Searching for key 'mysql.maxIdle' in [environmentProperties]
- (5254 ms) - [DEBUG] 2019-01-15 19:38:46,811 org.springframework.core.env.PropertySourcesPropertyResolver - Searching for key 'mysql.maxIdle' in [systemProperties]
- (5254 ms) - [DEBUG] 2019-01-15 19:38:46,811 org.springframework.core.env.PropertySourcesPropertyResolver - Searching for key 'mysql.maxIdle' in [systemEnvironment]
- (5255 ms) - [DEBUG] 2019-01-15 19:38:46,812 org.springframework.core.env.PropertySourcesPropertyResolver - Could not find key 'mysql.maxIdle' in any property source. Returning [null]
- (5255 ms) - [DEBUG] 2019-01-15 19:38:46,812 org.springframework.core.env.PropertySourcesPropertyResolver - Searching for key 'mysql.maxIdle' in [localProperties]
- (5255 ms) - [DEBUG] 2019-01-15 19:38:46,812 org.springframework.core.env.PropertySourcesPropertyResolver - Found key 'mysql.maxIdle' in [localProperties] with type [String] and value '50'
- (5255 ms) - [DEBUG] 2019-01-15 19:38:46,812 org.springframework.core.env.PropertySourcesPropertyResolver - Searching for key 'mysql.minIdle' in [environmentProperties]
- (5255 ms) - [DEBUG] 2019-01-15 19:38:46,812 org.springframework.core.env.PropertySourcesPropertyResolver - Searching for key 'mysql.minIdle' in [systemProperties]
- (5256 ms) - [DEBUG] 2019-01-15 19:38:46,813 org.springframework.core.env.PropertySourcesPropertyResolver - Searching for key 'mysql.minIdle' in [systemEnvironment]
- (5257 ms) - [DEBUG] 2019-01-15 19:38:46,814 org.springframework.core.env.PropertySourcesPropertyResolver - Could not find key 'mysql.minIdle' in any property source. Returning [null]
- (5257 ms) - [DEBUG] 2019-01-15 19:38:46,814 org.springframework.core.env.PropertySourcesPropertyResolver - Searching for key 'mysql.minIdle' in [localProperties]
- (5259 ms) - [DEBUG] 2019-01-15 19:38:46,816 org.springframework.core.env.PropertySourcesPropertyResolver - Found key 'mysql.minIdle' in [localProperties] with type [String] and value '45'
- (5260 ms) - [DEBUG] 2019-01-15 19:38:46,817 org.springframework.core.env.PropertySourcesPropertyResolver - Searching for key 'mysql.maxWait' in [environmentProperties]
- (5260 ms) - [DEBUG] 2019-01-15 19:38:46,817 org.springframework.core.env.PropertySourcesPropertyResolver - Searching for key 'mysql.maxWait' in [systemProperties]
- (5260 ms) - [DEBUG] 2019-01-15 19:38:46,817 org.springframework.core.env.PropertySourcesPropertyResolver - Searching for key 'mysql.maxWait' in [systemEnvironment]
- (5260 ms) - [DEBUG] 2019-01-15 19:38:46,817 org.springframework.core.env.PropertySourcesPropertyResolver - Could not find key 'mysql.maxWait' in any property source. Returning [null]
- (5261 ms) - [DEBUG] 2019-01-15 19:38:46,818 org.springframework.core.env.PropertySourcesPropertyResolver - Searching for key 'mysql.maxWait' in [localProperties]
- (5261 ms) - [DEBUG] 2019-01-15 19:38:46,818 org.springframework.core.env.PropertySourcesPropertyResolver - Found key 'mysql.maxWait' in [localProperties] with type [String] and value '100'
- (5261 ms) - [DEBUG] 2019-01-15 19:38:46,818 org.springframework.core.env.PropertySourcesPropertyResolver - Searching for key 'mysql.removeAbandoned' in [environmentProperties]
- (5262 ms) - [DEBUG] 2019-01-15 19:38:46,819 org.springframework.core.env.PropertySourcesPropertyResolver - Searching for key 'mysql.removeAbandoned' in [systemProperties]
- (5262 ms) - [DEBUG] 2019-01-15 19:38:46,819 org.springframework.core.env.PropertySourcesPropertyResolver - Searching for key 'mysql.removeAbandoned' in [systemEnvironment]
- (5262 ms) - [DEBUG] 2019-01-15 19:38:46,819 org.springframework.core.env.PropertySourcesPropertyResolver - Could not find key 'mysql.removeAbandoned' in any property source. Returning [null]
- (5263 ms) - [DEBUG] 2019-01-15 19:38:46,820 org.springframework.core.env.PropertySourcesPropertyResolver - Searching for key 'mysql.removeAbandoned' in [localProperties]
- (5263 ms) - [DEBUG] 2019-01-15 19:38:46,820 org.springframework.core.env.PropertySourcesPropertyResolver - Found key 'mysql.removeAbandoned' in [localProperties] with type [String] and value 'true'
- (5263 ms) - [DEBUG] 2019-01-15 19:38:46,820 org.springframework.core.env.PropertySourcesPropertyResolver - Searching for key 'mysql.removeAbandonedTimeout' in [environmentProperties]
- (5263 ms) - [DEBUG] 2019-01-15 19:38:46,820 org.springframework.core.env.PropertySourcesPropertyResolver - Searching for key 'mysql.removeAbandonedTimeout' in [systemProperties]
- (5263 ms) - [DEBUG] 2019-01-15 19:38:46,820 org.springframework.core.env.PropertySourcesPropertyResolver - Searching for key 'mysql.removeAbandonedTimeout' in [systemEnvironment]
- (5264 ms) - [DEBUG] 2019-01-15 19:38:46,821 org.springframework.core.env.PropertySourcesPropertyResolver - Could not find key 'mysql.removeAbandonedTimeout' in any property source. Returning [null]
- (5264 ms) - [DEBUG] 2019-01-15 19:38:46,821 org.springframework.core.env.PropertySourcesPropertyResolver - Searching for key 'mysql.removeAbandonedTimeout' in [localProperties]
- (5264 ms) - [DEBUG] 2019-01-15 19:38:46,821 org.springframework.core.env.PropertySourcesPropertyResolver - Found key 'mysql.removeAbandonedTimeout' in [localProperties] with type [String] and value '180'
- (5264 ms) - [DEBUG] 2019-01-15 19:38:46,821 org.springframework.core.env.PropertySourcesPropertyResolver - Searching for key 'mysql.maxActive' in [environmentProperties]
- (5264 ms) - [DEBUG] 2019-01-15 19:38:46,821 org.springframework.core.env.PropertySourcesPropertyResolver - Searching for key 'mysql.maxActive' in [systemProperties]
- (5264 ms) - [DEBUG] 2019-01-15 19:38:46,821 org.springframework.core.env.PropertySourcesPropertyResolver - Searching for key 'mysql.maxActive' in [systemEnvironment]
- (5265 ms) - [DEBUG] 2019-01-15 19:38:46,822 org.springframework.core.env.PropertySourcesPropertyResolver - Could not find key 'mysql.maxActive' in any property source. Returning [null]
- (5265 ms) - [DEBUG] 2019-01-15 19:38:46,822 org.springframework.core.env.PropertySourcesPropertyResolver - Searching for key 'mysql.maxActive' in [localProperties]
- (5265 ms) - [DEBUG] 2019-01-15 19:38:46,822 org.springframework.core.env.PropertySourcesPropertyResolver - Found key 'mysql.maxActive' in [localProperties] with type [String] and value '100'
- (5266 ms) - [DEBUG] 2019-01-15 19:38:46,823 org.springframework.core.env.PropertySourcesPropertyResolver - Searching for key 'redis.maxActive' in [environmentProperties]
- (5266 ms) - [DEBUG] 2019-01-15 19:38:46,823 org.springframework.core.env.PropertySourcesPropertyResolver - Searching for key 'redis.maxActive' in [systemProperties]
- (5267 ms) - [DEBUG] 2019-01-15 19:38:46,824 org.springframework.core.env.PropertySourcesPropertyResolver - Searching for key 'redis.maxActive' in [systemEnvironment]
- (5268 ms) - [DEBUG] 2019-01-15 19:38:46,825 org.springframework.core.env.PropertySourcesPropertyResolver - Could not find key 'redis.maxActive' in any property source. Returning [null]
- (5270 ms) - [DEBUG] 2019-01-15 19:38:46,827 org.springframework.core.env.PropertySourcesPropertyResolver - Searching for key 'redis.maxActive' in [localProperties]
- (5270 ms) - [DEBUG] 2019-01-15 19:38:46,827 org.springframework.core.env.PropertySourcesPropertyResolver - Found key 'redis.maxActive' in [localProperties] with type [String] and value '300'
- (5271 ms) - [DEBUG] 2019-01-15 19:38:46,828 org.springframework.core.env.PropertySourcesPropertyResolver - Searching for key 'redis.maxIdle' in [environmentProperties]
- (5271 ms) - [DEBUG] 2019-01-15 19:38:46,828 org.springframework.core.env.PropertySourcesPropertyResolver - Searching for key 'redis.maxIdle' in [systemProperties]
- (5271 ms) - [DEBUG] 2019-01-15 19:38:46,828 org.springframework.core.env.PropertySourcesPropertyResolver - Searching for key 'redis.maxIdle' in [systemEnvironment]
- (5271 ms) - [DEBUG] 2019-01-15 19:38:46,828 org.springframework.core.env.PropertySourcesPropertyResolver - Could not find key 'redis.maxIdle' in any property source. Returning [null]
- (5272 ms) - [DEBUG] 2019-01-15 19:38:46,829 org.springframework.core.env.PropertySourcesPropertyResolver - Searching for key 'redis.maxIdle' in [localProperties]
- (5272 ms) - [DEBUG] 2019-01-15 19:38:46,829 org.springframework.core.env.PropertySourcesPropertyResolver - Found key 'redis.maxIdle' in [localProperties] with type [String] and value '100'
- (5272 ms) - [DEBUG] 2019-01-15 19:38:46,829 org.springframework.core.env.PropertySourcesPropertyResolver - Searching for key 'redis.maxWait' in [environmentProperties]
- (5272 ms) - [DEBUG] 2019-01-15 19:38:46,829 org.springframework.core.env.PropertySourcesPropertyResolver - Searching for key 'redis.maxWait' in [systemProperties]
- (5273 ms) - [DEBUG] 2019-01-15 19:38:46,830 org.springframework.core.env.PropertySourcesPropertyResolver - Searching for key 'redis.maxWait' in [systemEnvironment]
- (5273 ms) - [DEBUG] 2019-01-15 19:38:46,830 org.springframework.core.env.PropertySourcesPropertyResolver - Could not find key 'redis.maxWait' in any property source. Returning [null]
- (5273 ms) - [DEBUG] 2019-01-15 19:38:46,830 org.springframework.core.env.PropertySourcesPropertyResolver - Searching for key 'redis.maxWait' in [localProperties]
- (5273 ms) - [DEBUG] 2019-01-15 19:38:46,830 org.springframework.core.env.PropertySourcesPropertyResolver - Found key 'redis.maxWait' in [localProperties] with type [String] and value '1000'
- (5273 ms) - [DEBUG] 2019-01-15 19:38:46,830 org.springframework.core.env.PropertySourcesPropertyResolver - Searching for key 'redis.host' in [environmentProperties]
- (5273 ms) - [DEBUG] 2019-01-15 19:38:46,830 org.springframework.core.env.PropertySourcesPropertyResolver - Searching for key 'redis.host' in [systemProperties]
- (5274 ms) - [DEBUG] 2019-01-15 19:38:46,831 org.springframework.core.env.PropertySourcesPropertyResolver - Searching for key 'redis.host' in [systemEnvironment]
- (5274 ms) - [DEBUG] 2019-01-15 19:38:46,831 org.springframework.core.env.PropertySourcesPropertyResolver - Could not find key 'redis.host' in any property source. Returning [null]
- (5274 ms) - [DEBUG] 2019-01-15 19:38:46,831 org.springframework.core.env.PropertySourcesPropertyResolver - Searching for key 'redis.host' in [localProperties]
- (5274 ms) - [DEBUG] 2019-01-15 19:38:46,831 org.springframework.core.env.PropertySourcesPropertyResolver - Found key 'redis.host' in [localProperties] with type [String] and value '127.0.0.1'
- (5274 ms) - [DEBUG] 2019-01-15 19:38:46,831 org.springframework.core.env.PropertySourcesPropertyResolver - Searching for key 'redis.port' in [environmentProperties]
- (5275 ms) - [DEBUG] 2019-01-15 19:38:46,832 org.springframework.core.env.PropertySourcesPropertyResolver - Searching for key 'redis.port' in [systemProperties]
- (5275 ms) - [DEBUG] 2019-01-15 19:38:46,832 org.springframework.core.env.PropertySourcesPropertyResolver - Searching for key 'redis.port' in [systemEnvironment]
- (5275 ms) - [DEBUG] 2019-01-15 19:38:46,832 org.springframework.core.env.PropertySourcesPropertyResolver - Could not find key 'redis.port' in any property source. Returning [null]
- (5275 ms) - [DEBUG] 2019-01-15 19:38:46,832 org.springframework.core.env.PropertySourcesPropertyResolver - Searching for key 'redis.port' in [localProperties]
- (5275 ms) - [DEBUG] 2019-01-15 19:38:46,832 org.springframework.core.env.PropertySourcesPropertyResolver - Found key 'redis.port' in [localProperties] with type [String] and value '6379'
- (5275 ms) - [DEBUG] 2019-01-15 19:38:46,832 org.springframework.core.env.PropertySourcesPropertyResolver - Searching for key 'redis.timeout' in [environmentProperties]
- (5276 ms) - [DEBUG] 2019-01-15 19:38:46,833 org.springframework.core.env.PropertySourcesPropertyResolver - Searching for key 'redis.timeout' in [systemProperties]
- (5277 ms) - [DEBUG] 2019-01-15 19:38:46,834 org.springframework.core.env.PropertySourcesPropertyResolver - Searching for key 'redis.timeout' in [systemEnvironment]
- (5278 ms) - [DEBUG] 2019-01-15 19:38:46,835 org.springframework.core.env.PropertySourcesPropertyResolver - Could not find key 'redis.timeout' in any property source. Returning [null]
- (5278 ms) - [DEBUG] 2019-01-15 19:38:46,835 org.springframework.core.env.PropertySourcesPropertyResolver - Searching for key 'redis.timeout' in [localProperties]
- (5279 ms) - [DEBUG] 2019-01-15 19:38:46,836 org.springframework.core.env.PropertySourcesPropertyResolver - Found key 'redis.timeout' in [localProperties] with type [String] and value '3000'
- (5280 ms) - [DEBUG] 2019-01-15 19:38:46,837 org.springframework.core.env.PropertySourcesPropertyResolver - Searching for key 'redis.pass' in [environmentProperties]
- (5280 ms) - [DEBUG] 2019-01-15 19:38:46,837 org.springframework.core.env.PropertySourcesPropertyResolver - Searching for key 'redis.pass' in [systemProperties]
- (5283 ms) - [DEBUG] 2019-01-15 19:38:46,840 org.springframework.core.env.PropertySourcesPropertyResolver - Searching for key 'redis.pass' in [systemEnvironment]
- (5283 ms) - [DEBUG] 2019-01-15 19:38:46,840 org.springframework.core.env.PropertySourcesPropertyResolver - Could not find key 'redis.pass' in any property source. Returning [null]
- (5283 ms) - [DEBUG] 2019-01-15 19:38:46,840 org.springframework.core.env.PropertySourcesPropertyResolver - Searching for key 'redis.pass' in [localProperties]
- (5283 ms) - [DEBUG] 2019-01-15 19:38:46,840 org.springframework.core.env.PropertySourcesPropertyResolver - Found key 'redis.pass' in [localProperties] with type [String] and value 'redis@WSX!QAZ1234XXX'
- (5284 ms) - [DEBUG] 2019-01-15 19:38:46,841 org.springframework.core.env.PropertySourcesPropertyResolver - Searching for key 'redis.default.db' in [environmentProperties]
- (5284 ms) - [DEBUG] 2019-01-15 19:38:46,841 org.springframework.core.env.PropertySourcesPropertyResolver - Searching for key 'redis.default.db' in [systemProperties]
- (5284 ms) - [DEBUG] 2019-01-15 19:38:46,841 org.springframework.core.env.PropertySourcesPropertyResolver - Searching for key 'redis.default.db' in [systemEnvironment]
- (5284 ms) - [DEBUG] 2019-01-15 19:38:46,841 org.springframework.core.env.PropertySourcesPropertyResolver - Could not find key 'redis.default.db' in any property source. Returning [null]
- (5284 ms) - [DEBUG] 2019-01-15 19:38:46,841 org.springframework.core.env.PropertySourcesPropertyResolver - Searching for key 'redis.default.db' in [localProperties]
- (5285 ms) - [DEBUG] 2019-01-15 19:38:46,842 org.springframework.core.env.PropertySourcesPropertyResolver - Found key 'redis.default.db' in [localProperties] with type [String] and value '0'
- (5287 ms) - [DEBUG] 2019-01-15 19:38:46,844 org.springframework.beans.factory.support.DefaultListableBeanFactory - Creating shared instance of singleton bean 'org.springframework.context.annotation.internalAutowiredAnnotationProcessor'
- (5287 ms) - [DEBUG] 2019-01-15 19:38:46,844 org.springframework.beans.factory.support.DefaultListableBeanFactory - Creating instance of bean 'org.springframework.context.annotation.internalAutowiredAnnotationProcessor'
- (5288 ms) - [DEBUG] 2019-01-15 19:38:46,845 org.springframework.beans.factory.support.DefaultListableBeanFactory - Eagerly caching bean 'org.springframework.context.annotation.internalAutowiredAnnotationProcessor' to allow for resolving potential circular references
- (5288 ms) - [DEBUG] 2019-01-15 19:38:46,845 org.springframework.beans.factory.support.DefaultListableBeanFactory - Finished creating instance of bean 'org.springframework.context.annotation.internalAutowiredAnnotationProcessor'
- (5288 ms) - [DEBUG] 2019-01-15 19:38:46,845 org.springframework.beans.factory.support.DefaultListableBeanFactory - Creating shared instance of singleton bean 'org.springframework.context.annotation.internalRequiredAnnotationProcessor'
- (5288 ms) - [DEBUG] 2019-01-15 19:38:46,845 org.springframework.beans.factory.support.DefaultListableBeanFactory - Creating instance of bean 'org.springframework.context.annotation.internalRequiredAnnotationProcessor'
- (5289 ms) - [DEBUG] 2019-01-15 19:38:46,846 org.springframework.beans.factory.support.DefaultListableBeanFactory - Eagerly caching bean 'org.springframework.context.annotation.internalRequiredAnnotationProcessor' to allow for resolving potential circular references
- (5289 ms) - [DEBUG] 2019-01-15 19:38:46,846 org.springframework.beans.factory.support.DefaultListableBeanFactory - Finished creating instance of bean 'org.springframework.context.annotation.internalRequiredAnnotationProcessor'
- (5289 ms) - [DEBUG] 2019-01-15 19:38:46,846 org.springframework.beans.factory.support.DefaultListableBeanFactory - Creating shared instance of singleton bean 'org.springframework.context.annotation.internalCommonAnnotationProcessor'
- (5289 ms) - [DEBUG] 2019-01-15 19:38:46,846 org.springframework.beans.factory.support.DefaultListableBeanFactory - Creating instance of bean 'org.springframework.context.annotation.internalCommonAnnotationProcessor'
- (5289 ms) - [DEBUG] 2019-01-15 19:38:46,846 org.springframework.beans.factory.support.DefaultListableBeanFactory - Eagerly caching bean 'org.springframework.context.annotation.internalCommonAnnotationProcessor' to allow for resolving potential circular references
- (5290 ms) - [DEBUG] 2019-01-15 19:38:46,847 org.springframework.beans.factory.support.DefaultListableBeanFactory - Finished creating instance of bean 'org.springframework.context.annotation.internalCommonAnnotationProcessor'
- (5290 ms) - [DEBUG] 2019-01-15 19:38:46,847 org.springframework.beans.factory.support.DefaultListableBeanFactory - Creating shared instance of singleton bean 'org.springframework.context.annotation.ConfigurationClassPostProcessor.importAwareProcessor'
- (5290 ms) - [DEBUG] 2019-01-15 19:38:46,847 org.springframework.beans.factory.support.DefaultListableBeanFactory - Creating instance of bean 'org.springframework.context.annotation.ConfigurationClassPostProcessor.importAwareProcessor'
- (5290 ms) - [DEBUG] 2019-01-15 19:38:46,847 org.springframework.beans.factory.support.DefaultListableBeanFactory - Eagerly caching bean 'org.springframework.context.annotation.ConfigurationClassPostProcessor.importAwareProcessor' to allow for resolving potential circular references
- (5290 ms) - [DEBUG] 2019-01-15 19:38:46,847 org.springframework.beans.factory.support.DefaultListableBeanFactory - Finished creating instance of bean 'org.springframework.context.annotation.ConfigurationClassPostProcessor.importAwareProcessor'
- (5291 ms) - [DEBUG] 2019-01-15 19:38:46,848 org.springframework.beans.factory.support.DefaultListableBeanFactory - Creating shared instance of singleton bean 'org.springframework.context.annotation.ConfigurationClassPostProcessor.enhancedConfigurationProcessor'
- (5291 ms) - [DEBUG] 2019-01-15 19:38:46,848 org.springframework.beans.factory.support.DefaultListableBeanFactory - Creating instance of bean 'org.springframework.context.annotation.ConfigurationClassPostProcessor.enhancedConfigurationProcessor'
- (5291 ms) - [DEBUG] 2019-01-15 19:38:46,848 org.springframework.beans.factory.support.DefaultListableBeanFactory - Eagerly caching bean 'org.springframework.context.annotation.ConfigurationClassPostProcessor.enhancedConfigurationProcessor' to allow for resolving potential circular references
- (5291 ms) - [DEBUG] 2019-01-15 19:38:46,848 org.springframework.beans.factory.support.DefaultListableBeanFactory - Finished creating instance of bean 'org.springframework.context.annotation.ConfigurationClassPostProcessor.enhancedConfigurationProcessor'
- (5291 ms) - [DEBUG] 2019-01-15 19:38:46,848 org.springframework.beans.factory.support.DefaultListableBeanFactory - Creating shared instance of singleton bean 'org.springframework.aop.config.internalAutoProxyCreator'
- (5291 ms) - [DEBUG] 2019-01-15 19:38:46,848 org.springframework.beans.factory.support.DefaultListableBeanFactory - Creating instance of bean 'org.springframework.aop.config.internalAutoProxyCreator'
- (5292 ms) - [DEBUG] 2019-01-15 19:38:46,849 org.springframework.beans.factory.support.DefaultListableBeanFactory - Eagerly caching bean 'org.springframework.aop.config.internalAutoProxyCreator' to allow for resolving potential circular references
- (5293 ms) - [DEBUG] 2019-01-15 19:38:46,850 org.springframework.beans.factory.support.DefaultListableBeanFactory - Finished creating instance of bean 'org.springframework.aop.config.internalAutoProxyCreator'
- (5293 ms) - [DEBUG] 2019-01-15 19:38:46,850 org.springframework.context.support.ClassPathXmlApplicationContext - Unable to locate MessageSource with name 'messageSource': using default [org.springframework.context.support.DelegatingMessageSource@1ef3efa8]
- (5293 ms) - [DEBUG] 2019-01-15 19:38:46,850 org.springframework.context.support.ClassPathXmlApplicationContext - Unable to locate ApplicationEventMulticaster with name 'applicationEventMulticaster': using default [org.springframework.context.event.SimpleApplicationEventMulticaster@502f1f4c]
- (5318 ms) - [DEBUG] 2019-01-15 19:38:46,875 org.springframework.beans.factory.support.DefaultListableBeanFactory - Pre-instantiating singletons in org.springframework.beans.factory.support.DefaultListableBeanFactory@201b6b6f: defining beans [org.springframework.web.servlet.resource.DefaultServletHttpRequestHandler#0,org.springframework.web.servlet.handler.SimpleUrlHandlerMapping#0,org.springframework.web.servlet.handler.BeanNameUrlHandlerMapping,org.springframework.web.servlet.mvc.HttpRequestHandlerAdapter,org.springframework.web.servlet.mvc.SimpleControllerHandlerAdapter,itripHotServiceImpl,itripAreaDicServiceImpl,itripCommentServiceImpl,itripHotelOrderServiceImpl,itripImageServiceImpl,itripLabelServiceImpl,itripLabelDicServiceImpl,itripUserServiceImpl,itripUserLinkUserServiceImpl,org.springframework.context.annotation.internalConfigurationAnnotationProcessor,org.springframework.context.annotation.internalAutowiredAnnotationProcessor,org.springframework.context.annotation.internalRequiredAnnotationProcessor,org.springframework.context.annotation.internalCommonAnnotationProcessor,org.springframework.context.support.PropertySourcesPlaceholderConfigurer#0,dataSource,txManager,sqlSessionFactoryBean,org.springframework.aop.config.internalAutoProxyCreator,transService,org.springframework.aop.support.DefaultBeanFactoryPointcutAdvisor#0,myAdvice,org.mybatis.spring.mapper.MapperScannerConfigurer#0,jedisPoolConfig,jedisPool,redisAPI,validationToken,org.springframework.context.annotation.ConfigurationClassPostProcessor.importAwareProcessor,org.springframework.context.annotation.ConfigurationClassPostProcessor.enhancedConfigurationProcessor,itripHotMapper,itripAreaDicMapper,itripCommentMapper,itripHotelMapper,itripHotelOrderMapper,itripImageMapper,itripLabelMapper,itripLabelDicMapper,itripUserMapper,itripUserLinkUserMapper]; root of factory hierarchy
- (5318 ms) - [DEBUG] 2019-01-15 19:38:46,875 org.springframework.beans.factory.support.DefaultListableBeanFactory - Creating shared instance of singleton bean 'org.springframework.web.servlet.resource.DefaultServletHttpRequestHandler#0'
- (5319 ms) - [DEBUG] 2019-01-15 19:38:46,876 org.springframework.beans.factory.support.DefaultListableBeanFactory - Creating instance of bean 'org.springframework.web.servlet.resource.DefaultServletHttpRequestHandler#0'
- (5319 ms) - [DEBUG] 2019-01-15 19:38:46,876 org.springframework.beans.factory.support.DefaultListableBeanFactory - Creating shared instance of singleton bean 'org.springframework.aop.support.DefaultBeanFactoryPointcutAdvisor#0'
- (5319 ms) - [DEBUG] 2019-01-15 19:38:46,876 org.springframework.beans.factory.support.DefaultListableBeanFactory - Creating instance of bean 'org.springframework.aop.support.DefaultBeanFactoryPointcutAdvisor#0'
- (5320 ms) - [DEBUG] 2019-01-15 19:38:46,877 org.springframework.beans.factory.support.DefaultListableBeanFactory - Eagerly caching bean 'org.springframework.aop.support.DefaultBeanFactoryPointcutAdvisor#0' to allow for resolving potential circular references
- (5320 ms) - [DEBUG] 2019-01-15 19:38:46,877 org.springframework.beans.factory.support.DefaultListableBeanFactory - Creating instance of bean 'transService'
- (5321 ms) - [DEBUG] 2019-01-15 19:38:46,878 org.springframework.beans.factory.support.DefaultListableBeanFactory - Finished creating instance of bean 'transService'
- (5321 ms) - [DEBUG] 2019-01-15 19:38:46,878 org.springframework.beans.factory.support.DefaultListableBeanFactory - Finished creating instance of bean 'org.springframework.aop.support.DefaultBeanFactoryPointcutAdvisor#0'
- (5322 ms) - [DEBUG] 2019-01-15 19:38:46,879 org.springframework.beans.factory.support.DefaultListableBeanFactory - Eagerly caching bean 'org.springframework.web.servlet.resource.DefaultServletHttpRequestHandler#0' to allow for resolving potential circular references
- (5324 ms) - [DEBUG] 2019-01-15 19:38:46,881 org.springframework.beans.factory.support.DefaultListableBeanFactory - Returning cached instance of singleton bean 'org.springframework.aop.support.DefaultBeanFactoryPointcutAdvisor#0'
- (5324 ms) - [DEBUG] 2019-01-15 19:38:46,881 org.springframework.beans.factory.support.DefaultListableBeanFactory - Returning cached instance of singleton bean 'org.springframework.aop.support.DefaultBeanFactoryPointcutAdvisor#0'
- (5325 ms) - [DEBUG] 2019-01-15 19:38:46,882 org.springframework.beans.factory.support.DefaultListableBeanFactory - Finished creating instance of bean 'org.springframework.web.servlet.resource.DefaultServletHttpRequestHandler#0'
- (5325 ms) - [DEBUG] 2019-01-15 19:38:46,882 org.springframework.beans.factory.support.DefaultListableBeanFactory - Creating shared instance of singleton bean 'org.springframework.web.servlet.handler.SimpleUrlHandlerMapping#0'
- (5326 ms) - [DEBUG] 2019-01-15 19:38:46,883 org.springframework.beans.factory.support.DefaultListableBeanFactory - Creating instance of bean 'org.springframework.web.servlet.handler.SimpleUrlHandlerMapping#0'
- (5326 ms) - [DEBUG] 2019-01-15 19:38:46,883 org.springframework.beans.factory.support.DefaultListableBeanFactory - Returning cached instance of singleton bean 'org.springframework.aop.support.DefaultBeanFactoryPointcutAdvisor#0'
- (5326 ms) - [DEBUG] 2019-01-15 19:38:46,883 org.springframework.beans.factory.support.DefaultListableBeanFactory - Eagerly caching bean 'org.springframework.web.servlet.handler.SimpleUrlHandlerMapping#0' to allow for resolving potential circular references
- (5330 ms) - [DEBUG] 2019-01-15 19:38:46,887 org.springframework.beans.factory.support.DefaultListableBeanFactory - Returning cached instance of singleton bean 'org.springframework.web.servlet.resource.DefaultServletHttpRequestHandler#0'
- (5330 ms) - [INFO] 2019-01-15 19:38:46,887 org.springframework.web.servlet.handler.SimpleUrlHandlerMapping - Mapped URL path [/**] onto handler 'org.springframework.web.servlet.resource.DefaultServletHttpRequestHandler#0'
- (5331 ms) - [DEBUG] 2019-01-15 19:38:46,888 org.springframework.beans.factory.support.DefaultListableBeanFactory - Returning cached instance of singleton bean 'org.springframework.aop.support.DefaultBeanFactoryPointcutAdvisor#0'
- (5331 ms) - [DEBUG] 2019-01-15 19:38:46,888 org.springframework.beans.factory.support.DefaultListableBeanFactory - Returning cached instance of singleton bean 'org.springframework.aop.support.DefaultBeanFactoryPointcutAdvisor#0'
- (5336 ms) - [DEBUG] 2019-01-15 19:38:46,893 org.springframework.beans.factory.support.DefaultListableBeanFactory - Finished creating instance of bean 'org.springframework.web.servlet.handler.SimpleUrlHandlerMapping#0'
- (5336 ms) - [DEBUG] 2019-01-15 19:38:46,893 org.springframework.beans.factory.support.DefaultListableBeanFactory - Creating shared instance of singleton bean 'org.springframework.web.servlet.handler.BeanNameUrlHandlerMapping'
- (5336 ms) - [DEBUG] 2019-01-15 19:38:46,893 org.springframework.beans.factory.support.DefaultListableBeanFactory - Creating instance of bean 'org.springframework.web.servlet.handler.BeanNameUrlHandlerMapping'
- (5337 ms) - [DEBUG] 2019-01-15 19:38:46,894 org.springframework.beans.factory.support.DefaultListableBeanFactory - Returning cached instance of singleton bean 'org.springframework.aop.support.DefaultBeanFactoryPointcutAdvisor#0'
- (5337 ms) - [DEBUG] 2019-01-15 19:38:46,894 org.springframework.beans.factory.support.DefaultListableBeanFactory - Eagerly caching bean 'org.springframework.web.servlet.handler.BeanNameUrlHandlerMapping' to allow for resolving potential circular references
- (5338 ms) - [DEBUG] 2019-01-15 19:38:46,895 org.springframework.web.servlet.handler.BeanNameUrlHandlerMapping - Looking for URL mappings in application context: org.springframework.context.support.ClassPathXmlApplicationContext@7516e4e5: startup date [Tue Jan 15 19:38:46 CST 2019]; root of context hierarchy
- (5338 ms) - [DEBUG] 2019-01-15 19:38:46,895 org.springframework.beans.factory.support.DefaultListableBeanFactory - Returning cached instance of singleton bean 'org.springframework.aop.support.DefaultBeanFactoryPointcutAdvisor#0'
- (5339 ms) - [DEBUG] 2019-01-15 19:38:46,896 org.springframework.beans.factory.support.DefaultListableBeanFactory - Returning cached instance of singleton bean 'org.springframework.aop.support.DefaultBeanFactoryPointcutAdvisor#0'
- (5339 ms) - [DEBUG] 2019-01-15 19:38:46,896 org.springframework.beans.factory.support.DefaultListableBeanFactory - Creating shared instance of singleton bean 'itripHotMapper'
- (5339 ms) - [DEBUG] 2019-01-15 19:38:46,896 org.springframework.beans.factory.support.DefaultListableBeanFactory - Creating instance of bean 'itripHotMapper'
- (5339 ms) - [DEBUG] 2019-01-15 19:38:46,896 org.springframework.beans.factory.support.DefaultListableBeanFactory - Eagerly caching bean 'itripHotMapper' to allow for resolving potential circular references
- (5340 ms) - [DEBUG] 2019-01-15 19:38:46,897 org.springframework.beans.factory.support.DefaultListableBeanFactory - Returning cached instance of singleton bean 'org.springframework.aop.support.DefaultBeanFactoryPointcutAdvisor#0'
- (5340 ms) - [DEBUG] 2019-01-15 19:38:46,897 org.springframework.beans.factory.support.DefaultListableBeanFactory - Returning cached instance of singleton bean 'org.springframework.aop.support.DefaultBeanFactoryPointcutAdvisor#0'
- (5341 ms) - [DEBUG] 2019-01-15 19:38:46,898 org.springframework.beans.factory.support.DefaultListableBeanFactory - Returning eagerly cached instance of singleton bean 'itripHotMapper' that is not fully initialized yet - a consequence of a circular reference
- (5342 ms) - [DEBUG] 2019-01-15 19:38:46,899 org.springframework.beans.factory.support.DefaultListableBeanFactory - Returning cached instance of singleton bean 'org.springframework.aop.support.DefaultBeanFactoryPointcutAdvisor#0'
- (5342 ms) - [DEBUG] 2019-01-15 19:38:46,899 org.springframework.beans.factory.support.DefaultListableBeanFactory - Creating shared instance of singleton bean 'itripAreaDicMapper'
- (5342 ms) - [DEBUG] 2019-01-15 19:38:46,899 org.springframework.beans.factory.support.DefaultListableBeanFactory - Creating instance of bean 'itripAreaDicMapper'
- (5343 ms) - [DEBUG] 2019-01-15 19:38:46,900 org.springframework.beans.factory.support.DefaultListableBeanFactory - Eagerly caching bean 'itripAreaDicMapper' to allow for resolving potential circular references
- (5343 ms) - [DEBUG] 2019-01-15 19:38:46,900 org.springframework.beans.factory.support.DefaultListableBeanFactory - Returning cached instance of singleton bean 'org.springframework.aop.support.DefaultBeanFactoryPointcutAdvisor#0'
- (5343 ms) - [DEBUG] 2019-01-15 19:38:46,900 org.springframework.beans.factory.support.DefaultListableBeanFactory - Returning cached instance of singleton bean 'org.springframework.aop.support.DefaultBeanFactoryPointcutAdvisor#0'
- (5345 ms) - [DEBUG] 2019-01-15 19:38:46,902 org.springframework.beans.factory.support.DefaultListableBeanFactory - Returning eagerly cached instance of singleton bean 'itripAreaDicMapper' that is not fully initialized yet - a consequence of a circular reference
- (5346 ms) - [DEBUG] 2019-01-15 19:38:46,903 org.springframework.beans.factory.support.DefaultListableBeanFactory - Returning cached instance of singleton bean 'org.springframework.aop.support.DefaultBeanFactoryPointcutAdvisor#0'
- (5346 ms) - [DEBUG] 2019-01-15 19:38:46,903 org.springframework.beans.factory.support.DefaultListableBeanFactory - Creating shared instance of singleton bean 'itripCommentMapper'
- (5347 ms) - [DEBUG] 2019-01-15 19:38:46,904 org.springframework.beans.factory.support.DefaultListableBeanFactory - Creating instance of bean 'itripCommentMapper'
- (5347 ms) - [DEBUG] 2019-01-15 19:38:46,904 org.springframework.beans.factory.support.DefaultListableBeanFactory - Eagerly caching bean 'itripCommentMapper' to allow for resolving potential circular references
- (5348 ms) - [DEBUG] 2019-01-15 19:38:46,905 org.springframework.beans.factory.support.DefaultListableBeanFactory - Returning cached instance of singleton bean 'org.springframework.aop.support.DefaultBeanFactoryPointcutAdvisor#0'
- (5348 ms) - [DEBUG] 2019-01-15 19:38:46,905 org.springframework.beans.factory.support.DefaultListableBeanFactory - Returning cached instance of singleton bean 'org.springframework.aop.support.DefaultBeanFactoryPointcutAdvisor#0'
- (5349 ms) - [DEBUG] 2019-01-15 19:38:46,906 org.springframework.beans.factory.support.DefaultListableBeanFactory - Returning eagerly cached instance of singleton bean 'itripCommentMapper' that is not fully initialized yet - a consequence of a circular reference
- (5349 ms) - [DEBUG] 2019-01-15 19:38:46,906 org.springframework.beans.factory.support.DefaultListableBeanFactory - Returning cached instance of singleton bean 'org.springframework.aop.support.DefaultBeanFactoryPointcutAdvisor#0'
- (5350 ms) - [DEBUG] 2019-01-15 19:38:46,907 org.springframework.beans.factory.support.DefaultListableBeanFactory - Creating shared instance of singleton bean 'itripHotelMapper'
- (5350 ms) - [DEBUG] 2019-01-15 19:38:46,907 org.springframework.beans.factory.support.DefaultListableBeanFactory - Creating instance of bean 'itripHotelMapper'
- (5350 ms) - [DEBUG] 2019-01-15 19:38:46,907 org.springframework.beans.factory.support.DefaultListableBeanFactory - Eagerly caching bean 'itripHotelMapper' to allow for resolving potential circular references
- (5351 ms) - [DEBUG] 2019-01-15 19:38:46,908 org.springframework.beans.factory.support.DefaultListableBeanFactory - Returning cached instance of singleton bean 'org.springframework.aop.support.DefaultBeanFactoryPointcutAdvisor#0'
- (5351 ms) - [DEBUG] 2019-01-15 19:38:46,908 org.springframework.beans.factory.support.DefaultListableBeanFactory - Returning cached instance of singleton bean 'org.springframework.aop.support.DefaultBeanFactoryPointcutAdvisor#0'
- (5352 ms) - [DEBUG] 2019-01-15 19:38:46,909 org.springframework.beans.factory.support.DefaultListableBeanFactory - Returning eagerly cached instance of singleton bean 'itripHotelMapper' that is not fully initialized yet - a consequence of a circular reference
- (5352 ms) - [DEBUG] 2019-01-15 19:38:46,909 org.springframework.beans.factory.support.DefaultListableBeanFactory - Returning cached instance of singleton bean 'org.springframework.aop.support.DefaultBeanFactoryPointcutAdvisor#0'
- (5352 ms) - [DEBUG] 2019-01-15 19:38:46,909 org.springframework.beans.factory.support.DefaultListableBeanFactory - Creating shared instance of singleton bean 'itripHotelOrderMapper'
- (5353 ms) - [DEBUG] 2019-01-15 19:38:46,910 org.springframework.beans.factory.support.DefaultListableBeanFactory - Creating instance of bean 'itripHotelOrderMapper'
- (5353 ms) - [DEBUG] 2019-01-15 19:38:46,910 org.springframework.beans.factory.support.DefaultListableBeanFactory - Eagerly caching bean 'itripHotelOrderMapper' to allow for resolving potential circular references
- (5354 ms) - [DEBUG] 2019-01-15 19:38:46,911 org.springframework.beans.factory.support.DefaultListableBeanFactory - Returning cached instance of singleton bean 'org.springframework.aop.support.DefaultBeanFactoryPointcutAdvisor#0'
- (5354 ms) - [DEBUG] 2019-01-15 19:38:46,911 org.springframework.beans.factory.support.DefaultListableBeanFactory - Returning cached instance of singleton bean 'org.springframework.aop.support.DefaultBeanFactoryPointcutAdvisor#0'
- (5355 ms) - [DEBUG] 2019-01-15 19:38:46,912 org.springframework.beans.factory.support.DefaultListableBeanFactory - Returning eagerly cached instance of singleton bean 'itripHotelOrderMapper' that is not fully initialized yet - a consequence of a circular reference
- (5355 ms) - [DEBUG] 2019-01-15 19:38:46,912 org.springframework.beans.factory.support.DefaultListableBeanFactory - Returning cached instance of singleton bean 'org.springframework.aop.support.DefaultBeanFactoryPointcutAdvisor#0'
- (5356 ms) - [DEBUG] 2019-01-15 19:38:46,913 org.springframework.beans.factory.support.DefaultListableBeanFactory - Creating shared instance of singleton bean 'itripImageMapper'
- (5356 ms) - [DEBUG] 2019-01-15 19:38:46,913 org.springframework.beans.factory.support.DefaultListableBeanFactory - Creating instance of bean 'itripImageMapper'
- (5357 ms) - [DEBUG] 2019-01-15 19:38:46,914 org.springframework.beans.factory.support.DefaultListableBeanFactory - Eagerly caching bean 'itripImageMapper' to allow for resolving potential circular references
- (5357 ms) - [DEBUG] 2019-01-15 19:38:46,914 org.springframework.beans.factory.support.DefaultListableBeanFactory - Returning cached instance of singleton bean 'org.springframework.aop.support.DefaultBeanFactoryPointcutAdvisor#0'
- (5358 ms) - [DEBUG] 2019-01-15 19:38:46,915 org.springframework.beans.factory.support.DefaultListableBeanFactory - Returning cached instance of singleton bean 'org.springframework.aop.support.DefaultBeanFactoryPointcutAdvisor#0'
- (5359 ms) - [DEBUG] 2019-01-15 19:38:46,916 org.springframework.beans.factory.support.DefaultListableBeanFactory - Returning eagerly cached instance of singleton bean 'itripImageMapper' that is not fully initialized yet - a consequence of a circular reference
- (5359 ms) - [DEBUG] 2019-01-15 19:38:46,916 org.springframework.beans.factory.support.DefaultListableBeanFactory - Returning cached instance of singleton bean 'org.springframework.aop.support.DefaultBeanFactoryPointcutAdvisor#0'
- (5360 ms) - [DEBUG] 2019-01-15 19:38:46,917 org.springframework.beans.factory.support.DefaultListableBeanFactory - Creating shared instance of singleton bean 'itripLabelMapper'
- (5366 ms) - [DEBUG] 2019-01-15 19:38:46,923 org.springframework.beans.factory.support.DefaultListableBeanFactory - Creating instance of bean 'itripLabelMapper'
- (5374 ms) - [DEBUG] 2019-01-15 19:38:46,931 org.springframework.beans.factory.support.DefaultListableBeanFactory - Eagerly caching bean 'itripLabelMapper' to allow for resolving potential circular references
- (5376 ms) - [DEBUG] 2019-01-15 19:38:46,933 org.springframework.beans.factory.support.DefaultListableBeanFactory - Returning cached instance of singleton bean 'org.springframework.aop.support.DefaultBeanFactoryPointcutAdvisor#0'
- (5377 ms) - [DEBUG] 2019-01-15 19:38:46,934 org.springframework.beans.factory.support.DefaultListableBeanFactory - Returning cached instance of singleton bean 'org.springframework.aop.support.DefaultBeanFactoryPointcutAdvisor#0'
- (5379 ms) - [DEBUG] 2019-01-15 19:38:46,936 org.springframework.beans.factory.support.DefaultListableBeanFactory - Returning eagerly cached instance of singleton bean 'itripLabelMapper' that is not fully initialized yet - a consequence of a circular reference
- (5380 ms) - [DEBUG] 2019-01-15 19:38:46,937 org.springframework.beans.factory.support.DefaultListableBeanFactory - Returning cached instance of singleton bean 'org.springframework.aop.support.DefaultBeanFactoryPointcutAdvisor#0'
- (5380 ms) - [DEBUG] 2019-01-15 19:38:46,937 org.springframework.beans.factory.support.DefaultListableBeanFactory - Creating shared instance of singleton bean 'itripLabelDicMapper'
- (5381 ms) - [DEBUG] 2019-01-15 19:38:46,938 org.springframework.beans.factory.support.DefaultListableBeanFactory - Creating instance of bean 'itripLabelDicMapper'
- (5381 ms) - [DEBUG] 2019-01-15 19:38:46,938 org.springframework.beans.factory.support.DefaultListableBeanFactory - Eagerly caching bean 'itripLabelDicMapper' to allow for resolving potential circular references
- (5382 ms) - [DEBUG] 2019-01-15 19:38:46,939 org.springframework.beans.factory.support.DefaultListableBeanFactory - Returning cached instance of singleton bean 'org.springframework.aop.support.DefaultBeanFactoryPointcutAdvisor#0'
- (5383 ms) - [DEBUG] 2019-01-15 19:38:46,940 org.springframework.beans.factory.support.DefaultListableBeanFactory - Returning cached instance of singleton bean 'org.springframework.aop.support.DefaultBeanFactoryPointcutAdvisor#0'
- (5384 ms) - [DEBUG] 2019-01-15 19:38:46,941 org.springframework.beans.factory.support.DefaultListableBeanFactory - Returning eagerly cached instance of singleton bean 'itripLabelDicMapper' that is not fully initialized yet - a consequence of a circular reference
- (5385 ms) - [DEBUG] 2019-01-15 19:38:46,942 org.springframework.beans.factory.support.DefaultListableBeanFactory - Returning cached instance of singleton bean 'org.springframework.aop.support.DefaultBeanFactoryPointcutAdvisor#0'
- (5385 ms) - [DEBUG] 2019-01-15 19:38:46,942 org.springframework.beans.factory.support.DefaultListableBeanFactory - Creating shared instance of singleton bean 'itripUserMapper'
- (5386 ms) - [DEBUG] 2019-01-15 19:38:46,943 org.springframework.beans.factory.support.DefaultListableBeanFactory - Creating instance of bean 'itripUserMapper'
- (5386 ms) - [DEBUG] 2019-01-15 19:38:46,943 org.springframework.beans.factory.support.DefaultListableBeanFactory - Eagerly caching bean 'itripUserMapper' to allow for resolving potential circular references
- (5387 ms) - [DEBUG] 2019-01-15 19:38:46,944 org.springframework.beans.factory.support.DefaultListableBeanFactory - Returning cached instance of singleton bean 'org.springframework.aop.support.DefaultBeanFactoryPointcutAdvisor#0'
- (5388 ms) - [DEBUG] 2019-01-15 19:38:46,945 org.springframework.beans.factory.support.DefaultListableBeanFactory - Returning cached instance of singleton bean 'org.springframework.aop.support.DefaultBeanFactoryPointcutAdvisor#0'
- (5389 ms) - [DEBUG] 2019-01-15 19:38:46,946 org.springframework.beans.factory.support.DefaultListableBeanFactory - Returning eagerly cached instance of singleton bean 'itripUserMapper' that is not fully initialized yet - a consequence of a circular reference
- (5389 ms) - [DEBUG] 2019-01-15 19:38:46,946 org.springframework.beans.factory.support.DefaultListableBeanFactory - Returning cached instance of singleton bean 'org.springframework.aop.support.DefaultBeanFactoryPointcutAdvisor#0'
- (5390 ms) - [DEBUG] 2019-01-15 19:38:46,947 org.springframework.beans.factory.support.DefaultListableBeanFactory - Creating shared instance of singleton bean 'itripUserLinkUserMapper'
- (5391 ms) - [DEBUG] 2019-01-15 19:38:46,948 org.springframework.beans.factory.support.DefaultListableBeanFactory - Creating instance of bean 'itripUserLinkUserMapper'
- (5391 ms) - [DEBUG] 2019-01-15 19:38:46,948 org.springframework.beans.factory.support.DefaultListableBeanFactory - Eagerly caching bean 'itripUserLinkUserMapper' to allow for resolving potential circular references
- (5392 ms) - [DEBUG] 2019-01-15 19:38:46,949 org.springframework.beans.factory.support.DefaultListableBeanFactory - Returning cached instance of singleton bean 'org.springframework.aop.support.DefaultBeanFactoryPointcutAdvisor#0'
- (5393 ms) - [DEBUG] 2019-01-15 19:38:46,950 org.springframework.beans.factory.support.DefaultListableBeanFactory - Returning cached instance of singleton bean 'org.springframework.aop.support.DefaultBeanFactoryPointcutAdvisor#0'
- (5395 ms) - [DEBUG] 2019-01-15 19:38:46,952 org.springframework.beans.factory.support.DefaultListableBeanFactory - Returning eagerly cached instance of singleton bean 'itripUserLinkUserMapper' that is not fully initialized yet - a consequence of a circular reference
- (5396 ms) - [DEBUG] 2019-01-15 19:38:46,953 org.springframework.beans.factory.support.DefaultListableBeanFactory - Creating shared instance of singleton bean 'sqlSessionFactoryBean'
- (5397 ms) - [DEBUG] 2019-01-15 19:38:46,954 org.springframework.beans.factory.support.DefaultListableBeanFactory - Creating instance of bean 'sqlSessionFactoryBean'
- (5398 ms) - [DEBUG] 2019-01-15 19:38:46,955 org.springframework.beans.factory.support.DefaultListableBeanFactory - Eagerly caching bean 'sqlSessionFactoryBean' to allow for resolving potential circular references
- (5399 ms) - [DEBUG] 2019-01-15 19:38:46,956 org.springframework.beans.factory.support.DefaultListableBeanFactory - Creating shared instance of singleton bean 'dataSource'
- (5400 ms) - [DEBUG] 2019-01-15 19:38:46,957 org.springframework.beans.factory.support.DefaultListableBeanFactory - Creating instance of bean 'dataSource'
- (5401 ms) - [DEBUG] 2019-01-15 19:38:46,958 org.springframework.beans.factory.support.DefaultListableBeanFactory - Returning cached instance of singleton bean 'org.springframework.aop.support.DefaultBeanFactoryPointcutAdvisor#0'
- (5402 ms) - [DEBUG] 2019-01-15 19:38:46,959 org.springframework.beans.factory.support.DefaultListableBeanFactory - Eagerly caching bean 'dataSource' to allow for resolving potential circular references
- (5404 ms) - [DEBUG] 2019-01-15 19:38:46,961 org.springframework.beans.factory.support.DefaultListableBeanFactory - Returning cached instance of singleton bean 'org.springframework.aop.support.DefaultBeanFactoryPointcutAdvisor#0'
- (5405 ms) - [DEBUG] 2019-01-15 19:38:46,962 org.springframework.beans.factory.support.DefaultListableBeanFactory - Returning cached instance of singleton bean 'org.springframework.aop.support.DefaultBeanFactoryPointcutAdvisor#0'
- (5410 ms) - [DEBUG] 2019-01-15 19:38:46,967 org.springframework.beans.factory.support.DefaultListableBeanFactory - Finished creating instance of bean 'dataSource'
- (5411 ms) - [DEBUG] 2019-01-15 19:38:46,968 org.springframework.beans.factory.support.DefaultListableBeanFactory - Invoking afterPropertiesSet() on bean with name 'sqlSessionFactoryBean'
- (5417 ms) - [DEBUG] 2019-01-15 19:38:46,974 org.apache.ibatis.io.ResolverUtil - Find JAR URL: jar:file:/E:/ideaXM/itrip/itrip-beans/target/itrip-beans-1.0-SNAPSHOT.jar!/cn/itrip/beans/pojo
- (5418 ms) - [DEBUG] 2019-01-15 19:38:46,975 org.apache.ibatis.io.ResolverUtil - Inner URL: file:/E:/ideaXM/itrip/itrip-beans/target/itrip-beans-1.0-SNAPSHOT.jar!/cn/itrip/beans/pojo
- (5419 ms) - [DEBUG] 2019-01-15 19:38:46,976 org.apache.ibatis.io.ResolverUtil - Extracted JAR URL: file:/E:/ideaXM/itrip/itrip-beans/target/itrip-beans-1.0-SNAPSHOT.jar
- (5421 ms) - [DEBUG] 2019-01-15 19:38:46,978 org.apache.ibatis.io.ResolverUtil - Found JAR: file:/E:/ideaXM/itrip/itrip-beans/target/itrip-beans-1.0-SNAPSHOT.jar
- (5422 ms) - [DEBUG] 2019-01-15 19:38:46,979 org.apache.ibatis.io.ResolverUtil - Listing jar:file:/E:/ideaXM/itrip/itrip-beans/target/itrip-beans-1.0-SNAPSHOT.jar!/cn/itrip/beans/pojo
- (5423 ms) - [DEBUG] 2019-01-15 19:38:46,980 org.apache.ibatis.io.ResolverUtil - Found resource: /cn/itrip/beans/pojo/ItripAreaDic.class
- (5423 ms) - [DEBUG] 2019-01-15 19:38:46,980 org.apache.ibatis.io.ResolverUtil - Found resource: /cn/itrip/beans/pojo/ItripComment.class
- (5424 ms) - [DEBUG] 2019-01-15 19:38:46,981 org.apache.ibatis.io.ResolverUtil - Found resource: /cn/itrip/beans/pojo/ItripHotel.class
- (5424 ms) - [DEBUG] 2019-01-15 19:38:46,981 org.apache.ibatis.io.ResolverUtil - Found resource: /cn/itrip/beans/pojo/ItripHotelExtendProperty.class
- (5425 ms) - [DEBUG] 2019-01-15 19:38:46,982 org.apache.ibatis.io.ResolverUtil - Found resource: /cn/itrip/beans/pojo/ItripHotelFeature.class
- (5426 ms) - [DEBUG] 2019-01-15 19:38:46,983 org.apache.ibatis.io.ResolverUtil - Found resource: /cn/itrip/beans/pojo/ItripHotelOrder.class
- (5426 ms) - [DEBUG] 2019-01-15 19:38:46,983 org.apache.ibatis.io.ResolverUtil - Found resource: /cn/itrip/beans/pojo/ItripHotelRoom.class
- (5428 ms) - [DEBUG] 2019-01-15 19:38:46,985 org.apache.ibatis.io.ResolverUtil - Found resource: /cn/itrip/beans/pojo/ItripHotelTempStore.class
- (5428 ms) - [DEBUG] 2019-01-15 19:38:46,985 org.apache.ibatis.io.ResolverUtil - Found resource: /cn/itrip/beans/pojo/ItripHotelTradingArea.class
- (5430 ms) - [DEBUG] 2019-01-15 19:38:46,987 org.apache.ibatis.io.ResolverUtil - Found resource: /cn/itrip/beans/pojo/ItripImage.class
- (5431 ms) - [DEBUG] 2019-01-15 19:38:46,988 org.apache.ibatis.io.ResolverUtil - Found resource: /cn/itrip/beans/pojo/ItripLabelDic.class
- (5432 ms) - [DEBUG] 2019-01-15 19:38:46,989 org.apache.ibatis.io.ResolverUtil - Found resource: /cn/itrip/beans/pojo/ItripOrderLinkUser.class
- (5432 ms) - [DEBUG] 2019-01-15 19:38:46,989 org.apache.ibatis.io.ResolverUtil - Found resource: /cn/itrip/beans/pojo/ItripProductStore.class
- (5433 ms) - [DEBUG] 2019-01-15 19:38:46,990 org.apache.ibatis.io.ResolverUtil - Found resource: /cn/itrip/beans/pojo/ItripTradeEnds.class
- (5433 ms) - [DEBUG] 2019-01-15 19:38:46,990 org.apache.ibatis.io.ResolverUtil - Found resource: /cn/itrip/beans/pojo/ItripUser.class
- (5434 ms) - [DEBUG] 2019-01-15 19:38:46,991 org.apache.ibatis.io.ResolverUtil - Found resource: /cn/itrip/beans/pojo/ItripUserLinkUser.class
- (5446 ms) - [DEBUG] 2019-01-15 19:38:47,003 org.apache.ibatis.io.ResolverUtil - Checking to see if class cn.itrip.beans.pojo.ItripAreaDic matches criteria [is assignable to Object]
- (5446 ms) - [DEBUG] 2019-01-15 19:38:47,003 org.apache.ibatis.io.ResolverUtil - Checking to see if class cn.itrip.beans.pojo.ItripComment matches criteria [is assignable to Object]
- (5447 ms) - [DEBUG] 2019-01-15 19:38:47,004 org.apache.ibatis.io.ResolverUtil - Checking to see if class cn.itrip.beans.pojo.ItripHotel matches criteria [is assignable to Object]
- (5447 ms) - [DEBUG] 2019-01-15 19:38:47,004 org.apache.ibatis.io.ResolverUtil - Checking to see if class cn.itrip.beans.pojo.ItripHotelExtendProperty matches criteria [is assignable to Object]
- (5448 ms) - [DEBUG] 2019-01-15 19:38:47,005 org.apache.ibatis.io.ResolverUtil - Checking to see if class cn.itrip.beans.pojo.ItripHotelFeature matches criteria [is assignable to Object]
- (5448 ms) - [DEBUG] 2019-01-15 19:38:47,005 org.apache.ibatis.io.ResolverUtil - Checking to see if class cn.itrip.beans.pojo.ItripHotelOrder matches criteria [is assignable to Object]
- (5448 ms) - [DEBUG] 2019-01-15 19:38:47,005 org.apache.ibatis.io.ResolverUtil - Checking to see if class cn.itrip.beans.pojo.ItripHotelRoom matches criteria [is assignable to Object]
- (5449 ms) - [DEBUG] 2019-01-15 19:38:47,006 org.apache.ibatis.io.ResolverUtil - Checking to see if class cn.itrip.beans.pojo.ItripHotelTempStore matches criteria [is assignable to Object]
- (5449 ms) - [DEBUG] 2019-01-15 19:38:47,006 org.apache.ibatis.io.ResolverUtil - Checking to see if class cn.itrip.beans.pojo.ItripHotelTradingArea matches criteria [is assignable to Object]
- (5450 ms) - [DEBUG] 2019-01-15 19:38:47,007 org.apache.ibatis.io.ResolverUtil - Checking to see if class cn.itrip.beans.pojo.ItripImage matches criteria [is assignable to Object]
- (5451 ms) - [DEBUG] 2019-01-15 19:38:47,008 org.apache.ibatis.io.ResolverUtil - Checking to see if class cn.itrip.beans.pojo.ItripLabelDic matches criteria [is assignable to Object]
- (5451 ms) - [DEBUG] 2019-01-15 19:38:47,008 org.apache.ibatis.io.ResolverUtil - Checking to see if class cn.itrip.beans.pojo.ItripOrderLinkUser matches criteria [is assignable to Object]
- (5452 ms) - [DEBUG] 2019-01-15 19:38:47,009 org.apache.ibatis.io.ResolverUtil - Checking to see if class cn.itrip.beans.pojo.ItripProductStore matches criteria [is assignable to Object]
- (5452 ms) - [DEBUG] 2019-01-15 19:38:47,009 org.apache.ibatis.io.ResolverUtil - Checking to see if class cn.itrip.beans.pojo.ItripTradeEnds matches criteria [is assignable to Object]
- (5453 ms) - [DEBUG] 2019-01-15 19:38:47,010 org.apache.ibatis.io.ResolverUtil - Checking to see if class cn.itrip.beans.pojo.ItripUser matches criteria [is assignable to Object]
- (5453 ms) - [DEBUG] 2019-01-15 19:38:47,010 org.apache.ibatis.io.ResolverUtil - Checking to see if class cn.itrip.beans.pojo.ItripUserLinkUser matches criteria [is assignable to Object]
- (5460 ms) - [DEBUG] 2019-01-15 19:38:47,017 org.mybatis.spring.SqlSessionFactoryBean - Parsed configuration file: 'class path resource [mybatis-config.xml]'
- (5464 ms) - [ERROR] 2019-01-15 19:38:47,021 org.apache.ibatis.executor.BaseExecutor - Could not get a databaseId from dataSource
org.apache.commons.dbcp.SQLNestedException: Cannot create PoolableConnectionFactory (Data source rejected establishment of connection,  message from server: "Too many connections")
	at org.apache.commons.dbcp.BasicDataSource.createPoolableConnectionFactory(BasicDataSource.java:1549)
	at org.apache.commons.dbcp.BasicDataSource.createDataSource(BasicDataSource.java:1388)
	at org.apache.commons.dbcp.BasicDataSource.getConnection(BasicDataSource.java:1044)
	at org.apache.ibatis.mapping.VendorDatabaseIdProvider.getDatabaseProductName(VendorDatabaseIdProvider.java:76)
	at org.apache.ibatis.mapping.VendorDatabaseIdProvider.getDatabaseName(VendorDatabaseIdProvider.java:61)
	at org.apache.ibatis.mapping.VendorDatabaseIdProvider.getDatabaseId(VendorDatabaseIdProvider.java:49)
	at org.mybatis.spring.SqlSessionFactoryBean.buildSqlSessionFactory(SqlSessionFactoryBean.java:445)
	at org.mybatis.spring.SqlSessionFactoryBean.afterPropertiesSet(SqlSessionFactoryBean.java:336)
	at org.springframework.beans.factory.support.AbstractAutowireCapableBeanFactory.invokeInitMethods(AbstractAutowireCapableBeanFactory.java:1633)
	at org.springframework.beans.factory.support.AbstractAutowireCapableBeanFactory.initializeBean(AbstractAutowireCapableBeanFactory.java:1570)
	at org.springframework.beans.factory.support.AbstractAutowireCapableBeanFactory.doCreateBean(AbstractAutowireCapableBeanFactory.java:539)
	at org.springframework.beans.factory.support.AbstractAutowireCapableBeanFactory.createBean(AbstractAutowireCapableBeanFactory.java:476)
	at org.springframework.beans.factory.support.AbstractBeanFactory$1.getObject(AbstractBeanFactory.java:303)
	at org.springframework.beans.factory.support.DefaultSingletonBeanRegistry.getSingleton(DefaultSingletonBeanRegistry.java:230)
	at org.springframework.beans.factory.support.AbstractBeanFactory.doGetBean(AbstractBeanFactory.java:299)
	at org.springframework.beans.factory.support.AbstractBeanFactory.getBean(AbstractBeanFactory.java:194)
	at org.springframework.beans.factory.support.DefaultListableBeanFactory.findAutowireCandidates(DefaultListableBeanFactory.java:1120)
	at org.springframework.beans.factory.support.DefaultListableBeanFactory.doResolveDependency(DefaultListableBeanFactory.java:1044)
	at org.springframework.beans.factory.support.DefaultListableBeanFactory.resolveDependency(DefaultListableBeanFactory.java:942)
	at org.springframework.beans.factory.support.AbstractAutowireCapableBeanFactory.autowireByType(AbstractAutowireCapableBeanFactory.java:1288)
	at org.springframework.beans.factory.support.AbstractAutowireCapableBeanFactory.populateBean(AbstractAutowireCapableBeanFactory.java:1195)
	at org.springframework.beans.factory.support.AbstractAutowireCapableBeanFactory.doCreateBean(AbstractAutowireCapableBeanFactory.java:537)
	at org.springframework.beans.factory.support.AbstractAutowireCapableBeanFactory.createBean(AbstractAutowireCapableBeanFactory.java:476)
	at org.springframework.beans.factory.support.AbstractBeanFactory$1.getObject(AbstractBeanFactory.java:303)
	at org.springframework.beans.factory.support.DefaultSingletonBeanRegistry.getSingleton(DefaultSingletonBeanRegistry.java:230)
	at org.springframework.beans.factory.support.AbstractBeanFactory.doGetBean(AbstractBeanFactory.java:299)
	at org.springframework.beans.factory.support.AbstractBeanFactory.getTypeForFactoryBean(AbstractBeanFactory.java:1421)
	at org.springframework.beans.factory.support.AbstractAutowireCapableBeanFactory.getTypeForFactoryBean(AbstractAutowireCapableBeanFactory.java:802)
	at org.springframework.beans.factory.support.AbstractBeanFactory.isTypeMatch(AbstractBeanFactory.java:542)
	at org.springframework.beans.factory.support.DefaultListableBeanFactory.doGetBeanNamesForType(DefaultListableBeanFactory.java:436)
	at org.springframework.beans.factory.support.DefaultListableBeanFactory.getBeanNamesForType(DefaultListableBeanFactory.java:412)
	at org.springframework.beans.factory.BeanFactoryUtils.beanNamesForTypeIncludingAncestors(BeanFactoryUtils.java:186)
	at org.springframework.beans.factory.support.DefaultListableBeanFactory.findAutowireCandidates(DefaultListableBeanFactory.java:1105)
	at org.springframework.beans.factory.support.DefaultListableBeanFactory.doResolveDependency(DefaultListableBeanFactory.java:1044)
	at org.springframework.beans.factory.support.DefaultListableBeanFactory.resolveDependency(DefaultListableBeanFactory.java:942)
	at org.springframework.beans.factory.support.AbstractAutowireCapableBeanFactory.autowireByType(AbstractAutowireCapableBeanFactory.java:1288)
	at org.springframework.beans.factory.support.AbstractAutowireCapableBeanFactory.populateBean(AbstractAutowireCapableBeanFactory.java:1195)
	at org.springframework.beans.factory.support.AbstractAutowireCapableBeanFactory.doCreateBean(AbstractAutowireCapableBeanFactory.java:537)
	at org.springframework.beans.factory.support.AbstractAutowireCapableBeanFactory.createBean(AbstractAutowireCapableBeanFactory.java:476)
	at org.springframework.beans.factory.support.AbstractBeanFactory$1.getObject(AbstractBeanFactory.java:303)
	at org.springframework.beans.factory.support.DefaultSingletonBeanRegistry.getSingleton(DefaultSingletonBeanRegistry.java:230)
	at org.springframework.beans.factory.support.AbstractBeanFactory.doGetBean(AbstractBeanFactory.java:299)
	at org.springframework.beans.factory.support.AbstractBeanFactory.getTypeForFactoryBean(AbstractBeanFactory.java:1421)
	at org.springframework.beans.factory.support.AbstractAutowireCapableBeanFactory.getTypeForFactoryBean(AbstractAutowireCapableBeanFactory.java:802)
	at org.springframework.beans.factory.support.AbstractBeanFactory.isTypeMatch(AbstractBeanFactory.java:542)
	at org.springframework.beans.factory.support.DefaultListableBeanFactory.doGetBeanNamesForType(DefaultListableBeanFactory.java:436)
	at org.springframework.beans.factory.support.DefaultListableBeanFactory.getBeanNamesForType(DefaultListableBeanFactory.java:412)
	at org.springframework.beans.factory.BeanFactoryUtils.beanNamesForTypeIncludingAncestors(BeanFactoryUtils.java:186)
	at org.springframework.beans.factory.support.DefaultListableBeanFactory.findAutowireCandidates(DefaultListableBeanFactory.java:1105)
	at org.springframework.beans.factory.support.DefaultListableBeanFactory.doResolveDependency(DefaultListableBeanFactory.java:1044)
	at org.springframework.beans.factory.support.DefaultListableBeanFactory.resolveDependency(DefaultListableBeanFactory.java:942)
	at org.springframework.beans.factory.support.AbstractAutowireCapableBeanFactory.autowireByType(AbstractAutowireCapableBeanFactory.java:1288)
	at org.springframework.beans.factory.support.AbstractAutowireCapableBeanFactory.populateBean(AbstractAutowireCapableBeanFactory.java:1195)
	at org.springframework.beans.factory.support.AbstractAutowireCapableBeanFactory.doCreateBean(AbstractAutowireCapableBeanFactory.java:537)
	at org.springframework.beans.factory.support.AbstractAutowireCapableBeanFactory.createBean(AbstractAutowireCapableBeanFactory.java:476)
	at org.springframework.beans.factory.support.AbstractBeanFactory$1.getObject(AbstractBeanFactory.java:303)
	at org.springframework.beans.factory.support.DefaultSingletonBeanRegistry.getSingleton(DefaultSingletonBeanRegistry.java:230)
	at org.springframework.beans.factory.support.AbstractBeanFactory.doGetBean(AbstractBeanFactory.java:299)
	at org.springframework.beans.factory.support.AbstractBeanFactory.getTypeForFactoryBean(AbstractBeanFactory.java:1421)
	at org.springframework.beans.factory.support.AbstractAutowireCapableBeanFactory.getTypeForFactoryBean(AbstractAutowireCapableBeanFactory.java:802)
	at org.springframework.beans.factory.support.AbstractBeanFactory.isTypeMatch(AbstractBeanFactory.java:542)
	at org.springframework.beans.factory.support.DefaultListableBeanFactory.doGetBeanNamesForType(DefaultListableBeanFactory.java:436)
	at org.springframework.beans.factory.support.DefaultListableBeanFactory.getBeanNamesForType(DefaultListableBeanFactory.java:412)
	at org.springframework.beans.factory.BeanFactoryUtils.beanNamesForTypeIncludingAncestors(BeanFactoryUtils.java:186)
	at org.springframework.beans.factory.support.DefaultListableBeanFactory.findAutowireCandidates(DefaultListableBeanFactory.java:1105)
	at org.springframework.beans.factory.support.DefaultListableBeanFactory.doResolveDependency(DefaultListableBeanFactory.java:1044)
	at org.springframework.beans.factory.support.DefaultListableBeanFactory.resolveDependency(DefaultListableBeanFactory.java:942)
	at org.springframework.beans.factory.support.AbstractAutowireCapableBeanFactory.autowireByType(AbstractAutowireCapableBeanFactory.java:1288)
	at org.springframework.beans.factory.support.AbstractAutowireCapableBeanFactory.populateBean(AbstractAutowireCapableBeanFactory.java:1195)
	at org.springframework.beans.factory.support.AbstractAutowireCapableBeanFactory.doCreateBean(AbstractAutowireCapableBeanFactory.java:537)
	at org.springframework.beans.factory.support.AbstractAutowireCapableBeanFactory.createBean(AbstractAutowireCapableBeanFactory.java:476)
	at org.springframework.beans.factory.support.AbstractBeanFactory$1.getObject(AbstractBeanFactory.java:303)
	at org.springframework.beans.factory.support.DefaultSingletonBeanRegistry.getSingleton(DefaultSingletonBeanRegistry.java:230)
	at org.springframework.beans.factory.support.AbstractBeanFactory.doGetBean(AbstractBeanFactory.java:299)
	at org.springframework.beans.factory.support.AbstractBeanFactory.getTypeForFactoryBean(AbstractBeanFactory.java:1421)
	at org.springframework.beans.factory.support.AbstractAutowireCapableBeanFactory.getTypeForFactoryBean(AbstractAutowireCapableBeanFactory.java:802)
	at org.springframework.beans.factory.support.AbstractBeanFactory.isTypeMatch(AbstractBeanFactory.java:542)
	at org.springframework.beans.factory.support.DefaultListableBeanFactory.doGetBeanNamesForType(DefaultListableBeanFactory.java:436)
	at org.springframework.beans.factory.support.DefaultListableBeanFactory.getBeanNamesForType(DefaultListableBeanFactory.java:412)
	at org.springframework.beans.factory.BeanFactoryUtils.beanNamesForTypeIncludingAncestors(BeanFactoryUtils.java:186)
	at org.springframework.beans.factory.support.DefaultListableBeanFactory.findAutowireCandidates(DefaultListableBeanFactory.java:1105)
	at org.springframework.beans.factory.support.DefaultListableBeanFactory.doResolveDependency(DefaultListableBeanFactory.java:1044)
	at org.springframework.beans.factory.support.DefaultListableBeanFactory.resolveDependency(DefaultListableBeanFactory.java:942)
	at org.springframework.beans.factory.support.AbstractAutowireCapableBeanFactory.autowireByType(AbstractAutowireCapableBeanFactory.java:1288)
	at org.springframework.beans.factory.support.AbstractAutowireCapableBeanFactory.populateBean(AbstractAutowireCapableBeanFactory.java:1195)
	at org.springframework.beans.factory.support.AbstractAutowireCapableBeanFactory.doCreateBean(AbstractAutowireCapableBeanFactory.java:537)
	at org.springframework.beans.factory.support.AbstractAutowireCapableBeanFactory.createBean(AbstractAutowireCapableBeanFactory.java:476)
	at org.springframework.beans.factory.support.AbstractBeanFactory$1.getObject(AbstractBeanFactory.java:303)
	at org.springframework.beans.factory.support.DefaultSingletonBeanRegistry.getSingleton(DefaultSingletonBeanRegistry.java:230)
	at org.springframework.beans.factory.support.AbstractBeanFactory.doGetBean(AbstractBeanFactory.java:299)
	at org.springframework.beans.factory.support.AbstractBeanFactory.getTypeForFactoryBean(AbstractBeanFactory.java:1421)
	at org.springframework.beans.factory.support.AbstractAutowireCapableBeanFactory.getTypeForFactoryBean(AbstractAutowireCapableBeanFactory.java:802)
	at org.springframework.beans.factory.support.AbstractBeanFactory.isTypeMatch(AbstractBeanFactory.java:542)
	at org.springframework.beans.factory.support.DefaultListableBeanFactory.doGetBeanNamesForType(DefaultListableBeanFactory.java:436)
	at org.springframework.beans.factory.support.DefaultListableBeanFactory.getBeanNamesForType(DefaultListableBeanFactory.java:412)
	at org.springframework.beans.factory.BeanFactoryUtils.beanNamesForTypeIncludingAncestors(BeanFactoryUtils.java:186)
	at org.springframework.beans.factory.support.DefaultListableBeanFactory.findAutowireCandidates(DefaultListableBeanFactory.java:1105)
	at org.springframework.beans.factory.support.DefaultListableBeanFactory.doResolveDependency(DefaultListableBeanFactory.java:1044)
	at org.springframework.beans.factory.support.DefaultListableBeanFactory.resolveDependency(DefaultListableBeanFactory.java:942)
	at org.springframework.beans.factory.support.AbstractAutowireCapableBeanFactory.autowireByType(AbstractAutowireCapableBeanFactory.java:1288)
	at org.springframework.beans.factory.support.AbstractAutowireCapableBeanFactory.populateBean(AbstractAutowireCapableBeanFactory.java:1195)
	at org.springframework.beans.factory.support.AbstractAutowireCapableBeanFactory.doCreateBean(AbstractAutowireCapableBeanFactory.java:537)
	at org.springframework.beans.factory.support.AbstractAutowireCapableBeanFactory.createBean(AbstractAutowireCapableBeanFactory.java:476)
	at org.springframework.beans.factory.support.AbstractBeanFactory$1.getObject(AbstractBeanFactory.java:303)
	at org.springframework.beans.factory.support.DefaultSingletonBeanRegistry.getSingleton(DefaultSingletonBeanRegistry.java:230)
	at org.springframework.beans.factory.support.AbstractBeanFactory.doGetBean(AbstractBeanFactory.java:299)
	at org.springframework.beans.factory.support.AbstractBeanFactory.getTypeForFactoryBean(AbstractBeanFactory.java:1421)
	at org.springframework.beans.factory.support.AbstractAutowireCapableBeanFactory.getTypeForFactoryBean(AbstractAutowireCapableBeanFactory.java:802)
	at org.springframework.beans.factory.support.AbstractBeanFactory.isTypeMatch(AbstractBeanFactory.java:542)
	at org.springframework.beans.factory.support.DefaultListableBeanFactory.doGetBeanNamesForType(DefaultListableBeanFactory.java:436)
	at org.springframework.beans.factory.support.DefaultListableBeanFactory.getBeanNamesForType(DefaultListableBeanFactory.java:412)
	at org.springframework.beans.factory.BeanFactoryUtils.beanNamesForTypeIncludingAncestors(BeanFactoryUtils.java:186)
	at org.springframework.beans.factory.support.DefaultListableBeanFactory.findAutowireCandidates(DefaultListableBeanFactory.java:1105)
	at org.springframework.beans.factory.support.DefaultListableBeanFactory.doResolveDependency(DefaultListableBeanFactory.java:1044)
	at org.springframework.beans.factory.support.DefaultListableBeanFactory.resolveDependency(DefaultListableBeanFactory.java:942)
	at org.springframework.beans.factory.support.AbstractAutowireCapableBeanFactory.autowireByType(AbstractAutowireCapableBeanFactory.java:1288)
	at org.springframework.beans.factory.support.AbstractAutowireCapableBeanFactory.populateBean(AbstractAutowireCapableBeanFactory.java:1195)
	at org.springframework.beans.factory.support.AbstractAutowireCapableBeanFactory.doCreateBean(AbstractAutowireCapableBeanFactory.java:537)
	at org.springframework.beans.factory.support.AbstractAutowireCapableBeanFactory.createBean(AbstractAutowireCapableBeanFactory.java:476)
	at org.springframework.beans.factory.support.AbstractBeanFactory$1.getObject(AbstractBeanFactory.java:303)
	at org.springframework.beans.factory.support.DefaultSingletonBeanRegistry.getSingleton(DefaultSingletonBeanRegistry.java:230)
	at org.springframework.beans.factory.support.AbstractBeanFactory.doGetBean(AbstractBeanFactory.java:299)
	at org.springframework.beans.factory.support.AbstractBeanFactory.getTypeForFactoryBean(AbstractBeanFactory.java:1421)
	at org.springframework.beans.factory.support.AbstractAutowireCapableBeanFactory.getTypeForFactoryBean(AbstractAutowireCapableBeanFactory.java:802)
	at org.springframework.beans.factory.support.AbstractBeanFactory.isTypeMatch(AbstractBeanFactory.java:542)
	at org.springframework.beans.factory.support.DefaultListableBeanFactory.doGetBeanNamesForType(DefaultListableBeanFactory.java:436)
	at org.springframework.beans.factory.support.DefaultListableBeanFactory.getBeanNamesForType(DefaultListableBeanFactory.java:412)
	at org.springframework.beans.factory.BeanFactoryUtils.beanNamesForTypeIncludingAncestors(BeanFactoryUtils.java:186)
	at org.springframework.beans.factory.support.DefaultListableBeanFactory.findAutowireCandidates(DefaultListableBeanFactory.java:1105)
	at org.springframework.beans.factory.support.DefaultListableBeanFactory.doResolveDependency(DefaultListableBeanFactory.java:1044)
	at org.springframework.beans.factory.support.DefaultListableBeanFactory.resolveDependency(DefaultListableBeanFactory.java:942)
	at org.springframework.beans.factory.support.AbstractAutowireCapableBeanFactory.autowireByType(AbstractAutowireCapableBeanFactory.java:1288)
	at org.springframework.beans.factory.support.AbstractAutowireCapableBeanFactory.populateBean(AbstractAutowireCapableBeanFactory.java:1195)
	at org.springframework.beans.factory.support.AbstractAutowireCapableBeanFactory.doCreateBean(AbstractAutowireCapableBeanFactory.java:537)
	at org.springframework.beans.factory.support.AbstractAutowireCapableBeanFactory.createBean(AbstractAutowireCapableBeanFactory.java:476)
	at org.springframework.beans.factory.support.AbstractBeanFactory$1.getObject(AbstractBeanFactory.java:303)
	at org.springframework.beans.factory.support.DefaultSingletonBeanRegistry.getSingleton(DefaultSingletonBeanRegistry.java:230)
	at org.springframework.beans.factory.support.AbstractBeanFactory.doGetBean(AbstractBeanFactory.java:299)
	at org.springframework.beans.factory.support.AbstractBeanFactory.getTypeForFactoryBean(AbstractBeanFactory.java:1421)
	at org.springframework.beans.factory.support.AbstractAutowireCapableBeanFactory.getTypeForFactoryBean(AbstractAutowireCapableBeanFactory.java:802)
	at org.springframework.beans.factory.support.AbstractBeanFactory.isTypeMatch(AbstractBeanFactory.java:542)
	at org.springframework.beans.factory.support.DefaultListableBeanFactory.doGetBeanNamesForType(DefaultListableBeanFactory.java:436)
	at org.springframework.beans.factory.support.DefaultListableBeanFactory.getBeanNamesForType(DefaultListableBeanFactory.java:412)
	at org.springframework.beans.factory.BeanFactoryUtils.beanNamesForTypeIncludingAncestors(BeanFactoryUtils.java:186)
	at org.springframework.beans.factory.support.DefaultListableBeanFactory.findAutowireCandidates(DefaultListableBeanFactory.java:1105)
	at org.springframework.beans.factory.support.DefaultListableBeanFactory.doResolveDependency(DefaultListableBeanFactory.java:1044)
	at org.springframework.beans.factory.support.DefaultListableBeanFactory.resolveDependency(DefaultListableBeanFactory.java:942)
	at org.springframework.beans.factory.support.AbstractAutowireCapableBeanFactory.autowireByType(AbstractAutowireCapableBeanFactory.java:1288)
	at org.springframework.beans.factory.support.AbstractAutowireCapableBeanFactory.populateBean(AbstractAutowireCapableBeanFactory.java:1195)
	at org.springframework.beans.factory.support.AbstractAutowireCapableBeanFactory.doCreateBean(AbstractAutowireCapableBeanFactory.java:537)
	at org.springframework.beans.factory.support.AbstractAutowireCapableBeanFactory.createBean(AbstractAutowireCapableBeanFactory.java:476)
	at org.springframework.beans.factory.support.AbstractBeanFactory$1.getObject(AbstractBeanFactory.java:303)
	at org.springframework.beans.factory.support.DefaultSingletonBeanRegistry.getSingleton(DefaultSingletonBeanRegistry.java:230)
	at org.springframework.beans.factory.support.AbstractBeanFactory.doGetBean(AbstractBeanFactory.java:299)
	at org.springframework.beans.factory.support.AbstractBeanFactory.getTypeForFactoryBean(AbstractBeanFactory.java:1421)
	at org.springframework.beans.factory.support.AbstractAutowireCapableBeanFactory.getTypeForFactoryBean(AbstractAutowireCapableBeanFactory.java:802)
	at org.springframework.beans.factory.support.AbstractBeanFactory.isTypeMatch(AbstractBeanFactory.java:542)
	at org.springframework.beans.factory.support.DefaultListableBeanFactory.doGetBeanNamesForType(DefaultListableBeanFactory.java:436)
	at org.springframework.beans.factory.support.DefaultListableBeanFactory.getBeanNamesForType(DefaultListableBeanFactory.java:412)
	at org.springframework.beans.factory.BeanFactoryUtils.beanNamesForTypeIncludingAncestors(BeanFactoryUtils.java:186)
	at org.springframework.beans.factory.support.DefaultListableBeanFactory.findAutowireCandidates(DefaultListableBeanFactory.java:1105)
	at org.springframework.beans.factory.support.DefaultListableBeanFactory.doResolveDependency(DefaultListableBeanFactory.java:1044)
	at org.springframework.beans.factory.support.DefaultListableBeanFactory.resolveDependency(DefaultListableBeanFactory.java:942)
	at org.springframework.beans.factory.support.AbstractAutowireCapableBeanFactory.autowireByType(AbstractAutowireCapableBeanFactory.java:1288)
	at org.springframework.beans.factory.support.AbstractAutowireCapableBeanFactory.populateBean(AbstractAutowireCapableBeanFactory.java:1195)
	at org.springframework.beans.factory.support.AbstractAutowireCapableBeanFactory.doCreateBean(AbstractAutowireCapableBeanFactory.java:537)
	at org.springframework.beans.factory.support.AbstractAutowireCapableBeanFactory.createBean(AbstractAutowireCapableBeanFactory.java:476)
	at org.springframework.beans.factory.support.AbstractBeanFactory$1.getObject(AbstractBeanFactory.java:303)
	at org.springframework.beans.factory.support.DefaultSingletonBeanRegistry.getSingleton(DefaultSingletonBeanRegistry.java:230)
	at org.springframework.beans.factory.support.AbstractBeanFactory.doGetBean(AbstractBeanFactory.java:299)
	at org.springframework.beans.factory.support.AbstractBeanFactory.getTypeForFactoryBean(AbstractBeanFactory.java:1421)
	at org.springframework.beans.factory.support.AbstractAutowireCapableBeanFactory.getTypeForFactoryBean(AbstractAutowireCapableBeanFactory.java:802)
	at org.springframework.beans.factory.support.AbstractBeanFactory.isTypeMatch(AbstractBeanFactory.java:542)
	at org.springframework.beans.factory.support.DefaultListableBeanFactory.doGetBeanNamesForType(DefaultListableBeanFactory.java:436)
	at org.springframework.beans.factory.support.DefaultListableBeanFactory.getBeanNamesForType(DefaultListableBeanFactory.java:412)
	at org.springframework.beans.factory.support.DefaultListableBeanFactory.getBeanNamesForType(DefaultListableBeanFactory.java:398)
	at org.springframework.context.support.AbstractApplicationContext.getBeanNamesForType(AbstractApplicationContext.java:1040)
	at org.springframework.web.servlet.handler.AbstractDetectingUrlHandlerMapping.detectHandlers(AbstractDetectingUrlHandlerMapping.java:75)
	at org.springframework.web.servlet.handler.AbstractDetectingUrlHandlerMapping.initApplicationContext(AbstractDetectingUrlHandlerMapping.java:58)
	at org.springframework.context.support.ApplicationObjectSupport.initApplicationContext(ApplicationObjectSupport.java:120)
	at org.springframework.web.context.support.WebApplicationObjectSupport.initApplicationContext(WebApplicationObjectSupport.java:76)
	at org.springframework.context.support.ApplicationObjectSupport.setApplicationContext(ApplicationObjectSupport.java:74)
	at org.springframework.context.support.ApplicationContextAwareProcessor.invokeAwareInterfaces(ApplicationContextAwareProcessor.java:119)
	at org.springframework.context.support.ApplicationContextAwareProcessor.postProcessBeforeInitialization(ApplicationContextAwareProcessor.java:94)
	at org.springframework.beans.factory.support.AbstractAutowireCapableBeanFactory.applyBeanPostProcessorsBeforeInitialization(AbstractAutowireCapableBeanFactory.java:408)
	at org.springframework.beans.factory.support.AbstractAutowireCapableBeanFactory.initializeBean(AbstractAutowireCapableBeanFactory.java:1566)
	at org.springframework.beans.factory.support.AbstractAutowireCapableBeanFactory.doCreateBean(AbstractAutowireCapableBeanFactory.java:539)
	at org.springframework.beans.factory.support.AbstractAutowireCapableBeanFactory.createBean(AbstractAutowireCapableBeanFactory.java:476)
	at org.springframework.beans.factory.support.AbstractBeanFactory$1.getObject(AbstractBeanFactory.java:303)
	at org.springframework.beans.factory.support.DefaultSingletonBeanRegistry.getSingleton(DefaultSingletonBeanRegistry.java:230)
	at org.springframework.beans.factory.support.AbstractBeanFactory.doGetBean(AbstractBeanFactory.java:299)
	at org.springframework.beans.factory.support.AbstractBeanFactory.getBean(AbstractBeanFactory.java:194)
	at org.springframework.beans.factory.support.DefaultListableBeanFactory.preInstantiateSingletons(DefaultListableBeanFactory.java:755)
	at org.springframework.context.support.AbstractApplicationContext.finishBeanFactoryInitialization(AbstractApplicationContext.java:757)
	at org.springframework.context.support.AbstractApplicationContext.refresh(AbstractApplicationContext.java:480)
	at org.springframework.context.support.ClassPathXmlApplicationContext.<init>(ClassPathXmlApplicationContext.java:139)
	at org.springframework.context.support.ClassPathXmlApplicationContext.<init>(ClassPathXmlApplicationContext.java:83)
	at cn.itrip.service.areadic.TestItripAreaDicService.testGetItripAreaDicListByMap(TestItripAreaDicService.java:18)
	at sun.reflect.NativeMethodAccessorImpl.invoke0(Native Method)
	at sun.reflect.NativeMethodAccessorImpl.invoke(NativeMethodAccessorImpl.java:62)
	at sun.reflect.DelegatingMethodAccessorImpl.invoke(DelegatingMethodAccessorImpl.java:43)
	at java.lang.reflect.Method.invoke(Method.java:498)
	at org.junit.runners.model.FrameworkMethod$1.runReflectiveCall(FrameworkMethod.java:47)
	at org.junit.internal.runners.model.ReflectiveCallable.run(ReflectiveCallable.java:12)
	at org.junit.runners.model.FrameworkMethod.invokeExplosively(FrameworkMethod.java:44)
	at org.junit.internal.runners.statements.InvokeMethod.evaluate(InvokeMethod.java:17)
	at org.junit.runners.ParentRunner.runLeaf(ParentRunner.java:271)
	at org.junit.runners.BlockJUnit4ClassRunner.runChild(BlockJUnit4ClassRunner.java:70)
	at org.junit.runners.BlockJUnit4ClassRunner.runChild(BlockJUnit4ClassRunner.java:50)
	at org.junit.runners.ParentRunner$3.run(ParentRunner.java:238)
	at org.junit.runners.ParentRunner$1.schedule(ParentRunner.java:63)
	at org.junit.runners.ParentRunner.runChildren(ParentRunner.java:236)
	at org.junit.runners.ParentRunner.access$000(ParentRunner.java:53)
	at org.junit.runners.ParentRunner$2.evaluate(ParentRunner.java:229)
	at org.junit.runners.ParentRunner.run(ParentRunner.java:309)
	at org.apache.maven.surefire.junit4.JUnit4Provider.execute(JUnit4Provider.java:369)
	at org.apache.maven.surefire.junit4.JUnit4Provider.executeWithRerun(JUnit4Provider.java:275)
	at org.apache.maven.surefire.junit4.JUnit4Provider.executeTestSet(JUnit4Provider.java:239)
	at org.apache.maven.surefire.junit4.JUnit4Provider.invoke(JUnit4Provider.java:160)
	at org.apache.maven.surefire.booter.ForkedBooter.invokeProviderInSameClassLoader(ForkedBooter.java:373)
	at org.apache.maven.surefire.booter.ForkedBooter.runSuitesInProcess(ForkedBooter.java:334)
	at org.apache.maven.surefire.booter.ForkedBooter.execute(ForkedBooter.java:119)
	at org.apache.maven.surefire.booter.ForkedBooter.main(ForkedBooter.java:407)
Caused by: com.mysql.jdbc.exceptions.jdbc4.MySQLNonTransientConnectionException: Data source rejected establishment of connection,  message from server: "Too many connections"
	at sun.reflect.NativeConstructorAccessorImpl.newInstance0(Native Method)
	at sun.reflect.NativeConstructorAccessorImpl.newInstance(NativeConstructorAccessorImpl.java:62)
	at sun.reflect.DelegatingConstructorAccessorImpl.newInstance(DelegatingConstructorAccessorImpl.java:45)
	at java.lang.reflect.Constructor.newInstance(Constructor.java:423)
	at com.mysql.jdbc.Util.handleNewInstance(Util.java:411)
	at com.mysql.jdbc.Util.getInstance(Util.java:386)
	at com.mysql.jdbc.SQLError.createSQLException(SQLError.java:1013)
	at com.mysql.jdbc.SQLError.createSQLException(SQLError.java:987)
	at com.mysql.jdbc.SQLError.createSQLException(SQLError.java:982)
	at com.mysql.jdbc.MysqlIO.doHandshake(MysqlIO.java:1128)
	at com.mysql.jdbc.ConnectionImpl.coreConnect(ConnectionImpl.java:2336)
	at com.mysql.jdbc.ConnectionImpl.connectOneTryOnly(ConnectionImpl.java:2369)
	at com.mysql.jdbc.ConnectionImpl.createNewIO(ConnectionImpl.java:2153)
	at com.mysql.jdbc.ConnectionImpl.<init>(ConnectionImpl.java:792)
	at com.mysql.jdbc.JDBC4Connection.<init>(JDBC4Connection.java:47)
	at sun.reflect.NativeConstructorAccessorImpl.newInstance0(Native Method)
	at sun.reflect.NativeConstructorAccessorImpl.newInstance(NativeConstructorAccessorImpl.java:62)
	at sun.reflect.DelegatingConstructorAccessorImpl.newInstance(DelegatingConstructorAccessorImpl.java:45)
	at java.lang.reflect.Constructor.newInstance(Constructor.java:423)
	at com.mysql.jdbc.Util.handleNewInstance(Util.java:411)
	at com.mysql.jdbc.ConnectionImpl.getInstance(ConnectionImpl.java:381)
	at com.mysql.jdbc.NonRegisteringDriver.connect(NonRegisteringDriver.java:305)
	at org.apache.commons.dbcp.DriverConnectionFactory.createConnection(DriverConnectionFactory.java:38)
	at org.apache.commons.dbcp.PoolableConnectionFactory.makeObject(PoolableConnectionFactory.java:582)
	at org.apache.commons.dbcp.BasicDataSource.validateConnectionFactory(BasicDataSource.java:1556)
	at org.apache.commons.dbcp.BasicDataSource.createPoolableConnectionFactory(BasicDataSource.java:1545)
	... 222 more
- (5468 ms) - [DEBUG] 2019-01-15 19:38:47,025 org.mybatis.spring.SqlSessionFactoryBean - Property 'mapperLocations' was not specified or no matching resources found
- (5469 ms) - [DEBUG] 2019-01-15 19:38:47,026 org.springframework.beans.factory.support.DefaultListableBeanFactory - Returning cached instance of singleton bean 'org.springframework.aop.support.DefaultBeanFactoryPointcutAdvisor#0'
- (5470 ms) - [DEBUG] 2019-01-15 19:38:47,027 org.springframework.beans.factory.support.DefaultListableBeanFactory - Returning cached instance of singleton bean 'org.springframework.aop.support.DefaultBeanFactoryPointcutAdvisor#0'
- (5498 ms) - [DEBUG] 2019-01-15 19:38:47,055 org.springframework.beans.factory.support.DefaultListableBeanFactory - Finished creating instance of bean 'sqlSessionFactoryBean'
- (5498 ms) - [DEBUG] 2019-01-15 19:38:47,055 org.springframework.beans.factory.support.DefaultListableBeanFactory - Returning cached instance of singleton bean 'org.springframework.aop.support.DefaultBeanFactoryPointcutAdvisor#0'
- (5499 ms) - [DEBUG] 2019-01-15 19:38:47,056 org.springframework.beans.factory.support.DefaultListableBeanFactory - Returning cached instance of singleton bean 'org.springframework.aop.support.DefaultBeanFactoryPointcutAdvisor#0'
- (5501 ms) - [DEBUG] 2019-01-15 19:38:47,058 org.springframework.beans.factory.support.DefaultListableBeanFactory - Autowiring by type from bean name 'itripUserLinkUserMapper' via property 'sqlSessionFactory' to bean named 'sqlSessionFactoryBean'
- (5503 ms) - [DEBUG] 2019-01-15 19:38:47,060 org.springframework.beans.factory.support.DefaultListableBeanFactory - Invoking afterPropertiesSet() on bean with name 'itripUserLinkUserMapper'
- (5519 ms) - [DEBUG] 2019-01-15 19:38:47,076 org.springframework.beans.factory.support.DefaultListableBeanFactory - Finished creating instance of bean 'itripUserLinkUserMapper'
- (5519 ms) - [DEBUG] 2019-01-15 19:38:47,076 org.springframework.beans.factory.support.DefaultListableBeanFactory - Returning cached instance of singleton bean 'sqlSessionFactoryBean'
- (5520 ms) - [DEBUG] 2019-01-15 19:38:47,077 org.springframework.beans.factory.support.DefaultListableBeanFactory - Autowiring by type from bean name 'itripUserMapper' via property 'sqlSessionFactory' to bean named 'sqlSessionFactoryBean'
- (5521 ms) - [DEBUG] 2019-01-15 19:38:47,078 org.springframework.beans.factory.support.DefaultListableBeanFactory - Invoking afterPropertiesSet() on bean with name 'itripUserMapper'
- (5528 ms) - [DEBUG] 2019-01-15 19:38:47,085 org.springframework.beans.factory.support.DefaultListableBeanFactory - Finished creating instance of bean 'itripUserMapper'
- (5529 ms) - [DEBUG] 2019-01-15 19:38:47,086 org.springframework.beans.factory.support.DefaultListableBeanFactory - Returning cached instance of singleton bean 'sqlSessionFactoryBean'
- (5529 ms) - [DEBUG] 2019-01-15 19:38:47,086 org.springframework.beans.factory.support.DefaultListableBeanFactory - Autowiring by type from bean name 'itripLabelDicMapper' via property 'sqlSessionFactory' to bean named 'sqlSessionFactoryBean'
- (5530 ms) - [DEBUG] 2019-01-15 19:38:47,087 org.springframework.beans.factory.support.DefaultListableBeanFactory - Invoking afterPropertiesSet() on bean with name 'itripLabelDicMapper'
- (5546 ms) - [DEBUG] 2019-01-15 19:38:47,103 org.springframework.beans.factory.support.DefaultListableBeanFactory - Finished creating instance of bean 'itripLabelDicMapper'
- (5547 ms) - [DEBUG] 2019-01-15 19:38:47,104 org.springframework.beans.factory.support.DefaultListableBeanFactory - Returning cached instance of singleton bean 'sqlSessionFactoryBean'
- (5547 ms) - [DEBUG] 2019-01-15 19:38:47,104 org.springframework.beans.factory.support.DefaultListableBeanFactory - Autowiring by type from bean name 'itripLabelMapper' via property 'sqlSessionFactory' to bean named 'sqlSessionFactoryBean'
- (5582 ms) - [DEBUG] 2019-01-15 19:38:47,139 org.springframework.beans.factory.support.DefaultListableBeanFactory - Invoking afterPropertiesSet() on bean with name 'itripLabelMapper'
- (5601 ms) - [DEBUG] 2019-01-15 19:38:47,158 org.springframework.beans.factory.support.DefaultListableBeanFactory - Finished creating instance of bean 'itripLabelMapper'
- (5601 ms) - [DEBUG] 2019-01-15 19:38:47,158 org.springframework.beans.factory.support.DefaultListableBeanFactory - Returning cached instance of singleton bean 'sqlSessionFactoryBean'
- (5603 ms) - [DEBUG] 2019-01-15 19:38:47,160 org.springframework.beans.factory.support.DefaultListableBeanFactory - Autowiring by type from bean name 'itripImageMapper' via property 'sqlSessionFactory' to bean named 'sqlSessionFactoryBean'
- (5604 ms) - [DEBUG] 2019-01-15 19:38:47,161 org.springframework.beans.factory.support.DefaultListableBeanFactory - Invoking afterPropertiesSet() on bean with name 'itripImageMapper'
- (5613 ms) - [DEBUG] 2019-01-15 19:38:47,170 org.springframework.beans.factory.support.DefaultListableBeanFactory - Finished creating instance of bean 'itripImageMapper'
- (5613 ms) - [DEBUG] 2019-01-15 19:38:47,170 org.springframework.beans.factory.support.DefaultListableBeanFactory - Returning cached instance of singleton bean 'sqlSessionFactoryBean'
- (5614 ms) - [DEBUG] 2019-01-15 19:38:47,171 org.springframework.beans.factory.support.DefaultListableBeanFactory - Autowiring by type from bean name 'itripHotelOrderMapper' via property 'sqlSessionFactory' to bean named 'sqlSessionFactoryBean'
- (5614 ms) - [DEBUG] 2019-01-15 19:38:47,171 org.springframework.beans.factory.support.DefaultListableBeanFactory - Invoking afterPropertiesSet() on bean with name 'itripHotelOrderMapper'
- (5622 ms) - [DEBUG] 2019-01-15 19:38:47,179 org.springframework.beans.factory.support.DefaultListableBeanFactory - Finished creating instance of bean 'itripHotelOrderMapper'
- (5622 ms) - [DEBUG] 2019-01-15 19:38:47,179 org.springframework.beans.factory.support.DefaultListableBeanFactory - Returning cached instance of singleton bean 'sqlSessionFactoryBean'
- (5623 ms) - [DEBUG] 2019-01-15 19:38:47,180 org.springframework.beans.factory.support.DefaultListableBeanFactory - Autowiring by type from bean name 'itripHotelMapper' via property 'sqlSessionFactory' to bean named 'sqlSessionFactoryBean'
- (5623 ms) - [DEBUG] 2019-01-15 19:38:47,180 org.springframework.beans.factory.support.DefaultListableBeanFactory - Invoking afterPropertiesSet() on bean with name 'itripHotelMapper'
- (5628 ms) - [DEBUG] 2019-01-15 19:38:47,185 org.springframework.beans.factory.support.DefaultListableBeanFactory - Finished creating instance of bean 'itripHotelMapper'
- (5629 ms) - [DEBUG] 2019-01-15 19:38:47,186 org.springframework.beans.factory.support.DefaultListableBeanFactory - Returning cached instance of singleton bean 'sqlSessionFactoryBean'
- (5629 ms) - [DEBUG] 2019-01-15 19:38:47,186 org.springframework.beans.factory.support.DefaultListableBeanFactory - Autowiring by type from bean name 'itripCommentMapper' via property 'sqlSessionFactory' to bean named 'sqlSessionFactoryBean'
- (5630 ms) - [DEBUG] 2019-01-15 19:38:47,187 org.springframework.beans.factory.support.DefaultListableBeanFactory - Invoking afterPropertiesSet() on bean with name 'itripCommentMapper'
- (5653 ms) - [DEBUG] 2019-01-15 19:38:47,210 org.springframework.beans.factory.support.DefaultListableBeanFactory - Finished creating instance of bean 'itripCommentMapper'
- (5654 ms) - [DEBUG] 2019-01-15 19:38:47,211 org.springframework.beans.factory.support.DefaultListableBeanFactory - Returning cached instance of singleton bean 'sqlSessionFactoryBean'
- (5654 ms) - [DEBUG] 2019-01-15 19:38:47,211 org.springframework.beans.factory.support.DefaultListableBeanFactory - Autowiring by type from bean name 'itripAreaDicMapper' via property 'sqlSessionFactory' to bean named 'sqlSessionFactoryBean'
- (5655 ms) - [DEBUG] 2019-01-15 19:38:47,212 org.springframework.beans.factory.support.DefaultListableBeanFactory - Invoking afterPropertiesSet() on bean with name 'itripAreaDicMapper'
- (5666 ms) - [DEBUG] 2019-01-15 19:38:47,223 org.springframework.beans.factory.support.DefaultListableBeanFactory - Finished creating instance of bean 'itripAreaDicMapper'
- (5666 ms) - [DEBUG] 2019-01-15 19:38:47,223 org.springframework.beans.factory.support.DefaultListableBeanFactory - Returning cached instance of singleton bean 'sqlSessionFactoryBean'
- (5667 ms) - [DEBUG] 2019-01-15 19:38:47,224 org.springframework.beans.factory.support.DefaultListableBeanFactory - Autowiring by type from bean name 'itripHotMapper' via property 'sqlSessionFactory' to bean named 'sqlSessionFactoryBean'
- (5668 ms) - [DEBUG] 2019-01-15 19:38:47,225 org.springframework.beans.factory.support.DefaultListableBeanFactory - Invoking afterPropertiesSet() on bean with name 'itripHotMapper'
- (5674 ms) - [DEBUG] 2019-01-15 19:38:47,231 org.springframework.beans.factory.support.DefaultListableBeanFactory - Finished creating instance of bean 'itripHotMapper'
- (5675 ms) - [DEBUG] 2019-01-15 19:38:47,232 org.springframework.web.servlet.handler.BeanNameUrlHandlerMapping - Rejected bean name 'org.springframework.web.servlet.resource.DefaultServletHttpRequestHandler#0': no URL paths identified
- (5675 ms) - [DEBUG] 2019-01-15 19:38:47,232 org.springframework.web.servlet.handler.BeanNameUrlHandlerMapping - Rejected bean name 'org.springframework.web.servlet.handler.SimpleUrlHandlerMapping#0': no URL paths identified
- (5675 ms) - [DEBUG] 2019-01-15 19:38:47,232 org.springframework.web.servlet.handler.BeanNameUrlHandlerMapping - Rejected bean name 'org.springframework.web.servlet.handler.BeanNameUrlHandlerMapping': no URL paths identified
- (5675 ms) - [DEBUG] 2019-01-15 19:38:47,232 org.springframework.web.servlet.handler.BeanNameUrlHandlerMapping - Rejected bean name 'org.springframework.web.servlet.mvc.HttpRequestHandlerAdapter': no URL paths identified
- (5675 ms) - [DEBUG] 2019-01-15 19:38:47,232 org.springframework.web.servlet.handler.BeanNameUrlHandlerMapping - Rejected bean name 'org.springframework.web.servlet.mvc.SimpleControllerHandlerAdapter': no URL paths identified
- (5676 ms) - [DEBUG] 2019-01-15 19:38:47,233 org.springframework.web.servlet.handler.BeanNameUrlHandlerMapping - Rejected bean name 'itripHotServiceImpl': no URL paths identified
- (5676 ms) - [DEBUG] 2019-01-15 19:38:47,233 org.springframework.web.servlet.handler.BeanNameUrlHandlerMapping - Rejected bean name 'itripAreaDicServiceImpl': no URL paths identified
- (5676 ms) - [DEBUG] 2019-01-15 19:38:47,233 org.springframework.web.servlet.handler.BeanNameUrlHandlerMapping - Rejected bean name 'itripCommentServiceImpl': no URL paths identified
- (5676 ms) - [DEBUG] 2019-01-15 19:38:47,233 org.springframework.web.servlet.handler.BeanNameUrlHandlerMapping - Rejected bean name 'itripHotelOrderServiceImpl': no URL paths identified
- (5676 ms) - [DEBUG] 2019-01-15 19:38:47,233 org.springframework.web.servlet.handler.BeanNameUrlHandlerMapping - Rejected bean name 'itripImageServiceImpl': no URL paths identified
- (5676 ms) - [DEBUG] 2019-01-15 19:38:47,233 org.springframework.web.servlet.handler.BeanNameUrlHandlerMapping - Rejected bean name 'itripLabelServiceImpl': no URL paths identified
- (5677 ms) - [DEBUG] 2019-01-15 19:38:47,234 org.springframework.web.servlet.handler.BeanNameUrlHandlerMapping - Rejected bean name 'itripLabelDicServiceImpl': no URL paths identified
- (5677 ms) - [DEBUG] 2019-01-15 19:38:47,234 org.springframework.web.servlet.handler.BeanNameUrlHandlerMapping - Rejected bean name 'itripUserServiceImpl': no URL paths identified
- (5679 ms) - [DEBUG] 2019-01-15 19:38:47,236 org.springframework.web.servlet.handler.BeanNameUrlHandlerMapping - Rejected bean name 'itripUserLinkUserServiceImpl': no URL paths identified
- (5680 ms) - [DEBUG] 2019-01-15 19:38:47,237 org.springframework.web.servlet.handler.BeanNameUrlHandlerMapping - Rejected bean name 'org.springframework.context.annotation.internalConfigurationAnnotationProcessor': no URL paths identified
- (5680 ms) - [DEBUG] 2019-01-15 19:38:47,237 org.springframework.web.servlet.handler.BeanNameUrlHandlerMapping - Rejected bean name 'org.springframework.context.annotation.internalAutowiredAnnotationProcessor': no URL paths identified
- (5680 ms) - [DEBUG] 2019-01-15 19:38:47,237 org.springframework.web.servlet.handler.BeanNameUrlHandlerMapping - Rejected bean name 'org.springframework.context.annotation.internalRequiredAnnotationProcessor': no URL paths identified
- (5680 ms) - [DEBUG] 2019-01-15 19:38:47,237 org.springframework.web.servlet.handler.BeanNameUrlHandlerMapping - Rejected bean name 'org.springframework.context.annotation.internalCommonAnnotationProcessor': no URL paths identified
- (5680 ms) - [DEBUG] 2019-01-15 19:38:47,237 org.springframework.web.servlet.handler.BeanNameUrlHandlerMapping - Rejected bean name 'org.springframework.context.support.PropertySourcesPlaceholderConfigurer#0': no URL paths identified
- (5681 ms) - [DEBUG] 2019-01-15 19:38:47,238 org.springframework.web.servlet.handler.BeanNameUrlHandlerMapping - Rejected bean name 'dataSource': no URL paths identified
- (5681 ms) - [DEBUG] 2019-01-15 19:38:47,238 org.springframework.web.servlet.handler.BeanNameUrlHandlerMapping - Rejected bean name 'txManager': no URL paths identified
- (5681 ms) - [DEBUG] 2019-01-15 19:38:47,238 org.springframework.web.servlet.handler.BeanNameUrlHandlerMapping - Rejected bean name 'sqlSessionFactoryBean': no URL paths identified
- (5681 ms) - [DEBUG] 2019-01-15 19:38:47,238 org.springframework.web.servlet.handler.BeanNameUrlHandlerMapping - Rejected bean name 'org.springframework.aop.config.internalAutoProxyCreator': no URL paths identified
- (5681 ms) - [DEBUG] 2019-01-15 19:38:47,238 org.springframework.web.servlet.handler.BeanNameUrlHandlerMapping - Rejected bean name 'transService': no URL paths identified
- (5681 ms) - [DEBUG] 2019-01-15 19:38:47,238 org.springframework.web.servlet.handler.BeanNameUrlHandlerMapping - Rejected bean name 'org.springframework.aop.support.DefaultBeanFactoryPointcutAdvisor#0': no URL paths identified
- (5682 ms) - [DEBUG] 2019-01-15 19:38:47,239 org.springframework.web.servlet.handler.BeanNameUrlHandlerMapping - Rejected bean name 'myAdvice': no URL paths identified
- (5682 ms) - [DEBUG] 2019-01-15 19:38:47,239 org.springframework.web.servlet.handler.BeanNameUrlHandlerMapping - Rejected bean name 'org.mybatis.spring.mapper.MapperScannerConfigurer#0': no URL paths identified
- (5682 ms) - [DEBUG] 2019-01-15 19:38:47,239 org.springframework.web.servlet.handler.BeanNameUrlHandlerMapping - Rejected bean name 'jedisPoolConfig': no URL paths identified
- (5682 ms) - [DEBUG] 2019-01-15 19:38:47,239 org.springframework.web.servlet.handler.BeanNameUrlHandlerMapping - Rejected bean name 'jedisPool': no URL paths identified
- (5682 ms) - [DEBUG] 2019-01-15 19:38:47,239 org.springframework.web.servlet.handler.BeanNameUrlHandlerMapping - Rejected bean name 'redisAPI': no URL paths identified
- (5682 ms) - [DEBUG] 2019-01-15 19:38:47,239 org.springframework.web.servlet.handler.BeanNameUrlHandlerMapping - Rejected bean name 'validationToken': no URL paths identified
- (5683 ms) - [DEBUG] 2019-01-15 19:38:47,240 org.springframework.web.servlet.handler.BeanNameUrlHandlerMapping - Rejected bean name 'org.springframework.context.annotation.ConfigurationClassPostProcessor.importAwareProcessor': no URL paths identified
- (5683 ms) - [DEBUG] 2019-01-15 19:38:47,240 org.springframework.web.servlet.handler.BeanNameUrlHandlerMapping - Rejected bean name 'org.springframework.context.annotation.ConfigurationClassPostProcessor.enhancedConfigurationProcessor': no URL paths identified
- (5683 ms) - [DEBUG] 2019-01-15 19:38:47,240 org.springframework.web.servlet.handler.BeanNameUrlHandlerMapping - Rejected bean name 'itripHotMapper': no URL paths identified
- (5683 ms) - [DEBUG] 2019-01-15 19:38:47,240 org.springframework.web.servlet.handler.BeanNameUrlHandlerMapping - Rejected bean name 'itripAreaDicMapper': no URL paths identified
- (5683 ms) - [DEBUG] 2019-01-15 19:38:47,240 org.springframework.web.servlet.handler.BeanNameUrlHandlerMapping - Rejected bean name 'itripCommentMapper': no URL paths identified
- (5683 ms) - [DEBUG] 2019-01-15 19:38:47,240 org.springframework.web.servlet.handler.BeanNameUrlHandlerMapping - Rejected bean name 'itripHotelMapper': no URL paths identified
- (5683 ms) - [DEBUG] 2019-01-15 19:38:47,240 org.springframework.web.servlet.handler.BeanNameUrlHandlerMapping - Rejected bean name 'itripHotelOrderMapper': no URL paths identified
- (5684 ms) - [DEBUG] 2019-01-15 19:38:47,241 org.springframework.web.servlet.handler.BeanNameUrlHandlerMapping - Rejected bean name 'itripImageMapper': no URL paths identified
- (5684 ms) - [DEBUG] 2019-01-15 19:38:47,241 org.springframework.web.servlet.handler.BeanNameUrlHandlerMapping - Rejected bean name 'itripLabelMapper': no URL paths identified
- (5684 ms) - [DEBUG] 2019-01-15 19:38:47,241 org.springframework.web.servlet.handler.BeanNameUrlHandlerMapping - Rejected bean name 'itripLabelDicMapper': no URL paths identified
- (5684 ms) - [DEBUG] 2019-01-15 19:38:47,241 org.springframework.web.servlet.handler.BeanNameUrlHandlerMapping - Rejected bean name 'itripUserMapper': no URL paths identified
- (5684 ms) - [DEBUG] 2019-01-15 19:38:47,241 org.springframework.web.servlet.handler.BeanNameUrlHandlerMapping - Rejected bean name 'itripUserLinkUserMapper': no URL paths identified
- (5685 ms) - [DEBUG] 2019-01-15 19:38:47,242 org.springframework.web.servlet.handler.BeanNameUrlHandlerMapping - Rejected bean name 'environment': no URL paths identified
- (5685 ms) - [DEBUG] 2019-01-15 19:38:47,242 org.springframework.web.servlet.handler.BeanNameUrlHandlerMapping - Rejected bean name 'systemProperties': no URL paths identified
- (5685 ms) - [DEBUG] 2019-01-15 19:38:47,242 org.springframework.web.servlet.handler.BeanNameUrlHandlerMapping - Rejected bean name 'systemEnvironment': no URL paths identified
- (5685 ms) - [DEBUG] 2019-01-15 19:38:47,242 org.springframework.web.servlet.handler.BeanNameUrlHandlerMapping - Rejected bean name 'org.springframework.context.annotation.ConfigurationClassPostProcessor.importRegistry': no URL paths identified
- (5685 ms) - [DEBUG] 2019-01-15 19:38:47,242 org.springframework.web.servlet.handler.BeanNameUrlHandlerMapping - Rejected bean name 'messageSource': no URL paths identified
- (5686 ms) - [DEBUG] 2019-01-15 19:38:47,243 org.springframework.web.servlet.handler.BeanNameUrlHandlerMapping - Rejected bean name 'applicationEventMulticaster': no URL paths identified
- (5686 ms) - [DEBUG] 2019-01-15 19:38:47,243 org.springframework.beans.factory.support.DefaultListableBeanFactory - Returning cached instance of singleton bean 'org.springframework.aop.support.DefaultBeanFactoryPointcutAdvisor#0'
- (5687 ms) - [DEBUG] 2019-01-15 19:38:47,244 org.springframework.beans.factory.support.DefaultListableBeanFactory - Returning cached instance of singleton bean 'org.springframework.aop.support.DefaultBeanFactoryPointcutAdvisor#0'
- (5688 ms) - [DEBUG] 2019-01-15 19:38:47,245 org.springframework.beans.factory.support.DefaultListableBeanFactory - Finished creating instance of bean 'org.springframework.web.servlet.handler.BeanNameUrlHandlerMapping'
- (5690 ms) - [DEBUG] 2019-01-15 19:38:47,247 org.springframework.beans.factory.support.DefaultListableBeanFactory - Creating shared instance of singleton bean 'org.springframework.web.servlet.mvc.HttpRequestHandlerAdapter'
- (5691 ms) - [DEBUG] 2019-01-15 19:38:47,248 org.springframework.beans.factory.support.DefaultListableBeanFactory - Creating instance of bean 'org.springframework.web.servlet.mvc.HttpRequestHandlerAdapter'
- (5691 ms) - [DEBUG] 2019-01-15 19:38:47,248 org.springframework.beans.factory.support.DefaultListableBeanFactory - Returning cached instance of singleton bean 'org.springframework.aop.support.DefaultBeanFactoryPointcutAdvisor#0'
- (5692 ms) - [DEBUG] 2019-01-15 19:38:47,249 org.springframework.beans.factory.support.DefaultListableBeanFactory - Eagerly caching bean 'org.springframework.web.servlet.mvc.HttpRequestHandlerAdapter' to allow for resolving potential circular references
- (5692 ms) - [DEBUG] 2019-01-15 19:38:47,249 org.springframework.beans.factory.support.DefaultListableBeanFactory - Returning cached instance of singleton bean 'org.springframework.aop.support.DefaultBeanFactoryPointcutAdvisor#0'
- (5713 ms) - [DEBUG] 2019-01-15 19:38:47,270 org.springframework.beans.factory.support.DefaultListableBeanFactory - Returning cached instance of singleton bean 'org.springframework.aop.support.DefaultBeanFactoryPointcutAdvisor#0'
- (5714 ms) - [DEBUG] 2019-01-15 19:38:47,271 org.springframework.beans.factory.support.DefaultListableBeanFactory - Finished creating instance of bean 'org.springframework.web.servlet.mvc.HttpRequestHandlerAdapter'
- (5714 ms) - [DEBUG] 2019-01-15 19:38:47,271 org.springframework.beans.factory.support.DefaultListableBeanFactory - Creating shared instance of singleton bean 'org.springframework.web.servlet.mvc.SimpleControllerHandlerAdapter'
- (5714 ms) - [DEBUG] 2019-01-15 19:38:47,271 org.springframework.beans.factory.support.DefaultListableBeanFactory - Creating instance of bean 'org.springframework.web.servlet.mvc.SimpleControllerHandlerAdapter'
- (5714 ms) - [DEBUG] 2019-01-15 19:38:47,271 org.springframework.beans.factory.support.DefaultListableBeanFactory - Returning cached instance of singleton bean 'org.springframework.aop.support.DefaultBeanFactoryPointcutAdvisor#0'
- (5715 ms) - [DEBUG] 2019-01-15 19:38:47,272 org.springframework.beans.factory.support.DefaultListableBeanFactory - Eagerly caching bean 'org.springframework.web.servlet.mvc.SimpleControllerHandlerAdapter' to allow for resolving potential circular references
- (5715 ms) - [DEBUG] 2019-01-15 19:38:47,272 org.springframework.beans.factory.support.DefaultListableBeanFactory - Returning cached instance of singleton bean 'org.springframework.aop.support.DefaultBeanFactoryPointcutAdvisor#0'
- (5715 ms) - [DEBUG] 2019-01-15 19:38:47,272 org.springframework.beans.factory.support.DefaultListableBeanFactory - Returning cached instance of singleton bean 'org.springframework.aop.support.DefaultBeanFactoryPointcutAdvisor#0'
- (5716 ms) - [DEBUG] 2019-01-15 19:38:47,273 org.springframework.beans.factory.support.DefaultListableBeanFactory - Finished creating instance of bean 'org.springframework.web.servlet.mvc.SimpleControllerHandlerAdapter'
- (5716 ms) - [DEBUG] 2019-01-15 19:38:47,273 org.springframework.beans.factory.support.DefaultListableBeanFactory - Creating shared instance of singleton bean 'itripHotServiceImpl'
- (5716 ms) - [DEBUG] 2019-01-15 19:38:47,273 org.springframework.beans.factory.support.DefaultListableBeanFactory - Creating instance of bean 'itripHotServiceImpl'
- (5716 ms) - [DEBUG] 2019-01-15 19:38:47,273 org.springframework.beans.factory.support.DefaultListableBeanFactory - Returning cached instance of singleton bean 'org.springframework.aop.support.DefaultBeanFactoryPointcutAdvisor#0'
- (5716 ms) - [DEBUG] 2019-01-15 19:38:47,273 org.springframework.beans.factory.annotation.InjectionMetadata - Registered injected element on class [cn.itrip.service.area.ItripHotServiceImpl]: ResourceElement for public cn.itrip.dao.area.ItripHotMapper cn.itrip.service.area.ItripHotServiceImpl.itripHotMapper
- (5717 ms) - [DEBUG] 2019-01-15 19:38:47,274 org.springframework.beans.factory.support.DefaultListableBeanFactory - Eagerly caching bean 'itripHotServiceImpl' to allow for resolving potential circular references
- (5717 ms) - [DEBUG] 2019-01-15 19:38:47,274 org.springframework.beans.factory.annotation.InjectionMetadata - Processing injected element of bean 'itripHotServiceImpl': ResourceElement for public cn.itrip.dao.area.ItripHotMapper cn.itrip.service.area.ItripHotServiceImpl.itripHotMapper
- (5717 ms) - [DEBUG] 2019-01-15 19:38:47,274 org.springframework.beans.factory.support.DefaultListableBeanFactory - Returning cached instance of singleton bean 'itripHotMapper'
- (5717 ms) - [DEBUG] 2019-01-15 19:38:47,274 org.springframework.beans.factory.support.DefaultListableBeanFactory - Returning cached instance of singleton bean 'org.springframework.aop.support.DefaultBeanFactoryPointcutAdvisor#0'
- (5717 ms) - [DEBUG] 2019-01-15 19:38:47,274 org.springframework.beans.factory.support.DefaultListableBeanFactory - Returning cached instance of singleton bean 'org.springframework.aop.support.DefaultBeanFactoryPointcutAdvisor#0'
- (5719 ms) - [DEBUG] 2019-01-15 19:38:47,276 org.springframework.beans.factory.support.DefaultListableBeanFactory - Returning cached instance of singleton bean 'org.springframework.aop.support.DefaultBeanFactoryPointcutAdvisor#0'
- (5720 ms) - [DEBUG] 2019-01-15 19:38:47,277 org.springframework.beans.factory.support.DefaultListableBeanFactory - Returning cached instance of singleton bean 'org.springframework.aop.support.DefaultBeanFactoryPointcutAdvisor#0'
- (5720 ms) - [DEBUG] 2019-01-15 19:38:47,277 org.springframework.beans.factory.support.DefaultListableBeanFactory - Creating shared instance of singleton bean 'myAdvice'
- (5720 ms) - [DEBUG] 2019-01-15 19:38:47,277 org.springframework.beans.factory.support.DefaultListableBeanFactory - Creating instance of bean 'myAdvice'
- (5721 ms) - [DEBUG] 2019-01-15 19:38:47,278 org.springframework.beans.factory.support.DefaultListableBeanFactory - Eagerly caching bean 'myAdvice' to allow for resolving potential circular references
- (5721 ms) - [DEBUG] 2019-01-15 19:38:47,278 org.springframework.beans.factory.support.DefaultListableBeanFactory - Creating shared instance of singleton bean 'txManager'
- (5721 ms) - [DEBUG] 2019-01-15 19:38:47,278 org.springframework.beans.factory.support.DefaultListableBeanFactory - Creating instance of bean 'txManager'
- (5722 ms) - [DEBUG] 2019-01-15 19:38:47,279 org.springframework.beans.factory.support.DefaultListableBeanFactory - Returning cached instance of singleton bean 'org.springframework.aop.support.DefaultBeanFactoryPointcutAdvisor#0'
- (5723 ms) - [DEBUG] 2019-01-15 19:38:47,280 org.springframework.beans.factory.support.DefaultListableBeanFactory - Eagerly caching bean 'txManager' to allow for resolving potential circular references
- (5723 ms) - [DEBUG] 2019-01-15 19:38:47,280 org.springframework.beans.factory.support.DefaultListableBeanFactory - Returning cached instance of singleton bean 'dataSource'
- (5724 ms) - [DEBUG] 2019-01-15 19:38:47,281 org.springframework.beans.factory.support.DefaultListableBeanFactory - Invoking afterPropertiesSet() on bean with name 'txManager'
- (5724 ms) - [DEBUG] 2019-01-15 19:38:47,281 org.springframework.beans.factory.support.DefaultListableBeanFactory - Returning cached instance of singleton bean 'org.springframework.aop.support.DefaultBeanFactoryPointcutAdvisor#0'
- (5724 ms) - [DEBUG] 2019-01-15 19:38:47,281 org.springframework.beans.factory.support.DefaultListableBeanFactory - Returning cached instance of singleton bean 'org.springframework.aop.support.DefaultBeanFactoryPointcutAdvisor#0'
- (5728 ms) - [DEBUG] 2019-01-15 19:38:47,285 org.springframework.beans.factory.support.DefaultListableBeanFactory - Finished creating instance of bean 'txManager'
- (5729 ms) - [DEBUG] 2019-01-15 19:38:47,286 org.springframework.beans.factory.support.DefaultListableBeanFactory - Creating instance of bean '(inner bean)#160ac7fb'
- (5729 ms) - [DEBUG] 2019-01-15 19:38:47,286 org.springframework.beans.factory.support.DefaultListableBeanFactory - Returning cached instance of singleton bean 'org.springframework.aop.support.DefaultBeanFactoryPointcutAdvisor#0'
- (5730 ms) - [DEBUG] 2019-01-15 19:38:47,287 org.springframework.transaction.interceptor.NameMatchTransactionAttributeSource - Adding transactional method [itriptx*] with attribute [PROPAGATION_REQUIRED,ISOLATION_DEFAULT,-Exception]
- (5730 ms) - [DEBUG] 2019-01-15 19:38:47,287 org.springframework.transaction.interceptor.NameMatchTransactionAttributeSource - Adding transactional method [*] with attribute [PROPAGATION_REQUIRED,ISOLATION_DEFAULT]
- (5730 ms) - [DEBUG] 2019-01-15 19:38:47,287 org.springframework.beans.factory.support.DefaultListableBeanFactory - Returning cached instance of singleton bean 'org.springframework.aop.support.DefaultBeanFactoryPointcutAdvisor#0'
- (5730 ms) - [DEBUG] 2019-01-15 19:38:47,287 org.springframework.beans.factory.support.DefaultListableBeanFactory - Returning cached instance of singleton bean 'org.springframework.aop.support.DefaultBeanFactoryPointcutAdvisor#0'
- (5731 ms) - [DEBUG] 2019-01-15 19:38:47,288 org.springframework.beans.factory.support.DefaultListableBeanFactory - Finished creating instance of bean '(inner bean)#160ac7fb'
- (5732 ms) - [DEBUG] 2019-01-15 19:38:47,289 org.springframework.beans.factory.support.DefaultListableBeanFactory - Invoking afterPropertiesSet() on bean with name 'myAdvice'
- (5732 ms) - [DEBUG] 2019-01-15 19:38:47,289 org.springframework.beans.factory.support.DefaultListableBeanFactory - Finished creating instance of bean 'myAdvice'
- (5732 ms) - [DEBUG] 2019-01-15 19:38:47,289 org.springframework.aop.aspectj.annotation.AnnotationAwareAspectJAutoProxyCreator - Creating implicit proxy for bean 'itripHotServiceImpl' with 0 common interceptors and 2 specific interceptors
- (5732 ms) - [DEBUG] 2019-01-15 19:38:47,289 org.springframework.aop.framework.CglibAopProxy - Creating CGLIB proxy: target source is SingletonTargetSource for target object [cn.itrip.service.area.ItripHotServiceImpl@6c6c5427]
- (5733 ms) - [DEBUG] 2019-01-15 19:38:47,290 org.springframework.beans.factory.support.DefaultListableBeanFactory - Finished creating instance of bean 'itripHotServiceImpl'
- (5733 ms) - [DEBUG] 2019-01-15 19:38:47,290 org.springframework.beans.factory.support.DefaultListableBeanFactory - Creating shared instance of singleton bean 'itripAreaDicServiceImpl'
- (5733 ms) - [DEBUG] 2019-01-15 19:38:47,290 org.springframework.beans.factory.support.DefaultListableBeanFactory - Creating instance of bean 'itripAreaDicServiceImpl'
- (5734 ms) - [DEBUG] 2019-01-15 19:38:47,291 org.springframework.beans.factory.support.DefaultListableBeanFactory - Returning cached instance of singleton bean 'org.springframework.aop.support.DefaultBeanFactoryPointcutAdvisor#0'
- (5734 ms) - [DEBUG] 2019-01-15 19:38:47,291 org.springframework.beans.factory.annotation.InjectionMetadata - Registered injected element on class [cn.itrip.service.areadic.ItripAreaDicServiceImpl]: ResourceElement for private cn.itrip.dao.areadic.ItripAreaDicMapper cn.itrip.service.areadic.ItripAreaDicServiceImpl.itripAreaDicMapper
- (5734 ms) - [DEBUG] 2019-01-15 19:38:47,291 org.springframework.beans.factory.support.DefaultListableBeanFactory - Eagerly caching bean 'itripAreaDicServiceImpl' to allow for resolving potential circular references
- (5734 ms) - [DEBUG] 2019-01-15 19:38:47,291 org.springframework.beans.factory.annotation.InjectionMetadata - Processing injected element of bean 'itripAreaDicServiceImpl': ResourceElement for private cn.itrip.dao.areadic.ItripAreaDicMapper cn.itrip.service.areadic.ItripAreaDicServiceImpl.itripAreaDicMapper
- (5735 ms) - [DEBUG] 2019-01-15 19:38:47,292 org.springframework.beans.factory.support.DefaultListableBeanFactory - Returning cached instance of singleton bean 'itripAreaDicMapper'
- (5735 ms) - [DEBUG] 2019-01-15 19:38:47,292 org.springframework.beans.factory.support.DefaultListableBeanFactory - Returning cached instance of singleton bean 'org.springframework.aop.support.DefaultBeanFactoryPointcutAdvisor#0'
- (5735 ms) - [DEBUG] 2019-01-15 19:38:47,292 org.springframework.beans.factory.support.DefaultListableBeanFactory - Returning cached instance of singleton bean 'org.springframework.aop.support.DefaultBeanFactoryPointcutAdvisor#0'
- (5736 ms) - [DEBUG] 2019-01-15 19:38:47,293 org.springframework.beans.factory.support.DefaultListableBeanFactory - Returning cached instance of singleton bean 'org.springframework.aop.support.DefaultBeanFactoryPointcutAdvisor#0'
- (5737 ms) - [DEBUG] 2019-01-15 19:38:47,294 org.springframework.beans.factory.support.DefaultListableBeanFactory - Returning cached instance of singleton bean 'org.springframework.aop.support.DefaultBeanFactoryPointcutAdvisor#0'
- (5737 ms) - [DEBUG] 2019-01-15 19:38:47,294 org.springframework.aop.aspectj.annotation.AnnotationAwareAspectJAutoProxyCreator - Creating implicit proxy for bean 'itripAreaDicServiceImpl' with 0 common interceptors and 2 specific interceptors
- (5737 ms) - [DEBUG] 2019-01-15 19:38:47,294 org.springframework.aop.framework.CglibAopProxy - Creating CGLIB proxy: target source is SingletonTargetSource for target object [cn.itrip.service.areadic.ItripAreaDicServiceImpl@5b40ceb]
- (5738 ms) - [DEBUG] 2019-01-15 19:38:47,295 org.springframework.beans.factory.support.DefaultListableBeanFactory - Finished creating instance of bean 'itripAreaDicServiceImpl'
- (5738 ms) - [DEBUG] 2019-01-15 19:38:47,295 org.springframework.beans.factory.support.DefaultListableBeanFactory - Creating shared instance of singleton bean 'itripCommentServiceImpl'
- (5738 ms) - [DEBUG] 2019-01-15 19:38:47,295 org.springframework.beans.factory.support.DefaultListableBeanFactory - Creating instance of bean 'itripCommentServiceImpl'
- (5738 ms) - [DEBUG] 2019-01-15 19:38:47,295 org.springframework.beans.factory.support.DefaultListableBeanFactory - Returning cached instance of singleton bean 'org.springframework.aop.support.DefaultBeanFactoryPointcutAdvisor#0'
- (5739 ms) - [DEBUG] 2019-01-15 19:38:47,296 org.springframework.beans.factory.annotation.InjectionMetadata - Registered injected element on class [cn.itrip.service.comment.ItripCommentServiceImpl]: ResourceElement for public cn.itrip.dao.comment.ItripCommentMapper cn.itrip.service.comment.ItripCommentServiceImpl.itripCommentMapper
- (5739 ms) - [DEBUG] 2019-01-15 19:38:47,296 org.springframework.beans.factory.support.DefaultListableBeanFactory - Eagerly caching bean 'itripCommentServiceImpl' to allow for resolving potential circular references
- (5739 ms) - [DEBUG] 2019-01-15 19:38:47,296 org.springframework.beans.factory.annotation.InjectionMetadata - Processing injected element of bean 'itripCommentServiceImpl': ResourceElement for public cn.itrip.dao.comment.ItripCommentMapper cn.itrip.service.comment.ItripCommentServiceImpl.itripCommentMapper
- (5739 ms) - [DEBUG] 2019-01-15 19:38:47,296 org.springframework.beans.factory.support.DefaultListableBeanFactory - Returning cached instance of singleton bean 'itripCommentMapper'
- (5740 ms) - [DEBUG] 2019-01-15 19:38:47,297 org.springframework.beans.factory.support.DefaultListableBeanFactory - Returning cached instance of singleton bean 'org.springframework.aop.support.DefaultBeanFactoryPointcutAdvisor#0'
- (5740 ms) - [DEBUG] 2019-01-15 19:38:47,297 org.springframework.beans.factory.support.DefaultListableBeanFactory - Returning cached instance of singleton bean 'org.springframework.aop.support.DefaultBeanFactoryPointcutAdvisor#0'
- (5741 ms) - [DEBUG] 2019-01-15 19:38:47,298 org.springframework.beans.factory.support.DefaultListableBeanFactory - Returning cached instance of singleton bean 'org.springframework.aop.support.DefaultBeanFactoryPointcutAdvisor#0'
- (5742 ms) - [DEBUG] 2019-01-15 19:38:47,299 org.springframework.beans.factory.support.DefaultListableBeanFactory - Returning cached instance of singleton bean 'org.springframework.aop.support.DefaultBeanFactoryPointcutAdvisor#0'
- (5742 ms) - [DEBUG] 2019-01-15 19:38:47,299 org.springframework.aop.aspectj.annotation.AnnotationAwareAspectJAutoProxyCreator - Creating implicit proxy for bean 'itripCommentServiceImpl' with 0 common interceptors and 2 specific interceptors
- (5742 ms) - [DEBUG] 2019-01-15 19:38:47,299 org.springframework.aop.framework.CglibAopProxy - Creating CGLIB proxy: target source is SingletonTargetSource for target object [cn.itrip.service.comment.ItripCommentServiceImpl@1d8062d2]
- (5745 ms) - [DEBUG] 2019-01-15 19:38:47,302 org.springframework.beans.factory.support.DefaultListableBeanFactory - Finished creating instance of bean 'itripCommentServiceImpl'
- (5745 ms) - [DEBUG] 2019-01-15 19:38:47,302 org.springframework.beans.factory.support.DefaultListableBeanFactory - Creating shared instance of singleton bean 'itripHotelOrderServiceImpl'
- (5746 ms) - [DEBUG] 2019-01-15 19:38:47,303 org.springframework.beans.factory.support.DefaultListableBeanFactory - Creating instance of bean 'itripHotelOrderServiceImpl'
- (5746 ms) - [DEBUG] 2019-01-15 19:38:47,303 org.springframework.beans.factory.support.DefaultListableBeanFactory - Returning cached instance of singleton bean 'org.springframework.aop.support.DefaultBeanFactoryPointcutAdvisor#0'
- (5747 ms) - [DEBUG] 2019-01-15 19:38:47,304 org.springframework.beans.factory.annotation.InjectionMetadata - Registered injected element on class [cn.itrip.service.hotelorder.ItripHotelOrderServiceImpl]: ResourceElement for public cn.itrip.dao.hotelorder.ItripHotelOrderMapper cn.itrip.service.hotelorder.ItripHotelOrderServiceImpl.itripHotelOrderMapper
- (5747 ms) - [DEBUG] 2019-01-15 19:38:47,304 org.springframework.beans.factory.support.DefaultListableBeanFactory - Eagerly caching bean 'itripHotelOrderServiceImpl' to allow for resolving potential circular references
- (5747 ms) - [DEBUG] 2019-01-15 19:38:47,304 org.springframework.beans.factory.annotation.InjectionMetadata - Processing injected element of bean 'itripHotelOrderServiceImpl': ResourceElement for public cn.itrip.dao.hotelorder.ItripHotelOrderMapper cn.itrip.service.hotelorder.ItripHotelOrderServiceImpl.itripHotelOrderMapper
- (5748 ms) - [DEBUG] 2019-01-15 19:38:47,305 org.springframework.beans.factory.support.DefaultListableBeanFactory - Returning cached instance of singleton bean 'itripHotelOrderMapper'
- (5748 ms) - [DEBUG] 2019-01-15 19:38:47,305 org.springframework.beans.factory.support.DefaultListableBeanFactory - Returning cached instance of singleton bean 'org.springframework.aop.support.DefaultBeanFactoryPointcutAdvisor#0'
- (5748 ms) - [DEBUG] 2019-01-15 19:38:47,305 org.springframework.beans.factory.support.DefaultListableBeanFactory - Returning cached instance of singleton bean 'org.springframework.aop.support.DefaultBeanFactoryPointcutAdvisor#0'
- (5750 ms) - [DEBUG] 2019-01-15 19:38:47,307 org.springframework.beans.factory.support.DefaultListableBeanFactory - Returning cached instance of singleton bean 'org.springframework.aop.support.DefaultBeanFactoryPointcutAdvisor#0'
- (5750 ms) - [DEBUG] 2019-01-15 19:38:47,307 org.springframework.beans.factory.support.DefaultListableBeanFactory - Returning cached instance of singleton bean 'org.springframework.aop.support.DefaultBeanFactoryPointcutAdvisor#0'
- (5750 ms) - [DEBUG] 2019-01-15 19:38:47,307 org.springframework.aop.aspectj.annotation.AnnotationAwareAspectJAutoProxyCreator - Creating implicit proxy for bean 'itripHotelOrderServiceImpl' with 0 common interceptors and 2 specific interceptors
- (5751 ms) - [DEBUG] 2019-01-15 19:38:47,308 org.springframework.aop.framework.CglibAopProxy - Creating CGLIB proxy: target source is SingletonTargetSource for target object [cn.itrip.service.hotelorder.ItripHotelOrderServiceImpl@60f7cc1d]
- (5751 ms) - [DEBUG] 2019-01-15 19:38:47,308 org.springframework.beans.factory.support.DefaultListableBeanFactory - Finished creating instance of bean 'itripHotelOrderServiceImpl'
- (5752 ms) - [DEBUG] 2019-01-15 19:38:47,309 org.springframework.beans.factory.support.DefaultListableBeanFactory - Creating shared instance of singleton bean 'itripImageServiceImpl'
- (5752 ms) - [DEBUG] 2019-01-15 19:38:47,309 org.springframework.beans.factory.support.DefaultListableBeanFactory - Creating instance of bean 'itripImageServiceImpl'
- (5752 ms) - [DEBUG] 2019-01-15 19:38:47,309 org.springframework.beans.factory.support.DefaultListableBeanFactory - Returning cached instance of singleton bean 'org.springframework.aop.support.DefaultBeanFactoryPointcutAdvisor#0'
- (5753 ms) - [DEBUG] 2019-01-15 19:38:47,310 org.springframework.beans.factory.annotation.InjectionMetadata - Registered injected element on class [cn.itrip.service.image.ItripImageServiceImpl]: ResourceElement for public cn.itrip.dao.image.ItripImageMapper cn.itrip.service.image.ItripImageServiceImpl.itripImageMapper
- (5753 ms) - [DEBUG] 2019-01-15 19:38:47,310 org.springframework.beans.factory.support.DefaultListableBeanFactory - Eagerly caching bean 'itripImageServiceImpl' to allow for resolving potential circular references
- (5784 ms) - [DEBUG] 2019-01-15 19:38:47,341 org.springframework.beans.factory.annotation.InjectionMetadata - Processing injected element of bean 'itripImageServiceImpl': ResourceElement for public cn.itrip.dao.image.ItripImageMapper cn.itrip.service.image.ItripImageServiceImpl.itripImageMapper
- (5784 ms) - [DEBUG] 2019-01-15 19:38:47,341 org.springframework.beans.factory.support.DefaultListableBeanFactory - Returning cached instance of singleton bean 'itripImageMapper'
- (5784 ms) - [DEBUG] 2019-01-15 19:38:47,341 org.springframework.beans.factory.support.DefaultListableBeanFactory - Returning cached instance of singleton bean 'org.springframework.aop.support.DefaultBeanFactoryPointcutAdvisor#0'
- (5785 ms) - [DEBUG] 2019-01-15 19:38:47,342 org.springframework.beans.factory.support.DefaultListableBeanFactory - Returning cached instance of singleton bean 'org.springframework.aop.support.DefaultBeanFactoryPointcutAdvisor#0'
- (5785 ms) - [DEBUG] 2019-01-15 19:38:47,342 org.springframework.beans.factory.support.DefaultListableBeanFactory - Returning cached instance of singleton bean 'org.springframework.aop.support.DefaultBeanFactoryPointcutAdvisor#0'
- (5786 ms) - [DEBUG] 2019-01-15 19:38:47,343 org.springframework.beans.factory.support.DefaultListableBeanFactory - Returning cached instance of singleton bean 'org.springframework.aop.support.DefaultBeanFactoryPointcutAdvisor#0'
- (5786 ms) - [DEBUG] 2019-01-15 19:38:47,343 org.springframework.aop.aspectj.annotation.AnnotationAwareAspectJAutoProxyCreator - Creating implicit proxy for bean 'itripImageServiceImpl' with 0 common interceptors and 2 specific interceptors
- (5787 ms) - [DEBUG] 2019-01-15 19:38:47,344 org.springframework.aop.framework.CglibAopProxy - Creating CGLIB proxy: target source is SingletonTargetSource for target object [cn.itrip.service.image.ItripImageServiceImpl@4721d212]
- (5788 ms) - [DEBUG] 2019-01-15 19:38:47,345 org.springframework.beans.factory.support.DefaultListableBeanFactory - Finished creating instance of bean 'itripImageServiceImpl'
- (5788 ms) - [DEBUG] 2019-01-15 19:38:47,345 org.springframework.beans.factory.support.DefaultListableBeanFactory - Creating shared instance of singleton bean 'itripLabelServiceImpl'
- (5788 ms) - [DEBUG] 2019-01-15 19:38:47,345 org.springframework.beans.factory.support.DefaultListableBeanFactory - Creating instance of bean 'itripLabelServiceImpl'
- (5788 ms) - [DEBUG] 2019-01-15 19:38:47,345 org.springframework.beans.factory.support.DefaultListableBeanFactory - Returning cached instance of singleton bean 'org.springframework.aop.support.DefaultBeanFactoryPointcutAdvisor#0'
- (5788 ms) - [DEBUG] 2019-01-15 19:38:47,345 org.springframework.beans.factory.annotation.InjectionMetadata - Registered injected element on class [cn.itrip.service.label.ItripLabelServiceImpl]: ResourceElement for public cn.itrip.dao.label.ItripLabelMapper cn.itrip.service.label.ItripLabelServiceImpl.itripLabelMapper
- (5789 ms) - [DEBUG] 2019-01-15 19:38:47,346 org.springframework.beans.factory.support.DefaultListableBeanFactory - Eagerly caching bean 'itripLabelServiceImpl' to allow for resolving potential circular references
- (5790 ms) - [DEBUG] 2019-01-15 19:38:47,347 org.springframework.beans.factory.annotation.InjectionMetadata - Processing injected element of bean 'itripLabelServiceImpl': ResourceElement for public cn.itrip.dao.label.ItripLabelMapper cn.itrip.service.label.ItripLabelServiceImpl.itripLabelMapper
- (5790 ms) - [DEBUG] 2019-01-15 19:38:47,347 org.springframework.beans.factory.support.DefaultListableBeanFactory - Returning cached instance of singleton bean 'itripLabelMapper'
- (5790 ms) - [DEBUG] 2019-01-15 19:38:47,347 org.springframework.beans.factory.support.DefaultListableBeanFactory - Returning cached instance of singleton bean 'org.springframework.aop.support.DefaultBeanFactoryPointcutAdvisor#0'
- (5790 ms) - [DEBUG] 2019-01-15 19:38:47,347 org.springframework.beans.factory.support.DefaultListableBeanFactory - Returning cached instance of singleton bean 'org.springframework.aop.support.DefaultBeanFactoryPointcutAdvisor#0'
- (5791 ms) - [DEBUG] 2019-01-15 19:38:47,348 org.springframework.beans.factory.support.DefaultListableBeanFactory - Returning cached instance of singleton bean 'org.springframework.aop.support.DefaultBeanFactoryPointcutAdvisor#0'
- (5791 ms) - [DEBUG] 2019-01-15 19:38:47,348 org.springframework.beans.factory.support.DefaultListableBeanFactory - Returning cached instance of singleton bean 'org.springframework.aop.support.DefaultBeanFactoryPointcutAdvisor#0'
- (5792 ms) - [DEBUG] 2019-01-15 19:38:47,349 org.springframework.aop.aspectj.annotation.AnnotationAwareAspectJAutoProxyCreator - Creating implicit proxy for bean 'itripLabelServiceImpl' with 0 common interceptors and 2 specific interceptors
- (5792 ms) - [DEBUG] 2019-01-15 19:38:47,349 org.springframework.aop.framework.CglibAopProxy - Creating CGLIB proxy: target source is SingletonTargetSource for target object [cn.itrip.service.label.ItripLabelServiceImpl@45cff11c]
- (5793 ms) - [DEBUG] 2019-01-15 19:38:47,350 org.springframework.beans.factory.support.DefaultListableBeanFactory - Finished creating instance of bean 'itripLabelServiceImpl'
- (5793 ms) - [DEBUG] 2019-01-15 19:38:47,350 org.springframework.beans.factory.support.DefaultListableBeanFactory - Creating shared instance of singleton bean 'itripLabelDicServiceImpl'
- (5793 ms) - [DEBUG] 2019-01-15 19:38:47,350 org.springframework.beans.factory.support.DefaultListableBeanFactory - Creating instance of bean 'itripLabelDicServiceImpl'
- (5793 ms) - [DEBUG] 2019-01-15 19:38:47,350 org.springframework.beans.factory.support.DefaultListableBeanFactory - Returning cached instance of singleton bean 'org.springframework.aop.support.DefaultBeanFactoryPointcutAdvisor#0'
- (5794 ms) - [DEBUG] 2019-01-15 19:38:47,351 org.springframework.beans.factory.annotation.InjectionMetadata - Registered injected element on class [cn.itrip.service.labeldic.ItripLabelDicServiceImpl]: ResourceElement for private cn.itrip.dao.labeldic.ItripLabelDicMapper cn.itrip.service.labeldic.ItripLabelDicServiceImpl.itripLabelDicMapper
- (5794 ms) - [DEBUG] 2019-01-15 19:38:47,351 org.springframework.beans.factory.support.DefaultListableBeanFactory - Eagerly caching bean 'itripLabelDicServiceImpl' to allow for resolving potential circular references
- (5794 ms) - [DEBUG] 2019-01-15 19:38:47,351 org.springframework.beans.factory.annotation.InjectionMetadata - Processing injected element of bean 'itripLabelDicServiceImpl': ResourceElement for private cn.itrip.dao.labeldic.ItripLabelDicMapper cn.itrip.service.labeldic.ItripLabelDicServiceImpl.itripLabelDicMapper
- (5794 ms) - [DEBUG] 2019-01-15 19:38:47,351 org.springframework.beans.factory.support.DefaultListableBeanFactory - Returning cached instance of singleton bean 'itripLabelDicMapper'
- (5795 ms) - [DEBUG] 2019-01-15 19:38:47,352 org.springframework.beans.factory.support.DefaultListableBeanFactory - Returning cached instance of singleton bean 'org.springframework.aop.support.DefaultBeanFactoryPointcutAdvisor#0'
- (5795 ms) - [DEBUG] 2019-01-15 19:38:47,352 org.springframework.beans.factory.support.DefaultListableBeanFactory - Returning cached instance of singleton bean 'org.springframework.aop.support.DefaultBeanFactoryPointcutAdvisor#0'
- (5796 ms) - [DEBUG] 2019-01-15 19:38:47,353 org.springframework.beans.factory.support.DefaultListableBeanFactory - Returning cached instance of singleton bean 'org.springframework.aop.support.DefaultBeanFactoryPointcutAdvisor#0'
- (5796 ms) - [DEBUG] 2019-01-15 19:38:47,353 org.springframework.beans.factory.support.DefaultListableBeanFactory - Returning cached instance of singleton bean 'org.springframework.aop.support.DefaultBeanFactoryPointcutAdvisor#0'
- (5797 ms) - [DEBUG] 2019-01-15 19:38:47,354 org.springframework.aop.aspectj.annotation.AnnotationAwareAspectJAutoProxyCreator - Creating implicit proxy for bean 'itripLabelDicServiceImpl' with 0 common interceptors and 2 specific interceptors
- (5797 ms) - [DEBUG] 2019-01-15 19:38:47,354 org.springframework.aop.framework.CglibAopProxy - Creating CGLIB proxy: target source is SingletonTargetSource for target object [cn.itrip.service.labeldic.ItripLabelDicServiceImpl@56c9bbd8]
- (5798 ms) - [DEBUG] 2019-01-15 19:38:47,355 org.springframework.beans.factory.support.DefaultListableBeanFactory - Finished creating instance of bean 'itripLabelDicServiceImpl'
- (5799 ms) - [DEBUG] 2019-01-15 19:38:47,356 org.springframework.beans.factory.support.DefaultListableBeanFactory - Creating shared instance of singleton bean 'itripUserServiceImpl'
- (5799 ms) - [DEBUG] 2019-01-15 19:38:47,356 org.springframework.beans.factory.support.DefaultListableBeanFactory - Creating instance of bean 'itripUserServiceImpl'
- (5799 ms) - [DEBUG] 2019-01-15 19:38:47,356 org.springframework.beans.factory.support.DefaultListableBeanFactory - Returning cached instance of singleton bean 'org.springframework.aop.support.DefaultBeanFactoryPointcutAdvisor#0'
- (5799 ms) - [DEBUG] 2019-01-15 19:38:47,356 org.springframework.beans.factory.annotation.InjectionMetadata - Registered injected element on class [cn.itrip.service.user.ItripUserServiceImpl]: ResourceElement for private cn.itrip.dao.user.ItripUserMapper cn.itrip.service.user.ItripUserServiceImpl.itripUserMapper
- (5799 ms) - [DEBUG] 2019-01-15 19:38:47,356 org.springframework.beans.factory.support.DefaultListableBeanFactory - Eagerly caching bean 'itripUserServiceImpl' to allow for resolving potential circular references
- (5800 ms) - [DEBUG] 2019-01-15 19:38:47,357 org.springframework.beans.factory.annotation.InjectionMetadata - Processing injected element of bean 'itripUserServiceImpl': ResourceElement for private cn.itrip.dao.user.ItripUserMapper cn.itrip.service.user.ItripUserServiceImpl.itripUserMapper
- (5800 ms) - [DEBUG] 2019-01-15 19:38:47,357 org.springframework.beans.factory.support.DefaultListableBeanFactory - Returning cached instance of singleton bean 'itripUserMapper'
- (5800 ms) - [DEBUG] 2019-01-15 19:38:47,357 org.springframework.beans.factory.support.DefaultListableBeanFactory - Returning cached instance of singleton bean 'org.springframework.aop.support.DefaultBeanFactoryPointcutAdvisor#0'
- (5800 ms) - [DEBUG] 2019-01-15 19:38:47,357 org.springframework.beans.factory.support.DefaultListableBeanFactory - Returning cached instance of singleton bean 'org.springframework.aop.support.DefaultBeanFactoryPointcutAdvisor#0'
- (5804 ms) - [DEBUG] 2019-01-15 19:38:47,361 org.springframework.beans.factory.support.DefaultListableBeanFactory - Returning cached instance of singleton bean 'org.springframework.aop.support.DefaultBeanFactoryPointcutAdvisor#0'
- (5804 ms) - [DEBUG] 2019-01-15 19:38:47,361 org.springframework.beans.factory.support.DefaultListableBeanFactory - Returning cached instance of singleton bean 'org.springframework.aop.support.DefaultBeanFactoryPointcutAdvisor#0'
- (5804 ms) - [DEBUG] 2019-01-15 19:38:47,361 org.springframework.aop.aspectj.annotation.AnnotationAwareAspectJAutoProxyCreator - Creating implicit proxy for bean 'itripUserServiceImpl' with 0 common interceptors and 2 specific interceptors
- (5805 ms) - [DEBUG] 2019-01-15 19:38:47,362 org.springframework.aop.framework.CglibAopProxy - Creating CGLIB proxy: target source is SingletonTargetSource for target object [cn.itrip.service.user.ItripUserServiceImpl@239b0f9d]
- (5806 ms) - [DEBUG] 2019-01-15 19:38:47,363 org.springframework.beans.factory.support.DefaultListableBeanFactory - Finished creating instance of bean 'itripUserServiceImpl'
- (5807 ms) - [DEBUG] 2019-01-15 19:38:47,364 org.springframework.beans.factory.support.DefaultListableBeanFactory - Creating shared instance of singleton bean 'itripUserLinkUserServiceImpl'
- (5807 ms) - [DEBUG] 2019-01-15 19:38:47,364 org.springframework.beans.factory.support.DefaultListableBeanFactory - Creating instance of bean 'itripUserLinkUserServiceImpl'
- (5807 ms) - [DEBUG] 2019-01-15 19:38:47,364 org.springframework.beans.factory.support.DefaultListableBeanFactory - Returning cached instance of singleton bean 'org.springframework.aop.support.DefaultBeanFactoryPointcutAdvisor#0'
- (5807 ms) - [DEBUG] 2019-01-15 19:38:47,364 org.springframework.beans.factory.annotation.InjectionMetadata - Registered injected element on class [cn.itrip.service.userlinkuser.ItripUserLinkUserServiceImpl]: ResourceElement for private cn.itrip.dao.userlinkuser.ItripUserLinkUserMapper cn.itrip.service.userlinkuser.ItripUserLinkUserServiceImpl.itripUserLinkUserMapper
- (5808 ms) - [DEBUG] 2019-01-15 19:38:47,365 org.springframework.beans.factory.support.DefaultListableBeanFactory - Eagerly caching bean 'itripUserLinkUserServiceImpl' to allow for resolving potential circular references
- (5808 ms) - [DEBUG] 2019-01-15 19:38:47,365 org.springframework.beans.factory.annotation.InjectionMetadata - Processing injected element of bean 'itripUserLinkUserServiceImpl': ResourceElement for private cn.itrip.dao.userlinkuser.ItripUserLinkUserMapper cn.itrip.service.userlinkuser.ItripUserLinkUserServiceImpl.itripUserLinkUserMapper
- (5808 ms) - [DEBUG] 2019-01-15 19:38:47,365 org.springframework.beans.factory.support.DefaultListableBeanFactory - Returning cached instance of singleton bean 'itripUserLinkUserMapper'
- (5808 ms) - [DEBUG] 2019-01-15 19:38:47,365 org.springframework.beans.factory.support.DefaultListableBeanFactory - Returning cached instance of singleton bean 'org.springframework.aop.support.DefaultBeanFactoryPointcutAdvisor#0'
- (5809 ms) - [DEBUG] 2019-01-15 19:38:47,366 org.springframework.beans.factory.support.DefaultListableBeanFactory - Returning cached instance of singleton bean 'org.springframework.aop.support.DefaultBeanFactoryPointcutAdvisor#0'
- (5810 ms) - [DEBUG] 2019-01-15 19:38:47,367 org.springframework.beans.factory.support.DefaultListableBeanFactory - Returning cached instance of singleton bean 'org.springframework.aop.support.DefaultBeanFactoryPointcutAdvisor#0'
- (5810 ms) - [DEBUG] 2019-01-15 19:38:47,367 org.springframework.beans.factory.support.DefaultListableBeanFactory - Returning cached instance of singleton bean 'org.springframework.aop.support.DefaultBeanFactoryPointcutAdvisor#0'
- (5811 ms) - [DEBUG] 2019-01-15 19:38:47,368 org.springframework.aop.aspectj.annotation.AnnotationAwareAspectJAutoProxyCreator - Creating implicit proxy for bean 'itripUserLinkUserServiceImpl' with 0 common interceptors and 2 specific interceptors
- (5811 ms) - [DEBUG] 2019-01-15 19:38:47,368 org.springframework.aop.framework.CglibAopProxy - Creating CGLIB proxy: target source is SingletonTargetSource for target object [cn.itrip.service.userlinkuser.ItripUserLinkUserServiceImpl@2bef51f2]
- (5811 ms) - [DEBUG] 2019-01-15 19:38:47,368 org.springframework.beans.factory.support.DefaultListableBeanFactory - Finished creating instance of bean 'itripUserLinkUserServiceImpl'
- (5812 ms) - [DEBUG] 2019-01-15 19:38:47,369 org.springframework.beans.factory.support.DefaultListableBeanFactory - Returning cached instance of singleton bean 'org.springframework.context.annotation.internalConfigurationAnnotationProcessor'
- (5812 ms) - [DEBUG] 2019-01-15 19:38:47,369 org.springframework.beans.factory.support.DefaultListableBeanFactory - Returning cached instance of singleton bean 'org.springframework.context.annotation.internalAutowiredAnnotationProcessor'
- (5812 ms) - [DEBUG] 2019-01-15 19:38:47,369 org.springframework.beans.factory.support.DefaultListableBeanFactory - Returning cached instance of singleton bean 'org.springframework.context.annotation.internalRequiredAnnotationProcessor'
- (5812 ms) - [DEBUG] 2019-01-15 19:38:47,369 org.springframework.beans.factory.support.DefaultListableBeanFactory - Returning cached instance of singleton bean 'org.springframework.context.annotation.internalCommonAnnotationProcessor'
- (5812 ms) - [DEBUG] 2019-01-15 19:38:47,369 org.springframework.beans.factory.support.DefaultListableBeanFactory - Returning cached instance of singleton bean 'org.springframework.context.support.PropertySourcesPlaceholderConfigurer#0'
- (5812 ms) - [DEBUG] 2019-01-15 19:38:47,369 org.springframework.beans.factory.support.DefaultListableBeanFactory - Returning cached instance of singleton bean 'dataSource'
- (5813 ms) - [DEBUG] 2019-01-15 19:38:47,370 org.springframework.beans.factory.support.DefaultListableBeanFactory - Returning cached instance of singleton bean 'txManager'
- (5813 ms) - [DEBUG] 2019-01-15 19:38:47,370 org.springframework.beans.factory.support.DefaultListableBeanFactory - Returning cached instance of singleton bean 'sqlSessionFactoryBean'
- (5813 ms) - [DEBUG] 2019-01-15 19:38:47,370 org.springframework.beans.factory.support.DefaultListableBeanFactory - Returning cached instance of singleton bean 'org.springframework.aop.config.internalAutoProxyCreator'
- (5813 ms) - [DEBUG] 2019-01-15 19:38:47,370 org.springframework.beans.factory.support.DefaultListableBeanFactory - Returning cached instance of singleton bean 'org.springframework.aop.support.DefaultBeanFactoryPointcutAdvisor#0'
- (5813 ms) - [DEBUG] 2019-01-15 19:38:47,370 org.springframework.beans.factory.support.DefaultListableBeanFactory - Returning cached instance of singleton bean 'myAdvice'
- (5813 ms) - [DEBUG] 2019-01-15 19:38:47,370 org.springframework.beans.factory.support.DefaultListableBeanFactory - Returning cached instance of singleton bean 'org.mybatis.spring.mapper.MapperScannerConfigurer#0'
- (5814 ms) - [DEBUG] 2019-01-15 19:38:47,371 org.springframework.beans.factory.support.DefaultListableBeanFactory - Creating shared instance of singleton bean 'jedisPoolConfig'
- (5814 ms) - [DEBUG] 2019-01-15 19:38:47,371 org.springframework.beans.factory.support.DefaultListableBeanFactory - Creating instance of bean 'jedisPoolConfig'
- (5814 ms) - [DEBUG] 2019-01-15 19:38:47,371 org.springframework.beans.factory.support.DefaultListableBeanFactory - Returning cached instance of singleton bean 'org.springframework.aop.support.DefaultBeanFactoryPointcutAdvisor#0'
- (5814 ms) - [DEBUG] 2019-01-15 19:38:47,371 org.springframework.beans.factory.support.DefaultListableBeanFactory - Eagerly caching bean 'jedisPoolConfig' to allow for resolving potential circular references
- (5815 ms) - [DEBUG] 2019-01-15 19:38:47,372 org.springframework.beans.factory.support.DefaultListableBeanFactory - Returning cached instance of singleton bean 'org.springframework.aop.support.DefaultBeanFactoryPointcutAdvisor#0'
- (5815 ms) - [DEBUG] 2019-01-15 19:38:47,372 org.springframework.beans.factory.support.DefaultListableBeanFactory - Returning cached instance of singleton bean 'org.springframework.aop.support.DefaultBeanFactoryPointcutAdvisor#0'
- (5816 ms) - [DEBUG] 2019-01-15 19:38:47,373 org.springframework.beans.factory.support.DefaultListableBeanFactory - Finished creating instance of bean 'jedisPoolConfig'
- (5817 ms) - [DEBUG] 2019-01-15 19:38:47,374 org.springframework.beans.factory.support.DefaultListableBeanFactory - Creating shared instance of singleton bean 'jedisPool'
- (5817 ms) - [DEBUG] 2019-01-15 19:38:47,374 org.springframework.beans.factory.support.DefaultListableBeanFactory - Creating instance of bean 'jedisPool'
- (5817 ms) - [DEBUG] 2019-01-15 19:38:47,374 org.springframework.beans.factory.support.DefaultListableBeanFactory - Returning cached instance of singleton bean 'org.springframework.aop.support.DefaultBeanFactoryPointcutAdvisor#0'
- (5818 ms) - [DEBUG] 2019-01-15 19:38:47,375 org.springframework.beans.factory.support.DefaultListableBeanFactory - Returning cached instance of singleton bean 'jedisPoolConfig'
- (5819 ms) - [DEBUG] 2019-01-15 19:38:47,376 org.springframework.beans.factory.support.DefaultListableBeanFactory - Eagerly caching bean 'jedisPool' to allow for resolving potential circular references
- (5819 ms) - [DEBUG] 2019-01-15 19:38:47,376 org.springframework.beans.factory.support.DefaultListableBeanFactory - Returning cached instance of singleton bean 'org.springframework.aop.support.DefaultBeanFactoryPointcutAdvisor#0'
- (5819 ms) - [DEBUG] 2019-01-15 19:38:47,376 org.springframework.beans.factory.support.DefaultListableBeanFactory - Returning cached instance of singleton bean 'org.springframework.aop.support.DefaultBeanFactoryPointcutAdvisor#0'
- (5820 ms) - [DEBUG] 2019-01-15 19:38:47,377 org.springframework.beans.factory.support.DefaultListableBeanFactory - Finished creating instance of bean 'jedisPool'
- (5821 ms) - [DEBUG] 2019-01-15 19:38:47,378 org.springframework.beans.factory.support.DefaultListableBeanFactory - Creating shared instance of singleton bean 'redisAPI'
- (5821 ms) - [DEBUG] 2019-01-15 19:38:47,378 org.springframework.beans.factory.support.DefaultListableBeanFactory - Creating instance of bean 'redisAPI'
- (5821 ms) - [DEBUG] 2019-01-15 19:38:47,378 org.springframework.beans.factory.support.DefaultListableBeanFactory - Returning cached instance of singleton bean 'org.springframework.aop.support.DefaultBeanFactoryPointcutAdvisor#0'
- (5822 ms) - [DEBUG] 2019-01-15 19:38:47,379 org.springframework.beans.factory.support.DefaultListableBeanFactory - Eagerly caching bean 'redisAPI' to allow for resolving potential circular references
- (5822 ms) - [DEBUG] 2019-01-15 19:38:47,379 org.springframework.beans.factory.support.DefaultListableBeanFactory - Returning cached instance of singleton bean 'jedisPool'
- (5823 ms) - [DEBUG] 2019-01-15 19:38:47,380 org.springframework.beans.factory.support.DefaultListableBeanFactory - Returning cached instance of singleton bean 'org.springframework.aop.support.DefaultBeanFactoryPointcutAdvisor#0'
- (5823 ms) - [DEBUG] 2019-01-15 19:38:47,380 org.springframework.beans.factory.support.DefaultListableBeanFactory - Returning cached instance of singleton bean 'org.springframework.aop.support.DefaultBeanFactoryPointcutAdvisor#0'
- (5823 ms) - [DEBUG] 2019-01-15 19:38:47,380 org.springframework.beans.factory.support.DefaultListableBeanFactory - Finished creating instance of bean 'redisAPI'
- (5824 ms) - [DEBUG] 2019-01-15 19:38:47,381 org.springframework.beans.factory.support.DefaultListableBeanFactory - Creating shared instance of singleton bean 'validationToken'
- (5824 ms) - [DEBUG] 2019-01-15 19:38:47,381 org.springframework.beans.factory.support.DefaultListableBeanFactory - Creating instance of bean 'validationToken'
- (5824 ms) - [DEBUG] 2019-01-15 19:38:47,381 org.springframework.beans.factory.support.DefaultListableBeanFactory - Returning cached instance of singleton bean 'org.springframework.aop.support.DefaultBeanFactoryPointcutAdvisor#0'
- (5824 ms) - [DEBUG] 2019-01-15 19:38:47,381 org.springframework.beans.factory.support.DefaultListableBeanFactory - Eagerly caching bean 'validationToken' to allow for resolving potential circular references
- (5825 ms) - [DEBUG] 2019-01-15 19:38:47,382 org.springframework.beans.factory.support.DefaultListableBeanFactory - Returning cached instance of singleton bean 'redisAPI'
- (5825 ms) - [DEBUG] 2019-01-15 19:38:47,382 org.springframework.beans.factory.support.DefaultListableBeanFactory - Returning cached instance of singleton bean 'org.springframework.aop.support.DefaultBeanFactoryPointcutAdvisor#0'
- (5830 ms) - [DEBUG] 2019-01-15 19:38:47,387 org.springframework.beans.factory.support.DefaultListableBeanFactory - Returning cached instance of singleton bean 'org.springframework.aop.support.DefaultBeanFactoryPointcutAdvisor#0'
- (5831 ms) - [DEBUG] 2019-01-15 19:38:47,388 org.springframework.beans.factory.support.DefaultListableBeanFactory - Finished creating instance of bean 'validationToken'
- (5831 ms) - [DEBUG] 2019-01-15 19:38:47,388 org.springframework.beans.factory.support.DefaultListableBeanFactory - Returning cached instance of singleton bean 'org.springframework.context.annotation.ConfigurationClassPostProcessor.importAwareProcessor'
- (5831 ms) - [DEBUG] 2019-01-15 19:38:47,388 org.springframework.beans.factory.support.DefaultListableBeanFactory - Returning cached instance of singleton bean 'org.springframework.context.annotation.ConfigurationClassPostProcessor.enhancedConfigurationProcessor'
- (5832 ms) - [DEBUG] 2019-01-15 19:38:47,389 org.springframework.beans.factory.support.DefaultListableBeanFactory - Returning cached instance of singleton bean 'itripHotMapper'
- (5832 ms) - [DEBUG] 2019-01-15 19:38:47,389 org.springframework.beans.factory.support.DefaultListableBeanFactory - Returning cached instance of singleton bean 'itripAreaDicMapper'
- (5832 ms) - [DEBUG] 2019-01-15 19:38:47,389 org.springframework.beans.factory.support.DefaultListableBeanFactory - Returning cached instance of singleton bean 'itripCommentMapper'
- (5832 ms) - [DEBUG] 2019-01-15 19:38:47,389 org.springframework.beans.factory.support.DefaultListableBeanFactory - Returning cached instance of singleton bean 'itripHotelMapper'
- (5836 ms) - [DEBUG] 2019-01-15 19:38:47,393 org.springframework.beans.factory.support.DefaultListableBeanFactory - Returning cached instance of singleton bean 'itripHotelOrderMapper'
- (5836 ms) - [DEBUG] 2019-01-15 19:38:47,393 org.springframework.beans.factory.support.DefaultListableBeanFactory - Returning cached instance of singleton bean 'itripImageMapper'
- (5836 ms) - [DEBUG] 2019-01-15 19:38:47,393 org.springframework.beans.factory.support.DefaultListableBeanFactory - Returning cached instance of singleton bean 'itripLabelMapper'
- (5836 ms) - [DEBUG] 2019-01-15 19:38:47,393 org.springframework.beans.factory.support.DefaultListableBeanFactory - Returning cached instance of singleton bean 'itripLabelDicMapper'
- (5836 ms) - [DEBUG] 2019-01-15 19:38:47,393 org.springframework.beans.factory.support.DefaultListableBeanFactory - Returning cached instance of singleton bean 'itripUserMapper'
- (5836 ms) - [DEBUG] 2019-01-15 19:38:47,393 org.springframework.beans.factory.support.DefaultListableBeanFactory - Returning cached instance of singleton bean 'itripUserLinkUserMapper'
- (5837 ms) - [DEBUG] 2019-01-15 19:38:47,394 org.springframework.context.support.ClassPathXmlApplicationContext - Unable to locate LifecycleProcessor with name 'lifecycleProcessor': using default [org.springframework.context.support.DefaultLifecycleProcessor@73db4768]
- (5837 ms) - [DEBUG] 2019-01-15 19:38:47,394 org.springframework.beans.factory.support.DefaultListableBeanFactory - Returning cached instance of singleton bean 'lifecycleProcessor'
- (5837 ms) - [DEBUG] 2019-01-15 19:38:47,394 org.springframework.beans.factory.support.DefaultListableBeanFactory - Returning cached instance of singleton bean 'sqlSessionFactoryBean'
- (5838 ms) - [DEBUG] 2019-01-15 19:38:47,395 org.springframework.core.env.PropertySourcesPropertyResolver - Searching for key 'spring.liveBeansView.mbeanDomain' in [systemProperties]
- (5838 ms) - [DEBUG] 2019-01-15 19:38:47,395 org.springframework.core.env.PropertySourcesPropertyResolver - Searching for key 'spring.liveBeansView.mbeanDomain' in [systemEnvironment]
- (5838 ms) - [DEBUG] 2019-01-15 19:38:47,395 org.springframework.core.env.PropertySourcesPropertyResolver - Could not find key 'spring.liveBeansView.mbeanDomain' in any property source. Returning [null]
- (5839 ms) - [DEBUG] 2019-01-15 19:38:47,396 org.springframework.beans.factory.support.DefaultListableBeanFactory - Returning cached instance of singleton bean 'itripAreaDicServiceImpl'
- (5839 ms) - [DEBUG] 2019-01-15 19:38:47,396 org.springframework.jdbc.datasource.DataSourceTransactionManager - Creating new transaction with name [cn.itrip.service.areadic.ItripAreaDicServiceImpl.getItripAreaDicListByMap]: PROPAGATION_REQUIRED,ISOLATION_DEFAULT
]]></system-out>
  </testcase>
</testsuite>