<?xml version="1.0" encoding="UTF-8"?>
<testsuite xmlns:xsi="http://www.w3.org/2001/XMLSchema-instance" xsi:noNamespaceSchemaLocation="https://maven.apache.org/surefire/maven-surefire-plugin/xsd/surefire-test-report.xsd" name="cn.itrip.service.areadic.TestItripAreaDicService" time="4.764" tests="2" errors="1" skipped="0" failures="0">
  <properties>
    <property name="sun.desktop" value="windows"/>
    <property name="awt.toolkit" value="sun.awt.windows.WToolkit"/>
    <property name="file.encoding.pkg" value="sun.io"/>
    <property name="java.specification.version" value="1.8"/>
    <property name="sun.cpu.isalist" value="amd64"/>
    <property name="sun.jnu.encoding" value="GBK"/>
    <property name="java.class.path" value="E:\ideaXM\itrip\itrip-biz\target\test-classes;E:\ideaXM\itrip\itrip-biz\target\classes;E:\ideaXM\itrip\itrip-dao\target\itrip-dao-1.0-SNAPSHOT.jar;E:\ideaXM\itrip\itrip-utils\target\itrip-utils-1.0-SNAPSHOT.jar;E:\ideaXM\itrip\itrip-beans\target\itrip-beans-1.0-SNAPSHOT.jar;E:\apache-maven-3.5.4-bin\apache-maven-3.5.4\m2\repository\com\belerweb\pinyin4j\2.5.0\pinyin4j-2.5.0.jar;E:\apache-maven-3.5.4-bin\apache-maven-3.5.4\m2\repository\cz\mallat\uasparser\uasparser\0.6.0\uasparser-0.6.0.jar;E:\apache-maven-3.5.4-bin\apache-maven-3.5.4\m2\repository\net\sourceforge\jregex\jregex\1.2_01\jregex-1.2_01.jar;E:\apache-maven-3.5.4-bin\apache-maven-3.5.4\m2\repository\javax\servlet\servlet-api\2.5\servlet-api-2.5.jar;E:\apache-maven-3.5.4-bin\apache-maven-3.5.4\m2\repository\org\hibernate\hibernate-validator\5.2.4.Final\hibernate-validator-5.2.4.Final.jar;E:\apache-maven-3.5.4-bin\apache-maven-3.5.4\m2\repository\javax\validation\validation-api\1.1.0.Final\validation-api-1.1.0.Final.jar;E:\apache-maven-3.5.4-bin\apache-maven-3.5.4\m2\repository\org\jboss\logging\jboss-logging\3.2.1.Final\jboss-logging-3.2.1.Final.jar;E:\apache-maven-3.5.4-bin\apache-maven-3.5.4\m2\repository\com\fasterxml\classmate\1.1.0\classmate-1.1.0.jar;E:\apache-maven-3.5.4-bin\apache-maven-3.5.4\m2\repository\joda-time\joda-time\2.7\joda-time-2.7.jar;E:\apache-maven-3.5.4-bin\apache-maven-3.5.4\m2\repository\jaxen\jaxen\1.1.6\jaxen-1.1.6.jar;E:\apache-maven-3.5.4-bin\apache-maven-3.5.4\m2\repository\commons-io\commons-io\2.4\commons-io-2.4.jar;E:\apache-maven-3.5.4-bin\apache-maven-3.5.4\m2\repository\commons-logging\commons-logging\1.2\commons-logging-1.2.jar;E:\apache-maven-3.5.4-bin\apache-maven-3.5.4\m2\repository\org\springframework\spring-context\4.1.7.RELEASE\spring-context-4.1.7.RELEASE.jar;E:\apache-maven-3.5.4-bin\apache-maven-3.5.4\m2\repository\org\springframework\spring-aop\4.1.7.RELEASE\spring-aop-4.1.7.RELEASE.jar;E:\apache-maven-3.5.4-bin\apache-maven-3.5.4\m2\repository\aopalliance\aopalliance\1.0\aopalliance-1.0.jar;E:\apache-maven-3.5.4-bin\apache-maven-3.5.4\m2\repository\org\springframework\spring-context-support\4.1.7.RELEASE\spring-context-support-4.1.7.RELEASE.jar;E:\apache-maven-3.5.4-bin\apache-maven-3.5.4\m2\repository\junit\junit\4.11\junit-4.11.jar;E:\apache-maven-3.5.4-bin\apache-maven-3.5.4\m2\repository\org\hamcrest\hamcrest-core\1.3\hamcrest-core-1.3.jar;E:\apache-maven-3.5.4-bin\apache-maven-3.5.4\m2\repository\commons-dbcp\commons-dbcp\1.4\commons-dbcp-1.4.jar;E:\apache-maven-3.5.4-bin\apache-maven-3.5.4\m2\repository\commons-pool\commons-pool\1.5.4\commons-pool-1.5.4.jar;E:\apache-maven-3.5.4-bin\apache-maven-3.5.4\m2\repository\cglib\cglib\3.2.5\cglib-3.2.5.jar;E:\apache-maven-3.5.4-bin\apache-maven-3.5.4\m2\repository\org\ow2\asm\asm\5.2\asm-5.2.jar;E:\apache-maven-3.5.4-bin\apache-maven-3.5.4\m2\repository\org\apache\ant\ant\1.9.6\ant-1.9.6.jar;E:\apache-maven-3.5.4-bin\apache-maven-3.5.4\m2\repository\org\apache\ant\ant-launcher\1.9.6\ant-launcher-1.9.6.jar;E:\apache-maven-3.5.4-bin\apache-maven-3.5.4\m2\repository\org\aspectj\aspectjweaver\1.6.12\aspectjweaver-1.6.12.jar;E:\apache-maven-3.5.4-bin\apache-maven-3.5.4\m2\repository\org\springframework\spring-oxm\4.1.7.RELEASE\spring-oxm-4.1.7.RELEASE.jar;E:\apache-maven-3.5.4-bin\apache-maven-3.5.4\m2\repository\org\springframework\spring-tx\4.1.7.RELEASE\spring-tx-4.1.7.RELEASE.jar;E:\apache-maven-3.5.4-bin\apache-maven-3.5.4\m2\repository\jstl\jstl\1.2\jstl-1.2.jar;E:\apache-maven-3.5.4-bin\apache-maven-3.5.4\m2\repository\org\mybatis\mybatis-spring\1.2.0\mybatis-spring-1.2.0.jar;E:\apache-maven-3.5.4-bin\apache-maven-3.5.4\m2\repository\org\slf4j\jcl-over-slf4j\1.7.12\jcl-over-slf4j-1.7.12.jar;E:\apache-maven-3.5.4-bin\apache-maven-3.5.4\m2\repository\commons-codec\commons-codec\1.4\commons-codec-1.4.jar;E:\apache-maven-3.5.4-bin\apache-maven-3.5.4\m2\repository\org\springframework\spring-orm\4.1.7.RELEASE\spring-orm-4.1.7.RELEASE.jar;E:\apache-maven-3.5.4-bin\apache-maven-3.5.4\m2\repository\org\springframework\spring-jdbc\4.1.7.RELEASE\spring-jdbc-4.1.7.RELEASE.jar;E:\apache-maven-3.5.4-bin\apache-maven-3.5.4\m2\repository\org\springframework\spring-jms\4.1.7.RELEASE\spring-jms-4.1.7.RELEASE.jar;E:\apache-maven-3.5.4-bin\apache-maven-3.5.4\m2\repository\org\springframework\spring-messaging\4.1.7.RELEASE\spring-messaging-4.1.7.RELEASE.jar;E:\apache-maven-3.5.4-bin\apache-maven-3.5.4\m2\repository\org\slf4j\slf4j-api\1.7.12\slf4j-api-1.7.12.jar;E:\apache-maven-3.5.4-bin\apache-maven-3.5.4\m2\repository\org\springframework\spring-expression\4.1.7.RELEASE\spring-expression-4.1.7.RELEASE.jar;E:\apache-maven-3.5.4-bin\apache-maven-3.5.4\m2\repository\org\springframework\spring-test\4.1.7.RELEASE\spring-test-4.1.7.RELEASE.jar;E:\apache-maven-3.5.4-bin\apache-maven-3.5.4\m2\repository\org\springframework\spring-webmvc\4.1.7.RELEASE\spring-webmvc-4.1.7.RELEASE.jar;E:\apache-maven-3.5.4-bin\apache-maven-3.5.4\m2\repository\org\springframework\spring-web\4.1.7.RELEASE\spring-web-4.1.7.RELEASE.jar;E:\apache-maven-3.5.4-bin\apache-maven-3.5.4\m2\repository\org\springframework\spring-beans\4.1.7.RELEASE\spring-beans-4.1.7.RELEASE.jar;E:\apache-maven-3.5.4-bin\apache-maven-3.5.4\m2\repository\mysql\mysql-connector-java\5.1.18\mysql-connector-java-5.1.18.jar;E:\apache-maven-3.5.4-bin\apache-maven-3.5.4\m2\repository\org\slf4j\slf4j-log4j12\1.7.12\slf4j-log4j12-1.7.12.jar;E:\apache-maven-3.5.4-bin\apache-maven-3.5.4\m2\repository\log4j\log4j\1.2.17\log4j-1.2.17.jar;E:\apache-maven-3.5.4-bin\apache-maven-3.5.4\m2\repository\org\springframework\spring-core\4.1.7.RELEASE\spring-core-4.1.7.RELEASE.jar;E:\apache-maven-3.5.4-bin\apache-maven-3.5.4\m2\repository\commons-fileupload\commons-fileupload\1.3.1\commons-fileupload-1.3.1.jar;E:\apache-maven-3.5.4-bin\apache-maven-3.5.4\m2\repository\org\mybatis\mybatis\3.2.2\mybatis-3.2.2.jar;E:\apache-maven-3.5.4-bin\apache-maven-3.5.4\m2\repository\redis\clients\jedis\2.1.0\jedis-2.1.0.jar;E:\apache-maven-3.5.4-bin\apache-maven-3.5.4\m2\repository\com\alibaba\fastjson\1.2.31\fastjson-1.2.31.jar;E:\apache-maven-3.5.4-bin\apache-maven-3.5.4\m2\repository\io\springfox\springfox-swagger2\2.4.0\springfox-swagger2-2.4.0.jar;E:\apache-maven-3.5.4-bin\apache-maven-3.5.4\m2\repository\io\swagger\swagger-annotations\1.5.6\swagger-annotations-1.5.6.jar;E:\apache-maven-3.5.4-bin\apache-maven-3.5.4\m2\repository\io\swagger\swagger-models\1.5.6\swagger-models-1.5.6.jar;E:\apache-maven-3.5.4-bin\apache-maven-3.5.4\m2\repository\io\springfox\springfox-spi\2.4.0\springfox-spi-2.4.0.jar;E:\apache-maven-3.5.4-bin\apache-maven-3.5.4\m2\repository\io\springfox\springfox-core\2.4.0\springfox-core-2.4.0.jar;E:\apache-maven-3.5.4-bin\apache-maven-3.5.4\m2\repository\io\springfox\springfox-schema\2.4.0\springfox-schema-2.4.0.jar;E:\apache-maven-3.5.4-bin\apache-maven-3.5.4\m2\repository\io\springfox\springfox-swagger-common\2.4.0\springfox-swagger-common-2.4.0.jar;E:\apache-maven-3.5.4-bin\apache-maven-3.5.4\m2\repository\io\springfox\springfox-spring-web\2.4.0\springfox-spring-web-2.4.0.jar;E:\apache-maven-3.5.4-bin\apache-maven-3.5.4\m2\repository\org\springframework\plugin\spring-plugin-core\1.2.0.RELEASE\spring-plugin-core-1.2.0.RELEASE.jar;E:\apache-maven-3.5.4-bin\apache-maven-3.5.4\m2\repository\org\springframework\plugin\spring-plugin-metadata\1.2.0.RELEASE\spring-plugin-metadata-1.2.0.RELEASE.jar;E:\apache-maven-3.5.4-bin\apache-maven-3.5.4\m2\repository\io\springfox\springfox-swagger-ui\2.4.0\springfox-swagger-ui-2.4.0.jar;E:\apache-maven-3.5.4-bin\apache-maven-3.5.4\m2\repository\com\google\guava\guava\19.0\guava-19.0.jar;E:\apache-maven-3.5.4-bin\apache-maven-3.5.4\m2\repository\org\mapstruct\mapstruct-jdk8\1.1.0.Final\mapstruct-jdk8-1.1.0.Final.jar;E:\apache-maven-3.5.4-bin\apache-maven-3.5.4\m2\repository\com\fasterxml\jackson\core\jackson-core\2.8.7\jackson-core-2.8.7.jar;E:\apache-maven-3.5.4-bin\apache-maven-3.5.4\m2\repository\com\fasterxml\jackson\core\jackson-databind\2.8.7\jackson-databind-2.8.7.jar;E:\apache-maven-3.5.4-bin\apache-maven-3.5.4\m2\repository\com\fasterxml\jackson\core\jackson-annotations\2.8.7\jackson-annotations-2.8.7.jar;E:\apache-maven-3.5.4-bin\apache-maven-3.5.4\m2\repository\javax\mail\mail\1.4.7\mail-1.4.7.jar;E:\apache-maven-3.5.4-bin\apache-maven-3.5.4\m2\repository\javax\activation\activation\1.1\activation-1.1.jar;E:\apache-maven-3.5.4-bin\apache-maven-3.5.4\m2\repository\cn\itrip\itrip-jregex\1.2_01\itrip-jregex-1.2_01.jar;E:\apache-maven-3.5.4-bin\apache-maven-3.5.4\m2\repository\cn\itrip\ccprestsms\itrip-ccprestsms\1.0\itrip-ccprestsms-1.0.jar;E:\apache-maven-3.5.4-bin\apache-maven-3.5.4\m2\repository\com\thetransactioncompany\cors-filter\1.7\cors-filter-1.7.jar;E:\apache-maven-3.5.4-bin\apache-maven-3.5.4\m2\repository\com\thetransactioncompany\java-property-utils\1.9\java-property-utils-1.9.jar;"/>
    <property name="java.vm.vendor" value="Oracle Corporation"/>
    <property name="sun.arch.data.model" value="64"/>
    <property name="user.variant" value=""/>
    <property name="java.vendor.url" value="http://java.oracle.com/"/>
    <property name="user.timezone" value=""/>
    <property name="java.vm.specification.version" value="1.8"/>
    <property name="os.name" value="Windows 10"/>
    <property name="user.country" value="CN"/>
    <property name="sun.java.launcher" value="SUN_STANDARD"/>
    <property name="sun.boot.library.path" value="C:\Program Files\Java\jdk1.8.0_181\jre\bin"/>
    <property name="sun.java.command" value="C:\Users\ISXIAO~1\AppData\Local\Temp\surefire8601230729838465005\surefirebooter5290141522565252417.jar C:\Users\isxiaohao\AppData\Local\Temp\surefire8601230729838465005 2018-12-30T19-24-36_539-jvmRun1 surefire9060999437284101415tmp surefire_05824982215387968731tmp"/>
    <property name="surefire.test.class.path" value="E:\ideaXM\itrip\itrip-biz\target\test-classes;E:\ideaXM\itrip\itrip-biz\target\classes;E:\ideaXM\itrip\itrip-dao\target\itrip-dao-1.0-SNAPSHOT.jar;E:\ideaXM\itrip\itrip-utils\target\itrip-utils-1.0-SNAPSHOT.jar;E:\ideaXM\itrip\itrip-beans\target\itrip-beans-1.0-SNAPSHOT.jar;E:\apache-maven-3.5.4-bin\apache-maven-3.5.4\m2\repository\com\belerweb\pinyin4j\2.5.0\pinyin4j-2.5.0.jar;E:\apache-maven-3.5.4-bin\apache-maven-3.5.4\m2\repository\cz\mallat\uasparser\uasparser\0.6.0\uasparser-0.6.0.jar;E:\apache-maven-3.5.4-bin\apache-maven-3.5.4\m2\repository\net\sourceforge\jregex\jregex\1.2_01\jregex-1.2_01.jar;E:\apache-maven-3.5.4-bin\apache-maven-3.5.4\m2\repository\javax\servlet\servlet-api\2.5\servlet-api-2.5.jar;E:\apache-maven-3.5.4-bin\apache-maven-3.5.4\m2\repository\org\hibernate\hibernate-validator\5.2.4.Final\hibernate-validator-5.2.4.Final.jar;E:\apache-maven-3.5.4-bin\apache-maven-3.5.4\m2\repository\javax\validation\validation-api\1.1.0.Final\validation-api-1.1.0.Final.jar;E:\apache-maven-3.5.4-bin\apache-maven-3.5.4\m2\repository\org\jboss\logging\jboss-logging\3.2.1.Final\jboss-logging-3.2.1.Final.jar;E:\apache-maven-3.5.4-bin\apache-maven-3.5.4\m2\repository\com\fasterxml\classmate\1.1.0\classmate-1.1.0.jar;E:\apache-maven-3.5.4-bin\apache-maven-3.5.4\m2\repository\joda-time\joda-time\2.7\joda-time-2.7.jar;E:\apache-maven-3.5.4-bin\apache-maven-3.5.4\m2\repository\jaxen\jaxen\1.1.6\jaxen-1.1.6.jar;E:\apache-maven-3.5.4-bin\apache-maven-3.5.4\m2\repository\commons-io\commons-io\2.4\commons-io-2.4.jar;E:\apache-maven-3.5.4-bin\apache-maven-3.5.4\m2\repository\commons-logging\commons-logging\1.2\commons-logging-1.2.jar;E:\apache-maven-3.5.4-bin\apache-maven-3.5.4\m2\repository\org\springframework\spring-context\4.1.7.RELEASE\spring-context-4.1.7.RELEASE.jar;E:\apache-maven-3.5.4-bin\apache-maven-3.5.4\m2\repository\org\springframework\spring-aop\4.1.7.RELEASE\spring-aop-4.1.7.RELEASE.jar;E:\apache-maven-3.5.4-bin\apache-maven-3.5.4\m2\repository\aopalliance\aopalliance\1.0\aopalliance-1.0.jar;E:\apache-maven-3.5.4-bin\apache-maven-3.5.4\m2\repository\org\springframework\spring-context-support\4.1.7.RELEASE\spring-context-support-4.1.7.RELEASE.jar;E:\apache-maven-3.5.4-bin\apache-maven-3.5.4\m2\repository\junit\junit\4.11\junit-4.11.jar;E:\apache-maven-3.5.4-bin\apache-maven-3.5.4\m2\repository\org\hamcrest\hamcrest-core\1.3\hamcrest-core-1.3.jar;E:\apache-maven-3.5.4-bin\apache-maven-3.5.4\m2\repository\commons-dbcp\commons-dbcp\1.4\commons-dbcp-1.4.jar;E:\apache-maven-3.5.4-bin\apache-maven-3.5.4\m2\repository\commons-pool\commons-pool\1.5.4\commons-pool-1.5.4.jar;E:\apache-maven-3.5.4-bin\apache-maven-3.5.4\m2\repository\cglib\cglib\3.2.5\cglib-3.2.5.jar;E:\apache-maven-3.5.4-bin\apache-maven-3.5.4\m2\repository\org\ow2\asm\asm\5.2\asm-5.2.jar;E:\apache-maven-3.5.4-bin\apache-maven-3.5.4\m2\repository\org\apache\ant\ant\1.9.6\ant-1.9.6.jar;E:\apache-maven-3.5.4-bin\apache-maven-3.5.4\m2\repository\org\apache\ant\ant-launcher\1.9.6\ant-launcher-1.9.6.jar;E:\apache-maven-3.5.4-bin\apache-maven-3.5.4\m2\repository\org\aspectj\aspectjweaver\1.6.12\aspectjweaver-1.6.12.jar;E:\apache-maven-3.5.4-bin\apache-maven-3.5.4\m2\repository\org\springframework\spring-oxm\4.1.7.RELEASE\spring-oxm-4.1.7.RELEASE.jar;E:\apache-maven-3.5.4-bin\apache-maven-3.5.4\m2\repository\org\springframework\spring-tx\4.1.7.RELEASE\spring-tx-4.1.7.RELEASE.jar;E:\apache-maven-3.5.4-bin\apache-maven-3.5.4\m2\repository\jstl\jstl\1.2\jstl-1.2.jar;E:\apache-maven-3.5.4-bin\apache-maven-3.5.4\m2\repository\org\mybatis\mybatis-spring\1.2.0\mybatis-spring-1.2.0.jar;E:\apache-maven-3.5.4-bin\apache-maven-3.5.4\m2\repository\org\slf4j\jcl-over-slf4j\1.7.12\jcl-over-slf4j-1.7.12.jar;E:\apache-maven-3.5.4-bin\apache-maven-3.5.4\m2\repository\commons-codec\commons-codec\1.4\commons-codec-1.4.jar;E:\apache-maven-3.5.4-bin\apache-maven-3.5.4\m2\repository\org\springframework\spring-orm\4.1.7.RELEASE\spring-orm-4.1.7.RELEASE.jar;E:\apache-maven-3.5.4-bin\apache-maven-3.5.4\m2\repository\org\springframework\spring-jdbc\4.1.7.RELEASE\spring-jdbc-4.1.7.RELEASE.jar;E:\apache-maven-3.5.4-bin\apache-maven-3.5.4\m2\repository\org\springframework\spring-jms\4.1.7.RELEASE\spring-jms-4.1.7.RELEASE.jar;E:\apache-maven-3.5.4-bin\apache-maven-3.5.4\m2\repository\org\springframework\spring-messaging\4.1.7.RELEASE\spring-messaging-4.1.7.RELEASE.jar;E:\apache-maven-3.5.4-bin\apache-maven-3.5.4\m2\repository\org\slf4j\slf4j-api\1.7.12\slf4j-api-1.7.12.jar;E:\apache-maven-3.5.4-bin\apache-maven-3.5.4\m2\repository\org\springframework\spring-expression\4.1.7.RELEASE\spring-expression-4.1.7.RELEASE.jar;E:\apache-maven-3.5.4-bin\apache-maven-3.5.4\m2\repository\org\springframework\spring-test\4.1.7.RELEASE\spring-test-4.1.7.RELEASE.jar;E:\apache-maven-3.5.4-bin\apache-maven-3.5.4\m2\repository\org\springframework\spring-webmvc\4.1.7.RELEASE\spring-webmvc-4.1.7.RELEASE.jar;E:\apache-maven-3.5.4-bin\apache-maven-3.5.4\m2\repository\org\springframework\spring-web\4.1.7.RELEASE\spring-web-4.1.7.RELEASE.jar;E:\apache-maven-3.5.4-bin\apache-maven-3.5.4\m2\repository\org\springframework\spring-beans\4.1.7.RELEASE\spring-beans-4.1.7.RELEASE.jar;E:\apache-maven-3.5.4-bin\apache-maven-3.5.4\m2\repository\mysql\mysql-connector-java\5.1.18\mysql-connector-java-5.1.18.jar;E:\apache-maven-3.5.4-bin\apache-maven-3.5.4\m2\repository\org\slf4j\slf4j-log4j12\1.7.12\slf4j-log4j12-1.7.12.jar;E:\apache-maven-3.5.4-bin\apache-maven-3.5.4\m2\repository\log4j\log4j\1.2.17\log4j-1.2.17.jar;E:\apache-maven-3.5.4-bin\apache-maven-3.5.4\m2\repository\org\springframework\spring-core\4.1.7.RELEASE\spring-core-4.1.7.RELEASE.jar;E:\apache-maven-3.5.4-bin\apache-maven-3.5.4\m2\repository\commons-fileupload\commons-fileupload\1.3.1\commons-fileupload-1.3.1.jar;E:\apache-maven-3.5.4-bin\apache-maven-3.5.4\m2\repository\org\mybatis\mybatis\3.2.2\mybatis-3.2.2.jar;E:\apache-maven-3.5.4-bin\apache-maven-3.5.4\m2\repository\redis\clients\jedis\2.1.0\jedis-2.1.0.jar;E:\apache-maven-3.5.4-bin\apache-maven-3.5.4\m2\repository\com\alibaba\fastjson\1.2.31\fastjson-1.2.31.jar;E:\apache-maven-3.5.4-bin\apache-maven-3.5.4\m2\repository\io\springfox\springfox-swagger2\2.4.0\springfox-swagger2-2.4.0.jar;E:\apache-maven-3.5.4-bin\apache-maven-3.5.4\m2\repository\io\swagger\swagger-annotations\1.5.6\swagger-annotations-1.5.6.jar;E:\apache-maven-3.5.4-bin\apache-maven-3.5.4\m2\repository\io\swagger\swagger-models\1.5.6\swagger-models-1.5.6.jar;E:\apache-maven-3.5.4-bin\apache-maven-3.5.4\m2\repository\io\springfox\springfox-spi\2.4.0\springfox-spi-2.4.0.jar;E:\apache-maven-3.5.4-bin\apache-maven-3.5.4\m2\repository\io\springfox\springfox-core\2.4.0\springfox-core-2.4.0.jar;E:\apache-maven-3.5.4-bin\apache-maven-3.5.4\m2\repository\io\springfox\springfox-schema\2.4.0\springfox-schema-2.4.0.jar;E:\apache-maven-3.5.4-bin\apache-maven-3.5.4\m2\repository\io\springfox\springfox-swagger-common\2.4.0\springfox-swagger-common-2.4.0.jar;E:\apache-maven-3.5.4-bin\apache-maven-3.5.4\m2\repository\io\springfox\springfox-spring-web\2.4.0\springfox-spring-web-2.4.0.jar;E:\apache-maven-3.5.4-bin\apache-maven-3.5.4\m2\repository\org\springframework\plugin\spring-plugin-core\1.2.0.RELEASE\spring-plugin-core-1.2.0.RELEASE.jar;E:\apache-maven-3.5.4-bin\apache-maven-3.5.4\m2\repository\org\springframework\plugin\spring-plugin-metadata\1.2.0.RELEASE\spring-plugin-metadata-1.2.0.RELEASE.jar;E:\apache-maven-3.5.4-bin\apache-maven-3.5.4\m2\repository\io\springfox\springfox-swagger-ui\2.4.0\springfox-swagger-ui-2.4.0.jar;E:\apache-maven-3.5.4-bin\apache-maven-3.5.4\m2\repository\com\google\guava\guava\19.0\guava-19.0.jar;E:\apache-maven-3.5.4-bin\apache-maven-3.5.4\m2\repository\org\mapstruct\mapstruct-jdk8\1.1.0.Final\mapstruct-jdk8-1.1.0.Final.jar;E:\apache-maven-3.5.4-bin\apache-maven-3.5.4\m2\repository\com\fasterxml\jackson\core\jackson-core\2.8.7\jackson-core-2.8.7.jar;E:\apache-maven-3.5.4-bin\apache-maven-3.5.4\m2\repository\com\fasterxml\jackson\core\jackson-databind\2.8.7\jackson-databind-2.8.7.jar;E:\apache-maven-3.5.4-bin\apache-maven-3.5.4\m2\repository\com\fasterxml\jackson\core\jackson-annotations\2.8.7\jackson-annotations-2.8.7.jar;E:\apache-maven-3.5.4-bin\apache-maven-3.5.4\m2\repository\javax\mail\mail\1.4.7\mail-1.4.7.jar;E:\apache-maven-3.5.4-bin\apache-maven-3.5.4\m2\repository\javax\activation\activation\1.1\activation-1.1.jar;E:\apache-maven-3.5.4-bin\apache-maven-3.5.4\m2\repository\cn\itrip\itrip-jregex\1.2_01\itrip-jregex-1.2_01.jar;E:\apache-maven-3.5.4-bin\apache-maven-3.5.4\m2\repository\cn\itrip\ccprestsms\itrip-ccprestsms\1.0\itrip-ccprestsms-1.0.jar;E:\apache-maven-3.5.4-bin\apache-maven-3.5.4\m2\repository\com\thetransactioncompany\cors-filter\1.7\cors-filter-1.7.jar;E:\apache-maven-3.5.4-bin\apache-maven-3.5.4\m2\repository\com\thetransactioncompany\java-property-utils\1.9\java-property-utils-1.9.jar;"/>
    <property name="sun.cpu.endian" value="little"/>
    <property name="user.home" value="C:\Users\isxiaohao"/>
    <property name="user.language" value="zh"/>
    <property name="java.specification.vendor" value="Oracle Corporation"/>
    <property name="java.home" value="C:\Program Files\Java\jdk1.8.0_181\jre"/>
    <property name="basedir" value="E:\ideaXM\itrip\itrip-biz"/>
    <property name="file.separator" value="\"/>
    <property name="line.separator" value="&#10;"/>
    <property name="java.vm.specification.vendor" value="Oracle Corporation"/>
    <property name="java.specification.name" value="Java Platform API Specification"/>
    <property name="java.awt.graphicsenv" value="sun.awt.Win32GraphicsEnvironment"/>
    <property name="surefire.real.class.path" value="C:\Users\ISXIAO~1\AppData\Local\Temp\surefire8601230729838465005\surefirebooter5290141522565252417.jar"/>
    <property name="sun.boot.class.path" value="C:\Program Files\Java\jdk1.8.0_181\jre\lib\resources.jar;C:\Program Files\Java\jdk1.8.0_181\jre\lib\rt.jar;C:\Program Files\Java\jdk1.8.0_181\jre\lib\sunrsasign.jar;C:\Program Files\Java\jdk1.8.0_181\jre\lib\jsse.jar;C:\Program Files\Java\jdk1.8.0_181\jre\lib\jce.jar;C:\Program Files\Java\jdk1.8.0_181\jre\lib\charsets.jar;C:\Program Files\Java\jdk1.8.0_181\jre\lib\jfr.jar;C:\Program Files\Java\jdk1.8.0_181\jre\classes"/>
    <property name="user.script" value=""/>
    <property name="sun.management.compiler" value="HotSpot 64-Bit Tiered Compilers"/>
    <property name="java.runtime.version" value="1.8.0_181-b13"/>
    <property name="user.name" value="isxiaohao"/>
    <property name="path.separator" value=";"/>
    <property name="os.version" value="10.0"/>
    <property name="java.endorsed.dirs" value="C:\Program Files\Java\jdk1.8.0_181\jre\lib\endorsed"/>
    <property name="java.runtime.name" value="Java(TM) SE Runtime Environment"/>
    <property name="file.encoding" value="GBK"/>
    <property name="java.vm.name" value="Java HotSpot(TM) 64-Bit Server VM"/>
    <property name="localRepository" value="E:\apache-maven-3.5.4-bin\apache-maven-3.5.4\m2\repository"/>
    <property name="java.vendor.url.bug" value="http://bugreport.sun.com/bugreport/"/>
    <property name="java.io.tmpdir" value="C:\Users\ISXIAO~1\AppData\Local\Temp\"/>
    <property name="idea.version" value="2018.1.4"/>
    <property name="java.version" value="1.8.0_181"/>
    <property name="user.dir" value="E:\ideaXM\itrip\itrip-biz"/>
    <property name="os.arch" value="amd64"/>
    <property name="java.vm.specification.name" value="Java Virtual Machine Specification"/>
    <property name="java.awt.printerjob" value="sun.awt.windows.WPrinterJob"/>
    <property name="sun.os.patch.level" value=""/>
    <property name="java.library.path" value="C:\Program Files\Java\jdk1.8.0_181\jre\bin;C:\WINDOWS\Sun\Java\bin;C:\WINDOWS\system32;C:\WINDOWS;c:\program files\graphicsmagick-1.3.21-q16;C:\Program Files (x86)\Common Files\Oracle\Java\javapath;E:\Oracle\bin;C:\WINDOWS\system32;C:\WINDOWS;C:\WINDOWS\System32\Wbem;C:\WINDOWS\System32\WindowsPowerShell\v1.0\E:\kj;C:\Program Files (x86)\Java\jdk1.7.0_51\\bin;C:\Program Files (x86)\Java\jdk1.7.0_51\\jre\bin;C:\WINDOWS\System32\WindowsPowerShell\v1.0\;C:\WINDOWS\System32\OpenSSH\;E:\MySQL\bin;E:\apache-maven-3.5.4-bin\apache-maven-3.5.4\bin;E:\Git\Git\cmd;E:\Program Files\nodejs;E:\Program Files\nodejs\node_global;;C:\Program Files (x86)\Lua\5.1;C:\Program Files (x86)\Lua\5.1\clibs;E:\kj;C:\Users\isxiaohao\AppData\Local\Microsoft\WindowsApps;C:\Users\isxiaohao\AppData\Roaming\npm;."/>
    <property name="java.vm.info" value="mixed mode"/>
    <property name="java.vendor" value="Oracle Corporation"/>
    <property name="java.vm.version" value="25.181-b13"/>
    <property name="java.ext.dirs" value="C:\Program Files\Java\jdk1.8.0_181\jre\lib\ext;C:\WINDOWS\Sun\Java\lib\ext"/>
    <property name="sun.io.unicode.encoding" value="UnicodeLittle"/>
    <property name="java.class.version" value="52.0"/>
  </properties>
  <testcase name="testGetCount" classname="cn.itrip.service.areadic.TestItripAreaDicService" time="3.532"/>
  <testcase name="testGetItripAreaDicListByMap" classname="cn.itrip.service.areadic.TestItripAreaDicService" time="1.231">
    <error message="Could not open JDBC Connection for transaction; nested exception is org.apache.commons.dbcp.SQLNestedException: Cannot create PoolableConnectionFactory (Data source rejected establishment of connection,  message from server: &quot;Too many connections&quot;)" type="org.springframework.transaction.CannotCreateTransactionException">org.springframework.transaction.CannotCreateTransactionException: Could not open JDBC Connection for transaction; nested exception is org.apache.commons.dbcp.SQLNestedException: Cannot create PoolableConnectionFactory (Data source rejected establishment of connection,  message from server: "Too many connections")
	at cn.itrip.service.areadic.TestItripAreaDicService.testGetItripAreaDicListByMap(TestItripAreaDicService.java:24)
Caused by: org.apache.commons.dbcp.SQLNestedException: Cannot create PoolableConnectionFactory (Data source rejected establishment of connection,  message from server: "Too many connections")
	at cn.itrip.service.areadic.TestItripAreaDicService.testGetItripAreaDicListByMap(TestItripAreaDicService.java:24)
Caused by: com.mysql.jdbc.exceptions.jdbc4.MySQLNonTransientConnectionException: Data source rejected establishment of connection,  message from server: "Too many connections"
	at cn.itrip.service.areadic.TestItripAreaDicService.testGetItripAreaDicListByMap(TestItripAreaDicService.java:24)
</error>
    <system-out><![CDATA[- (4307 ms) - [DEBUG] 2018-12-30 19:24:57,919 org.springframework.core.env.StandardEnvironment - Adding [systemProperties] PropertySource with lowest search precedence
- (4307 ms) - [DEBUG] 2018-12-30 19:24:57,919 org.springframework.core.env.StandardEnvironment - Adding [systemEnvironment] PropertySource with lowest search precedence
- (4307 ms) - [DEBUG] 2018-12-30 19:24:57,919 org.springframework.core.env.StandardEnvironment - Initialized StandardEnvironment with PropertySources [systemProperties,systemEnvironment]
- (4307 ms) - [INFO] 2018-12-30 19:24:57,919 org.springframework.context.support.ClassPathXmlApplicationContext - Refreshing org.springframework.context.support.ClassPathXmlApplicationContext@3f0846c6: startup date [Sun Dec 30 19:24:57 CST 2018]; root of context hierarchy
- (4308 ms) - [DEBUG] 2018-12-30 19:24:57,920 org.springframework.core.env.StandardEnvironment - Adding [systemProperties] PropertySource with lowest search precedence
- (4308 ms) - [DEBUG] 2018-12-30 19:24:57,920 org.springframework.core.env.StandardEnvironment - Adding [systemEnvironment] PropertySource with lowest search precedence
- (4308 ms) - [DEBUG] 2018-12-30 19:24:57,920 org.springframework.core.env.StandardEnvironment - Initialized StandardEnvironment with PropertySources [systemProperties,systemEnvironment]
- (4308 ms) - [INFO] 2018-12-30 19:24:57,920 org.springframework.beans.factory.xml.XmlBeanDefinitionReader - Loading XML bean definitions from class path resource [applicationContext-mybatis.xml]
- (4310 ms) - [DEBUG] 2018-12-30 19:24:57,922 org.springframework.beans.factory.xml.DefaultDocumentLoader - Using JAXP provider [com.sun.org.apache.xerces.internal.jaxp.DocumentBuilderFactoryImpl]
- (4311 ms) - [DEBUG] 2018-12-30 19:24:57,923 org.springframework.beans.factory.xml.PluggableSchemaResolver - Loading schema mappings from [META-INF/spring.schemas]
- (4316 ms) - [DEBUG] 2018-12-30 19:24:57,928 org.springframework.beans.factory.xml.PluggableSchemaResolver - Loaded schema mappings: {http://www.springframework.org/schema/tx/spring-tx-2.5.xsd=org/springframework/transaction/config/spring-tx-2.5.xsd, http://www.springframework.org/schema/aop/spring-aop-4.1.xsd=org/springframework/aop/config/spring-aop-4.1.xsd, http://www.springframework.org/schema/context/spring-context-3.1.xsd=org/springframework/context/config/spring-context-3.1.xsd, http://www.springframework.org/schema/jdbc/spring-jdbc-4.1.xsd=org/springframework/jdbc/config/spring-jdbc-4.1.xsd, http://www.springframework.org/schema/jms/spring-jms-2.5.xsd=org/springframework/jms/config/spring-jms-2.5.xsd, http://www.springframework.org/schema/util/spring-util-3.0.xsd=org/springframework/beans/factory/xml/spring-util-3.0.xsd, http://www.springframework.org/schema/mvc/spring-mvc-4.1.xsd=org/springframework/web/servlet/config/spring-mvc-4.1.xsd, http://www.springframework.org/schema/tool/spring-tool.xsd=org/springframework/beans/factory/xml/spring-tool-4.1.xsd, http://www.springframework.org/schema/aop/spring-aop-3.2.xsd=org/springframework/aop/config/spring-aop-3.2.xsd, http://mybatis.org/schema/mybatis-spring-1.2.xsd=org/mybatis/spring/config/mybatis-spring-1.2.xsd, http://www.springframework.org/schema/lang/spring-lang-4.1.xsd=org/springframework/scripting/config/spring-lang-4.1.xsd, http://www.springframework.org/schema/context/spring-context-4.0.xsd=org/springframework/context/config/spring-context-4.0.xsd, http://www.springframework.org/schema/mvc/spring-mvc-3.2.xsd=org/springframework/web/servlet/config/spring-mvc-3.2.xsd, http://www.springframework.org/schema/oxm/spring-oxm-3.0.xsd=org/springframework/oxm/config/spring-oxm-3.0.xsd, http://www.springframework.org/schema/tool/spring-tool-4.1.xsd=org/springframework/beans/factory/xml/spring-tool-4.1.xsd, http://www.springframework.org/schema/lang/spring-lang-3.2.xsd=org/springframework/scripting/config/spring-lang-3.2.xsd, http://www.springframework.org/schema/cache/spring-cache-3.2.xsd=org/springframework/cache/config/spring-cache-3.2.xsd, http://www.springframework.org/schema/jee/spring-jee-4.1.xsd=org/springframework/ejb/config/spring-jee-4.1.xsd, http://www.springframework.org/schema/jdbc/spring-jdbc-3.1.xsd=org/springframework/jdbc/config/spring-jdbc-3.1.xsd, http://www.springframework.org/schema/util/spring-util-2.0.xsd=org/springframework/beans/factory/xml/spring-util-2.0.xsd, http://www.springframework.org/schema/tool/spring-tool-3.2.xsd=org/springframework/beans/factory/xml/spring-tool-3.2.xsd, http://www.springframework.org/schema/context/spring-context.xsd=org/springframework/context/config/spring-context-4.1.xsd, http://www.springframework.org/schema/cache/spring-cache-4.1.xsd=org/springframework/cache/config/spring-cache-4.1.xsd, http://www.springframework.org/schema/aop/spring-aop-4.0.xsd=org/springframework/aop/config/spring-aop-4.0.xsd, http://www.springframework.org/schema/jee/spring-jee-3.2.xsd=org/springframework/ejb/config/spring-jee-3.2.xsd, http://www.springframework.org/schema/context/spring-context-3.0.xsd=org/springframework/context/config/spring-context-3.0.xsd, http://www.springframework.org/schema/jdbc/spring-jdbc-4.0.xsd=org/springframework/jdbc/config/spring-jdbc-4.0.xsd, http://www.springframework.org/schema/util/spring-util-2.5.xsd=org/springframework/beans/factory/xml/spring-util-2.5.xsd, http://www.springframework.org/schema/mvc/spring-mvc-4.0.xsd=org/springframework/web/servlet/config/spring-mvc-4.0.xsd, http://www.springframework.org/schema/beans/spring-beans-3.2.xsd=org/springframework/beans/factory/xml/spring-beans-3.2.xsd, http://www.springframework.org/schema/aop/spring-aop-3.1.xsd=org/springframework/aop/config/spring-aop-3.1.xsd, http://www.springframework.org/schema/lang/spring-lang-4.0.xsd=org/springframework/scripting/config/spring-lang-4.0.xsd, http://www.springframework.org/schema/mvc/spring-mvc.xsd=org/springframework/web/servlet/config/spring-mvc-4.1.xsd, http://www.springframework.org/schema/mvc/spring-mvc-3.1.xsd=org/springframework/web/servlet/config/spring-mvc-3.1.xsd, http://www.springframework.org/schema/beans/spring-beans-4.1.xsd=org/springframework/beans/factory/xml/spring-beans-4.1.xsd, http://www.springframework.org/schema/tool/spring-tool-4.0.xsd=org/springframework/beans/factory/xml/spring-tool-4.0.xsd, http://www.springframework.org/schema/lang/spring-lang-3.1.xsd=org/springframework/scripting/config/spring-lang-3.1.xsd, http://www.springframework.org/schema/tx/spring-tx-3.2.xsd=org/springframework/transaction/config/spring-tx-3.2.xsd, http://www.springframework.org/schema/cache/spring-cache-3.1.xsd=org/springframework/cache/config/spring-cache-3.1.xsd, http://www.springframework.org/schema/jee/spring-jee-4.0.xsd=org/springframework/ejb/config/spring-jee-4.0.xsd, http://www.springframework.org/schema/jdbc/spring-jdbc-3.0.xsd=org/springframework/jdbc/config/spring-jdbc-3.0.xsd, http://www.springframework.org/schema/task/spring-task-4.1.xsd=org/springframework/scheduling/config/spring-task-4.1.xsd, http://www.springframework.org/schema/tool/spring-tool-3.1.xsd=org/springframework/beans/factory/xml/spring-tool-3.1.xsd, http://www.springframework.org/schema/jdbc/spring-jdbc.xsd=org/springframework/jdbc/config/spring-jdbc-4.1.xsd, http://www.springframework.org/schema/tx/spring-tx-4.1.xsd=org/springframework/transaction/config/spring-tx-4.1.xsd, http://www.springframework.org/schema/cache/spring-cache-4.0.xsd=org/springframework/cache/config/spring-cache-4.0.xsd, http://www.springframework.org/schema/jee/spring-jee-3.1.xsd=org/springframework/ejb/config/spring-jee-3.1.xsd, http://www.springframework.org/schema/task/spring-task-3.2.xsd=org/springframework/scheduling/config/spring-task-3.2.xsd, http://www.springframework.org/schema/beans/spring-beans-3.1.xsd=org/springframework/beans/factory/xml/spring-beans-3.1.xsd, http://www.springframework.org/schema/util/spring-util.xsd=org/springframework/beans/factory/xml/spring-util-4.1.xsd, http://www.springframework.org/schema/aop/spring-aop-3.0.xsd=org/springframework/aop/config/spring-aop-3.0.xsd, http://www.springframework.org/schema/jms/spring-jms-3.2.xsd=org/springframework/jms/config/spring-jms-3.2.xsd, http://www.springframework.org/schema/mvc/spring-mvc-3.0.xsd=org/springframework/web/servlet/config/spring-mvc-3.0.xsd, http://www.springframework.org/schema/beans/spring-beans-4.0.xsd=org/springframework/beans/factory/xml/spring-beans-4.0.xsd, http://www.springframework.org/schema/beans/spring-beans.xsd=org/springframework/beans/factory/xml/spring-beans-4.1.xsd, http://www.springframework.org/schema/plugin/spring-plugin.xsd=org/springframework/plugin/core/config/spring-plugin.xsd, http://www.springframework.org/schema/lang/spring-lang-3.0.xsd=org/springframework/scripting/config/spring-lang-3.0.xsd, http://www.springframework.org/schema/tx/spring-tx-3.1.xsd=org/springframework/transaction/config/spring-tx-3.1.xsd, http://mybatis.org/schema/mybatis-spring.xsd=org/mybatis/spring/config/mybatis-spring-1.2.xsd, http://www.springframework.org/schema/context/spring-context-2.5.xsd=org/springframework/context/config/spring-context-2.5.xsd, http://www.springframework.org/schema/jms/spring-jms-4.1.xsd=org/springframework/jms/config/spring-jms-4.1.xsd, http://www.springframework.org/schema/task/spring-task-4.0.xsd=org/springframework/scheduling/config/spring-task-4.0.xsd, http://www.springframework.org/schema/tool/spring-tool-3.0.xsd=org/springframework/beans/factory/xml/spring-tool-3.0.xsd, http://www.springframework.org/schema/tx/spring-tx-4.0.xsd=org/springframework/transaction/config/spring-tx-4.0.xsd, http://www.springframework.org/schema/aop/spring-aop-2.0.xsd=org/springframework/aop/config/spring-aop-2.0.xsd, http://www.springframework.org/schema/jee/spring-jee-3.0.xsd=org/springframework/ejb/config/spring-jee-3.0.xsd, http://www.springframework.org/schema/util/spring-util-4.1.xsd=org/springframework/beans/factory/xml/spring-util-4.1.xsd, http://www.springframework.org/schema/task/spring-task-3.1.xsd=org/springframework/scheduling/config/spring-task-3.1.xsd, http://www.springframework.org/schema/beans/spring-beans-3.0.xsd=org/springframework/beans/factory/xml/spring-beans-3.0.xsd, http://www.springframework.org/schema/jee/spring-jee.xsd=org/springframework/ejb/config/spring-jee-4.1.xsd, http://www.springframework.org/schema/aop/spring-aop-2.5.xsd=org/springframework/aop/config/spring-aop-2.5.xsd, http://www.springframework.org/schema/jms/spring-jms.xsd=org/springframework/jms/config/spring-jms-4.1.xsd, http://www.springframework.org/schema/lang/spring-lang-2.0.xsd=org/springframework/scripting/config/spring-lang-2.0.xsd, http://www.springframework.org/schema/jms/spring-jms-3.1.xsd=org/springframework/jms/config/spring-jms-3.1.xsd, http://www.springframework.org/schema/oxm/spring-oxm.xsd=org/springframework/oxm/config/spring-oxm-4.1.xsd, http://www.springframework.org/schema/util/spring-util-3.2.xsd=org/springframework/beans/factory/xml/spring-util-3.2.xsd, http://www.springframework.org/schema/oxm/spring-oxm-4.1.xsd=org/springframework/oxm/config/spring-oxm-4.1.xsd, http://www.springframework.org/schema/task/spring-task.xsd=org/springframework/scheduling/config/spring-task-4.1.xsd, http://www.springframework.org/schema/tool/spring-tool-2.0.xsd=org/springframework/beans/factory/xml/spring-tool-2.0.xsd, http://www.springframework.org/schema/tx/spring-tx-3.0.xsd=org/springframework/transaction/config/spring-tx-3.0.xsd, http://www.springframework.org/schema/lang/spring-lang-2.5.xsd=org/springframework/scripting/config/spring-lang-2.5.xsd, http://www.springframework.org/schema/jee/spring-jee-2.0.xsd=org/springframework/ejb/config/spring-jee-2.0.xsd, http://www.springframework.org/schema/jms/spring-jms-4.0.xsd=org/springframework/jms/config/spring-jms-4.0.xsd, http://www.springframework.org/schema/oxm/spring-oxm-3.2.xsd=org/springframework/oxm/config/spring-oxm-3.2.xsd, http://www.springframework.org/schema/tool/spring-tool-2.5.xsd=org/springframework/beans/factory/xml/spring-tool-2.5.xsd, http://www.springframework.org/schema/jee/spring-jee-2.5.xsd=org/springframework/ejb/config/spring-jee-2.5.xsd, http://www.springframework.org/schema/util/spring-util-4.0.xsd=org/springframework/beans/factory/xml/spring-util-4.0.xsd, http://www.springframework.org/schema/task/spring-task-3.0.xsd=org/springframework/scheduling/config/spring-task-3.0.xsd, http://www.springframework.org/schema/lang/spring-lang.xsd=org/springframework/scripting/config/spring-lang-4.1.xsd, http://www.springframework.org/schema/context/spring-context-3.2.xsd=org/springframework/context/config/spring-context-3.2.xsd, http://www.springframework.org/schema/jms/spring-jms-3.0.xsd=org/springframework/jms/config/spring-jms-3.0.xsd, http://www.springframework.org/schema/util/spring-util-3.1.xsd=org/springframework/beans/factory/xml/spring-util-3.1.xsd, http://www.springframework.org/schema/beans/spring-beans-2.0.xsd=org/springframework/beans/factory/xml/spring-beans-2.0.xsd, http://www.springframework.org/schema/oxm/spring-oxm-4.0.xsd=org/springframework/oxm/config/spring-oxm-4.0.xsd, http://www.springframework.org/schema/cache/spring-cache.xsd=org/springframework/cache/config/spring-cache-4.1.xsd, http://www.springframework.org/schema/tx/spring-tx.xsd=org/springframework/transaction/config/spring-tx-4.1.xsd, http://www.springframework.org/schema/context/spring-context-4.1.xsd=org/springframework/context/config/spring-context-4.1.xsd, http://www.springframework.org/schema/beans/spring-beans-2.5.xsd=org/springframework/beans/factory/xml/spring-beans-2.5.xsd, http://www.springframework.org/schema/oxm/spring-oxm-3.1.xsd=org/springframework/oxm/config/spring-oxm-3.1.xsd, http://www.springframework.org/schema/tx/spring-tx-2.0.xsd=org/springframework/transaction/config/spring-tx-2.0.xsd, http://www.springframework.org/schema/jdbc/spring-jdbc-3.2.xsd=org/springframework/jdbc/config/spring-jdbc-3.2.xsd, http://www.springframework.org/schema/aop/spring-aop.xsd=org/springframework/aop/config/spring-aop-4.1.xsd}
- (4317 ms) - [DEBUG] 2018-12-30 19:24:57,929 org.springframework.beans.factory.xml.PluggableSchemaResolver - Found XML schema [http://www.springframework.org/schema/beans/spring-beans-2.5.xsd] in classpath: org/springframework/beans/factory/xml/spring-beans-2.5.xsd
- (4323 ms) - [DEBUG] 2018-12-30 19:24:57,935 org.springframework.beans.factory.xml.PluggableSchemaResolver - Found XML schema [http://www.springframework.org/schema/mvc/spring-mvc.xsd] in classpath: org/springframework/web/servlet/config/spring-mvc-4.1.xsd
- (4326 ms) - [DEBUG] 2018-12-30 19:24:57,938 org.springframework.beans.factory.xml.PluggableSchemaResolver - Found XML schema [http://www.springframework.org/schema/tool/spring-tool-4.1.xsd] in classpath: org/springframework/beans/factory/xml/spring-tool-4.1.xsd
- (4332 ms) - [DEBUG] 2018-12-30 19:24:57,944 org.springframework.beans.factory.xml.PluggableSchemaResolver - Found XML schema [http://www.springframework.org/schema/context/spring-context.xsd] in classpath: org/springframework/context/config/spring-context-4.1.xsd
- (4337 ms) - [DEBUG] 2018-12-30 19:24:57,949 org.springframework.beans.factory.xml.PluggableSchemaResolver - Found XML schema [http://www.springframework.org/schema/aop/spring-aop-2.5.xsd] in classpath: org/springframework/aop/config/spring-aop-2.5.xsd
- (4340 ms) - [DEBUG] 2018-12-30 19:24:57,952 org.springframework.beans.factory.xml.PluggableSchemaResolver - Found XML schema [http://www.springframework.org/schema/tx/spring-tx-2.5.xsd] in classpath: org/springframework/transaction/config/spring-tx-2.5.xsd
- (4345 ms) - [DEBUG] 2018-12-30 19:24:57,957 org.springframework.beans.factory.xml.DefaultBeanDefinitionDocumentReader - Loading bean definitions
- (4350 ms) - [DEBUG] 2018-12-30 19:24:57,962 org.springframework.beans.factory.xml.DefaultNamespaceHandlerResolver - Loaded NamespaceHandler mappings: {http://www.springframework.org/schema/p=org.springframework.beans.factory.xml.SimplePropertyNamespaceHandler, http://www.springframework.org/schema/mvc=org.springframework.web.servlet.config.MvcNamespaceHandler, http://www.springframework.org/schema/util=org.springframework.beans.factory.xml.UtilNamespaceHandler, http://www.springframework.org/schema/jee=org.springframework.ejb.config.JeeNamespaceHandler, http://www.springframework.org/schema/aop=org.springframework.aop.config.AopNamespaceHandler, http://www.springframework.org/schema/jdbc=org.springframework.jdbc.config.JdbcNamespaceHandler, http://www.springframework.org/schema/oxm=org.springframework.oxm.config.OxmNamespaceHandler, http://www.springframework.org/schema/cache=org.springframework.cache.config.CacheNamespaceHandler, http://mybatis.org/schema/mybatis-spring=org.mybatis.spring.config.NamespaceHandler, http://www.springframework.org/schema/c=org.springframework.beans.factory.xml.SimpleConstructorNamespaceHandler, http://www.springframework.org/schema/plugin=org.springframework.plugin.core.config.PluginNamespaceHandler, http://www.springframework.org/schema/tx=org.springframework.transaction.config.TxNamespaceHandler, http://www.springframework.org/schema/jms=org.springframework.jms.config.JmsNamespaceHandler, http://www.springframework.org/schema/task=org.springframework.scheduling.config.TaskNamespaceHandler, http://www.springframework.org/schema/lang=org.springframework.scripting.config.LangNamespaceHandler, http://www.springframework.org/schema/context=org.springframework.context.config.ContextNamespaceHandler}
- (4352 ms) - [DEBUG] 2018-12-30 19:24:57,964 org.springframework.core.env.StandardEnvironment - Adding [systemProperties] PropertySource with lowest search precedence
- (4352 ms) - [DEBUG] 2018-12-30 19:24:57,964 org.springframework.core.env.StandardEnvironment - Adding [systemEnvironment] PropertySource with lowest search precedence
- (4352 ms) - [DEBUG] 2018-12-30 19:24:57,964 org.springframework.core.env.StandardEnvironment - Initialized StandardEnvironment with PropertySources [systemProperties,systemEnvironment]
- (4354 ms) - [DEBUG] 2018-12-30 19:24:57,966 org.springframework.core.io.support.PathMatchingResourcePatternResolver - Looking for matching resources in directory tree [E:\ideaXM\itrip\itrip-biz\target\test-classes\cn\itrip\service]
- (4356 ms) - [DEBUG] 2018-12-30 19:24:57,968 org.springframework.core.io.support.PathMatchingResourcePatternResolver - Searching directory [E:\ideaXM\itrip\itrip-biz\target\test-classes\cn\itrip\service] for files matching pattern [E:/ideaXM/itrip/itrip-biz/target/test-classes/cn/itrip/service/**/*.class]
- (4357 ms) - [DEBUG] 2018-12-30 19:24:57,969 org.springframework.core.io.support.PathMatchingResourcePatternResolver - Searching directory [E:\ideaXM\itrip\itrip-biz\target\test-classes\cn\itrip\service\areadic] for files matching pattern [E:/ideaXM/itrip/itrip-biz/target/test-classes/cn/itrip/service/**/*.class]
- (4357 ms) - [DEBUG] 2018-12-30 19:24:57,969 org.springframework.core.io.support.PathMatchingResourcePatternResolver - Searching directory [E:\ideaXM\itrip\itrip-biz\target\test-classes\cn\itrip\service\labeldic] for files matching pattern [E:/ideaXM/itrip/itrip-biz/target/test-classes/cn/itrip/service/**/*.class]
- (4365 ms) - [DEBUG] 2018-12-30 19:24:57,977 org.springframework.core.io.support.PathMatchingResourcePatternResolver - Searching directory [E:\ideaXM\itrip\itrip-biz\target\test-classes\cn\itrip\service\user] for files matching pattern [E:/ideaXM/itrip/itrip-biz/target/test-classes/cn/itrip/service/**/*.class]
- (4365 ms) - [DEBUG] 2018-12-30 19:24:57,977 org.springframework.core.io.support.PathMatchingResourcePatternResolver - Searching directory [E:\ideaXM\itrip\itrip-biz\target\test-classes\cn\itrip\service\userlinkuser] for files matching pattern [E:/ideaXM/itrip/itrip-biz/target/test-classes/cn/itrip/service/**/*.class]
- (4366 ms) - [DEBUG] 2018-12-30 19:24:57,978 org.springframework.core.io.support.PathMatchingResourcePatternResolver - Looking for matching resources in directory tree [E:\ideaXM\itrip\itrip-biz\target\classes\cn\itrip\service]
- (4366 ms) - [DEBUG] 2018-12-30 19:24:57,978 org.springframework.core.io.support.PathMatchingResourcePatternResolver - Searching directory [E:\ideaXM\itrip\itrip-biz\target\classes\cn\itrip\service] for files matching pattern [E:/ideaXM/itrip/itrip-biz/target/classes/cn/itrip/service/**/*.class]
- (4367 ms) - [DEBUG] 2018-12-30 19:24:57,979 org.springframework.core.io.support.PathMatchingResourcePatternResolver - Searching directory [E:\ideaXM\itrip\itrip-biz\target\classes\cn\itrip\service\area] for files matching pattern [E:/ideaXM/itrip/itrip-biz/target/classes/cn/itrip/service/**/*.class]
- (4368 ms) - [DEBUG] 2018-12-30 19:24:57,980 org.springframework.core.io.support.PathMatchingResourcePatternResolver - Searching directory [E:\ideaXM\itrip\itrip-biz\target\classes\cn\itrip\service\areadic] for files matching pattern [E:/ideaXM/itrip/itrip-biz/target/classes/cn/itrip/service/**/*.class]
- (4368 ms) - [DEBUG] 2018-12-30 19:24:57,980 org.springframework.core.io.support.PathMatchingResourcePatternResolver - Searching directory [E:\ideaXM\itrip\itrip-biz\target\classes\cn\itrip\service\comment] for files matching pattern [E:/ideaXM/itrip/itrip-biz/target/classes/cn/itrip/service/**/*.class]
- (4369 ms) - [DEBUG] 2018-12-30 19:24:57,981 org.springframework.core.io.support.PathMatchingResourcePatternResolver - Searching directory [E:\ideaXM\itrip\itrip-biz\target\classes\cn\itrip\service\hotelorder] for files matching pattern [E:/ideaXM/itrip/itrip-biz/target/classes/cn/itrip/service/**/*.class]
- (4370 ms) - [DEBUG] 2018-12-30 19:24:57,982 org.springframework.core.io.support.PathMatchingResourcePatternResolver - Searching directory [E:\ideaXM\itrip\itrip-biz\target\classes\cn\itrip\service\image] for files matching pattern [E:/ideaXM/itrip/itrip-biz/target/classes/cn/itrip/service/**/*.class]
- (4371 ms) - [DEBUG] 2018-12-30 19:24:57,983 org.springframework.core.io.support.PathMatchingResourcePatternResolver - Searching directory [E:\ideaXM\itrip\itrip-biz\target\classes\cn\itrip\service\label] for files matching pattern [E:/ideaXM/itrip/itrip-biz/target/classes/cn/itrip/service/**/*.class]
- (4386 ms) - [DEBUG] 2018-12-30 19:24:57,998 org.springframework.core.io.support.PathMatchingResourcePatternResolver - Searching directory [E:\ideaXM\itrip\itrip-biz\target\classes\cn\itrip\service\labeldic] for files matching pattern [E:/ideaXM/itrip/itrip-biz/target/classes/cn/itrip/service/**/*.class]
- (4388 ms) - [DEBUG] 2018-12-30 19:24:58,000 org.springframework.core.io.support.PathMatchingResourcePatternResolver - Searching directory [E:\ideaXM\itrip\itrip-biz\target\classes\cn\itrip\service\user] for files matching pattern [E:/ideaXM/itrip/itrip-biz/target/classes/cn/itrip/service/**/*.class]
- (4389 ms) - [DEBUG] 2018-12-30 19:24:58,001 org.springframework.core.io.support.PathMatchingResourcePatternResolver - Searching directory [E:\ideaXM\itrip\itrip-biz\target\classes\cn\itrip\service\userlinkuser] for files matching pattern [E:/ideaXM/itrip/itrip-biz/target/classes/cn/itrip/service/**/*.class]
- (4390 ms) - [DEBUG] 2018-12-30 19:24:58,002 org.springframework.core.io.support.PathMatchingResourcePatternResolver - Resolved location pattern [classpath*:cn/itrip/service/**/*.class] to resources [file [E:\ideaXM\itrip\itrip-biz\target\test-classes\cn\itrip\service\areadic\TestItripAreaDicService.class], file [E:\ideaXM\itrip\itrip-biz\target\test-classes\cn\itrip\service\labeldic\TestItripLabelDicService.class], file [E:\ideaXM\itrip\itrip-biz\target\test-classes\cn\itrip\service\user\TestItripUserService.class], file [E:\ideaXM\itrip\itrip-biz\target\test-classes\cn\itrip\service\userlinkuser\TestItripUserLinkUserService.class], file [E:\ideaXM\itrip\itrip-biz\target\classes\cn\itrip\service\area\ItripHotService.class], file [E:\ideaXM\itrip\itrip-biz\target\classes\cn\itrip\service\area\ItripHotServiceImpl.class], file [E:\ideaXM\itrip\itrip-biz\target\classes\cn\itrip\service\areadic\ItripAreaDicService.class], file [E:\ideaXM\itrip\itrip-biz\target\classes\cn\itrip\service\areadic\ItripAreaDicServiceImpl.class], file [E:\ideaXM\itrip\itrip-biz\target\classes\cn\itrip\service\comment\ItripCommentService.class], file [E:\ideaXM\itrip\itrip-biz\target\classes\cn\itrip\service\comment\ItripCommentServiceImpl.class], file [E:\ideaXM\itrip\itrip-biz\target\classes\cn\itrip\service\hotelorder\ItripHotelOrderService.class], file [E:\ideaXM\itrip\itrip-biz\target\classes\cn\itrip\service\hotelorder\ItripHotelOrderServiceImpl.class], file [E:\ideaXM\itrip\itrip-biz\target\classes\cn\itrip\service\image\ItripImageService.class], file [E:\ideaXM\itrip\itrip-biz\target\classes\cn\itrip\service\image\ItripImageServiceImpl.class], file [E:\ideaXM\itrip\itrip-biz\target\classes\cn\itrip\service\label\ItripLabelService.class], file [E:\ideaXM\itrip\itrip-biz\target\classes\cn\itrip\service\label\ItripLabelServiceImpl.class], file [E:\ideaXM\itrip\itrip-biz\target\classes\cn\itrip\service\labeldic\ItripLabelDicService.class], file [E:\ideaXM\itrip\itrip-biz\target\classes\cn\itrip\service\labeldic\ItripLabelDicServiceImpl.class], file [E:\ideaXM\itrip\itrip-biz\target\classes\cn\itrip\service\user\ItripUserService.class], file [E:\ideaXM\itrip\itrip-biz\target\classes\cn\itrip\service\user\ItripUserServiceImpl.class], file [E:\ideaXM\itrip\itrip-biz\target\classes\cn\itrip\service\userlinkuser\ItripUserLinkUserService.class], file [E:\ideaXM\itrip\itrip-biz\target\classes\cn\itrip\service\userlinkuser\ItripUserLinkUserServiceImpl.class]]
- (4397 ms) - [DEBUG] 2018-12-30 19:24:58,009 org.springframework.context.annotation.ClassPathBeanDefinitionScanner - Identified candidate component class: file [E:\ideaXM\itrip\itrip-biz\target\classes\cn\itrip\service\area\ItripHotServiceImpl.class]
- (4399 ms) - [DEBUG] 2018-12-30 19:24:58,011 org.springframework.context.annotation.ClassPathBeanDefinitionScanner - Identified candidate component class: file [E:\ideaXM\itrip\itrip-biz\target\classes\cn\itrip\service\areadic\ItripAreaDicServiceImpl.class]
- (4401 ms) - [DEBUG] 2018-12-30 19:24:58,013 org.springframework.context.annotation.ClassPathBeanDefinitionScanner - Identified candidate component class: file [E:\ideaXM\itrip\itrip-biz\target\classes\cn\itrip\service\comment\ItripCommentServiceImpl.class]
- (4402 ms) - [DEBUG] 2018-12-30 19:24:58,014 org.springframework.context.annotation.ClassPathBeanDefinitionScanner - Identified candidate component class: file [E:\ideaXM\itrip\itrip-biz\target\classes\cn\itrip\service\hotelorder\ItripHotelOrderServiceImpl.class]
- (4403 ms) - [DEBUG] 2018-12-30 19:24:58,015 org.springframework.context.annotation.ClassPathBeanDefinitionScanner - Identified candidate component class: file [E:\ideaXM\itrip\itrip-biz\target\classes\cn\itrip\service\image\ItripImageServiceImpl.class]
- (4404 ms) - [DEBUG] 2018-12-30 19:24:58,016 org.springframework.context.annotation.ClassPathBeanDefinitionScanner - Identified candidate component class: file [E:\ideaXM\itrip\itrip-biz\target\classes\cn\itrip\service\label\ItripLabelServiceImpl.class]
- (4405 ms) - [DEBUG] 2018-12-30 19:24:58,017 org.springframework.context.annotation.ClassPathBeanDefinitionScanner - Identified candidate component class: file [E:\ideaXM\itrip\itrip-biz\target\classes\cn\itrip\service\labeldic\ItripLabelDicServiceImpl.class]
- (4407 ms) - [DEBUG] 2018-12-30 19:24:58,019 org.springframework.context.annotation.ClassPathBeanDefinitionScanner - Identified candidate component class: file [E:\ideaXM\itrip\itrip-biz\target\classes\cn\itrip\service\user\ItripUserServiceImpl.class]
- (4408 ms) - [DEBUG] 2018-12-30 19:24:58,020 org.springframework.context.annotation.ClassPathBeanDefinitionScanner - Identified candidate component class: file [E:\ideaXM\itrip\itrip-biz\target\classes\cn\itrip\service\userlinkuser\ItripUserLinkUserServiceImpl.class]
- (4412 ms) - [DEBUG] 2018-12-30 19:24:58,024 org.springframework.beans.factory.xml.BeanDefinitionParserDelegate - Neither XML 'id' nor 'name' specified - using generated bean name [org.mybatis.spring.mapper.MapperScannerConfigurer#0]
- (4421 ms) - [DEBUG] 2018-12-30 19:24:58,033 org.springframework.beans.factory.xml.XmlBeanDefinitionReader - Loaded 31 bean definitions from location pattern [applicationContext-mybatis.xml]
- (4421 ms) - [DEBUG] 2018-12-30 19:24:58,033 org.springframework.context.support.ClassPathXmlApplicationContext - Bean factory for org.springframework.context.support.ClassPathXmlApplicationContext@3f0846c6: org.springframework.beans.factory.support.DefaultListableBeanFactory@7e928e2f: defining beans [org.springframework.web.servlet.resource.DefaultServletHttpRequestHandler#0,org.springframework.web.servlet.handler.SimpleUrlHandlerMapping#0,org.springframework.web.servlet.handler.BeanNameUrlHandlerMapping,org.springframework.web.servlet.mvc.HttpRequestHandlerAdapter,org.springframework.web.servlet.mvc.SimpleControllerHandlerAdapter,itripHotServiceImpl,itripAreaDicServiceImpl,itripCommentServiceImpl,itripHotelOrderServiceImpl,itripImageServiceImpl,itripLabelServiceImpl,itripLabelDicServiceImpl,itripUserServiceImpl,itripUserLinkUserServiceImpl,org.springframework.context.annotation.internalConfigurationAnnotationProcessor,org.springframework.context.annotation.internalAutowiredAnnotationProcessor,org.springframework.context.annotation.internalRequiredAnnotationProcessor,org.springframework.context.annotation.internalCommonAnnotationProcessor,org.springframework.context.support.PropertySourcesPlaceholderConfigurer#0,dataSource,txManager,sqlSessionFactoryBean,org.springframework.aop.config.internalAutoProxyCreator,transService,org.springframework.aop.support.DefaultBeanFactoryPointcutAdvisor#0,myAdvice,org.mybatis.spring.mapper.MapperScannerConfigurer#0,jedisPoolConfig,jedisPool,redisAPI,validationToken]; root of factory hierarchy
- (4422 ms) - [DEBUG] 2018-12-30 19:24:58,034 org.springframework.beans.factory.support.DefaultListableBeanFactory - Creating shared instance of singleton bean 'org.springframework.context.annotation.internalConfigurationAnnotationProcessor'
- (4423 ms) - [DEBUG] 2018-12-30 19:24:58,035 org.springframework.beans.factory.support.DefaultListableBeanFactory - Creating instance of bean 'org.springframework.context.annotation.internalConfigurationAnnotationProcessor'
- (4423 ms) - [DEBUG] 2018-12-30 19:24:58,035 org.springframework.beans.factory.support.DefaultListableBeanFactory - Eagerly caching bean 'org.springframework.context.annotation.internalConfigurationAnnotationProcessor' to allow for resolving potential circular references
- (4423 ms) - [DEBUG] 2018-12-30 19:24:58,035 org.springframework.beans.factory.support.DefaultListableBeanFactory - Finished creating instance of bean 'org.springframework.context.annotation.internalConfigurationAnnotationProcessor'
- (4445 ms) - [DEBUG] 2018-12-30 19:24:58,057 org.springframework.beans.factory.support.DefaultListableBeanFactory - Creating shared instance of singleton bean 'org.mybatis.spring.mapper.MapperScannerConfigurer#0'
- (4445 ms) - [DEBUG] 2018-12-30 19:24:58,057 org.springframework.beans.factory.support.DefaultListableBeanFactory - Creating instance of bean 'org.mybatis.spring.mapper.MapperScannerConfigurer#0'
- (4445 ms) - [DEBUG] 2018-12-30 19:24:58,057 org.springframework.beans.factory.support.DefaultListableBeanFactory - Eagerly caching bean 'org.mybatis.spring.mapper.MapperScannerConfigurer#0' to allow for resolving potential circular references
- (4445 ms) - [DEBUG] 2018-12-30 19:24:58,057 org.springframework.beans.factory.support.DefaultListableBeanFactory - Invoking afterPropertiesSet() on bean with name 'org.mybatis.spring.mapper.MapperScannerConfigurer#0'
- (4446 ms) - [DEBUG] 2018-12-30 19:24:58,058 org.springframework.beans.factory.support.DefaultListableBeanFactory - Finished creating instance of bean 'org.mybatis.spring.mapper.MapperScannerConfigurer#0'
- (4446 ms) - [DEBUG] 2018-12-30 19:24:58,058 org.springframework.core.env.StandardEnvironment - Adding [systemProperties] PropertySource with lowest search precedence
- (4446 ms) - [DEBUG] 2018-12-30 19:24:58,058 org.springframework.core.env.StandardEnvironment - Adding [systemEnvironment] PropertySource with lowest search precedence
- (4446 ms) - [DEBUG] 2018-12-30 19:24:58,058 org.springframework.core.env.StandardEnvironment - Initialized StandardEnvironment with PropertySources [systemProperties,systemEnvironment]
- (4447 ms) - [DEBUG] 2018-12-30 19:24:58,059 org.springframework.core.io.support.PathMatchingResourcePatternResolver - Looking for matching resources in jar file [file:/E:/ideaXM/itrip/itrip-dao/target/itrip-dao-1.0-SNAPSHOT.jar]
- (4448 ms) - [DEBUG] 2018-12-30 19:24:58,060 org.springframework.core.io.support.PathMatchingResourcePatternResolver - Resolved location pattern [classpath*:cn/itrip/dao/**/*.class] to resources [URL [jar:file:/E:/ideaXM/itrip/itrip-dao/target/itrip-dao-1.0-SNAPSHOT.jar!/cn/itrip/dao/area/ItripHotMapper.class], URL [jar:file:/E:/ideaXM/itrip/itrip-dao/target/itrip-dao-1.0-SNAPSHOT.jar!/cn/itrip/dao/areadic/ItripAreaDicMapper.class], URL [jar:file:/E:/ideaXM/itrip/itrip-dao/target/itrip-dao-1.0-SNAPSHOT.jar!/cn/itrip/dao/comment/ItripCommentMapper.class], URL [jar:file:/E:/ideaXM/itrip/itrip-dao/target/itrip-dao-1.0-SNAPSHOT.jar!/cn/itrip/dao/hotel/ItripHotelMapper.class], URL [jar:file:/E:/ideaXM/itrip/itrip-dao/target/itrip-dao-1.0-SNAPSHOT.jar!/cn/itrip/dao/hotelorder/ItripHotelOrderMapper.class], URL [jar:file:/E:/ideaXM/itrip/itrip-dao/target/itrip-dao-1.0-SNAPSHOT.jar!/cn/itrip/dao/image/ItripImageMapper.class], URL [jar:file:/E:/ideaXM/itrip/itrip-dao/target/itrip-dao-1.0-SNAPSHOT.jar!/cn/itrip/dao/label/ItripLabelMapper.class], URL [jar:file:/E:/ideaXM/itrip/itrip-dao/target/itrip-dao-1.0-SNAPSHOT.jar!/cn/itrip/dao/labeldic/ItripLabelDicMapper.class], URL [jar:file:/E:/ideaXM/itrip/itrip-dao/target/itrip-dao-1.0-SNAPSHOT.jar!/cn/itrip/dao/user/ItripUserMapper.class], URL [jar:file:/E:/ideaXM/itrip/itrip-dao/target/itrip-dao-1.0-SNAPSHOT.jar!/cn/itrip/dao/userlinkuser/ItripUserLinkUserMapper.class]]
- (4449 ms) - [DEBUG] 2018-12-30 19:24:58,061 org.mybatis.spring.mapper.ClassPathMapperScanner - Identified candidate component class: URL [jar:file:/E:/ideaXM/itrip/itrip-dao/target/itrip-dao-1.0-SNAPSHOT.jar!/cn/itrip/dao/area/ItripHotMapper.class]
- (4450 ms) - [DEBUG] 2018-12-30 19:24:58,062 org.mybatis.spring.mapper.ClassPathMapperScanner - Identified candidate component class: URL [jar:file:/E:/ideaXM/itrip/itrip-dao/target/itrip-dao-1.0-SNAPSHOT.jar!/cn/itrip/dao/areadic/ItripAreaDicMapper.class]
- (4450 ms) - [DEBUG] 2018-12-30 19:24:58,062 org.mybatis.spring.mapper.ClassPathMapperScanner - Identified candidate component class: URL [jar:file:/E:/ideaXM/itrip/itrip-dao/target/itrip-dao-1.0-SNAPSHOT.jar!/cn/itrip/dao/comment/ItripCommentMapper.class]
- (4451 ms) - [DEBUG] 2018-12-30 19:24:58,063 org.mybatis.spring.mapper.ClassPathMapperScanner - Identified candidate component class: URL [jar:file:/E:/ideaXM/itrip/itrip-dao/target/itrip-dao-1.0-SNAPSHOT.jar!/cn/itrip/dao/hotel/ItripHotelMapper.class]
- (4452 ms) - [DEBUG] 2018-12-30 19:24:58,064 org.mybatis.spring.mapper.ClassPathMapperScanner - Identified candidate component class: URL [jar:file:/E:/ideaXM/itrip/itrip-dao/target/itrip-dao-1.0-SNAPSHOT.jar!/cn/itrip/dao/hotelorder/ItripHotelOrderMapper.class]
- (4452 ms) - [DEBUG] 2018-12-30 19:24:58,064 org.mybatis.spring.mapper.ClassPathMapperScanner - Identified candidate component class: URL [jar:file:/E:/ideaXM/itrip/itrip-dao/target/itrip-dao-1.0-SNAPSHOT.jar!/cn/itrip/dao/image/ItripImageMapper.class]
- (4453 ms) - [DEBUG] 2018-12-30 19:24:58,065 org.mybatis.spring.mapper.ClassPathMapperScanner - Identified candidate component class: URL [jar:file:/E:/ideaXM/itrip/itrip-dao/target/itrip-dao-1.0-SNAPSHOT.jar!/cn/itrip/dao/label/ItripLabelMapper.class]
- (4454 ms) - [DEBUG] 2018-12-30 19:24:58,066 org.mybatis.spring.mapper.ClassPathMapperScanner - Identified candidate component class: URL [jar:file:/E:/ideaXM/itrip/itrip-dao/target/itrip-dao-1.0-SNAPSHOT.jar!/cn/itrip/dao/labeldic/ItripLabelDicMapper.class]
- (4454 ms) - [DEBUG] 2018-12-30 19:24:58,066 org.mybatis.spring.mapper.ClassPathMapperScanner - Identified candidate component class: URL [jar:file:/E:/ideaXM/itrip/itrip-dao/target/itrip-dao-1.0-SNAPSHOT.jar!/cn/itrip/dao/user/ItripUserMapper.class]
- (4455 ms) - [DEBUG] 2018-12-30 19:24:58,067 org.mybatis.spring.mapper.ClassPathMapperScanner - Identified candidate component class: URL [jar:file:/E:/ideaXM/itrip/itrip-dao/target/itrip-dao-1.0-SNAPSHOT.jar!/cn/itrip/dao/userlinkuser/ItripUserLinkUserMapper.class]
- (4455 ms) - [DEBUG] 2018-12-30 19:24:58,067 org.mybatis.spring.mapper.ClassPathMapperScanner - Creating MapperFactoryBean with name 'itripHotMapper' and 'cn.itrip.dao.area.ItripHotMapper' mapperInterface
- (4455 ms) - [DEBUG] 2018-12-30 19:24:58,067 org.mybatis.spring.mapper.ClassPathMapperScanner - Enabling autowire by type for MapperFactoryBean with name 'itripHotMapper'.
- (4455 ms) - [DEBUG] 2018-12-30 19:24:58,067 org.mybatis.spring.mapper.ClassPathMapperScanner - Creating MapperFactoryBean with name 'itripAreaDicMapper' and 'cn.itrip.dao.areadic.ItripAreaDicMapper' mapperInterface
- (4455 ms) - [DEBUG] 2018-12-30 19:24:58,067 org.mybatis.spring.mapper.ClassPathMapperScanner - Enabling autowire by type for MapperFactoryBean with name 'itripAreaDicMapper'.
- (4455 ms) - [DEBUG] 2018-12-30 19:24:58,067 org.mybatis.spring.mapper.ClassPathMapperScanner - Creating MapperFactoryBean with name 'itripCommentMapper' and 'cn.itrip.dao.comment.ItripCommentMapper' mapperInterface
- (4456 ms) - [DEBUG] 2018-12-30 19:24:58,068 org.mybatis.spring.mapper.ClassPathMapperScanner - Enabling autowire by type for MapperFactoryBean with name 'itripCommentMapper'.
- (4456 ms) - [DEBUG] 2018-12-30 19:24:58,068 org.mybatis.spring.mapper.ClassPathMapperScanner - Creating MapperFactoryBean with name 'itripHotelMapper' and 'cn.itrip.dao.hotel.ItripHotelMapper' mapperInterface
- (4456 ms) - [DEBUG] 2018-12-30 19:24:58,068 org.mybatis.spring.mapper.ClassPathMapperScanner - Enabling autowire by type for MapperFactoryBean with name 'itripHotelMapper'.
- (4456 ms) - [DEBUG] 2018-12-30 19:24:58,068 org.mybatis.spring.mapper.ClassPathMapperScanner - Creating MapperFactoryBean with name 'itripHotelOrderMapper' and 'cn.itrip.dao.hotelorder.ItripHotelOrderMapper' mapperInterface
- (4456 ms) - [DEBUG] 2018-12-30 19:24:58,068 org.mybatis.spring.mapper.ClassPathMapperScanner - Enabling autowire by type for MapperFactoryBean with name 'itripHotelOrderMapper'.
- (4456 ms) - [DEBUG] 2018-12-30 19:24:58,068 org.mybatis.spring.mapper.ClassPathMapperScanner - Creating MapperFactoryBean with name 'itripImageMapper' and 'cn.itrip.dao.image.ItripImageMapper' mapperInterface
- (4456 ms) - [DEBUG] 2018-12-30 19:24:58,068 org.mybatis.spring.mapper.ClassPathMapperScanner - Enabling autowire by type for MapperFactoryBean with name 'itripImageMapper'.
- (4456 ms) - [DEBUG] 2018-12-30 19:24:58,068 org.mybatis.spring.mapper.ClassPathMapperScanner - Creating MapperFactoryBean with name 'itripLabelMapper' and 'cn.itrip.dao.label.ItripLabelMapper' mapperInterface
- (4457 ms) - [DEBUG] 2018-12-30 19:24:58,069 org.mybatis.spring.mapper.ClassPathMapperScanner - Enabling autowire by type for MapperFactoryBean with name 'itripLabelMapper'.
- (4457 ms) - [DEBUG] 2018-12-30 19:24:58,069 org.mybatis.spring.mapper.ClassPathMapperScanner - Creating MapperFactoryBean with name 'itripLabelDicMapper' and 'cn.itrip.dao.labeldic.ItripLabelDicMapper' mapperInterface
- (4457 ms) - [DEBUG] 2018-12-30 19:24:58,069 org.mybatis.spring.mapper.ClassPathMapperScanner - Enabling autowire by type for MapperFactoryBean with name 'itripLabelDicMapper'.
- (4457 ms) - [DEBUG] 2018-12-30 19:24:58,069 org.mybatis.spring.mapper.ClassPathMapperScanner - Creating MapperFactoryBean with name 'itripUserMapper' and 'cn.itrip.dao.user.ItripUserMapper' mapperInterface
- (4457 ms) - [DEBUG] 2018-12-30 19:24:58,069 org.mybatis.spring.mapper.ClassPathMapperScanner - Enabling autowire by type for MapperFactoryBean with name 'itripUserMapper'.
- (4457 ms) - [DEBUG] 2018-12-30 19:24:58,069 org.mybatis.spring.mapper.ClassPathMapperScanner - Creating MapperFactoryBean with name 'itripUserLinkUserMapper' and 'cn.itrip.dao.userlinkuser.ItripUserLinkUserMapper' mapperInterface
- (4457 ms) - [DEBUG] 2018-12-30 19:24:58,069 org.mybatis.spring.mapper.ClassPathMapperScanner - Enabling autowire by type for MapperFactoryBean with name 'itripUserLinkUserMapper'.
- (4458 ms) - [DEBUG] 2018-12-30 19:24:58,070 org.springframework.beans.factory.support.DefaultListableBeanFactory - Creating shared instance of singleton bean 'org.springframework.context.support.PropertySourcesPlaceholderConfigurer#0'
- (4458 ms) - [DEBUG] 2018-12-30 19:24:58,070 org.springframework.beans.factory.support.DefaultListableBeanFactory - Creating instance of bean 'org.springframework.context.support.PropertySourcesPlaceholderConfigurer#0'
- (4459 ms) - [DEBUG] 2018-12-30 19:24:58,071 org.springframework.beans.factory.support.DefaultListableBeanFactory - Eagerly caching bean 'org.springframework.context.support.PropertySourcesPlaceholderConfigurer#0' to allow for resolving potential circular references
- (4459 ms) - [DEBUG] 2018-12-30 19:24:58,071 org.springframework.beans.factory.support.DefaultListableBeanFactory - Finished creating instance of bean 'org.springframework.context.support.PropertySourcesPlaceholderConfigurer#0'
- (4459 ms) - [DEBUG] 2018-12-30 19:24:58,071 org.springframework.core.env.MutablePropertySources - Adding [environmentProperties] PropertySource with lowest search precedence
- (4459 ms) - [INFO] 2018-12-30 19:24:58,071 org.springframework.context.support.PropertySourcesPlaceholderConfigurer - Loading properties file from class path resource [database.properties]
- (4460 ms) - [DEBUG] 2018-12-30 19:24:58,072 org.springframework.core.env.MutablePropertySources - Adding [localProperties] PropertySource with lowest search precedence
- (4460 ms) - [DEBUG] 2018-12-30 19:24:58,072 org.springframework.core.env.PropertySourcesPropertyResolver - Searching for key 'mysql.driver' in [environmentProperties]
- (4461 ms) - [DEBUG] 2018-12-30 19:24:58,073 org.springframework.core.env.PropertySourcesPropertyResolver - Searching for key 'mysql.driver' in [systemProperties]
- (4461 ms) - [DEBUG] 2018-12-30 19:24:58,073 org.springframework.core.env.PropertySourcesPropertyResolver - Searching for key 'mysql.driver' in [systemEnvironment]
- (4461 ms) - [DEBUG] 2018-12-30 19:24:58,073 org.springframework.core.env.PropertySourcesPropertyResolver - Could not find key 'mysql.driver' in any property source. Returning [null]
- (4462 ms) - [DEBUG] 2018-12-30 19:24:58,074 org.springframework.core.env.PropertySourcesPropertyResolver - Searching for key 'mysql.driver' in [localProperties]
- (4462 ms) - [DEBUG] 2018-12-30 19:24:58,074 org.springframework.core.env.PropertySourcesPropertyResolver - Found key 'mysql.driver' in [localProperties] with type [String] and value 'com.mysql.jdbc.Driver'
- (4462 ms) - [DEBUG] 2018-12-30 19:24:58,074 org.springframework.core.env.PropertySourcesPropertyResolver - Searching for key 'mysql.url' in [environmentProperties]
- (4462 ms) - [DEBUG] 2018-12-30 19:24:58,074 org.springframework.core.env.PropertySourcesPropertyResolver - Searching for key 'mysql.url' in [systemProperties]
- (4462 ms) - [DEBUG] 2018-12-30 19:24:58,074 org.springframework.core.env.PropertySourcesPropertyResolver - Searching for key 'mysql.url' in [systemEnvironment]
- (4463 ms) - [DEBUG] 2018-12-30 19:24:58,075 org.springframework.core.env.PropertySourcesPropertyResolver - Could not find key 'mysql.url' in any property source. Returning [null]
- (4463 ms) - [DEBUG] 2018-12-30 19:24:58,075 org.springframework.core.env.PropertySourcesPropertyResolver - Searching for key 'mysql.url' in [localProperties]
- (4463 ms) - [DEBUG] 2018-12-30 19:24:58,075 org.springframework.core.env.PropertySourcesPropertyResolver - Found key 'mysql.url' in [localProperties] with type [String] and value 'jdbc:mysql://127.0.0.1:3306/itripdb?useUnicode=true&characterEncoding=utf-8'
- (4463 ms) - [DEBUG] 2018-12-30 19:24:58,075 org.springframework.core.env.PropertySourcesPropertyResolver - Searching for key 'mysql.user' in [environmentProperties]
- (4463 ms) - [DEBUG] 2018-12-30 19:24:58,075 org.springframework.core.env.PropertySourcesPropertyResolver - Searching for key 'mysql.user' in [systemProperties]
- (4464 ms) - [DEBUG] 2018-12-30 19:24:58,076 org.springframework.core.env.PropertySourcesPropertyResolver - Searching for key 'mysql.user' in [systemEnvironment]
- (4464 ms) - [DEBUG] 2018-12-30 19:24:58,076 org.springframework.core.env.PropertySourcesPropertyResolver - Could not find key 'mysql.user' in any property source. Returning [null]
- (4464 ms) - [DEBUG] 2018-12-30 19:24:58,076 org.springframework.core.env.PropertySourcesPropertyResolver - Searching for key 'mysql.user' in [localProperties]
- (4464 ms) - [DEBUG] 2018-12-30 19:24:58,076 org.springframework.core.env.PropertySourcesPropertyResolver - Found key 'mysql.user' in [localProperties] with type [String] and value 'itrip'
- (4464 ms) - [DEBUG] 2018-12-30 19:24:58,076 org.springframework.core.env.PropertySourcesPropertyResolver - Searching for key 'mysql.password' in [environmentProperties]
- (4464 ms) - [DEBUG] 2018-12-30 19:24:58,076 org.springframework.core.env.PropertySourcesPropertyResolver - Searching for key 'mysql.password' in [systemProperties]
- (4465 ms) - [DEBUG] 2018-12-30 19:24:58,077 org.springframework.core.env.PropertySourcesPropertyResolver - Searching for key 'mysql.password' in [systemEnvironment]
- (4465 ms) - [DEBUG] 2018-12-30 19:24:58,077 org.springframework.core.env.PropertySourcesPropertyResolver - Could not find key 'mysql.password' in any property source. Returning [null]
- (4465 ms) - [DEBUG] 2018-12-30 19:24:58,077 org.springframework.core.env.PropertySourcesPropertyResolver - Searching for key 'mysql.password' in [localProperties]
- (4465 ms) - [DEBUG] 2018-12-30 19:24:58,077 org.springframework.core.env.PropertySourcesPropertyResolver - Found key 'mysql.password' in [localProperties] with type [String] and value 'itripqaz!@#$QAZXXX'
- (4465 ms) - [DEBUG] 2018-12-30 19:24:58,077 org.springframework.core.env.PropertySourcesPropertyResolver - Searching for key 'mysql.initialSize' in [environmentProperties]
- (4466 ms) - [DEBUG] 2018-12-30 19:24:58,078 org.springframework.core.env.PropertySourcesPropertyResolver - Searching for key 'mysql.initialSize' in [systemProperties]
- (4466 ms) - [DEBUG] 2018-12-30 19:24:58,078 org.springframework.core.env.PropertySourcesPropertyResolver - Searching for key 'mysql.initialSize' in [systemEnvironment]
- (4466 ms) - [DEBUG] 2018-12-30 19:24:58,078 org.springframework.core.env.PropertySourcesPropertyResolver - Could not find key 'mysql.initialSize' in any property source. Returning [null]
- (4466 ms) - [DEBUG] 2018-12-30 19:24:58,078 org.springframework.core.env.PropertySourcesPropertyResolver - Searching for key 'mysql.initialSize' in [localProperties]
- (4466 ms) - [DEBUG] 2018-12-30 19:24:58,078 org.springframework.core.env.PropertySourcesPropertyResolver - Found key 'mysql.initialSize' in [localProperties] with type [String] and value '5'
- (4466 ms) - [DEBUG] 2018-12-30 19:24:58,078 org.springframework.core.env.PropertySourcesPropertyResolver - Searching for key 'mysql.maxActive' in [environmentProperties]
- (4467 ms) - [DEBUG] 2018-12-30 19:24:58,079 org.springframework.core.env.PropertySourcesPropertyResolver - Searching for key 'mysql.maxActive' in [systemProperties]
- (4467 ms) - [DEBUG] 2018-12-30 19:24:58,079 org.springframework.core.env.PropertySourcesPropertyResolver - Searching for key 'mysql.maxActive' in [systemEnvironment]
- (4467 ms) - [DEBUG] 2018-12-30 19:24:58,079 org.springframework.core.env.PropertySourcesPropertyResolver - Could not find key 'mysql.maxActive' in any property source. Returning [null]
- (4467 ms) - [DEBUG] 2018-12-30 19:24:58,079 org.springframework.core.env.PropertySourcesPropertyResolver - Searching for key 'mysql.maxActive' in [localProperties]
- (4467 ms) - [DEBUG] 2018-12-30 19:24:58,079 org.springframework.core.env.PropertySourcesPropertyResolver - Found key 'mysql.maxActive' in [localProperties] with type [String] and value '100'
- (4468 ms) - [DEBUG] 2018-12-30 19:24:58,080 org.springframework.core.env.PropertySourcesPropertyResolver - Searching for key 'mysql.maxIdle' in [environmentProperties]
- (4468 ms) - [DEBUG] 2018-12-30 19:24:58,080 org.springframework.core.env.PropertySourcesPropertyResolver - Searching for key 'mysql.maxIdle' in [systemProperties]
- (4468 ms) - [DEBUG] 2018-12-30 19:24:58,080 org.springframework.core.env.PropertySourcesPropertyResolver - Searching for key 'mysql.maxIdle' in [systemEnvironment]
- (4468 ms) - [DEBUG] 2018-12-30 19:24:58,080 org.springframework.core.env.PropertySourcesPropertyResolver - Could not find key 'mysql.maxIdle' in any property source. Returning [null]
- (4468 ms) - [DEBUG] 2018-12-30 19:24:58,080 org.springframework.core.env.PropertySourcesPropertyResolver - Searching for key 'mysql.maxIdle' in [localProperties]
- (4468 ms) - [DEBUG] 2018-12-30 19:24:58,080 org.springframework.core.env.PropertySourcesPropertyResolver - Found key 'mysql.maxIdle' in [localProperties] with type [String] and value '50'
- (4469 ms) - [DEBUG] 2018-12-30 19:24:58,081 org.springframework.core.env.PropertySourcesPropertyResolver - Searching for key 'mysql.minIdle' in [environmentProperties]
- (4469 ms) - [DEBUG] 2018-12-30 19:24:58,081 org.springframework.core.env.PropertySourcesPropertyResolver - Searching for key 'mysql.minIdle' in [systemProperties]
- (4469 ms) - [DEBUG] 2018-12-30 19:24:58,081 org.springframework.core.env.PropertySourcesPropertyResolver - Searching for key 'mysql.minIdle' in [systemEnvironment]
- (4469 ms) - [DEBUG] 2018-12-30 19:24:58,081 org.springframework.core.env.PropertySourcesPropertyResolver - Could not find key 'mysql.minIdle' in any property source. Returning [null]
- (4469 ms) - [DEBUG] 2018-12-30 19:24:58,081 org.springframework.core.env.PropertySourcesPropertyResolver - Searching for key 'mysql.minIdle' in [localProperties]
- (4470 ms) - [DEBUG] 2018-12-30 19:24:58,082 org.springframework.core.env.PropertySourcesPropertyResolver - Found key 'mysql.minIdle' in [localProperties] with type [String] and value '45'
- (4470 ms) - [DEBUG] 2018-12-30 19:24:58,082 org.springframework.core.env.PropertySourcesPropertyResolver - Searching for key 'mysql.maxWait' in [environmentProperties]
- (4470 ms) - [DEBUG] 2018-12-30 19:24:58,082 org.springframework.core.env.PropertySourcesPropertyResolver - Searching for key 'mysql.maxWait' in [systemProperties]
- (4470 ms) - [DEBUG] 2018-12-30 19:24:58,082 org.springframework.core.env.PropertySourcesPropertyResolver - Searching for key 'mysql.maxWait' in [systemEnvironment]
- (4470 ms) - [DEBUG] 2018-12-30 19:24:58,082 org.springframework.core.env.PropertySourcesPropertyResolver - Could not find key 'mysql.maxWait' in any property source. Returning [null]
- (4470 ms) - [DEBUG] 2018-12-30 19:24:58,082 org.springframework.core.env.PropertySourcesPropertyResolver - Searching for key 'mysql.maxWait' in [localProperties]
- (4476 ms) - [DEBUG] 2018-12-30 19:24:58,088 org.springframework.core.env.PropertySourcesPropertyResolver - Found key 'mysql.maxWait' in [localProperties] with type [String] and value '100'
- (4476 ms) - [DEBUG] 2018-12-30 19:24:58,088 org.springframework.core.env.PropertySourcesPropertyResolver - Searching for key 'mysql.removeAbandoned' in [environmentProperties]
- (4477 ms) - [DEBUG] 2018-12-30 19:24:58,089 org.springframework.core.env.PropertySourcesPropertyResolver - Searching for key 'mysql.removeAbandoned' in [systemProperties]
- (4477 ms) - [DEBUG] 2018-12-30 19:24:58,089 org.springframework.core.env.PropertySourcesPropertyResolver - Searching for key 'mysql.removeAbandoned' in [systemEnvironment]
- (4477 ms) - [DEBUG] 2018-12-30 19:24:58,089 org.springframework.core.env.PropertySourcesPropertyResolver - Could not find key 'mysql.removeAbandoned' in any property source. Returning [null]
- (4477 ms) - [DEBUG] 2018-12-30 19:24:58,089 org.springframework.core.env.PropertySourcesPropertyResolver - Searching for key 'mysql.removeAbandoned' in [localProperties]
- (4478 ms) - [DEBUG] 2018-12-30 19:24:58,090 org.springframework.core.env.PropertySourcesPropertyResolver - Found key 'mysql.removeAbandoned' in [localProperties] with type [String] and value 'true'
- (4478 ms) - [DEBUG] 2018-12-30 19:24:58,090 org.springframework.core.env.PropertySourcesPropertyResolver - Searching for key 'mysql.removeAbandonedTimeout' in [environmentProperties]
- (4478 ms) - [DEBUG] 2018-12-30 19:24:58,090 org.springframework.core.env.PropertySourcesPropertyResolver - Searching for key 'mysql.removeAbandonedTimeout' in [systemProperties]
- (4478 ms) - [DEBUG] 2018-12-30 19:24:58,090 org.springframework.core.env.PropertySourcesPropertyResolver - Searching for key 'mysql.removeAbandonedTimeout' in [systemEnvironment]
- (4478 ms) - [DEBUG] 2018-12-30 19:24:58,090 org.springframework.core.env.PropertySourcesPropertyResolver - Could not find key 'mysql.removeAbandonedTimeout' in any property source. Returning [null]
- (4479 ms) - [DEBUG] 2018-12-30 19:24:58,091 org.springframework.core.env.PropertySourcesPropertyResolver - Searching for key 'mysql.removeAbandonedTimeout' in [localProperties]
- (4479 ms) - [DEBUG] 2018-12-30 19:24:58,091 org.springframework.core.env.PropertySourcesPropertyResolver - Found key 'mysql.removeAbandonedTimeout' in [localProperties] with type [String] and value '180'
- (4479 ms) - [DEBUG] 2018-12-30 19:24:58,091 org.springframework.core.env.PropertySourcesPropertyResolver - Searching for key 'mysql.maxActive' in [environmentProperties]
- (4479 ms) - [DEBUG] 2018-12-30 19:24:58,091 org.springframework.core.env.PropertySourcesPropertyResolver - Searching for key 'mysql.maxActive' in [systemProperties]
- (4479 ms) - [DEBUG] 2018-12-30 19:24:58,091 org.springframework.core.env.PropertySourcesPropertyResolver - Searching for key 'mysql.maxActive' in [systemEnvironment]
- (4479 ms) - [DEBUG] 2018-12-30 19:24:58,091 org.springframework.core.env.PropertySourcesPropertyResolver - Could not find key 'mysql.maxActive' in any property source. Returning [null]
- (4480 ms) - [DEBUG] 2018-12-30 19:24:58,092 org.springframework.core.env.PropertySourcesPropertyResolver - Searching for key 'mysql.maxActive' in [localProperties]
- (4480 ms) - [DEBUG] 2018-12-30 19:24:58,092 org.springframework.core.env.PropertySourcesPropertyResolver - Found key 'mysql.maxActive' in [localProperties] with type [String] and value '100'
- (4480 ms) - [DEBUG] 2018-12-30 19:24:58,092 org.springframework.core.env.PropertySourcesPropertyResolver - Searching for key 'redis.maxActive' in [environmentProperties]
- (4480 ms) - [DEBUG] 2018-12-30 19:24:58,092 org.springframework.core.env.PropertySourcesPropertyResolver - Searching for key 'redis.maxActive' in [systemProperties]
- (4481 ms) - [DEBUG] 2018-12-30 19:24:58,093 org.springframework.core.env.PropertySourcesPropertyResolver - Searching for key 'redis.maxActive' in [systemEnvironment]
- (4481 ms) - [DEBUG] 2018-12-30 19:24:58,093 org.springframework.core.env.PropertySourcesPropertyResolver - Could not find key 'redis.maxActive' in any property source. Returning [null]
- (4481 ms) - [DEBUG] 2018-12-30 19:24:58,093 org.springframework.core.env.PropertySourcesPropertyResolver - Searching for key 'redis.maxActive' in [localProperties]
- (4481 ms) - [DEBUG] 2018-12-30 19:24:58,093 org.springframework.core.env.PropertySourcesPropertyResolver - Found key 'redis.maxActive' in [localProperties] with type [String] and value '300'
- (4482 ms) - [DEBUG] 2018-12-30 19:24:58,094 org.springframework.core.env.PropertySourcesPropertyResolver - Searching for key 'redis.maxIdle' in [environmentProperties]
- (4482 ms) - [DEBUG] 2018-12-30 19:24:58,094 org.springframework.core.env.PropertySourcesPropertyResolver - Searching for key 'redis.maxIdle' in [systemProperties]
- (4482 ms) - [DEBUG] 2018-12-30 19:24:58,094 org.springframework.core.env.PropertySourcesPropertyResolver - Searching for key 'redis.maxIdle' in [systemEnvironment]
- (4482 ms) - [DEBUG] 2018-12-30 19:24:58,094 org.springframework.core.env.PropertySourcesPropertyResolver - Could not find key 'redis.maxIdle' in any property source. Returning [null]
- (4482 ms) - [DEBUG] 2018-12-30 19:24:58,094 org.springframework.core.env.PropertySourcesPropertyResolver - Searching for key 'redis.maxIdle' in [localProperties]
- (4482 ms) - [DEBUG] 2018-12-30 19:24:58,094 org.springframework.core.env.PropertySourcesPropertyResolver - Found key 'redis.maxIdle' in [localProperties] with type [String] and value '100'
- (4483 ms) - [DEBUG] 2018-12-30 19:24:58,095 org.springframework.core.env.PropertySourcesPropertyResolver - Searching for key 'redis.maxWait' in [environmentProperties]
- (4483 ms) - [DEBUG] 2018-12-30 19:24:58,095 org.springframework.core.env.PropertySourcesPropertyResolver - Searching for key 'redis.maxWait' in [systemProperties]
- (4483 ms) - [DEBUG] 2018-12-30 19:24:58,095 org.springframework.core.env.PropertySourcesPropertyResolver - Searching for key 'redis.maxWait' in [systemEnvironment]
- (4483 ms) - [DEBUG] 2018-12-30 19:24:58,095 org.springframework.core.env.PropertySourcesPropertyResolver - Could not find key 'redis.maxWait' in any property source. Returning [null]
- (4483 ms) - [DEBUG] 2018-12-30 19:24:58,095 org.springframework.core.env.PropertySourcesPropertyResolver - Searching for key 'redis.maxWait' in [localProperties]
- (4483 ms) - [DEBUG] 2018-12-30 19:24:58,095 org.springframework.core.env.PropertySourcesPropertyResolver - Found key 'redis.maxWait' in [localProperties] with type [String] and value '1000'
- (4484 ms) - [DEBUG] 2018-12-30 19:24:58,096 org.springframework.core.env.PropertySourcesPropertyResolver - Searching for key 'redis.host' in [environmentProperties]
- (4484 ms) - [DEBUG] 2018-12-30 19:24:58,096 org.springframework.core.env.PropertySourcesPropertyResolver - Searching for key 'redis.host' in [systemProperties]
- (4484 ms) - [DEBUG] 2018-12-30 19:24:58,096 org.springframework.core.env.PropertySourcesPropertyResolver - Searching for key 'redis.host' in [systemEnvironment]
- (4484 ms) - [DEBUG] 2018-12-30 19:24:58,096 org.springframework.core.env.PropertySourcesPropertyResolver - Could not find key 'redis.host' in any property source. Returning [null]
- (4484 ms) - [DEBUG] 2018-12-30 19:24:58,096 org.springframework.core.env.PropertySourcesPropertyResolver - Searching for key 'redis.host' in [localProperties]
- (4484 ms) - [DEBUG] 2018-12-30 19:24:58,096 org.springframework.core.env.PropertySourcesPropertyResolver - Found key 'redis.host' in [localProperties] with type [String] and value '127.0.0.1'
- (4484 ms) - [DEBUG] 2018-12-30 19:24:58,096 org.springframework.core.env.PropertySourcesPropertyResolver - Searching for key 'redis.port' in [environmentProperties]
- (4485 ms) - [DEBUG] 2018-12-30 19:24:58,097 org.springframework.core.env.PropertySourcesPropertyResolver - Searching for key 'redis.port' in [systemProperties]
- (4485 ms) - [DEBUG] 2018-12-30 19:24:58,097 org.springframework.core.env.PropertySourcesPropertyResolver - Searching for key 'redis.port' in [systemEnvironment]
- (4485 ms) - [DEBUG] 2018-12-30 19:24:58,097 org.springframework.core.env.PropertySourcesPropertyResolver - Could not find key 'redis.port' in any property source. Returning [null]
- (4485 ms) - [DEBUG] 2018-12-30 19:24:58,097 org.springframework.core.env.PropertySourcesPropertyResolver - Searching for key 'redis.port' in [localProperties]
- (4485 ms) - [DEBUG] 2018-12-30 19:24:58,097 org.springframework.core.env.PropertySourcesPropertyResolver - Found key 'redis.port' in [localProperties] with type [String] and value '6379'
- (4486 ms) - [DEBUG] 2018-12-30 19:24:58,098 org.springframework.core.env.PropertySourcesPropertyResolver - Searching for key 'redis.timeout' in [environmentProperties]
- (4486 ms) - [DEBUG] 2018-12-30 19:24:58,098 org.springframework.core.env.PropertySourcesPropertyResolver - Searching for key 'redis.timeout' in [systemProperties]
- (4486 ms) - [DEBUG] 2018-12-30 19:24:58,098 org.springframework.core.env.PropertySourcesPropertyResolver - Searching for key 'redis.timeout' in [systemEnvironment]
- (4486 ms) - [DEBUG] 2018-12-30 19:24:58,098 org.springframework.core.env.PropertySourcesPropertyResolver - Could not find key 'redis.timeout' in any property source. Returning [null]
- (4486 ms) - [DEBUG] 2018-12-30 19:24:58,098 org.springframework.core.env.PropertySourcesPropertyResolver - Searching for key 'redis.timeout' in [localProperties]
- (4486 ms) - [DEBUG] 2018-12-30 19:24:58,098 org.springframework.core.env.PropertySourcesPropertyResolver - Found key 'redis.timeout' in [localProperties] with type [String] and value '3000'
- (4486 ms) - [DEBUG] 2018-12-30 19:24:58,098 org.springframework.core.env.PropertySourcesPropertyResolver - Searching for key 'redis.pass' in [environmentProperties]
- (4487 ms) - [DEBUG] 2018-12-30 19:24:58,099 org.springframework.core.env.PropertySourcesPropertyResolver - Searching for key 'redis.pass' in [systemProperties]
- (4487 ms) - [DEBUG] 2018-12-30 19:24:58,099 org.springframework.core.env.PropertySourcesPropertyResolver - Searching for key 'redis.pass' in [systemEnvironment]
- (4488 ms) - [DEBUG] 2018-12-30 19:24:58,100 org.springframework.core.env.PropertySourcesPropertyResolver - Could not find key 'redis.pass' in any property source. Returning [null]
- (4488 ms) - [DEBUG] 2018-12-30 19:24:58,100 org.springframework.core.env.PropertySourcesPropertyResolver - Searching for key 'redis.pass' in [localProperties]
- (4495 ms) - [DEBUG] 2018-12-30 19:24:58,107 org.springframework.core.env.PropertySourcesPropertyResolver - Found key 'redis.pass' in [localProperties] with type [String] and value 'redis@WSX!QAZ1234XXX'
- (4497 ms) - [DEBUG] 2018-12-30 19:24:58,109 org.springframework.core.env.PropertySourcesPropertyResolver - Searching for key 'redis.default.db' in [environmentProperties]
- (4497 ms) - [DEBUG] 2018-12-30 19:24:58,109 org.springframework.core.env.PropertySourcesPropertyResolver - Searching for key 'redis.default.db' in [systemProperties]
- (4497 ms) - [DEBUG] 2018-12-30 19:24:58,109 org.springframework.core.env.PropertySourcesPropertyResolver - Searching for key 'redis.default.db' in [systemEnvironment]
- (4497 ms) - [DEBUG] 2018-12-30 19:24:58,109 org.springframework.core.env.PropertySourcesPropertyResolver - Could not find key 'redis.default.db' in any property source. Returning [null]
- (4498 ms) - [DEBUG] 2018-12-30 19:24:58,110 org.springframework.core.env.PropertySourcesPropertyResolver - Searching for key 'redis.default.db' in [localProperties]
- (4498 ms) - [DEBUG] 2018-12-30 19:24:58,110 org.springframework.core.env.PropertySourcesPropertyResolver - Found key 'redis.default.db' in [localProperties] with type [String] and value '0'
- (4502 ms) - [DEBUG] 2018-12-30 19:24:58,114 org.springframework.beans.factory.support.DefaultListableBeanFactory - Creating shared instance of singleton bean 'org.springframework.context.annotation.internalAutowiredAnnotationProcessor'
- (4502 ms) - [DEBUG] 2018-12-30 19:24:58,114 org.springframework.beans.factory.support.DefaultListableBeanFactory - Creating instance of bean 'org.springframework.context.annotation.internalAutowiredAnnotationProcessor'
- (4503 ms) - [DEBUG] 2018-12-30 19:24:58,115 org.springframework.beans.factory.support.DefaultListableBeanFactory - Eagerly caching bean 'org.springframework.context.annotation.internalAutowiredAnnotationProcessor' to allow for resolving potential circular references
- (4503 ms) - [DEBUG] 2018-12-30 19:24:58,115 org.springframework.beans.factory.support.DefaultListableBeanFactory - Finished creating instance of bean 'org.springframework.context.annotation.internalAutowiredAnnotationProcessor'
- (4504 ms) - [DEBUG] 2018-12-30 19:24:58,116 org.springframework.beans.factory.support.DefaultListableBeanFactory - Creating shared instance of singleton bean 'org.springframework.context.annotation.internalRequiredAnnotationProcessor'
- (4504 ms) - [DEBUG] 2018-12-30 19:24:58,116 org.springframework.beans.factory.support.DefaultListableBeanFactory - Creating instance of bean 'org.springframework.context.annotation.internalRequiredAnnotationProcessor'
- (4504 ms) - [DEBUG] 2018-12-30 19:24:58,116 org.springframework.beans.factory.support.DefaultListableBeanFactory - Eagerly caching bean 'org.springframework.context.annotation.internalRequiredAnnotationProcessor' to allow for resolving potential circular references
- (4504 ms) - [DEBUG] 2018-12-30 19:24:58,116 org.springframework.beans.factory.support.DefaultListableBeanFactory - Finished creating instance of bean 'org.springframework.context.annotation.internalRequiredAnnotationProcessor'
- (4504 ms) - [DEBUG] 2018-12-30 19:24:58,116 org.springframework.beans.factory.support.DefaultListableBeanFactory - Creating shared instance of singleton bean 'org.springframework.context.annotation.internalCommonAnnotationProcessor'
- (4504 ms) - [DEBUG] 2018-12-30 19:24:58,116 org.springframework.beans.factory.support.DefaultListableBeanFactory - Creating instance of bean 'org.springframework.context.annotation.internalCommonAnnotationProcessor'
- (4504 ms) - [DEBUG] 2018-12-30 19:24:58,116 org.springframework.beans.factory.support.DefaultListableBeanFactory - Eagerly caching bean 'org.springframework.context.annotation.internalCommonAnnotationProcessor' to allow for resolving potential circular references
- (4505 ms) - [DEBUG] 2018-12-30 19:24:58,117 org.springframework.beans.factory.support.DefaultListableBeanFactory - Finished creating instance of bean 'org.springframework.context.annotation.internalCommonAnnotationProcessor'
- (4505 ms) - [DEBUG] 2018-12-30 19:24:58,117 org.springframework.beans.factory.support.DefaultListableBeanFactory - Creating shared instance of singleton bean 'org.springframework.context.annotation.ConfigurationClassPostProcessor.importAwareProcessor'
- (4505 ms) - [DEBUG] 2018-12-30 19:24:58,117 org.springframework.beans.factory.support.DefaultListableBeanFactory - Creating instance of bean 'org.springframework.context.annotation.ConfigurationClassPostProcessor.importAwareProcessor'
- (4506 ms) - [DEBUG] 2018-12-30 19:24:58,118 org.springframework.beans.factory.support.DefaultListableBeanFactory - Eagerly caching bean 'org.springframework.context.annotation.ConfigurationClassPostProcessor.importAwareProcessor' to allow for resolving potential circular references
- (4506 ms) - [DEBUG] 2018-12-30 19:24:58,118 org.springframework.beans.factory.support.DefaultListableBeanFactory - Finished creating instance of bean 'org.springframework.context.annotation.ConfigurationClassPostProcessor.importAwareProcessor'
- (4506 ms) - [DEBUG] 2018-12-30 19:24:58,118 org.springframework.beans.factory.support.DefaultListableBeanFactory - Creating shared instance of singleton bean 'org.springframework.context.annotation.ConfigurationClassPostProcessor.enhancedConfigurationProcessor'
- (4506 ms) - [DEBUG] 2018-12-30 19:24:58,118 org.springframework.beans.factory.support.DefaultListableBeanFactory - Creating instance of bean 'org.springframework.context.annotation.ConfigurationClassPostProcessor.enhancedConfigurationProcessor'
- (4506 ms) - [DEBUG] 2018-12-30 19:24:58,118 org.springframework.beans.factory.support.DefaultListableBeanFactory - Eagerly caching bean 'org.springframework.context.annotation.ConfigurationClassPostProcessor.enhancedConfigurationProcessor' to allow for resolving potential circular references
- (4507 ms) - [DEBUG] 2018-12-30 19:24:58,119 org.springframework.beans.factory.support.DefaultListableBeanFactory - Finished creating instance of bean 'org.springframework.context.annotation.ConfigurationClassPostProcessor.enhancedConfigurationProcessor'
- (4507 ms) - [DEBUG] 2018-12-30 19:24:58,119 org.springframework.beans.factory.support.DefaultListableBeanFactory - Creating shared instance of singleton bean 'org.springframework.aop.config.internalAutoProxyCreator'
- (4507 ms) - [DEBUG] 2018-12-30 19:24:58,119 org.springframework.beans.factory.support.DefaultListableBeanFactory - Creating instance of bean 'org.springframework.aop.config.internalAutoProxyCreator'
- (4508 ms) - [DEBUG] 2018-12-30 19:24:58,120 org.springframework.beans.factory.support.DefaultListableBeanFactory - Eagerly caching bean 'org.springframework.aop.config.internalAutoProxyCreator' to allow for resolving potential circular references
- (4508 ms) - [DEBUG] 2018-12-30 19:24:58,120 org.springframework.beans.factory.support.DefaultListableBeanFactory - Finished creating instance of bean 'org.springframework.aop.config.internalAutoProxyCreator'
- (4508 ms) - [DEBUG] 2018-12-30 19:24:58,120 org.springframework.context.support.ClassPathXmlApplicationContext - Unable to locate MessageSource with name 'messageSource': using default [org.springframework.context.support.DelegatingMessageSource@3fffff43]
- (4509 ms) - [DEBUG] 2018-12-30 19:24:58,121 org.springframework.context.support.ClassPathXmlApplicationContext - Unable to locate ApplicationEventMulticaster with name 'applicationEventMulticaster': using default [org.springframework.context.event.SimpleApplicationEventMulticaster@a8e6492]
- (4511 ms) - [DEBUG] 2018-12-30 19:24:58,123 org.springframework.beans.factory.support.DefaultListableBeanFactory - Pre-instantiating singletons in org.springframework.beans.factory.support.DefaultListableBeanFactory@7e928e2f: defining beans [org.springframework.web.servlet.resource.DefaultServletHttpRequestHandler#0,org.springframework.web.servlet.handler.SimpleUrlHandlerMapping#0,org.springframework.web.servlet.handler.BeanNameUrlHandlerMapping,org.springframework.web.servlet.mvc.HttpRequestHandlerAdapter,org.springframework.web.servlet.mvc.SimpleControllerHandlerAdapter,itripHotServiceImpl,itripAreaDicServiceImpl,itripCommentServiceImpl,itripHotelOrderServiceImpl,itripImageServiceImpl,itripLabelServiceImpl,itripLabelDicServiceImpl,itripUserServiceImpl,itripUserLinkUserServiceImpl,org.springframework.context.annotation.internalConfigurationAnnotationProcessor,org.springframework.context.annotation.internalAutowiredAnnotationProcessor,org.springframework.context.annotation.internalRequiredAnnotationProcessor,org.springframework.context.annotation.internalCommonAnnotationProcessor,org.springframework.context.support.PropertySourcesPlaceholderConfigurer#0,dataSource,txManager,sqlSessionFactoryBean,org.springframework.aop.config.internalAutoProxyCreator,transService,org.springframework.aop.support.DefaultBeanFactoryPointcutAdvisor#0,myAdvice,org.mybatis.spring.mapper.MapperScannerConfigurer#0,jedisPoolConfig,jedisPool,redisAPI,validationToken,org.springframework.context.annotation.ConfigurationClassPostProcessor.importAwareProcessor,org.springframework.context.annotation.ConfigurationClassPostProcessor.enhancedConfigurationProcessor,itripHotMapper,itripAreaDicMapper,itripCommentMapper,itripHotelMapper,itripHotelOrderMapper,itripImageMapper,itripLabelMapper,itripLabelDicMapper,itripUserMapper,itripUserLinkUserMapper]; root of factory hierarchy
- (4511 ms) - [DEBUG] 2018-12-30 19:24:58,123 org.springframework.beans.factory.support.DefaultListableBeanFactory - Creating shared instance of singleton bean 'org.springframework.web.servlet.resource.DefaultServletHttpRequestHandler#0'
- (4511 ms) - [DEBUG] 2018-12-30 19:24:58,123 org.springframework.beans.factory.support.DefaultListableBeanFactory - Creating instance of bean 'org.springframework.web.servlet.resource.DefaultServletHttpRequestHandler#0'
- (4512 ms) - [DEBUG] 2018-12-30 19:24:58,124 org.springframework.beans.factory.support.DefaultListableBeanFactory - Creating shared instance of singleton bean 'org.springframework.aop.support.DefaultBeanFactoryPointcutAdvisor#0'
- (4512 ms) - [DEBUG] 2018-12-30 19:24:58,124 org.springframework.beans.factory.support.DefaultListableBeanFactory - Creating instance of bean 'org.springframework.aop.support.DefaultBeanFactoryPointcutAdvisor#0'
- (4513 ms) - [DEBUG] 2018-12-30 19:24:58,125 org.springframework.beans.factory.support.DefaultListableBeanFactory - Eagerly caching bean 'org.springframework.aop.support.DefaultBeanFactoryPointcutAdvisor#0' to allow for resolving potential circular references
- (4514 ms) - [DEBUG] 2018-12-30 19:24:58,126 org.springframework.beans.factory.support.DefaultListableBeanFactory - Creating instance of bean 'transService'
- (4515 ms) - [DEBUG] 2018-12-30 19:24:58,127 org.springframework.beans.factory.support.DefaultListableBeanFactory - Finished creating instance of bean 'transService'
- (4515 ms) - [DEBUG] 2018-12-30 19:24:58,127 org.springframework.beans.factory.support.DefaultListableBeanFactory - Finished creating instance of bean 'org.springframework.aop.support.DefaultBeanFactoryPointcutAdvisor#0'
- (4517 ms) - [DEBUG] 2018-12-30 19:24:58,129 org.springframework.beans.factory.support.DefaultListableBeanFactory - Eagerly caching bean 'org.springframework.web.servlet.resource.DefaultServletHttpRequestHandler#0' to allow for resolving potential circular references
- (4517 ms) - [DEBUG] 2018-12-30 19:24:58,129 org.springframework.beans.factory.support.DefaultListableBeanFactory - Returning cached instance of singleton bean 'org.springframework.aop.support.DefaultBeanFactoryPointcutAdvisor#0'
- (4517 ms) - [DEBUG] 2018-12-30 19:24:58,129 org.springframework.beans.factory.support.DefaultListableBeanFactory - Returning cached instance of singleton bean 'org.springframework.aop.support.DefaultBeanFactoryPointcutAdvisor#0'
- (4518 ms) - [DEBUG] 2018-12-30 19:24:58,130 org.springframework.beans.factory.support.DefaultListableBeanFactory - Finished creating instance of bean 'org.springframework.web.servlet.resource.DefaultServletHttpRequestHandler#0'
- (4519 ms) - [DEBUG] 2018-12-30 19:24:58,131 org.springframework.beans.factory.support.DefaultListableBeanFactory - Creating shared instance of singleton bean 'org.springframework.web.servlet.handler.SimpleUrlHandlerMapping#0'
- (4519 ms) - [DEBUG] 2018-12-30 19:24:58,131 org.springframework.beans.factory.support.DefaultListableBeanFactory - Creating instance of bean 'org.springframework.web.servlet.handler.SimpleUrlHandlerMapping#0'
- (4519 ms) - [DEBUG] 2018-12-30 19:24:58,131 org.springframework.beans.factory.support.DefaultListableBeanFactory - Returning cached instance of singleton bean 'org.springframework.aop.support.DefaultBeanFactoryPointcutAdvisor#0'
- (4519 ms) - [DEBUG] 2018-12-30 19:24:58,131 org.springframework.beans.factory.support.DefaultListableBeanFactory - Eagerly caching bean 'org.springframework.web.servlet.handler.SimpleUrlHandlerMapping#0' to allow for resolving potential circular references
- (4520 ms) - [DEBUG] 2018-12-30 19:24:58,132 org.springframework.beans.factory.support.DefaultListableBeanFactory - Returning cached instance of singleton bean 'org.springframework.web.servlet.resource.DefaultServletHttpRequestHandler#0'
- (4521 ms) - [INFO] 2018-12-30 19:24:58,133 org.springframework.web.servlet.handler.SimpleUrlHandlerMapping - Mapped URL path [/**] onto handler 'org.springframework.web.servlet.resource.DefaultServletHttpRequestHandler#0'
- (4521 ms) - [DEBUG] 2018-12-30 19:24:58,133 org.springframework.beans.factory.support.DefaultListableBeanFactory - Returning cached instance of singleton bean 'org.springframework.aop.support.DefaultBeanFactoryPointcutAdvisor#0'
- (4521 ms) - [DEBUG] 2018-12-30 19:24:58,133 org.springframework.beans.factory.support.DefaultListableBeanFactory - Returning cached instance of singleton bean 'org.springframework.aop.support.DefaultBeanFactoryPointcutAdvisor#0'
- (4524 ms) - [DEBUG] 2018-12-30 19:24:58,136 org.springframework.beans.factory.support.DefaultListableBeanFactory - Finished creating instance of bean 'org.springframework.web.servlet.handler.SimpleUrlHandlerMapping#0'
- (4524 ms) - [DEBUG] 2018-12-30 19:24:58,136 org.springframework.beans.factory.support.DefaultListableBeanFactory - Creating shared instance of singleton bean 'org.springframework.web.servlet.handler.BeanNameUrlHandlerMapping'
- (4524 ms) - [DEBUG] 2018-12-30 19:24:58,136 org.springframework.beans.factory.support.DefaultListableBeanFactory - Creating instance of bean 'org.springframework.web.servlet.handler.BeanNameUrlHandlerMapping'
- (4524 ms) - [DEBUG] 2018-12-30 19:24:58,136 org.springframework.beans.factory.support.DefaultListableBeanFactory - Returning cached instance of singleton bean 'org.springframework.aop.support.DefaultBeanFactoryPointcutAdvisor#0'
- (4525 ms) - [DEBUG] 2018-12-30 19:24:58,137 org.springframework.beans.factory.support.DefaultListableBeanFactory - Eagerly caching bean 'org.springframework.web.servlet.handler.BeanNameUrlHandlerMapping' to allow for resolving potential circular references
- (4526 ms) - [DEBUG] 2018-12-30 19:24:58,138 org.springframework.web.servlet.handler.BeanNameUrlHandlerMapping - Looking for URL mappings in application context: org.springframework.context.support.ClassPathXmlApplicationContext@3f0846c6: startup date [Sun Dec 30 19:24:57 CST 2018]; root of context hierarchy
- (4526 ms) - [DEBUG] 2018-12-30 19:24:58,138 org.springframework.beans.factory.support.DefaultListableBeanFactory - Returning cached instance of singleton bean 'org.springframework.aop.support.DefaultBeanFactoryPointcutAdvisor#0'
- (4529 ms) - [DEBUG] 2018-12-30 19:24:58,141 org.springframework.beans.factory.support.DefaultListableBeanFactory - Returning cached instance of singleton bean 'org.springframework.aop.support.DefaultBeanFactoryPointcutAdvisor#0'
- (4529 ms) - [DEBUG] 2018-12-30 19:24:58,141 org.springframework.beans.factory.support.DefaultListableBeanFactory - Creating shared instance of singleton bean 'itripHotMapper'
- (4529 ms) - [DEBUG] 2018-12-30 19:24:58,141 org.springframework.beans.factory.support.DefaultListableBeanFactory - Creating instance of bean 'itripHotMapper'
- (4529 ms) - [DEBUG] 2018-12-30 19:24:58,141 org.springframework.beans.factory.support.DefaultListableBeanFactory - Eagerly caching bean 'itripHotMapper' to allow for resolving potential circular references
- (4530 ms) - [DEBUG] 2018-12-30 19:24:58,142 org.springframework.beans.factory.support.DefaultListableBeanFactory - Returning cached instance of singleton bean 'org.springframework.aop.support.DefaultBeanFactoryPointcutAdvisor#0'
- (4530 ms) - [DEBUG] 2018-12-30 19:24:58,142 org.springframework.beans.factory.support.DefaultListableBeanFactory - Returning cached instance of singleton bean 'org.springframework.aop.support.DefaultBeanFactoryPointcutAdvisor#0'
- (4532 ms) - [DEBUG] 2018-12-30 19:24:58,144 org.springframework.beans.factory.support.DefaultListableBeanFactory - Returning eagerly cached instance of singleton bean 'itripHotMapper' that is not fully initialized yet - a consequence of a circular reference
- (4533 ms) - [DEBUG] 2018-12-30 19:24:58,145 org.springframework.beans.factory.support.DefaultListableBeanFactory - Returning cached instance of singleton bean 'org.springframework.aop.support.DefaultBeanFactoryPointcutAdvisor#0'
- (4533 ms) - [DEBUG] 2018-12-30 19:24:58,145 org.springframework.beans.factory.support.DefaultListableBeanFactory - Creating shared instance of singleton bean 'itripAreaDicMapper'
- (4533 ms) - [DEBUG] 2018-12-30 19:24:58,145 org.springframework.beans.factory.support.DefaultListableBeanFactory - Creating instance of bean 'itripAreaDicMapper'
- (4533 ms) - [DEBUG] 2018-12-30 19:24:58,145 org.springframework.beans.factory.support.DefaultListableBeanFactory - Eagerly caching bean 'itripAreaDicMapper' to allow for resolving potential circular references
- (4534 ms) - [DEBUG] 2018-12-30 19:24:58,146 org.springframework.beans.factory.support.DefaultListableBeanFactory - Returning cached instance of singleton bean 'org.springframework.aop.support.DefaultBeanFactoryPointcutAdvisor#0'
- (4534 ms) - [DEBUG] 2018-12-30 19:24:58,146 org.springframework.beans.factory.support.DefaultListableBeanFactory - Returning cached instance of singleton bean 'org.springframework.aop.support.DefaultBeanFactoryPointcutAdvisor#0'
- (4535 ms) - [DEBUG] 2018-12-30 19:24:58,147 org.springframework.beans.factory.support.DefaultListableBeanFactory - Returning eagerly cached instance of singleton bean 'itripAreaDicMapper' that is not fully initialized yet - a consequence of a circular reference
- (4535 ms) - [DEBUG] 2018-12-30 19:24:58,147 org.springframework.beans.factory.support.DefaultListableBeanFactory - Returning cached instance of singleton bean 'org.springframework.aop.support.DefaultBeanFactoryPointcutAdvisor#0'
- (4535 ms) - [DEBUG] 2018-12-30 19:24:58,147 org.springframework.beans.factory.support.DefaultListableBeanFactory - Creating shared instance of singleton bean 'itripCommentMapper'
- (4536 ms) - [DEBUG] 2018-12-30 19:24:58,148 org.springframework.beans.factory.support.DefaultListableBeanFactory - Creating instance of bean 'itripCommentMapper'
- (4536 ms) - [DEBUG] 2018-12-30 19:24:58,148 org.springframework.beans.factory.support.DefaultListableBeanFactory - Eagerly caching bean 'itripCommentMapper' to allow for resolving potential circular references
- (4537 ms) - [DEBUG] 2018-12-30 19:24:58,149 org.springframework.beans.factory.support.DefaultListableBeanFactory - Returning cached instance of singleton bean 'org.springframework.aop.support.DefaultBeanFactoryPointcutAdvisor#0'
- (4537 ms) - [DEBUG] 2018-12-30 19:24:58,149 org.springframework.beans.factory.support.DefaultListableBeanFactory - Returning cached instance of singleton bean 'org.springframework.aop.support.DefaultBeanFactoryPointcutAdvisor#0'
- (4540 ms) - [DEBUG] 2018-12-30 19:24:58,152 org.springframework.beans.factory.support.DefaultListableBeanFactory - Returning eagerly cached instance of singleton bean 'itripCommentMapper' that is not fully initialized yet - a consequence of a circular reference
- (4541 ms) - [DEBUG] 2018-12-30 19:24:58,153 org.springframework.beans.factory.support.DefaultListableBeanFactory - Returning cached instance of singleton bean 'org.springframework.aop.support.DefaultBeanFactoryPointcutAdvisor#0'
- (4542 ms) - [DEBUG] 2018-12-30 19:24:58,154 org.springframework.beans.factory.support.DefaultListableBeanFactory - Creating shared instance of singleton bean 'itripHotelMapper'
- (4542 ms) - [DEBUG] 2018-12-30 19:24:58,154 org.springframework.beans.factory.support.DefaultListableBeanFactory - Creating instance of bean 'itripHotelMapper'
- (4542 ms) - [DEBUG] 2018-12-30 19:24:58,154 org.springframework.beans.factory.support.DefaultListableBeanFactory - Eagerly caching bean 'itripHotelMapper' to allow for resolving potential circular references
- (4543 ms) - [DEBUG] 2018-12-30 19:24:58,155 org.springframework.beans.factory.support.DefaultListableBeanFactory - Returning cached instance of singleton bean 'org.springframework.aop.support.DefaultBeanFactoryPointcutAdvisor#0'
- (4543 ms) - [DEBUG] 2018-12-30 19:24:58,155 org.springframework.beans.factory.support.DefaultListableBeanFactory - Returning cached instance of singleton bean 'org.springframework.aop.support.DefaultBeanFactoryPointcutAdvisor#0'
- (4544 ms) - [DEBUG] 2018-12-30 19:24:58,156 org.springframework.beans.factory.support.DefaultListableBeanFactory - Returning eagerly cached instance of singleton bean 'itripHotelMapper' that is not fully initialized yet - a consequence of a circular reference
- (4544 ms) - [DEBUG] 2018-12-30 19:24:58,156 org.springframework.beans.factory.support.DefaultListableBeanFactory - Returning cached instance of singleton bean 'org.springframework.aop.support.DefaultBeanFactoryPointcutAdvisor#0'
- (4545 ms) - [DEBUG] 2018-12-30 19:24:58,157 org.springframework.beans.factory.support.DefaultListableBeanFactory - Creating shared instance of singleton bean 'itripHotelOrderMapper'
- (4545 ms) - [DEBUG] 2018-12-30 19:24:58,157 org.springframework.beans.factory.support.DefaultListableBeanFactory - Creating instance of bean 'itripHotelOrderMapper'
- (4546 ms) - [DEBUG] 2018-12-30 19:24:58,158 org.springframework.beans.factory.support.DefaultListableBeanFactory - Eagerly caching bean 'itripHotelOrderMapper' to allow for resolving potential circular references
- (4548 ms) - [DEBUG] 2018-12-30 19:24:58,160 org.springframework.beans.factory.support.DefaultListableBeanFactory - Returning cached instance of singleton bean 'org.springframework.aop.support.DefaultBeanFactoryPointcutAdvisor#0'
- (4548 ms) - [DEBUG] 2018-12-30 19:24:58,160 org.springframework.beans.factory.support.DefaultListableBeanFactory - Returning cached instance of singleton bean 'org.springframework.aop.support.DefaultBeanFactoryPointcutAdvisor#0'
- (4549 ms) - [DEBUG] 2018-12-30 19:24:58,161 org.springframework.beans.factory.support.DefaultListableBeanFactory - Returning eagerly cached instance of singleton bean 'itripHotelOrderMapper' that is not fully initialized yet - a consequence of a circular reference
- (4549 ms) - [DEBUG] 2018-12-30 19:24:58,161 org.springframework.beans.factory.support.DefaultListableBeanFactory - Returning cached instance of singleton bean 'org.springframework.aop.support.DefaultBeanFactoryPointcutAdvisor#0'
- (4550 ms) - [DEBUG] 2018-12-30 19:24:58,162 org.springframework.beans.factory.support.DefaultListableBeanFactory - Creating shared instance of singleton bean 'itripImageMapper'
- (4550 ms) - [DEBUG] 2018-12-30 19:24:58,162 org.springframework.beans.factory.support.DefaultListableBeanFactory - Creating instance of bean 'itripImageMapper'
- (4551 ms) - [DEBUG] 2018-12-30 19:24:58,163 org.springframework.beans.factory.support.DefaultListableBeanFactory - Eagerly caching bean 'itripImageMapper' to allow for resolving potential circular references
- (4552 ms) - [DEBUG] 2018-12-30 19:24:58,164 org.springframework.beans.factory.support.DefaultListableBeanFactory - Returning cached instance of singleton bean 'org.springframework.aop.support.DefaultBeanFactoryPointcutAdvisor#0'
- (4552 ms) - [DEBUG] 2018-12-30 19:24:58,164 org.springframework.beans.factory.support.DefaultListableBeanFactory - Returning cached instance of singleton bean 'org.springframework.aop.support.DefaultBeanFactoryPointcutAdvisor#0'
- (4553 ms) - [DEBUG] 2018-12-30 19:24:58,165 org.springframework.beans.factory.support.DefaultListableBeanFactory - Returning eagerly cached instance of singleton bean 'itripImageMapper' that is not fully initialized yet - a consequence of a circular reference
- (4554 ms) - [DEBUG] 2018-12-30 19:24:58,166 org.springframework.beans.factory.support.DefaultListableBeanFactory - Returning cached instance of singleton bean 'org.springframework.aop.support.DefaultBeanFactoryPointcutAdvisor#0'
- (4554 ms) - [DEBUG] 2018-12-30 19:24:58,166 org.springframework.beans.factory.support.DefaultListableBeanFactory - Creating shared instance of singleton bean 'itripLabelMapper'
- (4554 ms) - [DEBUG] 2018-12-30 19:24:58,166 org.springframework.beans.factory.support.DefaultListableBeanFactory - Creating instance of bean 'itripLabelMapper'
- (4555 ms) - [DEBUG] 2018-12-30 19:24:58,167 org.springframework.beans.factory.support.DefaultListableBeanFactory - Eagerly caching bean 'itripLabelMapper' to allow for resolving potential circular references
- (4556 ms) - [DEBUG] 2018-12-30 19:24:58,168 org.springframework.beans.factory.support.DefaultListableBeanFactory - Returning cached instance of singleton bean 'org.springframework.aop.support.DefaultBeanFactoryPointcutAdvisor#0'
- (4556 ms) - [DEBUG] 2018-12-30 19:24:58,168 org.springframework.beans.factory.support.DefaultListableBeanFactory - Returning cached instance of singleton bean 'org.springframework.aop.support.DefaultBeanFactoryPointcutAdvisor#0'
- (4557 ms) - [DEBUG] 2018-12-30 19:24:58,169 org.springframework.beans.factory.support.DefaultListableBeanFactory - Returning eagerly cached instance of singleton bean 'itripLabelMapper' that is not fully initialized yet - a consequence of a circular reference
- (4557 ms) - [DEBUG] 2018-12-30 19:24:58,169 org.springframework.beans.factory.support.DefaultListableBeanFactory - Returning cached instance of singleton bean 'org.springframework.aop.support.DefaultBeanFactoryPointcutAdvisor#0'
- (4558 ms) - [DEBUG] 2018-12-30 19:24:58,170 org.springframework.beans.factory.support.DefaultListableBeanFactory - Creating shared instance of singleton bean 'itripLabelDicMapper'
- (4558 ms) - [DEBUG] 2018-12-30 19:24:58,170 org.springframework.beans.factory.support.DefaultListableBeanFactory - Creating instance of bean 'itripLabelDicMapper'
- (4559 ms) - [DEBUG] 2018-12-30 19:24:58,171 org.springframework.beans.factory.support.DefaultListableBeanFactory - Eagerly caching bean 'itripLabelDicMapper' to allow for resolving potential circular references
- (4560 ms) - [DEBUG] 2018-12-30 19:24:58,172 org.springframework.beans.factory.support.DefaultListableBeanFactory - Returning cached instance of singleton bean 'org.springframework.aop.support.DefaultBeanFactoryPointcutAdvisor#0'
- (4561 ms) - [DEBUG] 2018-12-30 19:24:58,173 org.springframework.beans.factory.support.DefaultListableBeanFactory - Returning cached instance of singleton bean 'org.springframework.aop.support.DefaultBeanFactoryPointcutAdvisor#0'
- (4561 ms) - [DEBUG] 2018-12-30 19:24:58,173 org.springframework.beans.factory.support.DefaultListableBeanFactory - Returning eagerly cached instance of singleton bean 'itripLabelDicMapper' that is not fully initialized yet - a consequence of a circular reference
- (4562 ms) - [DEBUG] 2018-12-30 19:24:58,174 org.springframework.beans.factory.support.DefaultListableBeanFactory - Returning cached instance of singleton bean 'org.springframework.aop.support.DefaultBeanFactoryPointcutAdvisor#0'
- (4563 ms) - [DEBUG] 2018-12-30 19:24:58,175 org.springframework.beans.factory.support.DefaultListableBeanFactory - Creating shared instance of singleton bean 'itripUserMapper'
- (4567 ms) - [DEBUG] 2018-12-30 19:24:58,179 org.springframework.beans.factory.support.DefaultListableBeanFactory - Creating instance of bean 'itripUserMapper'
- (4567 ms) - [DEBUG] 2018-12-30 19:24:58,179 org.springframework.beans.factory.support.DefaultListableBeanFactory - Eagerly caching bean 'itripUserMapper' to allow for resolving potential circular references
- (4569 ms) - [DEBUG] 2018-12-30 19:24:58,181 org.springframework.beans.factory.support.DefaultListableBeanFactory - Returning cached instance of singleton bean 'org.springframework.aop.support.DefaultBeanFactoryPointcutAdvisor#0'
- (4570 ms) - [DEBUG] 2018-12-30 19:24:58,182 org.springframework.beans.factory.support.DefaultListableBeanFactory - Returning cached instance of singleton bean 'org.springframework.aop.support.DefaultBeanFactoryPointcutAdvisor#0'
- (4571 ms) - [DEBUG] 2018-12-30 19:24:58,183 org.springframework.beans.factory.support.DefaultListableBeanFactory - Returning eagerly cached instance of singleton bean 'itripUserMapper' that is not fully initialized yet - a consequence of a circular reference
- (4572 ms) - [DEBUG] 2018-12-30 19:24:58,184 org.springframework.beans.factory.support.DefaultListableBeanFactory - Returning cached instance of singleton bean 'org.springframework.aop.support.DefaultBeanFactoryPointcutAdvisor#0'
- (4572 ms) - [DEBUG] 2018-12-30 19:24:58,184 org.springframework.beans.factory.support.DefaultListableBeanFactory - Creating shared instance of singleton bean 'itripUserLinkUserMapper'
- (4573 ms) - [DEBUG] 2018-12-30 19:24:58,185 org.springframework.beans.factory.support.DefaultListableBeanFactory - Creating instance of bean 'itripUserLinkUserMapper'
- (4573 ms) - [DEBUG] 2018-12-30 19:24:58,185 org.springframework.beans.factory.support.DefaultListableBeanFactory - Eagerly caching bean 'itripUserLinkUserMapper' to allow for resolving potential circular references
- (4574 ms) - [DEBUG] 2018-12-30 19:24:58,186 org.springframework.beans.factory.support.DefaultListableBeanFactory - Returning cached instance of singleton bean 'org.springframework.aop.support.DefaultBeanFactoryPointcutAdvisor#0'
- (4575 ms) - [DEBUG] 2018-12-30 19:24:58,187 org.springframework.beans.factory.support.DefaultListableBeanFactory - Returning cached instance of singleton bean 'org.springframework.aop.support.DefaultBeanFactoryPointcutAdvisor#0'
- (4577 ms) - [DEBUG] 2018-12-30 19:24:58,189 org.springframework.beans.factory.support.DefaultListableBeanFactory - Returning eagerly cached instance of singleton bean 'itripUserLinkUserMapper' that is not fully initialized yet - a consequence of a circular reference
- (4579 ms) - [DEBUG] 2018-12-30 19:24:58,191 org.springframework.beans.factory.support.DefaultListableBeanFactory - Creating shared instance of singleton bean 'sqlSessionFactoryBean'
- (4579 ms) - [DEBUG] 2018-12-30 19:24:58,191 org.springframework.beans.factory.support.DefaultListableBeanFactory - Creating instance of bean 'sqlSessionFactoryBean'
- (4580 ms) - [DEBUG] 2018-12-30 19:24:58,192 org.springframework.beans.factory.support.DefaultListableBeanFactory - Eagerly caching bean 'sqlSessionFactoryBean' to allow for resolving potential circular references
- (4581 ms) - [DEBUG] 2018-12-30 19:24:58,193 org.springframework.beans.factory.support.DefaultListableBeanFactory - Creating shared instance of singleton bean 'dataSource'
- (4581 ms) - [DEBUG] 2018-12-30 19:24:58,193 org.springframework.beans.factory.support.DefaultListableBeanFactory - Creating instance of bean 'dataSource'
- (4582 ms) - [DEBUG] 2018-12-30 19:24:58,194 org.springframework.beans.factory.support.DefaultListableBeanFactory - Returning cached instance of singleton bean 'org.springframework.aop.support.DefaultBeanFactoryPointcutAdvisor#0'
- (4583 ms) - [DEBUG] 2018-12-30 19:24:58,195 org.springframework.beans.factory.support.DefaultListableBeanFactory - Eagerly caching bean 'dataSource' to allow for resolving potential circular references
- (4585 ms) - [DEBUG] 2018-12-30 19:24:58,197 org.springframework.beans.factory.support.DefaultListableBeanFactory - Returning cached instance of singleton bean 'org.springframework.aop.support.DefaultBeanFactoryPointcutAdvisor#0'
- (4586 ms) - [DEBUG] 2018-12-30 19:24:58,198 org.springframework.beans.factory.support.DefaultListableBeanFactory - Returning cached instance of singleton bean 'org.springframework.aop.support.DefaultBeanFactoryPointcutAdvisor#0'
- (4605 ms) - [DEBUG] 2018-12-30 19:24:58,217 org.springframework.beans.factory.support.DefaultListableBeanFactory - Finished creating instance of bean 'dataSource'
- (4606 ms) - [DEBUG] 2018-12-30 19:24:58,218 org.springframework.beans.factory.support.DefaultListableBeanFactory - Invoking afterPropertiesSet() on bean with name 'sqlSessionFactoryBean'
- (4618 ms) - [DEBUG] 2018-12-30 19:24:58,230 org.apache.ibatis.io.ResolverUtil - Find JAR URL: jar:file:/E:/ideaXM/itrip/itrip-beans/target/itrip-beans-1.0-SNAPSHOT.jar!/cn/itrip/beans/pojo
- (4619 ms) - [DEBUG] 2018-12-30 19:24:58,231 org.apache.ibatis.io.ResolverUtil - Inner URL: file:/E:/ideaXM/itrip/itrip-beans/target/itrip-beans-1.0-SNAPSHOT.jar!/cn/itrip/beans/pojo
- (4619 ms) - [DEBUG] 2018-12-30 19:24:58,231 org.apache.ibatis.io.ResolverUtil - Extracted JAR URL: file:/E:/ideaXM/itrip/itrip-beans/target/itrip-beans-1.0-SNAPSHOT.jar
- (4620 ms) - [DEBUG] 2018-12-30 19:24:58,232 org.apache.ibatis.io.ResolverUtil - Found JAR: file:/E:/ideaXM/itrip/itrip-beans/target/itrip-beans-1.0-SNAPSHOT.jar
- (4621 ms) - [DEBUG] 2018-12-30 19:24:58,233 org.apache.ibatis.io.ResolverUtil - Listing jar:file:/E:/ideaXM/itrip/itrip-beans/target/itrip-beans-1.0-SNAPSHOT.jar!/cn/itrip/beans/pojo
- (4622 ms) - [DEBUG] 2018-12-30 19:24:58,234 org.apache.ibatis.io.ResolverUtil - Found resource: /cn/itrip/beans/pojo/ItripAreaDic.class
- (4627 ms) - [DEBUG] 2018-12-30 19:24:58,239 org.apache.ibatis.io.ResolverUtil - Found resource: /cn/itrip/beans/pojo/ItripComment.class
- (4628 ms) - [DEBUG] 2018-12-30 19:24:58,240 org.apache.ibatis.io.ResolverUtil - Found resource: /cn/itrip/beans/pojo/ItripHotel.class
- (4628 ms) - [DEBUG] 2018-12-30 19:24:58,240 org.apache.ibatis.io.ResolverUtil - Found resource: /cn/itrip/beans/pojo/ItripHotelExtendProperty.class
- (4629 ms) - [DEBUG] 2018-12-30 19:24:58,241 org.apache.ibatis.io.ResolverUtil - Found resource: /cn/itrip/beans/pojo/ItripHotelFeature.class
- (4630 ms) - [DEBUG] 2018-12-30 19:24:58,242 org.apache.ibatis.io.ResolverUtil - Found resource: /cn/itrip/beans/pojo/ItripHotelOrder.class
- (4631 ms) - [DEBUG] 2018-12-30 19:24:58,243 org.apache.ibatis.io.ResolverUtil - Found resource: /cn/itrip/beans/pojo/ItripHotelRoom.class
- (4631 ms) - [DEBUG] 2018-12-30 19:24:58,243 org.apache.ibatis.io.ResolverUtil - Found resource: /cn/itrip/beans/pojo/ItripHotelTempStore.class
- (4632 ms) - [DEBUG] 2018-12-30 19:24:58,244 org.apache.ibatis.io.ResolverUtil - Found resource: /cn/itrip/beans/pojo/ItripHotelTradingArea.class
- (4633 ms) - [DEBUG] 2018-12-30 19:24:58,245 org.apache.ibatis.io.ResolverUtil - Found resource: /cn/itrip/beans/pojo/ItripImage.class
- (4634 ms) - [DEBUG] 2018-12-30 19:24:58,246 org.apache.ibatis.io.ResolverUtil - Found resource: /cn/itrip/beans/pojo/ItripLabelDic.class
- (4634 ms) - [DEBUG] 2018-12-30 19:24:58,246 org.apache.ibatis.io.ResolverUtil - Found resource: /cn/itrip/beans/pojo/ItripOrderLinkUser.class
- (4635 ms) - [DEBUG] 2018-12-30 19:24:58,247 org.apache.ibatis.io.ResolverUtil - Found resource: /cn/itrip/beans/pojo/ItripProductStore.class
- (4636 ms) - [DEBUG] 2018-12-30 19:24:58,248 org.apache.ibatis.io.ResolverUtil - Found resource: /cn/itrip/beans/pojo/ItripTradeEnds.class
- (4636 ms) - [DEBUG] 2018-12-30 19:24:58,248 org.apache.ibatis.io.ResolverUtil - Found resource: /cn/itrip/beans/pojo/ItripUser.class
- (4637 ms) - [DEBUG] 2018-12-30 19:24:58,249 org.apache.ibatis.io.ResolverUtil - Found resource: /cn/itrip/beans/pojo/ItripUserLinkUser.class
- (4638 ms) - [DEBUG] 2018-12-30 19:24:58,250 org.apache.ibatis.io.ResolverUtil - Checking to see if class cn.itrip.beans.pojo.ItripAreaDic matches criteria [is assignable to Object]
- (4647 ms) - [DEBUG] 2018-12-30 19:24:58,259 org.apache.ibatis.io.ResolverUtil - Checking to see if class cn.itrip.beans.pojo.ItripComment matches criteria [is assignable to Object]
- (4648 ms) - [DEBUG] 2018-12-30 19:24:58,260 org.apache.ibatis.io.ResolverUtil - Checking to see if class cn.itrip.beans.pojo.ItripHotel matches criteria [is assignable to Object]
- (4649 ms) - [DEBUG] 2018-12-30 19:24:58,261 org.apache.ibatis.io.ResolverUtil - Checking to see if class cn.itrip.beans.pojo.ItripHotelExtendProperty matches criteria [is assignable to Object]
- (4649 ms) - [DEBUG] 2018-12-30 19:24:58,261 org.apache.ibatis.io.ResolverUtil - Checking to see if class cn.itrip.beans.pojo.ItripHotelFeature matches criteria [is assignable to Object]
- (4650 ms) - [DEBUG] 2018-12-30 19:24:58,262 org.apache.ibatis.io.ResolverUtil - Checking to see if class cn.itrip.beans.pojo.ItripHotelOrder matches criteria [is assignable to Object]
- (4650 ms) - [DEBUG] 2018-12-30 19:24:58,262 org.apache.ibatis.io.ResolverUtil - Checking to see if class cn.itrip.beans.pojo.ItripHotelRoom matches criteria [is assignable to Object]
- (4651 ms) - [DEBUG] 2018-12-30 19:24:58,263 org.apache.ibatis.io.ResolverUtil - Checking to see if class cn.itrip.beans.pojo.ItripHotelTempStore matches criteria [is assignable to Object]
- (4652 ms) - [DEBUG] 2018-12-30 19:24:58,264 org.apache.ibatis.io.ResolverUtil - Checking to see if class cn.itrip.beans.pojo.ItripHotelTradingArea matches criteria [is assignable to Object]
- (4652 ms) - [DEBUG] 2018-12-30 19:24:58,264 org.apache.ibatis.io.ResolverUtil - Checking to see if class cn.itrip.beans.pojo.ItripImage matches criteria [is assignable to Object]
- (4653 ms) - [DEBUG] 2018-12-30 19:24:58,265 org.apache.ibatis.io.ResolverUtil - Checking to see if class cn.itrip.beans.pojo.ItripLabelDic matches criteria [is assignable to Object]
- (4653 ms) - [DEBUG] 2018-12-30 19:24:58,265 org.apache.ibatis.io.ResolverUtil - Checking to see if class cn.itrip.beans.pojo.ItripOrderLinkUser matches criteria [is assignable to Object]
- (4654 ms) - [DEBUG] 2018-12-30 19:24:58,266 org.apache.ibatis.io.ResolverUtil - Checking to see if class cn.itrip.beans.pojo.ItripProductStore matches criteria [is assignable to Object]
- (4654 ms) - [DEBUG] 2018-12-30 19:24:58,266 org.apache.ibatis.io.ResolverUtil - Checking to see if class cn.itrip.beans.pojo.ItripTradeEnds matches criteria [is assignable to Object]
- (4655 ms) - [DEBUG] 2018-12-30 19:24:58,267 org.apache.ibatis.io.ResolverUtil - Checking to see if class cn.itrip.beans.pojo.ItripUser matches criteria [is assignable to Object]
- (4655 ms) - [DEBUG] 2018-12-30 19:24:58,267 org.apache.ibatis.io.ResolverUtil - Checking to see if class cn.itrip.beans.pojo.ItripUserLinkUser matches criteria [is assignable to Object]
- (4658 ms) - [DEBUG] 2018-12-30 19:24:58,270 org.mybatis.spring.SqlSessionFactoryBean - Parsed configuration file: 'class path resource [mybatis-config.xml]'
- (4662 ms) - [ERROR] 2018-12-30 19:24:58,274 org.apache.ibatis.executor.BaseExecutor - Could not get a databaseId from dataSource
org.apache.commons.dbcp.SQLNestedException: Cannot create PoolableConnectionFactory (Data source rejected establishment of connection,  message from server: "Too many connections")
	at org.apache.commons.dbcp.BasicDataSource.createPoolableConnectionFactory(BasicDataSource.java:1549)
	at org.apache.commons.dbcp.BasicDataSource.createDataSource(BasicDataSource.java:1388)
	at org.apache.commons.dbcp.BasicDataSource.getConnection(BasicDataSource.java:1044)
	at org.apache.ibatis.mapping.VendorDatabaseIdProvider.getDatabaseProductName(VendorDatabaseIdProvider.java:76)
	at org.apache.ibatis.mapping.VendorDatabaseIdProvider.getDatabaseName(VendorDatabaseIdProvider.java:61)
	at org.apache.ibatis.mapping.VendorDatabaseIdProvider.getDatabaseId(VendorDatabaseIdProvider.java:49)
	at org.mybatis.spring.SqlSessionFactoryBean.buildSqlSessionFactory(SqlSessionFactoryBean.java:445)
	at org.mybatis.spring.SqlSessionFactoryBean.afterPropertiesSet(SqlSessionFactoryBean.java:336)
	at org.springframework.beans.factory.support.AbstractAutowireCapableBeanFactory.invokeInitMethods(AbstractAutowireCapableBeanFactory.java:1633)
	at org.springframework.beans.factory.support.AbstractAutowireCapableBeanFactory.initializeBean(AbstractAutowireCapableBeanFactory.java:1570)
	at org.springframework.beans.factory.support.AbstractAutowireCapableBeanFactory.doCreateBean(AbstractAutowireCapableBeanFactory.java:539)
	at org.springframework.beans.factory.support.AbstractAutowireCapableBeanFactory.createBean(AbstractAutowireCapableBeanFactory.java:476)
	at org.springframework.beans.factory.support.AbstractBeanFactory$1.getObject(AbstractBeanFactory.java:303)
	at org.springframework.beans.factory.support.DefaultSingletonBeanRegistry.getSingleton(DefaultSingletonBeanRegistry.java:230)
	at org.springframework.beans.factory.support.AbstractBeanFactory.doGetBean(AbstractBeanFactory.java:299)
	at org.springframework.beans.factory.support.AbstractBeanFactory.getBean(AbstractBeanFactory.java:194)
	at org.springframework.beans.factory.support.DefaultListableBeanFactory.findAutowireCandidates(DefaultListableBeanFactory.java:1120)
	at org.springframework.beans.factory.support.DefaultListableBeanFactory.doResolveDependency(DefaultListableBeanFactory.java:1044)
	at org.springframework.beans.factory.support.DefaultListableBeanFactory.resolveDependency(DefaultListableBeanFactory.java:942)
	at org.springframework.beans.factory.support.AbstractAutowireCapableBeanFactory.autowireByType(AbstractAutowireCapableBeanFactory.java:1288)
	at org.springframework.beans.factory.support.AbstractAutowireCapableBeanFactory.populateBean(AbstractAutowireCapableBeanFactory.java:1195)
	at org.springframework.beans.factory.support.AbstractAutowireCapableBeanFactory.doCreateBean(AbstractAutowireCapableBeanFactory.java:537)
	at org.springframework.beans.factory.support.AbstractAutowireCapableBeanFactory.createBean(AbstractAutowireCapableBeanFactory.java:476)
	at org.springframework.beans.factory.support.AbstractBeanFactory$1.getObject(AbstractBeanFactory.java:303)
	at org.springframework.beans.factory.support.DefaultSingletonBeanRegistry.getSingleton(DefaultSingletonBeanRegistry.java:230)
	at org.springframework.beans.factory.support.AbstractBeanFactory.doGetBean(AbstractBeanFactory.java:299)
	at org.springframework.beans.factory.support.AbstractBeanFactory.getTypeForFactoryBean(AbstractBeanFactory.java:1421)
	at org.springframework.beans.factory.support.AbstractAutowireCapableBeanFactory.getTypeForFactoryBean(AbstractAutowireCapableBeanFactory.java:802)
	at org.springframework.beans.factory.support.AbstractBeanFactory.isTypeMatch(AbstractBeanFactory.java:542)
	at org.springframework.beans.factory.support.DefaultListableBeanFactory.doGetBeanNamesForType(DefaultListableBeanFactory.java:436)
	at org.springframework.beans.factory.support.DefaultListableBeanFactory.getBeanNamesForType(DefaultListableBeanFactory.java:412)
	at org.springframework.beans.factory.BeanFactoryUtils.beanNamesForTypeIncludingAncestors(BeanFactoryUtils.java:186)
	at org.springframework.beans.factory.support.DefaultListableBeanFactory.findAutowireCandidates(DefaultListableBeanFactory.java:1105)
	at org.springframework.beans.factory.support.DefaultListableBeanFactory.doResolveDependency(DefaultListableBeanFactory.java:1044)
	at org.springframework.beans.factory.support.DefaultListableBeanFactory.resolveDependency(DefaultListableBeanFactory.java:942)
	at org.springframework.beans.factory.support.AbstractAutowireCapableBeanFactory.autowireByType(AbstractAutowireCapableBeanFactory.java:1288)
	at org.springframework.beans.factory.support.AbstractAutowireCapableBeanFactory.populateBean(AbstractAutowireCapableBeanFactory.java:1195)
	at org.springframework.beans.factory.support.AbstractAutowireCapableBeanFactory.doCreateBean(AbstractAutowireCapableBeanFactory.java:537)
	at org.springframework.beans.factory.support.AbstractAutowireCapableBeanFactory.createBean(AbstractAutowireCapableBeanFactory.java:476)
	at org.springframework.beans.factory.support.AbstractBeanFactory$1.getObject(AbstractBeanFactory.java:303)
	at org.springframework.beans.factory.support.DefaultSingletonBeanRegistry.getSingleton(DefaultSingletonBeanRegistry.java:230)
	at org.springframework.beans.factory.support.AbstractBeanFactory.doGetBean(AbstractBeanFactory.java:299)
	at org.springframework.beans.factory.support.AbstractBeanFactory.getTypeForFactoryBean(AbstractBeanFactory.java:1421)
	at org.springframework.beans.factory.support.AbstractAutowireCapableBeanFactory.getTypeForFactoryBean(AbstractAutowireCapableBeanFactory.java:802)
	at org.springframework.beans.factory.support.AbstractBeanFactory.isTypeMatch(AbstractBeanFactory.java:542)
	at org.springframework.beans.factory.support.DefaultListableBeanFactory.doGetBeanNamesForType(DefaultListableBeanFactory.java:436)
	at org.springframework.beans.factory.support.DefaultListableBeanFactory.getBeanNamesForType(DefaultListableBeanFactory.java:412)
	at org.springframework.beans.factory.BeanFactoryUtils.beanNamesForTypeIncludingAncestors(BeanFactoryUtils.java:186)
	at org.springframework.beans.factory.support.DefaultListableBeanFactory.findAutowireCandidates(DefaultListableBeanFactory.java:1105)
	at org.springframework.beans.factory.support.DefaultListableBeanFactory.doResolveDependency(DefaultListableBeanFactory.java:1044)
	at org.springframework.beans.factory.support.DefaultListableBeanFactory.resolveDependency(DefaultListableBeanFactory.java:942)
	at org.springframework.beans.factory.support.AbstractAutowireCapableBeanFactory.autowireByType(AbstractAutowireCapableBeanFactory.java:1288)
	at org.springframework.beans.factory.support.AbstractAutowireCapableBeanFactory.populateBean(AbstractAutowireCapableBeanFactory.java:1195)
	at org.springframework.beans.factory.support.AbstractAutowireCapableBeanFactory.doCreateBean(AbstractAutowireCapableBeanFactory.java:537)
	at org.springframework.beans.factory.support.AbstractAutowireCapableBeanFactory.createBean(AbstractAutowireCapableBeanFactory.java:476)
	at org.springframework.beans.factory.support.AbstractBeanFactory$1.getObject(AbstractBeanFactory.java:303)
	at org.springframework.beans.factory.support.DefaultSingletonBeanRegistry.getSingleton(DefaultSingletonBeanRegistry.java:230)
	at org.springframework.beans.factory.support.AbstractBeanFactory.doGetBean(AbstractBeanFactory.java:299)
	at org.springframework.beans.factory.support.AbstractBeanFactory.getTypeForFactoryBean(AbstractBeanFactory.java:1421)
	at org.springframework.beans.factory.support.AbstractAutowireCapableBeanFactory.getTypeForFactoryBean(AbstractAutowireCapableBeanFactory.java:802)
	at org.springframework.beans.factory.support.AbstractBeanFactory.isTypeMatch(AbstractBeanFactory.java:542)
	at org.springframework.beans.factory.support.DefaultListableBeanFactory.doGetBeanNamesForType(DefaultListableBeanFactory.java:436)
	at org.springframework.beans.factory.support.DefaultListableBeanFactory.getBeanNamesForType(DefaultListableBeanFactory.java:412)
	at org.springframework.beans.factory.BeanFactoryUtils.beanNamesForTypeIncludingAncestors(BeanFactoryUtils.java:186)
	at org.springframework.beans.factory.support.DefaultListableBeanFactory.findAutowireCandidates(DefaultListableBeanFactory.java:1105)
	at org.springframework.beans.factory.support.DefaultListableBeanFactory.doResolveDependency(DefaultListableBeanFactory.java:1044)
	at org.springframework.beans.factory.support.DefaultListableBeanFactory.resolveDependency(DefaultListableBeanFactory.java:942)
	at org.springframework.beans.factory.support.AbstractAutowireCapableBeanFactory.autowireByType(AbstractAutowireCapableBeanFactory.java:1288)
	at org.springframework.beans.factory.support.AbstractAutowireCapableBeanFactory.populateBean(AbstractAutowireCapableBeanFactory.java:1195)
	at org.springframework.beans.factory.support.AbstractAutowireCapableBeanFactory.doCreateBean(AbstractAutowireCapableBeanFactory.java:537)
	at org.springframework.beans.factory.support.AbstractAutowireCapableBeanFactory.createBean(AbstractAutowireCapableBeanFactory.java:476)
	at org.springframework.beans.factory.support.AbstractBeanFactory$1.getObject(AbstractBeanFactory.java:303)
	at org.springframework.beans.factory.support.DefaultSingletonBeanRegistry.getSingleton(DefaultSingletonBeanRegistry.java:230)
	at org.springframework.beans.factory.support.AbstractBeanFactory.doGetBean(AbstractBeanFactory.java:299)
	at org.springframework.beans.factory.support.AbstractBeanFactory.getTypeForFactoryBean(AbstractBeanFactory.java:1421)
	at org.springframework.beans.factory.support.AbstractAutowireCapableBeanFactory.getTypeForFactoryBean(AbstractAutowireCapableBeanFactory.java:802)
	at org.springframework.beans.factory.support.AbstractBeanFactory.isTypeMatch(AbstractBeanFactory.java:542)
	at org.springframework.beans.factory.support.DefaultListableBeanFactory.doGetBeanNamesForType(DefaultListableBeanFactory.java:436)
	at org.springframework.beans.factory.support.DefaultListableBeanFactory.getBeanNamesForType(DefaultListableBeanFactory.java:412)
	at org.springframework.beans.factory.BeanFactoryUtils.beanNamesForTypeIncludingAncestors(BeanFactoryUtils.java:186)
	at org.springframework.beans.factory.support.DefaultListableBeanFactory.findAutowireCandidates(DefaultListableBeanFactory.java:1105)
	at org.springframework.beans.factory.support.DefaultListableBeanFactory.doResolveDependency(DefaultListableBeanFactory.java:1044)
	at org.springframework.beans.factory.support.DefaultListableBeanFactory.resolveDependency(DefaultListableBeanFactory.java:942)
	at org.springframework.beans.factory.support.AbstractAutowireCapableBeanFactory.autowireByType(AbstractAutowireCapableBeanFactory.java:1288)
	at org.springframework.beans.factory.support.AbstractAutowireCapableBeanFactory.populateBean(AbstractAutowireCapableBeanFactory.java:1195)
	at org.springframework.beans.factory.support.AbstractAutowireCapableBeanFactory.doCreateBean(AbstractAutowireCapableBeanFactory.java:537)
	at org.springframework.beans.factory.support.AbstractAutowireCapableBeanFactory.createBean(AbstractAutowireCapableBeanFactory.java:476)
	at org.springframework.beans.factory.support.AbstractBeanFactory$1.getObject(AbstractBeanFactory.java:303)
	at org.springframework.beans.factory.support.DefaultSingletonBeanRegistry.getSingleton(DefaultSingletonBeanRegistry.java:230)
	at org.springframework.beans.factory.support.AbstractBeanFactory.doGetBean(AbstractBeanFactory.java:299)
	at org.springframework.beans.factory.support.AbstractBeanFactory.getTypeForFactoryBean(AbstractBeanFactory.java:1421)
	at org.springframework.beans.factory.support.AbstractAutowireCapableBeanFactory.getTypeForFactoryBean(AbstractAutowireCapableBeanFactory.java:802)
	at org.springframework.beans.factory.support.AbstractBeanFactory.isTypeMatch(AbstractBeanFactory.java:542)
	at org.springframework.beans.factory.support.DefaultListableBeanFactory.doGetBeanNamesForType(DefaultListableBeanFactory.java:436)
	at org.springframework.beans.factory.support.DefaultListableBeanFactory.getBeanNamesForType(DefaultListableBeanFactory.java:412)
	at org.springframework.beans.factory.BeanFactoryUtils.beanNamesForTypeIncludingAncestors(BeanFactoryUtils.java:186)
	at org.springframework.beans.factory.support.DefaultListableBeanFactory.findAutowireCandidates(DefaultListableBeanFactory.java:1105)
	at org.springframework.beans.factory.support.DefaultListableBeanFactory.doResolveDependency(DefaultListableBeanFactory.java:1044)
	at org.springframework.beans.factory.support.DefaultListableBeanFactory.resolveDependency(DefaultListableBeanFactory.java:942)
	at org.springframework.beans.factory.support.AbstractAutowireCapableBeanFactory.autowireByType(AbstractAutowireCapableBeanFactory.java:1288)
	at org.springframework.beans.factory.support.AbstractAutowireCapableBeanFactory.populateBean(AbstractAutowireCapableBeanFactory.java:1195)
	at org.springframework.beans.factory.support.AbstractAutowireCapableBeanFactory.doCreateBean(AbstractAutowireCapableBeanFactory.java:537)
	at org.springframework.beans.factory.support.AbstractAutowireCapableBeanFactory.createBean(AbstractAutowireCapableBeanFactory.java:476)
	at org.springframework.beans.factory.support.AbstractBeanFactory$1.getObject(AbstractBeanFactory.java:303)
	at org.springframework.beans.factory.support.DefaultSingletonBeanRegistry.getSingleton(DefaultSingletonBeanRegistry.java:230)
	at org.springframework.beans.factory.support.AbstractBeanFactory.doGetBean(AbstractBeanFactory.java:299)
	at org.springframework.beans.factory.support.AbstractBeanFactory.getTypeForFactoryBean(AbstractBeanFactory.java:1421)
	at org.springframework.beans.factory.support.AbstractAutowireCapableBeanFactory.getTypeForFactoryBean(AbstractAutowireCapableBeanFactory.java:802)
	at org.springframework.beans.factory.support.AbstractBeanFactory.isTypeMatch(AbstractBeanFactory.java:542)
	at org.springframework.beans.factory.support.DefaultListableBeanFactory.doGetBeanNamesForType(DefaultListableBeanFactory.java:436)
	at org.springframework.beans.factory.support.DefaultListableBeanFactory.getBeanNamesForType(DefaultListableBeanFactory.java:412)
	at org.springframework.beans.factory.BeanFactoryUtils.beanNamesForTypeIncludingAncestors(BeanFactoryUtils.java:186)
	at org.springframework.beans.factory.support.DefaultListableBeanFactory.findAutowireCandidates(DefaultListableBeanFactory.java:1105)
	at org.springframework.beans.factory.support.DefaultListableBeanFactory.doResolveDependency(DefaultListableBeanFactory.java:1044)
	at org.springframework.beans.factory.support.DefaultListableBeanFactory.resolveDependency(DefaultListableBeanFactory.java:942)
	at org.springframework.beans.factory.support.AbstractAutowireCapableBeanFactory.autowireByType(AbstractAutowireCapableBeanFactory.java:1288)
	at org.springframework.beans.factory.support.AbstractAutowireCapableBeanFactory.populateBean(AbstractAutowireCapableBeanFactory.java:1195)
	at org.springframework.beans.factory.support.AbstractAutowireCapableBeanFactory.doCreateBean(AbstractAutowireCapableBeanFactory.java:537)
	at org.springframework.beans.factory.support.AbstractAutowireCapableBeanFactory.createBean(AbstractAutowireCapableBeanFactory.java:476)
	at org.springframework.beans.factory.support.AbstractBeanFactory$1.getObject(AbstractBeanFactory.java:303)
	at org.springframework.beans.factory.support.DefaultSingletonBeanRegistry.getSingleton(DefaultSingletonBeanRegistry.java:230)
	at org.springframework.beans.factory.support.AbstractBeanFactory.doGetBean(AbstractBeanFactory.java:299)
	at org.springframework.beans.factory.support.AbstractBeanFactory.getTypeForFactoryBean(AbstractBeanFactory.java:1421)
	at org.springframework.beans.factory.support.AbstractAutowireCapableBeanFactory.getTypeForFactoryBean(AbstractAutowireCapableBeanFactory.java:802)
	at org.springframework.beans.factory.support.AbstractBeanFactory.isTypeMatch(AbstractBeanFactory.java:542)
	at org.springframework.beans.factory.support.DefaultListableBeanFactory.doGetBeanNamesForType(DefaultListableBeanFactory.java:436)
	at org.springframework.beans.factory.support.DefaultListableBeanFactory.getBeanNamesForType(DefaultListableBeanFactory.java:412)
	at org.springframework.beans.factory.BeanFactoryUtils.beanNamesForTypeIncludingAncestors(BeanFactoryUtils.java:186)
	at org.springframework.beans.factory.support.DefaultListableBeanFactory.findAutowireCandidates(DefaultListableBeanFactory.java:1105)
	at org.springframework.beans.factory.support.DefaultListableBeanFactory.doResolveDependency(DefaultListableBeanFactory.java:1044)
	at org.springframework.beans.factory.support.DefaultListableBeanFactory.resolveDependency(DefaultListableBeanFactory.java:942)
	at org.springframework.beans.factory.support.AbstractAutowireCapableBeanFactory.autowireByType(AbstractAutowireCapableBeanFactory.java:1288)
	at org.springframework.beans.factory.support.AbstractAutowireCapableBeanFactory.populateBean(AbstractAutowireCapableBeanFactory.java:1195)
	at org.springframework.beans.factory.support.AbstractAutowireCapableBeanFactory.doCreateBean(AbstractAutowireCapableBeanFactory.java:537)
	at org.springframework.beans.factory.support.AbstractAutowireCapableBeanFactory.createBean(AbstractAutowireCapableBeanFactory.java:476)
	at org.springframework.beans.factory.support.AbstractBeanFactory$1.getObject(AbstractBeanFactory.java:303)
	at org.springframework.beans.factory.support.DefaultSingletonBeanRegistry.getSingleton(DefaultSingletonBeanRegistry.java:230)
	at org.springframework.beans.factory.support.AbstractBeanFactory.doGetBean(AbstractBeanFactory.java:299)
	at org.springframework.beans.factory.support.AbstractBeanFactory.getTypeForFactoryBean(AbstractBeanFactory.java:1421)
	at org.springframework.beans.factory.support.AbstractAutowireCapableBeanFactory.getTypeForFactoryBean(AbstractAutowireCapableBeanFactory.java:802)
	at org.springframework.beans.factory.support.AbstractBeanFactory.isTypeMatch(AbstractBeanFactory.java:542)
	at org.springframework.beans.factory.support.DefaultListableBeanFactory.doGetBeanNamesForType(DefaultListableBeanFactory.java:436)
	at org.springframework.beans.factory.support.DefaultListableBeanFactory.getBeanNamesForType(DefaultListableBeanFactory.java:412)
	at org.springframework.beans.factory.BeanFactoryUtils.beanNamesForTypeIncludingAncestors(BeanFactoryUtils.java:186)
	at org.springframework.beans.factory.support.DefaultListableBeanFactory.findAutowireCandidates(DefaultListableBeanFactory.java:1105)
	at org.springframework.beans.factory.support.DefaultListableBeanFactory.doResolveDependency(DefaultListableBeanFactory.java:1044)
	at org.springframework.beans.factory.support.DefaultListableBeanFactory.resolveDependency(DefaultListableBeanFactory.java:942)
	at org.springframework.beans.factory.support.AbstractAutowireCapableBeanFactory.autowireByType(AbstractAutowireCapableBeanFactory.java:1288)
	at org.springframework.beans.factory.support.AbstractAutowireCapableBeanFactory.populateBean(AbstractAutowireCapableBeanFactory.java:1195)
	at org.springframework.beans.factory.support.AbstractAutowireCapableBeanFactory.doCreateBean(AbstractAutowireCapableBeanFactory.java:537)
	at org.springframework.beans.factory.support.AbstractAutowireCapableBeanFactory.createBean(AbstractAutowireCapableBeanFactory.java:476)
	at org.springframework.beans.factory.support.AbstractBeanFactory$1.getObject(AbstractBeanFactory.java:303)
	at org.springframework.beans.factory.support.DefaultSingletonBeanRegistry.getSingleton(DefaultSingletonBeanRegistry.java:230)
	at org.springframework.beans.factory.support.AbstractBeanFactory.doGetBean(AbstractBeanFactory.java:299)
	at org.springframework.beans.factory.support.AbstractBeanFactory.getTypeForFactoryBean(AbstractBeanFactory.java:1421)
	at org.springframework.beans.factory.support.AbstractAutowireCapableBeanFactory.getTypeForFactoryBean(AbstractAutowireCapableBeanFactory.java:802)
	at org.springframework.beans.factory.support.AbstractBeanFactory.isTypeMatch(AbstractBeanFactory.java:542)
	at org.springframework.beans.factory.support.DefaultListableBeanFactory.doGetBeanNamesForType(DefaultListableBeanFactory.java:436)
	at org.springframework.beans.factory.support.DefaultListableBeanFactory.getBeanNamesForType(DefaultListableBeanFactory.java:412)
	at org.springframework.beans.factory.BeanFactoryUtils.beanNamesForTypeIncludingAncestors(BeanFactoryUtils.java:186)
	at org.springframework.beans.factory.support.DefaultListableBeanFactory.findAutowireCandidates(DefaultListableBeanFactory.java:1105)
	at org.springframework.beans.factory.support.DefaultListableBeanFactory.doResolveDependency(DefaultListableBeanFactory.java:1044)
	at org.springframework.beans.factory.support.DefaultListableBeanFactory.resolveDependency(DefaultListableBeanFactory.java:942)
	at org.springframework.beans.factory.support.AbstractAutowireCapableBeanFactory.autowireByType(AbstractAutowireCapableBeanFactory.java:1288)
	at org.springframework.beans.factory.support.AbstractAutowireCapableBeanFactory.populateBean(AbstractAutowireCapableBeanFactory.java:1195)
	at org.springframework.beans.factory.support.AbstractAutowireCapableBeanFactory.doCreateBean(AbstractAutowireCapableBeanFactory.java:537)
	at org.springframework.beans.factory.support.AbstractAutowireCapableBeanFactory.createBean(AbstractAutowireCapableBeanFactory.java:476)
	at org.springframework.beans.factory.support.AbstractBeanFactory$1.getObject(AbstractBeanFactory.java:303)
	at org.springframework.beans.factory.support.DefaultSingletonBeanRegistry.getSingleton(DefaultSingletonBeanRegistry.java:230)
	at org.springframework.beans.factory.support.AbstractBeanFactory.doGetBean(AbstractBeanFactory.java:299)
	at org.springframework.beans.factory.support.AbstractBeanFactory.getTypeForFactoryBean(AbstractBeanFactory.java:1421)
	at org.springframework.beans.factory.support.AbstractAutowireCapableBeanFactory.getTypeForFactoryBean(AbstractAutowireCapableBeanFactory.java:802)
	at org.springframework.beans.factory.support.AbstractBeanFactory.isTypeMatch(AbstractBeanFactory.java:542)
	at org.springframework.beans.factory.support.DefaultListableBeanFactory.doGetBeanNamesForType(DefaultListableBeanFactory.java:436)
	at org.springframework.beans.factory.support.DefaultListableBeanFactory.getBeanNamesForType(DefaultListableBeanFactory.java:412)
	at org.springframework.beans.factory.support.DefaultListableBeanFactory.getBeanNamesForType(DefaultListableBeanFactory.java:398)
	at org.springframework.context.support.AbstractApplicationContext.getBeanNamesForType(AbstractApplicationContext.java:1040)
	at org.springframework.web.servlet.handler.AbstractDetectingUrlHandlerMapping.detectHandlers(AbstractDetectingUrlHandlerMapping.java:75)
	at org.springframework.web.servlet.handler.AbstractDetectingUrlHandlerMapping.initApplicationContext(AbstractDetectingUrlHandlerMapping.java:58)
	at org.springframework.context.support.ApplicationObjectSupport.initApplicationContext(ApplicationObjectSupport.java:120)
	at org.springframework.web.context.support.WebApplicationObjectSupport.initApplicationContext(WebApplicationObjectSupport.java:76)
	at org.springframework.context.support.ApplicationObjectSupport.setApplicationContext(ApplicationObjectSupport.java:74)
	at org.springframework.context.support.ApplicationContextAwareProcessor.invokeAwareInterfaces(ApplicationContextAwareProcessor.java:119)
	at org.springframework.context.support.ApplicationContextAwareProcessor.postProcessBeforeInitialization(ApplicationContextAwareProcessor.java:94)
	at org.springframework.beans.factory.support.AbstractAutowireCapableBeanFactory.applyBeanPostProcessorsBeforeInitialization(AbstractAutowireCapableBeanFactory.java:408)
	at org.springframework.beans.factory.support.AbstractAutowireCapableBeanFactory.initializeBean(AbstractAutowireCapableBeanFactory.java:1566)
	at org.springframework.beans.factory.support.AbstractAutowireCapableBeanFactory.doCreateBean(AbstractAutowireCapableBeanFactory.java:539)
	at org.springframework.beans.factory.support.AbstractAutowireCapableBeanFactory.createBean(AbstractAutowireCapableBeanFactory.java:476)
	at org.springframework.beans.factory.support.AbstractBeanFactory$1.getObject(AbstractBeanFactory.java:303)
	at org.springframework.beans.factory.support.DefaultSingletonBeanRegistry.getSingleton(DefaultSingletonBeanRegistry.java:230)
	at org.springframework.beans.factory.support.AbstractBeanFactory.doGetBean(AbstractBeanFactory.java:299)
	at org.springframework.beans.factory.support.AbstractBeanFactory.getBean(AbstractBeanFactory.java:194)
	at org.springframework.beans.factory.support.DefaultListableBeanFactory.preInstantiateSingletons(DefaultListableBeanFactory.java:755)
	at org.springframework.context.support.AbstractApplicationContext.finishBeanFactoryInitialization(AbstractApplicationContext.java:757)
	at org.springframework.context.support.AbstractApplicationContext.refresh(AbstractApplicationContext.java:480)
	at org.springframework.context.support.ClassPathXmlApplicationContext.<init>(ClassPathXmlApplicationContext.java:139)
	at org.springframework.context.support.ClassPathXmlApplicationContext.<init>(ClassPathXmlApplicationContext.java:83)
	at cn.itrip.service.areadic.TestItripAreaDicService.testGetItripAreaDicListByMap(TestItripAreaDicService.java:18)
	at sun.reflect.NativeMethodAccessorImpl.invoke0(Native Method)
	at sun.reflect.NativeMethodAccessorImpl.invoke(NativeMethodAccessorImpl.java:62)
	at sun.reflect.DelegatingMethodAccessorImpl.invoke(DelegatingMethodAccessorImpl.java:43)
	at java.lang.reflect.Method.invoke(Method.java:498)
	at org.junit.runners.model.FrameworkMethod$1.runReflectiveCall(FrameworkMethod.java:47)
	at org.junit.internal.runners.model.ReflectiveCallable.run(ReflectiveCallable.java:12)
	at org.junit.runners.model.FrameworkMethod.invokeExplosively(FrameworkMethod.java:44)
	at org.junit.internal.runners.statements.InvokeMethod.evaluate(InvokeMethod.java:17)
	at org.junit.runners.ParentRunner.runLeaf(ParentRunner.java:271)
	at org.junit.runners.BlockJUnit4ClassRunner.runChild(BlockJUnit4ClassRunner.java:70)
	at org.junit.runners.BlockJUnit4ClassRunner.runChild(BlockJUnit4ClassRunner.java:50)
	at org.junit.runners.ParentRunner$3.run(ParentRunner.java:238)
	at org.junit.runners.ParentRunner$1.schedule(ParentRunner.java:63)
	at org.junit.runners.ParentRunner.runChildren(ParentRunner.java:236)
	at org.junit.runners.ParentRunner.access$000(ParentRunner.java:53)
	at org.junit.runners.ParentRunner$2.evaluate(ParentRunner.java:229)
	at org.junit.runners.ParentRunner.run(ParentRunner.java:309)
	at org.apache.maven.surefire.junit4.JUnit4Provider.execute(JUnit4Provider.java:369)
	at org.apache.maven.surefire.junit4.JUnit4Provider.executeWithRerun(JUnit4Provider.java:275)
	at org.apache.maven.surefire.junit4.JUnit4Provider.executeTestSet(JUnit4Provider.java:239)
	at org.apache.maven.surefire.junit4.JUnit4Provider.invoke(JUnit4Provider.java:160)
	at org.apache.maven.surefire.booter.ForkedBooter.invokeProviderInSameClassLoader(ForkedBooter.java:373)
	at org.apache.maven.surefire.booter.ForkedBooter.runSuitesInProcess(ForkedBooter.java:334)
	at org.apache.maven.surefire.booter.ForkedBooter.execute(ForkedBooter.java:119)
	at org.apache.maven.surefire.booter.ForkedBooter.main(ForkedBooter.java:407)
Caused by: com.mysql.jdbc.exceptions.jdbc4.MySQLNonTransientConnectionException: Data source rejected establishment of connection,  message from server: "Too many connections"
	at sun.reflect.NativeConstructorAccessorImpl.newInstance0(Native Method)
	at sun.reflect.NativeConstructorAccessorImpl.newInstance(NativeConstructorAccessorImpl.java:62)
	at sun.reflect.DelegatingConstructorAccessorImpl.newInstance(DelegatingConstructorAccessorImpl.java:45)
	at java.lang.reflect.Constructor.newInstance(Constructor.java:423)
	at com.mysql.jdbc.Util.handleNewInstance(Util.java:411)
	at com.mysql.jdbc.Util.getInstance(Util.java:386)
	at com.mysql.jdbc.SQLError.createSQLException(SQLError.java:1013)
	at com.mysql.jdbc.SQLError.createSQLException(SQLError.java:987)
	at com.mysql.jdbc.SQLError.createSQLException(SQLError.java:982)
	at com.mysql.jdbc.MysqlIO.doHandshake(MysqlIO.java:1128)
	at com.mysql.jdbc.ConnectionImpl.coreConnect(ConnectionImpl.java:2336)
	at com.mysql.jdbc.ConnectionImpl.connectOneTryOnly(ConnectionImpl.java:2369)
	at com.mysql.jdbc.ConnectionImpl.createNewIO(ConnectionImpl.java:2153)
	at com.mysql.jdbc.ConnectionImpl.<init>(ConnectionImpl.java:792)
	at com.mysql.jdbc.JDBC4Connection.<init>(JDBC4Connection.java:47)
	at sun.reflect.NativeConstructorAccessorImpl.newInstance0(Native Method)
	at sun.reflect.NativeConstructorAccessorImpl.newInstance(NativeConstructorAccessorImpl.java:62)
	at sun.reflect.DelegatingConstructorAccessorImpl.newInstance(DelegatingConstructorAccessorImpl.java:45)
	at java.lang.reflect.Constructor.newInstance(Constructor.java:423)
	at com.mysql.jdbc.Util.handleNewInstance(Util.java:411)
	at com.mysql.jdbc.ConnectionImpl.getInstance(ConnectionImpl.java:381)
	at com.mysql.jdbc.NonRegisteringDriver.connect(NonRegisteringDriver.java:305)
	at org.apache.commons.dbcp.DriverConnectionFactory.createConnection(DriverConnectionFactory.java:38)
	at org.apache.commons.dbcp.PoolableConnectionFactory.makeObject(PoolableConnectionFactory.java:582)
	at org.apache.commons.dbcp.BasicDataSource.validateConnectionFactory(BasicDataSource.java:1556)
	at org.apache.commons.dbcp.BasicDataSource.createPoolableConnectionFactory(BasicDataSource.java:1545)
	... 222 more
- (4666 ms) - [DEBUG] 2018-12-30 19:24:58,278 org.mybatis.spring.SqlSessionFactoryBean - Property 'mapperLocations' was not specified or no matching resources found
- (4667 ms) - [DEBUG] 2018-12-30 19:24:58,279 org.springframework.beans.factory.support.DefaultListableBeanFactory - Returning cached instance of singleton bean 'org.springframework.aop.support.DefaultBeanFactoryPointcutAdvisor#0'
- (4667 ms) - [DEBUG] 2018-12-30 19:24:58,279 org.springframework.beans.factory.support.DefaultListableBeanFactory - Returning cached instance of singleton bean 'org.springframework.aop.support.DefaultBeanFactoryPointcutAdvisor#0'
- (4669 ms) - [DEBUG] 2018-12-30 19:24:58,281 org.springframework.beans.factory.support.DefaultListableBeanFactory - Finished creating instance of bean 'sqlSessionFactoryBean'
- (4670 ms) - [DEBUG] 2018-12-30 19:24:58,282 org.springframework.beans.factory.support.DefaultListableBeanFactory - Returning cached instance of singleton bean 'org.springframework.aop.support.DefaultBeanFactoryPointcutAdvisor#0'
- (4670 ms) - [DEBUG] 2018-12-30 19:24:58,282 org.springframework.beans.factory.support.DefaultListableBeanFactory - Returning cached instance of singleton bean 'org.springframework.aop.support.DefaultBeanFactoryPointcutAdvisor#0'
- (4672 ms) - [DEBUG] 2018-12-30 19:24:58,284 org.springframework.beans.factory.support.DefaultListableBeanFactory - Autowiring by type from bean name 'itripUserLinkUserMapper' via property 'sqlSessionFactory' to bean named 'sqlSessionFactoryBean'
- (4673 ms) - [DEBUG] 2018-12-30 19:24:58,285 org.springframework.beans.factory.support.DefaultListableBeanFactory - Invoking afterPropertiesSet() on bean with name 'itripUserLinkUserMapper'
- (4681 ms) - [DEBUG] 2018-12-30 19:24:58,293 org.springframework.beans.factory.support.DefaultListableBeanFactory - Finished creating instance of bean 'itripUserLinkUserMapper'
- (4681 ms) - [DEBUG] 2018-12-30 19:24:58,293 org.springframework.beans.factory.support.DefaultListableBeanFactory - Returning cached instance of singleton bean 'sqlSessionFactoryBean'
- (4682 ms) - [DEBUG] 2018-12-30 19:24:58,294 org.springframework.beans.factory.support.DefaultListableBeanFactory - Autowiring by type from bean name 'itripUserMapper' via property 'sqlSessionFactory' to bean named 'sqlSessionFactoryBean'
- (4683 ms) - [DEBUG] 2018-12-30 19:24:58,295 org.springframework.beans.factory.support.DefaultListableBeanFactory - Invoking afterPropertiesSet() on bean with name 'itripUserMapper'
- (4691 ms) - [DEBUG] 2018-12-30 19:24:58,303 org.springframework.beans.factory.support.DefaultListableBeanFactory - Finished creating instance of bean 'itripUserMapper'
- (4693 ms) - [DEBUG] 2018-12-30 19:24:58,305 org.springframework.beans.factory.support.DefaultListableBeanFactory - Returning cached instance of singleton bean 'sqlSessionFactoryBean'
- (4693 ms) - [DEBUG] 2018-12-30 19:24:58,305 org.springframework.beans.factory.support.DefaultListableBeanFactory - Autowiring by type from bean name 'itripLabelDicMapper' via property 'sqlSessionFactory' to bean named 'sqlSessionFactoryBean'
- (4694 ms) - [DEBUG] 2018-12-30 19:24:58,306 org.springframework.beans.factory.support.DefaultListableBeanFactory - Invoking afterPropertiesSet() on bean with name 'itripLabelDicMapper'
- (4701 ms) - [DEBUG] 2018-12-30 19:24:58,313 org.springframework.beans.factory.support.DefaultListableBeanFactory - Finished creating instance of bean 'itripLabelDicMapper'
- (4702 ms) - [DEBUG] 2018-12-30 19:24:58,314 org.springframework.beans.factory.support.DefaultListableBeanFactory - Returning cached instance of singleton bean 'sqlSessionFactoryBean'
- (4703 ms) - [DEBUG] 2018-12-30 19:24:58,315 org.springframework.beans.factory.support.DefaultListableBeanFactory - Autowiring by type from bean name 'itripLabelMapper' via property 'sqlSessionFactory' to bean named 'sqlSessionFactoryBean'
- (4703 ms) - [DEBUG] 2018-12-30 19:24:58,315 org.springframework.beans.factory.support.DefaultListableBeanFactory - Invoking afterPropertiesSet() on bean with name 'itripLabelMapper'
- (4709 ms) - [DEBUG] 2018-12-30 19:24:58,321 org.springframework.beans.factory.support.DefaultListableBeanFactory - Finished creating instance of bean 'itripLabelMapper'
- (4710 ms) - [DEBUG] 2018-12-30 19:24:58,322 org.springframework.beans.factory.support.DefaultListableBeanFactory - Returning cached instance of singleton bean 'sqlSessionFactoryBean'
- (4711 ms) - [DEBUG] 2018-12-30 19:24:58,323 org.springframework.beans.factory.support.DefaultListableBeanFactory - Autowiring by type from bean name 'itripImageMapper' via property 'sqlSessionFactory' to bean named 'sqlSessionFactoryBean'
- (4714 ms) - [DEBUG] 2018-12-30 19:24:58,326 org.springframework.beans.factory.support.DefaultListableBeanFactory - Invoking afterPropertiesSet() on bean with name 'itripImageMapper'
- (4719 ms) - [DEBUG] 2018-12-30 19:24:58,331 org.springframework.beans.factory.support.DefaultListableBeanFactory - Finished creating instance of bean 'itripImageMapper'
- (4720 ms) - [DEBUG] 2018-12-30 19:24:58,332 org.springframework.beans.factory.support.DefaultListableBeanFactory - Returning cached instance of singleton bean 'sqlSessionFactoryBean'
- (4720 ms) - [DEBUG] 2018-12-30 19:24:58,332 org.springframework.beans.factory.support.DefaultListableBeanFactory - Autowiring by type from bean name 'itripHotelOrderMapper' via property 'sqlSessionFactory' to bean named 'sqlSessionFactoryBean'
- (4721 ms) - [DEBUG] 2018-12-30 19:24:58,333 org.springframework.beans.factory.support.DefaultListableBeanFactory - Invoking afterPropertiesSet() on bean with name 'itripHotelOrderMapper'
- (4731 ms) - [DEBUG] 2018-12-30 19:24:58,343 org.springframework.beans.factory.support.DefaultListableBeanFactory - Finished creating instance of bean 'itripHotelOrderMapper'
- (4731 ms) - [DEBUG] 2018-12-30 19:24:58,343 org.springframework.beans.factory.support.DefaultListableBeanFactory - Returning cached instance of singleton bean 'sqlSessionFactoryBean'
- (4732 ms) - [DEBUG] 2018-12-30 19:24:58,344 org.springframework.beans.factory.support.DefaultListableBeanFactory - Autowiring by type from bean name 'itripHotelMapper' via property 'sqlSessionFactory' to bean named 'sqlSessionFactoryBean'
- (4732 ms) - [DEBUG] 2018-12-30 19:24:58,344 org.springframework.beans.factory.support.DefaultListableBeanFactory - Invoking afterPropertiesSet() on bean with name 'itripHotelMapper'
- (4737 ms) - [DEBUG] 2018-12-30 19:24:58,349 org.springframework.beans.factory.support.DefaultListableBeanFactory - Finished creating instance of bean 'itripHotelMapper'
- (4738 ms) - [DEBUG] 2018-12-30 19:24:58,350 org.springframework.beans.factory.support.DefaultListableBeanFactory - Returning cached instance of singleton bean 'sqlSessionFactoryBean'
- (4738 ms) - [DEBUG] 2018-12-30 19:24:58,350 org.springframework.beans.factory.support.DefaultListableBeanFactory - Autowiring by type from bean name 'itripCommentMapper' via property 'sqlSessionFactory' to bean named 'sqlSessionFactoryBean'
- (4738 ms) - [DEBUG] 2018-12-30 19:24:58,350 org.springframework.beans.factory.support.DefaultListableBeanFactory - Invoking afterPropertiesSet() on bean with name 'itripCommentMapper'
- (4746 ms) - [DEBUG] 2018-12-30 19:24:58,358 org.springframework.beans.factory.support.DefaultListableBeanFactory - Finished creating instance of bean 'itripCommentMapper'
- (4746 ms) - [DEBUG] 2018-12-30 19:24:58,358 org.springframework.beans.factory.support.DefaultListableBeanFactory - Returning cached instance of singleton bean 'sqlSessionFactoryBean'
- (4747 ms) - [DEBUG] 2018-12-30 19:24:58,359 org.springframework.beans.factory.support.DefaultListableBeanFactory - Autowiring by type from bean name 'itripAreaDicMapper' via property 'sqlSessionFactory' to bean named 'sqlSessionFactoryBean'
- (4747 ms) - [DEBUG] 2018-12-30 19:24:58,359 org.springframework.beans.factory.support.DefaultListableBeanFactory - Invoking afterPropertiesSet() on bean with name 'itripAreaDicMapper'
- (4754 ms) - [DEBUG] 2018-12-30 19:24:58,366 org.springframework.beans.factory.support.DefaultListableBeanFactory - Finished creating instance of bean 'itripAreaDicMapper'
- (4755 ms) - [DEBUG] 2018-12-30 19:24:58,367 org.springframework.beans.factory.support.DefaultListableBeanFactory - Returning cached instance of singleton bean 'sqlSessionFactoryBean'
- (4755 ms) - [DEBUG] 2018-12-30 19:24:58,367 org.springframework.beans.factory.support.DefaultListableBeanFactory - Autowiring by type from bean name 'itripHotMapper' via property 'sqlSessionFactory' to bean named 'sqlSessionFactoryBean'
- (4755 ms) - [DEBUG] 2018-12-30 19:24:58,367 org.springframework.beans.factory.support.DefaultListableBeanFactory - Invoking afterPropertiesSet() on bean with name 'itripHotMapper'
- (4765 ms) - [DEBUG] 2018-12-30 19:24:58,377 org.springframework.beans.factory.support.DefaultListableBeanFactory - Finished creating instance of bean 'itripHotMapper'
- (4766 ms) - [DEBUG] 2018-12-30 19:24:58,378 org.springframework.web.servlet.handler.BeanNameUrlHandlerMapping - Rejected bean name 'org.springframework.web.servlet.resource.DefaultServletHttpRequestHandler#0': no URL paths identified
- (4766 ms) - [DEBUG] 2018-12-30 19:24:58,378 org.springframework.web.servlet.handler.BeanNameUrlHandlerMapping - Rejected bean name 'org.springframework.web.servlet.handler.SimpleUrlHandlerMapping#0': no URL paths identified
- (4766 ms) - [DEBUG] 2018-12-30 19:24:58,378 org.springframework.web.servlet.handler.BeanNameUrlHandlerMapping - Rejected bean name 'org.springframework.web.servlet.handler.BeanNameUrlHandlerMapping': no URL paths identified
- (4766 ms) - [DEBUG] 2018-12-30 19:24:58,378 org.springframework.web.servlet.handler.BeanNameUrlHandlerMapping - Rejected bean name 'org.springframework.web.servlet.mvc.HttpRequestHandlerAdapter': no URL paths identified
- (4767 ms) - [DEBUG] 2018-12-30 19:24:58,379 org.springframework.web.servlet.handler.BeanNameUrlHandlerMapping - Rejected bean name 'org.springframework.web.servlet.mvc.SimpleControllerHandlerAdapter': no URL paths identified
- (4767 ms) - [DEBUG] 2018-12-30 19:24:58,379 org.springframework.web.servlet.handler.BeanNameUrlHandlerMapping - Rejected bean name 'itripHotServiceImpl': no URL paths identified
- (4767 ms) - [DEBUG] 2018-12-30 19:24:58,379 org.springframework.web.servlet.handler.BeanNameUrlHandlerMapping - Rejected bean name 'itripAreaDicServiceImpl': no URL paths identified
- (4767 ms) - [DEBUG] 2018-12-30 19:24:58,379 org.springframework.web.servlet.handler.BeanNameUrlHandlerMapping - Rejected bean name 'itripCommentServiceImpl': no URL paths identified
- (4767 ms) - [DEBUG] 2018-12-30 19:24:58,379 org.springframework.web.servlet.handler.BeanNameUrlHandlerMapping - Rejected bean name 'itripHotelOrderServiceImpl': no URL paths identified
- (4767 ms) - [DEBUG] 2018-12-30 19:24:58,379 org.springframework.web.servlet.handler.BeanNameUrlHandlerMapping - Rejected bean name 'itripImageServiceImpl': no URL paths identified
- (4767 ms) - [DEBUG] 2018-12-30 19:24:58,379 org.springframework.web.servlet.handler.BeanNameUrlHandlerMapping - Rejected bean name 'itripLabelServiceImpl': no URL paths identified
- (4768 ms) - [DEBUG] 2018-12-30 19:24:58,380 org.springframework.web.servlet.handler.BeanNameUrlHandlerMapping - Rejected bean name 'itripLabelDicServiceImpl': no URL paths identified
- (4768 ms) - [DEBUG] 2018-12-30 19:24:58,380 org.springframework.web.servlet.handler.BeanNameUrlHandlerMapping - Rejected bean name 'itripUserServiceImpl': no URL paths identified
- (4768 ms) - [DEBUG] 2018-12-30 19:24:58,380 org.springframework.web.servlet.handler.BeanNameUrlHandlerMapping - Rejected bean name 'itripUserLinkUserServiceImpl': no URL paths identified
- (4768 ms) - [DEBUG] 2018-12-30 19:24:58,380 org.springframework.web.servlet.handler.BeanNameUrlHandlerMapping - Rejected bean name 'org.springframework.context.annotation.internalConfigurationAnnotationProcessor': no URL paths identified
- (4769 ms) - [DEBUG] 2018-12-30 19:24:58,381 org.springframework.web.servlet.handler.BeanNameUrlHandlerMapping - Rejected bean name 'org.springframework.context.annotation.internalAutowiredAnnotationProcessor': no URL paths identified
- (4769 ms) - [DEBUG] 2018-12-30 19:24:58,381 org.springframework.web.servlet.handler.BeanNameUrlHandlerMapping - Rejected bean name 'org.springframework.context.annotation.internalRequiredAnnotationProcessor': no URL paths identified
- (4769 ms) - [DEBUG] 2018-12-30 19:24:58,381 org.springframework.web.servlet.handler.BeanNameUrlHandlerMapping - Rejected bean name 'org.springframework.context.annotation.internalCommonAnnotationProcessor': no URL paths identified
- (4769 ms) - [DEBUG] 2018-12-30 19:24:58,381 org.springframework.web.servlet.handler.BeanNameUrlHandlerMapping - Rejected bean name 'org.springframework.context.support.PropertySourcesPlaceholderConfigurer#0': no URL paths identified
- (4769 ms) - [DEBUG] 2018-12-30 19:24:58,381 org.springframework.web.servlet.handler.BeanNameUrlHandlerMapping - Rejected bean name 'dataSource': no URL paths identified
- (4769 ms) - [DEBUG] 2018-12-30 19:24:58,381 org.springframework.web.servlet.handler.BeanNameUrlHandlerMapping - Rejected bean name 'txManager': no URL paths identified
- (4769 ms) - [DEBUG] 2018-12-30 19:24:58,381 org.springframework.web.servlet.handler.BeanNameUrlHandlerMapping - Rejected bean name 'sqlSessionFactoryBean': no URL paths identified
- (4769 ms) - [DEBUG] 2018-12-30 19:24:58,381 org.springframework.web.servlet.handler.BeanNameUrlHandlerMapping - Rejected bean name 'org.springframework.aop.config.internalAutoProxyCreator': no URL paths identified
- (4770 ms) - [DEBUG] 2018-12-30 19:24:58,382 org.springframework.web.servlet.handler.BeanNameUrlHandlerMapping - Rejected bean name 'transService': no URL paths identified
- (4770 ms) - [DEBUG] 2018-12-30 19:24:58,382 org.springframework.web.servlet.handler.BeanNameUrlHandlerMapping - Rejected bean name 'org.springframework.aop.support.DefaultBeanFactoryPointcutAdvisor#0': no URL paths identified
- (4770 ms) - [DEBUG] 2018-12-30 19:24:58,382 org.springframework.web.servlet.handler.BeanNameUrlHandlerMapping - Rejected bean name 'myAdvice': no URL paths identified
- (4770 ms) - [DEBUG] 2018-12-30 19:24:58,382 org.springframework.web.servlet.handler.BeanNameUrlHandlerMapping - Rejected bean name 'org.mybatis.spring.mapper.MapperScannerConfigurer#0': no URL paths identified
- (4770 ms) - [DEBUG] 2018-12-30 19:24:58,382 org.springframework.web.servlet.handler.BeanNameUrlHandlerMapping - Rejected bean name 'jedisPoolConfig': no URL paths identified
- (4770 ms) - [DEBUG] 2018-12-30 19:24:58,382 org.springframework.web.servlet.handler.BeanNameUrlHandlerMapping - Rejected bean name 'jedisPool': no URL paths identified
- (4770 ms) - [DEBUG] 2018-12-30 19:24:58,382 org.springframework.web.servlet.handler.BeanNameUrlHandlerMapping - Rejected bean name 'redisAPI': no URL paths identified
- (4770 ms) - [DEBUG] 2018-12-30 19:24:58,382 org.springframework.web.servlet.handler.BeanNameUrlHandlerMapping - Rejected bean name 'validationToken': no URL paths identified
- (4771 ms) - [DEBUG] 2018-12-30 19:24:58,383 org.springframework.web.servlet.handler.BeanNameUrlHandlerMapping - Rejected bean name 'org.springframework.context.annotation.ConfigurationClassPostProcessor.importAwareProcessor': no URL paths identified
- (4771 ms) - [DEBUG] 2018-12-30 19:24:58,383 org.springframework.web.servlet.handler.BeanNameUrlHandlerMapping - Rejected bean name 'org.springframework.context.annotation.ConfigurationClassPostProcessor.enhancedConfigurationProcessor': no URL paths identified
- (4771 ms) - [DEBUG] 2018-12-30 19:24:58,383 org.springframework.web.servlet.handler.BeanNameUrlHandlerMapping - Rejected bean name 'itripHotMapper': no URL paths identified
- (4771 ms) - [DEBUG] 2018-12-30 19:24:58,383 org.springframework.web.servlet.handler.BeanNameUrlHandlerMapping - Rejected bean name 'itripAreaDicMapper': no URL paths identified
- (4771 ms) - [DEBUG] 2018-12-30 19:24:58,383 org.springframework.web.servlet.handler.BeanNameUrlHandlerMapping - Rejected bean name 'itripCommentMapper': no URL paths identified
- (4772 ms) - [DEBUG] 2018-12-30 19:24:58,384 org.springframework.web.servlet.handler.BeanNameUrlHandlerMapping - Rejected bean name 'itripHotelMapper': no URL paths identified
- (4772 ms) - [DEBUG] 2018-12-30 19:24:58,384 org.springframework.web.servlet.handler.BeanNameUrlHandlerMapping - Rejected bean name 'itripHotelOrderMapper': no URL paths identified
- (4772 ms) - [DEBUG] 2018-12-30 19:24:58,384 org.springframework.web.servlet.handler.BeanNameUrlHandlerMapping - Rejected bean name 'itripImageMapper': no URL paths identified
- (4772 ms) - [DEBUG] 2018-12-30 19:24:58,384 org.springframework.web.servlet.handler.BeanNameUrlHandlerMapping - Rejected bean name 'itripLabelMapper': no URL paths identified
- (4772 ms) - [DEBUG] 2018-12-30 19:24:58,384 org.springframework.web.servlet.handler.BeanNameUrlHandlerMapping - Rejected bean name 'itripLabelDicMapper': no URL paths identified
- (4774 ms) - [DEBUG] 2018-12-30 19:24:58,386 org.springframework.web.servlet.handler.BeanNameUrlHandlerMapping - Rejected bean name 'itripUserMapper': no URL paths identified
- (4774 ms) - [DEBUG] 2018-12-30 19:24:58,386 org.springframework.web.servlet.handler.BeanNameUrlHandlerMapping - Rejected bean name 'itripUserLinkUserMapper': no URL paths identified
- (4774 ms) - [DEBUG] 2018-12-30 19:24:58,386 org.springframework.web.servlet.handler.BeanNameUrlHandlerMapping - Rejected bean name 'environment': no URL paths identified
- (4774 ms) - [DEBUG] 2018-12-30 19:24:58,386 org.springframework.web.servlet.handler.BeanNameUrlHandlerMapping - Rejected bean name 'systemProperties': no URL paths identified
- (4774 ms) - [DEBUG] 2018-12-30 19:24:58,386 org.springframework.web.servlet.handler.BeanNameUrlHandlerMapping - Rejected bean name 'systemEnvironment': no URL paths identified
- (4775 ms) - [DEBUG] 2018-12-30 19:24:58,387 org.springframework.web.servlet.handler.BeanNameUrlHandlerMapping - Rejected bean name 'org.springframework.context.annotation.ConfigurationClassPostProcessor.importRegistry': no URL paths identified
- (4775 ms) - [DEBUG] 2018-12-30 19:24:58,387 org.springframework.web.servlet.handler.BeanNameUrlHandlerMapping - Rejected bean name 'messageSource': no URL paths identified
- (4775 ms) - [DEBUG] 2018-12-30 19:24:58,387 org.springframework.web.servlet.handler.BeanNameUrlHandlerMapping - Rejected bean name 'applicationEventMulticaster': no URL paths identified
- (4775 ms) - [DEBUG] 2018-12-30 19:24:58,387 org.springframework.beans.factory.support.DefaultListableBeanFactory - Returning cached instance of singleton bean 'org.springframework.aop.support.DefaultBeanFactoryPointcutAdvisor#0'
- (4775 ms) - [DEBUG] 2018-12-30 19:24:58,387 org.springframework.beans.factory.support.DefaultListableBeanFactory - Returning cached instance of singleton bean 'org.springframework.aop.support.DefaultBeanFactoryPointcutAdvisor#0'
- (4776 ms) - [DEBUG] 2018-12-30 19:24:58,388 org.springframework.beans.factory.support.DefaultListableBeanFactory - Finished creating instance of bean 'org.springframework.web.servlet.handler.BeanNameUrlHandlerMapping'
- (4777 ms) - [DEBUG] 2018-12-30 19:24:58,389 org.springframework.beans.factory.support.DefaultListableBeanFactory - Creating shared instance of singleton bean 'org.springframework.web.servlet.mvc.HttpRequestHandlerAdapter'
- (4777 ms) - [DEBUG] 2018-12-30 19:24:58,389 org.springframework.beans.factory.support.DefaultListableBeanFactory - Creating instance of bean 'org.springframework.web.servlet.mvc.HttpRequestHandlerAdapter'
- (4777 ms) - [DEBUG] 2018-12-30 19:24:58,389 org.springframework.beans.factory.support.DefaultListableBeanFactory - Returning cached instance of singleton bean 'org.springframework.aop.support.DefaultBeanFactoryPointcutAdvisor#0'
- (4777 ms) - [DEBUG] 2018-12-30 19:24:58,389 org.springframework.beans.factory.support.DefaultListableBeanFactory - Eagerly caching bean 'org.springframework.web.servlet.mvc.HttpRequestHandlerAdapter' to allow for resolving potential circular references
- (4778 ms) - [DEBUG] 2018-12-30 19:24:58,390 org.springframework.beans.factory.support.DefaultListableBeanFactory - Returning cached instance of singleton bean 'org.springframework.aop.support.DefaultBeanFactoryPointcutAdvisor#0'
- (4778 ms) - [DEBUG] 2018-12-30 19:24:58,390 org.springframework.beans.factory.support.DefaultListableBeanFactory - Returning cached instance of singleton bean 'org.springframework.aop.support.DefaultBeanFactoryPointcutAdvisor#0'
- (4778 ms) - [DEBUG] 2018-12-30 19:24:58,390 org.springframework.beans.factory.support.DefaultListableBeanFactory - Finished creating instance of bean 'org.springframework.web.servlet.mvc.HttpRequestHandlerAdapter'
- (4778 ms) - [DEBUG] 2018-12-30 19:24:58,390 org.springframework.beans.factory.support.DefaultListableBeanFactory - Creating shared instance of singleton bean 'org.springframework.web.servlet.mvc.SimpleControllerHandlerAdapter'
- (4779 ms) - [DEBUG] 2018-12-30 19:24:58,391 org.springframework.beans.factory.support.DefaultListableBeanFactory - Creating instance of bean 'org.springframework.web.servlet.mvc.SimpleControllerHandlerAdapter'
- (4779 ms) - [DEBUG] 2018-12-30 19:24:58,391 org.springframework.beans.factory.support.DefaultListableBeanFactory - Returning cached instance of singleton bean 'org.springframework.aop.support.DefaultBeanFactoryPointcutAdvisor#0'
- (4779 ms) - [DEBUG] 2018-12-30 19:24:58,391 org.springframework.beans.factory.support.DefaultListableBeanFactory - Eagerly caching bean 'org.springframework.web.servlet.mvc.SimpleControllerHandlerAdapter' to allow for resolving potential circular references
- (4779 ms) - [DEBUG] 2018-12-30 19:24:58,391 org.springframework.beans.factory.support.DefaultListableBeanFactory - Returning cached instance of singleton bean 'org.springframework.aop.support.DefaultBeanFactoryPointcutAdvisor#0'
- (4779 ms) - [DEBUG] 2018-12-30 19:24:58,391 org.springframework.beans.factory.support.DefaultListableBeanFactory - Returning cached instance of singleton bean 'org.springframework.aop.support.DefaultBeanFactoryPointcutAdvisor#0'
- (4780 ms) - [DEBUG] 2018-12-30 19:24:58,392 org.springframework.beans.factory.support.DefaultListableBeanFactory - Finished creating instance of bean 'org.springframework.web.servlet.mvc.SimpleControllerHandlerAdapter'
- (4782 ms) - [DEBUG] 2018-12-30 19:24:58,394 org.springframework.beans.factory.support.DefaultListableBeanFactory - Creating shared instance of singleton bean 'itripHotServiceImpl'
- (4782 ms) - [DEBUG] 2018-12-30 19:24:58,394 org.springframework.beans.factory.support.DefaultListableBeanFactory - Creating instance of bean 'itripHotServiceImpl'
- (4786 ms) - [DEBUG] 2018-12-30 19:24:58,398 org.springframework.beans.factory.support.DefaultListableBeanFactory - Returning cached instance of singleton bean 'org.springframework.aop.support.DefaultBeanFactoryPointcutAdvisor#0'
- (4786 ms) - [DEBUG] 2018-12-30 19:24:58,398 org.springframework.beans.factory.annotation.InjectionMetadata - Registered injected element on class [cn.itrip.service.area.ItripHotServiceImpl]: ResourceElement for public cn.itrip.dao.area.ItripHotMapper cn.itrip.service.area.ItripHotServiceImpl.itripHotMapper
- (4787 ms) - [DEBUG] 2018-12-30 19:24:58,399 org.springframework.beans.factory.support.DefaultListableBeanFactory - Eagerly caching bean 'itripHotServiceImpl' to allow for resolving potential circular references
- (4787 ms) - [DEBUG] 2018-12-30 19:24:58,399 org.springframework.beans.factory.annotation.InjectionMetadata - Processing injected element of bean 'itripHotServiceImpl': ResourceElement for public cn.itrip.dao.area.ItripHotMapper cn.itrip.service.area.ItripHotServiceImpl.itripHotMapper
- (4787 ms) - [DEBUG] 2018-12-30 19:24:58,399 org.springframework.beans.factory.support.DefaultListableBeanFactory - Returning cached instance of singleton bean 'itripHotMapper'
- (4787 ms) - [DEBUG] 2018-12-30 19:24:58,399 org.springframework.beans.factory.support.DefaultListableBeanFactory - Returning cached instance of singleton bean 'org.springframework.aop.support.DefaultBeanFactoryPointcutAdvisor#0'
- (4788 ms) - [DEBUG] 2018-12-30 19:24:58,400 org.springframework.beans.factory.support.DefaultListableBeanFactory - Returning cached instance of singleton bean 'org.springframework.aop.support.DefaultBeanFactoryPointcutAdvisor#0'
- (4792 ms) - [DEBUG] 2018-12-30 19:24:58,404 org.springframework.beans.factory.support.DefaultListableBeanFactory - Returning cached instance of singleton bean 'org.springframework.aop.support.DefaultBeanFactoryPointcutAdvisor#0'
- (4792 ms) - [DEBUG] 2018-12-30 19:24:58,404 org.springframework.beans.factory.support.DefaultListableBeanFactory - Returning cached instance of singleton bean 'org.springframework.aop.support.DefaultBeanFactoryPointcutAdvisor#0'
- (4793 ms) - [DEBUG] 2018-12-30 19:24:58,405 org.springframework.beans.factory.support.DefaultListableBeanFactory - Creating shared instance of singleton bean 'myAdvice'
- (4793 ms) - [DEBUG] 2018-12-30 19:24:58,405 org.springframework.beans.factory.support.DefaultListableBeanFactory - Creating instance of bean 'myAdvice'
- (4801 ms) - [DEBUG] 2018-12-30 19:24:58,413 org.springframework.beans.factory.support.DefaultListableBeanFactory - Eagerly caching bean 'myAdvice' to allow for resolving potential circular references
- (4802 ms) - [DEBUG] 2018-12-30 19:24:58,414 org.springframework.beans.factory.support.DefaultListableBeanFactory - Creating shared instance of singleton bean 'txManager'
- (4802 ms) - [DEBUG] 2018-12-30 19:24:58,414 org.springframework.beans.factory.support.DefaultListableBeanFactory - Creating instance of bean 'txManager'
- (4802 ms) - [DEBUG] 2018-12-30 19:24:58,414 org.springframework.beans.factory.support.DefaultListableBeanFactory - Returning cached instance of singleton bean 'org.springframework.aop.support.DefaultBeanFactoryPointcutAdvisor#0'
- (4803 ms) - [DEBUG] 2018-12-30 19:24:58,415 org.springframework.beans.factory.support.DefaultListableBeanFactory - Eagerly caching bean 'txManager' to allow for resolving potential circular references
- (4803 ms) - [DEBUG] 2018-12-30 19:24:58,415 org.springframework.beans.factory.support.DefaultListableBeanFactory - Returning cached instance of singleton bean 'dataSource'
- (4809 ms) - [DEBUG] 2018-12-30 19:24:58,421 org.springframework.beans.factory.support.DefaultListableBeanFactory - Invoking afterPropertiesSet() on bean with name 'txManager'
- (4810 ms) - [DEBUG] 2018-12-30 19:24:58,422 org.springframework.beans.factory.support.DefaultListableBeanFactory - Returning cached instance of singleton bean 'org.springframework.aop.support.DefaultBeanFactoryPointcutAdvisor#0'
- (4811 ms) - [DEBUG] 2018-12-30 19:24:58,423 org.springframework.beans.factory.support.DefaultListableBeanFactory - Returning cached instance of singleton bean 'org.springframework.aop.support.DefaultBeanFactoryPointcutAdvisor#0'
- (4812 ms) - [DEBUG] 2018-12-30 19:24:58,424 org.springframework.beans.factory.support.DefaultListableBeanFactory - Finished creating instance of bean 'txManager'
- (4813 ms) - [DEBUG] 2018-12-30 19:24:58,425 org.springframework.beans.factory.support.DefaultListableBeanFactory - Creating instance of bean '(inner bean)#66ce957f'
- (4813 ms) - [DEBUG] 2018-12-30 19:24:58,425 org.springframework.beans.factory.support.DefaultListableBeanFactory - Returning cached instance of singleton bean 'org.springframework.aop.support.DefaultBeanFactoryPointcutAdvisor#0'
- (4815 ms) - [DEBUG] 2018-12-30 19:24:58,427 org.springframework.transaction.interceptor.NameMatchTransactionAttributeSource - Adding transactional method [itriptx*] with attribute [PROPAGATION_REQUIRED,ISOLATION_DEFAULT,-Exception]
- (4815 ms) - [DEBUG] 2018-12-30 19:24:58,427 org.springframework.transaction.interceptor.NameMatchTransactionAttributeSource - Adding transactional method [*] with attribute [PROPAGATION_REQUIRED,ISOLATION_DEFAULT]
- (4815 ms) - [DEBUG] 2018-12-30 19:24:58,427 org.springframework.beans.factory.support.DefaultListableBeanFactory - Returning cached instance of singleton bean 'org.springframework.aop.support.DefaultBeanFactoryPointcutAdvisor#0'
- (4816 ms) - [DEBUG] 2018-12-30 19:24:58,428 org.springframework.beans.factory.support.DefaultListableBeanFactory - Returning cached instance of singleton bean 'org.springframework.aop.support.DefaultBeanFactoryPointcutAdvisor#0'
- (4817 ms) - [DEBUG] 2018-12-30 19:24:58,429 org.springframework.beans.factory.support.DefaultListableBeanFactory - Finished creating instance of bean '(inner bean)#66ce957f'
- (4817 ms) - [DEBUG] 2018-12-30 19:24:58,429 org.springframework.beans.factory.support.DefaultListableBeanFactory - Invoking afterPropertiesSet() on bean with name 'myAdvice'
- (4817 ms) - [DEBUG] 2018-12-30 19:24:58,429 org.springframework.beans.factory.support.DefaultListableBeanFactory - Finished creating instance of bean 'myAdvice'
- (4818 ms) - [DEBUG] 2018-12-30 19:24:58,430 org.springframework.aop.aspectj.annotation.AnnotationAwareAspectJAutoProxyCreator - Creating implicit proxy for bean 'itripHotServiceImpl' with 0 common interceptors and 2 specific interceptors
- (4818 ms) - [DEBUG] 2018-12-30 19:24:58,430 org.springframework.aop.framework.CglibAopProxy - Creating CGLIB proxy: target source is SingletonTargetSource for target object [cn.itrip.service.area.ItripHotServiceImpl@16ecee1]
- (4819 ms) - [DEBUG] 2018-12-30 19:24:58,431 org.springframework.beans.factory.support.DefaultListableBeanFactory - Finished creating instance of bean 'itripHotServiceImpl'
- (4819 ms) - [DEBUG] 2018-12-30 19:24:58,431 org.springframework.beans.factory.support.DefaultListableBeanFactory - Creating shared instance of singleton bean 'itripAreaDicServiceImpl'
- (4820 ms) - [DEBUG] 2018-12-30 19:24:58,432 org.springframework.beans.factory.support.DefaultListableBeanFactory - Creating instance of bean 'itripAreaDicServiceImpl'
- (4820 ms) - [DEBUG] 2018-12-30 19:24:58,432 org.springframework.beans.factory.support.DefaultListableBeanFactory - Returning cached instance of singleton bean 'org.springframework.aop.support.DefaultBeanFactoryPointcutAdvisor#0'
- (4820 ms) - [DEBUG] 2018-12-30 19:24:58,432 org.springframework.beans.factory.annotation.InjectionMetadata - Registered injected element on class [cn.itrip.service.areadic.ItripAreaDicServiceImpl]: ResourceElement for private cn.itrip.dao.areadic.ItripAreaDicMapper cn.itrip.service.areadic.ItripAreaDicServiceImpl.itripAreaDicMapper
- (4822 ms) - [DEBUG] 2018-12-30 19:24:58,434 org.springframework.beans.factory.support.DefaultListableBeanFactory - Eagerly caching bean 'itripAreaDicServiceImpl' to allow for resolving potential circular references
- (4822 ms) - [DEBUG] 2018-12-30 19:24:58,434 org.springframework.beans.factory.annotation.InjectionMetadata - Processing injected element of bean 'itripAreaDicServiceImpl': ResourceElement for private cn.itrip.dao.areadic.ItripAreaDicMapper cn.itrip.service.areadic.ItripAreaDicServiceImpl.itripAreaDicMapper
- (4822 ms) - [DEBUG] 2018-12-30 19:24:58,434 org.springframework.beans.factory.support.DefaultListableBeanFactory - Returning cached instance of singleton bean 'itripAreaDicMapper'
- (4823 ms) - [DEBUG] 2018-12-30 19:24:58,435 org.springframework.beans.factory.support.DefaultListableBeanFactory - Returning cached instance of singleton bean 'org.springframework.aop.support.DefaultBeanFactoryPointcutAdvisor#0'
- (4823 ms) - [DEBUG] 2018-12-30 19:24:58,435 org.springframework.beans.factory.support.DefaultListableBeanFactory - Returning cached instance of singleton bean 'org.springframework.aop.support.DefaultBeanFactoryPointcutAdvisor#0'
- (4824 ms) - [DEBUG] 2018-12-30 19:24:58,436 org.springframework.beans.factory.support.DefaultListableBeanFactory - Returning cached instance of singleton bean 'org.springframework.aop.support.DefaultBeanFactoryPointcutAdvisor#0'
- (4824 ms) - [DEBUG] 2018-12-30 19:24:58,436 org.springframework.beans.factory.support.DefaultListableBeanFactory - Returning cached instance of singleton bean 'org.springframework.aop.support.DefaultBeanFactoryPointcutAdvisor#0'
- (4825 ms) - [DEBUG] 2018-12-30 19:24:58,437 org.springframework.aop.aspectj.annotation.AnnotationAwareAspectJAutoProxyCreator - Creating implicit proxy for bean 'itripAreaDicServiceImpl' with 0 common interceptors and 2 specific interceptors
- (4825 ms) - [DEBUG] 2018-12-30 19:24:58,437 org.springframework.aop.framework.CglibAopProxy - Creating CGLIB proxy: target source is SingletonTargetSource for target object [cn.itrip.service.areadic.ItripAreaDicServiceImpl@2b95e48b]
- (4829 ms) - [DEBUG] 2018-12-30 19:24:58,441 org.springframework.beans.factory.support.DefaultListableBeanFactory - Finished creating instance of bean 'itripAreaDicServiceImpl'
- (4829 ms) - [DEBUG] 2018-12-30 19:24:58,441 org.springframework.beans.factory.support.DefaultListableBeanFactory - Creating shared instance of singleton bean 'itripCommentServiceImpl'
- (4829 ms) - [DEBUG] 2018-12-30 19:24:58,441 org.springframework.beans.factory.support.DefaultListableBeanFactory - Creating instance of bean 'itripCommentServiceImpl'
- (4830 ms) - [DEBUG] 2018-12-30 19:24:58,442 org.springframework.beans.factory.support.DefaultListableBeanFactory - Returning cached instance of singleton bean 'org.springframework.aop.support.DefaultBeanFactoryPointcutAdvisor#0'
- (4830 ms) - [DEBUG] 2018-12-30 19:24:58,442 org.springframework.beans.factory.annotation.InjectionMetadata - Registered injected element on class [cn.itrip.service.comment.ItripCommentServiceImpl]: ResourceElement for public cn.itrip.dao.comment.ItripCommentMapper cn.itrip.service.comment.ItripCommentServiceImpl.itripCommentMapper
- (4831 ms) - [DEBUG] 2018-12-30 19:24:58,443 org.springframework.beans.factory.support.DefaultListableBeanFactory - Eagerly caching bean 'itripCommentServiceImpl' to allow for resolving potential circular references
- (4831 ms) - [DEBUG] 2018-12-30 19:24:58,443 org.springframework.beans.factory.annotation.InjectionMetadata - Processing injected element of bean 'itripCommentServiceImpl': ResourceElement for public cn.itrip.dao.comment.ItripCommentMapper cn.itrip.service.comment.ItripCommentServiceImpl.itripCommentMapper
- (4831 ms) - [DEBUG] 2018-12-30 19:24:58,443 org.springframework.beans.factory.support.DefaultListableBeanFactory - Returning cached instance of singleton bean 'itripCommentMapper'
- (4831 ms) - [DEBUG] 2018-12-30 19:24:58,443 org.springframework.beans.factory.support.DefaultListableBeanFactory - Returning cached instance of singleton bean 'org.springframework.aop.support.DefaultBeanFactoryPointcutAdvisor#0'
- (4832 ms) - [DEBUG] 2018-12-30 19:24:58,444 org.springframework.beans.factory.support.DefaultListableBeanFactory - Returning cached instance of singleton bean 'org.springframework.aop.support.DefaultBeanFactoryPointcutAdvisor#0'
- (4833 ms) - [DEBUG] 2018-12-30 19:24:58,445 org.springframework.beans.factory.support.DefaultListableBeanFactory - Returning cached instance of singleton bean 'org.springframework.aop.support.DefaultBeanFactoryPointcutAdvisor#0'
- (4836 ms) - [DEBUG] 2018-12-30 19:24:58,448 org.springframework.beans.factory.support.DefaultListableBeanFactory - Returning cached instance of singleton bean 'org.springframework.aop.support.DefaultBeanFactoryPointcutAdvisor#0'
- (4837 ms) - [DEBUG] 2018-12-30 19:24:58,449 org.springframework.aop.aspectj.annotation.AnnotationAwareAspectJAutoProxyCreator - Creating implicit proxy for bean 'itripCommentServiceImpl' with 0 common interceptors and 2 specific interceptors
- (4837 ms) - [DEBUG] 2018-12-30 19:24:58,449 org.springframework.aop.framework.CglibAopProxy - Creating CGLIB proxy: target source is SingletonTargetSource for target object [cn.itrip.service.comment.ItripCommentServiceImpl@3dddefd8]
- (4838 ms) - [DEBUG] 2018-12-30 19:24:58,450 org.springframework.beans.factory.support.DefaultListableBeanFactory - Finished creating instance of bean 'itripCommentServiceImpl'
- (4839 ms) - [DEBUG] 2018-12-30 19:24:58,451 org.springframework.beans.factory.support.DefaultListableBeanFactory - Creating shared instance of singleton bean 'itripHotelOrderServiceImpl'
- (4839 ms) - [DEBUG] 2018-12-30 19:24:58,451 org.springframework.beans.factory.support.DefaultListableBeanFactory - Creating instance of bean 'itripHotelOrderServiceImpl'
- (4839 ms) - [DEBUG] 2018-12-30 19:24:58,451 org.springframework.beans.factory.support.DefaultListableBeanFactory - Returning cached instance of singleton bean 'org.springframework.aop.support.DefaultBeanFactoryPointcutAdvisor#0'
- (4841 ms) - [DEBUG] 2018-12-30 19:24:58,453 org.springframework.beans.factory.annotation.InjectionMetadata - Registered injected element on class [cn.itrip.service.hotelorder.ItripHotelOrderServiceImpl]: ResourceElement for public cn.itrip.dao.hotelorder.ItripHotelOrderMapper cn.itrip.service.hotelorder.ItripHotelOrderServiceImpl.itripHotelOrderMapper
- (4842 ms) - [DEBUG] 2018-12-30 19:24:58,454 org.springframework.beans.factory.support.DefaultListableBeanFactory - Eagerly caching bean 'itripHotelOrderServiceImpl' to allow for resolving potential circular references
- (4845 ms) - [DEBUG] 2018-12-30 19:24:58,457 org.springframework.beans.factory.annotation.InjectionMetadata - Processing injected element of bean 'itripHotelOrderServiceImpl': ResourceElement for public cn.itrip.dao.hotelorder.ItripHotelOrderMapper cn.itrip.service.hotelorder.ItripHotelOrderServiceImpl.itripHotelOrderMapper
- (4845 ms) - [DEBUG] 2018-12-30 19:24:58,457 org.springframework.beans.factory.support.DefaultListableBeanFactory - Returning cached instance of singleton bean 'itripHotelOrderMapper'
- (4846 ms) - [DEBUG] 2018-12-30 19:24:58,458 org.springframework.beans.factory.support.DefaultListableBeanFactory - Returning cached instance of singleton bean 'org.springframework.aop.support.DefaultBeanFactoryPointcutAdvisor#0'
- (4846 ms) - [DEBUG] 2018-12-30 19:24:58,458 org.springframework.beans.factory.support.DefaultListableBeanFactory - Returning cached instance of singleton bean 'org.springframework.aop.support.DefaultBeanFactoryPointcutAdvisor#0'
- (4847 ms) - [DEBUG] 2018-12-30 19:24:58,459 org.springframework.beans.factory.support.DefaultListableBeanFactory - Returning cached instance of singleton bean 'org.springframework.aop.support.DefaultBeanFactoryPointcutAdvisor#0'
- (4848 ms) - [DEBUG] 2018-12-30 19:24:58,460 org.springframework.beans.factory.support.DefaultListableBeanFactory - Returning cached instance of singleton bean 'org.springframework.aop.support.DefaultBeanFactoryPointcutAdvisor#0'
- (4848 ms) - [DEBUG] 2018-12-30 19:24:58,460 org.springframework.aop.aspectj.annotation.AnnotationAwareAspectJAutoProxyCreator - Creating implicit proxy for bean 'itripHotelOrderServiceImpl' with 0 common interceptors and 2 specific interceptors
- (4848 ms) - [DEBUG] 2018-12-30 19:24:58,460 org.springframework.aop.framework.CglibAopProxy - Creating CGLIB proxy: target source is SingletonTargetSource for target object [cn.itrip.service.hotelorder.ItripHotelOrderServiceImpl@295eaa7c]
- (4849 ms) - [DEBUG] 2018-12-30 19:24:58,461 org.springframework.beans.factory.support.DefaultListableBeanFactory - Finished creating instance of bean 'itripHotelOrderServiceImpl'
- (4849 ms) - [DEBUG] 2018-12-30 19:24:58,461 org.springframework.beans.factory.support.DefaultListableBeanFactory - Creating shared instance of singleton bean 'itripImageServiceImpl'
- (4849 ms) - [DEBUG] 2018-12-30 19:24:58,461 org.springframework.beans.factory.support.DefaultListableBeanFactory - Creating instance of bean 'itripImageServiceImpl'
- (4850 ms) - [DEBUG] 2018-12-30 19:24:58,462 org.springframework.beans.factory.support.DefaultListableBeanFactory - Returning cached instance of singleton bean 'org.springframework.aop.support.DefaultBeanFactoryPointcutAdvisor#0'
- (4850 ms) - [DEBUG] 2018-12-30 19:24:58,462 org.springframework.beans.factory.annotation.InjectionMetadata - Registered injected element on class [cn.itrip.service.image.ItripImageServiceImpl]: ResourceElement for public cn.itrip.dao.image.ItripImageMapper cn.itrip.service.image.ItripImageServiceImpl.itripImageMapper
- (4850 ms) - [DEBUG] 2018-12-30 19:24:58,462 org.springframework.beans.factory.support.DefaultListableBeanFactory - Eagerly caching bean 'itripImageServiceImpl' to allow for resolving potential circular references
- (4850 ms) - [DEBUG] 2018-12-30 19:24:58,462 org.springframework.beans.factory.annotation.InjectionMetadata - Processing injected element of bean 'itripImageServiceImpl': ResourceElement for public cn.itrip.dao.image.ItripImageMapper cn.itrip.service.image.ItripImageServiceImpl.itripImageMapper
- (4851 ms) - [DEBUG] 2018-12-30 19:24:58,463 org.springframework.beans.factory.support.DefaultListableBeanFactory - Returning cached instance of singleton bean 'itripImageMapper'
- (4851 ms) - [DEBUG] 2018-12-30 19:24:58,463 org.springframework.beans.factory.support.DefaultListableBeanFactory - Returning cached instance of singleton bean 'org.springframework.aop.support.DefaultBeanFactoryPointcutAdvisor#0'
- (4851 ms) - [DEBUG] 2018-12-30 19:24:58,463 org.springframework.beans.factory.support.DefaultListableBeanFactory - Returning cached instance of singleton bean 'org.springframework.aop.support.DefaultBeanFactoryPointcutAdvisor#0'
- (4852 ms) - [DEBUG] 2018-12-30 19:24:58,464 org.springframework.beans.factory.support.DefaultListableBeanFactory - Returning cached instance of singleton bean 'org.springframework.aop.support.DefaultBeanFactoryPointcutAdvisor#0'
- (4853 ms) - [DEBUG] 2018-12-30 19:24:58,465 org.springframework.beans.factory.support.DefaultListableBeanFactory - Returning cached instance of singleton bean 'org.springframework.aop.support.DefaultBeanFactoryPointcutAdvisor#0'
- (4853 ms) - [DEBUG] 2018-12-30 19:24:58,465 org.springframework.aop.aspectj.annotation.AnnotationAwareAspectJAutoProxyCreator - Creating implicit proxy for bean 'itripImageServiceImpl' with 0 common interceptors and 2 specific interceptors
- (4853 ms) - [DEBUG] 2018-12-30 19:24:58,465 org.springframework.aop.framework.CglibAopProxy - Creating CGLIB proxy: target source is SingletonTargetSource for target object [cn.itrip.service.image.ItripImageServiceImpl@2c88b9fc]
- (4854 ms) - [DEBUG] 2018-12-30 19:24:58,466 org.springframework.beans.factory.support.DefaultListableBeanFactory - Finished creating instance of bean 'itripImageServiceImpl'
- (4854 ms) - [DEBUG] 2018-12-30 19:24:58,466 org.springframework.beans.factory.support.DefaultListableBeanFactory - Creating shared instance of singleton bean 'itripLabelServiceImpl'
- (4854 ms) - [DEBUG] 2018-12-30 19:24:58,466 org.springframework.beans.factory.support.DefaultListableBeanFactory - Creating instance of bean 'itripLabelServiceImpl'
- (4855 ms) - [DEBUG] 2018-12-30 19:24:58,467 org.springframework.beans.factory.support.DefaultListableBeanFactory - Returning cached instance of singleton bean 'org.springframework.aop.support.DefaultBeanFactoryPointcutAdvisor#0'
- (4855 ms) - [DEBUG] 2018-12-30 19:24:58,467 org.springframework.beans.factory.annotation.InjectionMetadata - Registered injected element on class [cn.itrip.service.label.ItripLabelServiceImpl]: ResourceElement for public cn.itrip.dao.label.ItripLabelMapper cn.itrip.service.label.ItripLabelServiceImpl.itripLabelMapper
- (4855 ms) - [DEBUG] 2018-12-30 19:24:58,467 org.springframework.beans.factory.support.DefaultListableBeanFactory - Eagerly caching bean 'itripLabelServiceImpl' to allow for resolving potential circular references
- (4855 ms) - [DEBUG] 2018-12-30 19:24:58,467 org.springframework.beans.factory.annotation.InjectionMetadata - Processing injected element of bean 'itripLabelServiceImpl': ResourceElement for public cn.itrip.dao.label.ItripLabelMapper cn.itrip.service.label.ItripLabelServiceImpl.itripLabelMapper
- (4855 ms) - [DEBUG] 2018-12-30 19:24:58,467 org.springframework.beans.factory.support.DefaultListableBeanFactory - Returning cached instance of singleton bean 'itripLabelMapper'
- (4855 ms) - [DEBUG] 2018-12-30 19:24:58,467 org.springframework.beans.factory.support.DefaultListableBeanFactory - Returning cached instance of singleton bean 'org.springframework.aop.support.DefaultBeanFactoryPointcutAdvisor#0'
- (4855 ms) - [DEBUG] 2018-12-30 19:24:58,467 org.springframework.beans.factory.support.DefaultListableBeanFactory - Returning cached instance of singleton bean 'org.springframework.aop.support.DefaultBeanFactoryPointcutAdvisor#0'
- (4856 ms) - [DEBUG] 2018-12-30 19:24:58,468 org.springframework.beans.factory.support.DefaultListableBeanFactory - Returning cached instance of singleton bean 'org.springframework.aop.support.DefaultBeanFactoryPointcutAdvisor#0'
- (4856 ms) - [DEBUG] 2018-12-30 19:24:58,468 org.springframework.beans.factory.support.DefaultListableBeanFactory - Returning cached instance of singleton bean 'org.springframework.aop.support.DefaultBeanFactoryPointcutAdvisor#0'
- (4856 ms) - [DEBUG] 2018-12-30 19:24:58,468 org.springframework.aop.aspectj.annotation.AnnotationAwareAspectJAutoProxyCreator - Creating implicit proxy for bean 'itripLabelServiceImpl' with 0 common interceptors and 2 specific interceptors
- (4856 ms) - [DEBUG] 2018-12-30 19:24:58,468 org.springframework.aop.framework.CglibAopProxy - Creating CGLIB proxy: target source is SingletonTargetSource for target object [cn.itrip.service.label.ItripLabelServiceImpl@388ba540]
- (4857 ms) - [DEBUG] 2018-12-30 19:24:58,469 org.springframework.beans.factory.support.DefaultListableBeanFactory - Finished creating instance of bean 'itripLabelServiceImpl'
- (4857 ms) - [DEBUG] 2018-12-30 19:24:58,469 org.springframework.beans.factory.support.DefaultListableBeanFactory - Creating shared instance of singleton bean 'itripLabelDicServiceImpl'
- (4857 ms) - [DEBUG] 2018-12-30 19:24:58,469 org.springframework.beans.factory.support.DefaultListableBeanFactory - Creating instance of bean 'itripLabelDicServiceImpl'
- (4858 ms) - [DEBUG] 2018-12-30 19:24:58,470 org.springframework.beans.factory.support.DefaultListableBeanFactory - Returning cached instance of singleton bean 'org.springframework.aop.support.DefaultBeanFactoryPointcutAdvisor#0'
- (4858 ms) - [DEBUG] 2018-12-30 19:24:58,470 org.springframework.beans.factory.annotation.InjectionMetadata - Registered injected element on class [cn.itrip.service.labeldic.ItripLabelDicServiceImpl]: ResourceElement for private cn.itrip.dao.labeldic.ItripLabelDicMapper cn.itrip.service.labeldic.ItripLabelDicServiceImpl.itripLabelDicMapper
- (4858 ms) - [DEBUG] 2018-12-30 19:24:58,470 org.springframework.beans.factory.support.DefaultListableBeanFactory - Eagerly caching bean 'itripLabelDicServiceImpl' to allow for resolving potential circular references
- (4859 ms) - [DEBUG] 2018-12-30 19:24:58,471 org.springframework.beans.factory.annotation.InjectionMetadata - Processing injected element of bean 'itripLabelDicServiceImpl': ResourceElement for private cn.itrip.dao.labeldic.ItripLabelDicMapper cn.itrip.service.labeldic.ItripLabelDicServiceImpl.itripLabelDicMapper
- (4859 ms) - [DEBUG] 2018-12-30 19:24:58,471 org.springframework.beans.factory.support.DefaultListableBeanFactory - Returning cached instance of singleton bean 'itripLabelDicMapper'
- (4859 ms) - [DEBUG] 2018-12-30 19:24:58,471 org.springframework.beans.factory.support.DefaultListableBeanFactory - Returning cached instance of singleton bean 'org.springframework.aop.support.DefaultBeanFactoryPointcutAdvisor#0'
- (4859 ms) - [DEBUG] 2018-12-30 19:24:58,471 org.springframework.beans.factory.support.DefaultListableBeanFactory - Returning cached instance of singleton bean 'org.springframework.aop.support.DefaultBeanFactoryPointcutAdvisor#0'
- (4861 ms) - [DEBUG] 2018-12-30 19:24:58,473 org.springframework.beans.factory.support.DefaultListableBeanFactory - Returning cached instance of singleton bean 'org.springframework.aop.support.DefaultBeanFactoryPointcutAdvisor#0'
- (4861 ms) - [DEBUG] 2018-12-30 19:24:58,473 org.springframework.beans.factory.support.DefaultListableBeanFactory - Returning cached instance of singleton bean 'org.springframework.aop.support.DefaultBeanFactoryPointcutAdvisor#0'
- (4861 ms) - [DEBUG] 2018-12-30 19:24:58,473 org.springframework.aop.aspectj.annotation.AnnotationAwareAspectJAutoProxyCreator - Creating implicit proxy for bean 'itripLabelDicServiceImpl' with 0 common interceptors and 2 specific interceptors
- (4862 ms) - [DEBUG] 2018-12-30 19:24:58,474 org.springframework.aop.framework.CglibAopProxy - Creating CGLIB proxy: target source is SingletonTargetSource for target object [cn.itrip.service.labeldic.ItripLabelDicServiceImpl@6111ba37]
- (4864 ms) - [DEBUG] 2018-12-30 19:24:58,476 org.springframework.beans.factory.support.DefaultListableBeanFactory - Finished creating instance of bean 'itripLabelDicServiceImpl'
- (4864 ms) - [DEBUG] 2018-12-30 19:24:58,476 org.springframework.beans.factory.support.DefaultListableBeanFactory - Creating shared instance of singleton bean 'itripUserServiceImpl'
- (4864 ms) - [DEBUG] 2018-12-30 19:24:58,476 org.springframework.beans.factory.support.DefaultListableBeanFactory - Creating instance of bean 'itripUserServiceImpl'
- (4865 ms) - [DEBUG] 2018-12-30 19:24:58,477 org.springframework.beans.factory.support.DefaultListableBeanFactory - Returning cached instance of singleton bean 'org.springframework.aop.support.DefaultBeanFactoryPointcutAdvisor#0'
- (4866 ms) - [DEBUG] 2018-12-30 19:24:58,478 org.springframework.beans.factory.annotation.InjectionMetadata - Registered injected element on class [cn.itrip.service.user.ItripUserServiceImpl]: ResourceElement for private cn.itrip.dao.user.ItripUserMapper cn.itrip.service.user.ItripUserServiceImpl.itripUserMapper
- (4866 ms) - [DEBUG] 2018-12-30 19:24:58,478 org.springframework.beans.factory.support.DefaultListableBeanFactory - Eagerly caching bean 'itripUserServiceImpl' to allow for resolving potential circular references
- (4867 ms) - [DEBUG] 2018-12-30 19:24:58,479 org.springframework.beans.factory.annotation.InjectionMetadata - Processing injected element of bean 'itripUserServiceImpl': ResourceElement for private cn.itrip.dao.user.ItripUserMapper cn.itrip.service.user.ItripUserServiceImpl.itripUserMapper
- (4867 ms) - [DEBUG] 2018-12-30 19:24:58,479 org.springframework.beans.factory.support.DefaultListableBeanFactory - Returning cached instance of singleton bean 'itripUserMapper'
- (4867 ms) - [DEBUG] 2018-12-30 19:24:58,479 org.springframework.beans.factory.support.DefaultListableBeanFactory - Returning cached instance of singleton bean 'org.springframework.aop.support.DefaultBeanFactoryPointcutAdvisor#0'
- (4867 ms) - [DEBUG] 2018-12-30 19:24:58,479 org.springframework.beans.factory.support.DefaultListableBeanFactory - Returning cached instance of singleton bean 'org.springframework.aop.support.DefaultBeanFactoryPointcutAdvisor#0'
- (4868 ms) - [DEBUG] 2018-12-30 19:24:58,480 org.springframework.beans.factory.support.DefaultListableBeanFactory - Returning cached instance of singleton bean 'org.springframework.aop.support.DefaultBeanFactoryPointcutAdvisor#0'
- (4869 ms) - [DEBUG] 2018-12-30 19:24:58,481 org.springframework.beans.factory.support.DefaultListableBeanFactory - Returning cached instance of singleton bean 'org.springframework.aop.support.DefaultBeanFactoryPointcutAdvisor#0'
- (4869 ms) - [DEBUG] 2018-12-30 19:24:58,481 org.springframework.aop.aspectj.annotation.AnnotationAwareAspectJAutoProxyCreator - Creating implicit proxy for bean 'itripUserServiceImpl' with 0 common interceptors and 2 specific interceptors
- (4869 ms) - [DEBUG] 2018-12-30 19:24:58,481 org.springframework.aop.framework.CglibAopProxy - Creating CGLIB proxy: target source is SingletonTargetSource for target object [cn.itrip.service.user.ItripUserServiceImpl@11eadcba]
- (4870 ms) - [DEBUG] 2018-12-30 19:24:58,482 org.springframework.beans.factory.support.DefaultListableBeanFactory - Finished creating instance of bean 'itripUserServiceImpl'
- (4870 ms) - [DEBUG] 2018-12-30 19:24:58,482 org.springframework.beans.factory.support.DefaultListableBeanFactory - Creating shared instance of singleton bean 'itripUserLinkUserServiceImpl'
- (4870 ms) - [DEBUG] 2018-12-30 19:24:58,482 org.springframework.beans.factory.support.DefaultListableBeanFactory - Creating instance of bean 'itripUserLinkUserServiceImpl'
- (4870 ms) - [DEBUG] 2018-12-30 19:24:58,482 org.springframework.beans.factory.support.DefaultListableBeanFactory - Returning cached instance of singleton bean 'org.springframework.aop.support.DefaultBeanFactoryPointcutAdvisor#0'
- (4871 ms) - [DEBUG] 2018-12-30 19:24:58,483 org.springframework.beans.factory.annotation.InjectionMetadata - Registered injected element on class [cn.itrip.service.userlinkuser.ItripUserLinkUserServiceImpl]: ResourceElement for private cn.itrip.dao.userlinkuser.ItripUserLinkUserMapper cn.itrip.service.userlinkuser.ItripUserLinkUserServiceImpl.itripUserLinkUserMapper
- (4871 ms) - [DEBUG] 2018-12-30 19:24:58,483 org.springframework.beans.factory.support.DefaultListableBeanFactory - Eagerly caching bean 'itripUserLinkUserServiceImpl' to allow for resolving potential circular references
- (4871 ms) - [DEBUG] 2018-12-30 19:24:58,483 org.springframework.beans.factory.annotation.InjectionMetadata - Processing injected element of bean 'itripUserLinkUserServiceImpl': ResourceElement for private cn.itrip.dao.userlinkuser.ItripUserLinkUserMapper cn.itrip.service.userlinkuser.ItripUserLinkUserServiceImpl.itripUserLinkUserMapper
- (4871 ms) - [DEBUG] 2018-12-30 19:24:58,483 org.springframework.beans.factory.support.DefaultListableBeanFactory - Returning cached instance of singleton bean 'itripUserLinkUserMapper'
- (4872 ms) - [DEBUG] 2018-12-30 19:24:58,484 org.springframework.beans.factory.support.DefaultListableBeanFactory - Returning cached instance of singleton bean 'org.springframework.aop.support.DefaultBeanFactoryPointcutAdvisor#0'
- (4872 ms) - [DEBUG] 2018-12-30 19:24:58,484 org.springframework.beans.factory.support.DefaultListableBeanFactory - Returning cached instance of singleton bean 'org.springframework.aop.support.DefaultBeanFactoryPointcutAdvisor#0'
- (4873 ms) - [DEBUG] 2018-12-30 19:24:58,485 org.springframework.beans.factory.support.DefaultListableBeanFactory - Returning cached instance of singleton bean 'org.springframework.aop.support.DefaultBeanFactoryPointcutAdvisor#0'
- (4874 ms) - [DEBUG] 2018-12-30 19:24:58,486 org.springframework.beans.factory.support.DefaultListableBeanFactory - Returning cached instance of singleton bean 'org.springframework.aop.support.DefaultBeanFactoryPointcutAdvisor#0'
- (4874 ms) - [DEBUG] 2018-12-30 19:24:58,486 org.springframework.aop.aspectj.annotation.AnnotationAwareAspectJAutoProxyCreator - Creating implicit proxy for bean 'itripUserLinkUserServiceImpl' with 0 common interceptors and 2 specific interceptors
- (4874 ms) - [DEBUG] 2018-12-30 19:24:58,486 org.springframework.aop.framework.CglibAopProxy - Creating CGLIB proxy: target source is SingletonTargetSource for target object [cn.itrip.service.userlinkuser.ItripUserLinkUserServiceImpl@62dae540]
- (4876 ms) - [DEBUG] 2018-12-30 19:24:58,488 org.springframework.beans.factory.support.DefaultListableBeanFactory - Finished creating instance of bean 'itripUserLinkUserServiceImpl'
- (4876 ms) - [DEBUG] 2018-12-30 19:24:58,488 org.springframework.beans.factory.support.DefaultListableBeanFactory - Returning cached instance of singleton bean 'org.springframework.context.annotation.internalConfigurationAnnotationProcessor'
- (4876 ms) - [DEBUG] 2018-12-30 19:24:58,488 org.springframework.beans.factory.support.DefaultListableBeanFactory - Returning cached instance of singleton bean 'org.springframework.context.annotation.internalAutowiredAnnotationProcessor'
- (4876 ms) - [DEBUG] 2018-12-30 19:24:58,488 org.springframework.beans.factory.support.DefaultListableBeanFactory - Returning cached instance of singleton bean 'org.springframework.context.annotation.internalRequiredAnnotationProcessor'
- (4876 ms) - [DEBUG] 2018-12-30 19:24:58,488 org.springframework.beans.factory.support.DefaultListableBeanFactory - Returning cached instance of singleton bean 'org.springframework.context.annotation.internalCommonAnnotationProcessor'
- (4876 ms) - [DEBUG] 2018-12-30 19:24:58,488 org.springframework.beans.factory.support.DefaultListableBeanFactory - Returning cached instance of singleton bean 'org.springframework.context.support.PropertySourcesPlaceholderConfigurer#0'
- (4876 ms) - [DEBUG] 2018-12-30 19:24:58,488 org.springframework.beans.factory.support.DefaultListableBeanFactory - Returning cached instance of singleton bean 'dataSource'
- (4877 ms) - [DEBUG] 2018-12-30 19:24:58,489 org.springframework.beans.factory.support.DefaultListableBeanFactory - Returning cached instance of singleton bean 'txManager'
- (4877 ms) - [DEBUG] 2018-12-30 19:24:58,489 org.springframework.beans.factory.support.DefaultListableBeanFactory - Returning cached instance of singleton bean 'sqlSessionFactoryBean'
- (4877 ms) - [DEBUG] 2018-12-30 19:24:58,489 org.springframework.beans.factory.support.DefaultListableBeanFactory - Returning cached instance of singleton bean 'org.springframework.aop.config.internalAutoProxyCreator'
- (4877 ms) - [DEBUG] 2018-12-30 19:24:58,489 org.springframework.beans.factory.support.DefaultListableBeanFactory - Returning cached instance of singleton bean 'org.springframework.aop.support.DefaultBeanFactoryPointcutAdvisor#0'
- (4877 ms) - [DEBUG] 2018-12-30 19:24:58,489 org.springframework.beans.factory.support.DefaultListableBeanFactory - Returning cached instance of singleton bean 'myAdvice'
- (4877 ms) - [DEBUG] 2018-12-30 19:24:58,489 org.springframework.beans.factory.support.DefaultListableBeanFactory - Returning cached instance of singleton bean 'org.mybatis.spring.mapper.MapperScannerConfigurer#0'
- (4877 ms) - [DEBUG] 2018-12-30 19:24:58,489 org.springframework.beans.factory.support.DefaultListableBeanFactory - Creating shared instance of singleton bean 'jedisPoolConfig'
- (4877 ms) - [DEBUG] 2018-12-30 19:24:58,489 org.springframework.beans.factory.support.DefaultListableBeanFactory - Creating instance of bean 'jedisPoolConfig'
- (4878 ms) - [DEBUG] 2018-12-30 19:24:58,490 org.springframework.beans.factory.support.DefaultListableBeanFactory - Returning cached instance of singleton bean 'org.springframework.aop.support.DefaultBeanFactoryPointcutAdvisor#0'
- (4878 ms) - [DEBUG] 2018-12-30 19:24:58,490 org.springframework.beans.factory.support.DefaultListableBeanFactory - Eagerly caching bean 'jedisPoolConfig' to allow for resolving potential circular references
- (4878 ms) - [DEBUG] 2018-12-30 19:24:58,490 org.springframework.beans.factory.support.DefaultListableBeanFactory - Returning cached instance of singleton bean 'org.springframework.aop.support.DefaultBeanFactoryPointcutAdvisor#0'
- (4879 ms) - [DEBUG] 2018-12-30 19:24:58,491 org.springframework.beans.factory.support.DefaultListableBeanFactory - Returning cached instance of singleton bean 'org.springframework.aop.support.DefaultBeanFactoryPointcutAdvisor#0'
- (4879 ms) - [DEBUG] 2018-12-30 19:24:58,491 org.springframework.beans.factory.support.DefaultListableBeanFactory - Finished creating instance of bean 'jedisPoolConfig'
- (4880 ms) - [DEBUG] 2018-12-30 19:24:58,492 org.springframework.beans.factory.support.DefaultListableBeanFactory - Creating shared instance of singleton bean 'jedisPool'
- (4880 ms) - [DEBUG] 2018-12-30 19:24:58,492 org.springframework.beans.factory.support.DefaultListableBeanFactory - Creating instance of bean 'jedisPool'
- (4880 ms) - [DEBUG] 2018-12-30 19:24:58,492 org.springframework.beans.factory.support.DefaultListableBeanFactory - Returning cached instance of singleton bean 'org.springframework.aop.support.DefaultBeanFactoryPointcutAdvisor#0'
- (4882 ms) - [DEBUG] 2018-12-30 19:24:58,494 org.springframework.beans.factory.support.DefaultListableBeanFactory - Returning cached instance of singleton bean 'jedisPoolConfig'
- (4885 ms) - [DEBUG] 2018-12-30 19:24:58,497 org.springframework.beans.factory.support.DefaultListableBeanFactory - Eagerly caching bean 'jedisPool' to allow for resolving potential circular references
- (4886 ms) - [DEBUG] 2018-12-30 19:24:58,498 org.springframework.beans.factory.support.DefaultListableBeanFactory - Returning cached instance of singleton bean 'org.springframework.aop.support.DefaultBeanFactoryPointcutAdvisor#0'
- (4886 ms) - [DEBUG] 2018-12-30 19:24:58,498 org.springframework.beans.factory.support.DefaultListableBeanFactory - Returning cached instance of singleton bean 'org.springframework.aop.support.DefaultBeanFactoryPointcutAdvisor#0'
- (4888 ms) - [DEBUG] 2018-12-30 19:24:58,500 org.springframework.beans.factory.support.DefaultListableBeanFactory - Finished creating instance of bean 'jedisPool'
- (4889 ms) - [DEBUG] 2018-12-30 19:24:58,501 org.springframework.beans.factory.support.DefaultListableBeanFactory - Creating shared instance of singleton bean 'redisAPI'
- (4889 ms) - [DEBUG] 2018-12-30 19:24:58,501 org.springframework.beans.factory.support.DefaultListableBeanFactory - Creating instance of bean 'redisAPI'
- (4889 ms) - [DEBUG] 2018-12-30 19:24:58,501 org.springframework.beans.factory.support.DefaultListableBeanFactory - Returning cached instance of singleton bean 'org.springframework.aop.support.DefaultBeanFactoryPointcutAdvisor#0'
- (4889 ms) - [DEBUG] 2018-12-30 19:24:58,501 org.springframework.beans.factory.support.DefaultListableBeanFactory - Eagerly caching bean 'redisAPI' to allow for resolving potential circular references
- (4890 ms) - [DEBUG] 2018-12-30 19:24:58,502 org.springframework.beans.factory.support.DefaultListableBeanFactory - Returning cached instance of singleton bean 'jedisPool'
- (4890 ms) - [DEBUG] 2018-12-30 19:24:58,502 org.springframework.beans.factory.support.DefaultListableBeanFactory - Returning cached instance of singleton bean 'org.springframework.aop.support.DefaultBeanFactoryPointcutAdvisor#0'
- (4890 ms) - [DEBUG] 2018-12-30 19:24:58,502 org.springframework.beans.factory.support.DefaultListableBeanFactory - Returning cached instance of singleton bean 'org.springframework.aop.support.DefaultBeanFactoryPointcutAdvisor#0'
- (4891 ms) - [DEBUG] 2018-12-30 19:24:58,503 org.springframework.beans.factory.support.DefaultListableBeanFactory - Finished creating instance of bean 'redisAPI'
- (4891 ms) - [DEBUG] 2018-12-30 19:24:58,503 org.springframework.beans.factory.support.DefaultListableBeanFactory - Creating shared instance of singleton bean 'validationToken'
- (4891 ms) - [DEBUG] 2018-12-30 19:24:58,503 org.springframework.beans.factory.support.DefaultListableBeanFactory - Creating instance of bean 'validationToken'
- (4891 ms) - [DEBUG] 2018-12-30 19:24:58,503 org.springframework.beans.factory.support.DefaultListableBeanFactory - Returning cached instance of singleton bean 'org.springframework.aop.support.DefaultBeanFactoryPointcutAdvisor#0'
- (4893 ms) - [DEBUG] 2018-12-30 19:24:58,505 org.springframework.beans.factory.support.DefaultListableBeanFactory - Eagerly caching bean 'validationToken' to allow for resolving potential circular references
- (4893 ms) - [DEBUG] 2018-12-30 19:24:58,505 org.springframework.beans.factory.support.DefaultListableBeanFactory - Returning cached instance of singleton bean 'redisAPI'
- (4893 ms) - [DEBUG] 2018-12-30 19:24:58,505 org.springframework.beans.factory.support.DefaultListableBeanFactory - Returning cached instance of singleton bean 'org.springframework.aop.support.DefaultBeanFactoryPointcutAdvisor#0'
- (4894 ms) - [DEBUG] 2018-12-30 19:24:58,506 org.springframework.beans.factory.support.DefaultListableBeanFactory - Returning cached instance of singleton bean 'org.springframework.aop.support.DefaultBeanFactoryPointcutAdvisor#0'
- (4894 ms) - [DEBUG] 2018-12-30 19:24:58,506 org.springframework.beans.factory.support.DefaultListableBeanFactory - Finished creating instance of bean 'validationToken'
- (4894 ms) - [DEBUG] 2018-12-30 19:24:58,506 org.springframework.beans.factory.support.DefaultListableBeanFactory - Returning cached instance of singleton bean 'org.springframework.context.annotation.ConfigurationClassPostProcessor.importAwareProcessor'
- (4894 ms) - [DEBUG] 2018-12-30 19:24:58,506 org.springframework.beans.factory.support.DefaultListableBeanFactory - Returning cached instance of singleton bean 'org.springframework.context.annotation.ConfigurationClassPostProcessor.enhancedConfigurationProcessor'
- (4895 ms) - [DEBUG] 2018-12-30 19:24:58,507 org.springframework.beans.factory.support.DefaultListableBeanFactory - Returning cached instance of singleton bean 'itripHotMapper'
- (4895 ms) - [DEBUG] 2018-12-30 19:24:58,507 org.springframework.beans.factory.support.DefaultListableBeanFactory - Returning cached instance of singleton bean 'itripAreaDicMapper'
- (4895 ms) - [DEBUG] 2018-12-30 19:24:58,507 org.springframework.beans.factory.support.DefaultListableBeanFactory - Returning cached instance of singleton bean 'itripCommentMapper'
- (4895 ms) - [DEBUG] 2018-12-30 19:24:58,507 org.springframework.beans.factory.support.DefaultListableBeanFactory - Returning cached instance of singleton bean 'itripHotelMapper'
- (4895 ms) - [DEBUG] 2018-12-30 19:24:58,507 org.springframework.beans.factory.support.DefaultListableBeanFactory - Returning cached instance of singleton bean 'itripHotelOrderMapper'
- (4895 ms) - [DEBUG] 2018-12-30 19:24:58,507 org.springframework.beans.factory.support.DefaultListableBeanFactory - Returning cached instance of singleton bean 'itripImageMapper'
- (4896 ms) - [DEBUG] 2018-12-30 19:24:58,508 org.springframework.beans.factory.support.DefaultListableBeanFactory - Returning cached instance of singleton bean 'itripLabelMapper'
- (4896 ms) - [DEBUG] 2018-12-30 19:24:58,508 org.springframework.beans.factory.support.DefaultListableBeanFactory - Returning cached instance of singleton bean 'itripLabelDicMapper'
- (4896 ms) - [DEBUG] 2018-12-30 19:24:58,508 org.springframework.beans.factory.support.DefaultListableBeanFactory - Returning cached instance of singleton bean 'itripUserMapper'
- (4896 ms) - [DEBUG] 2018-12-30 19:24:58,508 org.springframework.beans.factory.support.DefaultListableBeanFactory - Returning cached instance of singleton bean 'itripUserLinkUserMapper'
- (4896 ms) - [DEBUG] 2018-12-30 19:24:58,508 org.springframework.context.support.ClassPathXmlApplicationContext - Unable to locate LifecycleProcessor with name 'lifecycleProcessor': using default [org.springframework.context.support.DefaultLifecycleProcessor@619bfe29]
- (4896 ms) - [DEBUG] 2018-12-30 19:24:58,508 org.springframework.beans.factory.support.DefaultListableBeanFactory - Returning cached instance of singleton bean 'lifecycleProcessor'
- (4897 ms) - [DEBUG] 2018-12-30 19:24:58,509 org.springframework.beans.factory.support.DefaultListableBeanFactory - Returning cached instance of singleton bean 'sqlSessionFactoryBean'
- (4897 ms) - [DEBUG] 2018-12-30 19:24:58,509 org.springframework.core.env.PropertySourcesPropertyResolver - Searching for key 'spring.liveBeansView.mbeanDomain' in [systemProperties]
- (4897 ms) - [DEBUG] 2018-12-30 19:24:58,509 org.springframework.core.env.PropertySourcesPropertyResolver - Searching for key 'spring.liveBeansView.mbeanDomain' in [systemEnvironment]
- (4897 ms) - [DEBUG] 2018-12-30 19:24:58,509 org.springframework.core.env.PropertySourcesPropertyResolver - Could not find key 'spring.liveBeansView.mbeanDomain' in any property source. Returning [null]
- (4898 ms) - [DEBUG] 2018-12-30 19:24:58,510 org.springframework.beans.factory.support.DefaultListableBeanFactory - Returning cached instance of singleton bean 'itripAreaDicServiceImpl'
- (4898 ms) - [DEBUG] 2018-12-30 19:24:58,510 org.springframework.jdbc.datasource.DataSourceTransactionManager - Creating new transaction with name [cn.itrip.service.areadic.ItripAreaDicServiceImpl.getItripAreaDicListByMap]: PROPAGATION_REQUIRED,ISOLATION_DEFAULT
]]></system-out>
  </testcase>
</testsuite>