<?xml version="1.0" encoding="UTF-8"?>
<testsuite xmlns:xsi="http://www.w3.org/2001/XMLSchema-instance" xsi:noNamespaceSchemaLocation="https://maven.apache.org/surefire/maven-surefire-plugin/xsd/surefire-test-report.xsd" name="cn.itrip.controller.user.TestUserInfoController" time="4.488" tests="2" errors="2" skipped="0" failures="0">
  <properties>
    <property name="sun.desktop" value="windows"/>
    <property name="awt.toolkit" value="sun.awt.windows.WToolkit"/>
    <property name="file.encoding.pkg" value="sun.io"/>
    <property name="java.specification.version" value="1.8"/>
    <property name="sun.cpu.isalist" value="amd64"/>
    <property name="sun.jnu.encoding" value="GBK"/>
    <property name="java.class.path" value="E:\ideaXM\itrip\itrip-biz\target\test-classes;E:\ideaXM\itrip\itrip-biz\target\classes;E:\ideaXM\itrip\itrip-dao\target\itrip-dao-1.0-SNAPSHOT.jar;E:\ideaXM\itrip\itrip-utils\target\itrip-utils-1.0-SNAPSHOT.jar;E:\ideaXM\itrip\itrip-beans\target\itrip-beans-1.0-SNAPSHOT.jar;E:\apache-maven-3.5.4-bin\apache-maven-3.5.4\m2\repository\com\belerweb\pinyin4j\2.5.0\pinyin4j-2.5.0.jar;E:\apache-maven-3.5.4-bin\apache-maven-3.5.4\m2\repository\cz\mallat\uasparser\uasparser\0.6.0\uasparser-0.6.0.jar;E:\apache-maven-3.5.4-bin\apache-maven-3.5.4\m2\repository\net\sourceforge\jregex\jregex\1.2_01\jregex-1.2_01.jar;E:\apache-maven-3.5.4-bin\apache-maven-3.5.4\m2\repository\javax\servlet\servlet-api\2.5\servlet-api-2.5.jar;E:\apache-maven-3.5.4-bin\apache-maven-3.5.4\m2\repository\org\hibernate\hibernate-validator\5.2.4.Final\hibernate-validator-5.2.4.Final.jar;E:\apache-maven-3.5.4-bin\apache-maven-3.5.4\m2\repository\javax\validation\validation-api\1.1.0.Final\validation-api-1.1.0.Final.jar;E:\apache-maven-3.5.4-bin\apache-maven-3.5.4\m2\repository\org\jboss\logging\jboss-logging\3.2.1.Final\jboss-logging-3.2.1.Final.jar;E:\apache-maven-3.5.4-bin\apache-maven-3.5.4\m2\repository\com\fasterxml\classmate\1.1.0\classmate-1.1.0.jar;E:\apache-maven-3.5.4-bin\apache-maven-3.5.4\m2\repository\joda-time\joda-time\2.7\joda-time-2.7.jar;E:\apache-maven-3.5.4-bin\apache-maven-3.5.4\m2\repository\jaxen\jaxen\1.1.6\jaxen-1.1.6.jar;E:\apache-maven-3.5.4-bin\apache-maven-3.5.4\m2\repository\commons-io\commons-io\2.4\commons-io-2.4.jar;E:\apache-maven-3.5.4-bin\apache-maven-3.5.4\m2\repository\commons-logging\commons-logging\1.2\commons-logging-1.2.jar;E:\apache-maven-3.5.4-bin\apache-maven-3.5.4\m2\repository\org\springframework\spring-context\4.1.7.RELEASE\spring-context-4.1.7.RELEASE.jar;E:\apache-maven-3.5.4-bin\apache-maven-3.5.4\m2\repository\org\springframework\spring-aop\4.1.7.RELEASE\spring-aop-4.1.7.RELEASE.jar;E:\apache-maven-3.5.4-bin\apache-maven-3.5.4\m2\repository\aopalliance\aopalliance\1.0\aopalliance-1.0.jar;E:\apache-maven-3.5.4-bin\apache-maven-3.5.4\m2\repository\org\springframework\spring-context-support\4.1.7.RELEASE\spring-context-support-4.1.7.RELEASE.jar;E:\apache-maven-3.5.4-bin\apache-maven-3.5.4\m2\repository\junit\junit\4.11\junit-4.11.jar;E:\apache-maven-3.5.4-bin\apache-maven-3.5.4\m2\repository\org\hamcrest\hamcrest-core\1.3\hamcrest-core-1.3.jar;E:\apache-maven-3.5.4-bin\apache-maven-3.5.4\m2\repository\commons-dbcp\commons-dbcp\1.4\commons-dbcp-1.4.jar;E:\apache-maven-3.5.4-bin\apache-maven-3.5.4\m2\repository\commons-pool\commons-pool\1.5.4\commons-pool-1.5.4.jar;E:\apache-maven-3.5.4-bin\apache-maven-3.5.4\m2\repository\cglib\cglib\3.2.5\cglib-3.2.5.jar;E:\apache-maven-3.5.4-bin\apache-maven-3.5.4\m2\repository\org\ow2\asm\asm\5.2\asm-5.2.jar;E:\apache-maven-3.5.4-bin\apache-maven-3.5.4\m2\repository\org\apache\ant\ant\1.9.6\ant-1.9.6.jar;E:\apache-maven-3.5.4-bin\apache-maven-3.5.4\m2\repository\org\apache\ant\ant-launcher\1.9.6\ant-launcher-1.9.6.jar;E:\apache-maven-3.5.4-bin\apache-maven-3.5.4\m2\repository\org\aspectj\aspectjweaver\1.6.12\aspectjweaver-1.6.12.jar;E:\apache-maven-3.5.4-bin\apache-maven-3.5.4\m2\repository\org\springframework\spring-oxm\4.1.7.RELEASE\spring-oxm-4.1.7.RELEASE.jar;E:\apache-maven-3.5.4-bin\apache-maven-3.5.4\m2\repository\org\springframework\spring-tx\4.1.7.RELEASE\spring-tx-4.1.7.RELEASE.jar;E:\apache-maven-3.5.4-bin\apache-maven-3.5.4\m2\repository\jstl\jstl\1.2\jstl-1.2.jar;E:\apache-maven-3.5.4-bin\apache-maven-3.5.4\m2\repository\org\mybatis\mybatis-spring\1.2.0\mybatis-spring-1.2.0.jar;E:\apache-maven-3.5.4-bin\apache-maven-3.5.4\m2\repository\org\slf4j\jcl-over-slf4j\1.7.12\jcl-over-slf4j-1.7.12.jar;E:\apache-maven-3.5.4-bin\apache-maven-3.5.4\m2\repository\commons-codec\commons-codec\1.4\commons-codec-1.4.jar;E:\apache-maven-3.5.4-bin\apache-maven-3.5.4\m2\repository\org\springframework\spring-orm\4.1.7.RELEASE\spring-orm-4.1.7.RELEASE.jar;E:\apache-maven-3.5.4-bin\apache-maven-3.5.4\m2\repository\org\springframework\spring-jdbc\4.1.7.RELEASE\spring-jdbc-4.1.7.RELEASE.jar;E:\apache-maven-3.5.4-bin\apache-maven-3.5.4\m2\repository\org\springframework\spring-jms\4.1.7.RELEASE\spring-jms-4.1.7.RELEASE.jar;E:\apache-maven-3.5.4-bin\apache-maven-3.5.4\m2\repository\org\springframework\spring-messaging\4.1.7.RELEASE\spring-messaging-4.1.7.RELEASE.jar;E:\apache-maven-3.5.4-bin\apache-maven-3.5.4\m2\repository\org\slf4j\slf4j-api\1.7.12\slf4j-api-1.7.12.jar;E:\apache-maven-3.5.4-bin\apache-maven-3.5.4\m2\repository\org\springframework\spring-expression\4.1.7.RELEASE\spring-expression-4.1.7.RELEASE.jar;E:\apache-maven-3.5.4-bin\apache-maven-3.5.4\m2\repository\org\springframework\spring-test\4.1.7.RELEASE\spring-test-4.1.7.RELEASE.jar;E:\apache-maven-3.5.4-bin\apache-maven-3.5.4\m2\repository\org\springframework\spring-webmvc\4.1.7.RELEASE\spring-webmvc-4.1.7.RELEASE.jar;E:\apache-maven-3.5.4-bin\apache-maven-3.5.4\m2\repository\org\springframework\spring-web\4.1.7.RELEASE\spring-web-4.1.7.RELEASE.jar;E:\apache-maven-3.5.4-bin\apache-maven-3.5.4\m2\repository\org\springframework\spring-beans\4.1.7.RELEASE\spring-beans-4.1.7.RELEASE.jar;E:\apache-maven-3.5.4-bin\apache-maven-3.5.4\m2\repository\mysql\mysql-connector-java\5.1.18\mysql-connector-java-5.1.18.jar;E:\apache-maven-3.5.4-bin\apache-maven-3.5.4\m2\repository\org\slf4j\slf4j-log4j12\1.7.12\slf4j-log4j12-1.7.12.jar;E:\apache-maven-3.5.4-bin\apache-maven-3.5.4\m2\repository\log4j\log4j\1.2.17\log4j-1.2.17.jar;E:\apache-maven-3.5.4-bin\apache-maven-3.5.4\m2\repository\org\springframework\spring-core\4.1.7.RELEASE\spring-core-4.1.7.RELEASE.jar;E:\apache-maven-3.5.4-bin\apache-maven-3.5.4\m2\repository\commons-fileupload\commons-fileupload\1.3.1\commons-fileupload-1.3.1.jar;E:\apache-maven-3.5.4-bin\apache-maven-3.5.4\m2\repository\org\mybatis\mybatis\3.2.2\mybatis-3.2.2.jar;E:\apache-maven-3.5.4-bin\apache-maven-3.5.4\m2\repository\redis\clients\jedis\2.1.0\jedis-2.1.0.jar;E:\apache-maven-3.5.4-bin\apache-maven-3.5.4\m2\repository\com\alibaba\fastjson\1.2.31\fastjson-1.2.31.jar;E:\apache-maven-3.5.4-bin\apache-maven-3.5.4\m2\repository\io\springfox\springfox-swagger2\2.4.0\springfox-swagger2-2.4.0.jar;E:\apache-maven-3.5.4-bin\apache-maven-3.5.4\m2\repository\io\swagger\swagger-annotations\1.5.6\swagger-annotations-1.5.6.jar;E:\apache-maven-3.5.4-bin\apache-maven-3.5.4\m2\repository\io\swagger\swagger-models\1.5.6\swagger-models-1.5.6.jar;E:\apache-maven-3.5.4-bin\apache-maven-3.5.4\m2\repository\io\springfox\springfox-spi\2.4.0\springfox-spi-2.4.0.jar;E:\apache-maven-3.5.4-bin\apache-maven-3.5.4\m2\repository\io\springfox\springfox-core\2.4.0\springfox-core-2.4.0.jar;E:\apache-maven-3.5.4-bin\apache-maven-3.5.4\m2\repository\io\springfox\springfox-schema\2.4.0\springfox-schema-2.4.0.jar;E:\apache-maven-3.5.4-bin\apache-maven-3.5.4\m2\repository\io\springfox\springfox-swagger-common\2.4.0\springfox-swagger-common-2.4.0.jar;E:\apache-maven-3.5.4-bin\apache-maven-3.5.4\m2\repository\io\springfox\springfox-spring-web\2.4.0\springfox-spring-web-2.4.0.jar;E:\apache-maven-3.5.4-bin\apache-maven-3.5.4\m2\repository\org\springframework\plugin\spring-plugin-core\1.2.0.RELEASE\spring-plugin-core-1.2.0.RELEASE.jar;E:\apache-maven-3.5.4-bin\apache-maven-3.5.4\m2\repository\org\springframework\plugin\spring-plugin-metadata\1.2.0.RELEASE\spring-plugin-metadata-1.2.0.RELEASE.jar;E:\apache-maven-3.5.4-bin\apache-maven-3.5.4\m2\repository\io\springfox\springfox-swagger-ui\2.4.0\springfox-swagger-ui-2.4.0.jar;E:\apache-maven-3.5.4-bin\apache-maven-3.5.4\m2\repository\com\google\guava\guava\19.0\guava-19.0.jar;E:\apache-maven-3.5.4-bin\apache-maven-3.5.4\m2\repository\org\mapstruct\mapstruct-jdk8\1.1.0.Final\mapstruct-jdk8-1.1.0.Final.jar;E:\apache-maven-3.5.4-bin\apache-maven-3.5.4\m2\repository\com\fasterxml\jackson\core\jackson-core\2.8.7\jackson-core-2.8.7.jar;E:\apache-maven-3.5.4-bin\apache-maven-3.5.4\m2\repository\com\fasterxml\jackson\core\jackson-databind\2.8.7\jackson-databind-2.8.7.jar;E:\apache-maven-3.5.4-bin\apache-maven-3.5.4\m2\repository\com\fasterxml\jackson\core\jackson-annotations\2.8.7\jackson-annotations-2.8.7.jar;E:\apache-maven-3.5.4-bin\apache-maven-3.5.4\m2\repository\javax\mail\mail\1.4.7\mail-1.4.7.jar;E:\apache-maven-3.5.4-bin\apache-maven-3.5.4\m2\repository\javax\activation\activation\1.1\activation-1.1.jar;E:\apache-maven-3.5.4-bin\apache-maven-3.5.4\m2\repository\cn\itrip\itrip-jregex\1.2_01\itrip-jregex-1.2_01.jar;E:\apache-maven-3.5.4-bin\apache-maven-3.5.4\m2\repository\cn\itrip\ccprestsms\itrip-ccprestsms\1.0\itrip-ccprestsms-1.0.jar;E:\apache-maven-3.5.4-bin\apache-maven-3.5.4\m2\repository\com\thetransactioncompany\cors-filter\1.7\cors-filter-1.7.jar;E:\apache-maven-3.5.4-bin\apache-maven-3.5.4\m2\repository\com\thetransactioncompany\java-property-utils\1.9\java-property-utils-1.9.jar;"/>
    <property name="java.vm.vendor" value="Oracle Corporation"/>
    <property name="sun.arch.data.model" value="64"/>
    <property name="user.variant" value=""/>
    <property name="java.vendor.url" value="http://java.oracle.com/"/>
    <property name="user.timezone" value=""/>
    <property name="java.vm.specification.version" value="1.8"/>
    <property name="os.name" value="Windows 10"/>
    <property name="user.country" value="CN"/>
    <property name="sun.java.launcher" value="SUN_STANDARD"/>
    <property name="sun.boot.library.path" value="C:\Program Files\Java\jdk1.8.0_181\jre\bin"/>
    <property name="sun.java.command" value="C:\Users\ISXIAO~1\AppData\Local\Temp\surefire8601230729838465005\surefirebooter5290141522565252417.jar C:\Users\isxiaohao\AppData\Local\Temp\surefire8601230729838465005 2018-12-30T19-24-36_539-jvmRun1 surefire9060999437284101415tmp surefire_05824982215387968731tmp"/>
    <property name="surefire.test.class.path" value="E:\ideaXM\itrip\itrip-biz\target\test-classes;E:\ideaXM\itrip\itrip-biz\target\classes;E:\ideaXM\itrip\itrip-dao\target\itrip-dao-1.0-SNAPSHOT.jar;E:\ideaXM\itrip\itrip-utils\target\itrip-utils-1.0-SNAPSHOT.jar;E:\ideaXM\itrip\itrip-beans\target\itrip-beans-1.0-SNAPSHOT.jar;E:\apache-maven-3.5.4-bin\apache-maven-3.5.4\m2\repository\com\belerweb\pinyin4j\2.5.0\pinyin4j-2.5.0.jar;E:\apache-maven-3.5.4-bin\apache-maven-3.5.4\m2\repository\cz\mallat\uasparser\uasparser\0.6.0\uasparser-0.6.0.jar;E:\apache-maven-3.5.4-bin\apache-maven-3.5.4\m2\repository\net\sourceforge\jregex\jregex\1.2_01\jregex-1.2_01.jar;E:\apache-maven-3.5.4-bin\apache-maven-3.5.4\m2\repository\javax\servlet\servlet-api\2.5\servlet-api-2.5.jar;E:\apache-maven-3.5.4-bin\apache-maven-3.5.4\m2\repository\org\hibernate\hibernate-validator\5.2.4.Final\hibernate-validator-5.2.4.Final.jar;E:\apache-maven-3.5.4-bin\apache-maven-3.5.4\m2\repository\javax\validation\validation-api\1.1.0.Final\validation-api-1.1.0.Final.jar;E:\apache-maven-3.5.4-bin\apache-maven-3.5.4\m2\repository\org\jboss\logging\jboss-logging\3.2.1.Final\jboss-logging-3.2.1.Final.jar;E:\apache-maven-3.5.4-bin\apache-maven-3.5.4\m2\repository\com\fasterxml\classmate\1.1.0\classmate-1.1.0.jar;E:\apache-maven-3.5.4-bin\apache-maven-3.5.4\m2\repository\joda-time\joda-time\2.7\joda-time-2.7.jar;E:\apache-maven-3.5.4-bin\apache-maven-3.5.4\m2\repository\jaxen\jaxen\1.1.6\jaxen-1.1.6.jar;E:\apache-maven-3.5.4-bin\apache-maven-3.5.4\m2\repository\commons-io\commons-io\2.4\commons-io-2.4.jar;E:\apache-maven-3.5.4-bin\apache-maven-3.5.4\m2\repository\commons-logging\commons-logging\1.2\commons-logging-1.2.jar;E:\apache-maven-3.5.4-bin\apache-maven-3.5.4\m2\repository\org\springframework\spring-context\4.1.7.RELEASE\spring-context-4.1.7.RELEASE.jar;E:\apache-maven-3.5.4-bin\apache-maven-3.5.4\m2\repository\org\springframework\spring-aop\4.1.7.RELEASE\spring-aop-4.1.7.RELEASE.jar;E:\apache-maven-3.5.4-bin\apache-maven-3.5.4\m2\repository\aopalliance\aopalliance\1.0\aopalliance-1.0.jar;E:\apache-maven-3.5.4-bin\apache-maven-3.5.4\m2\repository\org\springframework\spring-context-support\4.1.7.RELEASE\spring-context-support-4.1.7.RELEASE.jar;E:\apache-maven-3.5.4-bin\apache-maven-3.5.4\m2\repository\junit\junit\4.11\junit-4.11.jar;E:\apache-maven-3.5.4-bin\apache-maven-3.5.4\m2\repository\org\hamcrest\hamcrest-core\1.3\hamcrest-core-1.3.jar;E:\apache-maven-3.5.4-bin\apache-maven-3.5.4\m2\repository\commons-dbcp\commons-dbcp\1.4\commons-dbcp-1.4.jar;E:\apache-maven-3.5.4-bin\apache-maven-3.5.4\m2\repository\commons-pool\commons-pool\1.5.4\commons-pool-1.5.4.jar;E:\apache-maven-3.5.4-bin\apache-maven-3.5.4\m2\repository\cglib\cglib\3.2.5\cglib-3.2.5.jar;E:\apache-maven-3.5.4-bin\apache-maven-3.5.4\m2\repository\org\ow2\asm\asm\5.2\asm-5.2.jar;E:\apache-maven-3.5.4-bin\apache-maven-3.5.4\m2\repository\org\apache\ant\ant\1.9.6\ant-1.9.6.jar;E:\apache-maven-3.5.4-bin\apache-maven-3.5.4\m2\repository\org\apache\ant\ant-launcher\1.9.6\ant-launcher-1.9.6.jar;E:\apache-maven-3.5.4-bin\apache-maven-3.5.4\m2\repository\org\aspectj\aspectjweaver\1.6.12\aspectjweaver-1.6.12.jar;E:\apache-maven-3.5.4-bin\apache-maven-3.5.4\m2\repository\org\springframework\spring-oxm\4.1.7.RELEASE\spring-oxm-4.1.7.RELEASE.jar;E:\apache-maven-3.5.4-bin\apache-maven-3.5.4\m2\repository\org\springframework\spring-tx\4.1.7.RELEASE\spring-tx-4.1.7.RELEASE.jar;E:\apache-maven-3.5.4-bin\apache-maven-3.5.4\m2\repository\jstl\jstl\1.2\jstl-1.2.jar;E:\apache-maven-3.5.4-bin\apache-maven-3.5.4\m2\repository\org\mybatis\mybatis-spring\1.2.0\mybatis-spring-1.2.0.jar;E:\apache-maven-3.5.4-bin\apache-maven-3.5.4\m2\repository\org\slf4j\jcl-over-slf4j\1.7.12\jcl-over-slf4j-1.7.12.jar;E:\apache-maven-3.5.4-bin\apache-maven-3.5.4\m2\repository\commons-codec\commons-codec\1.4\commons-codec-1.4.jar;E:\apache-maven-3.5.4-bin\apache-maven-3.5.4\m2\repository\org\springframework\spring-orm\4.1.7.RELEASE\spring-orm-4.1.7.RELEASE.jar;E:\apache-maven-3.5.4-bin\apache-maven-3.5.4\m2\repository\org\springframework\spring-jdbc\4.1.7.RELEASE\spring-jdbc-4.1.7.RELEASE.jar;E:\apache-maven-3.5.4-bin\apache-maven-3.5.4\m2\repository\org\springframework\spring-jms\4.1.7.RELEASE\spring-jms-4.1.7.RELEASE.jar;E:\apache-maven-3.5.4-bin\apache-maven-3.5.4\m2\repository\org\springframework\spring-messaging\4.1.7.RELEASE\spring-messaging-4.1.7.RELEASE.jar;E:\apache-maven-3.5.4-bin\apache-maven-3.5.4\m2\repository\org\slf4j\slf4j-api\1.7.12\slf4j-api-1.7.12.jar;E:\apache-maven-3.5.4-bin\apache-maven-3.5.4\m2\repository\org\springframework\spring-expression\4.1.7.RELEASE\spring-expression-4.1.7.RELEASE.jar;E:\apache-maven-3.5.4-bin\apache-maven-3.5.4\m2\repository\org\springframework\spring-test\4.1.7.RELEASE\spring-test-4.1.7.RELEASE.jar;E:\apache-maven-3.5.4-bin\apache-maven-3.5.4\m2\repository\org\springframework\spring-webmvc\4.1.7.RELEASE\spring-webmvc-4.1.7.RELEASE.jar;E:\apache-maven-3.5.4-bin\apache-maven-3.5.4\m2\repository\org\springframework\spring-web\4.1.7.RELEASE\spring-web-4.1.7.RELEASE.jar;E:\apache-maven-3.5.4-bin\apache-maven-3.5.4\m2\repository\org\springframework\spring-beans\4.1.7.RELEASE\spring-beans-4.1.7.RELEASE.jar;E:\apache-maven-3.5.4-bin\apache-maven-3.5.4\m2\repository\mysql\mysql-connector-java\5.1.18\mysql-connector-java-5.1.18.jar;E:\apache-maven-3.5.4-bin\apache-maven-3.5.4\m2\repository\org\slf4j\slf4j-log4j12\1.7.12\slf4j-log4j12-1.7.12.jar;E:\apache-maven-3.5.4-bin\apache-maven-3.5.4\m2\repository\log4j\log4j\1.2.17\log4j-1.2.17.jar;E:\apache-maven-3.5.4-bin\apache-maven-3.5.4\m2\repository\org\springframework\spring-core\4.1.7.RELEASE\spring-core-4.1.7.RELEASE.jar;E:\apache-maven-3.5.4-bin\apache-maven-3.5.4\m2\repository\commons-fileupload\commons-fileupload\1.3.1\commons-fileupload-1.3.1.jar;E:\apache-maven-3.5.4-bin\apache-maven-3.5.4\m2\repository\org\mybatis\mybatis\3.2.2\mybatis-3.2.2.jar;E:\apache-maven-3.5.4-bin\apache-maven-3.5.4\m2\repository\redis\clients\jedis\2.1.0\jedis-2.1.0.jar;E:\apache-maven-3.5.4-bin\apache-maven-3.5.4\m2\repository\com\alibaba\fastjson\1.2.31\fastjson-1.2.31.jar;E:\apache-maven-3.5.4-bin\apache-maven-3.5.4\m2\repository\io\springfox\springfox-swagger2\2.4.0\springfox-swagger2-2.4.0.jar;E:\apache-maven-3.5.4-bin\apache-maven-3.5.4\m2\repository\io\swagger\swagger-annotations\1.5.6\swagger-annotations-1.5.6.jar;E:\apache-maven-3.5.4-bin\apache-maven-3.5.4\m2\repository\io\swagger\swagger-models\1.5.6\swagger-models-1.5.6.jar;E:\apache-maven-3.5.4-bin\apache-maven-3.5.4\m2\repository\io\springfox\springfox-spi\2.4.0\springfox-spi-2.4.0.jar;E:\apache-maven-3.5.4-bin\apache-maven-3.5.4\m2\repository\io\springfox\springfox-core\2.4.0\springfox-core-2.4.0.jar;E:\apache-maven-3.5.4-bin\apache-maven-3.5.4\m2\repository\io\springfox\springfox-schema\2.4.0\springfox-schema-2.4.0.jar;E:\apache-maven-3.5.4-bin\apache-maven-3.5.4\m2\repository\io\springfox\springfox-swagger-common\2.4.0\springfox-swagger-common-2.4.0.jar;E:\apache-maven-3.5.4-bin\apache-maven-3.5.4\m2\repository\io\springfox\springfox-spring-web\2.4.0\springfox-spring-web-2.4.0.jar;E:\apache-maven-3.5.4-bin\apache-maven-3.5.4\m2\repository\org\springframework\plugin\spring-plugin-core\1.2.0.RELEASE\spring-plugin-core-1.2.0.RELEASE.jar;E:\apache-maven-3.5.4-bin\apache-maven-3.5.4\m2\repository\org\springframework\plugin\spring-plugin-metadata\1.2.0.RELEASE\spring-plugin-metadata-1.2.0.RELEASE.jar;E:\apache-maven-3.5.4-bin\apache-maven-3.5.4\m2\repository\io\springfox\springfox-swagger-ui\2.4.0\springfox-swagger-ui-2.4.0.jar;E:\apache-maven-3.5.4-bin\apache-maven-3.5.4\m2\repository\com\google\guava\guava\19.0\guava-19.0.jar;E:\apache-maven-3.5.4-bin\apache-maven-3.5.4\m2\repository\org\mapstruct\mapstruct-jdk8\1.1.0.Final\mapstruct-jdk8-1.1.0.Final.jar;E:\apache-maven-3.5.4-bin\apache-maven-3.5.4\m2\repository\com\fasterxml\jackson\core\jackson-core\2.8.7\jackson-core-2.8.7.jar;E:\apache-maven-3.5.4-bin\apache-maven-3.5.4\m2\repository\com\fasterxml\jackson\core\jackson-databind\2.8.7\jackson-databind-2.8.7.jar;E:\apache-maven-3.5.4-bin\apache-maven-3.5.4\m2\repository\com\fasterxml\jackson\core\jackson-annotations\2.8.7\jackson-annotations-2.8.7.jar;E:\apache-maven-3.5.4-bin\apache-maven-3.5.4\m2\repository\javax\mail\mail\1.4.7\mail-1.4.7.jar;E:\apache-maven-3.5.4-bin\apache-maven-3.5.4\m2\repository\javax\activation\activation\1.1\activation-1.1.jar;E:\apache-maven-3.5.4-bin\apache-maven-3.5.4\m2\repository\cn\itrip\itrip-jregex\1.2_01\itrip-jregex-1.2_01.jar;E:\apache-maven-3.5.4-bin\apache-maven-3.5.4\m2\repository\cn\itrip\ccprestsms\itrip-ccprestsms\1.0\itrip-ccprestsms-1.0.jar;E:\apache-maven-3.5.4-bin\apache-maven-3.5.4\m2\repository\com\thetransactioncompany\cors-filter\1.7\cors-filter-1.7.jar;E:\apache-maven-3.5.4-bin\apache-maven-3.5.4\m2\repository\com\thetransactioncompany\java-property-utils\1.9\java-property-utils-1.9.jar;"/>
    <property name="sun.cpu.endian" value="little"/>
    <property name="user.home" value="C:\Users\isxiaohao"/>
    <property name="user.language" value="zh"/>
    <property name="java.specification.vendor" value="Oracle Corporation"/>
    <property name="java.home" value="C:\Program Files\Java\jdk1.8.0_181\jre"/>
    <property name="basedir" value="E:\ideaXM\itrip\itrip-biz"/>
    <property name="file.separator" value="\"/>
    <property name="line.separator" value="&#10;"/>
    <property name="java.vm.specification.vendor" value="Oracle Corporation"/>
    <property name="java.specification.name" value="Java Platform API Specification"/>
    <property name="java.awt.graphicsenv" value="sun.awt.Win32GraphicsEnvironment"/>
    <property name="surefire.real.class.path" value="C:\Users\ISXIAO~1\AppData\Local\Temp\surefire8601230729838465005\surefirebooter5290141522565252417.jar"/>
    <property name="sun.boot.class.path" value="C:\Program Files\Java\jdk1.8.0_181\jre\lib\resources.jar;C:\Program Files\Java\jdk1.8.0_181\jre\lib\rt.jar;C:\Program Files\Java\jdk1.8.0_181\jre\lib\sunrsasign.jar;C:\Program Files\Java\jdk1.8.0_181\jre\lib\jsse.jar;C:\Program Files\Java\jdk1.8.0_181\jre\lib\jce.jar;C:\Program Files\Java\jdk1.8.0_181\jre\lib\charsets.jar;C:\Program Files\Java\jdk1.8.0_181\jre\lib\jfr.jar;C:\Program Files\Java\jdk1.8.0_181\jre\classes"/>
    <property name="user.script" value=""/>
    <property name="sun.management.compiler" value="HotSpot 64-Bit Tiered Compilers"/>
    <property name="java.runtime.version" value="1.8.0_181-b13"/>
    <property name="user.name" value="isxiaohao"/>
    <property name="path.separator" value=";"/>
    <property name="os.version" value="10.0"/>
    <property name="java.endorsed.dirs" value="C:\Program Files\Java\jdk1.8.0_181\jre\lib\endorsed"/>
    <property name="java.runtime.name" value="Java(TM) SE Runtime Environment"/>
    <property name="file.encoding" value="GBK"/>
    <property name="java.vm.name" value="Java HotSpot(TM) 64-Bit Server VM"/>
    <property name="localRepository" value="E:\apache-maven-3.5.4-bin\apache-maven-3.5.4\m2\repository"/>
    <property name="java.vendor.url.bug" value="http://bugreport.sun.com/bugreport/"/>
    <property name="java.io.tmpdir" value="C:\Users\ISXIAO~1\AppData\Local\Temp\"/>
    <property name="idea.version" value="2018.1.4"/>
    <property name="java.version" value="1.8.0_181"/>
    <property name="user.dir" value="E:\ideaXM\itrip\itrip-biz"/>
    <property name="os.arch" value="amd64"/>
    <property name="java.vm.specification.name" value="Java Virtual Machine Specification"/>
    <property name="java.awt.printerjob" value="sun.awt.windows.WPrinterJob"/>
    <property name="sun.os.patch.level" value=""/>
    <property name="java.library.path" value="C:\Program Files\Java\jdk1.8.0_181\jre\bin;C:\WINDOWS\Sun\Java\bin;C:\WINDOWS\system32;C:\WINDOWS;c:\program files\graphicsmagick-1.3.21-q16;C:\Program Files (x86)\Common Files\Oracle\Java\javapath;E:\Oracle\bin;C:\WINDOWS\system32;C:\WINDOWS;C:\WINDOWS\System32\Wbem;C:\WINDOWS\System32\WindowsPowerShell\v1.0\E:\kj;C:\Program Files (x86)\Java\jdk1.7.0_51\\bin;C:\Program Files (x86)\Java\jdk1.7.0_51\\jre\bin;C:\WINDOWS\System32\WindowsPowerShell\v1.0\;C:\WINDOWS\System32\OpenSSH\;E:\MySQL\bin;E:\apache-maven-3.5.4-bin\apache-maven-3.5.4\bin;E:\Git\Git\cmd;E:\Program Files\nodejs;E:\Program Files\nodejs\node_global;;C:\Program Files (x86)\Lua\5.1;C:\Program Files (x86)\Lua\5.1\clibs;E:\kj;C:\Users\isxiaohao\AppData\Local\Microsoft\WindowsApps;C:\Users\isxiaohao\AppData\Roaming\npm;."/>
    <property name="java.vm.info" value="mixed mode"/>
    <property name="java.vendor" value="Oracle Corporation"/>
    <property name="java.vm.version" value="25.181-b13"/>
    <property name="java.ext.dirs" value="C:\Program Files\Java\jdk1.8.0_181\jre\lib\ext;C:\WINDOWS\Sun\Java\lib\ext"/>
    <property name="sun.io.unicode.encoding" value="UnicodeLittle"/>
    <property name="java.class.version" value="52.0"/>
  </properties>
  <testcase name="testUserInfo" classname="cn.itrip.controller.user.TestUserInfoController" time="0.004">
    <error message="Could not open JDBC Connection for transaction; nested exception is org.apache.commons.dbcp.SQLNestedException: Cannot create PoolableConnectionFactory (Data source rejected establishment of connection,  message from server: &quot;Too many connections&quot;)" type="org.springframework.transaction.CannotCreateTransactionException">org.springframework.transaction.CannotCreateTransactionException: Could not open JDBC Connection for transaction; nested exception is org.apache.commons.dbcp.SQLNestedException: Cannot create PoolableConnectionFactory (Data source rejected establishment of connection,  message from server: "Too many connections")
	at cn.itrip.controller.user.TestUserInfoController.testGetItripUserLinkUserById(TestUserInfoController.java:32)
	at cn.itrip.controller.user.TestUserInfoController.testUserInfo(TestUserInfoController.java:27)
Caused by: org.apache.commons.dbcp.SQLNestedException: Cannot create PoolableConnectionFactory (Data source rejected establishment of connection,  message from server: "Too many connections")
	at cn.itrip.controller.user.TestUserInfoController.testGetItripUserLinkUserById(TestUserInfoController.java:32)
	at cn.itrip.controller.user.TestUserInfoController.testUserInfo(TestUserInfoController.java:27)
Caused by: com.mysql.jdbc.exceptions.jdbc4.MySQLNonTransientConnectionException: Data source rejected establishment of connection,  message from server: "Too many connections"
	at cn.itrip.controller.user.TestUserInfoController.testGetItripUserLinkUserById(TestUserInfoController.java:32)
	at cn.itrip.controller.user.TestUserInfoController.testUserInfo(TestUserInfoController.java:27)
</error>
    <system-out><![CDATA[- (0 ms) - [DEBUG] 2018-12-30 19:24:53,612 org.springframework.test.context.junit4.SpringJUnit4ClassRunner - SpringJUnit4ClassRunner constructor called with [class cn.itrip.controller.user.TestUserInfoController].
- (64 ms) - [DEBUG] 2018-12-30 19:24:53,676 org.springframework.test.context.BootstrapUtils - Instantiating TestContextBootstrapper from class [org.springframework.test.context.support.DefaultTestContextBootstrapper]
- (83 ms) - [DEBUG] 2018-12-30 19:24:53,695 org.springframework.test.context.support.AbstractDelegatingSmartContextLoader - Delegating to GenericXmlContextLoader to process context configuration [ContextConfigurationAttributes@31ef45e3 declaringClass = 'cn.itrip.controller.user.TestUserInfoController', classes = '{}', locations = '{/applicationContext-mybatis.xml}', inheritLocations = true, initializers = '{}', inheritInitializers = true, name = [null], contextLoaderClass = 'org.springframework.test.context.ContextLoader'].
- (86 ms) - [DEBUG] 2018-12-30 19:24:53,698 org.springframework.test.context.support.ActiveProfilesUtils - Could not find an 'annotation declaring class' for annotation type [org.springframework.test.context.ActiveProfiles] and class [cn.itrip.controller.user.TestUserInfoController]
- (92 ms) - [DEBUG] 2018-12-30 19:24:53,704 org.springframework.test.context.support.DefaultTestContextBootstrapper - @TestExecutionListeners is not present for class [cn.itrip.controller.user.TestUserInfoController]: using defaults.
- (98 ms) - [INFO] 2018-12-30 19:24:53,710 org.springframework.test.context.support.DefaultTestContextBootstrapper - Loaded default TestExecutionListener class names from location [META-INF/spring.factories]: [org.springframework.test.context.web.ServletTestExecutionListener, org.springframework.test.context.support.DependencyInjectionTestExecutionListener, org.springframework.test.context.support.DirtiesContextTestExecutionListener, org.springframework.test.context.transaction.TransactionalTestExecutionListener, org.springframework.test.context.jdbc.SqlScriptsTestExecutionListener]
- (165 ms) - [INFO] 2018-12-30 19:24:53,777 org.springframework.test.context.support.DefaultTestContextBootstrapper - Using TestExecutionListeners: [org.springframework.test.context.web.ServletTestExecutionListener@627551fb, org.springframework.test.context.support.DependencyInjectionTestExecutionListener@2b552920, org.springframework.test.context.support.DirtiesContextTestExecutionListener@2758fe70, org.springframework.test.context.transaction.TransactionalTestExecutionListener@1f36e637, org.springframework.test.context.jdbc.SqlScriptsTestExecutionListener@578486a3]
- (229 ms) - [DEBUG] 2018-12-30 19:24:53,841 org.springframework.test.annotation.ProfileValueUtils - Retrieved @ProfileValueSourceConfiguration [null] for test class [cn.itrip.controller.user.TestUserInfoController]
- (234 ms) - [DEBUG] 2018-12-30 19:24:53,846 org.springframework.test.annotation.ProfileValueUtils - Retrieved ProfileValueSource type [class org.springframework.test.annotation.SystemProfileValueSource] for class [cn.itrip.controller.user.TestUserInfoController]
- (238 ms) - [DEBUG] 2018-12-30 19:24:53,850 org.springframework.test.annotation.ProfileValueUtils - Retrieved @ProfileValueSourceConfiguration [null] for test class [cn.itrip.controller.user.TestUserInfoController]
- (239 ms) - [DEBUG] 2018-12-30 19:24:53,851 org.springframework.test.annotation.ProfileValueUtils - Retrieved ProfileValueSource type [class org.springframework.test.annotation.SystemProfileValueSource] for class [cn.itrip.controller.user.TestUserInfoController]
- (242 ms) - [DEBUG] 2018-12-30 19:24:53,854 org.springframework.test.annotation.ProfileValueUtils - Retrieved @ProfileValueSourceConfiguration [null] for test class [cn.itrip.controller.user.TestUserInfoController]
- (243 ms) - [DEBUG] 2018-12-30 19:24:53,855 org.springframework.test.annotation.ProfileValueUtils - Retrieved ProfileValueSource type [class org.springframework.test.annotation.SystemProfileValueSource] for class [cn.itrip.controller.user.TestUserInfoController]
- (246 ms) - [DEBUG] 2018-12-30 19:24:53,858 org.springframework.test.annotation.ProfileValueUtils - Retrieved @ProfileValueSourceConfiguration [null] for test class [cn.itrip.controller.user.TestUserInfoController]
- (247 ms) - [DEBUG] 2018-12-30 19:24:53,859 org.springframework.test.annotation.ProfileValueUtils - Retrieved ProfileValueSource type [class org.springframework.test.annotation.SystemProfileValueSource] for class [cn.itrip.controller.user.TestUserInfoController]
- (251 ms) - [DEBUG] 2018-12-30 19:24:53,863 org.springframework.test.context.support.DependencyInjectionTestExecutionListener - Performing dependency injection for test context [[DefaultTestContext@9660f4e testClass = TestUserInfoController, testInstance = cn.itrip.controller.user.TestUserInfoController@5a8806ef, testMethod = [null], testException = [null], mergedContextConfiguration = [MergedContextConfiguration@6c49835d testClass = TestUserInfoController, locations = '{classpath:/applicationContext-mybatis.xml}', classes = '{}', contextInitializerClasses = '[]', activeProfiles = '{}', propertySourceLocations = '{}', propertySourceProperties = '{}', contextLoader = 'org.springframework.test.context.support.DelegatingSmartContextLoader', parent = [null]]]].
- (256 ms) - [DEBUG] 2018-12-30 19:24:53,868 org.springframework.test.context.support.AbstractDelegatingSmartContextLoader - Delegating to GenericXmlContextLoader to load context from [MergedContextConfiguration@6c49835d testClass = TestUserInfoController, locations = '{classpath:/applicationContext-mybatis.xml}', classes = '{}', contextInitializerClasses = '[]', activeProfiles = '{}', propertySourceLocations = '{}', propertySourceProperties = '{}', contextLoader = 'org.springframework.test.context.support.DelegatingSmartContextLoader', parent = [null]].
- (257 ms) - [DEBUG] 2018-12-30 19:24:53,869 org.springframework.test.context.support.AbstractGenericContextLoader - Loading ApplicationContext for merged context configuration [[MergedContextConfiguration@6c49835d testClass = TestUserInfoController, locations = '{classpath:/applicationContext-mybatis.xml}', classes = '{}', contextInitializerClasses = '[]', activeProfiles = '{}', propertySourceLocations = '{}', propertySourceProperties = '{}', contextLoader = 'org.springframework.test.context.support.DelegatingSmartContextLoader', parent = [null]]].
- (330 ms) - [DEBUG] 2018-12-30 19:24:53,942 org.springframework.core.env.StandardEnvironment - Adding [systemProperties] PropertySource with lowest search precedence
- (331 ms) - [DEBUG] 2018-12-30 19:24:53,943 org.springframework.core.env.StandardEnvironment - Adding [systemEnvironment] PropertySource with lowest search precedence
- (332 ms) - [DEBUG] 2018-12-30 19:24:53,944 org.springframework.core.env.StandardEnvironment - Initialized StandardEnvironment with PropertySources [systemProperties,systemEnvironment]
- (348 ms) - [INFO] 2018-12-30 19:24:53,960 org.springframework.beans.factory.xml.XmlBeanDefinitionReader - Loading XML bean definitions from class path resource [applicationContext-mybatis.xml]
- (410 ms) - [DEBUG] 2018-12-30 19:24:54,022 org.springframework.beans.factory.xml.DefaultDocumentLoader - Using JAXP provider [com.sun.org.apache.xerces.internal.jaxp.DocumentBuilderFactoryImpl]
- (441 ms) - [DEBUG] 2018-12-30 19:24:54,053 org.springframework.beans.factory.xml.PluggableSchemaResolver - Loading schema mappings from [META-INF/spring.schemas]
- (445 ms) - [DEBUG] 2018-12-30 19:24:54,057 org.springframework.beans.factory.xml.PluggableSchemaResolver - Loaded schema mappings: {http://www.springframework.org/schema/tx/spring-tx-2.5.xsd=org/springframework/transaction/config/spring-tx-2.5.xsd, http://www.springframework.org/schema/aop/spring-aop-4.1.xsd=org/springframework/aop/config/spring-aop-4.1.xsd, http://www.springframework.org/schema/context/spring-context-3.1.xsd=org/springframework/context/config/spring-context-3.1.xsd, http://www.springframework.org/schema/jdbc/spring-jdbc-4.1.xsd=org/springframework/jdbc/config/spring-jdbc-4.1.xsd, http://www.springframework.org/schema/jms/spring-jms-2.5.xsd=org/springframework/jms/config/spring-jms-2.5.xsd, http://www.springframework.org/schema/util/spring-util-3.0.xsd=org/springframework/beans/factory/xml/spring-util-3.0.xsd, http://www.springframework.org/schema/mvc/spring-mvc-4.1.xsd=org/springframework/web/servlet/config/spring-mvc-4.1.xsd, http://www.springframework.org/schema/tool/spring-tool.xsd=org/springframework/beans/factory/xml/spring-tool-4.1.xsd, http://www.springframework.org/schema/aop/spring-aop-3.2.xsd=org/springframework/aop/config/spring-aop-3.2.xsd, http://mybatis.org/schema/mybatis-spring-1.2.xsd=org/mybatis/spring/config/mybatis-spring-1.2.xsd, http://www.springframework.org/schema/lang/spring-lang-4.1.xsd=org/springframework/scripting/config/spring-lang-4.1.xsd, http://www.springframework.org/schema/context/spring-context-4.0.xsd=org/springframework/context/config/spring-context-4.0.xsd, http://www.springframework.org/schema/mvc/spring-mvc-3.2.xsd=org/springframework/web/servlet/config/spring-mvc-3.2.xsd, http://www.springframework.org/schema/oxm/spring-oxm-3.0.xsd=org/springframework/oxm/config/spring-oxm-3.0.xsd, http://www.springframework.org/schema/tool/spring-tool-4.1.xsd=org/springframework/beans/factory/xml/spring-tool-4.1.xsd, http://www.springframework.org/schema/lang/spring-lang-3.2.xsd=org/springframework/scripting/config/spring-lang-3.2.xsd, http://www.springframework.org/schema/cache/spring-cache-3.2.xsd=org/springframework/cache/config/spring-cache-3.2.xsd, http://www.springframework.org/schema/jee/spring-jee-4.1.xsd=org/springframework/ejb/config/spring-jee-4.1.xsd, http://www.springframework.org/schema/jdbc/spring-jdbc-3.1.xsd=org/springframework/jdbc/config/spring-jdbc-3.1.xsd, http://www.springframework.org/schema/util/spring-util-2.0.xsd=org/springframework/beans/factory/xml/spring-util-2.0.xsd, http://www.springframework.org/schema/tool/spring-tool-3.2.xsd=org/springframework/beans/factory/xml/spring-tool-3.2.xsd, http://www.springframework.org/schema/context/spring-context.xsd=org/springframework/context/config/spring-context-4.1.xsd, http://www.springframework.org/schema/cache/spring-cache-4.1.xsd=org/springframework/cache/config/spring-cache-4.1.xsd, http://www.springframework.org/schema/aop/spring-aop-4.0.xsd=org/springframework/aop/config/spring-aop-4.0.xsd, http://www.springframework.org/schema/jee/spring-jee-3.2.xsd=org/springframework/ejb/config/spring-jee-3.2.xsd, http://www.springframework.org/schema/context/spring-context-3.0.xsd=org/springframework/context/config/spring-context-3.0.xsd, http://www.springframework.org/schema/jdbc/spring-jdbc-4.0.xsd=org/springframework/jdbc/config/spring-jdbc-4.0.xsd, http://www.springframework.org/schema/util/spring-util-2.5.xsd=org/springframework/beans/factory/xml/spring-util-2.5.xsd, http://www.springframework.org/schema/mvc/spring-mvc-4.0.xsd=org/springframework/web/servlet/config/spring-mvc-4.0.xsd, http://www.springframework.org/schema/beans/spring-beans-3.2.xsd=org/springframework/beans/factory/xml/spring-beans-3.2.xsd, http://www.springframework.org/schema/aop/spring-aop-3.1.xsd=org/springframework/aop/config/spring-aop-3.1.xsd, http://www.springframework.org/schema/lang/spring-lang-4.0.xsd=org/springframework/scripting/config/spring-lang-4.0.xsd, http://www.springframework.org/schema/mvc/spring-mvc.xsd=org/springframework/web/servlet/config/spring-mvc-4.1.xsd, http://www.springframework.org/schema/mvc/spring-mvc-3.1.xsd=org/springframework/web/servlet/config/spring-mvc-3.1.xsd, http://www.springframework.org/schema/beans/spring-beans-4.1.xsd=org/springframework/beans/factory/xml/spring-beans-4.1.xsd, http://www.springframework.org/schema/tool/spring-tool-4.0.xsd=org/springframework/beans/factory/xml/spring-tool-4.0.xsd, http://www.springframework.org/schema/lang/spring-lang-3.1.xsd=org/springframework/scripting/config/spring-lang-3.1.xsd, http://www.springframework.org/schema/tx/spring-tx-3.2.xsd=org/springframework/transaction/config/spring-tx-3.2.xsd, http://www.springframework.org/schema/cache/spring-cache-3.1.xsd=org/springframework/cache/config/spring-cache-3.1.xsd, http://www.springframework.org/schema/jee/spring-jee-4.0.xsd=org/springframework/ejb/config/spring-jee-4.0.xsd, http://www.springframework.org/schema/jdbc/spring-jdbc-3.0.xsd=org/springframework/jdbc/config/spring-jdbc-3.0.xsd, http://www.springframework.org/schema/task/spring-task-4.1.xsd=org/springframework/scheduling/config/spring-task-4.1.xsd, http://www.springframework.org/schema/tool/spring-tool-3.1.xsd=org/springframework/beans/factory/xml/spring-tool-3.1.xsd, http://www.springframework.org/schema/jdbc/spring-jdbc.xsd=org/springframework/jdbc/config/spring-jdbc-4.1.xsd, http://www.springframework.org/schema/tx/spring-tx-4.1.xsd=org/springframework/transaction/config/spring-tx-4.1.xsd, http://www.springframework.org/schema/cache/spring-cache-4.0.xsd=org/springframework/cache/config/spring-cache-4.0.xsd, http://www.springframework.org/schema/jee/spring-jee-3.1.xsd=org/springframework/ejb/config/spring-jee-3.1.xsd, http://www.springframework.org/schema/task/spring-task-3.2.xsd=org/springframework/scheduling/config/spring-task-3.2.xsd, http://www.springframework.org/schema/beans/spring-beans-3.1.xsd=org/springframework/beans/factory/xml/spring-beans-3.1.xsd, http://www.springframework.org/schema/util/spring-util.xsd=org/springframework/beans/factory/xml/spring-util-4.1.xsd, http://www.springframework.org/schema/aop/spring-aop-3.0.xsd=org/springframework/aop/config/spring-aop-3.0.xsd, http://www.springframework.org/schema/jms/spring-jms-3.2.xsd=org/springframework/jms/config/spring-jms-3.2.xsd, http://www.springframework.org/schema/mvc/spring-mvc-3.0.xsd=org/springframework/web/servlet/config/spring-mvc-3.0.xsd, http://www.springframework.org/schema/beans/spring-beans-4.0.xsd=org/springframework/beans/factory/xml/spring-beans-4.0.xsd, http://www.springframework.org/schema/beans/spring-beans.xsd=org/springframework/beans/factory/xml/spring-beans-4.1.xsd, http://www.springframework.org/schema/plugin/spring-plugin.xsd=org/springframework/plugin/core/config/spring-plugin.xsd, http://www.springframework.org/schema/lang/spring-lang-3.0.xsd=org/springframework/scripting/config/spring-lang-3.0.xsd, http://www.springframework.org/schema/tx/spring-tx-3.1.xsd=org/springframework/transaction/config/spring-tx-3.1.xsd, http://mybatis.org/schema/mybatis-spring.xsd=org/mybatis/spring/config/mybatis-spring-1.2.xsd, http://www.springframework.org/schema/context/spring-context-2.5.xsd=org/springframework/context/config/spring-context-2.5.xsd, http://www.springframework.org/schema/jms/spring-jms-4.1.xsd=org/springframework/jms/config/spring-jms-4.1.xsd, http://www.springframework.org/schema/task/spring-task-4.0.xsd=org/springframework/scheduling/config/spring-task-4.0.xsd, http://www.springframework.org/schema/tool/spring-tool-3.0.xsd=org/springframework/beans/factory/xml/spring-tool-3.0.xsd, http://www.springframework.org/schema/tx/spring-tx-4.0.xsd=org/springframework/transaction/config/spring-tx-4.0.xsd, http://www.springframework.org/schema/aop/spring-aop-2.0.xsd=org/springframework/aop/config/spring-aop-2.0.xsd, http://www.springframework.org/schema/jee/spring-jee-3.0.xsd=org/springframework/ejb/config/spring-jee-3.0.xsd, http://www.springframework.org/schema/util/spring-util-4.1.xsd=org/springframework/beans/factory/xml/spring-util-4.1.xsd, http://www.springframework.org/schema/task/spring-task-3.1.xsd=org/springframework/scheduling/config/spring-task-3.1.xsd, http://www.springframework.org/schema/beans/spring-beans-3.0.xsd=org/springframework/beans/factory/xml/spring-beans-3.0.xsd, http://www.springframework.org/schema/jee/spring-jee.xsd=org/springframework/ejb/config/spring-jee-4.1.xsd, http://www.springframework.org/schema/aop/spring-aop-2.5.xsd=org/springframework/aop/config/spring-aop-2.5.xsd, http://www.springframework.org/schema/jms/spring-jms.xsd=org/springframework/jms/config/spring-jms-4.1.xsd, http://www.springframework.org/schema/lang/spring-lang-2.0.xsd=org/springframework/scripting/config/spring-lang-2.0.xsd, http://www.springframework.org/schema/jms/spring-jms-3.1.xsd=org/springframework/jms/config/spring-jms-3.1.xsd, http://www.springframework.org/schema/oxm/spring-oxm.xsd=org/springframework/oxm/config/spring-oxm-4.1.xsd, http://www.springframework.org/schema/util/spring-util-3.2.xsd=org/springframework/beans/factory/xml/spring-util-3.2.xsd, http://www.springframework.org/schema/oxm/spring-oxm-4.1.xsd=org/springframework/oxm/config/spring-oxm-4.1.xsd, http://www.springframework.org/schema/task/spring-task.xsd=org/springframework/scheduling/config/spring-task-4.1.xsd, http://www.springframework.org/schema/tool/spring-tool-2.0.xsd=org/springframework/beans/factory/xml/spring-tool-2.0.xsd, http://www.springframework.org/schema/tx/spring-tx-3.0.xsd=org/springframework/transaction/config/spring-tx-3.0.xsd, http://www.springframework.org/schema/lang/spring-lang-2.5.xsd=org/springframework/scripting/config/spring-lang-2.5.xsd, http://www.springframework.org/schema/jee/spring-jee-2.0.xsd=org/springframework/ejb/config/spring-jee-2.0.xsd, http://www.springframework.org/schema/jms/spring-jms-4.0.xsd=org/springframework/jms/config/spring-jms-4.0.xsd, http://www.springframework.org/schema/oxm/spring-oxm-3.2.xsd=org/springframework/oxm/config/spring-oxm-3.2.xsd, http://www.springframework.org/schema/tool/spring-tool-2.5.xsd=org/springframework/beans/factory/xml/spring-tool-2.5.xsd, http://www.springframework.org/schema/jee/spring-jee-2.5.xsd=org/springframework/ejb/config/spring-jee-2.5.xsd, http://www.springframework.org/schema/util/spring-util-4.0.xsd=org/springframework/beans/factory/xml/spring-util-4.0.xsd, http://www.springframework.org/schema/task/spring-task-3.0.xsd=org/springframework/scheduling/config/spring-task-3.0.xsd, http://www.springframework.org/schema/lang/spring-lang.xsd=org/springframework/scripting/config/spring-lang-4.1.xsd, http://www.springframework.org/schema/context/spring-context-3.2.xsd=org/springframework/context/config/spring-context-3.2.xsd, http://www.springframework.org/schema/jms/spring-jms-3.0.xsd=org/springframework/jms/config/spring-jms-3.0.xsd, http://www.springframework.org/schema/util/spring-util-3.1.xsd=org/springframework/beans/factory/xml/spring-util-3.1.xsd, http://www.springframework.org/schema/beans/spring-beans-2.0.xsd=org/springframework/beans/factory/xml/spring-beans-2.0.xsd, http://www.springframework.org/schema/oxm/spring-oxm-4.0.xsd=org/springframework/oxm/config/spring-oxm-4.0.xsd, http://www.springframework.org/schema/cache/spring-cache.xsd=org/springframework/cache/config/spring-cache-4.1.xsd, http://www.springframework.org/schema/tx/spring-tx.xsd=org/springframework/transaction/config/spring-tx-4.1.xsd, http://www.springframework.org/schema/context/spring-context-4.1.xsd=org/springframework/context/config/spring-context-4.1.xsd, http://www.springframework.org/schema/beans/spring-beans-2.5.xsd=org/springframework/beans/factory/xml/spring-beans-2.5.xsd, http://www.springframework.org/schema/oxm/spring-oxm-3.1.xsd=org/springframework/oxm/config/spring-oxm-3.1.xsd, http://www.springframework.org/schema/tx/spring-tx-2.0.xsd=org/springframework/transaction/config/spring-tx-2.0.xsd, http://www.springframework.org/schema/jdbc/spring-jdbc-3.2.xsd=org/springframework/jdbc/config/spring-jdbc-3.2.xsd, http://www.springframework.org/schema/aop/spring-aop.xsd=org/springframework/aop/config/spring-aop-4.1.xsd}
- (448 ms) - [DEBUG] 2018-12-30 19:24:54,060 org.springframework.beans.factory.xml.PluggableSchemaResolver - Found XML schema [http://www.springframework.org/schema/beans/spring-beans-2.5.xsd] in classpath: org/springframework/beans/factory/xml/spring-beans-2.5.xsd
- (493 ms) - [DEBUG] 2018-12-30 19:24:54,105 org.springframework.beans.factory.xml.PluggableSchemaResolver - Found XML schema [http://www.springframework.org/schema/mvc/spring-mvc.xsd] in classpath: org/springframework/web/servlet/config/spring-mvc-4.1.xsd
- (507 ms) - [DEBUG] 2018-12-30 19:24:54,119 org.springframework.beans.factory.xml.PluggableSchemaResolver - Found XML schema [http://www.springframework.org/schema/tool/spring-tool-4.1.xsd] in classpath: org/springframework/beans/factory/xml/spring-tool-4.1.xsd
- (516 ms) - [DEBUG] 2018-12-30 19:24:54,128 org.springframework.beans.factory.xml.PluggableSchemaResolver - Found XML schema [http://www.springframework.org/schema/context/spring-context.xsd] in classpath: org/springframework/context/config/spring-context-4.1.xsd
- (524 ms) - [DEBUG] 2018-12-30 19:24:54,136 org.springframework.beans.factory.xml.PluggableSchemaResolver - Found XML schema [http://www.springframework.org/schema/aop/spring-aop-2.5.xsd] in classpath: org/springframework/aop/config/spring-aop-2.5.xsd
- (535 ms) - [DEBUG] 2018-12-30 19:24:54,147 org.springframework.beans.factory.xml.PluggableSchemaResolver - Found XML schema [http://www.springframework.org/schema/tx/spring-tx-2.5.xsd] in classpath: org/springframework/transaction/config/spring-tx-2.5.xsd
- (548 ms) - [DEBUG] 2018-12-30 19:24:54,160 org.springframework.beans.factory.xml.DefaultBeanDefinitionDocumentReader - Loading bean definitions
- (565 ms) - [DEBUG] 2018-12-30 19:24:54,177 org.springframework.beans.factory.xml.DefaultNamespaceHandlerResolver - Loaded NamespaceHandler mappings: {http://www.springframework.org/schema/p=org.springframework.beans.factory.xml.SimplePropertyNamespaceHandler, http://www.springframework.org/schema/mvc=org.springframework.web.servlet.config.MvcNamespaceHandler, http://www.springframework.org/schema/util=org.springframework.beans.factory.xml.UtilNamespaceHandler, http://www.springframework.org/schema/jee=org.springframework.ejb.config.JeeNamespaceHandler, http://www.springframework.org/schema/aop=org.springframework.aop.config.AopNamespaceHandler, http://www.springframework.org/schema/jdbc=org.springframework.jdbc.config.JdbcNamespaceHandler, http://www.springframework.org/schema/oxm=org.springframework.oxm.config.OxmNamespaceHandler, http://www.springframework.org/schema/cache=org.springframework.cache.config.CacheNamespaceHandler, http://mybatis.org/schema/mybatis-spring=org.mybatis.spring.config.NamespaceHandler, http://www.springframework.org/schema/c=org.springframework.beans.factory.xml.SimpleConstructorNamespaceHandler, http://www.springframework.org/schema/plugin=org.springframework.plugin.core.config.PluginNamespaceHandler, http://www.springframework.org/schema/tx=org.springframework.transaction.config.TxNamespaceHandler, http://www.springframework.org/schema/jms=org.springframework.jms.config.JmsNamespaceHandler, http://www.springframework.org/schema/task=org.springframework.scheduling.config.TaskNamespaceHandler, http://www.springframework.org/schema/lang=org.springframework.scripting.config.LangNamespaceHandler, http://www.springframework.org/schema/context=org.springframework.context.config.ContextNamespaceHandler}
- (696 ms) - [DEBUG] 2018-12-30 19:24:54,308 org.springframework.core.io.support.PathMatchingResourcePatternResolver - Looking for matching resources in directory tree [E:\ideaXM\itrip\itrip-biz\target\test-classes\cn\itrip\service]
- (696 ms) - [DEBUG] 2018-12-30 19:24:54,308 org.springframework.core.io.support.PathMatchingResourcePatternResolver - Searching directory [E:\ideaXM\itrip\itrip-biz\target\test-classes\cn\itrip\service] for files matching pattern [E:/ideaXM/itrip/itrip-biz/target/test-classes/cn/itrip/service/**/*.class]
- (698 ms) - [DEBUG] 2018-12-30 19:24:54,310 org.springframework.core.io.support.PathMatchingResourcePatternResolver - Searching directory [E:\ideaXM\itrip\itrip-biz\target\test-classes\cn\itrip\service\areadic] for files matching pattern [E:/ideaXM/itrip/itrip-biz/target/test-classes/cn/itrip/service/**/*.class]
- (699 ms) - [DEBUG] 2018-12-30 19:24:54,311 org.springframework.core.io.support.PathMatchingResourcePatternResolver - Searching directory [E:\ideaXM\itrip\itrip-biz\target\test-classes\cn\itrip\service\labeldic] for files matching pattern [E:/ideaXM/itrip/itrip-biz/target/test-classes/cn/itrip/service/**/*.class]
- (700 ms) - [DEBUG] 2018-12-30 19:24:54,312 org.springframework.core.io.support.PathMatchingResourcePatternResolver - Searching directory [E:\ideaXM\itrip\itrip-biz\target\test-classes\cn\itrip\service\user] for files matching pattern [E:/ideaXM/itrip/itrip-biz/target/test-classes/cn/itrip/service/**/*.class]
- (701 ms) - [DEBUG] 2018-12-30 19:24:54,313 org.springframework.core.io.support.PathMatchingResourcePatternResolver - Searching directory [E:\ideaXM\itrip\itrip-biz\target\test-classes\cn\itrip\service\userlinkuser] for files matching pattern [E:/ideaXM/itrip/itrip-biz/target/test-classes/cn/itrip/service/**/*.class]
- (703 ms) - [DEBUG] 2018-12-30 19:24:54,315 org.springframework.core.io.support.PathMatchingResourcePatternResolver - Looking for matching resources in directory tree [E:\ideaXM\itrip\itrip-biz\target\classes\cn\itrip\service]
- (704 ms) - [DEBUG] 2018-12-30 19:24:54,316 org.springframework.core.io.support.PathMatchingResourcePatternResolver - Searching directory [E:\ideaXM\itrip\itrip-biz\target\classes\cn\itrip\service] for files matching pattern [E:/ideaXM/itrip/itrip-biz/target/classes/cn/itrip/service/**/*.class]
- (705 ms) - [DEBUG] 2018-12-30 19:24:54,317 org.springframework.core.io.support.PathMatchingResourcePatternResolver - Searching directory [E:\ideaXM\itrip\itrip-biz\target\classes\cn\itrip\service\area] for files matching pattern [E:/ideaXM/itrip/itrip-biz/target/classes/cn/itrip/service/**/*.class]
- (707 ms) - [DEBUG] 2018-12-30 19:24:54,319 org.springframework.core.io.support.PathMatchingResourcePatternResolver - Searching directory [E:\ideaXM\itrip\itrip-biz\target\classes\cn\itrip\service\areadic] for files matching pattern [E:/ideaXM/itrip/itrip-biz/target/classes/cn/itrip/service/**/*.class]
- (708 ms) - [DEBUG] 2018-12-30 19:24:54,320 org.springframework.core.io.support.PathMatchingResourcePatternResolver - Searching directory [E:\ideaXM\itrip\itrip-biz\target\classes\cn\itrip\service\comment] for files matching pattern [E:/ideaXM/itrip/itrip-biz/target/classes/cn/itrip/service/**/*.class]
- (710 ms) - [DEBUG] 2018-12-30 19:24:54,322 org.springframework.core.io.support.PathMatchingResourcePatternResolver - Searching directory [E:\ideaXM\itrip\itrip-biz\target\classes\cn\itrip\service\hotelorder] for files matching pattern [E:/ideaXM/itrip/itrip-biz/target/classes/cn/itrip/service/**/*.class]
- (711 ms) - [DEBUG] 2018-12-30 19:24:54,323 org.springframework.core.io.support.PathMatchingResourcePatternResolver - Searching directory [E:\ideaXM\itrip\itrip-biz\target\classes\cn\itrip\service\image] for files matching pattern [E:/ideaXM/itrip/itrip-biz/target/classes/cn/itrip/service/**/*.class]
- (712 ms) - [DEBUG] 2018-12-30 19:24:54,324 org.springframework.core.io.support.PathMatchingResourcePatternResolver - Searching directory [E:\ideaXM\itrip\itrip-biz\target\classes\cn\itrip\service\label] for files matching pattern [E:/ideaXM/itrip/itrip-biz/target/classes/cn/itrip/service/**/*.class]
- (714 ms) - [DEBUG] 2018-12-30 19:24:54,326 org.springframework.core.io.support.PathMatchingResourcePatternResolver - Searching directory [E:\ideaXM\itrip\itrip-biz\target\classes\cn\itrip\service\labeldic] for files matching pattern [E:/ideaXM/itrip/itrip-biz/target/classes/cn/itrip/service/**/*.class]
- (715 ms) - [DEBUG] 2018-12-30 19:24:54,327 org.springframework.core.io.support.PathMatchingResourcePatternResolver - Searching directory [E:\ideaXM\itrip\itrip-biz\target\classes\cn\itrip\service\user] for files matching pattern [E:/ideaXM/itrip/itrip-biz/target/classes/cn/itrip/service/**/*.class]
- (716 ms) - [DEBUG] 2018-12-30 19:24:54,328 org.springframework.core.io.support.PathMatchingResourcePatternResolver - Searching directory [E:\ideaXM\itrip\itrip-biz\target\classes\cn\itrip\service\userlinkuser] for files matching pattern [E:/ideaXM/itrip/itrip-biz/target/classes/cn/itrip/service/**/*.class]
- (718 ms) - [DEBUG] 2018-12-30 19:24:54,330 org.springframework.core.io.support.PathMatchingResourcePatternResolver - Resolved location pattern [classpath*:cn/itrip/service/**/*.class] to resources [file [E:\ideaXM\itrip\itrip-biz\target\test-classes\cn\itrip\service\areadic\TestItripAreaDicService.class], file [E:\ideaXM\itrip\itrip-biz\target\test-classes\cn\itrip\service\labeldic\TestItripLabelDicService.class], file [E:\ideaXM\itrip\itrip-biz\target\test-classes\cn\itrip\service\user\TestItripUserService.class], file [E:\ideaXM\itrip\itrip-biz\target\test-classes\cn\itrip\service\userlinkuser\TestItripUserLinkUserService.class], file [E:\ideaXM\itrip\itrip-biz\target\classes\cn\itrip\service\area\ItripHotService.class], file [E:\ideaXM\itrip\itrip-biz\target\classes\cn\itrip\service\area\ItripHotServiceImpl.class], file [E:\ideaXM\itrip\itrip-biz\target\classes\cn\itrip\service\areadic\ItripAreaDicService.class], file [E:\ideaXM\itrip\itrip-biz\target\classes\cn\itrip\service\areadic\ItripAreaDicServiceImpl.class], file [E:\ideaXM\itrip\itrip-biz\target\classes\cn\itrip\service\comment\ItripCommentService.class], file [E:\ideaXM\itrip\itrip-biz\target\classes\cn\itrip\service\comment\ItripCommentServiceImpl.class], file [E:\ideaXM\itrip\itrip-biz\target\classes\cn\itrip\service\hotelorder\ItripHotelOrderService.class], file [E:\ideaXM\itrip\itrip-biz\target\classes\cn\itrip\service\hotelorder\ItripHotelOrderServiceImpl.class], file [E:\ideaXM\itrip\itrip-biz\target\classes\cn\itrip\service\image\ItripImageService.class], file [E:\ideaXM\itrip\itrip-biz\target\classes\cn\itrip\service\image\ItripImageServiceImpl.class], file [E:\ideaXM\itrip\itrip-biz\target\classes\cn\itrip\service\label\ItripLabelService.class], file [E:\ideaXM\itrip\itrip-biz\target\classes\cn\itrip\service\label\ItripLabelServiceImpl.class], file [E:\ideaXM\itrip\itrip-biz\target\classes\cn\itrip\service\labeldic\ItripLabelDicService.class], file [E:\ideaXM\itrip\itrip-biz\target\classes\cn\itrip\service\labeldic\ItripLabelDicServiceImpl.class], file [E:\ideaXM\itrip\itrip-biz\target\classes\cn\itrip\service\user\ItripUserService.class], file [E:\ideaXM\itrip\itrip-biz\target\classes\cn\itrip\service\user\ItripUserServiceImpl.class], file [E:\ideaXM\itrip\itrip-biz\target\classes\cn\itrip\service\userlinkuser\ItripUserLinkUserService.class], file [E:\ideaXM\itrip\itrip-biz\target\classes\cn\itrip\service\userlinkuser\ItripUserLinkUserServiceImpl.class]]
- (737 ms) - [DEBUG] 2018-12-30 19:24:54,349 org.springframework.context.annotation.ClassPathBeanDefinitionScanner - Identified candidate component class: file [E:\ideaXM\itrip\itrip-biz\target\classes\cn\itrip\service\area\ItripHotServiceImpl.class]
- (738 ms) - [DEBUG] 2018-12-30 19:24:54,350 org.springframework.context.annotation.ClassPathBeanDefinitionScanner - Identified candidate component class: file [E:\ideaXM\itrip\itrip-biz\target\classes\cn\itrip\service\areadic\ItripAreaDicServiceImpl.class]
- (740 ms) - [DEBUG] 2018-12-30 19:24:54,352 org.springframework.context.annotation.ClassPathBeanDefinitionScanner - Identified candidate component class: file [E:\ideaXM\itrip\itrip-biz\target\classes\cn\itrip\service\comment\ItripCommentServiceImpl.class]
- (741 ms) - [DEBUG] 2018-12-30 19:24:54,353 org.springframework.context.annotation.ClassPathBeanDefinitionScanner - Identified candidate component class: file [E:\ideaXM\itrip\itrip-biz\target\classes\cn\itrip\service\hotelorder\ItripHotelOrderServiceImpl.class]
- (742 ms) - [DEBUG] 2018-12-30 19:24:54,354 org.springframework.context.annotation.ClassPathBeanDefinitionScanner - Identified candidate component class: file [E:\ideaXM\itrip\itrip-biz\target\classes\cn\itrip\service\image\ItripImageServiceImpl.class]
- (743 ms) - [DEBUG] 2018-12-30 19:24:54,355 org.springframework.context.annotation.ClassPathBeanDefinitionScanner - Identified candidate component class: file [E:\ideaXM\itrip\itrip-biz\target\classes\cn\itrip\service\label\ItripLabelServiceImpl.class]
- (744 ms) - [DEBUG] 2018-12-30 19:24:54,356 org.springframework.context.annotation.ClassPathBeanDefinitionScanner - Identified candidate component class: file [E:\ideaXM\itrip\itrip-biz\target\classes\cn\itrip\service\labeldic\ItripLabelDicServiceImpl.class]
- (745 ms) - [DEBUG] 2018-12-30 19:24:54,357 org.springframework.context.annotation.ClassPathBeanDefinitionScanner - Identified candidate component class: file [E:\ideaXM\itrip\itrip-biz\target\classes\cn\itrip\service\user\ItripUserServiceImpl.class]
- (746 ms) - [DEBUG] 2018-12-30 19:24:54,358 org.springframework.context.annotation.ClassPathBeanDefinitionScanner - Identified candidate component class: file [E:\ideaXM\itrip\itrip-biz\target\classes\cn\itrip\service\userlinkuser\ItripUserLinkUserServiceImpl.class]
- (783 ms) - [DEBUG] 2018-12-30 19:24:54,395 org.springframework.beans.factory.xml.BeanDefinitionParserDelegate - Neither XML 'id' nor 'name' specified - using generated bean name [org.mybatis.spring.mapper.MapperScannerConfigurer#0]
- (785 ms) - [DEBUG] 2018-12-30 19:24:54,397 org.springframework.beans.factory.xml.XmlBeanDefinitionReader - Loaded 31 bean definitions from location pattern [classpath:/applicationContext-mybatis.xml]
- (788 ms) - [INFO] 2018-12-30 19:24:54,400 org.springframework.context.support.GenericApplicationContext - Refreshing org.springframework.context.support.GenericApplicationContext@1f57539: startup date [Sun Dec 30 19:24:54 CST 2018]; root of context hierarchy
- (789 ms) - [DEBUG] 2018-12-30 19:24:54,401 org.springframework.context.support.GenericApplicationContext - Bean factory for org.springframework.context.support.GenericApplicationContext@1f57539: org.springframework.beans.factory.support.DefaultListableBeanFactory@7722c3c3: defining beans [org.springframework.web.servlet.resource.DefaultServletHttpRequestHandler#0,org.springframework.web.servlet.handler.SimpleUrlHandlerMapping#0,org.springframework.web.servlet.handler.BeanNameUrlHandlerMapping,org.springframework.web.servlet.mvc.HttpRequestHandlerAdapter,org.springframework.web.servlet.mvc.SimpleControllerHandlerAdapter,itripHotServiceImpl,itripAreaDicServiceImpl,itripCommentServiceImpl,itripHotelOrderServiceImpl,itripImageServiceImpl,itripLabelServiceImpl,itripLabelDicServiceImpl,itripUserServiceImpl,itripUserLinkUserServiceImpl,org.springframework.context.annotation.internalConfigurationAnnotationProcessor,org.springframework.context.annotation.internalAutowiredAnnotationProcessor,org.springframework.context.annotation.internalRequiredAnnotationProcessor,org.springframework.context.annotation.internalCommonAnnotationProcessor,org.springframework.context.support.PropertySourcesPlaceholderConfigurer#0,dataSource,txManager,sqlSessionFactoryBean,org.springframework.aop.config.internalAutoProxyCreator,transService,org.springframework.aop.support.DefaultBeanFactoryPointcutAdvisor#0,myAdvice,org.mybatis.spring.mapper.MapperScannerConfigurer#0,jedisPoolConfig,jedisPool,redisAPI,validationToken]; root of factory hierarchy
- (815 ms) - [DEBUG] 2018-12-30 19:24:54,427 org.springframework.beans.factory.support.DefaultListableBeanFactory - Creating shared instance of singleton bean 'org.springframework.context.annotation.internalConfigurationAnnotationProcessor'
- (816 ms) - [DEBUG] 2018-12-30 19:24:54,428 org.springframework.beans.factory.support.DefaultListableBeanFactory - Creating instance of bean 'org.springframework.context.annotation.internalConfigurationAnnotationProcessor'
- (830 ms) - [DEBUG] 2018-12-30 19:24:54,442 org.springframework.beans.factory.support.DefaultListableBeanFactory - Eagerly caching bean 'org.springframework.context.annotation.internalConfigurationAnnotationProcessor' to allow for resolving potential circular references
- (833 ms) - [DEBUG] 2018-12-30 19:24:54,445 org.springframework.beans.factory.support.DefaultListableBeanFactory - Finished creating instance of bean 'org.springframework.context.annotation.internalConfigurationAnnotationProcessor'
- (1187 ms) - [DEBUG] 2018-12-30 19:24:54,799 org.springframework.beans.factory.support.DefaultListableBeanFactory - Creating shared instance of singleton bean 'org.mybatis.spring.mapper.MapperScannerConfigurer#0'
- (1187 ms) - [DEBUG] 2018-12-30 19:24:54,799 org.springframework.beans.factory.support.DefaultListableBeanFactory - Creating instance of bean 'org.mybatis.spring.mapper.MapperScannerConfigurer#0'
- (1188 ms) - [DEBUG] 2018-12-30 19:24:54,800 org.springframework.beans.factory.support.DefaultListableBeanFactory - Eagerly caching bean 'org.mybatis.spring.mapper.MapperScannerConfigurer#0' to allow for resolving potential circular references
- (1220 ms) - [DEBUG] 2018-12-30 19:24:54,832 org.springframework.beans.factory.support.DefaultListableBeanFactory - Invoking afterPropertiesSet() on bean with name 'org.mybatis.spring.mapper.MapperScannerConfigurer#0'
- (1221 ms) - [DEBUG] 2018-12-30 19:24:54,833 org.springframework.beans.factory.support.DefaultListableBeanFactory - Finished creating instance of bean 'org.mybatis.spring.mapper.MapperScannerConfigurer#0'
- (1224 ms) - [DEBUG] 2018-12-30 19:24:54,836 org.springframework.core.env.StandardEnvironment - Adding [systemProperties] PropertySource with lowest search precedence
- (1225 ms) - [DEBUG] 2018-12-30 19:24:54,837 org.springframework.core.env.StandardEnvironment - Adding [systemEnvironment] PropertySource with lowest search precedence
- (1226 ms) - [DEBUG] 2018-12-30 19:24:54,838 org.springframework.core.env.StandardEnvironment - Initialized StandardEnvironment with PropertySources [systemProperties,systemEnvironment]
- (1229 ms) - [DEBUG] 2018-12-30 19:24:54,841 org.springframework.core.io.support.PathMatchingResourcePatternResolver - Looking for matching resources in jar file [file:/E:/ideaXM/itrip/itrip-dao/target/itrip-dao-1.0-SNAPSHOT.jar]
- (1231 ms) - [DEBUG] 2018-12-30 19:24:54,843 org.springframework.core.io.support.PathMatchingResourcePatternResolver - Resolved location pattern [classpath*:cn/itrip/dao/**/*.class] to resources [URL [jar:file:/E:/ideaXM/itrip/itrip-dao/target/itrip-dao-1.0-SNAPSHOT.jar!/cn/itrip/dao/area/ItripHotMapper.class], URL [jar:file:/E:/ideaXM/itrip/itrip-dao/target/itrip-dao-1.0-SNAPSHOT.jar!/cn/itrip/dao/areadic/ItripAreaDicMapper.class], URL [jar:file:/E:/ideaXM/itrip/itrip-dao/target/itrip-dao-1.0-SNAPSHOT.jar!/cn/itrip/dao/comment/ItripCommentMapper.class], URL [jar:file:/E:/ideaXM/itrip/itrip-dao/target/itrip-dao-1.0-SNAPSHOT.jar!/cn/itrip/dao/hotel/ItripHotelMapper.class], URL [jar:file:/E:/ideaXM/itrip/itrip-dao/target/itrip-dao-1.0-SNAPSHOT.jar!/cn/itrip/dao/hotelorder/ItripHotelOrderMapper.class], URL [jar:file:/E:/ideaXM/itrip/itrip-dao/target/itrip-dao-1.0-SNAPSHOT.jar!/cn/itrip/dao/image/ItripImageMapper.class], URL [jar:file:/E:/ideaXM/itrip/itrip-dao/target/itrip-dao-1.0-SNAPSHOT.jar!/cn/itrip/dao/label/ItripLabelMapper.class], URL [jar:file:/E:/ideaXM/itrip/itrip-dao/target/itrip-dao-1.0-SNAPSHOT.jar!/cn/itrip/dao/labeldic/ItripLabelDicMapper.class], URL [jar:file:/E:/ideaXM/itrip/itrip-dao/target/itrip-dao-1.0-SNAPSHOT.jar!/cn/itrip/dao/user/ItripUserMapper.class], URL [jar:file:/E:/ideaXM/itrip/itrip-dao/target/itrip-dao-1.0-SNAPSHOT.jar!/cn/itrip/dao/userlinkuser/ItripUserLinkUserMapper.class]]
- (1232 ms) - [DEBUG] 2018-12-30 19:24:54,844 org.mybatis.spring.mapper.ClassPathMapperScanner - Identified candidate component class: URL [jar:file:/E:/ideaXM/itrip/itrip-dao/target/itrip-dao-1.0-SNAPSHOT.jar!/cn/itrip/dao/area/ItripHotMapper.class]
- (1234 ms) - [DEBUG] 2018-12-30 19:24:54,846 org.mybatis.spring.mapper.ClassPathMapperScanner - Identified candidate component class: URL [jar:file:/E:/ideaXM/itrip/itrip-dao/target/itrip-dao-1.0-SNAPSHOT.jar!/cn/itrip/dao/areadic/ItripAreaDicMapper.class]
- (1235 ms) - [DEBUG] 2018-12-30 19:24:54,847 org.mybatis.spring.mapper.ClassPathMapperScanner - Identified candidate component class: URL [jar:file:/E:/ideaXM/itrip/itrip-dao/target/itrip-dao-1.0-SNAPSHOT.jar!/cn/itrip/dao/comment/ItripCommentMapper.class]
- (1237 ms) - [DEBUG] 2018-12-30 19:24:54,849 org.mybatis.spring.mapper.ClassPathMapperScanner - Identified candidate component class: URL [jar:file:/E:/ideaXM/itrip/itrip-dao/target/itrip-dao-1.0-SNAPSHOT.jar!/cn/itrip/dao/hotel/ItripHotelMapper.class]
- (1239 ms) - [DEBUG] 2018-12-30 19:24:54,851 org.mybatis.spring.mapper.ClassPathMapperScanner - Identified candidate component class: URL [jar:file:/E:/ideaXM/itrip/itrip-dao/target/itrip-dao-1.0-SNAPSHOT.jar!/cn/itrip/dao/hotelorder/ItripHotelOrderMapper.class]
- (1240 ms) - [DEBUG] 2018-12-30 19:24:54,852 org.mybatis.spring.mapper.ClassPathMapperScanner - Identified candidate component class: URL [jar:file:/E:/ideaXM/itrip/itrip-dao/target/itrip-dao-1.0-SNAPSHOT.jar!/cn/itrip/dao/image/ItripImageMapper.class]
- (1242 ms) - [DEBUG] 2018-12-30 19:24:54,854 org.mybatis.spring.mapper.ClassPathMapperScanner - Identified candidate component class: URL [jar:file:/E:/ideaXM/itrip/itrip-dao/target/itrip-dao-1.0-SNAPSHOT.jar!/cn/itrip/dao/label/ItripLabelMapper.class]
- (1243 ms) - [DEBUG] 2018-12-30 19:24:54,855 org.mybatis.spring.mapper.ClassPathMapperScanner - Identified candidate component class: URL [jar:file:/E:/ideaXM/itrip/itrip-dao/target/itrip-dao-1.0-SNAPSHOT.jar!/cn/itrip/dao/labeldic/ItripLabelDicMapper.class]
- (1244 ms) - [DEBUG] 2018-12-30 19:24:54,856 org.mybatis.spring.mapper.ClassPathMapperScanner - Identified candidate component class: URL [jar:file:/E:/ideaXM/itrip/itrip-dao/target/itrip-dao-1.0-SNAPSHOT.jar!/cn/itrip/dao/user/ItripUserMapper.class]
- (1246 ms) - [DEBUG] 2018-12-30 19:24:54,858 org.mybatis.spring.mapper.ClassPathMapperScanner - Identified candidate component class: URL [jar:file:/E:/ideaXM/itrip/itrip-dao/target/itrip-dao-1.0-SNAPSHOT.jar!/cn/itrip/dao/userlinkuser/ItripUserLinkUserMapper.class]
- (1248 ms) - [DEBUG] 2018-12-30 19:24:54,860 org.mybatis.spring.mapper.ClassPathMapperScanner - Creating MapperFactoryBean with name 'itripHotMapper' and 'cn.itrip.dao.area.ItripHotMapper' mapperInterface
- (1251 ms) - [DEBUG] 2018-12-30 19:24:54,863 org.mybatis.spring.mapper.ClassPathMapperScanner - Enabling autowire by type for MapperFactoryBean with name 'itripHotMapper'.
- (1251 ms) - [DEBUG] 2018-12-30 19:24:54,863 org.mybatis.spring.mapper.ClassPathMapperScanner - Creating MapperFactoryBean with name 'itripAreaDicMapper' and 'cn.itrip.dao.areadic.ItripAreaDicMapper' mapperInterface
- (1252 ms) - [DEBUG] 2018-12-30 19:24:54,864 org.mybatis.spring.mapper.ClassPathMapperScanner - Enabling autowire by type for MapperFactoryBean with name 'itripAreaDicMapper'.
- (1252 ms) - [DEBUG] 2018-12-30 19:24:54,864 org.mybatis.spring.mapper.ClassPathMapperScanner - Creating MapperFactoryBean with name 'itripCommentMapper' and 'cn.itrip.dao.comment.ItripCommentMapper' mapperInterface
- (1253 ms) - [DEBUG] 2018-12-30 19:24:54,865 org.mybatis.spring.mapper.ClassPathMapperScanner - Enabling autowire by type for MapperFactoryBean with name 'itripCommentMapper'.
- (1254 ms) - [DEBUG] 2018-12-30 19:24:54,866 org.mybatis.spring.mapper.ClassPathMapperScanner - Creating MapperFactoryBean with name 'itripHotelMapper' and 'cn.itrip.dao.hotel.ItripHotelMapper' mapperInterface
- (1254 ms) - [DEBUG] 2018-12-30 19:24:54,866 org.mybatis.spring.mapper.ClassPathMapperScanner - Enabling autowire by type for MapperFactoryBean with name 'itripHotelMapper'.
- (1255 ms) - [DEBUG] 2018-12-30 19:24:54,867 org.mybatis.spring.mapper.ClassPathMapperScanner - Creating MapperFactoryBean with name 'itripHotelOrderMapper' and 'cn.itrip.dao.hotelorder.ItripHotelOrderMapper' mapperInterface
- (1255 ms) - [DEBUG] 2018-12-30 19:24:54,867 org.mybatis.spring.mapper.ClassPathMapperScanner - Enabling autowire by type for MapperFactoryBean with name 'itripHotelOrderMapper'.
- (1256 ms) - [DEBUG] 2018-12-30 19:24:54,868 org.mybatis.spring.mapper.ClassPathMapperScanner - Creating MapperFactoryBean with name 'itripImageMapper' and 'cn.itrip.dao.image.ItripImageMapper' mapperInterface
- (1256 ms) - [DEBUG] 2018-12-30 19:24:54,868 org.mybatis.spring.mapper.ClassPathMapperScanner - Enabling autowire by type for MapperFactoryBean with name 'itripImageMapper'.
- (1257 ms) - [DEBUG] 2018-12-30 19:24:54,869 org.mybatis.spring.mapper.ClassPathMapperScanner - Creating MapperFactoryBean with name 'itripLabelMapper' and 'cn.itrip.dao.label.ItripLabelMapper' mapperInterface
- (1259 ms) - [DEBUG] 2018-12-30 19:24:54,871 org.mybatis.spring.mapper.ClassPathMapperScanner - Enabling autowire by type for MapperFactoryBean with name 'itripLabelMapper'.
- (1261 ms) - [DEBUG] 2018-12-30 19:24:54,873 org.mybatis.spring.mapper.ClassPathMapperScanner - Creating MapperFactoryBean with name 'itripLabelDicMapper' and 'cn.itrip.dao.labeldic.ItripLabelDicMapper' mapperInterface
- (1263 ms) - [DEBUG] 2018-12-30 19:24:54,875 org.mybatis.spring.mapper.ClassPathMapperScanner - Enabling autowire by type for MapperFactoryBean with name 'itripLabelDicMapper'.
- (1263 ms) - [DEBUG] 2018-12-30 19:24:54,875 org.mybatis.spring.mapper.ClassPathMapperScanner - Creating MapperFactoryBean with name 'itripUserMapper' and 'cn.itrip.dao.user.ItripUserMapper' mapperInterface
- (1263 ms) - [DEBUG] 2018-12-30 19:24:54,875 org.mybatis.spring.mapper.ClassPathMapperScanner - Enabling autowire by type for MapperFactoryBean with name 'itripUserMapper'.
- (1263 ms) - [DEBUG] 2018-12-30 19:24:54,875 org.mybatis.spring.mapper.ClassPathMapperScanner - Creating MapperFactoryBean with name 'itripUserLinkUserMapper' and 'cn.itrip.dao.userlinkuser.ItripUserLinkUserMapper' mapperInterface
- (1264 ms) - [DEBUG] 2018-12-30 19:24:54,876 org.mybatis.spring.mapper.ClassPathMapperScanner - Enabling autowire by type for MapperFactoryBean with name 'itripUserLinkUserMapper'.
- (1268 ms) - [DEBUG] 2018-12-30 19:24:54,880 org.springframework.beans.factory.support.DefaultListableBeanFactory - Creating shared instance of singleton bean 'org.springframework.context.support.PropertySourcesPlaceholderConfigurer#0'
- (1268 ms) - [DEBUG] 2018-12-30 19:24:54,880 org.springframework.beans.factory.support.DefaultListableBeanFactory - Creating instance of bean 'org.springframework.context.support.PropertySourcesPlaceholderConfigurer#0'
- (1269 ms) - [DEBUG] 2018-12-30 19:24:54,881 org.springframework.beans.factory.support.DefaultListableBeanFactory - Eagerly caching bean 'org.springframework.context.support.PropertySourcesPlaceholderConfigurer#0' to allow for resolving potential circular references
- (1276 ms) - [DEBUG] 2018-12-30 19:24:54,888 org.springframework.beans.factory.support.DefaultListableBeanFactory - Finished creating instance of bean 'org.springframework.context.support.PropertySourcesPlaceholderConfigurer#0'
- (1277 ms) - [DEBUG] 2018-12-30 19:24:54,889 org.springframework.core.env.MutablePropertySources - Adding [environmentProperties] PropertySource with lowest search precedence
- (1277 ms) - [INFO] 2018-12-30 19:24:54,889 org.springframework.context.support.PropertySourcesPlaceholderConfigurer - Loading properties file from class path resource [database.properties]
- (1278 ms) - [DEBUG] 2018-12-30 19:24:54,890 org.springframework.core.env.MutablePropertySources - Adding [localProperties] PropertySource with lowest search precedence
- (1281 ms) - [DEBUG] 2018-12-30 19:24:54,893 org.springframework.core.env.PropertySourcesPropertyResolver - Searching for key 'mysql.driver' in [environmentProperties]
- (1281 ms) - [DEBUG] 2018-12-30 19:24:54,893 org.springframework.core.env.PropertySourcesPropertyResolver - Searching for key 'mysql.driver' in [systemProperties]
- (1282 ms) - [DEBUG] 2018-12-30 19:24:54,894 org.springframework.core.env.PropertySourcesPropertyResolver - Searching for key 'mysql.driver' in [systemEnvironment]
- (1283 ms) - [DEBUG] 2018-12-30 19:24:54,895 org.springframework.core.env.PropertySourcesPropertyResolver - Could not find key 'mysql.driver' in any property source. Returning [null]
- (1283 ms) - [DEBUG] 2018-12-30 19:24:54,895 org.springframework.core.env.PropertySourcesPropertyResolver - Searching for key 'mysql.driver' in [localProperties]
- (1283 ms) - [DEBUG] 2018-12-30 19:24:54,895 org.springframework.core.env.PropertySourcesPropertyResolver - Found key 'mysql.driver' in [localProperties] with type [String] and value 'com.mysql.jdbc.Driver'
- (1295 ms) - [DEBUG] 2018-12-30 19:24:54,907 org.springframework.core.env.PropertySourcesPropertyResolver - Searching for key 'mysql.url' in [environmentProperties]
- (1296 ms) - [DEBUG] 2018-12-30 19:24:54,908 org.springframework.core.env.PropertySourcesPropertyResolver - Searching for key 'mysql.url' in [systemProperties]
- (1296 ms) - [DEBUG] 2018-12-30 19:24:54,908 org.springframework.core.env.PropertySourcesPropertyResolver - Searching for key 'mysql.url' in [systemEnvironment]
- (1297 ms) - [DEBUG] 2018-12-30 19:24:54,909 org.springframework.core.env.PropertySourcesPropertyResolver - Could not find key 'mysql.url' in any property source. Returning [null]
- (1297 ms) - [DEBUG] 2018-12-30 19:24:54,909 org.springframework.core.env.PropertySourcesPropertyResolver - Searching for key 'mysql.url' in [localProperties]
- (1297 ms) - [DEBUG] 2018-12-30 19:24:54,909 org.springframework.core.env.PropertySourcesPropertyResolver - Found key 'mysql.url' in [localProperties] with type [String] and value 'jdbc:mysql://127.0.0.1:3306/itripdb?useUnicode=true&characterEncoding=utf-8'
- (1298 ms) - [DEBUG] 2018-12-30 19:24:54,910 org.springframework.core.env.PropertySourcesPropertyResolver - Searching for key 'mysql.user' in [environmentProperties]
- (1298 ms) - [DEBUG] 2018-12-30 19:24:54,910 org.springframework.core.env.PropertySourcesPropertyResolver - Searching for key 'mysql.user' in [systemProperties]
- (1299 ms) - [DEBUG] 2018-12-30 19:24:54,911 org.springframework.core.env.PropertySourcesPropertyResolver - Searching for key 'mysql.user' in [systemEnvironment]
- (1299 ms) - [DEBUG] 2018-12-30 19:24:54,911 org.springframework.core.env.PropertySourcesPropertyResolver - Could not find key 'mysql.user' in any property source. Returning [null]
- (1299 ms) - [DEBUG] 2018-12-30 19:24:54,911 org.springframework.core.env.PropertySourcesPropertyResolver - Searching for key 'mysql.user' in [localProperties]
- (1300 ms) - [DEBUG] 2018-12-30 19:24:54,912 org.springframework.core.env.PropertySourcesPropertyResolver - Found key 'mysql.user' in [localProperties] with type [String] and value 'itrip'
- (1300 ms) - [DEBUG] 2018-12-30 19:24:54,912 org.springframework.core.env.PropertySourcesPropertyResolver - Searching for key 'mysql.password' in [environmentProperties]
- (1300 ms) - [DEBUG] 2018-12-30 19:24:54,912 org.springframework.core.env.PropertySourcesPropertyResolver - Searching for key 'mysql.password' in [systemProperties]
- (1301 ms) - [DEBUG] 2018-12-30 19:24:54,913 org.springframework.core.env.PropertySourcesPropertyResolver - Searching for key 'mysql.password' in [systemEnvironment]
- (1301 ms) - [DEBUG] 2018-12-30 19:24:54,913 org.springframework.core.env.PropertySourcesPropertyResolver - Could not find key 'mysql.password' in any property source. Returning [null]
- (1301 ms) - [DEBUG] 2018-12-30 19:24:54,913 org.springframework.core.env.PropertySourcesPropertyResolver - Searching for key 'mysql.password' in [localProperties]
- (1302 ms) - [DEBUG] 2018-12-30 19:24:54,914 org.springframework.core.env.PropertySourcesPropertyResolver - Found key 'mysql.password' in [localProperties] with type [String] and value 'itripqaz!@#$QAZXXX'
- (1302 ms) - [DEBUG] 2018-12-30 19:24:54,914 org.springframework.core.env.PropertySourcesPropertyResolver - Searching for key 'mysql.initialSize' in [environmentProperties]
- (1302 ms) - [DEBUG] 2018-12-30 19:24:54,914 org.springframework.core.env.PropertySourcesPropertyResolver - Searching for key 'mysql.initialSize' in [systemProperties]
- (1303 ms) - [DEBUG] 2018-12-30 19:24:54,915 org.springframework.core.env.PropertySourcesPropertyResolver - Searching for key 'mysql.initialSize' in [systemEnvironment]
- (1303 ms) - [DEBUG] 2018-12-30 19:24:54,915 org.springframework.core.env.PropertySourcesPropertyResolver - Could not find key 'mysql.initialSize' in any property source. Returning [null]
- (1303 ms) - [DEBUG] 2018-12-30 19:24:54,915 org.springframework.core.env.PropertySourcesPropertyResolver - Searching for key 'mysql.initialSize' in [localProperties]
- (1303 ms) - [DEBUG] 2018-12-30 19:24:54,915 org.springframework.core.env.PropertySourcesPropertyResolver - Found key 'mysql.initialSize' in [localProperties] with type [String] and value '5'
- (1304 ms) - [DEBUG] 2018-12-30 19:24:54,916 org.springframework.core.env.PropertySourcesPropertyResolver - Searching for key 'mysql.maxActive' in [environmentProperties]
- (1304 ms) - [DEBUG] 2018-12-30 19:24:54,916 org.springframework.core.env.PropertySourcesPropertyResolver - Searching for key 'mysql.maxActive' in [systemProperties]
- (1304 ms) - [DEBUG] 2018-12-30 19:24:54,916 org.springframework.core.env.PropertySourcesPropertyResolver - Searching for key 'mysql.maxActive' in [systemEnvironment]
- (1304 ms) - [DEBUG] 2018-12-30 19:24:54,916 org.springframework.core.env.PropertySourcesPropertyResolver - Could not find key 'mysql.maxActive' in any property source. Returning [null]
- (1305 ms) - [DEBUG] 2018-12-30 19:24:54,917 org.springframework.core.env.PropertySourcesPropertyResolver - Searching for key 'mysql.maxActive' in [localProperties]
- (1305 ms) - [DEBUG] 2018-12-30 19:24:54,917 org.springframework.core.env.PropertySourcesPropertyResolver - Found key 'mysql.maxActive' in [localProperties] with type [String] and value '100'
- (1305 ms) - [DEBUG] 2018-12-30 19:24:54,917 org.springframework.core.env.PropertySourcesPropertyResolver - Searching for key 'mysql.maxIdle' in [environmentProperties]
- (1305 ms) - [DEBUG] 2018-12-30 19:24:54,917 org.springframework.core.env.PropertySourcesPropertyResolver - Searching for key 'mysql.maxIdle' in [systemProperties]
- (1306 ms) - [DEBUG] 2018-12-30 19:24:54,918 org.springframework.core.env.PropertySourcesPropertyResolver - Searching for key 'mysql.maxIdle' in [systemEnvironment]
- (1306 ms) - [DEBUG] 2018-12-30 19:24:54,918 org.springframework.core.env.PropertySourcesPropertyResolver - Could not find key 'mysql.maxIdle' in any property source. Returning [null]
- (1307 ms) - [DEBUG] 2018-12-30 19:24:54,919 org.springframework.core.env.PropertySourcesPropertyResolver - Searching for key 'mysql.maxIdle' in [localProperties]
- (1307 ms) - [DEBUG] 2018-12-30 19:24:54,919 org.springframework.core.env.PropertySourcesPropertyResolver - Found key 'mysql.maxIdle' in [localProperties] with type [String] and value '50'
- (1307 ms) - [DEBUG] 2018-12-30 19:24:54,919 org.springframework.core.env.PropertySourcesPropertyResolver - Searching for key 'mysql.minIdle' in [environmentProperties]
- (1307 ms) - [DEBUG] 2018-12-30 19:24:54,919 org.springframework.core.env.PropertySourcesPropertyResolver - Searching for key 'mysql.minIdle' in [systemProperties]
- (1308 ms) - [DEBUG] 2018-12-30 19:24:54,920 org.springframework.core.env.PropertySourcesPropertyResolver - Searching for key 'mysql.minIdle' in [systemEnvironment]
- (1308 ms) - [DEBUG] 2018-12-30 19:24:54,920 org.springframework.core.env.PropertySourcesPropertyResolver - Could not find key 'mysql.minIdle' in any property source. Returning [null]
- (1308 ms) - [DEBUG] 2018-12-30 19:24:54,920 org.springframework.core.env.PropertySourcesPropertyResolver - Searching for key 'mysql.minIdle' in [localProperties]
- (1309 ms) - [DEBUG] 2018-12-30 19:24:54,921 org.springframework.core.env.PropertySourcesPropertyResolver - Found key 'mysql.minIdle' in [localProperties] with type [String] and value '45'
- (1309 ms) - [DEBUG] 2018-12-30 19:24:54,921 org.springframework.core.env.PropertySourcesPropertyResolver - Searching for key 'mysql.maxWait' in [environmentProperties]
- (1309 ms) - [DEBUG] 2018-12-30 19:24:54,921 org.springframework.core.env.PropertySourcesPropertyResolver - Searching for key 'mysql.maxWait' in [systemProperties]
- (1309 ms) - [DEBUG] 2018-12-30 19:24:54,921 org.springframework.core.env.PropertySourcesPropertyResolver - Searching for key 'mysql.maxWait' in [systemEnvironment]
- (1310 ms) - [DEBUG] 2018-12-30 19:24:54,922 org.springframework.core.env.PropertySourcesPropertyResolver - Could not find key 'mysql.maxWait' in any property source. Returning [null]
- (1310 ms) - [DEBUG] 2018-12-30 19:24:54,922 org.springframework.core.env.PropertySourcesPropertyResolver - Searching for key 'mysql.maxWait' in [localProperties]
- (1313 ms) - [DEBUG] 2018-12-30 19:24:54,925 org.springframework.core.env.PropertySourcesPropertyResolver - Found key 'mysql.maxWait' in [localProperties] with type [String] and value '100'
- (1314 ms) - [DEBUG] 2018-12-30 19:24:54,926 org.springframework.core.env.PropertySourcesPropertyResolver - Searching for key 'mysql.removeAbandoned' in [environmentProperties]
- (1314 ms) - [DEBUG] 2018-12-30 19:24:54,926 org.springframework.core.env.PropertySourcesPropertyResolver - Searching for key 'mysql.removeAbandoned' in [systemProperties]
- (1315 ms) - [DEBUG] 2018-12-30 19:24:54,927 org.springframework.core.env.PropertySourcesPropertyResolver - Searching for key 'mysql.removeAbandoned' in [systemEnvironment]
- (1315 ms) - [DEBUG] 2018-12-30 19:24:54,927 org.springframework.core.env.PropertySourcesPropertyResolver - Could not find key 'mysql.removeAbandoned' in any property source. Returning [null]
- (1315 ms) - [DEBUG] 2018-12-30 19:24:54,927 org.springframework.core.env.PropertySourcesPropertyResolver - Searching for key 'mysql.removeAbandoned' in [localProperties]
- (1317 ms) - [DEBUG] 2018-12-30 19:24:54,929 org.springframework.core.env.PropertySourcesPropertyResolver - Found key 'mysql.removeAbandoned' in [localProperties] with type [String] and value 'true'
- (1317 ms) - [DEBUG] 2018-12-30 19:24:54,929 org.springframework.core.env.PropertySourcesPropertyResolver - Searching for key 'mysql.removeAbandonedTimeout' in [environmentProperties]
- (1318 ms) - [DEBUG] 2018-12-30 19:24:54,930 org.springframework.core.env.PropertySourcesPropertyResolver - Searching for key 'mysql.removeAbandonedTimeout' in [systemProperties]
- (1319 ms) - [DEBUG] 2018-12-30 19:24:54,931 org.springframework.core.env.PropertySourcesPropertyResolver - Searching for key 'mysql.removeAbandonedTimeout' in [systemEnvironment]
- (1319 ms) - [DEBUG] 2018-12-30 19:24:54,931 org.springframework.core.env.PropertySourcesPropertyResolver - Could not find key 'mysql.removeAbandonedTimeout' in any property source. Returning [null]
- (1320 ms) - [DEBUG] 2018-12-30 19:24:54,932 org.springframework.core.env.PropertySourcesPropertyResolver - Searching for key 'mysql.removeAbandonedTimeout' in [localProperties]
- (1320 ms) - [DEBUG] 2018-12-30 19:24:54,932 org.springframework.core.env.PropertySourcesPropertyResolver - Found key 'mysql.removeAbandonedTimeout' in [localProperties] with type [String] and value '180'
- (1321 ms) - [DEBUG] 2018-12-30 19:24:54,933 org.springframework.core.env.PropertySourcesPropertyResolver - Searching for key 'mysql.maxActive' in [environmentProperties]
- (1321 ms) - [DEBUG] 2018-12-30 19:24:54,933 org.springframework.core.env.PropertySourcesPropertyResolver - Searching for key 'mysql.maxActive' in [systemProperties]
- (1322 ms) - [DEBUG] 2018-12-30 19:24:54,934 org.springframework.core.env.PropertySourcesPropertyResolver - Searching for key 'mysql.maxActive' in [systemEnvironment]
- (1322 ms) - [DEBUG] 2018-12-30 19:24:54,934 org.springframework.core.env.PropertySourcesPropertyResolver - Could not find key 'mysql.maxActive' in any property source. Returning [null]
- (1322 ms) - [DEBUG] 2018-12-30 19:24:54,934 org.springframework.core.env.PropertySourcesPropertyResolver - Searching for key 'mysql.maxActive' in [localProperties]
- (1323 ms) - [DEBUG] 2018-12-30 19:24:54,935 org.springframework.core.env.PropertySourcesPropertyResolver - Found key 'mysql.maxActive' in [localProperties] with type [String] and value '100'
- (1323 ms) - [DEBUG] 2018-12-30 19:24:54,935 org.springframework.core.env.PropertySourcesPropertyResolver - Searching for key 'redis.maxActive' in [environmentProperties]
- (1324 ms) - [DEBUG] 2018-12-30 19:24:54,936 org.springframework.core.env.PropertySourcesPropertyResolver - Searching for key 'redis.maxActive' in [systemProperties]
- (1325 ms) - [DEBUG] 2018-12-30 19:24:54,937 org.springframework.core.env.PropertySourcesPropertyResolver - Searching for key 'redis.maxActive' in [systemEnvironment]
- (1325 ms) - [DEBUG] 2018-12-30 19:24:54,937 org.springframework.core.env.PropertySourcesPropertyResolver - Could not find key 'redis.maxActive' in any property source. Returning [null]
- (1327 ms) - [DEBUG] 2018-12-30 19:24:54,939 org.springframework.core.env.PropertySourcesPropertyResolver - Searching for key 'redis.maxActive' in [localProperties]
- (1329 ms) - [DEBUG] 2018-12-30 19:24:54,941 org.springframework.core.env.PropertySourcesPropertyResolver - Found key 'redis.maxActive' in [localProperties] with type [String] and value '300'
- (1330 ms) - [DEBUG] 2018-12-30 19:24:54,942 org.springframework.core.env.PropertySourcesPropertyResolver - Searching for key 'redis.maxIdle' in [environmentProperties]
- (1331 ms) - [DEBUG] 2018-12-30 19:24:54,943 org.springframework.core.env.PropertySourcesPropertyResolver - Searching for key 'redis.maxIdle' in [systemProperties]
- (1332 ms) - [DEBUG] 2018-12-30 19:24:54,944 org.springframework.core.env.PropertySourcesPropertyResolver - Searching for key 'redis.maxIdle' in [systemEnvironment]
- (1332 ms) - [DEBUG] 2018-12-30 19:24:54,944 org.springframework.core.env.PropertySourcesPropertyResolver - Could not find key 'redis.maxIdle' in any property source. Returning [null]
- (1333 ms) - [DEBUG] 2018-12-30 19:24:54,945 org.springframework.core.env.PropertySourcesPropertyResolver - Searching for key 'redis.maxIdle' in [localProperties]
- (1333 ms) - [DEBUG] 2018-12-30 19:24:54,945 org.springframework.core.env.PropertySourcesPropertyResolver - Found key 'redis.maxIdle' in [localProperties] with type [String] and value '100'
- (1333 ms) - [DEBUG] 2018-12-30 19:24:54,945 org.springframework.core.env.PropertySourcesPropertyResolver - Searching for key 'redis.maxWait' in [environmentProperties]
- (1334 ms) - [DEBUG] 2018-12-30 19:24:54,946 org.springframework.core.env.PropertySourcesPropertyResolver - Searching for key 'redis.maxWait' in [systemProperties]
- (1334 ms) - [DEBUG] 2018-12-30 19:24:54,946 org.springframework.core.env.PropertySourcesPropertyResolver - Searching for key 'redis.maxWait' in [systemEnvironment]
- (1334 ms) - [DEBUG] 2018-12-30 19:24:54,946 org.springframework.core.env.PropertySourcesPropertyResolver - Could not find key 'redis.maxWait' in any property source. Returning [null]
- (1334 ms) - [DEBUG] 2018-12-30 19:24:54,946 org.springframework.core.env.PropertySourcesPropertyResolver - Searching for key 'redis.maxWait' in [localProperties]
- (1335 ms) - [DEBUG] 2018-12-30 19:24:54,947 org.springframework.core.env.PropertySourcesPropertyResolver - Found key 'redis.maxWait' in [localProperties] with type [String] and value '1000'
- (1335 ms) - [DEBUG] 2018-12-30 19:24:54,947 org.springframework.core.env.PropertySourcesPropertyResolver - Searching for key 'redis.host' in [environmentProperties]
- (1335 ms) - [DEBUG] 2018-12-30 19:24:54,947 org.springframework.core.env.PropertySourcesPropertyResolver - Searching for key 'redis.host' in [systemProperties]
- (1336 ms) - [DEBUG] 2018-12-30 19:24:54,948 org.springframework.core.env.PropertySourcesPropertyResolver - Searching for key 'redis.host' in [systemEnvironment]
- (1336 ms) - [DEBUG] 2018-12-30 19:24:54,948 org.springframework.core.env.PropertySourcesPropertyResolver - Could not find key 'redis.host' in any property source. Returning [null]
- (1336 ms) - [DEBUG] 2018-12-30 19:24:54,948 org.springframework.core.env.PropertySourcesPropertyResolver - Searching for key 'redis.host' in [localProperties]
- (1337 ms) - [DEBUG] 2018-12-30 19:24:54,949 org.springframework.core.env.PropertySourcesPropertyResolver - Found key 'redis.host' in [localProperties] with type [String] and value '127.0.0.1'
- (1337 ms) - [DEBUG] 2018-12-30 19:24:54,949 org.springframework.core.env.PropertySourcesPropertyResolver - Searching for key 'redis.port' in [environmentProperties]
- (1337 ms) - [DEBUG] 2018-12-30 19:24:54,949 org.springframework.core.env.PropertySourcesPropertyResolver - Searching for key 'redis.port' in [systemProperties]
- (1337 ms) - [DEBUG] 2018-12-30 19:24:54,949 org.springframework.core.env.PropertySourcesPropertyResolver - Searching for key 'redis.port' in [systemEnvironment]
- (1338 ms) - [DEBUG] 2018-12-30 19:24:54,950 org.springframework.core.env.PropertySourcesPropertyResolver - Could not find key 'redis.port' in any property source. Returning [null]
- (1338 ms) - [DEBUG] 2018-12-30 19:24:54,950 org.springframework.core.env.PropertySourcesPropertyResolver - Searching for key 'redis.port' in [localProperties]
- (1338 ms) - [DEBUG] 2018-12-30 19:24:54,950 org.springframework.core.env.PropertySourcesPropertyResolver - Found key 'redis.port' in [localProperties] with type [String] and value '6379'
- (1338 ms) - [DEBUG] 2018-12-30 19:24:54,950 org.springframework.core.env.PropertySourcesPropertyResolver - Searching for key 'redis.timeout' in [environmentProperties]
- (1339 ms) - [DEBUG] 2018-12-30 19:24:54,951 org.springframework.core.env.PropertySourcesPropertyResolver - Searching for key 'redis.timeout' in [systemProperties]
- (1339 ms) - [DEBUG] 2018-12-30 19:24:54,951 org.springframework.core.env.PropertySourcesPropertyResolver - Searching for key 'redis.timeout' in [systemEnvironment]
- (1339 ms) - [DEBUG] 2018-12-30 19:24:54,951 org.springframework.core.env.PropertySourcesPropertyResolver - Could not find key 'redis.timeout' in any property source. Returning [null]
- (1339 ms) - [DEBUG] 2018-12-30 19:24:54,951 org.springframework.core.env.PropertySourcesPropertyResolver - Searching for key 'redis.timeout' in [localProperties]
- (1339 ms) - [DEBUG] 2018-12-30 19:24:54,951 org.springframework.core.env.PropertySourcesPropertyResolver - Found key 'redis.timeout' in [localProperties] with type [String] and value '3000'
- (1340 ms) - [DEBUG] 2018-12-30 19:24:54,952 org.springframework.core.env.PropertySourcesPropertyResolver - Searching for key 'redis.pass' in [environmentProperties]
- (1340 ms) - [DEBUG] 2018-12-30 19:24:54,952 org.springframework.core.env.PropertySourcesPropertyResolver - Searching for key 'redis.pass' in [systemProperties]
- (1340 ms) - [DEBUG] 2018-12-30 19:24:54,952 org.springframework.core.env.PropertySourcesPropertyResolver - Searching for key 'redis.pass' in [systemEnvironment]
- (1340 ms) - [DEBUG] 2018-12-30 19:24:54,952 org.springframework.core.env.PropertySourcesPropertyResolver - Could not find key 'redis.pass' in any property source. Returning [null]
- (1340 ms) - [DEBUG] 2018-12-30 19:24:54,952 org.springframework.core.env.PropertySourcesPropertyResolver - Searching for key 'redis.pass' in [localProperties]
- (1341 ms) - [DEBUG] 2018-12-30 19:24:54,953 org.springframework.core.env.PropertySourcesPropertyResolver - Found key 'redis.pass' in [localProperties] with type [String] and value 'redis@WSX!QAZ1234XXX'
- (1341 ms) - [DEBUG] 2018-12-30 19:24:54,953 org.springframework.core.env.PropertySourcesPropertyResolver - Searching for key 'redis.default.db' in [environmentProperties]
- (1341 ms) - [DEBUG] 2018-12-30 19:24:54,953 org.springframework.core.env.PropertySourcesPropertyResolver - Searching for key 'redis.default.db' in [systemProperties]
- (1342 ms) - [DEBUG] 2018-12-30 19:24:54,954 org.springframework.core.env.PropertySourcesPropertyResolver - Searching for key 'redis.default.db' in [systemEnvironment]
- (1342 ms) - [DEBUG] 2018-12-30 19:24:54,954 org.springframework.core.env.PropertySourcesPropertyResolver - Could not find key 'redis.default.db' in any property source. Returning [null]
- (1342 ms) - [DEBUG] 2018-12-30 19:24:54,954 org.springframework.core.env.PropertySourcesPropertyResolver - Searching for key 'redis.default.db' in [localProperties]
- (1342 ms) - [DEBUG] 2018-12-30 19:24:54,954 org.springframework.core.env.PropertySourcesPropertyResolver - Found key 'redis.default.db' in [localProperties] with type [String] and value '0'
- (1348 ms) - [DEBUG] 2018-12-30 19:24:54,960 org.springframework.beans.factory.support.DefaultListableBeanFactory - Creating shared instance of singleton bean 'org.springframework.context.annotation.internalAutowiredAnnotationProcessor'
- (1348 ms) - [DEBUG] 2018-12-30 19:24:54,960 org.springframework.beans.factory.support.DefaultListableBeanFactory - Creating instance of bean 'org.springframework.context.annotation.internalAutowiredAnnotationProcessor'
- (1349 ms) - [DEBUG] 2018-12-30 19:24:54,961 org.springframework.beans.factory.support.DefaultListableBeanFactory - Eagerly caching bean 'org.springframework.context.annotation.internalAutowiredAnnotationProcessor' to allow for resolving potential circular references
- (1350 ms) - [DEBUG] 2018-12-30 19:24:54,962 org.springframework.beans.factory.support.DefaultListableBeanFactory - Finished creating instance of bean 'org.springframework.context.annotation.internalAutowiredAnnotationProcessor'
- (1350 ms) - [DEBUG] 2018-12-30 19:24:54,962 org.springframework.beans.factory.support.DefaultListableBeanFactory - Creating shared instance of singleton bean 'org.springframework.context.annotation.internalRequiredAnnotationProcessor'
- (1351 ms) - [DEBUG] 2018-12-30 19:24:54,963 org.springframework.beans.factory.support.DefaultListableBeanFactory - Creating instance of bean 'org.springframework.context.annotation.internalRequiredAnnotationProcessor'
- (1352 ms) - [DEBUG] 2018-12-30 19:24:54,964 org.springframework.beans.factory.support.DefaultListableBeanFactory - Eagerly caching bean 'org.springframework.context.annotation.internalRequiredAnnotationProcessor' to allow for resolving potential circular references
- (1352 ms) - [DEBUG] 2018-12-30 19:24:54,964 org.springframework.beans.factory.support.DefaultListableBeanFactory - Finished creating instance of bean 'org.springframework.context.annotation.internalRequiredAnnotationProcessor'
- (1353 ms) - [DEBUG] 2018-12-30 19:24:54,965 org.springframework.beans.factory.support.DefaultListableBeanFactory - Creating shared instance of singleton bean 'org.springframework.context.annotation.internalCommonAnnotationProcessor'
- (1353 ms) - [DEBUG] 2018-12-30 19:24:54,965 org.springframework.beans.factory.support.DefaultListableBeanFactory - Creating instance of bean 'org.springframework.context.annotation.internalCommonAnnotationProcessor'
- (1357 ms) - [DEBUG] 2018-12-30 19:24:54,969 org.springframework.beans.factory.support.DefaultListableBeanFactory - Eagerly caching bean 'org.springframework.context.annotation.internalCommonAnnotationProcessor' to allow for resolving potential circular references
- (1357 ms) - [DEBUG] 2018-12-30 19:24:54,969 org.springframework.beans.factory.support.DefaultListableBeanFactory - Finished creating instance of bean 'org.springframework.context.annotation.internalCommonAnnotationProcessor'
- (1358 ms) - [DEBUG] 2018-12-30 19:24:54,970 org.springframework.beans.factory.support.DefaultListableBeanFactory - Creating shared instance of singleton bean 'org.springframework.context.annotation.ConfigurationClassPostProcessor.importAwareProcessor'
- (1358 ms) - [DEBUG] 2018-12-30 19:24:54,970 org.springframework.beans.factory.support.DefaultListableBeanFactory - Creating instance of bean 'org.springframework.context.annotation.ConfigurationClassPostProcessor.importAwareProcessor'
- (1358 ms) - [DEBUG] 2018-12-30 19:24:54,970 org.springframework.beans.factory.support.DefaultListableBeanFactory - Eagerly caching bean 'org.springframework.context.annotation.ConfigurationClassPostProcessor.importAwareProcessor' to allow for resolving potential circular references
- (1358 ms) - [DEBUG] 2018-12-30 19:24:54,970 org.springframework.beans.factory.support.DefaultListableBeanFactory - Finished creating instance of bean 'org.springframework.context.annotation.ConfigurationClassPostProcessor.importAwareProcessor'
- (1359 ms) - [DEBUG] 2018-12-30 19:24:54,971 org.springframework.beans.factory.support.DefaultListableBeanFactory - Creating shared instance of singleton bean 'org.springframework.context.annotation.ConfigurationClassPostProcessor.enhancedConfigurationProcessor'
- (1359 ms) - [DEBUG] 2018-12-30 19:24:54,971 org.springframework.beans.factory.support.DefaultListableBeanFactory - Creating instance of bean 'org.springframework.context.annotation.ConfigurationClassPostProcessor.enhancedConfigurationProcessor'
- (1359 ms) - [DEBUG] 2018-12-30 19:24:54,971 org.springframework.beans.factory.support.DefaultListableBeanFactory - Eagerly caching bean 'org.springframework.context.annotation.ConfigurationClassPostProcessor.enhancedConfigurationProcessor' to allow for resolving potential circular references
- (1359 ms) - [DEBUG] 2018-12-30 19:24:54,971 org.springframework.beans.factory.support.DefaultListableBeanFactory - Finished creating instance of bean 'org.springframework.context.annotation.ConfigurationClassPostProcessor.enhancedConfigurationProcessor'
- (1360 ms) - [DEBUG] 2018-12-30 19:24:54,972 org.springframework.beans.factory.support.DefaultListableBeanFactory - Creating shared instance of singleton bean 'org.springframework.aop.config.internalAutoProxyCreator'
- (1360 ms) - [DEBUG] 2018-12-30 19:24:54,972 org.springframework.beans.factory.support.DefaultListableBeanFactory - Creating instance of bean 'org.springframework.aop.config.internalAutoProxyCreator'
- (1526 ms) - [DEBUG] 2018-12-30 19:24:55,138 org.springframework.beans.factory.support.DefaultListableBeanFactory - Eagerly caching bean 'org.springframework.aop.config.internalAutoProxyCreator' to allow for resolving potential circular references
- (1539 ms) - [DEBUG] 2018-12-30 19:24:55,151 org.springframework.beans.factory.support.DefaultListableBeanFactory - Finished creating instance of bean 'org.springframework.aop.config.internalAutoProxyCreator'
- (1542 ms) - [DEBUG] 2018-12-30 19:24:55,154 org.springframework.context.support.GenericApplicationContext - Unable to locate MessageSource with name 'messageSource': using default [org.springframework.context.support.DelegatingMessageSource@2e55dd0c]
- (1544 ms) - [DEBUG] 2018-12-30 19:24:55,156 org.springframework.context.support.GenericApplicationContext - Unable to locate ApplicationEventMulticaster with name 'applicationEventMulticaster': using default [org.springframework.context.event.SimpleApplicationEventMulticaster@1eb5174b]
- (1548 ms) - [DEBUG] 2018-12-30 19:24:55,160 org.springframework.beans.factory.support.DefaultListableBeanFactory - Pre-instantiating singletons in org.springframework.beans.factory.support.DefaultListableBeanFactory@7722c3c3: defining beans [org.springframework.web.servlet.resource.DefaultServletHttpRequestHandler#0,org.springframework.web.servlet.handler.SimpleUrlHandlerMapping#0,org.springframework.web.servlet.handler.BeanNameUrlHandlerMapping,org.springframework.web.servlet.mvc.HttpRequestHandlerAdapter,org.springframework.web.servlet.mvc.SimpleControllerHandlerAdapter,itripHotServiceImpl,itripAreaDicServiceImpl,itripCommentServiceImpl,itripHotelOrderServiceImpl,itripImageServiceImpl,itripLabelServiceImpl,itripLabelDicServiceImpl,itripUserServiceImpl,itripUserLinkUserServiceImpl,org.springframework.context.annotation.internalConfigurationAnnotationProcessor,org.springframework.context.annotation.internalAutowiredAnnotationProcessor,org.springframework.context.annotation.internalRequiredAnnotationProcessor,org.springframework.context.annotation.internalCommonAnnotationProcessor,org.springframework.context.support.PropertySourcesPlaceholderConfigurer#0,dataSource,txManager,sqlSessionFactoryBean,org.springframework.aop.config.internalAutoProxyCreator,transService,org.springframework.aop.support.DefaultBeanFactoryPointcutAdvisor#0,myAdvice,org.mybatis.spring.mapper.MapperScannerConfigurer#0,jedisPoolConfig,jedisPool,redisAPI,validationToken,org.springframework.context.annotation.ConfigurationClassPostProcessor.importAwareProcessor,org.springframework.context.annotation.ConfigurationClassPostProcessor.enhancedConfigurationProcessor,itripHotMapper,itripAreaDicMapper,itripCommentMapper,itripHotelMapper,itripHotelOrderMapper,itripImageMapper,itripLabelMapper,itripLabelDicMapper,itripUserMapper,itripUserLinkUserMapper]; root of factory hierarchy
- (1548 ms) - [DEBUG] 2018-12-30 19:24:55,160 org.springframework.beans.factory.support.DefaultListableBeanFactory - Creating shared instance of singleton bean 'org.springframework.web.servlet.resource.DefaultServletHttpRequestHandler#0'
- (1549 ms) - [DEBUG] 2018-12-30 19:24:55,161 org.springframework.beans.factory.support.DefaultListableBeanFactory - Creating instance of bean 'org.springframework.web.servlet.resource.DefaultServletHttpRequestHandler#0'
- (1550 ms) - [DEBUG] 2018-12-30 19:24:55,162 org.springframework.beans.factory.support.DefaultListableBeanFactory - Creating shared instance of singleton bean 'org.springframework.aop.support.DefaultBeanFactoryPointcutAdvisor#0'
- (1551 ms) - [DEBUG] 2018-12-30 19:24:55,163 org.springframework.beans.factory.support.DefaultListableBeanFactory - Creating instance of bean 'org.springframework.aop.support.DefaultBeanFactoryPointcutAdvisor#0'
- (1552 ms) - [DEBUG] 2018-12-30 19:24:55,164 org.springframework.beans.factory.support.DefaultListableBeanFactory - Eagerly caching bean 'org.springframework.aop.support.DefaultBeanFactoryPointcutAdvisor#0' to allow for resolving potential circular references
- (1560 ms) - [DEBUG] 2018-12-30 19:24:55,172 org.springframework.beans.factory.support.DefaultListableBeanFactory - Creating instance of bean 'transService'
- (1629 ms) - [DEBUG] 2018-12-30 19:24:55,241 org.springframework.beans.factory.support.DefaultListableBeanFactory - Finished creating instance of bean 'transService'
- (1631 ms) - [DEBUG] 2018-12-30 19:24:55,243 org.springframework.beans.factory.support.DefaultListableBeanFactory - Finished creating instance of bean 'org.springframework.aop.support.DefaultBeanFactoryPointcutAdvisor#0'
- (1638 ms) - [DEBUG] 2018-12-30 19:24:55,250 org.springframework.beans.factory.support.DefaultListableBeanFactory - Eagerly caching bean 'org.springframework.web.servlet.resource.DefaultServletHttpRequestHandler#0' to allow for resolving potential circular references
- (1641 ms) - [DEBUG] 2018-12-30 19:24:55,253 org.springframework.beans.factory.support.DefaultListableBeanFactory - Returning cached instance of singleton bean 'org.springframework.aop.support.DefaultBeanFactoryPointcutAdvisor#0'
- (1641 ms) - [DEBUG] 2018-12-30 19:24:55,253 org.springframework.beans.factory.support.DefaultListableBeanFactory - Returning cached instance of singleton bean 'org.springframework.aop.support.DefaultBeanFactoryPointcutAdvisor#0'
- (1929 ms) - [DEBUG] 2018-12-30 19:24:55,541 org.springframework.beans.factory.support.DefaultListableBeanFactory - Finished creating instance of bean 'org.springframework.web.servlet.resource.DefaultServletHttpRequestHandler#0'
- (1929 ms) - [DEBUG] 2018-12-30 19:24:55,541 org.springframework.beans.factory.support.DefaultListableBeanFactory - Creating shared instance of singleton bean 'org.springframework.web.servlet.handler.SimpleUrlHandlerMapping#0'
- (1929 ms) - [DEBUG] 2018-12-30 19:24:55,541 org.springframework.beans.factory.support.DefaultListableBeanFactory - Creating instance of bean 'org.springframework.web.servlet.handler.SimpleUrlHandlerMapping#0'
- (1930 ms) - [DEBUG] 2018-12-30 19:24:55,542 org.springframework.beans.factory.support.DefaultListableBeanFactory - Returning cached instance of singleton bean 'org.springframework.aop.support.DefaultBeanFactoryPointcutAdvisor#0'
- (1933 ms) - [DEBUG] 2018-12-30 19:24:55,545 org.springframework.beans.factory.support.DefaultListableBeanFactory - Eagerly caching bean 'org.springframework.web.servlet.handler.SimpleUrlHandlerMapping#0' to allow for resolving potential circular references
- (1946 ms) - [DEBUG] 2018-12-30 19:24:55,558 org.springframework.beans.factory.support.DefaultListableBeanFactory - Returning cached instance of singleton bean 'org.springframework.web.servlet.resource.DefaultServletHttpRequestHandler#0'
- (1946 ms) - [INFO] 2018-12-30 19:24:55,558 org.springframework.web.servlet.handler.SimpleUrlHandlerMapping - Mapped URL path [/**] onto handler 'org.springframework.web.servlet.resource.DefaultServletHttpRequestHandler#0'
- (1947 ms) - [DEBUG] 2018-12-30 19:24:55,559 org.springframework.beans.factory.support.DefaultListableBeanFactory - Returning cached instance of singleton bean 'org.springframework.aop.support.DefaultBeanFactoryPointcutAdvisor#0'
- (1947 ms) - [DEBUG] 2018-12-30 19:24:55,559 org.springframework.beans.factory.support.DefaultListableBeanFactory - Returning cached instance of singleton bean 'org.springframework.aop.support.DefaultBeanFactoryPointcutAdvisor#0'
- (1954 ms) - [DEBUG] 2018-12-30 19:24:55,566 org.springframework.beans.factory.support.DefaultListableBeanFactory - Finished creating instance of bean 'org.springframework.web.servlet.handler.SimpleUrlHandlerMapping#0'
- (1954 ms) - [DEBUG] 2018-12-30 19:24:55,566 org.springframework.beans.factory.support.DefaultListableBeanFactory - Creating shared instance of singleton bean 'org.springframework.web.servlet.handler.BeanNameUrlHandlerMapping'
- (1955 ms) - [DEBUG] 2018-12-30 19:24:55,567 org.springframework.beans.factory.support.DefaultListableBeanFactory - Creating instance of bean 'org.springframework.web.servlet.handler.BeanNameUrlHandlerMapping'
- (1955 ms) - [DEBUG] 2018-12-30 19:24:55,567 org.springframework.beans.factory.support.DefaultListableBeanFactory - Returning cached instance of singleton bean 'org.springframework.aop.support.DefaultBeanFactoryPointcutAdvisor#0'
- (1957 ms) - [DEBUG] 2018-12-30 19:24:55,569 org.springframework.beans.factory.support.DefaultListableBeanFactory - Eagerly caching bean 'org.springframework.web.servlet.handler.BeanNameUrlHandlerMapping' to allow for resolving potential circular references
- (1960 ms) - [DEBUG] 2018-12-30 19:24:55,572 org.springframework.web.servlet.handler.BeanNameUrlHandlerMapping - Looking for URL mappings in application context: org.springframework.context.support.GenericApplicationContext@1f57539: startup date [Sun Dec 30 19:24:54 CST 2018]; root of context hierarchy
- (1961 ms) - [DEBUG] 2018-12-30 19:24:55,573 org.springframework.beans.factory.support.DefaultListableBeanFactory - Returning cached instance of singleton bean 'org.springframework.aop.support.DefaultBeanFactoryPointcutAdvisor#0'
- (1969 ms) - [DEBUG] 2018-12-30 19:24:55,581 org.apache.ibatis.logging.LogFactory - Logging initialized using 'class org.apache.ibatis.logging.slf4j.Slf4jImpl' adapter.
- (1973 ms) - [DEBUG] 2018-12-30 19:24:55,585 org.springframework.beans.factory.support.DefaultListableBeanFactory - Returning cached instance of singleton bean 'org.springframework.aop.support.DefaultBeanFactoryPointcutAdvisor#0'
- (1974 ms) - [DEBUG] 2018-12-30 19:24:55,586 org.springframework.beans.factory.support.DefaultListableBeanFactory - Creating shared instance of singleton bean 'itripHotMapper'
- (1975 ms) - [DEBUG] 2018-12-30 19:24:55,587 org.springframework.beans.factory.support.DefaultListableBeanFactory - Creating instance of bean 'itripHotMapper'
- (1975 ms) - [DEBUG] 2018-12-30 19:24:55,587 org.springframework.beans.factory.support.DefaultListableBeanFactory - Eagerly caching bean 'itripHotMapper' to allow for resolving potential circular references
- (1980 ms) - [DEBUG] 2018-12-30 19:24:55,592 org.springframework.beans.factory.support.DefaultListableBeanFactory - Returning cached instance of singleton bean 'org.springframework.aop.support.DefaultBeanFactoryPointcutAdvisor#0'
- (1981 ms) - [DEBUG] 2018-12-30 19:24:55,593 org.springframework.beans.factory.support.DefaultListableBeanFactory - Returning cached instance of singleton bean 'org.springframework.aop.support.DefaultBeanFactoryPointcutAdvisor#0'
- (1988 ms) - [DEBUG] 2018-12-30 19:24:55,600 org.springframework.beans.factory.support.DefaultListableBeanFactory - Returning eagerly cached instance of singleton bean 'itripHotMapper' that is not fully initialized yet - a consequence of a circular reference
- (1989 ms) - [DEBUG] 2018-12-30 19:24:55,601 org.springframework.beans.factory.support.DefaultListableBeanFactory - Returning cached instance of singleton bean 'org.springframework.aop.support.DefaultBeanFactoryPointcutAdvisor#0'
- (1990 ms) - [DEBUG] 2018-12-30 19:24:55,602 org.springframework.beans.factory.support.DefaultListableBeanFactory - Creating shared instance of singleton bean 'itripAreaDicMapper'
- (1990 ms) - [DEBUG] 2018-12-30 19:24:55,602 org.springframework.beans.factory.support.DefaultListableBeanFactory - Creating instance of bean 'itripAreaDicMapper'
- (1990 ms) - [DEBUG] 2018-12-30 19:24:55,602 org.springframework.beans.factory.support.DefaultListableBeanFactory - Eagerly caching bean 'itripAreaDicMapper' to allow for resolving potential circular references
- (1991 ms) - [DEBUG] 2018-12-30 19:24:55,603 org.springframework.beans.factory.support.DefaultListableBeanFactory - Returning cached instance of singleton bean 'org.springframework.aop.support.DefaultBeanFactoryPointcutAdvisor#0'
- (1991 ms) - [DEBUG] 2018-12-30 19:24:55,603 org.springframework.beans.factory.support.DefaultListableBeanFactory - Returning cached instance of singleton bean 'org.springframework.aop.support.DefaultBeanFactoryPointcutAdvisor#0'
- (1992 ms) - [DEBUG] 2018-12-30 19:24:55,604 org.springframework.beans.factory.support.DefaultListableBeanFactory - Returning eagerly cached instance of singleton bean 'itripAreaDicMapper' that is not fully initialized yet - a consequence of a circular reference
- (1994 ms) - [DEBUG] 2018-12-30 19:24:55,606 org.springframework.beans.factory.support.DefaultListableBeanFactory - Returning cached instance of singleton bean 'org.springframework.aop.support.DefaultBeanFactoryPointcutAdvisor#0'
- (1996 ms) - [DEBUG] 2018-12-30 19:24:55,608 org.springframework.beans.factory.support.DefaultListableBeanFactory - Creating shared instance of singleton bean 'itripCommentMapper'
- (1997 ms) - [DEBUG] 2018-12-30 19:24:55,609 org.springframework.beans.factory.support.DefaultListableBeanFactory - Creating instance of bean 'itripCommentMapper'
- (1998 ms) - [DEBUG] 2018-12-30 19:24:55,610 org.springframework.beans.factory.support.DefaultListableBeanFactory - Eagerly caching bean 'itripCommentMapper' to allow for resolving potential circular references
- (1998 ms) - [DEBUG] 2018-12-30 19:24:55,610 org.springframework.beans.factory.support.DefaultListableBeanFactory - Returning cached instance of singleton bean 'org.springframework.aop.support.DefaultBeanFactoryPointcutAdvisor#0'
- (2000 ms) - [DEBUG] 2018-12-30 19:24:55,612 org.springframework.beans.factory.support.DefaultListableBeanFactory - Returning cached instance of singleton bean 'org.springframework.aop.support.DefaultBeanFactoryPointcutAdvisor#0'
- (2000 ms) - [DEBUG] 2018-12-30 19:24:55,612 org.springframework.beans.factory.support.DefaultListableBeanFactory - Returning eagerly cached instance of singleton bean 'itripCommentMapper' that is not fully initialized yet - a consequence of a circular reference
- (2001 ms) - [DEBUG] 2018-12-30 19:24:55,613 org.springframework.beans.factory.support.DefaultListableBeanFactory - Returning cached instance of singleton bean 'org.springframework.aop.support.DefaultBeanFactoryPointcutAdvisor#0'
- (2002 ms) - [DEBUG] 2018-12-30 19:24:55,614 org.springframework.beans.factory.support.DefaultListableBeanFactory - Creating shared instance of singleton bean 'itripHotelMapper'
- (2003 ms) - [DEBUG] 2018-12-30 19:24:55,615 org.springframework.beans.factory.support.DefaultListableBeanFactory - Creating instance of bean 'itripHotelMapper'
- (2003 ms) - [DEBUG] 2018-12-30 19:24:55,615 org.springframework.beans.factory.support.DefaultListableBeanFactory - Eagerly caching bean 'itripHotelMapper' to allow for resolving potential circular references
- (2006 ms) - [DEBUG] 2018-12-30 19:24:55,618 org.springframework.beans.factory.support.DefaultListableBeanFactory - Returning cached instance of singleton bean 'org.springframework.aop.support.DefaultBeanFactoryPointcutAdvisor#0'
- (2006 ms) - [DEBUG] 2018-12-30 19:24:55,618 org.springframework.beans.factory.support.DefaultListableBeanFactory - Returning cached instance of singleton bean 'org.springframework.aop.support.DefaultBeanFactoryPointcutAdvisor#0'
- (2007 ms) - [DEBUG] 2018-12-30 19:24:55,619 org.springframework.beans.factory.support.DefaultListableBeanFactory - Returning eagerly cached instance of singleton bean 'itripHotelMapper' that is not fully initialized yet - a consequence of a circular reference
- (2007 ms) - [DEBUG] 2018-12-30 19:24:55,619 org.springframework.beans.factory.support.DefaultListableBeanFactory - Returning cached instance of singleton bean 'org.springframework.aop.support.DefaultBeanFactoryPointcutAdvisor#0'
- (2008 ms) - [DEBUG] 2018-12-30 19:24:55,620 org.springframework.beans.factory.support.DefaultListableBeanFactory - Creating shared instance of singleton bean 'itripHotelOrderMapper'
- (2008 ms) - [DEBUG] 2018-12-30 19:24:55,620 org.springframework.beans.factory.support.DefaultListableBeanFactory - Creating instance of bean 'itripHotelOrderMapper'
- (2009 ms) - [DEBUG] 2018-12-30 19:24:55,621 org.springframework.beans.factory.support.DefaultListableBeanFactory - Eagerly caching bean 'itripHotelOrderMapper' to allow for resolving potential circular references
- (2011 ms) - [DEBUG] 2018-12-30 19:24:55,623 org.springframework.beans.factory.support.DefaultListableBeanFactory - Returning cached instance of singleton bean 'org.springframework.aop.support.DefaultBeanFactoryPointcutAdvisor#0'
- (2015 ms) - [DEBUG] 2018-12-30 19:24:55,627 org.springframework.beans.factory.support.DefaultListableBeanFactory - Returning cached instance of singleton bean 'org.springframework.aop.support.DefaultBeanFactoryPointcutAdvisor#0'
- (2017 ms) - [DEBUG] 2018-12-30 19:24:55,629 org.springframework.beans.factory.support.DefaultListableBeanFactory - Returning eagerly cached instance of singleton bean 'itripHotelOrderMapper' that is not fully initialized yet - a consequence of a circular reference
- (2018 ms) - [DEBUG] 2018-12-30 19:24:55,630 org.springframework.beans.factory.support.DefaultListableBeanFactory - Returning cached instance of singleton bean 'org.springframework.aop.support.DefaultBeanFactoryPointcutAdvisor#0'
- (2018 ms) - [DEBUG] 2018-12-30 19:24:55,630 org.springframework.beans.factory.support.DefaultListableBeanFactory - Creating shared instance of singleton bean 'itripImageMapper'
- (2019 ms) - [DEBUG] 2018-12-30 19:24:55,631 org.springframework.beans.factory.support.DefaultListableBeanFactory - Creating instance of bean 'itripImageMapper'
- (2020 ms) - [DEBUG] 2018-12-30 19:24:55,632 org.springframework.beans.factory.support.DefaultListableBeanFactory - Eagerly caching bean 'itripImageMapper' to allow for resolving potential circular references
- (2020 ms) - [DEBUG] 2018-12-30 19:24:55,632 org.springframework.beans.factory.support.DefaultListableBeanFactory - Returning cached instance of singleton bean 'org.springframework.aop.support.DefaultBeanFactoryPointcutAdvisor#0'
- (2021 ms) - [DEBUG] 2018-12-30 19:24:55,633 org.springframework.beans.factory.support.DefaultListableBeanFactory - Returning cached instance of singleton bean 'org.springframework.aop.support.DefaultBeanFactoryPointcutAdvisor#0'
- (2022 ms) - [DEBUG] 2018-12-30 19:24:55,634 org.springframework.beans.factory.support.DefaultListableBeanFactory - Returning eagerly cached instance of singleton bean 'itripImageMapper' that is not fully initialized yet - a consequence of a circular reference
- (2023 ms) - [DEBUG] 2018-12-30 19:24:55,635 org.springframework.beans.factory.support.DefaultListableBeanFactory - Returning cached instance of singleton bean 'org.springframework.aop.support.DefaultBeanFactoryPointcutAdvisor#0'
- (2023 ms) - [DEBUG] 2018-12-30 19:24:55,635 org.springframework.beans.factory.support.DefaultListableBeanFactory - Creating shared instance of singleton bean 'itripLabelMapper'
- (2024 ms) - [DEBUG] 2018-12-30 19:24:55,636 org.springframework.beans.factory.support.DefaultListableBeanFactory - Creating instance of bean 'itripLabelMapper'
- (2025 ms) - [DEBUG] 2018-12-30 19:24:55,637 org.springframework.beans.factory.support.DefaultListableBeanFactory - Eagerly caching bean 'itripLabelMapper' to allow for resolving potential circular references
- (2026 ms) - [DEBUG] 2018-12-30 19:24:55,638 org.springframework.beans.factory.support.DefaultListableBeanFactory - Returning cached instance of singleton bean 'org.springframework.aop.support.DefaultBeanFactoryPointcutAdvisor#0'
- (2026 ms) - [DEBUG] 2018-12-30 19:24:55,638 org.springframework.beans.factory.support.DefaultListableBeanFactory - Returning cached instance of singleton bean 'org.springframework.aop.support.DefaultBeanFactoryPointcutAdvisor#0'
- (2027 ms) - [DEBUG] 2018-12-30 19:24:55,639 org.springframework.beans.factory.support.DefaultListableBeanFactory - Returning eagerly cached instance of singleton bean 'itripLabelMapper' that is not fully initialized yet - a consequence of a circular reference
- (2028 ms) - [DEBUG] 2018-12-30 19:24:55,640 org.springframework.beans.factory.support.DefaultListableBeanFactory - Returning cached instance of singleton bean 'org.springframework.aop.support.DefaultBeanFactoryPointcutAdvisor#0'
- (2029 ms) - [DEBUG] 2018-12-30 19:24:55,641 org.springframework.beans.factory.support.DefaultListableBeanFactory - Creating shared instance of singleton bean 'itripLabelDicMapper'
- (2030 ms) - [DEBUG] 2018-12-30 19:24:55,642 org.springframework.beans.factory.support.DefaultListableBeanFactory - Creating instance of bean 'itripLabelDicMapper'
- (2032 ms) - [DEBUG] 2018-12-30 19:24:55,644 org.springframework.beans.factory.support.DefaultListableBeanFactory - Eagerly caching bean 'itripLabelDicMapper' to allow for resolving potential circular references
- (2033 ms) - [DEBUG] 2018-12-30 19:24:55,645 org.springframework.beans.factory.support.DefaultListableBeanFactory - Returning cached instance of singleton bean 'org.springframework.aop.support.DefaultBeanFactoryPointcutAdvisor#0'
- (2034 ms) - [DEBUG] 2018-12-30 19:24:55,646 org.springframework.beans.factory.support.DefaultListableBeanFactory - Returning cached instance of singleton bean 'org.springframework.aop.support.DefaultBeanFactoryPointcutAdvisor#0'
- (2035 ms) - [DEBUG] 2018-12-30 19:24:55,647 org.springframework.beans.factory.support.DefaultListableBeanFactory - Returning eagerly cached instance of singleton bean 'itripLabelDicMapper' that is not fully initialized yet - a consequence of a circular reference
- (2035 ms) - [DEBUG] 2018-12-30 19:24:55,647 org.springframework.beans.factory.support.DefaultListableBeanFactory - Returning cached instance of singleton bean 'org.springframework.aop.support.DefaultBeanFactoryPointcutAdvisor#0'
- (2036 ms) - [DEBUG] 2018-12-30 19:24:55,648 org.springframework.beans.factory.support.DefaultListableBeanFactory - Creating shared instance of singleton bean 'itripUserMapper'
- (2036 ms) - [DEBUG] 2018-12-30 19:24:55,648 org.springframework.beans.factory.support.DefaultListableBeanFactory - Creating instance of bean 'itripUserMapper'
- (2037 ms) - [DEBUG] 2018-12-30 19:24:55,649 org.springframework.beans.factory.support.DefaultListableBeanFactory - Eagerly caching bean 'itripUserMapper' to allow for resolving potential circular references
- (2038 ms) - [DEBUG] 2018-12-30 19:24:55,650 org.springframework.beans.factory.support.DefaultListableBeanFactory - Returning cached instance of singleton bean 'org.springframework.aop.support.DefaultBeanFactoryPointcutAdvisor#0'
- (2038 ms) - [DEBUG] 2018-12-30 19:24:55,650 org.springframework.beans.factory.support.DefaultListableBeanFactory - Returning cached instance of singleton bean 'org.springframework.aop.support.DefaultBeanFactoryPointcutAdvisor#0'
- (2038 ms) - [DEBUG] 2018-12-30 19:24:55,650 org.springframework.beans.factory.support.DefaultListableBeanFactory - Returning eagerly cached instance of singleton bean 'itripUserMapper' that is not fully initialized yet - a consequence of a circular reference
- (2039 ms) - [DEBUG] 2018-12-30 19:24:55,651 org.springframework.beans.factory.support.DefaultListableBeanFactory - Returning cached instance of singleton bean 'org.springframework.aop.support.DefaultBeanFactoryPointcutAdvisor#0'
- (2042 ms) - [DEBUG] 2018-12-30 19:24:55,654 org.springframework.beans.factory.support.DefaultListableBeanFactory - Creating shared instance of singleton bean 'itripUserLinkUserMapper'
- (2043 ms) - [DEBUG] 2018-12-30 19:24:55,655 org.springframework.beans.factory.support.DefaultListableBeanFactory - Creating instance of bean 'itripUserLinkUserMapper'
- (2044 ms) - [DEBUG] 2018-12-30 19:24:55,656 org.springframework.beans.factory.support.DefaultListableBeanFactory - Eagerly caching bean 'itripUserLinkUserMapper' to allow for resolving potential circular references
- (2045 ms) - [DEBUG] 2018-12-30 19:24:55,657 org.springframework.beans.factory.support.DefaultListableBeanFactory - Returning cached instance of singleton bean 'org.springframework.aop.support.DefaultBeanFactoryPointcutAdvisor#0'
- (2046 ms) - [DEBUG] 2018-12-30 19:24:55,658 org.springframework.beans.factory.support.DefaultListableBeanFactory - Returning cached instance of singleton bean 'org.springframework.aop.support.DefaultBeanFactoryPointcutAdvisor#0'
- (2047 ms) - [DEBUG] 2018-12-30 19:24:55,659 org.springframework.beans.factory.support.DefaultListableBeanFactory - Returning eagerly cached instance of singleton bean 'itripUserLinkUserMapper' that is not fully initialized yet - a consequence of a circular reference
- (2048 ms) - [DEBUG] 2018-12-30 19:24:55,660 org.springframework.beans.factory.support.DefaultListableBeanFactory - Creating shared instance of singleton bean 'sqlSessionFactoryBean'
- (2048 ms) - [DEBUG] 2018-12-30 19:24:55,660 org.springframework.beans.factory.support.DefaultListableBeanFactory - Creating instance of bean 'sqlSessionFactoryBean'
- (2050 ms) - [DEBUG] 2018-12-30 19:24:55,662 org.springframework.beans.factory.support.DefaultListableBeanFactory - Eagerly caching bean 'sqlSessionFactoryBean' to allow for resolving potential circular references
- (2053 ms) - [DEBUG] 2018-12-30 19:24:55,665 org.springframework.beans.factory.support.DefaultListableBeanFactory - Creating shared instance of singleton bean 'dataSource'
- (2054 ms) - [DEBUG] 2018-12-30 19:24:55,666 org.springframework.beans.factory.support.DefaultListableBeanFactory - Creating instance of bean 'dataSource'
- (2055 ms) - [DEBUG] 2018-12-30 19:24:55,667 org.springframework.beans.factory.support.DefaultListableBeanFactory - Returning cached instance of singleton bean 'org.springframework.aop.support.DefaultBeanFactoryPointcutAdvisor#0'
- (2065 ms) - [DEBUG] 2018-12-30 19:24:55,677 org.springframework.beans.factory.support.DefaultListableBeanFactory - Eagerly caching bean 'dataSource' to allow for resolving potential circular references
- (2085 ms) - [DEBUG] 2018-12-30 19:24:55,697 org.springframework.beans.factory.support.DefaultListableBeanFactory - Returning cached instance of singleton bean 'org.springframework.aop.support.DefaultBeanFactoryPointcutAdvisor#0'
- (2086 ms) - [DEBUG] 2018-12-30 19:24:55,698 org.springframework.beans.factory.support.DefaultListableBeanFactory - Returning cached instance of singleton bean 'org.springframework.aop.support.DefaultBeanFactoryPointcutAdvisor#0'
- (2098 ms) - [DEBUG] 2018-12-30 19:24:55,710 org.springframework.beans.factory.support.DefaultListableBeanFactory - Finished creating instance of bean 'dataSource'
- (2101 ms) - [DEBUG] 2018-12-30 19:24:55,713 org.springframework.beans.factory.support.DefaultListableBeanFactory - Invoking afterPropertiesSet() on bean with name 'sqlSessionFactoryBean'
- (2196 ms) - [DEBUG] 2018-12-30 19:24:55,808 org.apache.ibatis.io.ResolverUtil - Class not found: org.jboss.vfs.VFS
- (2197 ms) - [DEBUG] 2018-12-30 19:24:55,809 org.apache.ibatis.io.ResolverUtil - JBoss 6 VFS API is not available in this environment.
- (2200 ms) - [DEBUG] 2018-12-30 19:24:55,812 org.apache.ibatis.io.ResolverUtil - Class not found: org.jboss.vfs.VirtualFile
- (2201 ms) - [DEBUG] 2018-12-30 19:24:55,813 org.apache.ibatis.io.ResolverUtil - VFS implementation org.apache.ibatis.io.JBoss6VFS is not valid in this environment.
- (2202 ms) - [DEBUG] 2018-12-30 19:24:55,814 org.apache.ibatis.io.ResolverUtil - Using VFS adapter org.apache.ibatis.io.DefaultVFS
- (2203 ms) - [DEBUG] 2018-12-30 19:24:55,815 org.apache.ibatis.io.ResolverUtil - Find JAR URL: jar:file:/E:/ideaXM/itrip/itrip-beans/target/itrip-beans-1.0-SNAPSHOT.jar!/cn/itrip/beans/pojo
- (2204 ms) - [DEBUG] 2018-12-30 19:24:55,816 org.apache.ibatis.io.ResolverUtil - Inner URL: file:/E:/ideaXM/itrip/itrip-beans/target/itrip-beans-1.0-SNAPSHOT.jar!/cn/itrip/beans/pojo
- (2205 ms) - [DEBUG] 2018-12-30 19:24:55,817 org.apache.ibatis.io.ResolverUtil - Extracted JAR URL: file:/E:/ideaXM/itrip/itrip-beans/target/itrip-beans-1.0-SNAPSHOT.jar
- (2206 ms) - [DEBUG] 2018-12-30 19:24:55,818 org.apache.ibatis.io.ResolverUtil - Found JAR: file:/E:/ideaXM/itrip/itrip-beans/target/itrip-beans-1.0-SNAPSHOT.jar
- (2207 ms) - [DEBUG] 2018-12-30 19:24:55,819 org.apache.ibatis.io.ResolverUtil - Listing jar:file:/E:/ideaXM/itrip/itrip-beans/target/itrip-beans-1.0-SNAPSHOT.jar!/cn/itrip/beans/pojo
- (2209 ms) - [DEBUG] 2018-12-30 19:24:55,821 org.apache.ibatis.io.ResolverUtil - Found resource: /cn/itrip/beans/pojo/ItripAreaDic.class
- (2209 ms) - [DEBUG] 2018-12-30 19:24:55,821 org.apache.ibatis.io.ResolverUtil - Found resource: /cn/itrip/beans/pojo/ItripComment.class
- (2210 ms) - [DEBUG] 2018-12-30 19:24:55,822 org.apache.ibatis.io.ResolverUtil - Found resource: /cn/itrip/beans/pojo/ItripHotel.class
- (2211 ms) - [DEBUG] 2018-12-30 19:24:55,823 org.apache.ibatis.io.ResolverUtil - Found resource: /cn/itrip/beans/pojo/ItripHotelExtendProperty.class
- (2213 ms) - [DEBUG] 2018-12-30 19:24:55,825 org.apache.ibatis.io.ResolverUtil - Found resource: /cn/itrip/beans/pojo/ItripHotelFeature.class
- (2214 ms) - [DEBUG] 2018-12-30 19:24:55,826 org.apache.ibatis.io.ResolverUtil - Found resource: /cn/itrip/beans/pojo/ItripHotelOrder.class
- (2215 ms) - [DEBUG] 2018-12-30 19:24:55,827 org.apache.ibatis.io.ResolverUtil - Found resource: /cn/itrip/beans/pojo/ItripHotelRoom.class
- (2216 ms) - [DEBUG] 2018-12-30 19:24:55,828 org.apache.ibatis.io.ResolverUtil - Found resource: /cn/itrip/beans/pojo/ItripHotelTempStore.class
- (2217 ms) - [DEBUG] 2018-12-30 19:24:55,829 org.apache.ibatis.io.ResolverUtil - Found resource: /cn/itrip/beans/pojo/ItripHotelTradingArea.class
- (2217 ms) - [DEBUG] 2018-12-30 19:24:55,829 org.apache.ibatis.io.ResolverUtil - Found resource: /cn/itrip/beans/pojo/ItripImage.class
- (2218 ms) - [DEBUG] 2018-12-30 19:24:55,830 org.apache.ibatis.io.ResolverUtil - Found resource: /cn/itrip/beans/pojo/ItripLabelDic.class
- (2219 ms) - [DEBUG] 2018-12-30 19:24:55,831 org.apache.ibatis.io.ResolverUtil - Found resource: /cn/itrip/beans/pojo/ItripOrderLinkUser.class
- (2219 ms) - [DEBUG] 2018-12-30 19:24:55,831 org.apache.ibatis.io.ResolverUtil - Found resource: /cn/itrip/beans/pojo/ItripProductStore.class
- (2220 ms) - [DEBUG] 2018-12-30 19:24:55,832 org.apache.ibatis.io.ResolverUtil - Found resource: /cn/itrip/beans/pojo/ItripTradeEnds.class
- (2220 ms) - [DEBUG] 2018-12-30 19:24:55,832 org.apache.ibatis.io.ResolverUtil - Found resource: /cn/itrip/beans/pojo/ItripUser.class
- (2221 ms) - [DEBUG] 2018-12-30 19:24:55,833 org.apache.ibatis.io.ResolverUtil - Found resource: /cn/itrip/beans/pojo/ItripUserLinkUser.class
- (2223 ms) - [DEBUG] 2018-12-30 19:24:55,835 org.apache.ibatis.io.ResolverUtil - Checking to see if class cn.itrip.beans.pojo.ItripAreaDic matches criteria [is assignable to Object]
- (2225 ms) - [DEBUG] 2018-12-30 19:24:55,837 org.apache.ibatis.io.ResolverUtil - Checking to see if class cn.itrip.beans.pojo.ItripComment matches criteria [is assignable to Object]
- (2226 ms) - [DEBUG] 2018-12-30 19:24:55,838 org.apache.ibatis.io.ResolverUtil - Checking to see if class cn.itrip.beans.pojo.ItripHotel matches criteria [is assignable to Object]
- (2227 ms) - [DEBUG] 2018-12-30 19:24:55,839 org.apache.ibatis.io.ResolverUtil - Checking to see if class cn.itrip.beans.pojo.ItripHotelExtendProperty matches criteria [is assignable to Object]
- (2228 ms) - [DEBUG] 2018-12-30 19:24:55,840 org.apache.ibatis.io.ResolverUtil - Checking to see if class cn.itrip.beans.pojo.ItripHotelFeature matches criteria [is assignable to Object]
- (2229 ms) - [DEBUG] 2018-12-30 19:24:55,841 org.apache.ibatis.io.ResolverUtil - Checking to see if class cn.itrip.beans.pojo.ItripHotelOrder matches criteria [is assignable to Object]
- (2230 ms) - [DEBUG] 2018-12-30 19:24:55,842 org.apache.ibatis.io.ResolverUtil - Checking to see if class cn.itrip.beans.pojo.ItripHotelRoom matches criteria [is assignable to Object]
- (2230 ms) - [DEBUG] 2018-12-30 19:24:55,842 org.apache.ibatis.io.ResolverUtil - Checking to see if class cn.itrip.beans.pojo.ItripHotelTempStore matches criteria [is assignable to Object]
- (2231 ms) - [DEBUG] 2018-12-30 19:24:55,843 org.apache.ibatis.io.ResolverUtil - Checking to see if class cn.itrip.beans.pojo.ItripHotelTradingArea matches criteria [is assignable to Object]
- (2232 ms) - [DEBUG] 2018-12-30 19:24:55,844 org.apache.ibatis.io.ResolverUtil - Checking to see if class cn.itrip.beans.pojo.ItripImage matches criteria [is assignable to Object]
- (2232 ms) - [DEBUG] 2018-12-30 19:24:55,844 org.apache.ibatis.io.ResolverUtil - Checking to see if class cn.itrip.beans.pojo.ItripLabelDic matches criteria [is assignable to Object]
- (2233 ms) - [DEBUG] 2018-12-30 19:24:55,845 org.apache.ibatis.io.ResolverUtil - Checking to see if class cn.itrip.beans.pojo.ItripOrderLinkUser matches criteria [is assignable to Object]
- (2234 ms) - [DEBUG] 2018-12-30 19:24:55,846 org.apache.ibatis.io.ResolverUtil - Checking to see if class cn.itrip.beans.pojo.ItripProductStore matches criteria [is assignable to Object]
- (2235 ms) - [DEBUG] 2018-12-30 19:24:55,847 org.apache.ibatis.io.ResolverUtil - Checking to see if class cn.itrip.beans.pojo.ItripTradeEnds matches criteria [is assignable to Object]
- (2236 ms) - [DEBUG] 2018-12-30 19:24:55,848 org.apache.ibatis.io.ResolverUtil - Checking to see if class cn.itrip.beans.pojo.ItripUser matches criteria [is assignable to Object]
- (2237 ms) - [DEBUG] 2018-12-30 19:24:55,849 org.apache.ibatis.io.ResolverUtil - Checking to see if class cn.itrip.beans.pojo.ItripUserLinkUser matches criteria [is assignable to Object]
- (2248 ms) - [DEBUG] 2018-12-30 19:24:55,860 org.mybatis.spring.SqlSessionFactoryBean - Parsed configuration file: 'class path resource [mybatis-config.xml]'
- (2359 ms) - [ERROR] 2018-12-30 19:24:55,971 org.apache.ibatis.executor.BaseExecutor - Could not get a databaseId from dataSource
org.apache.commons.dbcp.SQLNestedException: Cannot create PoolableConnectionFactory (Data source rejected establishment of connection,  message from server: "Too many connections")
	at org.apache.commons.dbcp.BasicDataSource.createPoolableConnectionFactory(BasicDataSource.java:1549)
	at org.apache.commons.dbcp.BasicDataSource.createDataSource(BasicDataSource.java:1388)
	at org.apache.commons.dbcp.BasicDataSource.getConnection(BasicDataSource.java:1044)
	at org.apache.ibatis.mapping.VendorDatabaseIdProvider.getDatabaseProductName(VendorDatabaseIdProvider.java:76)
	at org.apache.ibatis.mapping.VendorDatabaseIdProvider.getDatabaseName(VendorDatabaseIdProvider.java:61)
	at org.apache.ibatis.mapping.VendorDatabaseIdProvider.getDatabaseId(VendorDatabaseIdProvider.java:49)
	at org.mybatis.spring.SqlSessionFactoryBean.buildSqlSessionFactory(SqlSessionFactoryBean.java:445)
	at org.mybatis.spring.SqlSessionFactoryBean.afterPropertiesSet(SqlSessionFactoryBean.java:336)
	at org.springframework.beans.factory.support.AbstractAutowireCapableBeanFactory.invokeInitMethods(AbstractAutowireCapableBeanFactory.java:1633)
	at org.springframework.beans.factory.support.AbstractAutowireCapableBeanFactory.initializeBean(AbstractAutowireCapableBeanFactory.java:1570)
	at org.springframework.beans.factory.support.AbstractAutowireCapableBeanFactory.doCreateBean(AbstractAutowireCapableBeanFactory.java:539)
	at org.springframework.beans.factory.support.AbstractAutowireCapableBeanFactory.createBean(AbstractAutowireCapableBeanFactory.java:476)
	at org.springframework.beans.factory.support.AbstractBeanFactory$1.getObject(AbstractBeanFactory.java:303)
	at org.springframework.beans.factory.support.DefaultSingletonBeanRegistry.getSingleton(DefaultSingletonBeanRegistry.java:230)
	at org.springframework.beans.factory.support.AbstractBeanFactory.doGetBean(AbstractBeanFactory.java:299)
	at org.springframework.beans.factory.support.AbstractBeanFactory.getBean(AbstractBeanFactory.java:194)
	at org.springframework.beans.factory.support.DefaultListableBeanFactory.findAutowireCandidates(DefaultListableBeanFactory.java:1120)
	at org.springframework.beans.factory.support.DefaultListableBeanFactory.doResolveDependency(DefaultListableBeanFactory.java:1044)
	at org.springframework.beans.factory.support.DefaultListableBeanFactory.resolveDependency(DefaultListableBeanFactory.java:942)
	at org.springframework.beans.factory.support.AbstractAutowireCapableBeanFactory.autowireByType(AbstractAutowireCapableBeanFactory.java:1288)
	at org.springframework.beans.factory.support.AbstractAutowireCapableBeanFactory.populateBean(AbstractAutowireCapableBeanFactory.java:1195)
	at org.springframework.beans.factory.support.AbstractAutowireCapableBeanFactory.doCreateBean(AbstractAutowireCapableBeanFactory.java:537)
	at org.springframework.beans.factory.support.AbstractAutowireCapableBeanFactory.createBean(AbstractAutowireCapableBeanFactory.java:476)
	at org.springframework.beans.factory.support.AbstractBeanFactory$1.getObject(AbstractBeanFactory.java:303)
	at org.springframework.beans.factory.support.DefaultSingletonBeanRegistry.getSingleton(DefaultSingletonBeanRegistry.java:230)
	at org.springframework.beans.factory.support.AbstractBeanFactory.doGetBean(AbstractBeanFactory.java:299)
	at org.springframework.beans.factory.support.AbstractBeanFactory.getTypeForFactoryBean(AbstractBeanFactory.java:1421)
	at org.springframework.beans.factory.support.AbstractAutowireCapableBeanFactory.getTypeForFactoryBean(AbstractAutowireCapableBeanFactory.java:802)
	at org.springframework.beans.factory.support.AbstractBeanFactory.isTypeMatch(AbstractBeanFactory.java:542)
	at org.springframework.beans.factory.support.DefaultListableBeanFactory.doGetBeanNamesForType(DefaultListableBeanFactory.java:436)
	at org.springframework.beans.factory.support.DefaultListableBeanFactory.getBeanNamesForType(DefaultListableBeanFactory.java:412)
	at org.springframework.beans.factory.BeanFactoryUtils.beanNamesForTypeIncludingAncestors(BeanFactoryUtils.java:186)
	at org.springframework.beans.factory.support.DefaultListableBeanFactory.findAutowireCandidates(DefaultListableBeanFactory.java:1105)
	at org.springframework.beans.factory.support.DefaultListableBeanFactory.doResolveDependency(DefaultListableBeanFactory.java:1044)
	at org.springframework.beans.factory.support.DefaultListableBeanFactory.resolveDependency(DefaultListableBeanFactory.java:942)
	at org.springframework.beans.factory.support.AbstractAutowireCapableBeanFactory.autowireByType(AbstractAutowireCapableBeanFactory.java:1288)
	at org.springframework.beans.factory.support.AbstractAutowireCapableBeanFactory.populateBean(AbstractAutowireCapableBeanFactory.java:1195)
	at org.springframework.beans.factory.support.AbstractAutowireCapableBeanFactory.doCreateBean(AbstractAutowireCapableBeanFactory.java:537)
	at org.springframework.beans.factory.support.AbstractAutowireCapableBeanFactory.createBean(AbstractAutowireCapableBeanFactory.java:476)
	at org.springframework.beans.factory.support.AbstractBeanFactory$1.getObject(AbstractBeanFactory.java:303)
	at org.springframework.beans.factory.support.DefaultSingletonBeanRegistry.getSingleton(DefaultSingletonBeanRegistry.java:230)
	at org.springframework.beans.factory.support.AbstractBeanFactory.doGetBean(AbstractBeanFactory.java:299)
	at org.springframework.beans.factory.support.AbstractBeanFactory.getTypeForFactoryBean(AbstractBeanFactory.java:1421)
	at org.springframework.beans.factory.support.AbstractAutowireCapableBeanFactory.getTypeForFactoryBean(AbstractAutowireCapableBeanFactory.java:802)
	at org.springframework.beans.factory.support.AbstractBeanFactory.isTypeMatch(AbstractBeanFactory.java:542)
	at org.springframework.beans.factory.support.DefaultListableBeanFactory.doGetBeanNamesForType(DefaultListableBeanFactory.java:436)
	at org.springframework.beans.factory.support.DefaultListableBeanFactory.getBeanNamesForType(DefaultListableBeanFactory.java:412)
	at org.springframework.beans.factory.BeanFactoryUtils.beanNamesForTypeIncludingAncestors(BeanFactoryUtils.java:186)
	at org.springframework.beans.factory.support.DefaultListableBeanFactory.findAutowireCandidates(DefaultListableBeanFactory.java:1105)
	at org.springframework.beans.factory.support.DefaultListableBeanFactory.doResolveDependency(DefaultListableBeanFactory.java:1044)
	at org.springframework.beans.factory.support.DefaultListableBeanFactory.resolveDependency(DefaultListableBeanFactory.java:942)
	at org.springframework.beans.factory.support.AbstractAutowireCapableBeanFactory.autowireByType(AbstractAutowireCapableBeanFactory.java:1288)
	at org.springframework.beans.factory.support.AbstractAutowireCapableBeanFactory.populateBean(AbstractAutowireCapableBeanFactory.java:1195)
	at org.springframework.beans.factory.support.AbstractAutowireCapableBeanFactory.doCreateBean(AbstractAutowireCapableBeanFactory.java:537)
	at org.springframework.beans.factory.support.AbstractAutowireCapableBeanFactory.createBean(AbstractAutowireCapableBeanFactory.java:476)
	at org.springframework.beans.factory.support.AbstractBeanFactory$1.getObject(AbstractBeanFactory.java:303)
	at org.springframework.beans.factory.support.DefaultSingletonBeanRegistry.getSingleton(DefaultSingletonBeanRegistry.java:230)
	at org.springframework.beans.factory.support.AbstractBeanFactory.doGetBean(AbstractBeanFactory.java:299)
	at org.springframework.beans.factory.support.AbstractBeanFactory.getTypeForFactoryBean(AbstractBeanFactory.java:1421)
	at org.springframework.beans.factory.support.AbstractAutowireCapableBeanFactory.getTypeForFactoryBean(AbstractAutowireCapableBeanFactory.java:802)
	at org.springframework.beans.factory.support.AbstractBeanFactory.isTypeMatch(AbstractBeanFactory.java:542)
	at org.springframework.beans.factory.support.DefaultListableBeanFactory.doGetBeanNamesForType(DefaultListableBeanFactory.java:436)
	at org.springframework.beans.factory.support.DefaultListableBeanFactory.getBeanNamesForType(DefaultListableBeanFactory.java:412)
	at org.springframework.beans.factory.BeanFactoryUtils.beanNamesForTypeIncludingAncestors(BeanFactoryUtils.java:186)
	at org.springframework.beans.factory.support.DefaultListableBeanFactory.findAutowireCandidates(DefaultListableBeanFactory.java:1105)
	at org.springframework.beans.factory.support.DefaultListableBeanFactory.doResolveDependency(DefaultListableBeanFactory.java:1044)
	at org.springframework.beans.factory.support.DefaultListableBeanFactory.resolveDependency(DefaultListableBeanFactory.java:942)
	at org.springframework.beans.factory.support.AbstractAutowireCapableBeanFactory.autowireByType(AbstractAutowireCapableBeanFactory.java:1288)
	at org.springframework.beans.factory.support.AbstractAutowireCapableBeanFactory.populateBean(AbstractAutowireCapableBeanFactory.java:1195)
	at org.springframework.beans.factory.support.AbstractAutowireCapableBeanFactory.doCreateBean(AbstractAutowireCapableBeanFactory.java:537)
	at org.springframework.beans.factory.support.AbstractAutowireCapableBeanFactory.createBean(AbstractAutowireCapableBeanFactory.java:476)
	at org.springframework.beans.factory.support.AbstractBeanFactory$1.getObject(AbstractBeanFactory.java:303)
	at org.springframework.beans.factory.support.DefaultSingletonBeanRegistry.getSingleton(DefaultSingletonBeanRegistry.java:230)
	at org.springframework.beans.factory.support.AbstractBeanFactory.doGetBean(AbstractBeanFactory.java:299)
	at org.springframework.beans.factory.support.AbstractBeanFactory.getTypeForFactoryBean(AbstractBeanFactory.java:1421)
	at org.springframework.beans.factory.support.AbstractAutowireCapableBeanFactory.getTypeForFactoryBean(AbstractAutowireCapableBeanFactory.java:802)
	at org.springframework.beans.factory.support.AbstractBeanFactory.isTypeMatch(AbstractBeanFactory.java:542)
	at org.springframework.beans.factory.support.DefaultListableBeanFactory.doGetBeanNamesForType(DefaultListableBeanFactory.java:436)
	at org.springframework.beans.factory.support.DefaultListableBeanFactory.getBeanNamesForType(DefaultListableBeanFactory.java:412)
	at org.springframework.beans.factory.BeanFactoryUtils.beanNamesForTypeIncludingAncestors(BeanFactoryUtils.java:186)
	at org.springframework.beans.factory.support.DefaultListableBeanFactory.findAutowireCandidates(DefaultListableBeanFactory.java:1105)
	at org.springframework.beans.factory.support.DefaultListableBeanFactory.doResolveDependency(DefaultListableBeanFactory.java:1044)
	at org.springframework.beans.factory.support.DefaultListableBeanFactory.resolveDependency(DefaultListableBeanFactory.java:942)
	at org.springframework.beans.factory.support.AbstractAutowireCapableBeanFactory.autowireByType(AbstractAutowireCapableBeanFactory.java:1288)
	at org.springframework.beans.factory.support.AbstractAutowireCapableBeanFactory.populateBean(AbstractAutowireCapableBeanFactory.java:1195)
	at org.springframework.beans.factory.support.AbstractAutowireCapableBeanFactory.doCreateBean(AbstractAutowireCapableBeanFactory.java:537)
	at org.springframework.beans.factory.support.AbstractAutowireCapableBeanFactory.createBean(AbstractAutowireCapableBeanFactory.java:476)
	at org.springframework.beans.factory.support.AbstractBeanFactory$1.getObject(AbstractBeanFactory.java:303)
	at org.springframework.beans.factory.support.DefaultSingletonBeanRegistry.getSingleton(DefaultSingletonBeanRegistry.java:230)
	at org.springframework.beans.factory.support.AbstractBeanFactory.doGetBean(AbstractBeanFactory.java:299)
	at org.springframework.beans.factory.support.AbstractBeanFactory.getTypeForFactoryBean(AbstractBeanFactory.java:1421)
	at org.springframework.beans.factory.support.AbstractAutowireCapableBeanFactory.getTypeForFactoryBean(AbstractAutowireCapableBeanFactory.java:802)
	at org.springframework.beans.factory.support.AbstractBeanFactory.isTypeMatch(AbstractBeanFactory.java:542)
	at org.springframework.beans.factory.support.DefaultListableBeanFactory.doGetBeanNamesForType(DefaultListableBeanFactory.java:436)
	at org.springframework.beans.factory.support.DefaultListableBeanFactory.getBeanNamesForType(DefaultListableBeanFactory.java:412)
	at org.springframework.beans.factory.BeanFactoryUtils.beanNamesForTypeIncludingAncestors(BeanFactoryUtils.java:186)
	at org.springframework.beans.factory.support.DefaultListableBeanFactory.findAutowireCandidates(DefaultListableBeanFactory.java:1105)
	at org.springframework.beans.factory.support.DefaultListableBeanFactory.doResolveDependency(DefaultListableBeanFactory.java:1044)
	at org.springframework.beans.factory.support.DefaultListableBeanFactory.resolveDependency(DefaultListableBeanFactory.java:942)
	at org.springframework.beans.factory.support.AbstractAutowireCapableBeanFactory.autowireByType(AbstractAutowireCapableBeanFactory.java:1288)
	at org.springframework.beans.factory.support.AbstractAutowireCapableBeanFactory.populateBean(AbstractAutowireCapableBeanFactory.java:1195)
	at org.springframework.beans.factory.support.AbstractAutowireCapableBeanFactory.doCreateBean(AbstractAutowireCapableBeanFactory.java:537)
	at org.springframework.beans.factory.support.AbstractAutowireCapableBeanFactory.createBean(AbstractAutowireCapableBeanFactory.java:476)
	at org.springframework.beans.factory.support.AbstractBeanFactory$1.getObject(AbstractBeanFactory.java:303)
	at org.springframework.beans.factory.support.DefaultSingletonBeanRegistry.getSingleton(DefaultSingletonBeanRegistry.java:230)
	at org.springframework.beans.factory.support.AbstractBeanFactory.doGetBean(AbstractBeanFactory.java:299)
	at org.springframework.beans.factory.support.AbstractBeanFactory.getTypeForFactoryBean(AbstractBeanFactory.java:1421)
	at org.springframework.beans.factory.support.AbstractAutowireCapableBeanFactory.getTypeForFactoryBean(AbstractAutowireCapableBeanFactory.java:802)
	at org.springframework.beans.factory.support.AbstractBeanFactory.isTypeMatch(AbstractBeanFactory.java:542)
	at org.springframework.beans.factory.support.DefaultListableBeanFactory.doGetBeanNamesForType(DefaultListableBeanFactory.java:436)
	at org.springframework.beans.factory.support.DefaultListableBeanFactory.getBeanNamesForType(DefaultListableBeanFactory.java:412)
	at org.springframework.beans.factory.BeanFactoryUtils.beanNamesForTypeIncludingAncestors(BeanFactoryUtils.java:186)
	at org.springframework.beans.factory.support.DefaultListableBeanFactory.findAutowireCandidates(DefaultListableBeanFactory.java:1105)
	at org.springframework.beans.factory.support.DefaultListableBeanFactory.doResolveDependency(DefaultListableBeanFactory.java:1044)
	at org.springframework.beans.factory.support.DefaultListableBeanFactory.resolveDependency(DefaultListableBeanFactory.java:942)
	at org.springframework.beans.factory.support.AbstractAutowireCapableBeanFactory.autowireByType(AbstractAutowireCapableBeanFactory.java:1288)
	at org.springframework.beans.factory.support.AbstractAutowireCapableBeanFactory.populateBean(AbstractAutowireCapableBeanFactory.java:1195)
	at org.springframework.beans.factory.support.AbstractAutowireCapableBeanFactory.doCreateBean(AbstractAutowireCapableBeanFactory.java:537)
	at org.springframework.beans.factory.support.AbstractAutowireCapableBeanFactory.createBean(AbstractAutowireCapableBeanFactory.java:476)
	at org.springframework.beans.factory.support.AbstractBeanFactory$1.getObject(AbstractBeanFactory.java:303)
	at org.springframework.beans.factory.support.DefaultSingletonBeanRegistry.getSingleton(DefaultSingletonBeanRegistry.java:230)
	at org.springframework.beans.factory.support.AbstractBeanFactory.doGetBean(AbstractBeanFactory.java:299)
	at org.springframework.beans.factory.support.AbstractBeanFactory.getTypeForFactoryBean(AbstractBeanFactory.java:1421)
	at org.springframework.beans.factory.support.AbstractAutowireCapableBeanFactory.getTypeForFactoryBean(AbstractAutowireCapableBeanFactory.java:802)
	at org.springframework.beans.factory.support.AbstractBeanFactory.isTypeMatch(AbstractBeanFactory.java:542)
	at org.springframework.beans.factory.support.DefaultListableBeanFactory.doGetBeanNamesForType(DefaultListableBeanFactory.java:436)
	at org.springframework.beans.factory.support.DefaultListableBeanFactory.getBeanNamesForType(DefaultListableBeanFactory.java:412)
	at org.springframework.beans.factory.BeanFactoryUtils.beanNamesForTypeIncludingAncestors(BeanFactoryUtils.java:186)
	at org.springframework.beans.factory.support.DefaultListableBeanFactory.findAutowireCandidates(DefaultListableBeanFactory.java:1105)
	at org.springframework.beans.factory.support.DefaultListableBeanFactory.doResolveDependency(DefaultListableBeanFactory.java:1044)
	at org.springframework.beans.factory.support.DefaultListableBeanFactory.resolveDependency(DefaultListableBeanFactory.java:942)
	at org.springframework.beans.factory.support.AbstractAutowireCapableBeanFactory.autowireByType(AbstractAutowireCapableBeanFactory.java:1288)
	at org.springframework.beans.factory.support.AbstractAutowireCapableBeanFactory.populateBean(AbstractAutowireCapableBeanFactory.java:1195)
	at org.springframework.beans.factory.support.AbstractAutowireCapableBeanFactory.doCreateBean(AbstractAutowireCapableBeanFactory.java:537)
	at org.springframework.beans.factory.support.AbstractAutowireCapableBeanFactory.createBean(AbstractAutowireCapableBeanFactory.java:476)
	at org.springframework.beans.factory.support.AbstractBeanFactory$1.getObject(AbstractBeanFactory.java:303)
	at org.springframework.beans.factory.support.DefaultSingletonBeanRegistry.getSingleton(DefaultSingletonBeanRegistry.java:230)
	at org.springframework.beans.factory.support.AbstractBeanFactory.doGetBean(AbstractBeanFactory.java:299)
	at org.springframework.beans.factory.support.AbstractBeanFactory.getTypeForFactoryBean(AbstractBeanFactory.java:1421)
	at org.springframework.beans.factory.support.AbstractAutowireCapableBeanFactory.getTypeForFactoryBean(AbstractAutowireCapableBeanFactory.java:802)
	at org.springframework.beans.factory.support.AbstractBeanFactory.isTypeMatch(AbstractBeanFactory.java:542)
	at org.springframework.beans.factory.support.DefaultListableBeanFactory.doGetBeanNamesForType(DefaultListableBeanFactory.java:436)
	at org.springframework.beans.factory.support.DefaultListableBeanFactory.getBeanNamesForType(DefaultListableBeanFactory.java:412)
	at org.springframework.beans.factory.BeanFactoryUtils.beanNamesForTypeIncludingAncestors(BeanFactoryUtils.java:186)
	at org.springframework.beans.factory.support.DefaultListableBeanFactory.findAutowireCandidates(DefaultListableBeanFactory.java:1105)
	at org.springframework.beans.factory.support.DefaultListableBeanFactory.doResolveDependency(DefaultListableBeanFactory.java:1044)
	at org.springframework.beans.factory.support.DefaultListableBeanFactory.resolveDependency(DefaultListableBeanFactory.java:942)
	at org.springframework.beans.factory.support.AbstractAutowireCapableBeanFactory.autowireByType(AbstractAutowireCapableBeanFactory.java:1288)
	at org.springframework.beans.factory.support.AbstractAutowireCapableBeanFactory.populateBean(AbstractAutowireCapableBeanFactory.java:1195)
	at org.springframework.beans.factory.support.AbstractAutowireCapableBeanFactory.doCreateBean(AbstractAutowireCapableBeanFactory.java:537)
	at org.springframework.beans.factory.support.AbstractAutowireCapableBeanFactory.createBean(AbstractAutowireCapableBeanFactory.java:476)
	at org.springframework.beans.factory.support.AbstractBeanFactory$1.getObject(AbstractBeanFactory.java:303)
	at org.springframework.beans.factory.support.DefaultSingletonBeanRegistry.getSingleton(DefaultSingletonBeanRegistry.java:230)
	at org.springframework.beans.factory.support.AbstractBeanFactory.doGetBean(AbstractBeanFactory.java:299)
	at org.springframework.beans.factory.support.AbstractBeanFactory.getTypeForFactoryBean(AbstractBeanFactory.java:1421)
	at org.springframework.beans.factory.support.AbstractAutowireCapableBeanFactory.getTypeForFactoryBean(AbstractAutowireCapableBeanFactory.java:802)
	at org.springframework.beans.factory.support.AbstractBeanFactory.isTypeMatch(AbstractBeanFactory.java:542)
	at org.springframework.beans.factory.support.DefaultListableBeanFactory.doGetBeanNamesForType(DefaultListableBeanFactory.java:436)
	at org.springframework.beans.factory.support.DefaultListableBeanFactory.getBeanNamesForType(DefaultListableBeanFactory.java:412)
	at org.springframework.beans.factory.BeanFactoryUtils.beanNamesForTypeIncludingAncestors(BeanFactoryUtils.java:186)
	at org.springframework.beans.factory.support.DefaultListableBeanFactory.findAutowireCandidates(DefaultListableBeanFactory.java:1105)
	at org.springframework.beans.factory.support.DefaultListableBeanFactory.doResolveDependency(DefaultListableBeanFactory.java:1044)
	at org.springframework.beans.factory.support.DefaultListableBeanFactory.resolveDependency(DefaultListableBeanFactory.java:942)
	at org.springframework.beans.factory.support.AbstractAutowireCapableBeanFactory.autowireByType(AbstractAutowireCapableBeanFactory.java:1288)
	at org.springframework.beans.factory.support.AbstractAutowireCapableBeanFactory.populateBean(AbstractAutowireCapableBeanFactory.java:1195)
	at org.springframework.beans.factory.support.AbstractAutowireCapableBeanFactory.doCreateBean(AbstractAutowireCapableBeanFactory.java:537)
	at org.springframework.beans.factory.support.AbstractAutowireCapableBeanFactory.createBean(AbstractAutowireCapableBeanFactory.java:476)
	at org.springframework.beans.factory.support.AbstractBeanFactory$1.getObject(AbstractBeanFactory.java:303)
	at org.springframework.beans.factory.support.DefaultSingletonBeanRegistry.getSingleton(DefaultSingletonBeanRegistry.java:230)
	at org.springframework.beans.factory.support.AbstractBeanFactory.doGetBean(AbstractBeanFactory.java:299)
	at org.springframework.beans.factory.support.AbstractBeanFactory.getTypeForFactoryBean(AbstractBeanFactory.java:1421)
	at org.springframework.beans.factory.support.AbstractAutowireCapableBeanFactory.getTypeForFactoryBean(AbstractAutowireCapableBeanFactory.java:802)
	at org.springframework.beans.factory.support.AbstractBeanFactory.isTypeMatch(AbstractBeanFactory.java:542)
	at org.springframework.beans.factory.support.DefaultListableBeanFactory.doGetBeanNamesForType(DefaultListableBeanFactory.java:436)
	at org.springframework.beans.factory.support.DefaultListableBeanFactory.getBeanNamesForType(DefaultListableBeanFactory.java:412)
	at org.springframework.beans.factory.support.DefaultListableBeanFactory.getBeanNamesForType(DefaultListableBeanFactory.java:398)
	at org.springframework.context.support.AbstractApplicationContext.getBeanNamesForType(AbstractApplicationContext.java:1040)
	at org.springframework.web.servlet.handler.AbstractDetectingUrlHandlerMapping.detectHandlers(AbstractDetectingUrlHandlerMapping.java:75)
	at org.springframework.web.servlet.handler.AbstractDetectingUrlHandlerMapping.initApplicationContext(AbstractDetectingUrlHandlerMapping.java:58)
	at org.springframework.context.support.ApplicationObjectSupport.initApplicationContext(ApplicationObjectSupport.java:120)
	at org.springframework.web.context.support.WebApplicationObjectSupport.initApplicationContext(WebApplicationObjectSupport.java:76)
	at org.springframework.context.support.ApplicationObjectSupport.setApplicationContext(ApplicationObjectSupport.java:74)
	at org.springframework.context.support.ApplicationContextAwareProcessor.invokeAwareInterfaces(ApplicationContextAwareProcessor.java:119)
	at org.springframework.context.support.ApplicationContextAwareProcessor.postProcessBeforeInitialization(ApplicationContextAwareProcessor.java:94)
	at org.springframework.beans.factory.support.AbstractAutowireCapableBeanFactory.applyBeanPostProcessorsBeforeInitialization(AbstractAutowireCapableBeanFactory.java:408)
	at org.springframework.beans.factory.support.AbstractAutowireCapableBeanFactory.initializeBean(AbstractAutowireCapableBeanFactory.java:1566)
	at org.springframework.beans.factory.support.AbstractAutowireCapableBeanFactory.doCreateBean(AbstractAutowireCapableBeanFactory.java:539)
	at org.springframework.beans.factory.support.AbstractAutowireCapableBeanFactory.createBean(AbstractAutowireCapableBeanFactory.java:476)
	at org.springframework.beans.factory.support.AbstractBeanFactory$1.getObject(AbstractBeanFactory.java:303)
	at org.springframework.beans.factory.support.DefaultSingletonBeanRegistry.getSingleton(DefaultSingletonBeanRegistry.java:230)
	at org.springframework.beans.factory.support.AbstractBeanFactory.doGetBean(AbstractBeanFactory.java:299)
	at org.springframework.beans.factory.support.AbstractBeanFactory.getBean(AbstractBeanFactory.java:194)
	at org.springframework.beans.factory.support.DefaultListableBeanFactory.preInstantiateSingletons(DefaultListableBeanFactory.java:755)
	at org.springframework.context.support.AbstractApplicationContext.finishBeanFactoryInitialization(AbstractApplicationContext.java:757)
	at org.springframework.context.support.AbstractApplicationContext.refresh(AbstractApplicationContext.java:480)
	at org.springframework.test.context.support.AbstractGenericContextLoader.loadContext(AbstractGenericContextLoader.java:125)
	at org.springframework.test.context.support.AbstractGenericContextLoader.loadContext(AbstractGenericContextLoader.java:60)
	at org.springframework.test.context.support.AbstractDelegatingSmartContextLoader.delegateLoading(AbstractDelegatingSmartContextLoader.java:109)
	at org.springframework.test.context.support.AbstractDelegatingSmartContextLoader.loadContext(AbstractDelegatingSmartContextLoader.java:261)
	at org.springframework.test.context.DefaultCacheAwareContextLoaderDelegate.loadContextInternal(DefaultCacheAwareContextLoaderDelegate.java:68)
	at org.springframework.test.context.DefaultCacheAwareContextLoaderDelegate.loadContext(DefaultCacheAwareContextLoaderDelegate.java:86)
	at org.springframework.test.context.DefaultTestContext.getApplicationContext(DefaultTestContext.java:72)
	at org.springframework.test.context.support.DependencyInjectionTestExecutionListener.injectDependencies(DependencyInjectionTestExecutionListener.java:117)
	at org.springframework.test.context.support.DependencyInjectionTestExecutionListener.prepareTestInstance(DependencyInjectionTestExecutionListener.java:83)
	at org.springframework.test.context.TestContextManager.prepareTestInstance(TestContextManager.java:212)
	at org.springframework.test.context.junit4.SpringJUnit4ClassRunner.createTest(SpringJUnit4ClassRunner.java:200)
	at org.springframework.test.context.junit4.SpringJUnit4ClassRunner$1.runReflectiveCall(SpringJUnit4ClassRunner.java:259)
	at org.junit.internal.runners.model.ReflectiveCallable.run(ReflectiveCallable.java:12)
	at org.springframework.test.context.junit4.SpringJUnit4ClassRunner.methodBlock(SpringJUnit4ClassRunner.java:261)
	at org.springframework.test.context.junit4.SpringJUnit4ClassRunner.runChild(SpringJUnit4ClassRunner.java:219)
	at org.springframework.test.context.junit4.SpringJUnit4ClassRunner.runChild(SpringJUnit4ClassRunner.java:83)
	at org.junit.runners.ParentRunner$3.run(ParentRunner.java:238)
	at org.junit.runners.ParentRunner$1.schedule(ParentRunner.java:63)
	at org.junit.runners.ParentRunner.runChildren(ParentRunner.java:236)
	at org.junit.runners.ParentRunner.access$000(ParentRunner.java:53)
	at org.junit.runners.ParentRunner$2.evaluate(ParentRunner.java:229)
	at org.springframework.test.context.junit4.statements.RunBeforeTestClassCallbacks.evaluate(RunBeforeTestClassCallbacks.java:61)
	at org.springframework.test.context.junit4.statements.RunAfterTestClassCallbacks.evaluate(RunAfterTestClassCallbacks.java:68)
	at org.junit.runners.ParentRunner.run(ParentRunner.java:309)
	at org.springframework.test.context.junit4.SpringJUnit4ClassRunner.run(SpringJUnit4ClassRunner.java:163)
	at org.apache.maven.surefire.junit4.JUnit4Provider.execute(JUnit4Provider.java:369)
	at org.apache.maven.surefire.junit4.JUnit4Provider.executeWithRerun(JUnit4Provider.java:275)
	at org.apache.maven.surefire.junit4.JUnit4Provider.executeTestSet(JUnit4Provider.java:239)
	at org.apache.maven.surefire.junit4.JUnit4Provider.invoke(JUnit4Provider.java:160)
	at org.apache.maven.surefire.booter.ForkedBooter.invokeProviderInSameClassLoader(ForkedBooter.java:373)
	at org.apache.maven.surefire.booter.ForkedBooter.runSuitesInProcess(ForkedBooter.java:334)
	at org.apache.maven.surefire.booter.ForkedBooter.execute(ForkedBooter.java:119)
	at org.apache.maven.surefire.booter.ForkedBooter.main(ForkedBooter.java:407)
Caused by: com.mysql.jdbc.exceptions.jdbc4.MySQLNonTransientConnectionException: Data source rejected establishment of connection,  message from server: "Too many connections"
	at sun.reflect.NativeConstructorAccessorImpl.newInstance0(Native Method)
	at sun.reflect.NativeConstructorAccessorImpl.newInstance(NativeConstructorAccessorImpl.java:62)
	at sun.reflect.DelegatingConstructorAccessorImpl.newInstance(DelegatingConstructorAccessorImpl.java:45)
	at java.lang.reflect.Constructor.newInstance(Constructor.java:423)
	at com.mysql.jdbc.Util.handleNewInstance(Util.java:411)
	at com.mysql.jdbc.Util.getInstance(Util.java:386)
	at com.mysql.jdbc.SQLError.createSQLException(SQLError.java:1013)
	at com.mysql.jdbc.SQLError.createSQLException(SQLError.java:987)
	at com.mysql.jdbc.SQLError.createSQLException(SQLError.java:982)
	at com.mysql.jdbc.MysqlIO.doHandshake(MysqlIO.java:1128)
	at com.mysql.jdbc.ConnectionImpl.coreConnect(ConnectionImpl.java:2336)
	at com.mysql.jdbc.ConnectionImpl.connectOneTryOnly(ConnectionImpl.java:2369)
	at com.mysql.jdbc.ConnectionImpl.createNewIO(ConnectionImpl.java:2153)
	at com.mysql.jdbc.ConnectionImpl.<init>(ConnectionImpl.java:792)
	at com.mysql.jdbc.JDBC4Connection.<init>(JDBC4Connection.java:47)
	at sun.reflect.NativeConstructorAccessorImpl.newInstance0(Native Method)
	at sun.reflect.NativeConstructorAccessorImpl.newInstance(NativeConstructorAccessorImpl.java:62)
	at sun.reflect.DelegatingConstructorAccessorImpl.newInstance(DelegatingConstructorAccessorImpl.java:45)
	at java.lang.reflect.Constructor.newInstance(Constructor.java:423)
	at com.mysql.jdbc.Util.handleNewInstance(Util.java:411)
	at com.mysql.jdbc.ConnectionImpl.getInstance(ConnectionImpl.java:381)
	at com.mysql.jdbc.NonRegisteringDriver.connect(NonRegisteringDriver.java:305)
	at org.apache.commons.dbcp.DriverConnectionFactory.createConnection(DriverConnectionFactory.java:38)
	at org.apache.commons.dbcp.PoolableConnectionFactory.makeObject(PoolableConnectionFactory.java:582)
	at org.apache.commons.dbcp.BasicDataSource.validateConnectionFactory(BasicDataSource.java:1556)
	at org.apache.commons.dbcp.BasicDataSource.createPoolableConnectionFactory(BasicDataSource.java:1545)
	... 227 more
- (2370 ms) - [DEBUG] 2018-12-30 19:24:55,982 org.mybatis.spring.SqlSessionFactoryBean - Property 'mapperLocations' was not specified or no matching resources found
- (2372 ms) - [DEBUG] 2018-12-30 19:24:55,984 org.springframework.beans.factory.support.DefaultListableBeanFactory - Returning cached instance of singleton bean 'org.springframework.aop.support.DefaultBeanFactoryPointcutAdvisor#0'
- (2373 ms) - [DEBUG] 2018-12-30 19:24:55,985 org.springframework.beans.factory.support.DefaultListableBeanFactory - Returning cached instance of singleton bean 'org.springframework.aop.support.DefaultBeanFactoryPointcutAdvisor#0'
- (2382 ms) - [DEBUG] 2018-12-30 19:24:55,994 org.springframework.beans.factory.support.DefaultListableBeanFactory - Finished creating instance of bean 'sqlSessionFactoryBean'
- (2382 ms) - [DEBUG] 2018-12-30 19:24:55,994 org.springframework.beans.factory.support.DefaultListableBeanFactory - Returning cached instance of singleton bean 'org.springframework.aop.support.DefaultBeanFactoryPointcutAdvisor#0'
- (2383 ms) - [DEBUG] 2018-12-30 19:24:55,995 org.springframework.beans.factory.support.DefaultListableBeanFactory - Returning cached instance of singleton bean 'org.springframework.aop.support.DefaultBeanFactoryPointcutAdvisor#0'
- (2387 ms) - [DEBUG] 2018-12-30 19:24:55,999 org.springframework.beans.factory.support.DefaultListableBeanFactory - Autowiring by type from bean name 'itripUserLinkUserMapper' via property 'sqlSessionFactory' to bean named 'sqlSessionFactoryBean'
- (2407 ms) - [DEBUG] 2018-12-30 19:24:56,019 org.springframework.beans.factory.support.DefaultListableBeanFactory - Invoking afterPropertiesSet() on bean with name 'itripUserLinkUserMapper'
- (2482 ms) - [DEBUG] 2018-12-30 19:24:56,094 org.springframework.beans.factory.support.DefaultListableBeanFactory - Finished creating instance of bean 'itripUserLinkUserMapper'
- (2483 ms) - [DEBUG] 2018-12-30 19:24:56,095 org.springframework.beans.factory.support.DefaultListableBeanFactory - Returning cached instance of singleton bean 'sqlSessionFactoryBean'
- (2484 ms) - [DEBUG] 2018-12-30 19:24:56,096 org.springframework.beans.factory.support.DefaultListableBeanFactory - Autowiring by type from bean name 'itripUserMapper' via property 'sqlSessionFactory' to bean named 'sqlSessionFactoryBean'
- (2485 ms) - [DEBUG] 2018-12-30 19:24:56,097 org.springframework.beans.factory.support.DefaultListableBeanFactory - Invoking afterPropertiesSet() on bean with name 'itripUserMapper'
- (2513 ms) - [DEBUG] 2018-12-30 19:24:56,125 org.springframework.beans.factory.support.DefaultListableBeanFactory - Finished creating instance of bean 'itripUserMapper'
- (2514 ms) - [DEBUG] 2018-12-30 19:24:56,126 org.springframework.beans.factory.support.DefaultListableBeanFactory - Returning cached instance of singleton bean 'sqlSessionFactoryBean'
- (2515 ms) - [DEBUG] 2018-12-30 19:24:56,127 org.springframework.beans.factory.support.DefaultListableBeanFactory - Autowiring by type from bean name 'itripLabelDicMapper' via property 'sqlSessionFactory' to bean named 'sqlSessionFactoryBean'
- (2516 ms) - [DEBUG] 2018-12-30 19:24:56,128 org.springframework.beans.factory.support.DefaultListableBeanFactory - Invoking afterPropertiesSet() on bean with name 'itripLabelDicMapper'
- (2532 ms) - [DEBUG] 2018-12-30 19:24:56,144 org.springframework.beans.factory.support.DefaultListableBeanFactory - Finished creating instance of bean 'itripLabelDicMapper'
- (2533 ms) - [DEBUG] 2018-12-30 19:24:56,145 org.springframework.beans.factory.support.DefaultListableBeanFactory - Returning cached instance of singleton bean 'sqlSessionFactoryBean'
- (2534 ms) - [DEBUG] 2018-12-30 19:24:56,146 org.springframework.beans.factory.support.DefaultListableBeanFactory - Autowiring by type from bean name 'itripLabelMapper' via property 'sqlSessionFactory' to bean named 'sqlSessionFactoryBean'
- (2535 ms) - [DEBUG] 2018-12-30 19:24:56,147 org.springframework.beans.factory.support.DefaultListableBeanFactory - Invoking afterPropertiesSet() on bean with name 'itripLabelMapper'
- (2549 ms) - [DEBUG] 2018-12-30 19:24:56,161 org.springframework.beans.factory.support.DefaultListableBeanFactory - Finished creating instance of bean 'itripLabelMapper'
- (2550 ms) - [DEBUG] 2018-12-30 19:24:56,162 org.springframework.beans.factory.support.DefaultListableBeanFactory - Returning cached instance of singleton bean 'sqlSessionFactoryBean'
- (2550 ms) - [DEBUG] 2018-12-30 19:24:56,162 org.springframework.beans.factory.support.DefaultListableBeanFactory - Autowiring by type from bean name 'itripImageMapper' via property 'sqlSessionFactory' to bean named 'sqlSessionFactoryBean'
- (2554 ms) - [DEBUG] 2018-12-30 19:24:56,166 org.springframework.beans.factory.support.DefaultListableBeanFactory - Invoking afterPropertiesSet() on bean with name 'itripImageMapper'
- (2565 ms) - [DEBUG] 2018-12-30 19:24:56,177 org.springframework.beans.factory.support.DefaultListableBeanFactory - Finished creating instance of bean 'itripImageMapper'
- (2566 ms) - [DEBUG] 2018-12-30 19:24:56,178 org.springframework.beans.factory.support.DefaultListableBeanFactory - Returning cached instance of singleton bean 'sqlSessionFactoryBean'
- (2567 ms) - [DEBUG] 2018-12-30 19:24:56,179 org.springframework.beans.factory.support.DefaultListableBeanFactory - Autowiring by type from bean name 'itripHotelOrderMapper' via property 'sqlSessionFactory' to bean named 'sqlSessionFactoryBean'
- (2568 ms) - [DEBUG] 2018-12-30 19:24:56,180 org.springframework.beans.factory.support.DefaultListableBeanFactory - Invoking afterPropertiesSet() on bean with name 'itripHotelOrderMapper'
- (2583 ms) - [DEBUG] 2018-12-30 19:24:56,195 org.springframework.beans.factory.support.DefaultListableBeanFactory - Finished creating instance of bean 'itripHotelOrderMapper'
- (2585 ms) - [DEBUG] 2018-12-30 19:24:56,197 org.springframework.beans.factory.support.DefaultListableBeanFactory - Returning cached instance of singleton bean 'sqlSessionFactoryBean'
- (2586 ms) - [DEBUG] 2018-12-30 19:24:56,198 org.springframework.beans.factory.support.DefaultListableBeanFactory - Autowiring by type from bean name 'itripHotelMapper' via property 'sqlSessionFactory' to bean named 'sqlSessionFactoryBean'
- (2587 ms) - [DEBUG] 2018-12-30 19:24:56,199 org.springframework.beans.factory.support.DefaultListableBeanFactory - Invoking afterPropertiesSet() on bean with name 'itripHotelMapper'
- (2597 ms) - [DEBUG] 2018-12-30 19:24:56,209 org.springframework.beans.factory.support.DefaultListableBeanFactory - Finished creating instance of bean 'itripHotelMapper'
- (2597 ms) - [DEBUG] 2018-12-30 19:24:56,209 org.springframework.beans.factory.support.DefaultListableBeanFactory - Returning cached instance of singleton bean 'sqlSessionFactoryBean'
- (2598 ms) - [DEBUG] 2018-12-30 19:24:56,210 org.springframework.beans.factory.support.DefaultListableBeanFactory - Autowiring by type from bean name 'itripCommentMapper' via property 'sqlSessionFactory' to bean named 'sqlSessionFactoryBean'
- (2599 ms) - [DEBUG] 2018-12-30 19:24:56,211 org.springframework.beans.factory.support.DefaultListableBeanFactory - Invoking afterPropertiesSet() on bean with name 'itripCommentMapper'
- (2619 ms) - [DEBUG] 2018-12-30 19:24:56,231 org.springframework.beans.factory.support.DefaultListableBeanFactory - Finished creating instance of bean 'itripCommentMapper'
- (2620 ms) - [DEBUG] 2018-12-30 19:24:56,232 org.springframework.beans.factory.support.DefaultListableBeanFactory - Returning cached instance of singleton bean 'sqlSessionFactoryBean'
- (2621 ms) - [DEBUG] 2018-12-30 19:24:56,233 org.springframework.beans.factory.support.DefaultListableBeanFactory - Autowiring by type from bean name 'itripAreaDicMapper' via property 'sqlSessionFactory' to bean named 'sqlSessionFactoryBean'
- (2622 ms) - [DEBUG] 2018-12-30 19:24:56,234 org.springframework.beans.factory.support.DefaultListableBeanFactory - Invoking afterPropertiesSet() on bean with name 'itripAreaDicMapper'
- (2652 ms) - [DEBUG] 2018-12-30 19:24:56,264 org.springframework.beans.factory.support.DefaultListableBeanFactory - Finished creating instance of bean 'itripAreaDicMapper'
- (2652 ms) - [DEBUG] 2018-12-30 19:24:56,264 org.springframework.beans.factory.support.DefaultListableBeanFactory - Returning cached instance of singleton bean 'sqlSessionFactoryBean'
- (2653 ms) - [DEBUG] 2018-12-30 19:24:56,265 org.springframework.beans.factory.support.DefaultListableBeanFactory - Autowiring by type from bean name 'itripHotMapper' via property 'sqlSessionFactory' to bean named 'sqlSessionFactoryBean'
- (2654 ms) - [DEBUG] 2018-12-30 19:24:56,266 org.springframework.beans.factory.support.DefaultListableBeanFactory - Invoking afterPropertiesSet() on bean with name 'itripHotMapper'
- (2674 ms) - [DEBUG] 2018-12-30 19:24:56,286 org.springframework.beans.factory.support.DefaultListableBeanFactory - Finished creating instance of bean 'itripHotMapper'
- (2675 ms) - [DEBUG] 2018-12-30 19:24:56,287 org.springframework.web.servlet.handler.BeanNameUrlHandlerMapping - Rejected bean name 'org.springframework.web.servlet.resource.DefaultServletHttpRequestHandler#0': no URL paths identified
- (2675 ms) - [DEBUG] 2018-12-30 19:24:56,287 org.springframework.web.servlet.handler.BeanNameUrlHandlerMapping - Rejected bean name 'org.springframework.web.servlet.handler.SimpleUrlHandlerMapping#0': no URL paths identified
- (2675 ms) - [DEBUG] 2018-12-30 19:24:56,287 org.springframework.web.servlet.handler.BeanNameUrlHandlerMapping - Rejected bean name 'org.springframework.web.servlet.handler.BeanNameUrlHandlerMapping': no URL paths identified
- (2676 ms) - [DEBUG] 2018-12-30 19:24:56,288 org.springframework.web.servlet.handler.BeanNameUrlHandlerMapping - Rejected bean name 'org.springframework.web.servlet.mvc.HttpRequestHandlerAdapter': no URL paths identified
- (2676 ms) - [DEBUG] 2018-12-30 19:24:56,288 org.springframework.web.servlet.handler.BeanNameUrlHandlerMapping - Rejected bean name 'org.springframework.web.servlet.mvc.SimpleControllerHandlerAdapter': no URL paths identified
- (2676 ms) - [DEBUG] 2018-12-30 19:24:56,288 org.springframework.web.servlet.handler.BeanNameUrlHandlerMapping - Rejected bean name 'itripHotServiceImpl': no URL paths identified
- (2676 ms) - [DEBUG] 2018-12-30 19:24:56,288 org.springframework.web.servlet.handler.BeanNameUrlHandlerMapping - Rejected bean name 'itripAreaDicServiceImpl': no URL paths identified
- (2676 ms) - [DEBUG] 2018-12-30 19:24:56,288 org.springframework.web.servlet.handler.BeanNameUrlHandlerMapping - Rejected bean name 'itripCommentServiceImpl': no URL paths identified
- (2676 ms) - [DEBUG] 2018-12-30 19:24:56,288 org.springframework.web.servlet.handler.BeanNameUrlHandlerMapping - Rejected bean name 'itripHotelOrderServiceImpl': no URL paths identified
- (2677 ms) - [DEBUG] 2018-12-30 19:24:56,289 org.springframework.web.servlet.handler.BeanNameUrlHandlerMapping - Rejected bean name 'itripImageServiceImpl': no URL paths identified
- (2677 ms) - [DEBUG] 2018-12-30 19:24:56,289 org.springframework.web.servlet.handler.BeanNameUrlHandlerMapping - Rejected bean name 'itripLabelServiceImpl': no URL paths identified
- (2677 ms) - [DEBUG] 2018-12-30 19:24:56,289 org.springframework.web.servlet.handler.BeanNameUrlHandlerMapping - Rejected bean name 'itripLabelDicServiceImpl': no URL paths identified
- (2677 ms) - [DEBUG] 2018-12-30 19:24:56,289 org.springframework.web.servlet.handler.BeanNameUrlHandlerMapping - Rejected bean name 'itripUserServiceImpl': no URL paths identified
- (2677 ms) - [DEBUG] 2018-12-30 19:24:56,289 org.springframework.web.servlet.handler.BeanNameUrlHandlerMapping - Rejected bean name 'itripUserLinkUserServiceImpl': no URL paths identified
- (2677 ms) - [DEBUG] 2018-12-30 19:24:56,289 org.springframework.web.servlet.handler.BeanNameUrlHandlerMapping - Rejected bean name 'org.springframework.context.annotation.internalConfigurationAnnotationProcessor': no URL paths identified
- (2677 ms) - [DEBUG] 2018-12-30 19:24:56,289 org.springframework.web.servlet.handler.BeanNameUrlHandlerMapping - Rejected bean name 'org.springframework.context.annotation.internalAutowiredAnnotationProcessor': no URL paths identified
- (2677 ms) - [DEBUG] 2018-12-30 19:24:56,289 org.springframework.web.servlet.handler.BeanNameUrlHandlerMapping - Rejected bean name 'org.springframework.context.annotation.internalRequiredAnnotationProcessor': no URL paths identified
- (2678 ms) - [DEBUG] 2018-12-30 19:24:56,290 org.springframework.web.servlet.handler.BeanNameUrlHandlerMapping - Rejected bean name 'org.springframework.context.annotation.internalCommonAnnotationProcessor': no URL paths identified
- (2678 ms) - [DEBUG] 2018-12-30 19:24:56,290 org.springframework.web.servlet.handler.BeanNameUrlHandlerMapping - Rejected bean name 'org.springframework.context.support.PropertySourcesPlaceholderConfigurer#0': no URL paths identified
- (2678 ms) - [DEBUG] 2018-12-30 19:24:56,290 org.springframework.web.servlet.handler.BeanNameUrlHandlerMapping - Rejected bean name 'dataSource': no URL paths identified
- (2678 ms) - [DEBUG] 2018-12-30 19:24:56,290 org.springframework.web.servlet.handler.BeanNameUrlHandlerMapping - Rejected bean name 'txManager': no URL paths identified
- (2678 ms) - [DEBUG] 2018-12-30 19:24:56,290 org.springframework.web.servlet.handler.BeanNameUrlHandlerMapping - Rejected bean name 'sqlSessionFactoryBean': no URL paths identified
- (2679 ms) - [DEBUG] 2018-12-30 19:24:56,291 org.springframework.web.servlet.handler.BeanNameUrlHandlerMapping - Rejected bean name 'org.springframework.aop.config.internalAutoProxyCreator': no URL paths identified
- (2679 ms) - [DEBUG] 2018-12-30 19:24:56,291 org.springframework.web.servlet.handler.BeanNameUrlHandlerMapping - Rejected bean name 'transService': no URL paths identified
- (2679 ms) - [DEBUG] 2018-12-30 19:24:56,291 org.springframework.web.servlet.handler.BeanNameUrlHandlerMapping - Rejected bean name 'org.springframework.aop.support.DefaultBeanFactoryPointcutAdvisor#0': no URL paths identified
- (2679 ms) - [DEBUG] 2018-12-30 19:24:56,291 org.springframework.web.servlet.handler.BeanNameUrlHandlerMapping - Rejected bean name 'myAdvice': no URL paths identified
- (2679 ms) - [DEBUG] 2018-12-30 19:24:56,291 org.springframework.web.servlet.handler.BeanNameUrlHandlerMapping - Rejected bean name 'org.mybatis.spring.mapper.MapperScannerConfigurer#0': no URL paths identified
- (2679 ms) - [DEBUG] 2018-12-30 19:24:56,291 org.springframework.web.servlet.handler.BeanNameUrlHandlerMapping - Rejected bean name 'jedisPoolConfig': no URL paths identified
- (2680 ms) - [DEBUG] 2018-12-30 19:24:56,292 org.springframework.web.servlet.handler.BeanNameUrlHandlerMapping - Rejected bean name 'jedisPool': no URL paths identified
- (2680 ms) - [DEBUG] 2018-12-30 19:24:56,292 org.springframework.web.servlet.handler.BeanNameUrlHandlerMapping - Rejected bean name 'redisAPI': no URL paths identified
- (2680 ms) - [DEBUG] 2018-12-30 19:24:56,292 org.springframework.web.servlet.handler.BeanNameUrlHandlerMapping - Rejected bean name 'validationToken': no URL paths identified
- (2680 ms) - [DEBUG] 2018-12-30 19:24:56,292 org.springframework.web.servlet.handler.BeanNameUrlHandlerMapping - Rejected bean name 'org.springframework.context.annotation.ConfigurationClassPostProcessor.importAwareProcessor': no URL paths identified
- (2680 ms) - [DEBUG] 2018-12-30 19:24:56,292 org.springframework.web.servlet.handler.BeanNameUrlHandlerMapping - Rejected bean name 'org.springframework.context.annotation.ConfigurationClassPostProcessor.enhancedConfigurationProcessor': no URL paths identified
- (2681 ms) - [DEBUG] 2018-12-30 19:24:56,293 org.springframework.web.servlet.handler.BeanNameUrlHandlerMapping - Rejected bean name 'itripHotMapper': no URL paths identified
- (2681 ms) - [DEBUG] 2018-12-30 19:24:56,293 org.springframework.web.servlet.handler.BeanNameUrlHandlerMapping - Rejected bean name 'itripAreaDicMapper': no URL paths identified
- (2681 ms) - [DEBUG] 2018-12-30 19:24:56,293 org.springframework.web.servlet.handler.BeanNameUrlHandlerMapping - Rejected bean name 'itripCommentMapper': no URL paths identified
- (2681 ms) - [DEBUG] 2018-12-30 19:24:56,293 org.springframework.web.servlet.handler.BeanNameUrlHandlerMapping - Rejected bean name 'itripHotelMapper': no URL paths identified
- (2681 ms) - [DEBUG] 2018-12-30 19:24:56,293 org.springframework.web.servlet.handler.BeanNameUrlHandlerMapping - Rejected bean name 'itripHotelOrderMapper': no URL paths identified
- (2682 ms) - [DEBUG] 2018-12-30 19:24:56,294 org.springframework.web.servlet.handler.BeanNameUrlHandlerMapping - Rejected bean name 'itripImageMapper': no URL paths identified
- (2682 ms) - [DEBUG] 2018-12-30 19:24:56,294 org.springframework.web.servlet.handler.BeanNameUrlHandlerMapping - Rejected bean name 'itripLabelMapper': no URL paths identified
- (2682 ms) - [DEBUG] 2018-12-30 19:24:56,294 org.springframework.web.servlet.handler.BeanNameUrlHandlerMapping - Rejected bean name 'itripLabelDicMapper': no URL paths identified
- (2682 ms) - [DEBUG] 2018-12-30 19:24:56,294 org.springframework.web.servlet.handler.BeanNameUrlHandlerMapping - Rejected bean name 'itripUserMapper': no URL paths identified
- (2682 ms) - [DEBUG] 2018-12-30 19:24:56,294 org.springframework.web.servlet.handler.BeanNameUrlHandlerMapping - Rejected bean name 'itripUserLinkUserMapper': no URL paths identified
- (2683 ms) - [DEBUG] 2018-12-30 19:24:56,295 org.springframework.web.servlet.handler.BeanNameUrlHandlerMapping - Rejected bean name 'environment': no URL paths identified
- (2683 ms) - [DEBUG] 2018-12-30 19:24:56,295 org.springframework.web.servlet.handler.BeanNameUrlHandlerMapping - Rejected bean name 'systemProperties': no URL paths identified
- (2683 ms) - [DEBUG] 2018-12-30 19:24:56,295 org.springframework.web.servlet.handler.BeanNameUrlHandlerMapping - Rejected bean name 'systemEnvironment': no URL paths identified
- (2683 ms) - [DEBUG] 2018-12-30 19:24:56,295 org.springframework.web.servlet.handler.BeanNameUrlHandlerMapping - Rejected bean name 'org.springframework.context.annotation.ConfigurationClassPostProcessor.importRegistry': no URL paths identified
- (2683 ms) - [DEBUG] 2018-12-30 19:24:56,295 org.springframework.web.servlet.handler.BeanNameUrlHandlerMapping - Rejected bean name 'messageSource': no URL paths identified
- (2683 ms) - [DEBUG] 2018-12-30 19:24:56,295 org.springframework.web.servlet.handler.BeanNameUrlHandlerMapping - Rejected bean name 'applicationEventMulticaster': no URL paths identified
- (2684 ms) - [DEBUG] 2018-12-30 19:24:56,296 org.springframework.beans.factory.support.DefaultListableBeanFactory - Returning cached instance of singleton bean 'org.springframework.aop.support.DefaultBeanFactoryPointcutAdvisor#0'
- (2684 ms) - [DEBUG] 2018-12-30 19:24:56,296 org.springframework.beans.factory.support.DefaultListableBeanFactory - Returning cached instance of singleton bean 'org.springframework.aop.support.DefaultBeanFactoryPointcutAdvisor#0'
- (2687 ms) - [DEBUG] 2018-12-30 19:24:56,299 org.springframework.beans.factory.support.DefaultListableBeanFactory - Finished creating instance of bean 'org.springframework.web.servlet.handler.BeanNameUrlHandlerMapping'
- (2687 ms) - [DEBUG] 2018-12-30 19:24:56,299 org.springframework.beans.factory.support.DefaultListableBeanFactory - Creating shared instance of singleton bean 'org.springframework.web.servlet.mvc.HttpRequestHandlerAdapter'
- (2688 ms) - [DEBUG] 2018-12-30 19:24:56,300 org.springframework.beans.factory.support.DefaultListableBeanFactory - Creating instance of bean 'org.springframework.web.servlet.mvc.HttpRequestHandlerAdapter'
- (2688 ms) - [DEBUG] 2018-12-30 19:24:56,300 org.springframework.beans.factory.support.DefaultListableBeanFactory - Returning cached instance of singleton bean 'org.springframework.aop.support.DefaultBeanFactoryPointcutAdvisor#0'
- (2689 ms) - [DEBUG] 2018-12-30 19:24:56,301 org.springframework.beans.factory.support.DefaultListableBeanFactory - Eagerly caching bean 'org.springframework.web.servlet.mvc.HttpRequestHandlerAdapter' to allow for resolving potential circular references
- (2691 ms) - [DEBUG] 2018-12-30 19:24:56,303 org.springframework.beans.factory.support.DefaultListableBeanFactory - Returning cached instance of singleton bean 'org.springframework.aop.support.DefaultBeanFactoryPointcutAdvisor#0'
- (2691 ms) - [DEBUG] 2018-12-30 19:24:56,303 org.springframework.beans.factory.support.DefaultListableBeanFactory - Returning cached instance of singleton bean 'org.springframework.aop.support.DefaultBeanFactoryPointcutAdvisor#0'
- (2692 ms) - [DEBUG] 2018-12-30 19:24:56,304 org.springframework.beans.factory.support.DefaultListableBeanFactory - Finished creating instance of bean 'org.springframework.web.servlet.mvc.HttpRequestHandlerAdapter'
- (2693 ms) - [DEBUG] 2018-12-30 19:24:56,305 org.springframework.beans.factory.support.DefaultListableBeanFactory - Creating shared instance of singleton bean 'org.springframework.web.servlet.mvc.SimpleControllerHandlerAdapter'
- (2693 ms) - [DEBUG] 2018-12-30 19:24:56,305 org.springframework.beans.factory.support.DefaultListableBeanFactory - Creating instance of bean 'org.springframework.web.servlet.mvc.SimpleControllerHandlerAdapter'
- (2693 ms) - [DEBUG] 2018-12-30 19:24:56,305 org.springframework.beans.factory.support.DefaultListableBeanFactory - Returning cached instance of singleton bean 'org.springframework.aop.support.DefaultBeanFactoryPointcutAdvisor#0'
- (2694 ms) - [DEBUG] 2018-12-30 19:24:56,306 org.springframework.beans.factory.support.DefaultListableBeanFactory - Eagerly caching bean 'org.springframework.web.servlet.mvc.SimpleControllerHandlerAdapter' to allow for resolving potential circular references
- (2696 ms) - [DEBUG] 2018-12-30 19:24:56,308 org.springframework.beans.factory.support.DefaultListableBeanFactory - Returning cached instance of singleton bean 'org.springframework.aop.support.DefaultBeanFactoryPointcutAdvisor#0'
- (2696 ms) - [DEBUG] 2018-12-30 19:24:56,308 org.springframework.beans.factory.support.DefaultListableBeanFactory - Returning cached instance of singleton bean 'org.springframework.aop.support.DefaultBeanFactoryPointcutAdvisor#0'
- (2697 ms) - [DEBUG] 2018-12-30 19:24:56,309 org.springframework.beans.factory.support.DefaultListableBeanFactory - Finished creating instance of bean 'org.springframework.web.servlet.mvc.SimpleControllerHandlerAdapter'
- (2697 ms) - [DEBUG] 2018-12-30 19:24:56,309 org.springframework.beans.factory.support.DefaultListableBeanFactory - Creating shared instance of singleton bean 'itripHotServiceImpl'
- (2697 ms) - [DEBUG] 2018-12-30 19:24:56,309 org.springframework.beans.factory.support.DefaultListableBeanFactory - Creating instance of bean 'itripHotServiceImpl'
- (2698 ms) - [DEBUG] 2018-12-30 19:24:56,310 org.springframework.beans.factory.support.DefaultListableBeanFactory - Returning cached instance of singleton bean 'org.springframework.aop.support.DefaultBeanFactoryPointcutAdvisor#0'
- (2700 ms) - [DEBUG] 2018-12-30 19:24:56,312 org.springframework.beans.factory.annotation.InjectionMetadata - Registered injected element on class [cn.itrip.service.area.ItripHotServiceImpl]: ResourceElement for public cn.itrip.dao.area.ItripHotMapper cn.itrip.service.area.ItripHotServiceImpl.itripHotMapper
- (2700 ms) - [DEBUG] 2018-12-30 19:24:56,312 org.springframework.beans.factory.support.DefaultListableBeanFactory - Eagerly caching bean 'itripHotServiceImpl' to allow for resolving potential circular references
- (2702 ms) - [DEBUG] 2018-12-30 19:24:56,314 org.springframework.beans.factory.annotation.InjectionMetadata - Processing injected element of bean 'itripHotServiceImpl': ResourceElement for public cn.itrip.dao.area.ItripHotMapper cn.itrip.service.area.ItripHotServiceImpl.itripHotMapper
- (2703 ms) - [DEBUG] 2018-12-30 19:24:56,315 org.springframework.beans.factory.support.DefaultListableBeanFactory - Returning cached instance of singleton bean 'itripHotMapper'
- (2707 ms) - [DEBUG] 2018-12-30 19:24:56,319 org.springframework.beans.factory.support.DefaultListableBeanFactory - Returning cached instance of singleton bean 'org.springframework.aop.support.DefaultBeanFactoryPointcutAdvisor#0'
- (2712 ms) - [DEBUG] 2018-12-30 19:24:56,324 org.springframework.beans.factory.support.DefaultListableBeanFactory - Returning cached instance of singleton bean 'org.springframework.aop.support.DefaultBeanFactoryPointcutAdvisor#0'
- (2719 ms) - [DEBUG] 2018-12-30 19:24:56,331 org.springframework.beans.factory.support.DefaultListableBeanFactory - Returning cached instance of singleton bean 'org.springframework.aop.support.DefaultBeanFactoryPointcutAdvisor#0'
- (2720 ms) - [DEBUG] 2018-12-30 19:24:56,332 org.springframework.beans.factory.support.DefaultListableBeanFactory - Returning cached instance of singleton bean 'org.springframework.aop.support.DefaultBeanFactoryPointcutAdvisor#0'
- (2721 ms) - [DEBUG] 2018-12-30 19:24:56,333 org.springframework.beans.factory.support.DefaultListableBeanFactory - Creating shared instance of singleton bean 'myAdvice'
- (2721 ms) - [DEBUG] 2018-12-30 19:24:56,333 org.springframework.beans.factory.support.DefaultListableBeanFactory - Creating instance of bean 'myAdvice'
- (2767 ms) - [DEBUG] 2018-12-30 19:24:56,379 org.springframework.beans.factory.support.DefaultListableBeanFactory - Eagerly caching bean 'myAdvice' to allow for resolving potential circular references
- (2770 ms) - [DEBUG] 2018-12-30 19:24:56,382 org.springframework.beans.factory.support.DefaultListableBeanFactory - Creating shared instance of singleton bean 'txManager'
- (2770 ms) - [DEBUG] 2018-12-30 19:24:56,382 org.springframework.beans.factory.support.DefaultListableBeanFactory - Creating instance of bean 'txManager'
- (2771 ms) - [DEBUG] 2018-12-30 19:24:56,383 org.springframework.beans.factory.support.DefaultListableBeanFactory - Returning cached instance of singleton bean 'org.springframework.aop.support.DefaultBeanFactoryPointcutAdvisor#0'
- (2777 ms) - [DEBUG] 2018-12-30 19:24:56,389 org.springframework.beans.factory.support.DefaultListableBeanFactory - Eagerly caching bean 'txManager' to allow for resolving potential circular references
- (2781 ms) - [DEBUG] 2018-12-30 19:24:56,393 org.springframework.beans.factory.support.DefaultListableBeanFactory - Returning cached instance of singleton bean 'dataSource'
- (2781 ms) - [DEBUG] 2018-12-30 19:24:56,393 org.springframework.beans.factory.support.DefaultListableBeanFactory - Invoking afterPropertiesSet() on bean with name 'txManager'
- (2782 ms) - [DEBUG] 2018-12-30 19:24:56,394 org.springframework.beans.factory.support.DefaultListableBeanFactory - Returning cached instance of singleton bean 'org.springframework.aop.support.DefaultBeanFactoryPointcutAdvisor#0'
- (2782 ms) - [DEBUG] 2018-12-30 19:24:56,394 org.springframework.beans.factory.support.DefaultListableBeanFactory - Returning cached instance of singleton bean 'org.springframework.aop.support.DefaultBeanFactoryPointcutAdvisor#0'
- (2786 ms) - [DEBUG] 2018-12-30 19:24:56,398 org.springframework.beans.factory.support.DefaultListableBeanFactory - Finished creating instance of bean 'txManager'
- (2788 ms) - [DEBUG] 2018-12-30 19:24:56,400 org.springframework.beans.factory.support.DefaultListableBeanFactory - Creating instance of bean '(inner bean)#2bd08376'
- (2788 ms) - [DEBUG] 2018-12-30 19:24:56,400 org.springframework.beans.factory.support.DefaultListableBeanFactory - Returning cached instance of singleton bean 'org.springframework.aop.support.DefaultBeanFactoryPointcutAdvisor#0'
- (2793 ms) - [DEBUG] 2018-12-30 19:24:56,405 org.springframework.transaction.interceptor.NameMatchTransactionAttributeSource - Adding transactional method [itriptx*] with attribute [PROPAGATION_REQUIRED,ISOLATION_DEFAULT,-Exception]
- (2794 ms) - [DEBUG] 2018-12-30 19:24:56,406 org.springframework.transaction.interceptor.NameMatchTransactionAttributeSource - Adding transactional method [*] with attribute [PROPAGATION_REQUIRED,ISOLATION_DEFAULT]
- (2794 ms) - [DEBUG] 2018-12-30 19:24:56,406 org.springframework.beans.factory.support.DefaultListableBeanFactory - Returning cached instance of singleton bean 'org.springframework.aop.support.DefaultBeanFactoryPointcutAdvisor#0'
- (2794 ms) - [DEBUG] 2018-12-30 19:24:56,406 org.springframework.beans.factory.support.DefaultListableBeanFactory - Returning cached instance of singleton bean 'org.springframework.aop.support.DefaultBeanFactoryPointcutAdvisor#0'
- (2795 ms) - [DEBUG] 2018-12-30 19:24:56,407 org.springframework.beans.factory.support.DefaultListableBeanFactory - Finished creating instance of bean '(inner bean)#2bd08376'
- (2796 ms) - [DEBUG] 2018-12-30 19:24:56,408 org.springframework.beans.factory.support.DefaultListableBeanFactory - Invoking afterPropertiesSet() on bean with name 'myAdvice'
- (2796 ms) - [DEBUG] 2018-12-30 19:24:56,408 org.springframework.beans.factory.support.DefaultListableBeanFactory - Finished creating instance of bean 'myAdvice'
- (2829 ms) - [DEBUG] 2018-12-30 19:24:56,441 org.springframework.aop.aspectj.annotation.AnnotationAwareAspectJAutoProxyCreator - Creating implicit proxy for bean 'itripHotServiceImpl' with 0 common interceptors and 2 specific interceptors
- (2834 ms) - [DEBUG] 2018-12-30 19:24:56,446 org.springframework.aop.framework.CglibAopProxy - Creating CGLIB proxy: target source is SingletonTargetSource for target object [cn.itrip.service.area.ItripHotServiceImpl@19b93fa8]
- (2880 ms) - [DEBUG] 2018-12-30 19:24:56,492 org.springframework.aop.framework.CglibAopProxy - Unable to apply any optimisations to advised method: public java.util.List cn.itrip.service.area.ItripHotServiceImpl.getItripHotById(java.lang.Integer) throws java.lang.Exception
- (2881 ms) - [DEBUG] 2018-12-30 19:24:56,493 org.springframework.aop.framework.CglibAopProxy - Unable to apply any optimisations to advised method: public java.util.List cn.itrip.service.area.ItripHotServiceImpl.getItripHotByIdsq(java.lang.Long) throws java.lang.Exception
- (2881 ms) - [DEBUG] 2018-12-30 19:24:56,493 org.springframework.aop.framework.CglibAopProxy - Unable to apply any optimisations to advised method: public cn.itrip.beans.pojo.ItripHotel cn.itrip.service.area.ItripHotServiceImpl.getItripHotelPolicy(java.lang.Integer) throws java.lang.Exception
- (2881 ms) - [DEBUG] 2018-12-30 19:24:56,493 org.springframework.aop.framework.CglibAopProxy - Unable to apply any optimisations to advised method: public cn.itrip.beans.pojo.ItripHotel cn.itrip.service.area.ItripHotServiceImpl.getItripHotelfacilities(java.lang.Integer) throws java.lang.Exception
- (2881 ms) - [DEBUG] 2018-12-30 19:24:56,493 org.springframework.aop.framework.CglibAopProxy - Unable to apply any optimisations to advised method: public cn.itrip.beans.pojo.ItripHotel cn.itrip.service.area.ItripHotServiceImpl.getItripHotelIdsp(java.lang.Integer) throws java.lang.Exception
- (2882 ms) - [DEBUG] 2018-12-30 19:24:56,494 org.springframework.aop.framework.CglibAopProxy - Unable to apply any optimisations to advised method: public java.util.List cn.itrip.service.area.ItripHotServiceImpl.getItripHotByName(java.lang.Integer) throws java.lang.Exception
- (2882 ms) - [DEBUG] 2018-12-30 19:24:56,494 org.springframework.aop.framework.CglibAopProxy - Found finalize() method - using NO_OVERRIDE
- (2882 ms) - [DEBUG] 2018-12-30 19:24:56,494 org.springframework.aop.framework.CglibAopProxy - Found 'equals' method: public boolean java.lang.Object.equals(java.lang.Object)
- (2883 ms) - [DEBUG] 2018-12-30 19:24:56,495 org.springframework.aop.framework.CglibAopProxy - Unable to apply any optimisations to advised method: public java.lang.String java.lang.Object.toString()
- (2883 ms) - [DEBUG] 2018-12-30 19:24:56,495 org.springframework.aop.framework.CglibAopProxy - Found 'hashCode' method: public native int java.lang.Object.hashCode()
- (2883 ms) - [DEBUG] 2018-12-30 19:24:56,495 org.springframework.aop.framework.CglibAopProxy - Unable to apply any optimisations to advised method: protected native java.lang.Object java.lang.Object.clone() throws java.lang.CloneNotSupportedException
- (2883 ms) - [DEBUG] 2018-12-30 19:24:56,495 org.springframework.aop.framework.CglibAopProxy - Method is declared on Advised interface: public abstract int org.springframework.aop.framework.Advised.indexOf(org.springframework.aop.Advisor)
- (2883 ms) - [DEBUG] 2018-12-30 19:24:56,495 org.springframework.aop.framework.CglibAopProxy - Method is declared on Advised interface: public abstract int org.springframework.aop.framework.Advised.indexOf(org.aopalliance.aop.Advice)
- (2884 ms) - [DEBUG] 2018-12-30 19:24:56,496 org.springframework.aop.framework.CglibAopProxy - Method is declared on Advised interface: public abstract boolean org.springframework.aop.framework.Advised.isFrozen()
- (2884 ms) - [DEBUG] 2018-12-30 19:24:56,496 org.springframework.aop.framework.CglibAopProxy - Method is declared on Advised interface: public abstract org.springframework.aop.Advisor[] org.springframework.aop.framework.Advised.getAdvisors()
- (2884 ms) - [DEBUG] 2018-12-30 19:24:56,496 org.springframework.aop.framework.CglibAopProxy - Method is declared on Advised interface: public abstract org.springframework.aop.TargetSource org.springframework.aop.framework.Advised.getTargetSource()
- (2884 ms) - [DEBUG] 2018-12-30 19:24:56,496 org.springframework.aop.framework.CglibAopProxy - Method is declared on Advised interface: public abstract void org.springframework.aop.framework.Advised.addAdvisor(org.springframework.aop.Advisor) throws org.springframework.aop.framework.AopConfigException
- (2884 ms) - [DEBUG] 2018-12-30 19:24:56,496 org.springframework.aop.framework.CglibAopProxy - Method is declared on Advised interface: public abstract void org.springframework.aop.framework.Advised.addAdvisor(int,org.springframework.aop.Advisor) throws org.springframework.aop.framework.AopConfigException
- (2884 ms) - [DEBUG] 2018-12-30 19:24:56,496 org.springframework.aop.framework.CglibAopProxy - Method is declared on Advised interface: public abstract void org.springframework.aop.framework.Advised.setExposeProxy(boolean)
- (2885 ms) - [DEBUG] 2018-12-30 19:24:56,497 org.springframework.aop.framework.CglibAopProxy - Method is declared on Advised interface: public abstract boolean org.springframework.aop.framework.Advised.isExposeProxy()
- (2885 ms) - [DEBUG] 2018-12-30 19:24:56,497 org.springframework.aop.framework.CglibAopProxy - Method is declared on Advised interface: public abstract void org.springframework.aop.framework.Advised.setPreFiltered(boolean)
- (2885 ms) - [DEBUG] 2018-12-30 19:24:56,497 org.springframework.aop.framework.CglibAopProxy - Method is declared on Advised interface: public abstract void org.springframework.aop.framework.Advised.addAdvice(int,org.aopalliance.aop.Advice) throws org.springframework.aop.framework.AopConfigException
- (2885 ms) - [DEBUG] 2018-12-30 19:24:56,497 org.springframework.aop.framework.CglibAopProxy - Method is declared on Advised interface: public abstract void org.springframework.aop.framework.Advised.addAdvice(org.aopalliance.aop.Advice) throws org.springframework.aop.framework.AopConfigException
- (2885 ms) - [DEBUG] 2018-12-30 19:24:56,497 org.springframework.aop.framework.CglibAopProxy - Method is declared on Advised interface: public abstract boolean org.springframework.aop.framework.Advised.removeAdvice(org.aopalliance.aop.Advice)
- (2886 ms) - [DEBUG] 2018-12-30 19:24:56,498 org.springframework.aop.framework.CglibAopProxy - Method is declared on Advised interface: public abstract void org.springframework.aop.framework.Advised.removeAdvisor(int) throws org.springframework.aop.framework.AopConfigException
- (2886 ms) - [DEBUG] 2018-12-30 19:24:56,498 org.springframework.aop.framework.CglibAopProxy - Method is declared on Advised interface: public abstract boolean org.springframework.aop.framework.Advised.removeAdvisor(org.springframework.aop.Advisor)
- (2886 ms) - [DEBUG] 2018-12-30 19:24:56,498 org.springframework.aop.framework.CglibAopProxy - Method is declared on Advised interface: public abstract boolean org.springframework.aop.framework.Advised.isPreFiltered()
- (2886 ms) - [DEBUG] 2018-12-30 19:24:56,498 org.springframework.aop.framework.CglibAopProxy - Method is declared on Advised interface: public abstract boolean org.springframework.aop.framework.Advised.replaceAdvisor(org.springframework.aop.Advisor,org.springframework.aop.Advisor) throws org.springframework.aop.framework.AopConfigException
- (2886 ms) - [DEBUG] 2018-12-30 19:24:56,498 org.springframework.aop.framework.CglibAopProxy - Method is declared on Advised interface: public abstract void org.springframework.aop.framework.Advised.setTargetSource(org.springframework.aop.TargetSource)
- (2886 ms) - [DEBUG] 2018-12-30 19:24:56,498 org.springframework.aop.framework.CglibAopProxy - Method is declared on Advised interface: public abstract boolean org.springframework.aop.framework.Advised.isProxyTargetClass()
- (2886 ms) - [DEBUG] 2018-12-30 19:24:56,498 org.springframework.aop.framework.CglibAopProxy - Method is declared on Advised interface: public abstract java.lang.String org.springframework.aop.framework.Advised.toProxyConfigString()
- (2886 ms) - [DEBUG] 2018-12-30 19:24:56,498 org.springframework.aop.framework.CglibAopProxy - Method is declared on Advised interface: public abstract java.lang.Class[] org.springframework.aop.framework.Advised.getProxiedInterfaces()
- (2887 ms) - [DEBUG] 2018-12-30 19:24:56,499 org.springframework.aop.framework.CglibAopProxy - Method is declared on Advised interface: public abstract boolean org.springframework.aop.framework.Advised.isInterfaceProxied(java.lang.Class)
- (2887 ms) - [DEBUG] 2018-12-30 19:24:56,499 org.springframework.aop.framework.CglibAopProxy - Method is declared on Advised interface: public abstract java.lang.Class org.springframework.aop.TargetClassAware.getTargetClass()
- (2909 ms) - [DEBUG] 2018-12-30 19:24:56,521 org.springframework.beans.factory.support.DefaultListableBeanFactory - Finished creating instance of bean 'itripHotServiceImpl'
- (2909 ms) - [DEBUG] 2018-12-30 19:24:56,521 org.springframework.beans.factory.support.DefaultListableBeanFactory - Creating shared instance of singleton bean 'itripAreaDicServiceImpl'
- (2909 ms) - [DEBUG] 2018-12-30 19:24:56,521 org.springframework.beans.factory.support.DefaultListableBeanFactory - Creating instance of bean 'itripAreaDicServiceImpl'
- (2910 ms) - [DEBUG] 2018-12-30 19:24:56,522 org.springframework.beans.factory.support.DefaultListableBeanFactory - Returning cached instance of singleton bean 'org.springframework.aop.support.DefaultBeanFactoryPointcutAdvisor#0'
- (2910 ms) - [DEBUG] 2018-12-30 19:24:56,522 org.springframework.beans.factory.annotation.InjectionMetadata - Registered injected element on class [cn.itrip.service.areadic.ItripAreaDicServiceImpl]: ResourceElement for private cn.itrip.dao.areadic.ItripAreaDicMapper cn.itrip.service.areadic.ItripAreaDicServiceImpl.itripAreaDicMapper
- (2911 ms) - [DEBUG] 2018-12-30 19:24:56,523 org.springframework.beans.factory.support.DefaultListableBeanFactory - Eagerly caching bean 'itripAreaDicServiceImpl' to allow for resolving potential circular references
- (2918 ms) - [DEBUG] 2018-12-30 19:24:56,530 org.springframework.beans.factory.annotation.InjectionMetadata - Processing injected element of bean 'itripAreaDicServiceImpl': ResourceElement for private cn.itrip.dao.areadic.ItripAreaDicMapper cn.itrip.service.areadic.ItripAreaDicServiceImpl.itripAreaDicMapper
- (2918 ms) - [DEBUG] 2018-12-30 19:24:56,530 org.springframework.beans.factory.support.DefaultListableBeanFactory - Returning cached instance of singleton bean 'itripAreaDicMapper'
- (2921 ms) - [DEBUG] 2018-12-30 19:24:56,533 org.springframework.beans.factory.support.DefaultListableBeanFactory - Returning cached instance of singleton bean 'org.springframework.aop.support.DefaultBeanFactoryPointcutAdvisor#0'
- (2922 ms) - [DEBUG] 2018-12-30 19:24:56,534 org.springframework.beans.factory.support.DefaultListableBeanFactory - Returning cached instance of singleton bean 'org.springframework.aop.support.DefaultBeanFactoryPointcutAdvisor#0'
- (2926 ms) - [DEBUG] 2018-12-30 19:24:56,538 org.springframework.beans.factory.support.DefaultListableBeanFactory - Returning cached instance of singleton bean 'org.springframework.aop.support.DefaultBeanFactoryPointcutAdvisor#0'
- (2928 ms) - [DEBUG] 2018-12-30 19:24:56,540 org.springframework.beans.factory.support.DefaultListableBeanFactory - Returning cached instance of singleton bean 'org.springframework.aop.support.DefaultBeanFactoryPointcutAdvisor#0'
- (2932 ms) - [DEBUG] 2018-12-30 19:24:56,544 org.springframework.aop.aspectj.annotation.AnnotationAwareAspectJAutoProxyCreator - Creating implicit proxy for bean 'itripAreaDicServiceImpl' with 0 common interceptors and 2 specific interceptors
- (2932 ms) - [DEBUG] 2018-12-30 19:24:56,544 org.springframework.aop.framework.CglibAopProxy - Creating CGLIB proxy: target source is SingletonTargetSource for target object [cn.itrip.service.areadic.ItripAreaDicServiceImpl@6fe1b4fb]
- (2934 ms) - [DEBUG] 2018-12-30 19:24:56,546 org.springframework.aop.framework.CglibAopProxy - Unable to apply any optimisations to advised method: public java.util.List cn.itrip.service.areadic.ItripAreaDicServiceImpl.getItripAreaDicListByMap(java.util.Map) throws java.lang.Exception
- (2935 ms) - [DEBUG] 2018-12-30 19:24:56,547 org.springframework.aop.framework.CglibAopProxy - Unable to apply any optimisations to advised method: public java.lang.Integer cn.itrip.service.areadic.ItripAreaDicServiceImpl.getItripAreaDicCountByMap(java.util.Map) throws java.lang.Exception
- (2935 ms) - [DEBUG] 2018-12-30 19:24:56,547 org.springframework.aop.framework.CglibAopProxy - Unable to apply any optimisations to advised method: public java.lang.Integer cn.itrip.service.areadic.ItripAreaDicServiceImpl.itriptxAddItripAreaDic(cn.itrip.beans.pojo.ItripAreaDic) throws java.lang.Exception
- (2936 ms) - [DEBUG] 2018-12-30 19:24:56,548 org.springframework.aop.framework.CglibAopProxy - Unable to apply any optimisations to advised method: public cn.itrip.common.Page cn.itrip.service.areadic.ItripAreaDicServiceImpl.queryItripAreaDicPageByMap(java.util.Map,java.lang.Integer,java.lang.Integer) throws java.lang.Exception
- (2938 ms) - [DEBUG] 2018-12-30 19:24:56,550 org.springframework.aop.framework.CglibAopProxy - Unable to apply any optimisations to advised method: public java.lang.Integer cn.itrip.service.areadic.ItripAreaDicServiceImpl.itriptxModifyItripAreaDic(cn.itrip.beans.pojo.ItripAreaDic) throws java.lang.Exception
- (2939 ms) - [DEBUG] 2018-12-30 19:24:56,551 org.springframework.aop.framework.CglibAopProxy - Unable to apply any optimisations to advised method: public java.lang.Integer cn.itrip.service.areadic.ItripAreaDicServiceImpl.itriptxDeleteItripAreaDicById(java.lang.Long) throws java.lang.Exception
- (2939 ms) - [DEBUG] 2018-12-30 19:24:56,551 org.springframework.aop.framework.CglibAopProxy - Unable to apply any optimisations to advised method: public cn.itrip.beans.pojo.ItripAreaDic cn.itrip.service.areadic.ItripAreaDicServiceImpl.getItripAreaDicById(java.lang.Long) throws java.lang.Exception
- (2941 ms) - [DEBUG] 2018-12-30 19:24:56,553 org.springframework.aop.framework.CglibAopProxy - Found finalize() method - using NO_OVERRIDE
- (2942 ms) - [DEBUG] 2018-12-30 19:24:56,554 org.springframework.aop.framework.CglibAopProxy - Found 'equals' method: public boolean java.lang.Object.equals(java.lang.Object)
- (2942 ms) - [DEBUG] 2018-12-30 19:24:56,554 org.springframework.aop.framework.CglibAopProxy - Unable to apply any optimisations to advised method: public java.lang.String java.lang.Object.toString()
- (2942 ms) - [DEBUG] 2018-12-30 19:24:56,554 org.springframework.aop.framework.CglibAopProxy - Found 'hashCode' method: public native int java.lang.Object.hashCode()
- (2942 ms) - [DEBUG] 2018-12-30 19:24:56,554 org.springframework.aop.framework.CglibAopProxy - Unable to apply any optimisations to advised method: protected native java.lang.Object java.lang.Object.clone() throws java.lang.CloneNotSupportedException
- (2943 ms) - [DEBUG] 2018-12-30 19:24:56,555 org.springframework.aop.framework.CglibAopProxy - Method is declared on Advised interface: public abstract int org.springframework.aop.framework.Advised.indexOf(org.springframework.aop.Advisor)
- (2946 ms) - [DEBUG] 2018-12-30 19:24:56,558 org.springframework.aop.framework.CglibAopProxy - Method is declared on Advised interface: public abstract int org.springframework.aop.framework.Advised.indexOf(org.aopalliance.aop.Advice)
- (2946 ms) - [DEBUG] 2018-12-30 19:24:56,558 org.springframework.aop.framework.CglibAopProxy - Method is declared on Advised interface: public abstract boolean org.springframework.aop.framework.Advised.isFrozen()
- (2946 ms) - [DEBUG] 2018-12-30 19:24:56,558 org.springframework.aop.framework.CglibAopProxy - Method is declared on Advised interface: public abstract org.springframework.aop.Advisor[] org.springframework.aop.framework.Advised.getAdvisors()
- (2946 ms) - [DEBUG] 2018-12-30 19:24:56,558 org.springframework.aop.framework.CglibAopProxy - Method is declared on Advised interface: public abstract org.springframework.aop.TargetSource org.springframework.aop.framework.Advised.getTargetSource()
- (2946 ms) - [DEBUG] 2018-12-30 19:24:56,558 org.springframework.aop.framework.CglibAopProxy - Method is declared on Advised interface: public abstract void org.springframework.aop.framework.Advised.addAdvisor(org.springframework.aop.Advisor) throws org.springframework.aop.framework.AopConfigException
- (2947 ms) - [DEBUG] 2018-12-30 19:24:56,559 org.springframework.aop.framework.CglibAopProxy - Method is declared on Advised interface: public abstract void org.springframework.aop.framework.Advised.addAdvisor(int,org.springframework.aop.Advisor) throws org.springframework.aop.framework.AopConfigException
- (2947 ms) - [DEBUG] 2018-12-30 19:24:56,559 org.springframework.aop.framework.CglibAopProxy - Method is declared on Advised interface: public abstract void org.springframework.aop.framework.Advised.setExposeProxy(boolean)
- (2947 ms) - [DEBUG] 2018-12-30 19:24:56,559 org.springframework.aop.framework.CglibAopProxy - Method is declared on Advised interface: public abstract boolean org.springframework.aop.framework.Advised.isExposeProxy()
- (2947 ms) - [DEBUG] 2018-12-30 19:24:56,559 org.springframework.aop.framework.CglibAopProxy - Method is declared on Advised interface: public abstract void org.springframework.aop.framework.Advised.setPreFiltered(boolean)
- (2947 ms) - [DEBUG] 2018-12-30 19:24:56,559 org.springframework.aop.framework.CglibAopProxy - Method is declared on Advised interface: public abstract void org.springframework.aop.framework.Advised.addAdvice(int,org.aopalliance.aop.Advice) throws org.springframework.aop.framework.AopConfigException
- (2948 ms) - [DEBUG] 2018-12-30 19:24:56,560 org.springframework.aop.framework.CglibAopProxy - Method is declared on Advised interface: public abstract void org.springframework.aop.framework.Advised.addAdvice(org.aopalliance.aop.Advice) throws org.springframework.aop.framework.AopConfigException
- (2948 ms) - [DEBUG] 2018-12-30 19:24:56,560 org.springframework.aop.framework.CglibAopProxy - Method is declared on Advised interface: public abstract boolean org.springframework.aop.framework.Advised.removeAdvice(org.aopalliance.aop.Advice)
- (2948 ms) - [DEBUG] 2018-12-30 19:24:56,560 org.springframework.aop.framework.CglibAopProxy - Method is declared on Advised interface: public abstract void org.springframework.aop.framework.Advised.removeAdvisor(int) throws org.springframework.aop.framework.AopConfigException
- (2948 ms) - [DEBUG] 2018-12-30 19:24:56,560 org.springframework.aop.framework.CglibAopProxy - Method is declared on Advised interface: public abstract boolean org.springframework.aop.framework.Advised.removeAdvisor(org.springframework.aop.Advisor)
- (2948 ms) - [DEBUG] 2018-12-30 19:24:56,560 org.springframework.aop.framework.CglibAopProxy - Method is declared on Advised interface: public abstract boolean org.springframework.aop.framework.Advised.isPreFiltered()
- (2949 ms) - [DEBUG] 2018-12-30 19:24:56,561 org.springframework.aop.framework.CglibAopProxy - Method is declared on Advised interface: public abstract boolean org.springframework.aop.framework.Advised.replaceAdvisor(org.springframework.aop.Advisor,org.springframework.aop.Advisor) throws org.springframework.aop.framework.AopConfigException
- (2949 ms) - [DEBUG] 2018-12-30 19:24:56,561 org.springframework.aop.framework.CglibAopProxy - Method is declared on Advised interface: public abstract void org.springframework.aop.framework.Advised.setTargetSource(org.springframework.aop.TargetSource)
- (2949 ms) - [DEBUG] 2018-12-30 19:24:56,561 org.springframework.aop.framework.CglibAopProxy - Method is declared on Advised interface: public abstract boolean org.springframework.aop.framework.Advised.isProxyTargetClass()
- (2949 ms) - [DEBUG] 2018-12-30 19:24:56,561 org.springframework.aop.framework.CglibAopProxy - Method is declared on Advised interface: public abstract java.lang.String org.springframework.aop.framework.Advised.toProxyConfigString()
- (2949 ms) - [DEBUG] 2018-12-30 19:24:56,561 org.springframework.aop.framework.CglibAopProxy - Method is declared on Advised interface: public abstract java.lang.Class[] org.springframework.aop.framework.Advised.getProxiedInterfaces()
- (2950 ms) - [DEBUG] 2018-12-30 19:24:56,562 org.springframework.aop.framework.CglibAopProxy - Method is declared on Advised interface: public abstract boolean org.springframework.aop.framework.Advised.isInterfaceProxied(java.lang.Class)
- (2950 ms) - [DEBUG] 2018-12-30 19:24:56,562 org.springframework.aop.framework.CglibAopProxy - Method is declared on Advised interface: public abstract java.lang.Class org.springframework.aop.TargetClassAware.getTargetClass()
- (2963 ms) - [DEBUG] 2018-12-30 19:24:56,575 org.springframework.beans.factory.support.DefaultListableBeanFactory - Finished creating instance of bean 'itripAreaDicServiceImpl'
- (2963 ms) - [DEBUG] 2018-12-30 19:24:56,575 org.springframework.beans.factory.support.DefaultListableBeanFactory - Creating shared instance of singleton bean 'itripCommentServiceImpl'
- (2963 ms) - [DEBUG] 2018-12-30 19:24:56,575 org.springframework.beans.factory.support.DefaultListableBeanFactory - Creating instance of bean 'itripCommentServiceImpl'
- (2963 ms) - [DEBUG] 2018-12-30 19:24:56,575 org.springframework.beans.factory.support.DefaultListableBeanFactory - Returning cached instance of singleton bean 'org.springframework.aop.support.DefaultBeanFactoryPointcutAdvisor#0'
- (2964 ms) - [DEBUG] 2018-12-30 19:24:56,576 org.springframework.beans.factory.annotation.InjectionMetadata - Registered injected element on class [cn.itrip.service.comment.ItripCommentServiceImpl]: ResourceElement for public cn.itrip.dao.comment.ItripCommentMapper cn.itrip.service.comment.ItripCommentServiceImpl.itripCommentMapper
- (2964 ms) - [DEBUG] 2018-12-30 19:24:56,576 org.springframework.beans.factory.support.DefaultListableBeanFactory - Eagerly caching bean 'itripCommentServiceImpl' to allow for resolving potential circular references
- (2966 ms) - [DEBUG] 2018-12-30 19:24:56,578 org.springframework.beans.factory.annotation.InjectionMetadata - Processing injected element of bean 'itripCommentServiceImpl': ResourceElement for public cn.itrip.dao.comment.ItripCommentMapper cn.itrip.service.comment.ItripCommentServiceImpl.itripCommentMapper
- (2966 ms) - [DEBUG] 2018-12-30 19:24:56,578 org.springframework.beans.factory.support.DefaultListableBeanFactory - Returning cached instance of singleton bean 'itripCommentMapper'
- (2967 ms) - [DEBUG] 2018-12-30 19:24:56,579 org.springframework.beans.factory.support.DefaultListableBeanFactory - Returning cached instance of singleton bean 'org.springframework.aop.support.DefaultBeanFactoryPointcutAdvisor#0'
- (2967 ms) - [DEBUG] 2018-12-30 19:24:56,579 org.springframework.beans.factory.support.DefaultListableBeanFactory - Returning cached instance of singleton bean 'org.springframework.aop.support.DefaultBeanFactoryPointcutAdvisor#0'
- (2972 ms) - [DEBUG] 2018-12-30 19:24:56,584 org.springframework.beans.factory.support.DefaultListableBeanFactory - Returning cached instance of singleton bean 'org.springframework.aop.support.DefaultBeanFactoryPointcutAdvisor#0'
- (2973 ms) - [DEBUG] 2018-12-30 19:24:56,585 org.springframework.beans.factory.support.DefaultListableBeanFactory - Returning cached instance of singleton bean 'org.springframework.aop.support.DefaultBeanFactoryPointcutAdvisor#0'
- (2973 ms) - [DEBUG] 2018-12-30 19:24:56,585 org.springframework.aop.aspectj.annotation.AnnotationAwareAspectJAutoProxyCreator - Creating implicit proxy for bean 'itripCommentServiceImpl' with 0 common interceptors and 2 specific interceptors
- (2973 ms) - [DEBUG] 2018-12-30 19:24:56,585 org.springframework.aop.framework.CglibAopProxy - Creating CGLIB proxy: target source is SingletonTargetSource for target object [cn.itrip.service.comment.ItripCommentServiceImpl@5023bb8b]
- (2975 ms) - [DEBUG] 2018-12-30 19:24:56,587 org.springframework.aop.framework.CglibAopProxy - Unable to apply any optimisations to advised method: public java.util.List cn.itrip.service.comment.ItripCommentServiceImpl.getItripCommerntNum(java.lang.Long) throws java.lang.Exception
- (2976 ms) - [DEBUG] 2018-12-30 19:24:56,588 org.springframework.aop.framework.CglibAopProxy - Unable to apply any optimisations to advised method: public java.util.List cn.itrip.service.comment.ItripCommentServiceImpl.getItripComment(java.lang.Integer) throws java.lang.Exception
- (2976 ms) - [DEBUG] 2018-12-30 19:24:56,588 org.springframework.aop.framework.CglibAopProxy - Unable to apply any optimisations to advised method: public java.util.List cn.itrip.service.comment.ItripCommentServiceImpl.getItripCommentPage(java.util.Map) throws java.lang.Exception
- (2977 ms) - [DEBUG] 2018-12-30 19:24:56,589 org.springframework.aop.framework.CglibAopProxy - Unable to apply any optimisations to advised method: public java.lang.Integer cn.itrip.service.comment.ItripCommentServiceImpl.getItripCommerntNum2(java.util.Map)
- (2978 ms) - [DEBUG] 2018-12-30 19:24:56,590 org.springframework.aop.framework.CglibAopProxy - Unable to apply any optimisations to advised method: public java.util.List cn.itrip.service.comment.ItripCommentServiceImpl.getItripImageImgUrl(java.lang.Long) throws java.lang.Exception
- (2978 ms) - [DEBUG] 2018-12-30 19:24:56,590 org.springframework.aop.framework.CglibAopProxy - Found finalize() method - using NO_OVERRIDE
- (2979 ms) - [DEBUG] 2018-12-30 19:24:56,591 org.springframework.aop.framework.CglibAopProxy - Found 'equals' method: public boolean java.lang.Object.equals(java.lang.Object)
- (2979 ms) - [DEBUG] 2018-12-30 19:24:56,591 org.springframework.aop.framework.CglibAopProxy - Unable to apply any optimisations to advised method: public java.lang.String java.lang.Object.toString()
- (2979 ms) - [DEBUG] 2018-12-30 19:24:56,591 org.springframework.aop.framework.CglibAopProxy - Found 'hashCode' method: public native int java.lang.Object.hashCode()
- (2980 ms) - [DEBUG] 2018-12-30 19:24:56,592 org.springframework.aop.framework.CglibAopProxy - Unable to apply any optimisations to advised method: protected native java.lang.Object java.lang.Object.clone() throws java.lang.CloneNotSupportedException
- (2980 ms) - [DEBUG] 2018-12-30 19:24:56,592 org.springframework.aop.framework.CglibAopProxy - Method is declared on Advised interface: public abstract int org.springframework.aop.framework.Advised.indexOf(org.springframework.aop.Advisor)
- (2980 ms) - [DEBUG] 2018-12-30 19:24:56,592 org.springframework.aop.framework.CglibAopProxy - Method is declared on Advised interface: public abstract int org.springframework.aop.framework.Advised.indexOf(org.aopalliance.aop.Advice)
- (2981 ms) - [DEBUG] 2018-12-30 19:24:56,593 org.springframework.aop.framework.CglibAopProxy - Method is declared on Advised interface: public abstract boolean org.springframework.aop.framework.Advised.isFrozen()
- (2981 ms) - [DEBUG] 2018-12-30 19:24:56,593 org.springframework.aop.framework.CglibAopProxy - Method is declared on Advised interface: public abstract org.springframework.aop.Advisor[] org.springframework.aop.framework.Advised.getAdvisors()
- (2981 ms) - [DEBUG] 2018-12-30 19:24:56,593 org.springframework.aop.framework.CglibAopProxy - Method is declared on Advised interface: public abstract org.springframework.aop.TargetSource org.springframework.aop.framework.Advised.getTargetSource()
- (2982 ms) - [DEBUG] 2018-12-30 19:24:56,594 org.springframework.aop.framework.CglibAopProxy - Method is declared on Advised interface: public abstract void org.springframework.aop.framework.Advised.addAdvisor(org.springframework.aop.Advisor) throws org.springframework.aop.framework.AopConfigException
- (2982 ms) - [DEBUG] 2018-12-30 19:24:56,594 org.springframework.aop.framework.CglibAopProxy - Method is declared on Advised interface: public abstract void org.springframework.aop.framework.Advised.addAdvisor(int,org.springframework.aop.Advisor) throws org.springframework.aop.framework.AopConfigException
- (2982 ms) - [DEBUG] 2018-12-30 19:24:56,594 org.springframework.aop.framework.CglibAopProxy - Method is declared on Advised interface: public abstract void org.springframework.aop.framework.Advised.setExposeProxy(boolean)
- (2982 ms) - [DEBUG] 2018-12-30 19:24:56,594 org.springframework.aop.framework.CglibAopProxy - Method is declared on Advised interface: public abstract boolean org.springframework.aop.framework.Advised.isExposeProxy()
- (2982 ms) - [DEBUG] 2018-12-30 19:24:56,594 org.springframework.aop.framework.CglibAopProxy - Method is declared on Advised interface: public abstract void org.springframework.aop.framework.Advised.setPreFiltered(boolean)
- (2983 ms) - [DEBUG] 2018-12-30 19:24:56,595 org.springframework.aop.framework.CglibAopProxy - Method is declared on Advised interface: public abstract void org.springframework.aop.framework.Advised.addAdvice(int,org.aopalliance.aop.Advice) throws org.springframework.aop.framework.AopConfigException
- (2983 ms) - [DEBUG] 2018-12-30 19:24:56,595 org.springframework.aop.framework.CglibAopProxy - Method is declared on Advised interface: public abstract void org.springframework.aop.framework.Advised.addAdvice(org.aopalliance.aop.Advice) throws org.springframework.aop.framework.AopConfigException
- (2983 ms) - [DEBUG] 2018-12-30 19:24:56,595 org.springframework.aop.framework.CglibAopProxy - Method is declared on Advised interface: public abstract boolean org.springframework.aop.framework.Advised.removeAdvice(org.aopalliance.aop.Advice)
- (2983 ms) - [DEBUG] 2018-12-30 19:24:56,595 org.springframework.aop.framework.CglibAopProxy - Method is declared on Advised interface: public abstract void org.springframework.aop.framework.Advised.removeAdvisor(int) throws org.springframework.aop.framework.AopConfigException
- (2983 ms) - [DEBUG] 2018-12-30 19:24:56,595 org.springframework.aop.framework.CglibAopProxy - Method is declared on Advised interface: public abstract boolean org.springframework.aop.framework.Advised.removeAdvisor(org.springframework.aop.Advisor)
- (2984 ms) - [DEBUG] 2018-12-30 19:24:56,596 org.springframework.aop.framework.CglibAopProxy - Method is declared on Advised interface: public abstract boolean org.springframework.aop.framework.Advised.isPreFiltered()
- (2984 ms) - [DEBUG] 2018-12-30 19:24:56,596 org.springframework.aop.framework.CglibAopProxy - Method is declared on Advised interface: public abstract boolean org.springframework.aop.framework.Advised.replaceAdvisor(org.springframework.aop.Advisor,org.springframework.aop.Advisor) throws org.springframework.aop.framework.AopConfigException
- (2984 ms) - [DEBUG] 2018-12-30 19:24:56,596 org.springframework.aop.framework.CglibAopProxy - Method is declared on Advised interface: public abstract void org.springframework.aop.framework.Advised.setTargetSource(org.springframework.aop.TargetSource)
- (2984 ms) - [DEBUG] 2018-12-30 19:24:56,596 org.springframework.aop.framework.CglibAopProxy - Method is declared on Advised interface: public abstract boolean org.springframework.aop.framework.Advised.isProxyTargetClass()
- (2984 ms) - [DEBUG] 2018-12-30 19:24:56,596 org.springframework.aop.framework.CglibAopProxy - Method is declared on Advised interface: public abstract java.lang.String org.springframework.aop.framework.Advised.toProxyConfigString()
- (2984 ms) - [DEBUG] 2018-12-30 19:24:56,596 org.springframework.aop.framework.CglibAopProxy - Method is declared on Advised interface: public abstract java.lang.Class[] org.springframework.aop.framework.Advised.getProxiedInterfaces()
- (2985 ms) - [DEBUG] 2018-12-30 19:24:56,597 org.springframework.aop.framework.CglibAopProxy - Method is declared on Advised interface: public abstract boolean org.springframework.aop.framework.Advised.isInterfaceProxied(java.lang.Class)
- (2985 ms) - [DEBUG] 2018-12-30 19:24:56,597 org.springframework.aop.framework.CglibAopProxy - Method is declared on Advised interface: public abstract java.lang.Class org.springframework.aop.TargetClassAware.getTargetClass()
- (2995 ms) - [DEBUG] 2018-12-30 19:24:56,607 org.springframework.beans.factory.support.DefaultListableBeanFactory - Finished creating instance of bean 'itripCommentServiceImpl'
- (2996 ms) - [DEBUG] 2018-12-30 19:24:56,608 org.springframework.beans.factory.support.DefaultListableBeanFactory - Creating shared instance of singleton bean 'itripHotelOrderServiceImpl'
- (2996 ms) - [DEBUG] 2018-12-30 19:24:56,608 org.springframework.beans.factory.support.DefaultListableBeanFactory - Creating instance of bean 'itripHotelOrderServiceImpl'
- (2996 ms) - [DEBUG] 2018-12-30 19:24:56,608 org.springframework.beans.factory.support.DefaultListableBeanFactory - Returning cached instance of singleton bean 'org.springframework.aop.support.DefaultBeanFactoryPointcutAdvisor#0'
- (2997 ms) - [DEBUG] 2018-12-30 19:24:56,609 org.springframework.beans.factory.annotation.InjectionMetadata - Registered injected element on class [cn.itrip.service.hotelorder.ItripHotelOrderServiceImpl]: ResourceElement for public cn.itrip.dao.hotelorder.ItripHotelOrderMapper cn.itrip.service.hotelorder.ItripHotelOrderServiceImpl.itripHotelOrderMapper
- (2997 ms) - [DEBUG] 2018-12-30 19:24:56,609 org.springframework.beans.factory.support.DefaultListableBeanFactory - Eagerly caching bean 'itripHotelOrderServiceImpl' to allow for resolving potential circular references
- (3001 ms) - [DEBUG] 2018-12-30 19:24:56,613 org.springframework.beans.factory.annotation.InjectionMetadata - Processing injected element of bean 'itripHotelOrderServiceImpl': ResourceElement for public cn.itrip.dao.hotelorder.ItripHotelOrderMapper cn.itrip.service.hotelorder.ItripHotelOrderServiceImpl.itripHotelOrderMapper
- (3002 ms) - [DEBUG] 2018-12-30 19:24:56,614 org.springframework.beans.factory.support.DefaultListableBeanFactory - Returning cached instance of singleton bean 'itripHotelOrderMapper'
- (3004 ms) - [DEBUG] 2018-12-30 19:24:56,616 org.springframework.beans.factory.support.DefaultListableBeanFactory - Returning cached instance of singleton bean 'org.springframework.aop.support.DefaultBeanFactoryPointcutAdvisor#0'
- (3004 ms) - [DEBUG] 2018-12-30 19:24:56,616 org.springframework.beans.factory.support.DefaultListableBeanFactory - Returning cached instance of singleton bean 'org.springframework.aop.support.DefaultBeanFactoryPointcutAdvisor#0'
- (3006 ms) - [DEBUG] 2018-12-30 19:24:56,618 org.springframework.beans.factory.support.DefaultListableBeanFactory - Returning cached instance of singleton bean 'org.springframework.aop.support.DefaultBeanFactoryPointcutAdvisor#0'
- (3006 ms) - [DEBUG] 2018-12-30 19:24:56,618 org.springframework.beans.factory.support.DefaultListableBeanFactory - Returning cached instance of singleton bean 'org.springframework.aop.support.DefaultBeanFactoryPointcutAdvisor#0'
- (3009 ms) - [DEBUG] 2018-12-30 19:24:56,621 org.springframework.aop.aspectj.annotation.AnnotationAwareAspectJAutoProxyCreator - Creating implicit proxy for bean 'itripHotelOrderServiceImpl' with 0 common interceptors and 2 specific interceptors
- (3010 ms) - [DEBUG] 2018-12-30 19:24:56,622 org.springframework.aop.framework.CglibAopProxy - Creating CGLIB proxy: target source is SingletonTargetSource for target object [cn.itrip.service.hotelorder.ItripHotelOrderServiceImpl@cd1d761]
- (3011 ms) - [DEBUG] 2018-12-30 19:24:56,623 org.springframework.aop.framework.CglibAopProxy - Unable to apply any optimisations to advised method: public java.lang.Integer cn.itrip.service.hotelorder.ItripHotelOrderServiceImpl.itripHotelOrderStore(java.util.Map)
- (3011 ms) - [DEBUG] 2018-12-30 19:24:56,623 org.springframework.aop.framework.CglibAopProxy - Unable to apply any optimisations to advised method: public java.util.List cn.itrip.service.hotelorder.ItripHotelOrderServiceImpl.itripHotelOrderList(java.util.Map) throws java.lang.Exception
- (3012 ms) - [DEBUG] 2018-12-30 19:24:56,624 org.springframework.aop.framework.CglibAopProxy - Unable to apply any optimisations to advised method: public java.util.List cn.itrip.service.hotelorder.ItripHotelOrderServiceImpl.itripHotelOrderInfo(java.util.Map) throws java.lang.Exception
- (3012 ms) - [DEBUG] 2018-12-30 19:24:56,624 org.springframework.aop.framework.CglibAopProxy - Found finalize() method - using NO_OVERRIDE
- (3012 ms) - [DEBUG] 2018-12-30 19:24:56,624 org.springframework.aop.framework.CglibAopProxy - Found 'equals' method: public boolean java.lang.Object.equals(java.lang.Object)
- (3013 ms) - [DEBUG] 2018-12-30 19:24:56,625 org.springframework.aop.framework.CglibAopProxy - Unable to apply any optimisations to advised method: public java.lang.String java.lang.Object.toString()
- (3013 ms) - [DEBUG] 2018-12-30 19:24:56,625 org.springframework.aop.framework.CglibAopProxy - Found 'hashCode' method: public native int java.lang.Object.hashCode()
- (3013 ms) - [DEBUG] 2018-12-30 19:24:56,625 org.springframework.aop.framework.CglibAopProxy - Unable to apply any optimisations to advised method: protected native java.lang.Object java.lang.Object.clone() throws java.lang.CloneNotSupportedException
- (3013 ms) - [DEBUG] 2018-12-30 19:24:56,625 org.springframework.aop.framework.CglibAopProxy - Method is declared on Advised interface: public abstract int org.springframework.aop.framework.Advised.indexOf(org.springframework.aop.Advisor)
- (3014 ms) - [DEBUG] 2018-12-30 19:24:56,626 org.springframework.aop.framework.CglibAopProxy - Method is declared on Advised interface: public abstract int org.springframework.aop.framework.Advised.indexOf(org.aopalliance.aop.Advice)
- (3014 ms) - [DEBUG] 2018-12-30 19:24:56,626 org.springframework.aop.framework.CglibAopProxy - Method is declared on Advised interface: public abstract boolean org.springframework.aop.framework.Advised.isFrozen()
- (3014 ms) - [DEBUG] 2018-12-30 19:24:56,626 org.springframework.aop.framework.CglibAopProxy - Method is declared on Advised interface: public abstract org.springframework.aop.Advisor[] org.springframework.aop.framework.Advised.getAdvisors()
- (3014 ms) - [DEBUG] 2018-12-30 19:24:56,626 org.springframework.aop.framework.CglibAopProxy - Method is declared on Advised interface: public abstract org.springframework.aop.TargetSource org.springframework.aop.framework.Advised.getTargetSource()
- (3015 ms) - [DEBUG] 2018-12-30 19:24:56,627 org.springframework.aop.framework.CglibAopProxy - Method is declared on Advised interface: public abstract void org.springframework.aop.framework.Advised.addAdvisor(org.springframework.aop.Advisor) throws org.springframework.aop.framework.AopConfigException
- (3015 ms) - [DEBUG] 2018-12-30 19:24:56,627 org.springframework.aop.framework.CglibAopProxy - Method is declared on Advised interface: public abstract void org.springframework.aop.framework.Advised.addAdvisor(int,org.springframework.aop.Advisor) throws org.springframework.aop.framework.AopConfigException
- (3017 ms) - [DEBUG] 2018-12-30 19:24:56,629 org.springframework.aop.framework.CglibAopProxy - Method is declared on Advised interface: public abstract void org.springframework.aop.framework.Advised.setExposeProxy(boolean)
- (3018 ms) - [DEBUG] 2018-12-30 19:24:56,630 org.springframework.aop.framework.CglibAopProxy - Method is declared on Advised interface: public abstract boolean org.springframework.aop.framework.Advised.isExposeProxy()
- (3018 ms) - [DEBUG] 2018-12-30 19:24:56,630 org.springframework.aop.framework.CglibAopProxy - Method is declared on Advised interface: public abstract void org.springframework.aop.framework.Advised.setPreFiltered(boolean)
- (3018 ms) - [DEBUG] 2018-12-30 19:24:56,630 org.springframework.aop.framework.CglibAopProxy - Method is declared on Advised interface: public abstract void org.springframework.aop.framework.Advised.addAdvice(int,org.aopalliance.aop.Advice) throws org.springframework.aop.framework.AopConfigException
- (3019 ms) - [DEBUG] 2018-12-30 19:24:56,631 org.springframework.aop.framework.CglibAopProxy - Method is declared on Advised interface: public abstract void org.springframework.aop.framework.Advised.addAdvice(org.aopalliance.aop.Advice) throws org.springframework.aop.framework.AopConfigException
- (3019 ms) - [DEBUG] 2018-12-30 19:24:56,631 org.springframework.aop.framework.CglibAopProxy - Method is declared on Advised interface: public abstract boolean org.springframework.aop.framework.Advised.removeAdvice(org.aopalliance.aop.Advice)
- (3019 ms) - [DEBUG] 2018-12-30 19:24:56,631 org.springframework.aop.framework.CglibAopProxy - Method is declared on Advised interface: public abstract void org.springframework.aop.framework.Advised.removeAdvisor(int) throws org.springframework.aop.framework.AopConfigException
- (3019 ms) - [DEBUG] 2018-12-30 19:24:56,631 org.springframework.aop.framework.CglibAopProxy - Method is declared on Advised interface: public abstract boolean org.springframework.aop.framework.Advised.removeAdvisor(org.springframework.aop.Advisor)
- (3020 ms) - [DEBUG] 2018-12-30 19:24:56,632 org.springframework.aop.framework.CglibAopProxy - Method is declared on Advised interface: public abstract boolean org.springframework.aop.framework.Advised.isPreFiltered()
- (3020 ms) - [DEBUG] 2018-12-30 19:24:56,632 org.springframework.aop.framework.CglibAopProxy - Method is declared on Advised interface: public abstract boolean org.springframework.aop.framework.Advised.replaceAdvisor(org.springframework.aop.Advisor,org.springframework.aop.Advisor) throws org.springframework.aop.framework.AopConfigException
- (3020 ms) - [DEBUG] 2018-12-30 19:24:56,632 org.springframework.aop.framework.CglibAopProxy - Method is declared on Advised interface: public abstract void org.springframework.aop.framework.Advised.setTargetSource(org.springframework.aop.TargetSource)
- (3020 ms) - [DEBUG] 2018-12-30 19:24:56,632 org.springframework.aop.framework.CglibAopProxy - Method is declared on Advised interface: public abstract boolean org.springframework.aop.framework.Advised.isProxyTargetClass()
- (3020 ms) - [DEBUG] 2018-12-30 19:24:56,632 org.springframework.aop.framework.CglibAopProxy - Method is declared on Advised interface: public abstract java.lang.String org.springframework.aop.framework.Advised.toProxyConfigString()
- (3021 ms) - [DEBUG] 2018-12-30 19:24:56,633 org.springframework.aop.framework.CglibAopProxy - Method is declared on Advised interface: public abstract java.lang.Class[] org.springframework.aop.framework.Advised.getProxiedInterfaces()
- (3021 ms) - [DEBUG] 2018-12-30 19:24:56,633 org.springframework.aop.framework.CglibAopProxy - Method is declared on Advised interface: public abstract boolean org.springframework.aop.framework.Advised.isInterfaceProxied(java.lang.Class)
- (3022 ms) - [DEBUG] 2018-12-30 19:24:56,634 org.springframework.aop.framework.CglibAopProxy - Method is declared on Advised interface: public abstract java.lang.Class org.springframework.aop.TargetClassAware.getTargetClass()
- (3058 ms) - [DEBUG] 2018-12-30 19:24:56,670 org.springframework.beans.factory.support.DefaultListableBeanFactory - Finished creating instance of bean 'itripHotelOrderServiceImpl'
- (3059 ms) - [DEBUG] 2018-12-30 19:24:56,671 org.springframework.beans.factory.support.DefaultListableBeanFactory - Creating shared instance of singleton bean 'itripImageServiceImpl'
- (3059 ms) - [DEBUG] 2018-12-30 19:24:56,671 org.springframework.beans.factory.support.DefaultListableBeanFactory - Creating instance of bean 'itripImageServiceImpl'
- (3059 ms) - [DEBUG] 2018-12-30 19:24:56,671 org.springframework.beans.factory.support.DefaultListableBeanFactory - Returning cached instance of singleton bean 'org.springframework.aop.support.DefaultBeanFactoryPointcutAdvisor#0'
- (3060 ms) - [DEBUG] 2018-12-30 19:24:56,672 org.springframework.beans.factory.annotation.InjectionMetadata - Registered injected element on class [cn.itrip.service.image.ItripImageServiceImpl]: ResourceElement for public cn.itrip.dao.image.ItripImageMapper cn.itrip.service.image.ItripImageServiceImpl.itripImageMapper
- (3061 ms) - [DEBUG] 2018-12-30 19:24:56,673 org.springframework.beans.factory.support.DefaultListableBeanFactory - Eagerly caching bean 'itripImageServiceImpl' to allow for resolving potential circular references
- (3075 ms) - [DEBUG] 2018-12-30 19:24:56,687 org.springframework.beans.factory.annotation.InjectionMetadata - Processing injected element of bean 'itripImageServiceImpl': ResourceElement for public cn.itrip.dao.image.ItripImageMapper cn.itrip.service.image.ItripImageServiceImpl.itripImageMapper
- (3075 ms) - [DEBUG] 2018-12-30 19:24:56,687 org.springframework.beans.factory.support.DefaultListableBeanFactory - Returning cached instance of singleton bean 'itripImageMapper'
- (3077 ms) - [DEBUG] 2018-12-30 19:24:56,689 org.springframework.beans.factory.support.DefaultListableBeanFactory - Returning cached instance of singleton bean 'org.springframework.aop.support.DefaultBeanFactoryPointcutAdvisor#0'
- (3078 ms) - [DEBUG] 2018-12-30 19:24:56,690 org.springframework.beans.factory.support.DefaultListableBeanFactory - Returning cached instance of singleton bean 'org.springframework.aop.support.DefaultBeanFactoryPointcutAdvisor#0'
- (3084 ms) - [DEBUG] 2018-12-30 19:24:56,696 org.springframework.beans.factory.support.DefaultListableBeanFactory - Returning cached instance of singleton bean 'org.springframework.aop.support.DefaultBeanFactoryPointcutAdvisor#0'
- (3084 ms) - [DEBUG] 2018-12-30 19:24:56,696 org.springframework.beans.factory.support.DefaultListableBeanFactory - Returning cached instance of singleton bean 'org.springframework.aop.support.DefaultBeanFactoryPointcutAdvisor#0'
- (3084 ms) - [DEBUG] 2018-12-30 19:24:56,696 org.springframework.aop.aspectj.annotation.AnnotationAwareAspectJAutoProxyCreator - Creating implicit proxy for bean 'itripImageServiceImpl' with 0 common interceptors and 2 specific interceptors
- (3085 ms) - [DEBUG] 2018-12-30 19:24:56,697 org.springframework.aop.framework.CglibAopProxy - Creating CGLIB proxy: target source is SingletonTargetSource for target object [cn.itrip.service.image.ItripImageServiceImpl@69653e16]
- (3087 ms) - [DEBUG] 2018-12-30 19:24:56,699 org.springframework.aop.framework.CglibAopProxy - Unable to apply any optimisations to advised method: public java.util.List cn.itrip.service.image.ItripImageServiceImpl.getItripImagetargetId(java.lang.Integer) throws java.lang.Exception
- (3087 ms) - [DEBUG] 2018-12-30 19:24:56,699 org.springframework.aop.framework.CglibAopProxy - Found finalize() method - using NO_OVERRIDE
- (3087 ms) - [DEBUG] 2018-12-30 19:24:56,699 org.springframework.aop.framework.CglibAopProxy - Found 'equals' method: public boolean java.lang.Object.equals(java.lang.Object)
- (3088 ms) - [DEBUG] 2018-12-30 19:24:56,700 org.springframework.aop.framework.CglibAopProxy - Unable to apply any optimisations to advised method: public java.lang.String java.lang.Object.toString()
- (3088 ms) - [DEBUG] 2018-12-30 19:24:56,700 org.springframework.aop.framework.CglibAopProxy - Found 'hashCode' method: public native int java.lang.Object.hashCode()
- (3088 ms) - [DEBUG] 2018-12-30 19:24:56,700 org.springframework.aop.framework.CglibAopProxy - Unable to apply any optimisations to advised method: protected native java.lang.Object java.lang.Object.clone() throws java.lang.CloneNotSupportedException
- (3088 ms) - [DEBUG] 2018-12-30 19:24:56,700 org.springframework.aop.framework.CglibAopProxy - Method is declared on Advised interface: public abstract int org.springframework.aop.framework.Advised.indexOf(org.springframework.aop.Advisor)
- (3089 ms) - [DEBUG] 2018-12-30 19:24:56,701 org.springframework.aop.framework.CglibAopProxy - Method is declared on Advised interface: public abstract int org.springframework.aop.framework.Advised.indexOf(org.aopalliance.aop.Advice)
- (3090 ms) - [DEBUG] 2018-12-30 19:24:56,702 org.springframework.aop.framework.CglibAopProxy - Method is declared on Advised interface: public abstract boolean org.springframework.aop.framework.Advised.isFrozen()
- (3090 ms) - [DEBUG] 2018-12-30 19:24:56,702 org.springframework.aop.framework.CglibAopProxy - Method is declared on Advised interface: public abstract org.springframework.aop.Advisor[] org.springframework.aop.framework.Advised.getAdvisors()
- (3090 ms) - [DEBUG] 2018-12-30 19:24:56,702 org.springframework.aop.framework.CglibAopProxy - Method is declared on Advised interface: public abstract org.springframework.aop.TargetSource org.springframework.aop.framework.Advised.getTargetSource()
- (3090 ms) - [DEBUG] 2018-12-30 19:24:56,702 org.springframework.aop.framework.CglibAopProxy - Method is declared on Advised interface: public abstract void org.springframework.aop.framework.Advised.addAdvisor(org.springframework.aop.Advisor) throws org.springframework.aop.framework.AopConfigException
- (3091 ms) - [DEBUG] 2018-12-30 19:24:56,703 org.springframework.aop.framework.CglibAopProxy - Method is declared on Advised interface: public abstract void org.springframework.aop.framework.Advised.addAdvisor(int,org.springframework.aop.Advisor) throws org.springframework.aop.framework.AopConfigException
- (3091 ms) - [DEBUG] 2018-12-30 19:24:56,703 org.springframework.aop.framework.CglibAopProxy - Method is declared on Advised interface: public abstract void org.springframework.aop.framework.Advised.setExposeProxy(boolean)
- (3091 ms) - [DEBUG] 2018-12-30 19:24:56,703 org.springframework.aop.framework.CglibAopProxy - Method is declared on Advised interface: public abstract boolean org.springframework.aop.framework.Advised.isExposeProxy()
- (3091 ms) - [DEBUG] 2018-12-30 19:24:56,703 org.springframework.aop.framework.CglibAopProxy - Method is declared on Advised interface: public abstract void org.springframework.aop.framework.Advised.setPreFiltered(boolean)
- (3092 ms) - [DEBUG] 2018-12-30 19:24:56,704 org.springframework.aop.framework.CglibAopProxy - Method is declared on Advised interface: public abstract void org.springframework.aop.framework.Advised.addAdvice(int,org.aopalliance.aop.Advice) throws org.springframework.aop.framework.AopConfigException
- (3092 ms) - [DEBUG] 2018-12-30 19:24:56,704 org.springframework.aop.framework.CglibAopProxy - Method is declared on Advised interface: public abstract void org.springframework.aop.framework.Advised.addAdvice(org.aopalliance.aop.Advice) throws org.springframework.aop.framework.AopConfigException
- (3092 ms) - [DEBUG] 2018-12-30 19:24:56,704 org.springframework.aop.framework.CglibAopProxy - Method is declared on Advised interface: public abstract boolean org.springframework.aop.framework.Advised.removeAdvice(org.aopalliance.aop.Advice)
- (3092 ms) - [DEBUG] 2018-12-30 19:24:56,704 org.springframework.aop.framework.CglibAopProxy - Method is declared on Advised interface: public abstract void org.springframework.aop.framework.Advised.removeAdvisor(int) throws org.springframework.aop.framework.AopConfigException
- (3092 ms) - [DEBUG] 2018-12-30 19:24:56,704 org.springframework.aop.framework.CglibAopProxy - Method is declared on Advised interface: public abstract boolean org.springframework.aop.framework.Advised.removeAdvisor(org.springframework.aop.Advisor)
- (3092 ms) - [DEBUG] 2018-12-30 19:24:56,704 org.springframework.aop.framework.CglibAopProxy - Method is declared on Advised interface: public abstract boolean org.springframework.aop.framework.Advised.isPreFiltered()
- (3093 ms) - [DEBUG] 2018-12-30 19:24:56,705 org.springframework.aop.framework.CglibAopProxy - Method is declared on Advised interface: public abstract boolean org.springframework.aop.framework.Advised.replaceAdvisor(org.springframework.aop.Advisor,org.springframework.aop.Advisor) throws org.springframework.aop.framework.AopConfigException
- (3094 ms) - [DEBUG] 2018-12-30 19:24:56,706 org.springframework.aop.framework.CglibAopProxy - Method is declared on Advised interface: public abstract void org.springframework.aop.framework.Advised.setTargetSource(org.springframework.aop.TargetSource)
- (3094 ms) - [DEBUG] 2018-12-30 19:24:56,706 org.springframework.aop.framework.CglibAopProxy - Method is declared on Advised interface: public abstract boolean org.springframework.aop.framework.Advised.isProxyTargetClass()
- (3094 ms) - [DEBUG] 2018-12-30 19:24:56,706 org.springframework.aop.framework.CglibAopProxy - Method is declared on Advised interface: public abstract java.lang.String org.springframework.aop.framework.Advised.toProxyConfigString()
- (3094 ms) - [DEBUG] 2018-12-30 19:24:56,706 org.springframework.aop.framework.CglibAopProxy - Method is declared on Advised interface: public abstract java.lang.Class[] org.springframework.aop.framework.Advised.getProxiedInterfaces()
- (3095 ms) - [DEBUG] 2018-12-30 19:24:56,707 org.springframework.aop.framework.CglibAopProxy - Method is declared on Advised interface: public abstract boolean org.springframework.aop.framework.Advised.isInterfaceProxied(java.lang.Class)
- (3095 ms) - [DEBUG] 2018-12-30 19:24:56,707 org.springframework.aop.framework.CglibAopProxy - Method is declared on Advised interface: public abstract java.lang.Class org.springframework.aop.TargetClassAware.getTargetClass()
- (3102 ms) - [DEBUG] 2018-12-30 19:24:56,714 org.springframework.beans.factory.support.DefaultListableBeanFactory - Finished creating instance of bean 'itripImageServiceImpl'
- (3102 ms) - [DEBUG] 2018-12-30 19:24:56,714 org.springframework.beans.factory.support.DefaultListableBeanFactory - Creating shared instance of singleton bean 'itripLabelServiceImpl'
- (3102 ms) - [DEBUG] 2018-12-30 19:24:56,714 org.springframework.beans.factory.support.DefaultListableBeanFactory - Creating instance of bean 'itripLabelServiceImpl'
- (3102 ms) - [DEBUG] 2018-12-30 19:24:56,714 org.springframework.beans.factory.support.DefaultListableBeanFactory - Returning cached instance of singleton bean 'org.springframework.aop.support.DefaultBeanFactoryPointcutAdvisor#0'
- (3103 ms) - [DEBUG] 2018-12-30 19:24:56,715 org.springframework.beans.factory.annotation.InjectionMetadata - Registered injected element on class [cn.itrip.service.label.ItripLabelServiceImpl]: ResourceElement for public cn.itrip.dao.label.ItripLabelMapper cn.itrip.service.label.ItripLabelServiceImpl.itripLabelMapper
- (3103 ms) - [DEBUG] 2018-12-30 19:24:56,715 org.springframework.beans.factory.support.DefaultListableBeanFactory - Eagerly caching bean 'itripLabelServiceImpl' to allow for resolving potential circular references
- (3107 ms) - [DEBUG] 2018-12-30 19:24:56,719 org.springframework.beans.factory.annotation.InjectionMetadata - Processing injected element of bean 'itripLabelServiceImpl': ResourceElement for public cn.itrip.dao.label.ItripLabelMapper cn.itrip.service.label.ItripLabelServiceImpl.itripLabelMapper
- (3107 ms) - [DEBUG] 2018-12-30 19:24:56,719 org.springframework.beans.factory.support.DefaultListableBeanFactory - Returning cached instance of singleton bean 'itripLabelMapper'
- (3108 ms) - [DEBUG] 2018-12-30 19:24:56,720 org.springframework.beans.factory.support.DefaultListableBeanFactory - Returning cached instance of singleton bean 'org.springframework.aop.support.DefaultBeanFactoryPointcutAdvisor#0'
- (3108 ms) - [DEBUG] 2018-12-30 19:24:56,720 org.springframework.beans.factory.support.DefaultListableBeanFactory - Returning cached instance of singleton bean 'org.springframework.aop.support.DefaultBeanFactoryPointcutAdvisor#0'
- (3110 ms) - [DEBUG] 2018-12-30 19:24:56,722 org.springframework.beans.factory.support.DefaultListableBeanFactory - Returning cached instance of singleton bean 'org.springframework.aop.support.DefaultBeanFactoryPointcutAdvisor#0'
- (3110 ms) - [DEBUG] 2018-12-30 19:24:56,722 org.springframework.beans.factory.support.DefaultListableBeanFactory - Returning cached instance of singleton bean 'org.springframework.aop.support.DefaultBeanFactoryPointcutAdvisor#0'
- (3111 ms) - [DEBUG] 2018-12-30 19:24:56,723 org.springframework.aop.aspectj.annotation.AnnotationAwareAspectJAutoProxyCreator - Creating implicit proxy for bean 'itripLabelServiceImpl' with 0 common interceptors and 2 specific interceptors
- (3111 ms) - [DEBUG] 2018-12-30 19:24:56,723 org.springframework.aop.framework.CglibAopProxy - Creating CGLIB proxy: target source is SingletonTargetSource for target object [cn.itrip.service.label.ItripLabelServiceImpl@5fe1ce85]
- (3113 ms) - [DEBUG] 2018-12-30 19:24:56,725 org.springframework.aop.framework.CglibAopProxy - Unable to apply any optimisations to advised method: public java.util.List cn.itrip.service.label.ItripLabelServiceImpl.getItripLabel() throws java.lang.Exception
- (3114 ms) - [DEBUG] 2018-12-30 19:24:56,726 org.springframework.aop.framework.CglibAopProxy - Unable to apply any optimisations to advised method: public java.util.List cn.itrip.service.label.ItripLabelServiceImpl.getItripRoomType() throws java.lang.Exception
- (3114 ms) - [DEBUG] 2018-12-30 19:24:56,726 org.springframework.aop.framework.CglibAopProxy - Unable to apply any optimisations to advised method: public java.util.List cn.itrip.service.label.ItripLabelServiceImpl.getItripLabelName(java.lang.Integer) throws java.lang.Exception
- (3115 ms) - [DEBUG] 2018-12-30 19:24:56,727 org.springframework.aop.framework.CglibAopProxy - Unable to apply any optimisations to advised method: public java.util.List cn.itrip.service.label.ItripLabelServiceImpl.getItripLabelHotel(java.lang.Integer) throws java.lang.Exception
- (3115 ms) - [DEBUG] 2018-12-30 19:24:56,727 org.springframework.aop.framework.CglibAopProxy - Found finalize() method - using NO_OVERRIDE
- (3115 ms) - [DEBUG] 2018-12-30 19:24:56,727 org.springframework.aop.framework.CglibAopProxy - Found 'equals' method: public boolean java.lang.Object.equals(java.lang.Object)
- (3116 ms) - [DEBUG] 2018-12-30 19:24:56,728 org.springframework.aop.framework.CglibAopProxy - Unable to apply any optimisations to advised method: public java.lang.String java.lang.Object.toString()
- (3116 ms) - [DEBUG] 2018-12-30 19:24:56,728 org.springframework.aop.framework.CglibAopProxy - Found 'hashCode' method: public native int java.lang.Object.hashCode()
- (3116 ms) - [DEBUG] 2018-12-30 19:24:56,728 org.springframework.aop.framework.CglibAopProxy - Unable to apply any optimisations to advised method: protected native java.lang.Object java.lang.Object.clone() throws java.lang.CloneNotSupportedException
- (3116 ms) - [DEBUG] 2018-12-30 19:24:56,728 org.springframework.aop.framework.CglibAopProxy - Method is declared on Advised interface: public abstract int org.springframework.aop.framework.Advised.indexOf(org.springframework.aop.Advisor)
- (3116 ms) - [DEBUG] 2018-12-30 19:24:56,728 org.springframework.aop.framework.CglibAopProxy - Method is declared on Advised interface: public abstract int org.springframework.aop.framework.Advised.indexOf(org.aopalliance.aop.Advice)
- (3116 ms) - [DEBUG] 2018-12-30 19:24:56,728 org.springframework.aop.framework.CglibAopProxy - Method is declared on Advised interface: public abstract boolean org.springframework.aop.framework.Advised.isFrozen()
- (3116 ms) - [DEBUG] 2018-12-30 19:24:56,728 org.springframework.aop.framework.CglibAopProxy - Method is declared on Advised interface: public abstract org.springframework.aop.Advisor[] org.springframework.aop.framework.Advised.getAdvisors()
- (3117 ms) - [DEBUG] 2018-12-30 19:24:56,729 org.springframework.aop.framework.CglibAopProxy - Method is declared on Advised interface: public abstract org.springframework.aop.TargetSource org.springframework.aop.framework.Advised.getTargetSource()
- (3117 ms) - [DEBUG] 2018-12-30 19:24:56,729 org.springframework.aop.framework.CglibAopProxy - Method is declared on Advised interface: public abstract void org.springframework.aop.framework.Advised.addAdvisor(org.springframework.aop.Advisor) throws org.springframework.aop.framework.AopConfigException
- (3117 ms) - [DEBUG] 2018-12-30 19:24:56,729 org.springframework.aop.framework.CglibAopProxy - Method is declared on Advised interface: public abstract void org.springframework.aop.framework.Advised.addAdvisor(int,org.springframework.aop.Advisor) throws org.springframework.aop.framework.AopConfigException
- (3117 ms) - [DEBUG] 2018-12-30 19:24:56,729 org.springframework.aop.framework.CglibAopProxy - Method is declared on Advised interface: public abstract void org.springframework.aop.framework.Advised.setExposeProxy(boolean)
- (3117 ms) - [DEBUG] 2018-12-30 19:24:56,729 org.springframework.aop.framework.CglibAopProxy - Method is declared on Advised interface: public abstract boolean org.springframework.aop.framework.Advised.isExposeProxy()
- (3117 ms) - [DEBUG] 2018-12-30 19:24:56,729 org.springframework.aop.framework.CglibAopProxy - Method is declared on Advised interface: public abstract void org.springframework.aop.framework.Advised.setPreFiltered(boolean)
- (3117 ms) - [DEBUG] 2018-12-30 19:24:56,729 org.springframework.aop.framework.CglibAopProxy - Method is declared on Advised interface: public abstract void org.springframework.aop.framework.Advised.addAdvice(int,org.aopalliance.aop.Advice) throws org.springframework.aop.framework.AopConfigException
- (3118 ms) - [DEBUG] 2018-12-30 19:24:56,730 org.springframework.aop.framework.CglibAopProxy - Method is declared on Advised interface: public abstract void org.springframework.aop.framework.Advised.addAdvice(org.aopalliance.aop.Advice) throws org.springframework.aop.framework.AopConfigException
- (3118 ms) - [DEBUG] 2018-12-30 19:24:56,730 org.springframework.aop.framework.CglibAopProxy - Method is declared on Advised interface: public abstract boolean org.springframework.aop.framework.Advised.removeAdvice(org.aopalliance.aop.Advice)
- (3118 ms) - [DEBUG] 2018-12-30 19:24:56,730 org.springframework.aop.framework.CglibAopProxy - Method is declared on Advised interface: public abstract void org.springframework.aop.framework.Advised.removeAdvisor(int) throws org.springframework.aop.framework.AopConfigException
- (3118 ms) - [DEBUG] 2018-12-30 19:24:56,730 org.springframework.aop.framework.CglibAopProxy - Method is declared on Advised interface: public abstract boolean org.springframework.aop.framework.Advised.removeAdvisor(org.springframework.aop.Advisor)
- (3118 ms) - [DEBUG] 2018-12-30 19:24:56,730 org.springframework.aop.framework.CglibAopProxy - Method is declared on Advised interface: public abstract boolean org.springframework.aop.framework.Advised.isPreFiltered()
- (3119 ms) - [DEBUG] 2018-12-30 19:24:56,731 org.springframework.aop.framework.CglibAopProxy - Method is declared on Advised interface: public abstract boolean org.springframework.aop.framework.Advised.replaceAdvisor(org.springframework.aop.Advisor,org.springframework.aop.Advisor) throws org.springframework.aop.framework.AopConfigException
- (3119 ms) - [DEBUG] 2018-12-30 19:24:56,731 org.springframework.aop.framework.CglibAopProxy - Method is declared on Advised interface: public abstract void org.springframework.aop.framework.Advised.setTargetSource(org.springframework.aop.TargetSource)
- (3119 ms) - [DEBUG] 2018-12-30 19:24:56,731 org.springframework.aop.framework.CglibAopProxy - Method is declared on Advised interface: public abstract boolean org.springframework.aop.framework.Advised.isProxyTargetClass()
- (3119 ms) - [DEBUG] 2018-12-30 19:24:56,731 org.springframework.aop.framework.CglibAopProxy - Method is declared on Advised interface: public abstract java.lang.String org.springframework.aop.framework.Advised.toProxyConfigString()
- (3119 ms) - [DEBUG] 2018-12-30 19:24:56,731 org.springframework.aop.framework.CglibAopProxy - Method is declared on Advised interface: public abstract java.lang.Class[] org.springframework.aop.framework.Advised.getProxiedInterfaces()
- (3119 ms) - [DEBUG] 2018-12-30 19:24:56,731 org.springframework.aop.framework.CglibAopProxy - Method is declared on Advised interface: public abstract boolean org.springframework.aop.framework.Advised.isInterfaceProxied(java.lang.Class)
- (3119 ms) - [DEBUG] 2018-12-30 19:24:56,731 org.springframework.aop.framework.CglibAopProxy - Method is declared on Advised interface: public abstract java.lang.Class org.springframework.aop.TargetClassAware.getTargetClass()
- (3126 ms) - [DEBUG] 2018-12-30 19:24:56,738 org.springframework.beans.factory.support.DefaultListableBeanFactory - Finished creating instance of bean 'itripLabelServiceImpl'
- (3126 ms) - [DEBUG] 2018-12-30 19:24:56,738 org.springframework.beans.factory.support.DefaultListableBeanFactory - Creating shared instance of singleton bean 'itripLabelDicServiceImpl'
- (3127 ms) - [DEBUG] 2018-12-30 19:24:56,739 org.springframework.beans.factory.support.DefaultListableBeanFactory - Creating instance of bean 'itripLabelDicServiceImpl'
- (3128 ms) - [DEBUG] 2018-12-30 19:24:56,740 org.springframework.beans.factory.support.DefaultListableBeanFactory - Returning cached instance of singleton bean 'org.springframework.aop.support.DefaultBeanFactoryPointcutAdvisor#0'
- (3129 ms) - [DEBUG] 2018-12-30 19:24:56,741 org.springframework.beans.factory.annotation.InjectionMetadata - Registered injected element on class [cn.itrip.service.labeldic.ItripLabelDicServiceImpl]: ResourceElement for private cn.itrip.dao.labeldic.ItripLabelDicMapper cn.itrip.service.labeldic.ItripLabelDicServiceImpl.itripLabelDicMapper
- (3129 ms) - [DEBUG] 2018-12-30 19:24:56,741 org.springframework.beans.factory.support.DefaultListableBeanFactory - Eagerly caching bean 'itripLabelDicServiceImpl' to allow for resolving potential circular references
- (3132 ms) - [DEBUG] 2018-12-30 19:24:56,744 org.springframework.beans.factory.annotation.InjectionMetadata - Processing injected element of bean 'itripLabelDicServiceImpl': ResourceElement for private cn.itrip.dao.labeldic.ItripLabelDicMapper cn.itrip.service.labeldic.ItripLabelDicServiceImpl.itripLabelDicMapper
- (3132 ms) - [DEBUG] 2018-12-30 19:24:56,744 org.springframework.beans.factory.support.DefaultListableBeanFactory - Returning cached instance of singleton bean 'itripLabelDicMapper'
- (3134 ms) - [DEBUG] 2018-12-30 19:24:56,746 org.springframework.beans.factory.support.DefaultListableBeanFactory - Returning cached instance of singleton bean 'org.springframework.aop.support.DefaultBeanFactoryPointcutAdvisor#0'
- (3134 ms) - [DEBUG] 2018-12-30 19:24:56,746 org.springframework.beans.factory.support.DefaultListableBeanFactory - Returning cached instance of singleton bean 'org.springframework.aop.support.DefaultBeanFactoryPointcutAdvisor#0'
- (3138 ms) - [DEBUG] 2018-12-30 19:24:56,750 org.springframework.beans.factory.support.DefaultListableBeanFactory - Returning cached instance of singleton bean 'org.springframework.aop.support.DefaultBeanFactoryPointcutAdvisor#0'
- (3138 ms) - [DEBUG] 2018-12-30 19:24:56,750 org.springframework.beans.factory.support.DefaultListableBeanFactory - Returning cached instance of singleton bean 'org.springframework.aop.support.DefaultBeanFactoryPointcutAdvisor#0'
- (3138 ms) - [DEBUG] 2018-12-30 19:24:56,750 org.springframework.aop.aspectj.annotation.AnnotationAwareAspectJAutoProxyCreator - Creating implicit proxy for bean 'itripLabelDicServiceImpl' with 0 common interceptors and 2 specific interceptors
- (3139 ms) - [DEBUG] 2018-12-30 19:24:56,751 org.springframework.aop.framework.CglibAopProxy - Creating CGLIB proxy: target source is SingletonTargetSource for target object [cn.itrip.service.labeldic.ItripLabelDicServiceImpl@584f54e6]
- (3140 ms) - [DEBUG] 2018-12-30 19:24:56,752 org.springframework.aop.framework.CglibAopProxy - Unable to apply any optimisations to advised method: public java.util.List cn.itrip.service.labeldic.ItripLabelDicServiceImpl.getItripLabelDicListByMap(java.util.Map) throws java.lang.Exception
- (3140 ms) - [DEBUG] 2018-12-30 19:24:56,752 org.springframework.aop.framework.CglibAopProxy - Unable to apply any optimisations to advised method: public cn.itrip.beans.pojo.ItripLabelDic cn.itrip.service.labeldic.ItripLabelDicServiceImpl.getItripLabelDicById(java.lang.Long) throws java.lang.Exception
- (3140 ms) - [DEBUG] 2018-12-30 19:24:56,752 org.springframework.aop.framework.CglibAopProxy - Unable to apply any optimisations to advised method: public java.lang.Integer cn.itrip.service.labeldic.ItripLabelDicServiceImpl.getItripLabelDicCountByMap(java.util.Map) throws java.lang.Exception
- (3140 ms) - [DEBUG] 2018-12-30 19:24:56,752 org.springframework.aop.framework.CglibAopProxy - Unable to apply any optimisations to advised method: public java.lang.Integer cn.itrip.service.labeldic.ItripLabelDicServiceImpl.itriptxAddItripLabelDic(cn.itrip.beans.pojo.ItripLabelDic) throws java.lang.Exception
- (3141 ms) - [DEBUG] 2018-12-30 19:24:56,753 org.springframework.aop.framework.CglibAopProxy - Unable to apply any optimisations to advised method: public java.lang.Integer cn.itrip.service.labeldic.ItripLabelDicServiceImpl.itriptxModifyItripLabelDic(cn.itrip.beans.pojo.ItripLabelDic) throws java.lang.Exception
- (3141 ms) - [DEBUG] 2018-12-30 19:24:56,753 org.springframework.aop.framework.CglibAopProxy - Unable to apply any optimisations to advised method: public java.lang.Integer cn.itrip.service.labeldic.ItripLabelDicServiceImpl.itriptxDeleteItripLabelDicById(java.lang.Long) throws java.lang.Exception
- (3141 ms) - [DEBUG] 2018-12-30 19:24:56,753 org.springframework.aop.framework.CglibAopProxy - Unable to apply any optimisations to advised method: public cn.itrip.common.Page cn.itrip.service.labeldic.ItripLabelDicServiceImpl.queryItripLabelDicPageByMap(java.util.Map,java.lang.Integer,java.lang.Integer) throws java.lang.Exception
- (3142 ms) - [DEBUG] 2018-12-30 19:24:56,754 org.springframework.aop.framework.CglibAopProxy - Unable to apply any optimisations to advised method: public java.util.List cn.itrip.service.labeldic.ItripLabelDicServiceImpl.getItripLabelDicByParentId(java.lang.Long) throws java.lang.Exception
- (3142 ms) - [DEBUG] 2018-12-30 19:24:56,754 org.springframework.aop.framework.CglibAopProxy - Found finalize() method - using NO_OVERRIDE
- (3142 ms) - [DEBUG] 2018-12-30 19:24:56,754 org.springframework.aop.framework.CglibAopProxy - Found 'equals' method: public boolean java.lang.Object.equals(java.lang.Object)
- (3142 ms) - [DEBUG] 2018-12-30 19:24:56,754 org.springframework.aop.framework.CglibAopProxy - Unable to apply any optimisations to advised method: public java.lang.String java.lang.Object.toString()
- (3142 ms) - [DEBUG] 2018-12-30 19:24:56,754 org.springframework.aop.framework.CglibAopProxy - Found 'hashCode' method: public native int java.lang.Object.hashCode()
- (3142 ms) - [DEBUG] 2018-12-30 19:24:56,754 org.springframework.aop.framework.CglibAopProxy - Unable to apply any optimisations to advised method: protected native java.lang.Object java.lang.Object.clone() throws java.lang.CloneNotSupportedException
- (3143 ms) - [DEBUG] 2018-12-30 19:24:56,755 org.springframework.aop.framework.CglibAopProxy - Method is declared on Advised interface: public abstract int org.springframework.aop.framework.Advised.indexOf(org.springframework.aop.Advisor)
- (3143 ms) - [DEBUG] 2018-12-30 19:24:56,755 org.springframework.aop.framework.CglibAopProxy - Method is declared on Advised interface: public abstract int org.springframework.aop.framework.Advised.indexOf(org.aopalliance.aop.Advice)
- (3143 ms) - [DEBUG] 2018-12-30 19:24:56,755 org.springframework.aop.framework.CglibAopProxy - Method is declared on Advised interface: public abstract boolean org.springframework.aop.framework.Advised.isFrozen()
- (3144 ms) - [DEBUG] 2018-12-30 19:24:56,756 org.springframework.aop.framework.CglibAopProxy - Method is declared on Advised interface: public abstract org.springframework.aop.Advisor[] org.springframework.aop.framework.Advised.getAdvisors()
- (3144 ms) - [DEBUG] 2018-12-30 19:24:56,756 org.springframework.aop.framework.CglibAopProxy - Method is declared on Advised interface: public abstract org.springframework.aop.TargetSource org.springframework.aop.framework.Advised.getTargetSource()
- (3145 ms) - [DEBUG] 2018-12-30 19:24:56,757 org.springframework.aop.framework.CglibAopProxy - Method is declared on Advised interface: public abstract void org.springframework.aop.framework.Advised.addAdvisor(org.springframework.aop.Advisor) throws org.springframework.aop.framework.AopConfigException
- (3145 ms) - [DEBUG] 2018-12-30 19:24:56,757 org.springframework.aop.framework.CglibAopProxy - Method is declared on Advised interface: public abstract void org.springframework.aop.framework.Advised.addAdvisor(int,org.springframework.aop.Advisor) throws org.springframework.aop.framework.AopConfigException
- (3145 ms) - [DEBUG] 2018-12-30 19:24:56,757 org.springframework.aop.framework.CglibAopProxy - Method is declared on Advised interface: public abstract void org.springframework.aop.framework.Advised.setExposeProxy(boolean)
- (3145 ms) - [DEBUG] 2018-12-30 19:24:56,757 org.springframework.aop.framework.CglibAopProxy - Method is declared on Advised interface: public abstract boolean org.springframework.aop.framework.Advised.isExposeProxy()
- (3145 ms) - [DEBUG] 2018-12-30 19:24:56,757 org.springframework.aop.framework.CglibAopProxy - Method is declared on Advised interface: public abstract void org.springframework.aop.framework.Advised.setPreFiltered(boolean)
- (3146 ms) - [DEBUG] 2018-12-30 19:24:56,758 org.springframework.aop.framework.CglibAopProxy - Method is declared on Advised interface: public abstract void org.springframework.aop.framework.Advised.addAdvice(int,org.aopalliance.aop.Advice) throws org.springframework.aop.framework.AopConfigException
- (3146 ms) - [DEBUG] 2018-12-30 19:24:56,758 org.springframework.aop.framework.CglibAopProxy - Method is declared on Advised interface: public abstract void org.springframework.aop.framework.Advised.addAdvice(org.aopalliance.aop.Advice) throws org.springframework.aop.framework.AopConfigException
- (3146 ms) - [DEBUG] 2018-12-30 19:24:56,758 org.springframework.aop.framework.CglibAopProxy - Method is declared on Advised interface: public abstract boolean org.springframework.aop.framework.Advised.removeAdvice(org.aopalliance.aop.Advice)
- (3146 ms) - [DEBUG] 2018-12-30 19:24:56,758 org.springframework.aop.framework.CglibAopProxy - Method is declared on Advised interface: public abstract void org.springframework.aop.framework.Advised.removeAdvisor(int) throws org.springframework.aop.framework.AopConfigException
- (3146 ms) - [DEBUG] 2018-12-30 19:24:56,758 org.springframework.aop.framework.CglibAopProxy - Method is declared on Advised interface: public abstract boolean org.springframework.aop.framework.Advised.removeAdvisor(org.springframework.aop.Advisor)
- (3147 ms) - [DEBUG] 2018-12-30 19:24:56,759 org.springframework.aop.framework.CglibAopProxy - Method is declared on Advised interface: public abstract boolean org.springframework.aop.framework.Advised.isPreFiltered()
- (3147 ms) - [DEBUG] 2018-12-30 19:24:56,759 org.springframework.aop.framework.CglibAopProxy - Method is declared on Advised interface: public abstract boolean org.springframework.aop.framework.Advised.replaceAdvisor(org.springframework.aop.Advisor,org.springframework.aop.Advisor) throws org.springframework.aop.framework.AopConfigException
- (3147 ms) - [DEBUG] 2018-12-30 19:24:56,759 org.springframework.aop.framework.CglibAopProxy - Method is declared on Advised interface: public abstract void org.springframework.aop.framework.Advised.setTargetSource(org.springframework.aop.TargetSource)
- (3147 ms) - [DEBUG] 2018-12-30 19:24:56,759 org.springframework.aop.framework.CglibAopProxy - Method is declared on Advised interface: public abstract boolean org.springframework.aop.framework.Advised.isProxyTargetClass()
- (3147 ms) - [DEBUG] 2018-12-30 19:24:56,759 org.springframework.aop.framework.CglibAopProxy - Method is declared on Advised interface: public abstract java.lang.String org.springframework.aop.framework.Advised.toProxyConfigString()
- (3147 ms) - [DEBUG] 2018-12-30 19:24:56,759 org.springframework.aop.framework.CglibAopProxy - Method is declared on Advised interface: public abstract java.lang.Class[] org.springframework.aop.framework.Advised.getProxiedInterfaces()
- (3147 ms) - [DEBUG] 2018-12-30 19:24:56,759 org.springframework.aop.framework.CglibAopProxy - Method is declared on Advised interface: public abstract boolean org.springframework.aop.framework.Advised.isInterfaceProxied(java.lang.Class)
- (3148 ms) - [DEBUG] 2018-12-30 19:24:56,760 org.springframework.aop.framework.CglibAopProxy - Method is declared on Advised interface: public abstract java.lang.Class org.springframework.aop.TargetClassAware.getTargetClass()
- (3155 ms) - [DEBUG] 2018-12-30 19:24:56,767 org.springframework.beans.factory.support.DefaultListableBeanFactory - Finished creating instance of bean 'itripLabelDicServiceImpl'
- (3156 ms) - [DEBUG] 2018-12-30 19:24:56,768 org.springframework.beans.factory.support.DefaultListableBeanFactory - Creating shared instance of singleton bean 'itripUserServiceImpl'
- (3156 ms) - [DEBUG] 2018-12-30 19:24:56,768 org.springframework.beans.factory.support.DefaultListableBeanFactory - Creating instance of bean 'itripUserServiceImpl'
- (3157 ms) - [DEBUG] 2018-12-30 19:24:56,769 org.springframework.beans.factory.support.DefaultListableBeanFactory - Returning cached instance of singleton bean 'org.springframework.aop.support.DefaultBeanFactoryPointcutAdvisor#0'
- (3157 ms) - [DEBUG] 2018-12-30 19:24:56,769 org.springframework.beans.factory.annotation.InjectionMetadata - Registered injected element on class [cn.itrip.service.user.ItripUserServiceImpl]: ResourceElement for private cn.itrip.dao.user.ItripUserMapper cn.itrip.service.user.ItripUserServiceImpl.itripUserMapper
- (3157 ms) - [DEBUG] 2018-12-30 19:24:56,769 org.springframework.beans.factory.support.DefaultListableBeanFactory - Eagerly caching bean 'itripUserServiceImpl' to allow for resolving potential circular references
- (3160 ms) - [DEBUG] 2018-12-30 19:24:56,772 org.springframework.beans.factory.annotation.InjectionMetadata - Processing injected element of bean 'itripUserServiceImpl': ResourceElement for private cn.itrip.dao.user.ItripUserMapper cn.itrip.service.user.ItripUserServiceImpl.itripUserMapper
- (3160 ms) - [DEBUG] 2018-12-30 19:24:56,772 org.springframework.beans.factory.support.DefaultListableBeanFactory - Returning cached instance of singleton bean 'itripUserMapper'
- (3162 ms) - [DEBUG] 2018-12-30 19:24:56,774 org.springframework.beans.factory.support.DefaultListableBeanFactory - Returning cached instance of singleton bean 'org.springframework.aop.support.DefaultBeanFactoryPointcutAdvisor#0'
- (3162 ms) - [DEBUG] 2018-12-30 19:24:56,774 org.springframework.beans.factory.support.DefaultListableBeanFactory - Returning cached instance of singleton bean 'org.springframework.aop.support.DefaultBeanFactoryPointcutAdvisor#0'
- (3165 ms) - [DEBUG] 2018-12-30 19:24:56,777 org.springframework.beans.factory.support.DefaultListableBeanFactory - Returning cached instance of singleton bean 'org.springframework.aop.support.DefaultBeanFactoryPointcutAdvisor#0'
- (3165 ms) - [DEBUG] 2018-12-30 19:24:56,777 org.springframework.beans.factory.support.DefaultListableBeanFactory - Returning cached instance of singleton bean 'org.springframework.aop.support.DefaultBeanFactoryPointcutAdvisor#0'
- (3166 ms) - [DEBUG] 2018-12-30 19:24:56,778 org.springframework.aop.aspectj.annotation.AnnotationAwareAspectJAutoProxyCreator - Creating implicit proxy for bean 'itripUserServiceImpl' with 0 common interceptors and 2 specific interceptors
- (3166 ms) - [DEBUG] 2018-12-30 19:24:56,778 org.springframework.aop.framework.CglibAopProxy - Creating CGLIB proxy: target source is SingletonTargetSource for target object [cn.itrip.service.user.ItripUserServiceImpl@55dfebeb]
- (3167 ms) - [DEBUG] 2018-12-30 19:24:56,779 org.springframework.aop.framework.CglibAopProxy - Unable to apply any optimisations to advised method: public cn.itrip.beans.pojo.ItripUser cn.itrip.service.user.ItripUserServiceImpl.getItripUserById(java.lang.Long) throws java.lang.Exception
- (3168 ms) - [DEBUG] 2018-12-30 19:24:56,780 org.springframework.aop.framework.CglibAopProxy - Unable to apply any optimisations to advised method: public java.lang.Integer cn.itrip.service.user.ItripUserServiceImpl.getItripUserCountByMap(java.util.Map) throws java.lang.Exception
- (3168 ms) - [DEBUG] 2018-12-30 19:24:56,780 org.springframework.aop.framework.CglibAopProxy - Unable to apply any optimisations to advised method: public java.lang.Integer cn.itrip.service.user.ItripUserServiceImpl.itriptxModifyItripUser(cn.itrip.beans.pojo.ItripUser) throws java.lang.Exception
- (3169 ms) - [DEBUG] 2018-12-30 19:24:56,781 org.springframework.aop.framework.CglibAopProxy - Unable to apply any optimisations to advised method: public java.lang.Integer cn.itrip.service.user.ItripUserServiceImpl.itriptxAddItripUser(cn.itrip.beans.pojo.ItripUser) throws java.lang.Exception
- (3170 ms) - [DEBUG] 2018-12-30 19:24:56,782 org.springframework.aop.framework.CglibAopProxy - Unable to apply any optimisations to advised method: public java.util.List cn.itrip.service.user.ItripUserServiceImpl.getItripUserListByMap(java.util.Map) throws java.lang.Exception
- (3170 ms) - [DEBUG] 2018-12-30 19:24:56,782 org.springframework.aop.framework.CglibAopProxy - Unable to apply any optimisations to advised method: public java.lang.Integer cn.itrip.service.user.ItripUserServiceImpl.itriptxDeleteItripUserById(java.lang.Long) throws java.lang.Exception
- (3170 ms) - [DEBUG] 2018-12-30 19:24:56,782 org.springframework.aop.framework.CglibAopProxy - Unable to apply any optimisations to advised method: public cn.itrip.common.Page cn.itrip.service.user.ItripUserServiceImpl.queryItripUserPageByMap(java.util.Map,java.lang.Integer,java.lang.Integer) throws java.lang.Exception
- (3171 ms) - [DEBUG] 2018-12-30 19:24:56,783 org.springframework.aop.framework.CglibAopProxy - Found finalize() method - using NO_OVERRIDE
- (3171 ms) - [DEBUG] 2018-12-30 19:24:56,783 org.springframework.aop.framework.CglibAopProxy - Found 'equals' method: public boolean java.lang.Object.equals(java.lang.Object)
- (3171 ms) - [DEBUG] 2018-12-30 19:24:56,783 org.springframework.aop.framework.CglibAopProxy - Unable to apply any optimisations to advised method: public java.lang.String java.lang.Object.toString()
- (3171 ms) - [DEBUG] 2018-12-30 19:24:56,783 org.springframework.aop.framework.CglibAopProxy - Found 'hashCode' method: public native int java.lang.Object.hashCode()
- (3172 ms) - [DEBUG] 2018-12-30 19:24:56,784 org.springframework.aop.framework.CglibAopProxy - Unable to apply any optimisations to advised method: protected native java.lang.Object java.lang.Object.clone() throws java.lang.CloneNotSupportedException
- (3172 ms) - [DEBUG] 2018-12-30 19:24:56,784 org.springframework.aop.framework.CglibAopProxy - Method is declared on Advised interface: public abstract int org.springframework.aop.framework.Advised.indexOf(org.springframework.aop.Advisor)
- (3172 ms) - [DEBUG] 2018-12-30 19:24:56,784 org.springframework.aop.framework.CglibAopProxy - Method is declared on Advised interface: public abstract int org.springframework.aop.framework.Advised.indexOf(org.aopalliance.aop.Advice)
- (3172 ms) - [DEBUG] 2018-12-30 19:24:56,784 org.springframework.aop.framework.CglibAopProxy - Method is declared on Advised interface: public abstract boolean org.springframework.aop.framework.Advised.isFrozen()
- (3172 ms) - [DEBUG] 2018-12-30 19:24:56,784 org.springframework.aop.framework.CglibAopProxy - Method is declared on Advised interface: public abstract org.springframework.aop.Advisor[] org.springframework.aop.framework.Advised.getAdvisors()
- (3172 ms) - [DEBUG] 2018-12-30 19:24:56,784 org.springframework.aop.framework.CglibAopProxy - Method is declared on Advised interface: public abstract org.springframework.aop.TargetSource org.springframework.aop.framework.Advised.getTargetSource()
- (3173 ms) - [DEBUG] 2018-12-30 19:24:56,785 org.springframework.aop.framework.CglibAopProxy - Method is declared on Advised interface: public abstract void org.springframework.aop.framework.Advised.addAdvisor(org.springframework.aop.Advisor) throws org.springframework.aop.framework.AopConfigException
- (3173 ms) - [DEBUG] 2018-12-30 19:24:56,785 org.springframework.aop.framework.CglibAopProxy - Method is declared on Advised interface: public abstract void org.springframework.aop.framework.Advised.addAdvisor(int,org.springframework.aop.Advisor) throws org.springframework.aop.framework.AopConfigException
- (3173 ms) - [DEBUG] 2018-12-30 19:24:56,785 org.springframework.aop.framework.CglibAopProxy - Method is declared on Advised interface: public abstract void org.springframework.aop.framework.Advised.setExposeProxy(boolean)
- (3173 ms) - [DEBUG] 2018-12-30 19:24:56,785 org.springframework.aop.framework.CglibAopProxy - Method is declared on Advised interface: public abstract boolean org.springframework.aop.framework.Advised.isExposeProxy()
- (3174 ms) - [DEBUG] 2018-12-30 19:24:56,786 org.springframework.aop.framework.CglibAopProxy - Method is declared on Advised interface: public abstract void org.springframework.aop.framework.Advised.setPreFiltered(boolean)
- (3174 ms) - [DEBUG] 2018-12-30 19:24:56,786 org.springframework.aop.framework.CglibAopProxy - Method is declared on Advised interface: public abstract void org.springframework.aop.framework.Advised.addAdvice(int,org.aopalliance.aop.Advice) throws org.springframework.aop.framework.AopConfigException
- (3174 ms) - [DEBUG] 2018-12-30 19:24:56,786 org.springframework.aop.framework.CglibAopProxy - Method is declared on Advised interface: public abstract void org.springframework.aop.framework.Advised.addAdvice(org.aopalliance.aop.Advice) throws org.springframework.aop.framework.AopConfigException
- (3174 ms) - [DEBUG] 2018-12-30 19:24:56,786 org.springframework.aop.framework.CglibAopProxy - Method is declared on Advised interface: public abstract boolean org.springframework.aop.framework.Advised.removeAdvice(org.aopalliance.aop.Advice)
- (3175 ms) - [DEBUG] 2018-12-30 19:24:56,787 org.springframework.aop.framework.CglibAopProxy - Method is declared on Advised interface: public abstract void org.springframework.aop.framework.Advised.removeAdvisor(int) throws org.springframework.aop.framework.AopConfigException
- (3178 ms) - [DEBUG] 2018-12-30 19:24:56,790 org.springframework.aop.framework.CglibAopProxy - Method is declared on Advised interface: public abstract boolean org.springframework.aop.framework.Advised.removeAdvisor(org.springframework.aop.Advisor)
- (3179 ms) - [DEBUG] 2018-12-30 19:24:56,791 org.springframework.aop.framework.CglibAopProxy - Method is declared on Advised interface: public abstract boolean org.springframework.aop.framework.Advised.isPreFiltered()
- (3179 ms) - [DEBUG] 2018-12-30 19:24:56,791 org.springframework.aop.framework.CglibAopProxy - Method is declared on Advised interface: public abstract boolean org.springframework.aop.framework.Advised.replaceAdvisor(org.springframework.aop.Advisor,org.springframework.aop.Advisor) throws org.springframework.aop.framework.AopConfigException
- (3179 ms) - [DEBUG] 2018-12-30 19:24:56,791 org.springframework.aop.framework.CglibAopProxy - Method is declared on Advised interface: public abstract void org.springframework.aop.framework.Advised.setTargetSource(org.springframework.aop.TargetSource)
- (3179 ms) - [DEBUG] 2018-12-30 19:24:56,791 org.springframework.aop.framework.CglibAopProxy - Method is declared on Advised interface: public abstract boolean org.springframework.aop.framework.Advised.isProxyTargetClass()
- (3180 ms) - [DEBUG] 2018-12-30 19:24:56,792 org.springframework.aop.framework.CglibAopProxy - Method is declared on Advised interface: public abstract java.lang.String org.springframework.aop.framework.Advised.toProxyConfigString()
- (3180 ms) - [DEBUG] 2018-12-30 19:24:56,792 org.springframework.aop.framework.CglibAopProxy - Method is declared on Advised interface: public abstract java.lang.Class[] org.springframework.aop.framework.Advised.getProxiedInterfaces()
- (3180 ms) - [DEBUG] 2018-12-30 19:24:56,792 org.springframework.aop.framework.CglibAopProxy - Method is declared on Advised interface: public abstract boolean org.springframework.aop.framework.Advised.isInterfaceProxied(java.lang.Class)
- (3180 ms) - [DEBUG] 2018-12-30 19:24:56,792 org.springframework.aop.framework.CglibAopProxy - Method is declared on Advised interface: public abstract java.lang.Class org.springframework.aop.TargetClassAware.getTargetClass()
- (3189 ms) - [DEBUG] 2018-12-30 19:24:56,801 org.springframework.beans.factory.support.DefaultListableBeanFactory - Finished creating instance of bean 'itripUserServiceImpl'
- (3189 ms) - [DEBUG] 2018-12-30 19:24:56,801 org.springframework.beans.factory.support.DefaultListableBeanFactory - Creating shared instance of singleton bean 'itripUserLinkUserServiceImpl'
- (3189 ms) - [DEBUG] 2018-12-30 19:24:56,801 org.springframework.beans.factory.support.DefaultListableBeanFactory - Creating instance of bean 'itripUserLinkUserServiceImpl'
- (3190 ms) - [DEBUG] 2018-12-30 19:24:56,802 org.springframework.beans.factory.support.DefaultListableBeanFactory - Returning cached instance of singleton bean 'org.springframework.aop.support.DefaultBeanFactoryPointcutAdvisor#0'
- (3190 ms) - [DEBUG] 2018-12-30 19:24:56,802 org.springframework.beans.factory.annotation.InjectionMetadata - Registered injected element on class [cn.itrip.service.userlinkuser.ItripUserLinkUserServiceImpl]: ResourceElement for private cn.itrip.dao.userlinkuser.ItripUserLinkUserMapper cn.itrip.service.userlinkuser.ItripUserLinkUserServiceImpl.itripUserLinkUserMapper
- (3191 ms) - [DEBUG] 2018-12-30 19:24:56,803 org.springframework.beans.factory.support.DefaultListableBeanFactory - Eagerly caching bean 'itripUserLinkUserServiceImpl' to allow for resolving potential circular references
- (3195 ms) - [DEBUG] 2018-12-30 19:24:56,807 org.springframework.beans.factory.annotation.InjectionMetadata - Processing injected element of bean 'itripUserLinkUserServiceImpl': ResourceElement for private cn.itrip.dao.userlinkuser.ItripUserLinkUserMapper cn.itrip.service.userlinkuser.ItripUserLinkUserServiceImpl.itripUserLinkUserMapper
- (3195 ms) - [DEBUG] 2018-12-30 19:24:56,807 org.springframework.beans.factory.support.DefaultListableBeanFactory - Returning cached instance of singleton bean 'itripUserLinkUserMapper'
- (3201 ms) - [DEBUG] 2018-12-30 19:24:56,813 org.springframework.beans.factory.support.DefaultListableBeanFactory - Returning cached instance of singleton bean 'org.springframework.aop.support.DefaultBeanFactoryPointcutAdvisor#0'
- (3201 ms) - [DEBUG] 2018-12-30 19:24:56,813 org.springframework.beans.factory.support.DefaultListableBeanFactory - Returning cached instance of singleton bean 'org.springframework.aop.support.DefaultBeanFactoryPointcutAdvisor#0'
- (3203 ms) - [DEBUG] 2018-12-30 19:24:56,815 org.springframework.beans.factory.support.DefaultListableBeanFactory - Returning cached instance of singleton bean 'org.springframework.aop.support.DefaultBeanFactoryPointcutAdvisor#0'
- (3204 ms) - [DEBUG] 2018-12-30 19:24:56,816 org.springframework.beans.factory.support.DefaultListableBeanFactory - Returning cached instance of singleton bean 'org.springframework.aop.support.DefaultBeanFactoryPointcutAdvisor#0'
- (3204 ms) - [DEBUG] 2018-12-30 19:24:56,816 org.springframework.aop.aspectj.annotation.AnnotationAwareAspectJAutoProxyCreator - Creating implicit proxy for bean 'itripUserLinkUserServiceImpl' with 0 common interceptors and 2 specific interceptors
- (3205 ms) - [DEBUG] 2018-12-30 19:24:56,817 org.springframework.aop.framework.CglibAopProxy - Creating CGLIB proxy: target source is SingletonTargetSource for target object [cn.itrip.service.userlinkuser.ItripUserLinkUserServiceImpl@1b73be9f]
- (3206 ms) - [DEBUG] 2018-12-30 19:24:56,818 org.springframework.aop.framework.CglibAopProxy - Unable to apply any optimisations to advised method: public cn.itrip.beans.pojo.ItripUserLinkUser cn.itrip.service.userlinkuser.ItripUserLinkUserServiceImpl.getItripUserLinkUserById(java.lang.Long) throws java.lang.Exception
- (3206 ms) - [DEBUG] 2018-12-30 19:24:56,818 org.springframework.aop.framework.CglibAopProxy - Unable to apply any optimisations to advised method: public java.util.List cn.itrip.service.userlinkuser.ItripUserLinkUserServiceImpl.getItripUserLinkUserListByMap(java.util.Map) throws java.lang.Exception
- (3206 ms) - [DEBUG] 2018-12-30 19:24:56,818 org.springframework.aop.framework.CglibAopProxy - Unable to apply any optimisations to advised method: public cn.itrip.common.Page cn.itrip.service.userlinkuser.ItripUserLinkUserServiceImpl.queryItripUserLinkUserPageByMap(java.util.Map,java.lang.Integer,java.lang.Integer) throws java.lang.Exception
- (3207 ms) - [DEBUG] 2018-12-30 19:24:56,819 org.springframework.aop.framework.CglibAopProxy - Unable to apply any optimisations to advised method: public java.lang.Integer cn.itrip.service.userlinkuser.ItripUserLinkUserServiceImpl.deleteItripUserLinkUserByIds(java.lang.Long[]) throws java.lang.Exception
- (3207 ms) - [DEBUG] 2018-12-30 19:24:56,819 org.springframework.aop.framework.CglibAopProxy - Unable to apply any optimisations to advised method: public java.lang.Integer cn.itrip.service.userlinkuser.ItripUserLinkUserServiceImpl.addItripUserLinkUser(cn.itrip.beans.pojo.ItripUserLinkUser) throws java.lang.Exception
- (3207 ms) - [DEBUG] 2018-12-30 19:24:56,819 org.springframework.aop.framework.CglibAopProxy - Unable to apply any optimisations to advised method: public java.lang.Integer cn.itrip.service.userlinkuser.ItripUserLinkUserServiceImpl.modifyItripUserLinkUser(cn.itrip.beans.pojo.ItripUserLinkUser) throws java.lang.Exception
- (3208 ms) - [DEBUG] 2018-12-30 19:24:56,820 org.springframework.aop.framework.CglibAopProxy - Unable to apply any optimisations to advised method: public java.util.List cn.itrip.service.userlinkuser.ItripUserLinkUserServiceImpl.getItripUserLinkUserByUserId(java.lang.Long) throws java.lang.Exception
- (3208 ms) - [DEBUG] 2018-12-30 19:24:56,820 org.springframework.aop.framework.CglibAopProxy - Unable to apply any optimisations to advised method: public java.lang.Integer cn.itrip.service.userlinkuser.ItripUserLinkUserServiceImpl.getItripUserLinkUserCountByMap(java.util.Map) throws java.lang.Exception
- (3208 ms) - [DEBUG] 2018-12-30 19:24:56,820 org.springframework.aop.framework.CglibAopProxy - Found finalize() method - using NO_OVERRIDE
- (3208 ms) - [DEBUG] 2018-12-30 19:24:56,820 org.springframework.aop.framework.CglibAopProxy - Found 'equals' method: public boolean java.lang.Object.equals(java.lang.Object)
- (3210 ms) - [DEBUG] 2018-12-30 19:24:56,822 org.springframework.aop.framework.CglibAopProxy - Unable to apply any optimisations to advised method: public java.lang.String java.lang.Object.toString()
- (3210 ms) - [DEBUG] 2018-12-30 19:24:56,822 org.springframework.aop.framework.CglibAopProxy - Found 'hashCode' method: public native int java.lang.Object.hashCode()
- (3210 ms) - [DEBUG] 2018-12-30 19:24:56,822 org.springframework.aop.framework.CglibAopProxy - Unable to apply any optimisations to advised method: protected native java.lang.Object java.lang.Object.clone() throws java.lang.CloneNotSupportedException
- (3211 ms) - [DEBUG] 2018-12-30 19:24:56,823 org.springframework.aop.framework.CglibAopProxy - Method is declared on Advised interface: public abstract int org.springframework.aop.framework.Advised.indexOf(org.springframework.aop.Advisor)
- (3211 ms) - [DEBUG] 2018-12-30 19:24:56,823 org.springframework.aop.framework.CglibAopProxy - Method is declared on Advised interface: public abstract int org.springframework.aop.framework.Advised.indexOf(org.aopalliance.aop.Advice)
- (3211 ms) - [DEBUG] 2018-12-30 19:24:56,823 org.springframework.aop.framework.CglibAopProxy - Method is declared on Advised interface: public abstract boolean org.springframework.aop.framework.Advised.isFrozen()
- (3212 ms) - [DEBUG] 2018-12-30 19:24:56,824 org.springframework.aop.framework.CglibAopProxy - Method is declared on Advised interface: public abstract org.springframework.aop.Advisor[] org.springframework.aop.framework.Advised.getAdvisors()
- (3213 ms) - [DEBUG] 2018-12-30 19:24:56,825 org.springframework.aop.framework.CglibAopProxy - Method is declared on Advised interface: public abstract org.springframework.aop.TargetSource org.springframework.aop.framework.Advised.getTargetSource()
- (3213 ms) - [DEBUG] 2018-12-30 19:24:56,825 org.springframework.aop.framework.CglibAopProxy - Method is declared on Advised interface: public abstract void org.springframework.aop.framework.Advised.addAdvisor(org.springframework.aop.Advisor) throws org.springframework.aop.framework.AopConfigException
- (3213 ms) - [DEBUG] 2018-12-30 19:24:56,825 org.springframework.aop.framework.CglibAopProxy - Method is declared on Advised interface: public abstract void org.springframework.aop.framework.Advised.addAdvisor(int,org.springframework.aop.Advisor) throws org.springframework.aop.framework.AopConfigException
- (3213 ms) - [DEBUG] 2018-12-30 19:24:56,825 org.springframework.aop.framework.CglibAopProxy - Method is declared on Advised interface: public abstract void org.springframework.aop.framework.Advised.setExposeProxy(boolean)
- (3214 ms) - [DEBUG] 2018-12-30 19:24:56,826 org.springframework.aop.framework.CglibAopProxy - Method is declared on Advised interface: public abstract boolean org.springframework.aop.framework.Advised.isExposeProxy()
- (3214 ms) - [DEBUG] 2018-12-30 19:24:56,826 org.springframework.aop.framework.CglibAopProxy - Method is declared on Advised interface: public abstract void org.springframework.aop.framework.Advised.setPreFiltered(boolean)
- (3214 ms) - [DEBUG] 2018-12-30 19:24:56,826 org.springframework.aop.framework.CglibAopProxy - Method is declared on Advised interface: public abstract void org.springframework.aop.framework.Advised.addAdvice(int,org.aopalliance.aop.Advice) throws org.springframework.aop.framework.AopConfigException
- (3214 ms) - [DEBUG] 2018-12-30 19:24:56,826 org.springframework.aop.framework.CglibAopProxy - Method is declared on Advised interface: public abstract void org.springframework.aop.framework.Advised.addAdvice(org.aopalliance.aop.Advice) throws org.springframework.aop.framework.AopConfigException
- (3214 ms) - [DEBUG] 2018-12-30 19:24:56,826 org.springframework.aop.framework.CglibAopProxy - Method is declared on Advised interface: public abstract boolean org.springframework.aop.framework.Advised.removeAdvice(org.aopalliance.aop.Advice)
- (3214 ms) - [DEBUG] 2018-12-30 19:24:56,826 org.springframework.aop.framework.CglibAopProxy - Method is declared on Advised interface: public abstract void org.springframework.aop.framework.Advised.removeAdvisor(int) throws org.springframework.aop.framework.AopConfigException
- (3215 ms) - [DEBUG] 2018-12-30 19:24:56,827 org.springframework.aop.framework.CglibAopProxy - Method is declared on Advised interface: public abstract boolean org.springframework.aop.framework.Advised.removeAdvisor(org.springframework.aop.Advisor)
- (3215 ms) - [DEBUG] 2018-12-30 19:24:56,827 org.springframework.aop.framework.CglibAopProxy - Method is declared on Advised interface: public abstract boolean org.springframework.aop.framework.Advised.isPreFiltered()
- (3215 ms) - [DEBUG] 2018-12-30 19:24:56,827 org.springframework.aop.framework.CglibAopProxy - Method is declared on Advised interface: public abstract boolean org.springframework.aop.framework.Advised.replaceAdvisor(org.springframework.aop.Advisor,org.springframework.aop.Advisor) throws org.springframework.aop.framework.AopConfigException
- (3215 ms) - [DEBUG] 2018-12-30 19:24:56,827 org.springframework.aop.framework.CglibAopProxy - Method is declared on Advised interface: public abstract void org.springframework.aop.framework.Advised.setTargetSource(org.springframework.aop.TargetSource)
- (3215 ms) - [DEBUG] 2018-12-30 19:24:56,827 org.springframework.aop.framework.CglibAopProxy - Method is declared on Advised interface: public abstract boolean org.springframework.aop.framework.Advised.isProxyTargetClass()
- (3216 ms) - [DEBUG] 2018-12-30 19:24:56,828 org.springframework.aop.framework.CglibAopProxy - Method is declared on Advised interface: public abstract java.lang.String org.springframework.aop.framework.Advised.toProxyConfigString()
- (3216 ms) - [DEBUG] 2018-12-30 19:24:56,828 org.springframework.aop.framework.CglibAopProxy - Method is declared on Advised interface: public abstract java.lang.Class[] org.springframework.aop.framework.Advised.getProxiedInterfaces()
- (3216 ms) - [DEBUG] 2018-12-30 19:24:56,828 org.springframework.aop.framework.CglibAopProxy - Method is declared on Advised interface: public abstract boolean org.springframework.aop.framework.Advised.isInterfaceProxied(java.lang.Class)
- (3217 ms) - [DEBUG] 2018-12-30 19:24:56,829 org.springframework.aop.framework.CglibAopProxy - Method is declared on Advised interface: public abstract java.lang.Class org.springframework.aop.TargetClassAware.getTargetClass()
- (3224 ms) - [DEBUG] 2018-12-30 19:24:56,836 org.springframework.beans.factory.support.DefaultListableBeanFactory - Finished creating instance of bean 'itripUserLinkUserServiceImpl'
- (3224 ms) - [DEBUG] 2018-12-30 19:24:56,836 org.springframework.beans.factory.support.DefaultListableBeanFactory - Returning cached instance of singleton bean 'org.springframework.context.annotation.internalConfigurationAnnotationProcessor'
- (3224 ms) - [DEBUG] 2018-12-30 19:24:56,836 org.springframework.beans.factory.support.DefaultListableBeanFactory - Returning cached instance of singleton bean 'org.springframework.context.annotation.internalAutowiredAnnotationProcessor'
- (3224 ms) - [DEBUG] 2018-12-30 19:24:56,836 org.springframework.beans.factory.support.DefaultListableBeanFactory - Returning cached instance of singleton bean 'org.springframework.context.annotation.internalRequiredAnnotationProcessor'
- (3224 ms) - [DEBUG] 2018-12-30 19:24:56,836 org.springframework.beans.factory.support.DefaultListableBeanFactory - Returning cached instance of singleton bean 'org.springframework.context.annotation.internalCommonAnnotationProcessor'
- (3224 ms) - [DEBUG] 2018-12-30 19:24:56,836 org.springframework.beans.factory.support.DefaultListableBeanFactory - Returning cached instance of singleton bean 'org.springframework.context.support.PropertySourcesPlaceholderConfigurer#0'
- (3225 ms) - [DEBUG] 2018-12-30 19:24:56,837 org.springframework.beans.factory.support.DefaultListableBeanFactory - Returning cached instance of singleton bean 'dataSource'
- (3225 ms) - [DEBUG] 2018-12-30 19:24:56,837 org.springframework.beans.factory.support.DefaultListableBeanFactory - Returning cached instance of singleton bean 'txManager'
- (3225 ms) - [DEBUG] 2018-12-30 19:24:56,837 org.springframework.beans.factory.support.DefaultListableBeanFactory - Returning cached instance of singleton bean 'sqlSessionFactoryBean'
- (3226 ms) - [DEBUG] 2018-12-30 19:24:56,838 org.springframework.beans.factory.support.DefaultListableBeanFactory - Returning cached instance of singleton bean 'org.springframework.aop.config.internalAutoProxyCreator'
- (3226 ms) - [DEBUG] 2018-12-30 19:24:56,838 org.springframework.beans.factory.support.DefaultListableBeanFactory - Returning cached instance of singleton bean 'org.springframework.aop.support.DefaultBeanFactoryPointcutAdvisor#0'
- (3226 ms) - [DEBUG] 2018-12-30 19:24:56,838 org.springframework.beans.factory.support.DefaultListableBeanFactory - Returning cached instance of singleton bean 'myAdvice'
- (3226 ms) - [DEBUG] 2018-12-30 19:24:56,838 org.springframework.beans.factory.support.DefaultListableBeanFactory - Returning cached instance of singleton bean 'org.mybatis.spring.mapper.MapperScannerConfigurer#0'
- (3226 ms) - [DEBUG] 2018-12-30 19:24:56,838 org.springframework.beans.factory.support.DefaultListableBeanFactory - Creating shared instance of singleton bean 'jedisPoolConfig'
- (3227 ms) - [DEBUG] 2018-12-30 19:24:56,839 org.springframework.beans.factory.support.DefaultListableBeanFactory - Creating instance of bean 'jedisPoolConfig'
- (3227 ms) - [DEBUG] 2018-12-30 19:24:56,839 org.springframework.beans.factory.support.DefaultListableBeanFactory - Returning cached instance of singleton bean 'org.springframework.aop.support.DefaultBeanFactoryPointcutAdvisor#0'
- (3228 ms) - [DEBUG] 2018-12-30 19:24:56,840 org.springframework.beans.factory.support.DefaultListableBeanFactory - Eagerly caching bean 'jedisPoolConfig' to allow for resolving potential circular references
- (3232 ms) - [DEBUG] 2018-12-30 19:24:56,844 org.springframework.beans.factory.support.DefaultListableBeanFactory - Returning cached instance of singleton bean 'org.springframework.aop.support.DefaultBeanFactoryPointcutAdvisor#0'
- (3233 ms) - [DEBUG] 2018-12-30 19:24:56,845 org.springframework.beans.factory.support.DefaultListableBeanFactory - Returning cached instance of singleton bean 'org.springframework.aop.support.DefaultBeanFactoryPointcutAdvisor#0'
- (3234 ms) - [DEBUG] 2018-12-30 19:24:56,846 org.springframework.beans.factory.support.DefaultListableBeanFactory - Finished creating instance of bean 'jedisPoolConfig'
- (3234 ms) - [DEBUG] 2018-12-30 19:24:56,846 org.springframework.beans.factory.support.DefaultListableBeanFactory - Creating shared instance of singleton bean 'jedisPool'
- (3234 ms) - [DEBUG] 2018-12-30 19:24:56,846 org.springframework.beans.factory.support.DefaultListableBeanFactory - Creating instance of bean 'jedisPool'
- (3234 ms) - [DEBUG] 2018-12-30 19:24:56,846 org.springframework.beans.factory.support.DefaultListableBeanFactory - Returning cached instance of singleton bean 'org.springframework.aop.support.DefaultBeanFactoryPointcutAdvisor#0'
- (3242 ms) - [DEBUG] 2018-12-30 19:24:56,854 org.springframework.beans.factory.support.DefaultListableBeanFactory - Returning cached instance of singleton bean 'jedisPoolConfig'
- (3257 ms) - [DEBUG] 2018-12-30 19:24:56,869 org.springframework.beans.factory.support.DefaultListableBeanFactory - Eagerly caching bean 'jedisPool' to allow for resolving potential circular references
- (3266 ms) - [DEBUG] 2018-12-30 19:24:56,878 org.springframework.beans.factory.support.DefaultListableBeanFactory - Returning cached instance of singleton bean 'org.springframework.aop.support.DefaultBeanFactoryPointcutAdvisor#0'
- (3267 ms) - [DEBUG] 2018-12-30 19:24:56,879 org.springframework.beans.factory.support.DefaultListableBeanFactory - Returning cached instance of singleton bean 'org.springframework.aop.support.DefaultBeanFactoryPointcutAdvisor#0'
- (3276 ms) - [DEBUG] 2018-12-30 19:24:56,888 org.springframework.beans.factory.support.DefaultListableBeanFactory - Finished creating instance of bean 'jedisPool'
- (3276 ms) - [DEBUG] 2018-12-30 19:24:56,888 org.springframework.beans.factory.support.DefaultListableBeanFactory - Creating shared instance of singleton bean 'redisAPI'
- (3276 ms) - [DEBUG] 2018-12-30 19:24:56,888 org.springframework.beans.factory.support.DefaultListableBeanFactory - Creating instance of bean 'redisAPI'
- (3277 ms) - [DEBUG] 2018-12-30 19:24:56,889 org.springframework.beans.factory.support.DefaultListableBeanFactory - Returning cached instance of singleton bean 'org.springframework.aop.support.DefaultBeanFactoryPointcutAdvisor#0'
- (3278 ms) - [DEBUG] 2018-12-30 19:24:56,890 org.springframework.beans.factory.support.DefaultListableBeanFactory - Eagerly caching bean 'redisAPI' to allow for resolving potential circular references
- (3284 ms) - [DEBUG] 2018-12-30 19:24:56,896 org.springframework.beans.factory.support.DefaultListableBeanFactory - Returning cached instance of singleton bean 'jedisPool'
- (3286 ms) - [DEBUG] 2018-12-30 19:24:56,898 org.springframework.beans.factory.support.DefaultListableBeanFactory - Returning cached instance of singleton bean 'org.springframework.aop.support.DefaultBeanFactoryPointcutAdvisor#0'
- (3287 ms) - [DEBUG] 2018-12-30 19:24:56,899 org.springframework.beans.factory.support.DefaultListableBeanFactory - Returning cached instance of singleton bean 'org.springframework.aop.support.DefaultBeanFactoryPointcutAdvisor#0'
- (3289 ms) - [DEBUG] 2018-12-30 19:24:56,901 org.springframework.beans.factory.support.DefaultListableBeanFactory - Finished creating instance of bean 'redisAPI'
- (3290 ms) - [DEBUG] 2018-12-30 19:24:56,902 org.springframework.beans.factory.support.DefaultListableBeanFactory - Creating shared instance of singleton bean 'validationToken'
- (3290 ms) - [DEBUG] 2018-12-30 19:24:56,902 org.springframework.beans.factory.support.DefaultListableBeanFactory - Creating instance of bean 'validationToken'
- (3290 ms) - [DEBUG] 2018-12-30 19:24:56,902 org.springframework.beans.factory.support.DefaultListableBeanFactory - Returning cached instance of singleton bean 'org.springframework.aop.support.DefaultBeanFactoryPointcutAdvisor#0'
- (3290 ms) - [DEBUG] 2018-12-30 19:24:56,902 org.springframework.beans.factory.support.DefaultListableBeanFactory - Eagerly caching bean 'validationToken' to allow for resolving potential circular references
- (3292 ms) - [DEBUG] 2018-12-30 19:24:56,904 org.springframework.beans.factory.support.DefaultListableBeanFactory - Returning cached instance of singleton bean 'redisAPI'
- (3293 ms) - [DEBUG] 2018-12-30 19:24:56,905 org.springframework.beans.factory.support.DefaultListableBeanFactory - Returning cached instance of singleton bean 'org.springframework.aop.support.DefaultBeanFactoryPointcutAdvisor#0'
- (3293 ms) - [DEBUG] 2018-12-30 19:24:56,905 org.springframework.beans.factory.support.DefaultListableBeanFactory - Returning cached instance of singleton bean 'org.springframework.aop.support.DefaultBeanFactoryPointcutAdvisor#0'
- (3293 ms) - [DEBUG] 2018-12-30 19:24:56,905 org.springframework.beans.factory.support.DefaultListableBeanFactory - Finished creating instance of bean 'validationToken'
- (3293 ms) - [DEBUG] 2018-12-30 19:24:56,905 org.springframework.beans.factory.support.DefaultListableBeanFactory - Returning cached instance of singleton bean 'org.springframework.context.annotation.ConfigurationClassPostProcessor.importAwareProcessor'
- (3294 ms) - [DEBUG] 2018-12-30 19:24:56,906 org.springframework.beans.factory.support.DefaultListableBeanFactory - Returning cached instance of singleton bean 'org.springframework.context.annotation.ConfigurationClassPostProcessor.enhancedConfigurationProcessor'
- (3294 ms) - [DEBUG] 2018-12-30 19:24:56,906 org.springframework.beans.factory.support.DefaultListableBeanFactory - Returning cached instance of singleton bean 'itripHotMapper'
- (3294 ms) - [DEBUG] 2018-12-30 19:24:56,906 org.springframework.beans.factory.support.DefaultListableBeanFactory - Returning cached instance of singleton bean 'itripAreaDicMapper'
- (3294 ms) - [DEBUG] 2018-12-30 19:24:56,906 org.springframework.beans.factory.support.DefaultListableBeanFactory - Returning cached instance of singleton bean 'itripCommentMapper'
- (3294 ms) - [DEBUG] 2018-12-30 19:24:56,906 org.springframework.beans.factory.support.DefaultListableBeanFactory - Returning cached instance of singleton bean 'itripHotelMapper'
- (3294 ms) - [DEBUG] 2018-12-30 19:24:56,906 org.springframework.beans.factory.support.DefaultListableBeanFactory - Returning cached instance of singleton bean 'itripHotelOrderMapper'
- (3295 ms) - [DEBUG] 2018-12-30 19:24:56,907 org.springframework.beans.factory.support.DefaultListableBeanFactory - Returning cached instance of singleton bean 'itripImageMapper'
- (3295 ms) - [DEBUG] 2018-12-30 19:24:56,907 org.springframework.beans.factory.support.DefaultListableBeanFactory - Returning cached instance of singleton bean 'itripLabelMapper'
- (3295 ms) - [DEBUG] 2018-12-30 19:24:56,907 org.springframework.beans.factory.support.DefaultListableBeanFactory - Returning cached instance of singleton bean 'itripLabelDicMapper'
- (3295 ms) - [DEBUG] 2018-12-30 19:24:56,907 org.springframework.beans.factory.support.DefaultListableBeanFactory - Returning cached instance of singleton bean 'itripUserMapper'
- (3295 ms) - [DEBUG] 2018-12-30 19:24:56,907 org.springframework.beans.factory.support.DefaultListableBeanFactory - Returning cached instance of singleton bean 'itripUserLinkUserMapper'
- (3299 ms) - [DEBUG] 2018-12-30 19:24:56,911 org.springframework.context.support.GenericApplicationContext - Unable to locate LifecycleProcessor with name 'lifecycleProcessor': using default [org.springframework.context.support.DefaultLifecycleProcessor@340b9973]
- (3299 ms) - [DEBUG] 2018-12-30 19:24:56,911 org.springframework.beans.factory.support.DefaultListableBeanFactory - Returning cached instance of singleton bean 'lifecycleProcessor'
- (3301 ms) - [DEBUG] 2018-12-30 19:24:56,913 org.springframework.beans.factory.support.DefaultListableBeanFactory - Returning cached instance of singleton bean 'sqlSessionFactoryBean'
- (3303 ms) - [DEBUG] 2018-12-30 19:24:56,915 org.springframework.core.env.PropertySourcesPropertyResolver - Searching for key 'spring.liveBeansView.mbeanDomain' in [systemProperties]
- (3303 ms) - [DEBUG] 2018-12-30 19:24:56,915 org.springframework.core.env.PropertySourcesPropertyResolver - Searching for key 'spring.liveBeansView.mbeanDomain' in [systemEnvironment]
- (3303 ms) - [DEBUG] 2018-12-30 19:24:56,915 org.springframework.core.env.PropertySourcesPropertyResolver - Could not find key 'spring.liveBeansView.mbeanDomain' in any property source. Returning [null]
- (3303 ms) - [DEBUG] 2018-12-30 19:24:56,915 org.springframework.test.context.DefaultCacheAwareContextLoaderDelegate - Storing ApplicationContext in cache under key [[MergedContextConfiguration@6c49835d testClass = TestUserInfoController, locations = '{classpath:/applicationContext-mybatis.xml}', classes = '{}', contextInitializerClasses = '[]', activeProfiles = '{}', propertySourceLocations = '{}', propertySourceProperties = '{}', contextLoader = 'org.springframework.test.context.support.DelegatingSmartContextLoader', parent = [null]]]
- (3304 ms) - [DEBUG] 2018-12-30 19:24:56,916 org.springframework.test.context.cache - Spring test ApplicationContext cache statistics: [ContextCache@3b00856b size = 1, hitCount = 0, missCount = 1, parentContextCount = 0]
- (3306 ms) - [DEBUG] 2018-12-30 19:24:56,918 org.springframework.beans.factory.annotation.InjectionMetadata - Processing injected element of bean 'cn.itrip.controller.user.TestUserInfoController': ResourceElement for private cn.itrip.common.ValidationToken cn.itrip.controller.user.TestUserInfoController.validationToken
- (3306 ms) - [DEBUG] 2018-12-30 19:24:56,918 org.springframework.beans.factory.support.DefaultListableBeanFactory - Returning cached instance of singleton bean 'validationToken'
- (3306 ms) - [DEBUG] 2018-12-30 19:24:56,918 org.springframework.beans.factory.annotation.InjectionMetadata - Processing injected element of bean 'cn.itrip.controller.user.TestUserInfoController': ResourceElement for private cn.itrip.service.userlinkuser.ItripUserLinkUserService cn.itrip.controller.user.TestUserInfoController.itripUserLinkUserService
- (3308 ms) - [DEBUG] 2018-12-30 19:24:56,920 org.springframework.beans.factory.support.DefaultListableBeanFactory - Returning cached instance of singleton bean 'itripUserLinkUserServiceImpl'
- (3308 ms) - [DEBUG] 2018-12-30 19:24:56,920 org.springframework.beans.factory.support.DefaultListableBeanFactory - Returning cached instance of singleton bean 'org.springframework.aop.support.DefaultBeanFactoryPointcutAdvisor#0'
- (3308 ms) - [DEBUG] 2018-12-30 19:24:56,920 org.springframework.beans.factory.support.DefaultListableBeanFactory - Returning cached instance of singleton bean 'org.springframework.aop.support.DefaultBeanFactoryPointcutAdvisor#0'
- (3425 ms) - [DEBUG] 2018-12-30 19:24:57,037 org.springframework.jdbc.datasource.DataSourceTransactionManager - Creating new transaction with name [cn.itrip.service.userlinkuser.ItripUserLinkUserServiceImpl.getItripUserLinkUserById]: PROPAGATION_REQUIRED,ISOLATION_DEFAULT
- (3431 ms) - [DEBUG] 2018-12-30 19:24:57,043 org.springframework.test.context.support.DirtiesContextTestExecutionListener - After test method: context [DefaultTestContext@9660f4e testClass = TestUserInfoController, testInstance = cn.itrip.controller.user.TestUserInfoController@5a8806ef, testMethod = testUserInfo@TestUserInfoController, testException = org.springframework.transaction.CannotCreateTransactionException: Could not open JDBC Connection for transaction; nested exception is org.apache.commons.dbcp.SQLNestedException: Cannot create PoolableConnectionFactory (Data source rejected establishment of connection,  message from server: "Too many connections"), mergedContextConfiguration = [MergedContextConfiguration@6c49835d testClass = TestUserInfoController, locations = '{classpath:/applicationContext-mybatis.xml}', classes = '{}', contextInitializerClasses = '[]', activeProfiles = '{}', propertySourceLocations = '{}', propertySourceProperties = '{}', contextLoader = 'org.springframework.test.context.support.DelegatingSmartContextLoader', parent = [null]]], class dirties context [false], class mode [null], method dirties context [false].
]]></system-out>
  </testcase>
  <testcase name="testGetItripUserLinkUserById" classname="cn.itrip.controller.user.TestUserInfoController" time="0.003">
    <error message="Could not open JDBC Connection for transaction; nested exception is org.apache.commons.dbcp.SQLNestedException: Cannot create PoolableConnectionFactory (Data source rejected establishment of connection,  message from server: &quot;Too many connections&quot;)" type="org.springframework.transaction.CannotCreateTransactionException">org.springframework.transaction.CannotCreateTransactionException: Could not open JDBC Connection for transaction; nested exception is org.apache.commons.dbcp.SQLNestedException: Cannot create PoolableConnectionFactory (Data source rejected establishment of connection,  message from server: "Too many connections")
	at cn.itrip.controller.user.TestUserInfoController.testGetItripUserLinkUserById(TestUserInfoController.java:32)
Caused by: org.apache.commons.dbcp.SQLNestedException: Cannot create PoolableConnectionFactory (Data source rejected establishment of connection,  message from server: "Too many connections")
	at cn.itrip.controller.user.TestUserInfoController.testGetItripUserLinkUserById(TestUserInfoController.java:32)
Caused by: com.mysql.jdbc.exceptions.jdbc4.MySQLNonTransientConnectionException: Data source rejected establishment of connection,  message from server: "Too many connections"
	at cn.itrip.controller.user.TestUserInfoController.testGetItripUserLinkUserById(TestUserInfoController.java:32)
</error>
    <system-out><![CDATA[- (3437 ms) - [DEBUG] 2018-12-30 19:24:57,049 org.springframework.test.annotation.ProfileValueUtils - Retrieved @ProfileValueSourceConfiguration [null] for test class [cn.itrip.controller.user.TestUserInfoController]
- (3437 ms) - [DEBUG] 2018-12-30 19:24:57,049 org.springframework.test.annotation.ProfileValueUtils - Retrieved ProfileValueSource type [class org.springframework.test.annotation.SystemProfileValueSource] for class [cn.itrip.controller.user.TestUserInfoController]
- (3438 ms) - [DEBUG] 2018-12-30 19:24:57,050 org.springframework.test.context.support.DependencyInjectionTestExecutionListener - Performing dependency injection for test context [[DefaultTestContext@9660f4e testClass = TestUserInfoController, testInstance = cn.itrip.controller.user.TestUserInfoController@34f7234e, testMethod = [null], testException = [null], mergedContextConfiguration = [MergedContextConfiguration@6c49835d testClass = TestUserInfoController, locations = '{classpath:/applicationContext-mybatis.xml}', classes = '{}', contextInitializerClasses = '[]', activeProfiles = '{}', propertySourceLocations = '{}', propertySourceProperties = '{}', contextLoader = 'org.springframework.test.context.support.DelegatingSmartContextLoader', parent = [null]]]].
- (3438 ms) - [DEBUG] 2018-12-30 19:24:57,050 org.springframework.test.context.DefaultCacheAwareContextLoaderDelegate - Retrieved ApplicationContext from cache with key [[MergedContextConfiguration@6c49835d testClass = TestUserInfoController, locations = '{classpath:/applicationContext-mybatis.xml}', classes = '{}', contextInitializerClasses = '[]', activeProfiles = '{}', propertySourceLocations = '{}', propertySourceProperties = '{}', contextLoader = 'org.springframework.test.context.support.DelegatingSmartContextLoader', parent = [null]]]
- (3438 ms) - [DEBUG] 2018-12-30 19:24:57,050 org.springframework.test.context.cache - Spring test ApplicationContext cache statistics: [ContextCache@3b00856b size = 1, hitCount = 1, missCount = 1, parentContextCount = 0]
- (3438 ms) - [DEBUG] 2018-12-30 19:24:57,050 org.springframework.beans.factory.annotation.InjectionMetadata - Processing injected element of bean 'cn.itrip.controller.user.TestUserInfoController': ResourceElement for private cn.itrip.common.ValidationToken cn.itrip.controller.user.TestUserInfoController.validationToken
- (3438 ms) - [DEBUG] 2018-12-30 19:24:57,050 org.springframework.beans.factory.support.DefaultListableBeanFactory - Returning cached instance of singleton bean 'validationToken'
- (3438 ms) - [DEBUG] 2018-12-30 19:24:57,050 org.springframework.beans.factory.annotation.InjectionMetadata - Processing injected element of bean 'cn.itrip.controller.user.TestUserInfoController': ResourceElement for private cn.itrip.service.userlinkuser.ItripUserLinkUserService cn.itrip.controller.user.TestUserInfoController.itripUserLinkUserService
- (3439 ms) - [DEBUG] 2018-12-30 19:24:57,051 org.springframework.beans.factory.support.DefaultListableBeanFactory - Returning cached instance of singleton bean 'itripUserLinkUserServiceImpl'
- (3439 ms) - [DEBUG] 2018-12-30 19:24:57,051 org.springframework.jdbc.datasource.DataSourceTransactionManager - Creating new transaction with name [cn.itrip.service.userlinkuser.ItripUserLinkUserServiceImpl.getItripUserLinkUserById]: PROPAGATION_REQUIRED,ISOLATION_DEFAULT
- (3442 ms) - [DEBUG] 2018-12-30 19:24:57,054 org.springframework.test.context.support.DirtiesContextTestExecutionListener - After test method: context [DefaultTestContext@9660f4e testClass = TestUserInfoController, testInstance = cn.itrip.controller.user.TestUserInfoController@34f7234e, testMethod = testGetItripUserLinkUserById@TestUserInfoController, testException = org.springframework.transaction.CannotCreateTransactionException: Could not open JDBC Connection for transaction; nested exception is org.apache.commons.dbcp.SQLNestedException: Cannot create PoolableConnectionFactory (Data source rejected establishment of connection,  message from server: "Too many connections"), mergedContextConfiguration = [MergedContextConfiguration@6c49835d testClass = TestUserInfoController, locations = '{classpath:/applicationContext-mybatis.xml}', classes = '{}', contextInitializerClasses = '[]', activeProfiles = '{}', propertySourceLocations = '{}', propertySourceProperties = '{}', contextLoader = 'org.springframework.test.context.support.DelegatingSmartContextLoader', parent = [null]]], class dirties context [false], class mode [null], method dirties context [false].
]]></system-out>
  </testcase>
</testsuite>