<?xml version="1.0" encoding="UTF-8"?>
<testsuite xmlns:xsi="http://www.w3.org/2001/XMLSchema-instance" xsi:noNamespaceSchemaLocation="https://maven.apache.org/surefire/maven-surefire-plugin/xsd/surefire-test-report.xsd" name="cn.itrip.controller.user.TestUserInfoController" time="7.051" tests="2" errors="2" skipped="0" failures="0">
  <properties>
    <property name="sun.desktop" value="windows"/>
    <property name="awt.toolkit" value="sun.awt.windows.WToolkit"/>
    <property name="file.encoding.pkg" value="sun.io"/>
    <property name="java.specification.version" value="1.8"/>
    <property name="sun.cpu.isalist" value="amd64"/>
    <property name="sun.jnu.encoding" value="GBK"/>
    <property name="java.class.path" value="E:\ideaXM\itrip\itrip-biz\target\test-classes;E:\ideaXM\itrip\itrip-biz\target\classes;E:\ideaXM\itrip\itrip-dao\target\itrip-dao-1.0-SNAPSHOT.jar;E:\ideaXM\itrip\itrip-utils\target\itrip-utils-1.0-SNAPSHOT.jar;E:\ideaXM\itrip\itrip-beans\target\itrip-beans-1.0-SNAPSHOT.jar;E:\apache-maven-3.5.4-bin\apache-maven-3.5.4\m2\repository\com\belerweb\pinyin4j\2.5.0\pinyin4j-2.5.0.jar;E:\apache-maven-3.5.4-bin\apache-maven-3.5.4\m2\repository\cz\mallat\uasparser\uasparser\0.6.0\uasparser-0.6.0.jar;E:\apache-maven-3.5.4-bin\apache-maven-3.5.4\m2\repository\net\sourceforge\jregex\jregex\1.2_01\jregex-1.2_01.jar;E:\apache-maven-3.5.4-bin\apache-maven-3.5.4\m2\repository\javax\servlet\servlet-api\2.5\servlet-api-2.5.jar;E:\apache-maven-3.5.4-bin\apache-maven-3.5.4\m2\repository\org\hibernate\hibernate-validator\5.2.4.Final\hibernate-validator-5.2.4.Final.jar;E:\apache-maven-3.5.4-bin\apache-maven-3.5.4\m2\repository\javax\validation\validation-api\1.1.0.Final\validation-api-1.1.0.Final.jar;E:\apache-maven-3.5.4-bin\apache-maven-3.5.4\m2\repository\org\jboss\logging\jboss-logging\3.2.1.Final\jboss-logging-3.2.1.Final.jar;E:\apache-maven-3.5.4-bin\apache-maven-3.5.4\m2\repository\com\fasterxml\classmate\1.1.0\classmate-1.1.0.jar;E:\apache-maven-3.5.4-bin\apache-maven-3.5.4\m2\repository\joda-time\joda-time\2.7\joda-time-2.7.jar;E:\apache-maven-3.5.4-bin\apache-maven-3.5.4\m2\repository\jaxen\jaxen\1.1.6\jaxen-1.1.6.jar;E:\apache-maven-3.5.4-bin\apache-maven-3.5.4\m2\repository\commons-io\commons-io\2.4\commons-io-2.4.jar;E:\apache-maven-3.5.4-bin\apache-maven-3.5.4\m2\repository\commons-logging\commons-logging\1.2\commons-logging-1.2.jar;E:\apache-maven-3.5.4-bin\apache-maven-3.5.4\m2\repository\org\springframework\spring-context\4.1.7.RELEASE\spring-context-4.1.7.RELEASE.jar;E:\apache-maven-3.5.4-bin\apache-maven-3.5.4\m2\repository\org\springframework\spring-aop\4.1.7.RELEASE\spring-aop-4.1.7.RELEASE.jar;E:\apache-maven-3.5.4-bin\apache-maven-3.5.4\m2\repository\aopalliance\aopalliance\1.0\aopalliance-1.0.jar;E:\apache-maven-3.5.4-bin\apache-maven-3.5.4\m2\repository\org\springframework\spring-context-support\4.1.7.RELEASE\spring-context-support-4.1.7.RELEASE.jar;E:\apache-maven-3.5.4-bin\apache-maven-3.5.4\m2\repository\junit\junit\4.11\junit-4.11.jar;E:\apache-maven-3.5.4-bin\apache-maven-3.5.4\m2\repository\org\hamcrest\hamcrest-core\1.3\hamcrest-core-1.3.jar;E:\apache-maven-3.5.4-bin\apache-maven-3.5.4\m2\repository\commons-dbcp\commons-dbcp\1.4\commons-dbcp-1.4.jar;E:\apache-maven-3.5.4-bin\apache-maven-3.5.4\m2\repository\commons-pool\commons-pool\1.5.4\commons-pool-1.5.4.jar;E:\apache-maven-3.5.4-bin\apache-maven-3.5.4\m2\repository\cglib\cglib\3.2.5\cglib-3.2.5.jar;E:\apache-maven-3.5.4-bin\apache-maven-3.5.4\m2\repository\org\ow2\asm\asm\5.2\asm-5.2.jar;E:\apache-maven-3.5.4-bin\apache-maven-3.5.4\m2\repository\org\apache\ant\ant\1.9.6\ant-1.9.6.jar;E:\apache-maven-3.5.4-bin\apache-maven-3.5.4\m2\repository\org\apache\ant\ant-launcher\1.9.6\ant-launcher-1.9.6.jar;E:\apache-maven-3.5.4-bin\apache-maven-3.5.4\m2\repository\org\aspectj\aspectjweaver\1.6.12\aspectjweaver-1.6.12.jar;E:\apache-maven-3.5.4-bin\apache-maven-3.5.4\m2\repository\org\springframework\spring-oxm\4.1.7.RELEASE\spring-oxm-4.1.7.RELEASE.jar;E:\apache-maven-3.5.4-bin\apache-maven-3.5.4\m2\repository\org\springframework\spring-tx\4.1.7.RELEASE\spring-tx-4.1.7.RELEASE.jar;E:\apache-maven-3.5.4-bin\apache-maven-3.5.4\m2\repository\jstl\jstl\1.2\jstl-1.2.jar;E:\apache-maven-3.5.4-bin\apache-maven-3.5.4\m2\repository\org\mybatis\mybatis-spring\1.2.0\mybatis-spring-1.2.0.jar;E:\apache-maven-3.5.4-bin\apache-maven-3.5.4\m2\repository\org\slf4j\jcl-over-slf4j\1.7.12\jcl-over-slf4j-1.7.12.jar;E:\apache-maven-3.5.4-bin\apache-maven-3.5.4\m2\repository\commons-codec\commons-codec\1.4\commons-codec-1.4.jar;E:\apache-maven-3.5.4-bin\apache-maven-3.5.4\m2\repository\org\springframework\spring-orm\4.1.7.RELEASE\spring-orm-4.1.7.RELEASE.jar;E:\apache-maven-3.5.4-bin\apache-maven-3.5.4\m2\repository\org\springframework\spring-jdbc\4.1.7.RELEASE\spring-jdbc-4.1.7.RELEASE.jar;E:\apache-maven-3.5.4-bin\apache-maven-3.5.4\m2\repository\org\springframework\spring-jms\4.1.7.RELEASE\spring-jms-4.1.7.RELEASE.jar;E:\apache-maven-3.5.4-bin\apache-maven-3.5.4\m2\repository\org\springframework\spring-messaging\4.1.7.RELEASE\spring-messaging-4.1.7.RELEASE.jar;E:\apache-maven-3.5.4-bin\apache-maven-3.5.4\m2\repository\org\slf4j\slf4j-api\1.7.12\slf4j-api-1.7.12.jar;E:\apache-maven-3.5.4-bin\apache-maven-3.5.4\m2\repository\org\springframework\spring-expression\4.1.7.RELEASE\spring-expression-4.1.7.RELEASE.jar;E:\apache-maven-3.5.4-bin\apache-maven-3.5.4\m2\repository\org\springframework\spring-test\4.1.7.RELEASE\spring-test-4.1.7.RELEASE.jar;E:\apache-maven-3.5.4-bin\apache-maven-3.5.4\m2\repository\org\springframework\spring-webmvc\4.1.7.RELEASE\spring-webmvc-4.1.7.RELEASE.jar;E:\apache-maven-3.5.4-bin\apache-maven-3.5.4\m2\repository\org\springframework\spring-web\4.1.7.RELEASE\spring-web-4.1.7.RELEASE.jar;E:\apache-maven-3.5.4-bin\apache-maven-3.5.4\m2\repository\org\springframework\spring-beans\4.1.7.RELEASE\spring-beans-4.1.7.RELEASE.jar;E:\apache-maven-3.5.4-bin\apache-maven-3.5.4\m2\repository\mysql\mysql-connector-java\5.1.18\mysql-connector-java-5.1.18.jar;E:\apache-maven-3.5.4-bin\apache-maven-3.5.4\m2\repository\org\slf4j\slf4j-log4j12\1.7.12\slf4j-log4j12-1.7.12.jar;E:\apache-maven-3.5.4-bin\apache-maven-3.5.4\m2\repository\log4j\log4j\1.2.17\log4j-1.2.17.jar;E:\apache-maven-3.5.4-bin\apache-maven-3.5.4\m2\repository\org\springframework\spring-core\4.1.7.RELEASE\spring-core-4.1.7.RELEASE.jar;E:\apache-maven-3.5.4-bin\apache-maven-3.5.4\m2\repository\commons-fileupload\commons-fileupload\1.3.1\commons-fileupload-1.3.1.jar;E:\apache-maven-3.5.4-bin\apache-maven-3.5.4\m2\repository\org\mybatis\mybatis\3.2.2\mybatis-3.2.2.jar;E:\apache-maven-3.5.4-bin\apache-maven-3.5.4\m2\repository\redis\clients\jedis\2.1.0\jedis-2.1.0.jar;E:\apache-maven-3.5.4-bin\apache-maven-3.5.4\m2\repository\com\alibaba\fastjson\1.2.31\fastjson-1.2.31.jar;E:\apache-maven-3.5.4-bin\apache-maven-3.5.4\m2\repository\io\springfox\springfox-swagger2\2.4.0\springfox-swagger2-2.4.0.jar;E:\apache-maven-3.5.4-bin\apache-maven-3.5.4\m2\repository\io\swagger\swagger-annotations\1.5.6\swagger-annotations-1.5.6.jar;E:\apache-maven-3.5.4-bin\apache-maven-3.5.4\m2\repository\io\swagger\swagger-models\1.5.6\swagger-models-1.5.6.jar;E:\apache-maven-3.5.4-bin\apache-maven-3.5.4\m2\repository\io\springfox\springfox-spi\2.4.0\springfox-spi-2.4.0.jar;E:\apache-maven-3.5.4-bin\apache-maven-3.5.4\m2\repository\io\springfox\springfox-core\2.4.0\springfox-core-2.4.0.jar;E:\apache-maven-3.5.4-bin\apache-maven-3.5.4\m2\repository\io\springfox\springfox-schema\2.4.0\springfox-schema-2.4.0.jar;E:\apache-maven-3.5.4-bin\apache-maven-3.5.4\m2\repository\io\springfox\springfox-swagger-common\2.4.0\springfox-swagger-common-2.4.0.jar;E:\apache-maven-3.5.4-bin\apache-maven-3.5.4\m2\repository\io\springfox\springfox-spring-web\2.4.0\springfox-spring-web-2.4.0.jar;E:\apache-maven-3.5.4-bin\apache-maven-3.5.4\m2\repository\org\springframework\plugin\spring-plugin-core\1.2.0.RELEASE\spring-plugin-core-1.2.0.RELEASE.jar;E:\apache-maven-3.5.4-bin\apache-maven-3.5.4\m2\repository\org\springframework\plugin\spring-plugin-metadata\1.2.0.RELEASE\spring-plugin-metadata-1.2.0.RELEASE.jar;E:\apache-maven-3.5.4-bin\apache-maven-3.5.4\m2\repository\io\springfox\springfox-swagger-ui\2.4.0\springfox-swagger-ui-2.4.0.jar;E:\apache-maven-3.5.4-bin\apache-maven-3.5.4\m2\repository\com\google\guava\guava\19.0\guava-19.0.jar;E:\apache-maven-3.5.4-bin\apache-maven-3.5.4\m2\repository\org\mapstruct\mapstruct-jdk8\1.1.0.Final\mapstruct-jdk8-1.1.0.Final.jar;E:\apache-maven-3.5.4-bin\apache-maven-3.5.4\m2\repository\com\fasterxml\jackson\core\jackson-core\2.8.7\jackson-core-2.8.7.jar;E:\apache-maven-3.5.4-bin\apache-maven-3.5.4\m2\repository\com\fasterxml\jackson\core\jackson-databind\2.8.7\jackson-databind-2.8.7.jar;E:\apache-maven-3.5.4-bin\apache-maven-3.5.4\m2\repository\com\fasterxml\jackson\core\jackson-annotations\2.8.7\jackson-annotations-2.8.7.jar;E:\apache-maven-3.5.4-bin\apache-maven-3.5.4\m2\repository\javax\mail\mail\1.4.7\mail-1.4.7.jar;E:\apache-maven-3.5.4-bin\apache-maven-3.5.4\m2\repository\javax\activation\activation\1.1\activation-1.1.jar;E:\apache-maven-3.5.4-bin\apache-maven-3.5.4\m2\repository\cn\itrip\itrip-jregex\1.2_01\itrip-jregex-1.2_01.jar;E:\apache-maven-3.5.4-bin\apache-maven-3.5.4\m2\repository\cn\itrip\ccprestsms\itrip-ccprestsms\1.0\itrip-ccprestsms-1.0.jar;E:\apache-maven-3.5.4-bin\apache-maven-3.5.4\m2\repository\com\thetransactioncompany\cors-filter\1.7\cors-filter-1.7.jar;E:\apache-maven-3.5.4-bin\apache-maven-3.5.4\m2\repository\com\thetransactioncompany\java-property-utils\1.9\java-property-utils-1.9.jar;"/>
    <property name="java.vm.vendor" value="Oracle Corporation"/>
    <property name="sun.arch.data.model" value="64"/>
    <property name="user.variant" value=""/>
    <property name="java.vendor.url" value="http://java.oracle.com/"/>
    <property name="user.timezone" value=""/>
    <property name="java.vm.specification.version" value="1.8"/>
    <property name="os.name" value="Windows 10"/>
    <property name="user.country" value="CN"/>
    <property name="sun.java.launcher" value="SUN_STANDARD"/>
    <property name="sun.boot.library.path" value="E:\Java\jdk1.8.0_181\jre\bin"/>
    <property name="sun.java.command" value="C:\Users\ISXIAO~1\AppData\Local\Temp\surefire880897472135954717\surefirebooter3558160161545979965.jar C:\Users\isxiaohao\AppData\Local\Temp\surefire880897472135954717 2019-01-15T19-38-37_456-jvmRun1 surefire4185047915140694290tmp surefire_03233593754954529464tmp"/>
    <property name="surefire.test.class.path" value="E:\ideaXM\itrip\itrip-biz\target\test-classes;E:\ideaXM\itrip\itrip-biz\target\classes;E:\ideaXM\itrip\itrip-dao\target\itrip-dao-1.0-SNAPSHOT.jar;E:\ideaXM\itrip\itrip-utils\target\itrip-utils-1.0-SNAPSHOT.jar;E:\ideaXM\itrip\itrip-beans\target\itrip-beans-1.0-SNAPSHOT.jar;E:\apache-maven-3.5.4-bin\apache-maven-3.5.4\m2\repository\com\belerweb\pinyin4j\2.5.0\pinyin4j-2.5.0.jar;E:\apache-maven-3.5.4-bin\apache-maven-3.5.4\m2\repository\cz\mallat\uasparser\uasparser\0.6.0\uasparser-0.6.0.jar;E:\apache-maven-3.5.4-bin\apache-maven-3.5.4\m2\repository\net\sourceforge\jregex\jregex\1.2_01\jregex-1.2_01.jar;E:\apache-maven-3.5.4-bin\apache-maven-3.5.4\m2\repository\javax\servlet\servlet-api\2.5\servlet-api-2.5.jar;E:\apache-maven-3.5.4-bin\apache-maven-3.5.4\m2\repository\org\hibernate\hibernate-validator\5.2.4.Final\hibernate-validator-5.2.4.Final.jar;E:\apache-maven-3.5.4-bin\apache-maven-3.5.4\m2\repository\javax\validation\validation-api\1.1.0.Final\validation-api-1.1.0.Final.jar;E:\apache-maven-3.5.4-bin\apache-maven-3.5.4\m2\repository\org\jboss\logging\jboss-logging\3.2.1.Final\jboss-logging-3.2.1.Final.jar;E:\apache-maven-3.5.4-bin\apache-maven-3.5.4\m2\repository\com\fasterxml\classmate\1.1.0\classmate-1.1.0.jar;E:\apache-maven-3.5.4-bin\apache-maven-3.5.4\m2\repository\joda-time\joda-time\2.7\joda-time-2.7.jar;E:\apache-maven-3.5.4-bin\apache-maven-3.5.4\m2\repository\jaxen\jaxen\1.1.6\jaxen-1.1.6.jar;E:\apache-maven-3.5.4-bin\apache-maven-3.5.4\m2\repository\commons-io\commons-io\2.4\commons-io-2.4.jar;E:\apache-maven-3.5.4-bin\apache-maven-3.5.4\m2\repository\commons-logging\commons-logging\1.2\commons-logging-1.2.jar;E:\apache-maven-3.5.4-bin\apache-maven-3.5.4\m2\repository\org\springframework\spring-context\4.1.7.RELEASE\spring-context-4.1.7.RELEASE.jar;E:\apache-maven-3.5.4-bin\apache-maven-3.5.4\m2\repository\org\springframework\spring-aop\4.1.7.RELEASE\spring-aop-4.1.7.RELEASE.jar;E:\apache-maven-3.5.4-bin\apache-maven-3.5.4\m2\repository\aopalliance\aopalliance\1.0\aopalliance-1.0.jar;E:\apache-maven-3.5.4-bin\apache-maven-3.5.4\m2\repository\org\springframework\spring-context-support\4.1.7.RELEASE\spring-context-support-4.1.7.RELEASE.jar;E:\apache-maven-3.5.4-bin\apache-maven-3.5.4\m2\repository\junit\junit\4.11\junit-4.11.jar;E:\apache-maven-3.5.4-bin\apache-maven-3.5.4\m2\repository\org\hamcrest\hamcrest-core\1.3\hamcrest-core-1.3.jar;E:\apache-maven-3.5.4-bin\apache-maven-3.5.4\m2\repository\commons-dbcp\commons-dbcp\1.4\commons-dbcp-1.4.jar;E:\apache-maven-3.5.4-bin\apache-maven-3.5.4\m2\repository\commons-pool\commons-pool\1.5.4\commons-pool-1.5.4.jar;E:\apache-maven-3.5.4-bin\apache-maven-3.5.4\m2\repository\cglib\cglib\3.2.5\cglib-3.2.5.jar;E:\apache-maven-3.5.4-bin\apache-maven-3.5.4\m2\repository\org\ow2\asm\asm\5.2\asm-5.2.jar;E:\apache-maven-3.5.4-bin\apache-maven-3.5.4\m2\repository\org\apache\ant\ant\1.9.6\ant-1.9.6.jar;E:\apache-maven-3.5.4-bin\apache-maven-3.5.4\m2\repository\org\apache\ant\ant-launcher\1.9.6\ant-launcher-1.9.6.jar;E:\apache-maven-3.5.4-bin\apache-maven-3.5.4\m2\repository\org\aspectj\aspectjweaver\1.6.12\aspectjweaver-1.6.12.jar;E:\apache-maven-3.5.4-bin\apache-maven-3.5.4\m2\repository\org\springframework\spring-oxm\4.1.7.RELEASE\spring-oxm-4.1.7.RELEASE.jar;E:\apache-maven-3.5.4-bin\apache-maven-3.5.4\m2\repository\org\springframework\spring-tx\4.1.7.RELEASE\spring-tx-4.1.7.RELEASE.jar;E:\apache-maven-3.5.4-bin\apache-maven-3.5.4\m2\repository\jstl\jstl\1.2\jstl-1.2.jar;E:\apache-maven-3.5.4-bin\apache-maven-3.5.4\m2\repository\org\mybatis\mybatis-spring\1.2.0\mybatis-spring-1.2.0.jar;E:\apache-maven-3.5.4-bin\apache-maven-3.5.4\m2\repository\org\slf4j\jcl-over-slf4j\1.7.12\jcl-over-slf4j-1.7.12.jar;E:\apache-maven-3.5.4-bin\apache-maven-3.5.4\m2\repository\commons-codec\commons-codec\1.4\commons-codec-1.4.jar;E:\apache-maven-3.5.4-bin\apache-maven-3.5.4\m2\repository\org\springframework\spring-orm\4.1.7.RELEASE\spring-orm-4.1.7.RELEASE.jar;E:\apache-maven-3.5.4-bin\apache-maven-3.5.4\m2\repository\org\springframework\spring-jdbc\4.1.7.RELEASE\spring-jdbc-4.1.7.RELEASE.jar;E:\apache-maven-3.5.4-bin\apache-maven-3.5.4\m2\repository\org\springframework\spring-jms\4.1.7.RELEASE\spring-jms-4.1.7.RELEASE.jar;E:\apache-maven-3.5.4-bin\apache-maven-3.5.4\m2\repository\org\springframework\spring-messaging\4.1.7.RELEASE\spring-messaging-4.1.7.RELEASE.jar;E:\apache-maven-3.5.4-bin\apache-maven-3.5.4\m2\repository\org\slf4j\slf4j-api\1.7.12\slf4j-api-1.7.12.jar;E:\apache-maven-3.5.4-bin\apache-maven-3.5.4\m2\repository\org\springframework\spring-expression\4.1.7.RELEASE\spring-expression-4.1.7.RELEASE.jar;E:\apache-maven-3.5.4-bin\apache-maven-3.5.4\m2\repository\org\springframework\spring-test\4.1.7.RELEASE\spring-test-4.1.7.RELEASE.jar;E:\apache-maven-3.5.4-bin\apache-maven-3.5.4\m2\repository\org\springframework\spring-webmvc\4.1.7.RELEASE\spring-webmvc-4.1.7.RELEASE.jar;E:\apache-maven-3.5.4-bin\apache-maven-3.5.4\m2\repository\org\springframework\spring-web\4.1.7.RELEASE\spring-web-4.1.7.RELEASE.jar;E:\apache-maven-3.5.4-bin\apache-maven-3.5.4\m2\repository\org\springframework\spring-beans\4.1.7.RELEASE\spring-beans-4.1.7.RELEASE.jar;E:\apache-maven-3.5.4-bin\apache-maven-3.5.4\m2\repository\mysql\mysql-connector-java\5.1.18\mysql-connector-java-5.1.18.jar;E:\apache-maven-3.5.4-bin\apache-maven-3.5.4\m2\repository\org\slf4j\slf4j-log4j12\1.7.12\slf4j-log4j12-1.7.12.jar;E:\apache-maven-3.5.4-bin\apache-maven-3.5.4\m2\repository\log4j\log4j\1.2.17\log4j-1.2.17.jar;E:\apache-maven-3.5.4-bin\apache-maven-3.5.4\m2\repository\org\springframework\spring-core\4.1.7.RELEASE\spring-core-4.1.7.RELEASE.jar;E:\apache-maven-3.5.4-bin\apache-maven-3.5.4\m2\repository\commons-fileupload\commons-fileupload\1.3.1\commons-fileupload-1.3.1.jar;E:\apache-maven-3.5.4-bin\apache-maven-3.5.4\m2\repository\org\mybatis\mybatis\3.2.2\mybatis-3.2.2.jar;E:\apache-maven-3.5.4-bin\apache-maven-3.5.4\m2\repository\redis\clients\jedis\2.1.0\jedis-2.1.0.jar;E:\apache-maven-3.5.4-bin\apache-maven-3.5.4\m2\repository\com\alibaba\fastjson\1.2.31\fastjson-1.2.31.jar;E:\apache-maven-3.5.4-bin\apache-maven-3.5.4\m2\repository\io\springfox\springfox-swagger2\2.4.0\springfox-swagger2-2.4.0.jar;E:\apache-maven-3.5.4-bin\apache-maven-3.5.4\m2\repository\io\swagger\swagger-annotations\1.5.6\swagger-annotations-1.5.6.jar;E:\apache-maven-3.5.4-bin\apache-maven-3.5.4\m2\repository\io\swagger\swagger-models\1.5.6\swagger-models-1.5.6.jar;E:\apache-maven-3.5.4-bin\apache-maven-3.5.4\m2\repository\io\springfox\springfox-spi\2.4.0\springfox-spi-2.4.0.jar;E:\apache-maven-3.5.4-bin\apache-maven-3.5.4\m2\repository\io\springfox\springfox-core\2.4.0\springfox-core-2.4.0.jar;E:\apache-maven-3.5.4-bin\apache-maven-3.5.4\m2\repository\io\springfox\springfox-schema\2.4.0\springfox-schema-2.4.0.jar;E:\apache-maven-3.5.4-bin\apache-maven-3.5.4\m2\repository\io\springfox\springfox-swagger-common\2.4.0\springfox-swagger-common-2.4.0.jar;E:\apache-maven-3.5.4-bin\apache-maven-3.5.4\m2\repository\io\springfox\springfox-spring-web\2.4.0\springfox-spring-web-2.4.0.jar;E:\apache-maven-3.5.4-bin\apache-maven-3.5.4\m2\repository\org\springframework\plugin\spring-plugin-core\1.2.0.RELEASE\spring-plugin-core-1.2.0.RELEASE.jar;E:\apache-maven-3.5.4-bin\apache-maven-3.5.4\m2\repository\org\springframework\plugin\spring-plugin-metadata\1.2.0.RELEASE\spring-plugin-metadata-1.2.0.RELEASE.jar;E:\apache-maven-3.5.4-bin\apache-maven-3.5.4\m2\repository\io\springfox\springfox-swagger-ui\2.4.0\springfox-swagger-ui-2.4.0.jar;E:\apache-maven-3.5.4-bin\apache-maven-3.5.4\m2\repository\com\google\guava\guava\19.0\guava-19.0.jar;E:\apache-maven-3.5.4-bin\apache-maven-3.5.4\m2\repository\org\mapstruct\mapstruct-jdk8\1.1.0.Final\mapstruct-jdk8-1.1.0.Final.jar;E:\apache-maven-3.5.4-bin\apache-maven-3.5.4\m2\repository\com\fasterxml\jackson\core\jackson-core\2.8.7\jackson-core-2.8.7.jar;E:\apache-maven-3.5.4-bin\apache-maven-3.5.4\m2\repository\com\fasterxml\jackson\core\jackson-databind\2.8.7\jackson-databind-2.8.7.jar;E:\apache-maven-3.5.4-bin\apache-maven-3.5.4\m2\repository\com\fasterxml\jackson\core\jackson-annotations\2.8.7\jackson-annotations-2.8.7.jar;E:\apache-maven-3.5.4-bin\apache-maven-3.5.4\m2\repository\javax\mail\mail\1.4.7\mail-1.4.7.jar;E:\apache-maven-3.5.4-bin\apache-maven-3.5.4\m2\repository\javax\activation\activation\1.1\activation-1.1.jar;E:\apache-maven-3.5.4-bin\apache-maven-3.5.4\m2\repository\cn\itrip\itrip-jregex\1.2_01\itrip-jregex-1.2_01.jar;E:\apache-maven-3.5.4-bin\apache-maven-3.5.4\m2\repository\cn\itrip\ccprestsms\itrip-ccprestsms\1.0\itrip-ccprestsms-1.0.jar;E:\apache-maven-3.5.4-bin\apache-maven-3.5.4\m2\repository\com\thetransactioncompany\cors-filter\1.7\cors-filter-1.7.jar;E:\apache-maven-3.5.4-bin\apache-maven-3.5.4\m2\repository\com\thetransactioncompany\java-property-utils\1.9\java-property-utils-1.9.jar;"/>
    <property name="sun.cpu.endian" value="little"/>
    <property name="user.home" value="C:\Users\isxiaohao"/>
    <property name="user.language" value="zh"/>
    <property name="java.specification.vendor" value="Oracle Corporation"/>
    <property name="java.home" value="E:\Java\jdk1.8.0_181\jre"/>
    <property name="basedir" value="E:\ideaXM\itrip\itrip-biz"/>
    <property name="file.separator" value="\"/>
    <property name="line.separator" value="&#10;"/>
    <property name="java.vm.specification.vendor" value="Oracle Corporation"/>
    <property name="java.specification.name" value="Java Platform API Specification"/>
    <property name="java.awt.graphicsenv" value="sun.awt.Win32GraphicsEnvironment"/>
    <property name="surefire.real.class.path" value="C:\Users\ISXIAO~1\AppData\Local\Temp\surefire880897472135954717\surefirebooter3558160161545979965.jar"/>
    <property name="sun.boot.class.path" value="E:\Java\jdk1.8.0_181\jre\lib\resources.jar;E:\Java\jdk1.8.0_181\jre\lib\rt.jar;E:\Java\jdk1.8.0_181\jre\lib\sunrsasign.jar;E:\Java\jdk1.8.0_181\jre\lib\jsse.jar;E:\Java\jdk1.8.0_181\jre\lib\jce.jar;E:\Java\jdk1.8.0_181\jre\lib\charsets.jar;E:\Java\jdk1.8.0_181\jre\lib\jfr.jar;E:\Java\jdk1.8.0_181\jre\classes"/>
    <property name="user.script" value=""/>
    <property name="sun.management.compiler" value="HotSpot 64-Bit Tiered Compilers"/>
    <property name="java.runtime.version" value="1.8.0_181-b13"/>
    <property name="user.name" value="isxiaohao"/>
    <property name="path.separator" value=";"/>
    <property name="os.version" value="10.0"/>
    <property name="java.endorsed.dirs" value="E:\Java\jdk1.8.0_181\jre\lib\endorsed"/>
    <property name="java.runtime.name" value="Java(TM) SE Runtime Environment"/>
    <property name="file.encoding" value="GBK"/>
    <property name="java.vm.name" value="Java HotSpot(TM) 64-Bit Server VM"/>
    <property name="localRepository" value="E:\apache-maven-3.5.4-bin\apache-maven-3.5.4\m2\repository"/>
    <property name="java.vendor.url.bug" value="http://bugreport.sun.com/bugreport/"/>
    <property name="java.io.tmpdir" value="C:\Users\ISXIAO~1\AppData\Local\Temp\"/>
    <property name="idea.version" value="2018.1.4"/>
    <property name="java.version" value="1.8.0_181"/>
    <property name="user.dir" value="E:\ideaXM\itrip\itrip-biz"/>
    <property name="os.arch" value="amd64"/>
    <property name="java.vm.specification.name" value="Java Virtual Machine Specification"/>
    <property name="java.awt.printerjob" value="sun.awt.windows.WPrinterJob"/>
    <property name="sun.os.patch.level" value=""/>
    <property name="java.library.path" value="E:\Java\jdk1.8.0_181\jre\bin;C:\WINDOWS\Sun\Java\bin;C:\WINDOWS\system32;C:\WINDOWS;E:\Java\jdk1.8.0_181\bin;c:\program files\graphicsmagick-1.3.21-q16;E:\Oracle\bin;C:\WINDOWS\system32;C:\WINDOWS;C:\WINDOWS\System32\Wbem;C:\WINDOWS\System32\WindowsPowerShell\v1.0\E:\kj;C:\WINDOWS\System32\WindowsPowerShell\v1.0\;C:\WINDOWS\System32\OpenSSH\;E:\MySQL\bin;E:\apache-maven-3.5.4-bin\apache-maven-3.5.4\bin;E:\Git\Git\cmd;E:\Program Files\nodejs;E:\Program Files\nodejs\node_global;C:\Program Files (x86)\Lua\5.1;C:\Program Files (x86)\Lua\5.1\clibs;E:\kj;C:\Users\isxiaohao\AppData\Local\Microsoft\WindowsApps;C:\Users\isxiaohao\AppData\Roaming\npm;."/>
    <property name="java.vm.info" value="mixed mode"/>
    <property name="java.vendor" value="Oracle Corporation"/>
    <property name="java.vm.version" value="25.181-b13"/>
    <property name="java.ext.dirs" value="E:\Java\jdk1.8.0_181\jre\lib\ext;C:\WINDOWS\Sun\Java\lib\ext"/>
    <property name="sun.io.unicode.encoding" value="UnicodeLittle"/>
    <property name="java.class.version" value="52.0"/>
  </properties>
  <testcase name="testUserInfo" classname="cn.itrip.controller.user.TestUserInfoController" time="0.007">
    <error message="Could not open JDBC Connection for transaction; nested exception is org.apache.commons.dbcp.SQLNestedException: Cannot create PoolableConnectionFactory (Data source rejected establishment of connection,  message from server: &quot;Too many connections&quot;)" type="org.springframework.transaction.CannotCreateTransactionException">org.springframework.transaction.CannotCreateTransactionException: Could not open JDBC Connection for transaction; nested exception is org.apache.commons.dbcp.SQLNestedException: Cannot create PoolableConnectionFactory (Data source rejected establishment of connection,  message from server: "Too many connections")
	at cn.itrip.controller.user.TestUserInfoController.testGetItripUserLinkUserById(TestUserInfoController.java:32)
	at cn.itrip.controller.user.TestUserInfoController.testUserInfo(TestUserInfoController.java:27)
Caused by: org.apache.commons.dbcp.SQLNestedException: Cannot create PoolableConnectionFactory (Data source rejected establishment of connection,  message from server: "Too many connections")
	at cn.itrip.controller.user.TestUserInfoController.testGetItripUserLinkUserById(TestUserInfoController.java:32)
	at cn.itrip.controller.user.TestUserInfoController.testUserInfo(TestUserInfoController.java:27)
Caused by: com.mysql.jdbc.exceptions.jdbc4.MySQLNonTransientConnectionException: Data source rejected establishment of connection,  message from server: "Too many connections"
	at cn.itrip.controller.user.TestUserInfoController.testGetItripUserLinkUserById(TestUserInfoController.java:32)
	at cn.itrip.controller.user.TestUserInfoController.testUserInfo(TestUserInfoController.java:27)
</error>
    <system-out><![CDATA[- (0 ms) - [DEBUG] 2019-01-15 19:38:41,557 org.springframework.test.context.junit4.SpringJUnit4ClassRunner - SpringJUnit4ClassRunner constructor called with [class cn.itrip.controller.user.TestUserInfoController].
- (22 ms) - [DEBUG] 2019-01-15 19:38:41,579 org.springframework.test.context.BootstrapUtils - Instantiating TestContextBootstrapper from class [org.springframework.test.context.support.DefaultTestContextBootstrapper]
- (47 ms) - [DEBUG] 2019-01-15 19:38:41,604 org.springframework.test.context.support.AbstractDelegatingSmartContextLoader - Delegating to GenericXmlContextLoader to process context configuration [ContextConfigurationAttributes@31ef45e3 declaringClass = 'cn.itrip.controller.user.TestUserInfoController', classes = '{}', locations = '{/applicationContext-mybatis.xml}', inheritLocations = true, initializers = '{}', inheritInitializers = true, name = [null], contextLoaderClass = 'org.springframework.test.context.ContextLoader'].
- (51 ms) - [DEBUG] 2019-01-15 19:38:41,608 org.springframework.test.context.support.ActiveProfilesUtils - Could not find an 'annotation declaring class' for annotation type [org.springframework.test.context.ActiveProfiles] and class [cn.itrip.controller.user.TestUserInfoController]
- (58 ms) - [DEBUG] 2019-01-15 19:38:41,615 org.springframework.test.context.support.DefaultTestContextBootstrapper - @TestExecutionListeners is not present for class [cn.itrip.controller.user.TestUserInfoController]: using defaults.
- (66 ms) - [INFO] 2019-01-15 19:38:41,623 org.springframework.test.context.support.DefaultTestContextBootstrapper - Loaded default TestExecutionListener class names from location [META-INF/spring.factories]: [org.springframework.test.context.web.ServletTestExecutionListener, org.springframework.test.context.support.DependencyInjectionTestExecutionListener, org.springframework.test.context.support.DirtiesContextTestExecutionListener, org.springframework.test.context.transaction.TransactionalTestExecutionListener, org.springframework.test.context.jdbc.SqlScriptsTestExecutionListener]
- (82 ms) - [INFO] 2019-01-15 19:38:41,639 org.springframework.test.context.support.DefaultTestContextBootstrapper - Using TestExecutionListeners: [org.springframework.test.context.web.ServletTestExecutionListener@627551fb, org.springframework.test.context.support.DependencyInjectionTestExecutionListener@2b552920, org.springframework.test.context.support.DirtiesContextTestExecutionListener@2758fe70, org.springframework.test.context.transaction.TransactionalTestExecutionListener@1f36e637, org.springframework.test.context.jdbc.SqlScriptsTestExecutionListener@578486a3]
- (84 ms) - [DEBUG] 2019-01-15 19:38:41,641 org.springframework.test.annotation.ProfileValueUtils - Retrieved @ProfileValueSourceConfiguration [null] for test class [cn.itrip.controller.user.TestUserInfoController]
- (84 ms) - [DEBUG] 2019-01-15 19:38:41,641 org.springframework.test.annotation.ProfileValueUtils - Retrieved ProfileValueSource type [class org.springframework.test.annotation.SystemProfileValueSource] for class [cn.itrip.controller.user.TestUserInfoController]
- (85 ms) - [DEBUG] 2019-01-15 19:38:41,642 org.springframework.test.annotation.ProfileValueUtils - Retrieved @ProfileValueSourceConfiguration [null] for test class [cn.itrip.controller.user.TestUserInfoController]
- (86 ms) - [DEBUG] 2019-01-15 19:38:41,643 org.springframework.test.annotation.ProfileValueUtils - Retrieved ProfileValueSource type [class org.springframework.test.annotation.SystemProfileValueSource] for class [cn.itrip.controller.user.TestUserInfoController]
- (87 ms) - [DEBUG] 2019-01-15 19:38:41,644 org.springframework.test.annotation.ProfileValueUtils - Retrieved @ProfileValueSourceConfiguration [null] for test class [cn.itrip.controller.user.TestUserInfoController]
- (87 ms) - [DEBUG] 2019-01-15 19:38:41,644 org.springframework.test.annotation.ProfileValueUtils - Retrieved ProfileValueSource type [class org.springframework.test.annotation.SystemProfileValueSource] for class [cn.itrip.controller.user.TestUserInfoController]
- (90 ms) - [DEBUG] 2019-01-15 19:38:41,647 org.springframework.test.annotation.ProfileValueUtils - Retrieved @ProfileValueSourceConfiguration [null] for test class [cn.itrip.controller.user.TestUserInfoController]
- (90 ms) - [DEBUG] 2019-01-15 19:38:41,647 org.springframework.test.annotation.ProfileValueUtils - Retrieved ProfileValueSource type [class org.springframework.test.annotation.SystemProfileValueSource] for class [cn.itrip.controller.user.TestUserInfoController]
- (93 ms) - [DEBUG] 2019-01-15 19:38:41,650 org.springframework.test.context.support.DependencyInjectionTestExecutionListener - Performing dependency injection for test context [[DefaultTestContext@9660f4e testClass = TestUserInfoController, testInstance = cn.itrip.controller.user.TestUserInfoController@5a8806ef, testMethod = [null], testException = [null], mergedContextConfiguration = [MergedContextConfiguration@6c49835d testClass = TestUserInfoController, locations = '{classpath:/applicationContext-mybatis.xml}', classes = '{}', contextInitializerClasses = '[]', activeProfiles = '{}', propertySourceLocations = '{}', propertySourceProperties = '{}', contextLoader = 'org.springframework.test.context.support.DelegatingSmartContextLoader', parent = [null]]]].
- (96 ms) - [DEBUG] 2019-01-15 19:38:41,653 org.springframework.test.context.support.AbstractDelegatingSmartContextLoader - Delegating to GenericXmlContextLoader to load context from [MergedContextConfiguration@6c49835d testClass = TestUserInfoController, locations = '{classpath:/applicationContext-mybatis.xml}', classes = '{}', contextInitializerClasses = '[]', activeProfiles = '{}', propertySourceLocations = '{}', propertySourceProperties = '{}', contextLoader = 'org.springframework.test.context.support.DelegatingSmartContextLoader', parent = [null]].
- (98 ms) - [DEBUG] 2019-01-15 19:38:41,655 org.springframework.test.context.support.AbstractGenericContextLoader - Loading ApplicationContext for merged context configuration [[MergedContextConfiguration@6c49835d testClass = TestUserInfoController, locations = '{classpath:/applicationContext-mybatis.xml}', classes = '{}', contextInitializerClasses = '[]', activeProfiles = '{}', propertySourceLocations = '{}', propertySourceProperties = '{}', contextLoader = 'org.springframework.test.context.support.DelegatingSmartContextLoader', parent = [null]]].
- (183 ms) - [DEBUG] 2019-01-15 19:38:41,740 org.springframework.core.env.StandardEnvironment - Adding [systemProperties] PropertySource with lowest search precedence
- (184 ms) - [DEBUG] 2019-01-15 19:38:41,741 org.springframework.core.env.StandardEnvironment - Adding [systemEnvironment] PropertySource with lowest search precedence
- (185 ms) - [DEBUG] 2019-01-15 19:38:41,742 org.springframework.core.env.StandardEnvironment - Initialized StandardEnvironment with PropertySources [systemProperties,systemEnvironment]
- (191 ms) - [INFO] 2019-01-15 19:38:41,748 org.springframework.beans.factory.xml.XmlBeanDefinitionReader - Loading XML bean definitions from class path resource [applicationContext-mybatis.xml]
- (212 ms) - [DEBUG] 2019-01-15 19:38:41,769 org.springframework.beans.factory.xml.DefaultDocumentLoader - Using JAXP provider [com.sun.org.apache.xerces.internal.jaxp.DocumentBuilderFactoryImpl]
- (244 ms) - [DEBUG] 2019-01-15 19:38:41,801 org.springframework.beans.factory.xml.PluggableSchemaResolver - Loading schema mappings from [META-INF/spring.schemas]
- (250 ms) - [DEBUG] 2019-01-15 19:38:41,807 org.springframework.beans.factory.xml.PluggableSchemaResolver - Loaded schema mappings: {http://www.springframework.org/schema/tx/spring-tx-2.5.xsd=org/springframework/transaction/config/spring-tx-2.5.xsd, http://www.springframework.org/schema/aop/spring-aop-4.1.xsd=org/springframework/aop/config/spring-aop-4.1.xsd, http://www.springframework.org/schema/context/spring-context-3.1.xsd=org/springframework/context/config/spring-context-3.1.xsd, http://www.springframework.org/schema/jdbc/spring-jdbc-4.1.xsd=org/springframework/jdbc/config/spring-jdbc-4.1.xsd, http://www.springframework.org/schema/jms/spring-jms-2.5.xsd=org/springframework/jms/config/spring-jms-2.5.xsd, http://www.springframework.org/schema/util/spring-util-3.0.xsd=org/springframework/beans/factory/xml/spring-util-3.0.xsd, http://www.springframework.org/schema/mvc/spring-mvc-4.1.xsd=org/springframework/web/servlet/config/spring-mvc-4.1.xsd, http://www.springframework.org/schema/tool/spring-tool.xsd=org/springframework/beans/factory/xml/spring-tool-4.1.xsd, http://www.springframework.org/schema/aop/spring-aop-3.2.xsd=org/springframework/aop/config/spring-aop-3.2.xsd, http://mybatis.org/schema/mybatis-spring-1.2.xsd=org/mybatis/spring/config/mybatis-spring-1.2.xsd, http://www.springframework.org/schema/lang/spring-lang-4.1.xsd=org/springframework/scripting/config/spring-lang-4.1.xsd, http://www.springframework.org/schema/context/spring-context-4.0.xsd=org/springframework/context/config/spring-context-4.0.xsd, http://www.springframework.org/schema/mvc/spring-mvc-3.2.xsd=org/springframework/web/servlet/config/spring-mvc-3.2.xsd, http://www.springframework.org/schema/oxm/spring-oxm-3.0.xsd=org/springframework/oxm/config/spring-oxm-3.0.xsd, http://www.springframework.org/schema/tool/spring-tool-4.1.xsd=org/springframework/beans/factory/xml/spring-tool-4.1.xsd, http://www.springframework.org/schema/lang/spring-lang-3.2.xsd=org/springframework/scripting/config/spring-lang-3.2.xsd, http://www.springframework.org/schema/cache/spring-cache-3.2.xsd=org/springframework/cache/config/spring-cache-3.2.xsd, http://www.springframework.org/schema/jee/spring-jee-4.1.xsd=org/springframework/ejb/config/spring-jee-4.1.xsd, http://www.springframework.org/schema/jdbc/spring-jdbc-3.1.xsd=org/springframework/jdbc/config/spring-jdbc-3.1.xsd, http://www.springframework.org/schema/util/spring-util-2.0.xsd=org/springframework/beans/factory/xml/spring-util-2.0.xsd, http://www.springframework.org/schema/tool/spring-tool-3.2.xsd=org/springframework/beans/factory/xml/spring-tool-3.2.xsd, http://www.springframework.org/schema/context/spring-context.xsd=org/springframework/context/config/spring-context-4.1.xsd, http://www.springframework.org/schema/cache/spring-cache-4.1.xsd=org/springframework/cache/config/spring-cache-4.1.xsd, http://www.springframework.org/schema/aop/spring-aop-4.0.xsd=org/springframework/aop/config/spring-aop-4.0.xsd, http://www.springframework.org/schema/jee/spring-jee-3.2.xsd=org/springframework/ejb/config/spring-jee-3.2.xsd, http://www.springframework.org/schema/context/spring-context-3.0.xsd=org/springframework/context/config/spring-context-3.0.xsd, http://www.springframework.org/schema/jdbc/spring-jdbc-4.0.xsd=org/springframework/jdbc/config/spring-jdbc-4.0.xsd, http://www.springframework.org/schema/util/spring-util-2.5.xsd=org/springframework/beans/factory/xml/spring-util-2.5.xsd, http://www.springframework.org/schema/mvc/spring-mvc-4.0.xsd=org/springframework/web/servlet/config/spring-mvc-4.0.xsd, http://www.springframework.org/schema/beans/spring-beans-3.2.xsd=org/springframework/beans/factory/xml/spring-beans-3.2.xsd, http://www.springframework.org/schema/aop/spring-aop-3.1.xsd=org/springframework/aop/config/spring-aop-3.1.xsd, http://www.springframework.org/schema/lang/spring-lang-4.0.xsd=org/springframework/scripting/config/spring-lang-4.0.xsd, http://www.springframework.org/schema/mvc/spring-mvc.xsd=org/springframework/web/servlet/config/spring-mvc-4.1.xsd, http://www.springframework.org/schema/mvc/spring-mvc-3.1.xsd=org/springframework/web/servlet/config/spring-mvc-3.1.xsd, http://www.springframework.org/schema/beans/spring-beans-4.1.xsd=org/springframework/beans/factory/xml/spring-beans-4.1.xsd, http://www.springframework.org/schema/tool/spring-tool-4.0.xsd=org/springframework/beans/factory/xml/spring-tool-4.0.xsd, http://www.springframework.org/schema/lang/spring-lang-3.1.xsd=org/springframework/scripting/config/spring-lang-3.1.xsd, http://www.springframework.org/schema/tx/spring-tx-3.2.xsd=org/springframework/transaction/config/spring-tx-3.2.xsd, http://www.springframework.org/schema/cache/spring-cache-3.1.xsd=org/springframework/cache/config/spring-cache-3.1.xsd, http://www.springframework.org/schema/jee/spring-jee-4.0.xsd=org/springframework/ejb/config/spring-jee-4.0.xsd, http://www.springframework.org/schema/jdbc/spring-jdbc-3.0.xsd=org/springframework/jdbc/config/spring-jdbc-3.0.xsd, http://www.springframework.org/schema/task/spring-task-4.1.xsd=org/springframework/scheduling/config/spring-task-4.1.xsd, http://www.springframework.org/schema/tool/spring-tool-3.1.xsd=org/springframework/beans/factory/xml/spring-tool-3.1.xsd, http://www.springframework.org/schema/jdbc/spring-jdbc.xsd=org/springframework/jdbc/config/spring-jdbc-4.1.xsd, http://www.springframework.org/schema/tx/spring-tx-4.1.xsd=org/springframework/transaction/config/spring-tx-4.1.xsd, http://www.springframework.org/schema/cache/spring-cache-4.0.xsd=org/springframework/cache/config/spring-cache-4.0.xsd, http://www.springframework.org/schema/jee/spring-jee-3.1.xsd=org/springframework/ejb/config/spring-jee-3.1.xsd, http://www.springframework.org/schema/task/spring-task-3.2.xsd=org/springframework/scheduling/config/spring-task-3.2.xsd, http://www.springframework.org/schema/beans/spring-beans-3.1.xsd=org/springframework/beans/factory/xml/spring-beans-3.1.xsd, http://www.springframework.org/schema/util/spring-util.xsd=org/springframework/beans/factory/xml/spring-util-4.1.xsd, http://www.springframework.org/schema/aop/spring-aop-3.0.xsd=org/springframework/aop/config/spring-aop-3.0.xsd, http://www.springframework.org/schema/jms/spring-jms-3.2.xsd=org/springframework/jms/config/spring-jms-3.2.xsd, http://www.springframework.org/schema/mvc/spring-mvc-3.0.xsd=org/springframework/web/servlet/config/spring-mvc-3.0.xsd, http://www.springframework.org/schema/beans/spring-beans-4.0.xsd=org/springframework/beans/factory/xml/spring-beans-4.0.xsd, http://www.springframework.org/schema/beans/spring-beans.xsd=org/springframework/beans/factory/xml/spring-beans-4.1.xsd, http://www.springframework.org/schema/plugin/spring-plugin.xsd=org/springframework/plugin/core/config/spring-plugin.xsd, http://www.springframework.org/schema/lang/spring-lang-3.0.xsd=org/springframework/scripting/config/spring-lang-3.0.xsd, http://www.springframework.org/schema/tx/spring-tx-3.1.xsd=org/springframework/transaction/config/spring-tx-3.1.xsd, http://mybatis.org/schema/mybatis-spring.xsd=org/mybatis/spring/config/mybatis-spring-1.2.xsd, http://www.springframework.org/schema/context/spring-context-2.5.xsd=org/springframework/context/config/spring-context-2.5.xsd, http://www.springframework.org/schema/jms/spring-jms-4.1.xsd=org/springframework/jms/config/spring-jms-4.1.xsd, http://www.springframework.org/schema/task/spring-task-4.0.xsd=org/springframework/scheduling/config/spring-task-4.0.xsd, http://www.springframework.org/schema/tool/spring-tool-3.0.xsd=org/springframework/beans/factory/xml/spring-tool-3.0.xsd, http://www.springframework.org/schema/tx/spring-tx-4.0.xsd=org/springframework/transaction/config/spring-tx-4.0.xsd, http://www.springframework.org/schema/aop/spring-aop-2.0.xsd=org/springframework/aop/config/spring-aop-2.0.xsd, http://www.springframework.org/schema/jee/spring-jee-3.0.xsd=org/springframework/ejb/config/spring-jee-3.0.xsd, http://www.springframework.org/schema/util/spring-util-4.1.xsd=org/springframework/beans/factory/xml/spring-util-4.1.xsd, http://www.springframework.org/schema/task/spring-task-3.1.xsd=org/springframework/scheduling/config/spring-task-3.1.xsd, http://www.springframework.org/schema/beans/spring-beans-3.0.xsd=org/springframework/beans/factory/xml/spring-beans-3.0.xsd, http://www.springframework.org/schema/jee/spring-jee.xsd=org/springframework/ejb/config/spring-jee-4.1.xsd, http://www.springframework.org/schema/aop/spring-aop-2.5.xsd=org/springframework/aop/config/spring-aop-2.5.xsd, http://www.springframework.org/schema/jms/spring-jms.xsd=org/springframework/jms/config/spring-jms-4.1.xsd, http://www.springframework.org/schema/lang/spring-lang-2.0.xsd=org/springframework/scripting/config/spring-lang-2.0.xsd, http://www.springframework.org/schema/jms/spring-jms-3.1.xsd=org/springframework/jms/config/spring-jms-3.1.xsd, http://www.springframework.org/schema/oxm/spring-oxm.xsd=org/springframework/oxm/config/spring-oxm-4.1.xsd, http://www.springframework.org/schema/util/spring-util-3.2.xsd=org/springframework/beans/factory/xml/spring-util-3.2.xsd, http://www.springframework.org/schema/oxm/spring-oxm-4.1.xsd=org/springframework/oxm/config/spring-oxm-4.1.xsd, http://www.springframework.org/schema/task/spring-task.xsd=org/springframework/scheduling/config/spring-task-4.1.xsd, http://www.springframework.org/schema/tool/spring-tool-2.0.xsd=org/springframework/beans/factory/xml/spring-tool-2.0.xsd, http://www.springframework.org/schema/tx/spring-tx-3.0.xsd=org/springframework/transaction/config/spring-tx-3.0.xsd, http://www.springframework.org/schema/lang/spring-lang-2.5.xsd=org/springframework/scripting/config/spring-lang-2.5.xsd, http://www.springframework.org/schema/jee/spring-jee-2.0.xsd=org/springframework/ejb/config/spring-jee-2.0.xsd, http://www.springframework.org/schema/jms/spring-jms-4.0.xsd=org/springframework/jms/config/spring-jms-4.0.xsd, http://www.springframework.org/schema/oxm/spring-oxm-3.2.xsd=org/springframework/oxm/config/spring-oxm-3.2.xsd, http://www.springframework.org/schema/tool/spring-tool-2.5.xsd=org/springframework/beans/factory/xml/spring-tool-2.5.xsd, http://www.springframework.org/schema/jee/spring-jee-2.5.xsd=org/springframework/ejb/config/spring-jee-2.5.xsd, http://www.springframework.org/schema/util/spring-util-4.0.xsd=org/springframework/beans/factory/xml/spring-util-4.0.xsd, http://www.springframework.org/schema/task/spring-task-3.0.xsd=org/springframework/scheduling/config/spring-task-3.0.xsd, http://www.springframework.org/schema/lang/spring-lang.xsd=org/springframework/scripting/config/spring-lang-4.1.xsd, http://www.springframework.org/schema/context/spring-context-3.2.xsd=org/springframework/context/config/spring-context-3.2.xsd, http://www.springframework.org/schema/jms/spring-jms-3.0.xsd=org/springframework/jms/config/spring-jms-3.0.xsd, http://www.springframework.org/schema/util/spring-util-3.1.xsd=org/springframework/beans/factory/xml/spring-util-3.1.xsd, http://www.springframework.org/schema/beans/spring-beans-2.0.xsd=org/springframework/beans/factory/xml/spring-beans-2.0.xsd, http://www.springframework.org/schema/oxm/spring-oxm-4.0.xsd=org/springframework/oxm/config/spring-oxm-4.0.xsd, http://www.springframework.org/schema/cache/spring-cache.xsd=org/springframework/cache/config/spring-cache-4.1.xsd, http://www.springframework.org/schema/tx/spring-tx.xsd=org/springframework/transaction/config/spring-tx-4.1.xsd, http://www.springframework.org/schema/context/spring-context-4.1.xsd=org/springframework/context/config/spring-context-4.1.xsd, http://www.springframework.org/schema/beans/spring-beans-2.5.xsd=org/springframework/beans/factory/xml/spring-beans-2.5.xsd, http://www.springframework.org/schema/oxm/spring-oxm-3.1.xsd=org/springframework/oxm/config/spring-oxm-3.1.xsd, http://www.springframework.org/schema/tx/spring-tx-2.0.xsd=org/springframework/transaction/config/spring-tx-2.0.xsd, http://www.springframework.org/schema/jdbc/spring-jdbc-3.2.xsd=org/springframework/jdbc/config/spring-jdbc-3.2.xsd, http://www.springframework.org/schema/aop/spring-aop.xsd=org/springframework/aop/config/spring-aop-4.1.xsd}
- (253 ms) - [DEBUG] 2019-01-15 19:38:41,810 org.springframework.beans.factory.xml.PluggableSchemaResolver - Found XML schema [http://www.springframework.org/schema/beans/spring-beans-2.5.xsd] in classpath: org/springframework/beans/factory/xml/spring-beans-2.5.xsd
- (308 ms) - [DEBUG] 2019-01-15 19:38:41,865 org.springframework.beans.factory.xml.PluggableSchemaResolver - Found XML schema [http://www.springframework.org/schema/mvc/spring-mvc.xsd] in classpath: org/springframework/web/servlet/config/spring-mvc-4.1.xsd
- (325 ms) - [DEBUG] 2019-01-15 19:38:41,882 org.springframework.beans.factory.xml.PluggableSchemaResolver - Found XML schema [http://www.springframework.org/schema/tool/spring-tool-4.1.xsd] in classpath: org/springframework/beans/factory/xml/spring-tool-4.1.xsd
- (333 ms) - [DEBUG] 2019-01-15 19:38:41,890 org.springframework.beans.factory.xml.PluggableSchemaResolver - Found XML schema [http://www.springframework.org/schema/context/spring-context.xsd] in classpath: org/springframework/context/config/spring-context-4.1.xsd
- (341 ms) - [DEBUG] 2019-01-15 19:38:41,898 org.springframework.beans.factory.xml.PluggableSchemaResolver - Found XML schema [http://www.springframework.org/schema/aop/spring-aop-2.5.xsd] in classpath: org/springframework/aop/config/spring-aop-2.5.xsd
- (351 ms) - [DEBUG] 2019-01-15 19:38:41,908 org.springframework.beans.factory.xml.PluggableSchemaResolver - Found XML schema [http://www.springframework.org/schema/tx/spring-tx-2.5.xsd] in classpath: org/springframework/transaction/config/spring-tx-2.5.xsd
- (362 ms) - [DEBUG] 2019-01-15 19:38:41,919 org.springframework.beans.factory.xml.DefaultBeanDefinitionDocumentReader - Loading bean definitions
- (379 ms) - [DEBUG] 2019-01-15 19:38:41,936 org.springframework.beans.factory.xml.DefaultNamespaceHandlerResolver - Loaded NamespaceHandler mappings: {http://www.springframework.org/schema/p=org.springframework.beans.factory.xml.SimplePropertyNamespaceHandler, http://www.springframework.org/schema/mvc=org.springframework.web.servlet.config.MvcNamespaceHandler, http://www.springframework.org/schema/util=org.springframework.beans.factory.xml.UtilNamespaceHandler, http://www.springframework.org/schema/jee=org.springframework.ejb.config.JeeNamespaceHandler, http://www.springframework.org/schema/aop=org.springframework.aop.config.AopNamespaceHandler, http://www.springframework.org/schema/jdbc=org.springframework.jdbc.config.JdbcNamespaceHandler, http://www.springframework.org/schema/oxm=org.springframework.oxm.config.OxmNamespaceHandler, http://www.springframework.org/schema/cache=org.springframework.cache.config.CacheNamespaceHandler, http://mybatis.org/schema/mybatis-spring=org.mybatis.spring.config.NamespaceHandler, http://www.springframework.org/schema/c=org.springframework.beans.factory.xml.SimpleConstructorNamespaceHandler, http://www.springframework.org/schema/plugin=org.springframework.plugin.core.config.PluginNamespaceHandler, http://www.springframework.org/schema/tx=org.springframework.transaction.config.TxNamespaceHandler, http://www.springframework.org/schema/jms=org.springframework.jms.config.JmsNamespaceHandler, http://www.springframework.org/schema/task=org.springframework.scheduling.config.TaskNamespaceHandler, http://www.springframework.org/schema/lang=org.springframework.scripting.config.LangNamespaceHandler, http://www.springframework.org/schema/context=org.springframework.context.config.ContextNamespaceHandler}
- (434 ms) - [DEBUG] 2019-01-15 19:38:41,991 org.springframework.core.io.support.PathMatchingResourcePatternResolver - Looking for matching resources in directory tree [E:\ideaXM\itrip\itrip-biz\target\test-classes\cn\itrip\service]
- (435 ms) - [DEBUG] 2019-01-15 19:38:41,992 org.springframework.core.io.support.PathMatchingResourcePatternResolver - Searching directory [E:\ideaXM\itrip\itrip-biz\target\test-classes\cn\itrip\service] for files matching pattern [E:/ideaXM/itrip/itrip-biz/target/test-classes/cn/itrip/service/**/*.class]
- (438 ms) - [DEBUG] 2019-01-15 19:38:41,995 org.springframework.core.io.support.PathMatchingResourcePatternResolver - Searching directory [E:\ideaXM\itrip\itrip-biz\target\test-classes\cn\itrip\service\areadic] for files matching pattern [E:/ideaXM/itrip/itrip-biz/target/test-classes/cn/itrip/service/**/*.class]
- (442 ms) - [DEBUG] 2019-01-15 19:38:41,999 org.springframework.core.io.support.PathMatchingResourcePatternResolver - Searching directory [E:\ideaXM\itrip\itrip-biz\target\test-classes\cn\itrip\service\labeldic] for files matching pattern [E:/ideaXM/itrip/itrip-biz/target/test-classes/cn/itrip/service/**/*.class]
- (444 ms) - [DEBUG] 2019-01-15 19:38:42,001 org.springframework.core.io.support.PathMatchingResourcePatternResolver - Searching directory [E:\ideaXM\itrip\itrip-biz\target\test-classes\cn\itrip\service\user] for files matching pattern [E:/ideaXM/itrip/itrip-biz/target/test-classes/cn/itrip/service/**/*.class]
- (445 ms) - [DEBUG] 2019-01-15 19:38:42,002 org.springframework.core.io.support.PathMatchingResourcePatternResolver - Searching directory [E:\ideaXM\itrip\itrip-biz\target\test-classes\cn\itrip\service\userlinkuser] for files matching pattern [E:/ideaXM/itrip/itrip-biz/target/test-classes/cn/itrip/service/**/*.class]
- (447 ms) - [DEBUG] 2019-01-15 19:38:42,004 org.springframework.core.io.support.PathMatchingResourcePatternResolver - Looking for matching resources in directory tree [E:\ideaXM\itrip\itrip-biz\target\classes\cn\itrip\service]
- (453 ms) - [DEBUG] 2019-01-15 19:38:42,010 org.springframework.core.io.support.PathMatchingResourcePatternResolver - Searching directory [E:\ideaXM\itrip\itrip-biz\target\classes\cn\itrip\service] for files matching pattern [E:/ideaXM/itrip/itrip-biz/target/classes/cn/itrip/service/**/*.class]
- (456 ms) - [DEBUG] 2019-01-15 19:38:42,013 org.springframework.core.io.support.PathMatchingResourcePatternResolver - Searching directory [E:\ideaXM\itrip\itrip-biz\target\classes\cn\itrip\service\area] for files matching pattern [E:/ideaXM/itrip/itrip-biz/target/classes/cn/itrip/service/**/*.class]
- (457 ms) - [DEBUG] 2019-01-15 19:38:42,014 org.springframework.core.io.support.PathMatchingResourcePatternResolver - Searching directory [E:\ideaXM\itrip\itrip-biz\target\classes\cn\itrip\service\areadic] for files matching pattern [E:/ideaXM/itrip/itrip-biz/target/classes/cn/itrip/service/**/*.class]
- (459 ms) - [DEBUG] 2019-01-15 19:38:42,016 org.springframework.core.io.support.PathMatchingResourcePatternResolver - Searching directory [E:\ideaXM\itrip\itrip-biz\target\classes\cn\itrip\service\comment] for files matching pattern [E:/ideaXM/itrip/itrip-biz/target/classes/cn/itrip/service/**/*.class]
- (461 ms) - [DEBUG] 2019-01-15 19:38:42,018 org.springframework.core.io.support.PathMatchingResourcePatternResolver - Searching directory [E:\ideaXM\itrip\itrip-biz\target\classes\cn\itrip\service\hotelorder] for files matching pattern [E:/ideaXM/itrip/itrip-biz/target/classes/cn/itrip/service/**/*.class]
- (466 ms) - [DEBUG] 2019-01-15 19:38:42,023 org.springframework.core.io.support.PathMatchingResourcePatternResolver - Searching directory [E:\ideaXM\itrip\itrip-biz\target\classes\cn\itrip\service\image] for files matching pattern [E:/ideaXM/itrip/itrip-biz/target/classes/cn/itrip/service/**/*.class]
- (468 ms) - [DEBUG] 2019-01-15 19:38:42,025 org.springframework.core.io.support.PathMatchingResourcePatternResolver - Searching directory [E:\ideaXM\itrip\itrip-biz\target\classes\cn\itrip\service\label] for files matching pattern [E:/ideaXM/itrip/itrip-biz/target/classes/cn/itrip/service/**/*.class]
- (469 ms) - [DEBUG] 2019-01-15 19:38:42,026 org.springframework.core.io.support.PathMatchingResourcePatternResolver - Searching directory [E:\ideaXM\itrip\itrip-biz\target\classes\cn\itrip\service\labeldic] for files matching pattern [E:/ideaXM/itrip/itrip-biz/target/classes/cn/itrip/service/**/*.class]
- (470 ms) - [DEBUG] 2019-01-15 19:38:42,027 org.springframework.core.io.support.PathMatchingResourcePatternResolver - Searching directory [E:\ideaXM\itrip\itrip-biz\target\classes\cn\itrip\service\user] for files matching pattern [E:/ideaXM/itrip/itrip-biz/target/classes/cn/itrip/service/**/*.class]
- (471 ms) - [DEBUG] 2019-01-15 19:38:42,028 org.springframework.core.io.support.PathMatchingResourcePatternResolver - Searching directory [E:\ideaXM\itrip\itrip-biz\target\classes\cn\itrip\service\userlinkuser] for files matching pattern [E:/ideaXM/itrip/itrip-biz/target/classes/cn/itrip/service/**/*.class]
- (475 ms) - [DEBUG] 2019-01-15 19:38:42,032 org.springframework.core.io.support.PathMatchingResourcePatternResolver - Resolved location pattern [classpath*:cn/itrip/service/**/*.class] to resources [file [E:\ideaXM\itrip\itrip-biz\target\test-classes\cn\itrip\service\areadic\TestItripAreaDicService.class], file [E:\ideaXM\itrip\itrip-biz\target\test-classes\cn\itrip\service\labeldic\TestItripLabelDicService.class], file [E:\ideaXM\itrip\itrip-biz\target\test-classes\cn\itrip\service\user\TestItripUserService.class], file [E:\ideaXM\itrip\itrip-biz\target\test-classes\cn\itrip\service\userlinkuser\TestItripUserLinkUserService.class], file [E:\ideaXM\itrip\itrip-biz\target\classes\cn\itrip\service\area\ItripHotService.class], file [E:\ideaXM\itrip\itrip-biz\target\classes\cn\itrip\service\area\ItripHotServiceImpl.class], file [E:\ideaXM\itrip\itrip-biz\target\classes\cn\itrip\service\areadic\ItripAreaDicService.class], file [E:\ideaXM\itrip\itrip-biz\target\classes\cn\itrip\service\areadic\ItripAreaDicServiceImpl.class], file [E:\ideaXM\itrip\itrip-biz\target\classes\cn\itrip\service\comment\ItripCommentService.class], file [E:\ideaXM\itrip\itrip-biz\target\classes\cn\itrip\service\comment\ItripCommentServiceImpl.class], file [E:\ideaXM\itrip\itrip-biz\target\classes\cn\itrip\service\hotelorder\ItripHotelOrderService.class], file [E:\ideaXM\itrip\itrip-biz\target\classes\cn\itrip\service\hotelorder\ItripHotelOrderServiceImpl.class], file [E:\ideaXM\itrip\itrip-biz\target\classes\cn\itrip\service\image\ItripImageService.class], file [E:\ideaXM\itrip\itrip-biz\target\classes\cn\itrip\service\image\ItripImageServiceImpl.class], file [E:\ideaXM\itrip\itrip-biz\target\classes\cn\itrip\service\label\ItripLabelService.class], file [E:\ideaXM\itrip\itrip-biz\target\classes\cn\itrip\service\label\ItripLabelServiceImpl.class], file [E:\ideaXM\itrip\itrip-biz\target\classes\cn\itrip\service\labeldic\ItripLabelDicService.class], file [E:\ideaXM\itrip\itrip-biz\target\classes\cn\itrip\service\labeldic\ItripLabelDicServiceImpl.class], file [E:\ideaXM\itrip\itrip-biz\target\classes\cn\itrip\service\user\ItripUserService.class], file [E:\ideaXM\itrip\itrip-biz\target\classes\cn\itrip\service\user\ItripUserServiceImpl.class], file [E:\ideaXM\itrip\itrip-biz\target\classes\cn\itrip\service\userlinkuser\ItripUserLinkUserService.class], file [E:\ideaXM\itrip\itrip-biz\target\classes\cn\itrip\service\userlinkuser\ItripUserLinkUserServiceImpl.class]]
- (516 ms) - [DEBUG] 2019-01-15 19:38:42,073 org.springframework.context.annotation.ClassPathBeanDefinitionScanner - Identified candidate component class: file [E:\ideaXM\itrip\itrip-biz\target\classes\cn\itrip\service\area\ItripHotServiceImpl.class]
- (518 ms) - [DEBUG] 2019-01-15 19:38:42,075 org.springframework.context.annotation.ClassPathBeanDefinitionScanner - Identified candidate component class: file [E:\ideaXM\itrip\itrip-biz\target\classes\cn\itrip\service\areadic\ItripAreaDicServiceImpl.class]
- (520 ms) - [DEBUG] 2019-01-15 19:38:42,077 org.springframework.context.annotation.ClassPathBeanDefinitionScanner - Identified candidate component class: file [E:\ideaXM\itrip\itrip-biz\target\classes\cn\itrip\service\comment\ItripCommentServiceImpl.class]
- (521 ms) - [DEBUG] 2019-01-15 19:38:42,078 org.springframework.context.annotation.ClassPathBeanDefinitionScanner - Identified candidate component class: file [E:\ideaXM\itrip\itrip-biz\target\classes\cn\itrip\service\hotelorder\ItripHotelOrderServiceImpl.class]
- (524 ms) - [DEBUG] 2019-01-15 19:38:42,081 org.springframework.context.annotation.ClassPathBeanDefinitionScanner - Identified candidate component class: file [E:\ideaXM\itrip\itrip-biz\target\classes\cn\itrip\service\image\ItripImageServiceImpl.class]
- (525 ms) - [DEBUG] 2019-01-15 19:38:42,082 org.springframework.context.annotation.ClassPathBeanDefinitionScanner - Identified candidate component class: file [E:\ideaXM\itrip\itrip-biz\target\classes\cn\itrip\service\label\ItripLabelServiceImpl.class]
- (527 ms) - [DEBUG] 2019-01-15 19:38:42,084 org.springframework.context.annotation.ClassPathBeanDefinitionScanner - Identified candidate component class: file [E:\ideaXM\itrip\itrip-biz\target\classes\cn\itrip\service\labeldic\ItripLabelDicServiceImpl.class]
- (528 ms) - [DEBUG] 2019-01-15 19:38:42,085 org.springframework.context.annotation.ClassPathBeanDefinitionScanner - Identified candidate component class: file [E:\ideaXM\itrip\itrip-biz\target\classes\cn\itrip\service\user\ItripUserServiceImpl.class]
- (530 ms) - [DEBUG] 2019-01-15 19:38:42,087 org.springframework.context.annotation.ClassPathBeanDefinitionScanner - Identified candidate component class: file [E:\ideaXM\itrip\itrip-biz\target\classes\cn\itrip\service\userlinkuser\ItripUserLinkUserServiceImpl.class]
- (589 ms) - [DEBUG] 2019-01-15 19:38:42,146 org.springframework.beans.factory.xml.BeanDefinitionParserDelegate - Neither XML 'id' nor 'name' specified - using generated bean name [org.mybatis.spring.mapper.MapperScannerConfigurer#0]
- (594 ms) - [DEBUG] 2019-01-15 19:38:42,151 org.springframework.beans.factory.xml.XmlBeanDefinitionReader - Loaded 31 bean definitions from location pattern [classpath:/applicationContext-mybatis.xml]
- (597 ms) - [INFO] 2019-01-15 19:38:42,154 org.springframework.context.support.GenericApplicationContext - Refreshing org.springframework.context.support.GenericApplicationContext@1f57539: startup date [Tue Jan 15 19:38:42 CST 2019]; root of context hierarchy
- (597 ms) - [DEBUG] 2019-01-15 19:38:42,154 org.springframework.context.support.GenericApplicationContext - Bean factory for org.springframework.context.support.GenericApplicationContext@1f57539: org.springframework.beans.factory.support.DefaultListableBeanFactory@7722c3c3: defining beans [org.springframework.web.servlet.resource.DefaultServletHttpRequestHandler#0,org.springframework.web.servlet.handler.SimpleUrlHandlerMapping#0,org.springframework.web.servlet.handler.BeanNameUrlHandlerMapping,org.springframework.web.servlet.mvc.HttpRequestHandlerAdapter,org.springframework.web.servlet.mvc.SimpleControllerHandlerAdapter,itripHotServiceImpl,itripAreaDicServiceImpl,itripCommentServiceImpl,itripHotelOrderServiceImpl,itripImageServiceImpl,itripLabelServiceImpl,itripLabelDicServiceImpl,itripUserServiceImpl,itripUserLinkUserServiceImpl,org.springframework.context.annotation.internalConfigurationAnnotationProcessor,org.springframework.context.annotation.internalAutowiredAnnotationProcessor,org.springframework.context.annotation.internalRequiredAnnotationProcessor,org.springframework.context.annotation.internalCommonAnnotationProcessor,org.springframework.context.support.PropertySourcesPlaceholderConfigurer#0,dataSource,txManager,sqlSessionFactoryBean,org.springframework.aop.config.internalAutoProxyCreator,transService,org.springframework.aop.support.DefaultBeanFactoryPointcutAdvisor#0,myAdvice,org.mybatis.spring.mapper.MapperScannerConfigurer#0,jedisPoolConfig,jedisPool,redisAPI,validationToken]; root of factory hierarchy
- (630 ms) - [DEBUG] 2019-01-15 19:38:42,187 org.springframework.beans.factory.support.DefaultListableBeanFactory - Creating shared instance of singleton bean 'org.springframework.context.annotation.internalConfigurationAnnotationProcessor'
- (630 ms) - [DEBUG] 2019-01-15 19:38:42,187 org.springframework.beans.factory.support.DefaultListableBeanFactory - Creating instance of bean 'org.springframework.context.annotation.internalConfigurationAnnotationProcessor'
- (643 ms) - [DEBUG] 2019-01-15 19:38:42,200 org.springframework.beans.factory.support.DefaultListableBeanFactory - Eagerly caching bean 'org.springframework.context.annotation.internalConfigurationAnnotationProcessor' to allow for resolving potential circular references
- (649 ms) - [DEBUG] 2019-01-15 19:38:42,206 org.springframework.beans.factory.support.DefaultListableBeanFactory - Finished creating instance of bean 'org.springframework.context.annotation.internalConfigurationAnnotationProcessor'
- (734 ms) - [DEBUG] 2019-01-15 19:38:42,291 org.springframework.beans.factory.support.DefaultListableBeanFactory - Creating shared instance of singleton bean 'org.mybatis.spring.mapper.MapperScannerConfigurer#0'
- (734 ms) - [DEBUG] 2019-01-15 19:38:42,291 org.springframework.beans.factory.support.DefaultListableBeanFactory - Creating instance of bean 'org.mybatis.spring.mapper.MapperScannerConfigurer#0'
- (735 ms) - [DEBUG] 2019-01-15 19:38:42,292 org.springframework.beans.factory.support.DefaultListableBeanFactory - Eagerly caching bean 'org.mybatis.spring.mapper.MapperScannerConfigurer#0' to allow for resolving potential circular references
- (766 ms) - [DEBUG] 2019-01-15 19:38:42,323 org.springframework.beans.factory.support.DefaultListableBeanFactory - Invoking afterPropertiesSet() on bean with name 'org.mybatis.spring.mapper.MapperScannerConfigurer#0'
- (766 ms) - [DEBUG] 2019-01-15 19:38:42,323 org.springframework.beans.factory.support.DefaultListableBeanFactory - Finished creating instance of bean 'org.mybatis.spring.mapper.MapperScannerConfigurer#0'
- (768 ms) - [DEBUG] 2019-01-15 19:38:42,325 org.springframework.core.env.StandardEnvironment - Adding [systemProperties] PropertySource with lowest search precedence
- (769 ms) - [DEBUG] 2019-01-15 19:38:42,326 org.springframework.core.env.StandardEnvironment - Adding [systemEnvironment] PropertySource with lowest search precedence
- (769 ms) - [DEBUG] 2019-01-15 19:38:42,326 org.springframework.core.env.StandardEnvironment - Initialized StandardEnvironment with PropertySources [systemProperties,systemEnvironment]
- (773 ms) - [DEBUG] 2019-01-15 19:38:42,330 org.springframework.core.io.support.PathMatchingResourcePatternResolver - Looking for matching resources in jar file [file:/E:/ideaXM/itrip/itrip-dao/target/itrip-dao-1.0-SNAPSHOT.jar]
- (774 ms) - [DEBUG] 2019-01-15 19:38:42,331 org.springframework.core.io.support.PathMatchingResourcePatternResolver - Resolved location pattern [classpath*:cn/itrip/dao/**/*.class] to resources [URL [jar:file:/E:/ideaXM/itrip/itrip-dao/target/itrip-dao-1.0-SNAPSHOT.jar!/cn/itrip/dao/area/ItripHotMapper.class], URL [jar:file:/E:/ideaXM/itrip/itrip-dao/target/itrip-dao-1.0-SNAPSHOT.jar!/cn/itrip/dao/areadic/ItripAreaDicMapper.class], URL [jar:file:/E:/ideaXM/itrip/itrip-dao/target/itrip-dao-1.0-SNAPSHOT.jar!/cn/itrip/dao/comment/ItripCommentMapper.class], URL [jar:file:/E:/ideaXM/itrip/itrip-dao/target/itrip-dao-1.0-SNAPSHOT.jar!/cn/itrip/dao/hotel/ItripHotelMapper.class], URL [jar:file:/E:/ideaXM/itrip/itrip-dao/target/itrip-dao-1.0-SNAPSHOT.jar!/cn/itrip/dao/hotelorder/ItripHotelOrderMapper.class], URL [jar:file:/E:/ideaXM/itrip/itrip-dao/target/itrip-dao-1.0-SNAPSHOT.jar!/cn/itrip/dao/image/ItripImageMapper.class], URL [jar:file:/E:/ideaXM/itrip/itrip-dao/target/itrip-dao-1.0-SNAPSHOT.jar!/cn/itrip/dao/label/ItripLabelMapper.class], URL [jar:file:/E:/ideaXM/itrip/itrip-dao/target/itrip-dao-1.0-SNAPSHOT.jar!/cn/itrip/dao/labeldic/ItripLabelDicMapper.class], URL [jar:file:/E:/ideaXM/itrip/itrip-dao/target/itrip-dao-1.0-SNAPSHOT.jar!/cn/itrip/dao/user/ItripUserMapper.class], URL [jar:file:/E:/ideaXM/itrip/itrip-dao/target/itrip-dao-1.0-SNAPSHOT.jar!/cn/itrip/dao/userlinkuser/ItripUserLinkUserMapper.class]]
- (775 ms) - [DEBUG] 2019-01-15 19:38:42,332 org.mybatis.spring.mapper.ClassPathMapperScanner - Identified candidate component class: URL [jar:file:/E:/ideaXM/itrip/itrip-dao/target/itrip-dao-1.0-SNAPSHOT.jar!/cn/itrip/dao/area/ItripHotMapper.class]
- (777 ms) - [DEBUG] 2019-01-15 19:38:42,334 org.mybatis.spring.mapper.ClassPathMapperScanner - Identified candidate component class: URL [jar:file:/E:/ideaXM/itrip/itrip-dao/target/itrip-dao-1.0-SNAPSHOT.jar!/cn/itrip/dao/areadic/ItripAreaDicMapper.class]
- (783 ms) - [DEBUG] 2019-01-15 19:38:42,340 org.mybatis.spring.mapper.ClassPathMapperScanner - Identified candidate component class: URL [jar:file:/E:/ideaXM/itrip/itrip-dao/target/itrip-dao-1.0-SNAPSHOT.jar!/cn/itrip/dao/comment/ItripCommentMapper.class]
- (785 ms) - [DEBUG] 2019-01-15 19:38:42,342 org.mybatis.spring.mapper.ClassPathMapperScanner - Identified candidate component class: URL [jar:file:/E:/ideaXM/itrip/itrip-dao/target/itrip-dao-1.0-SNAPSHOT.jar!/cn/itrip/dao/hotel/ItripHotelMapper.class]
- (788 ms) - [DEBUG] 2019-01-15 19:38:42,345 org.mybatis.spring.mapper.ClassPathMapperScanner - Identified candidate component class: URL [jar:file:/E:/ideaXM/itrip/itrip-dao/target/itrip-dao-1.0-SNAPSHOT.jar!/cn/itrip/dao/hotelorder/ItripHotelOrderMapper.class]
- (789 ms) - [DEBUG] 2019-01-15 19:38:42,346 org.mybatis.spring.mapper.ClassPathMapperScanner - Identified candidate component class: URL [jar:file:/E:/ideaXM/itrip/itrip-dao/target/itrip-dao-1.0-SNAPSHOT.jar!/cn/itrip/dao/image/ItripImageMapper.class]
- (791 ms) - [DEBUG] 2019-01-15 19:38:42,348 org.mybatis.spring.mapper.ClassPathMapperScanner - Identified candidate component class: URL [jar:file:/E:/ideaXM/itrip/itrip-dao/target/itrip-dao-1.0-SNAPSHOT.jar!/cn/itrip/dao/label/ItripLabelMapper.class]
- (792 ms) - [DEBUG] 2019-01-15 19:38:42,349 org.mybatis.spring.mapper.ClassPathMapperScanner - Identified candidate component class: URL [jar:file:/E:/ideaXM/itrip/itrip-dao/target/itrip-dao-1.0-SNAPSHOT.jar!/cn/itrip/dao/labeldic/ItripLabelDicMapper.class]
- (794 ms) - [DEBUG] 2019-01-15 19:38:42,351 org.mybatis.spring.mapper.ClassPathMapperScanner - Identified candidate component class: URL [jar:file:/E:/ideaXM/itrip/itrip-dao/target/itrip-dao-1.0-SNAPSHOT.jar!/cn/itrip/dao/user/ItripUserMapper.class]
- (796 ms) - [DEBUG] 2019-01-15 19:38:42,353 org.mybatis.spring.mapper.ClassPathMapperScanner - Identified candidate component class: URL [jar:file:/E:/ideaXM/itrip/itrip-dao/target/itrip-dao-1.0-SNAPSHOT.jar!/cn/itrip/dao/userlinkuser/ItripUserLinkUserMapper.class]
- (799 ms) - [DEBUG] 2019-01-15 19:38:42,356 org.mybatis.spring.mapper.ClassPathMapperScanner - Creating MapperFactoryBean with name 'itripHotMapper' and 'cn.itrip.dao.area.ItripHotMapper' mapperInterface
- (801 ms) - [DEBUG] 2019-01-15 19:38:42,358 org.mybatis.spring.mapper.ClassPathMapperScanner - Enabling autowire by type for MapperFactoryBean with name 'itripHotMapper'.
- (801 ms) - [DEBUG] 2019-01-15 19:38:42,358 org.mybatis.spring.mapper.ClassPathMapperScanner - Creating MapperFactoryBean with name 'itripAreaDicMapper' and 'cn.itrip.dao.areadic.ItripAreaDicMapper' mapperInterface
- (801 ms) - [DEBUG] 2019-01-15 19:38:42,358 org.mybatis.spring.mapper.ClassPathMapperScanner - Enabling autowire by type for MapperFactoryBean with name 'itripAreaDicMapper'.
- (802 ms) - [DEBUG] 2019-01-15 19:38:42,359 org.mybatis.spring.mapper.ClassPathMapperScanner - Creating MapperFactoryBean with name 'itripCommentMapper' and 'cn.itrip.dao.comment.ItripCommentMapper' mapperInterface
- (802 ms) - [DEBUG] 2019-01-15 19:38:42,359 org.mybatis.spring.mapper.ClassPathMapperScanner - Enabling autowire by type for MapperFactoryBean with name 'itripCommentMapper'.
- (802 ms) - [DEBUG] 2019-01-15 19:38:42,359 org.mybatis.spring.mapper.ClassPathMapperScanner - Creating MapperFactoryBean with name 'itripHotelMapper' and 'cn.itrip.dao.hotel.ItripHotelMapper' mapperInterface
- (802 ms) - [DEBUG] 2019-01-15 19:38:42,359 org.mybatis.spring.mapper.ClassPathMapperScanner - Enabling autowire by type for MapperFactoryBean with name 'itripHotelMapper'.
- (803 ms) - [DEBUG] 2019-01-15 19:38:42,360 org.mybatis.spring.mapper.ClassPathMapperScanner - Creating MapperFactoryBean with name 'itripHotelOrderMapper' and 'cn.itrip.dao.hotelorder.ItripHotelOrderMapper' mapperInterface
- (803 ms) - [DEBUG] 2019-01-15 19:38:42,360 org.mybatis.spring.mapper.ClassPathMapperScanner - Enabling autowire by type for MapperFactoryBean with name 'itripHotelOrderMapper'.
- (804 ms) - [DEBUG] 2019-01-15 19:38:42,361 org.mybatis.spring.mapper.ClassPathMapperScanner - Creating MapperFactoryBean with name 'itripImageMapper' and 'cn.itrip.dao.image.ItripImageMapper' mapperInterface
- (804 ms) - [DEBUG] 2019-01-15 19:38:42,361 org.mybatis.spring.mapper.ClassPathMapperScanner - Enabling autowire by type for MapperFactoryBean with name 'itripImageMapper'.
- (804 ms) - [DEBUG] 2019-01-15 19:38:42,361 org.mybatis.spring.mapper.ClassPathMapperScanner - Creating MapperFactoryBean with name 'itripLabelMapper' and 'cn.itrip.dao.label.ItripLabelMapper' mapperInterface
- (806 ms) - [DEBUG] 2019-01-15 19:38:42,363 org.mybatis.spring.mapper.ClassPathMapperScanner - Enabling autowire by type for MapperFactoryBean with name 'itripLabelMapper'.
- (806 ms) - [DEBUG] 2019-01-15 19:38:42,363 org.mybatis.spring.mapper.ClassPathMapperScanner - Creating MapperFactoryBean with name 'itripLabelDicMapper' and 'cn.itrip.dao.labeldic.ItripLabelDicMapper' mapperInterface
- (807 ms) - [DEBUG] 2019-01-15 19:38:42,364 org.mybatis.spring.mapper.ClassPathMapperScanner - Enabling autowire by type for MapperFactoryBean with name 'itripLabelDicMapper'.
- (807 ms) - [DEBUG] 2019-01-15 19:38:42,364 org.mybatis.spring.mapper.ClassPathMapperScanner - Creating MapperFactoryBean with name 'itripUserMapper' and 'cn.itrip.dao.user.ItripUserMapper' mapperInterface
- (807 ms) - [DEBUG] 2019-01-15 19:38:42,364 org.mybatis.spring.mapper.ClassPathMapperScanner - Enabling autowire by type for MapperFactoryBean with name 'itripUserMapper'.
- (808 ms) - [DEBUG] 2019-01-15 19:38:42,365 org.mybatis.spring.mapper.ClassPathMapperScanner - Creating MapperFactoryBean with name 'itripUserLinkUserMapper' and 'cn.itrip.dao.userlinkuser.ItripUserLinkUserMapper' mapperInterface
- (808 ms) - [DEBUG] 2019-01-15 19:38:42,365 org.mybatis.spring.mapper.ClassPathMapperScanner - Enabling autowire by type for MapperFactoryBean with name 'itripUserLinkUserMapper'.
- (812 ms) - [DEBUG] 2019-01-15 19:38:42,369 org.springframework.beans.factory.support.DefaultListableBeanFactory - Creating shared instance of singleton bean 'org.springframework.context.support.PropertySourcesPlaceholderConfigurer#0'
- (812 ms) - [DEBUG] 2019-01-15 19:38:42,369 org.springframework.beans.factory.support.DefaultListableBeanFactory - Creating instance of bean 'org.springframework.context.support.PropertySourcesPlaceholderConfigurer#0'
- (814 ms) - [DEBUG] 2019-01-15 19:38:42,371 org.springframework.beans.factory.support.DefaultListableBeanFactory - Eagerly caching bean 'org.springframework.context.support.PropertySourcesPlaceholderConfigurer#0' to allow for resolving potential circular references
- (830 ms) - [DEBUG] 2019-01-15 19:38:42,387 org.springframework.beans.factory.support.DefaultListableBeanFactory - Finished creating instance of bean 'org.springframework.context.support.PropertySourcesPlaceholderConfigurer#0'
- (830 ms) - [DEBUG] 2019-01-15 19:38:42,387 org.springframework.core.env.MutablePropertySources - Adding [environmentProperties] PropertySource with lowest search precedence
- (831 ms) - [INFO] 2019-01-15 19:38:42,388 org.springframework.context.support.PropertySourcesPlaceholderConfigurer - Loading properties file from class path resource [database.properties]
- (832 ms) - [DEBUG] 2019-01-15 19:38:42,389 org.springframework.core.env.MutablePropertySources - Adding [localProperties] PropertySource with lowest search precedence
- (835 ms) - [DEBUG] 2019-01-15 19:38:42,392 org.springframework.core.env.PropertySourcesPropertyResolver - Searching for key 'mysql.driver' in [environmentProperties]
- (836 ms) - [DEBUG] 2019-01-15 19:38:42,393 org.springframework.core.env.PropertySourcesPropertyResolver - Searching for key 'mysql.driver' in [systemProperties]
- (836 ms) - [DEBUG] 2019-01-15 19:38:42,393 org.springframework.core.env.PropertySourcesPropertyResolver - Searching for key 'mysql.driver' in [systemEnvironment]
- (837 ms) - [DEBUG] 2019-01-15 19:38:42,394 org.springframework.core.env.PropertySourcesPropertyResolver - Could not find key 'mysql.driver' in any property source. Returning [null]
- (838 ms) - [DEBUG] 2019-01-15 19:38:42,395 org.springframework.core.env.PropertySourcesPropertyResolver - Searching for key 'mysql.driver' in [localProperties]
- (839 ms) - [DEBUG] 2019-01-15 19:38:42,396 org.springframework.core.env.PropertySourcesPropertyResolver - Found key 'mysql.driver' in [localProperties] with type [String] and value 'com.mysql.jdbc.Driver'
- (842 ms) - [DEBUG] 2019-01-15 19:38:42,399 org.springframework.core.env.PropertySourcesPropertyResolver - Searching for key 'mysql.url' in [environmentProperties]
- (843 ms) - [DEBUG] 2019-01-15 19:38:42,400 org.springframework.core.env.PropertySourcesPropertyResolver - Searching for key 'mysql.url' in [systemProperties]
- (843 ms) - [DEBUG] 2019-01-15 19:38:42,400 org.springframework.core.env.PropertySourcesPropertyResolver - Searching for key 'mysql.url' in [systemEnvironment]
- (844 ms) - [DEBUG] 2019-01-15 19:38:42,401 org.springframework.core.env.PropertySourcesPropertyResolver - Could not find key 'mysql.url' in any property source. Returning [null]
- (844 ms) - [DEBUG] 2019-01-15 19:38:42,401 org.springframework.core.env.PropertySourcesPropertyResolver - Searching for key 'mysql.url' in [localProperties]
- (845 ms) - [DEBUG] 2019-01-15 19:38:42,402 org.springframework.core.env.PropertySourcesPropertyResolver - Found key 'mysql.url' in [localProperties] with type [String] and value 'jdbc:mysql://127.0.0.1:3306/itripdb?useUnicode=true&characterEncoding=utf-8'
- (845 ms) - [DEBUG] 2019-01-15 19:38:42,402 org.springframework.core.env.PropertySourcesPropertyResolver - Searching for key 'mysql.user' in [environmentProperties]
- (846 ms) - [DEBUG] 2019-01-15 19:38:42,403 org.springframework.core.env.PropertySourcesPropertyResolver - Searching for key 'mysql.user' in [systemProperties]
- (848 ms) - [DEBUG] 2019-01-15 19:38:42,405 org.springframework.core.env.PropertySourcesPropertyResolver - Searching for key 'mysql.user' in [systemEnvironment]
- (849 ms) - [DEBUG] 2019-01-15 19:38:42,406 org.springframework.core.env.PropertySourcesPropertyResolver - Could not find key 'mysql.user' in any property source. Returning [null]
- (851 ms) - [DEBUG] 2019-01-15 19:38:42,408 org.springframework.core.env.PropertySourcesPropertyResolver - Searching for key 'mysql.user' in [localProperties]
- (851 ms) - [DEBUG] 2019-01-15 19:38:42,408 org.springframework.core.env.PropertySourcesPropertyResolver - Found key 'mysql.user' in [localProperties] with type [String] and value 'itrip'
- (852 ms) - [DEBUG] 2019-01-15 19:38:42,409 org.springframework.core.env.PropertySourcesPropertyResolver - Searching for key 'mysql.password' in [environmentProperties]
- (852 ms) - [DEBUG] 2019-01-15 19:38:42,409 org.springframework.core.env.PropertySourcesPropertyResolver - Searching for key 'mysql.password' in [systemProperties]
- (853 ms) - [DEBUG] 2019-01-15 19:38:42,410 org.springframework.core.env.PropertySourcesPropertyResolver - Searching for key 'mysql.password' in [systemEnvironment]
- (853 ms) - [DEBUG] 2019-01-15 19:38:42,410 org.springframework.core.env.PropertySourcesPropertyResolver - Could not find key 'mysql.password' in any property source. Returning [null]
- (854 ms) - [DEBUG] 2019-01-15 19:38:42,411 org.springframework.core.env.PropertySourcesPropertyResolver - Searching for key 'mysql.password' in [localProperties]
- (855 ms) - [DEBUG] 2019-01-15 19:38:42,412 org.springframework.core.env.PropertySourcesPropertyResolver - Found key 'mysql.password' in [localProperties] with type [String] and value 'itripqaz!@#$QAZXXX'
- (857 ms) - [DEBUG] 2019-01-15 19:38:42,414 org.springframework.core.env.PropertySourcesPropertyResolver - Searching for key 'mysql.initialSize' in [environmentProperties]
- (858 ms) - [DEBUG] 2019-01-15 19:38:42,415 org.springframework.core.env.PropertySourcesPropertyResolver - Searching for key 'mysql.initialSize' in [systemProperties]
- (859 ms) - [DEBUG] 2019-01-15 19:38:42,416 org.springframework.core.env.PropertySourcesPropertyResolver - Searching for key 'mysql.initialSize' in [systemEnvironment]
- (859 ms) - [DEBUG] 2019-01-15 19:38:42,416 org.springframework.core.env.PropertySourcesPropertyResolver - Could not find key 'mysql.initialSize' in any property source. Returning [null]
- (860 ms) - [DEBUG] 2019-01-15 19:38:42,417 org.springframework.core.env.PropertySourcesPropertyResolver - Searching for key 'mysql.initialSize' in [localProperties]
- (860 ms) - [DEBUG] 2019-01-15 19:38:42,417 org.springframework.core.env.PropertySourcesPropertyResolver - Found key 'mysql.initialSize' in [localProperties] with type [String] and value '5'
- (860 ms) - [DEBUG] 2019-01-15 19:38:42,417 org.springframework.core.env.PropertySourcesPropertyResolver - Searching for key 'mysql.maxActive' in [environmentProperties]
- (861 ms) - [DEBUG] 2019-01-15 19:38:42,418 org.springframework.core.env.PropertySourcesPropertyResolver - Searching for key 'mysql.maxActive' in [systemProperties]
- (861 ms) - [DEBUG] 2019-01-15 19:38:42,418 org.springframework.core.env.PropertySourcesPropertyResolver - Searching for key 'mysql.maxActive' in [systemEnvironment]
- (861 ms) - [DEBUG] 2019-01-15 19:38:42,418 org.springframework.core.env.PropertySourcesPropertyResolver - Could not find key 'mysql.maxActive' in any property source. Returning [null]
- (862 ms) - [DEBUG] 2019-01-15 19:38:42,419 org.springframework.core.env.PropertySourcesPropertyResolver - Searching for key 'mysql.maxActive' in [localProperties]
- (862 ms) - [DEBUG] 2019-01-15 19:38:42,419 org.springframework.core.env.PropertySourcesPropertyResolver - Found key 'mysql.maxActive' in [localProperties] with type [String] and value '100'
- (865 ms) - [DEBUG] 2019-01-15 19:38:42,422 org.springframework.core.env.PropertySourcesPropertyResolver - Searching for key 'mysql.maxIdle' in [environmentProperties]
- (866 ms) - [DEBUG] 2019-01-15 19:38:42,423 org.springframework.core.env.PropertySourcesPropertyResolver - Searching for key 'mysql.maxIdle' in [systemProperties]
- (866 ms) - [DEBUG] 2019-01-15 19:38:42,423 org.springframework.core.env.PropertySourcesPropertyResolver - Searching for key 'mysql.maxIdle' in [systemEnvironment]
- (867 ms) - [DEBUG] 2019-01-15 19:38:42,424 org.springframework.core.env.PropertySourcesPropertyResolver - Could not find key 'mysql.maxIdle' in any property source. Returning [null]
- (868 ms) - [DEBUG] 2019-01-15 19:38:42,425 org.springframework.core.env.PropertySourcesPropertyResolver - Searching for key 'mysql.maxIdle' in [localProperties]
- (868 ms) - [DEBUG] 2019-01-15 19:38:42,425 org.springframework.core.env.PropertySourcesPropertyResolver - Found key 'mysql.maxIdle' in [localProperties] with type [String] and value '50'
- (868 ms) - [DEBUG] 2019-01-15 19:38:42,425 org.springframework.core.env.PropertySourcesPropertyResolver - Searching for key 'mysql.minIdle' in [environmentProperties]
- (869 ms) - [DEBUG] 2019-01-15 19:38:42,426 org.springframework.core.env.PropertySourcesPropertyResolver - Searching for key 'mysql.minIdle' in [systemProperties]
- (869 ms) - [DEBUG] 2019-01-15 19:38:42,426 org.springframework.core.env.PropertySourcesPropertyResolver - Searching for key 'mysql.minIdle' in [systemEnvironment]
- (869 ms) - [DEBUG] 2019-01-15 19:38:42,426 org.springframework.core.env.PropertySourcesPropertyResolver - Could not find key 'mysql.minIdle' in any property source. Returning [null]
- (870 ms) - [DEBUG] 2019-01-15 19:38:42,427 org.springframework.core.env.PropertySourcesPropertyResolver - Searching for key 'mysql.minIdle' in [localProperties]
- (870 ms) - [DEBUG] 2019-01-15 19:38:42,427 org.springframework.core.env.PropertySourcesPropertyResolver - Found key 'mysql.minIdle' in [localProperties] with type [String] and value '45'
- (870 ms) - [DEBUG] 2019-01-15 19:38:42,427 org.springframework.core.env.PropertySourcesPropertyResolver - Searching for key 'mysql.maxWait' in [environmentProperties]
- (871 ms) - [DEBUG] 2019-01-15 19:38:42,428 org.springframework.core.env.PropertySourcesPropertyResolver - Searching for key 'mysql.maxWait' in [systemProperties]
- (871 ms) - [DEBUG] 2019-01-15 19:38:42,428 org.springframework.core.env.PropertySourcesPropertyResolver - Searching for key 'mysql.maxWait' in [systemEnvironment]
- (871 ms) - [DEBUG] 2019-01-15 19:38:42,428 org.springframework.core.env.PropertySourcesPropertyResolver - Could not find key 'mysql.maxWait' in any property source. Returning [null]
- (872 ms) - [DEBUG] 2019-01-15 19:38:42,429 org.springframework.core.env.PropertySourcesPropertyResolver - Searching for key 'mysql.maxWait' in [localProperties]
- (872 ms) - [DEBUG] 2019-01-15 19:38:42,429 org.springframework.core.env.PropertySourcesPropertyResolver - Found key 'mysql.maxWait' in [localProperties] with type [String] and value '100'
- (873 ms) - [DEBUG] 2019-01-15 19:38:42,430 org.springframework.core.env.PropertySourcesPropertyResolver - Searching for key 'mysql.removeAbandoned' in [environmentProperties]
- (874 ms) - [DEBUG] 2019-01-15 19:38:42,431 org.springframework.core.env.PropertySourcesPropertyResolver - Searching for key 'mysql.removeAbandoned' in [systemProperties]
- (874 ms) - [DEBUG] 2019-01-15 19:38:42,431 org.springframework.core.env.PropertySourcesPropertyResolver - Searching for key 'mysql.removeAbandoned' in [systemEnvironment]
- (874 ms) - [DEBUG] 2019-01-15 19:38:42,431 org.springframework.core.env.PropertySourcesPropertyResolver - Could not find key 'mysql.removeAbandoned' in any property source. Returning [null]
- (875 ms) - [DEBUG] 2019-01-15 19:38:42,432 org.springframework.core.env.PropertySourcesPropertyResolver - Searching for key 'mysql.removeAbandoned' in [localProperties]
- (875 ms) - [DEBUG] 2019-01-15 19:38:42,432 org.springframework.core.env.PropertySourcesPropertyResolver - Found key 'mysql.removeAbandoned' in [localProperties] with type [String] and value 'true'
- (876 ms) - [DEBUG] 2019-01-15 19:38:42,433 org.springframework.core.env.PropertySourcesPropertyResolver - Searching for key 'mysql.removeAbandonedTimeout' in [environmentProperties]
- (876 ms) - [DEBUG] 2019-01-15 19:38:42,433 org.springframework.core.env.PropertySourcesPropertyResolver - Searching for key 'mysql.removeAbandonedTimeout' in [systemProperties]
- (877 ms) - [DEBUG] 2019-01-15 19:38:42,434 org.springframework.core.env.PropertySourcesPropertyResolver - Searching for key 'mysql.removeAbandonedTimeout' in [systemEnvironment]
- (877 ms) - [DEBUG] 2019-01-15 19:38:42,434 org.springframework.core.env.PropertySourcesPropertyResolver - Could not find key 'mysql.removeAbandonedTimeout' in any property source. Returning [null]
- (877 ms) - [DEBUG] 2019-01-15 19:38:42,434 org.springframework.core.env.PropertySourcesPropertyResolver - Searching for key 'mysql.removeAbandonedTimeout' in [localProperties]
- (878 ms) - [DEBUG] 2019-01-15 19:38:42,435 org.springframework.core.env.PropertySourcesPropertyResolver - Found key 'mysql.removeAbandonedTimeout' in [localProperties] with type [String] and value '180'
- (878 ms) - [DEBUG] 2019-01-15 19:38:42,435 org.springframework.core.env.PropertySourcesPropertyResolver - Searching for key 'mysql.maxActive' in [environmentProperties]
- (879 ms) - [DEBUG] 2019-01-15 19:38:42,436 org.springframework.core.env.PropertySourcesPropertyResolver - Searching for key 'mysql.maxActive' in [systemProperties]
- (879 ms) - [DEBUG] 2019-01-15 19:38:42,436 org.springframework.core.env.PropertySourcesPropertyResolver - Searching for key 'mysql.maxActive' in [systemEnvironment]
- (879 ms) - [DEBUG] 2019-01-15 19:38:42,436 org.springframework.core.env.PropertySourcesPropertyResolver - Could not find key 'mysql.maxActive' in any property source. Returning [null]
- (881 ms) - [DEBUG] 2019-01-15 19:38:42,438 org.springframework.core.env.PropertySourcesPropertyResolver - Searching for key 'mysql.maxActive' in [localProperties]
- (882 ms) - [DEBUG] 2019-01-15 19:38:42,439 org.springframework.core.env.PropertySourcesPropertyResolver - Found key 'mysql.maxActive' in [localProperties] with type [String] and value '100'
- (883 ms) - [DEBUG] 2019-01-15 19:38:42,440 org.springframework.core.env.PropertySourcesPropertyResolver - Searching for key 'redis.maxActive' in [environmentProperties]
- (884 ms) - [DEBUG] 2019-01-15 19:38:42,441 org.springframework.core.env.PropertySourcesPropertyResolver - Searching for key 'redis.maxActive' in [systemProperties]
- (884 ms) - [DEBUG] 2019-01-15 19:38:42,441 org.springframework.core.env.PropertySourcesPropertyResolver - Searching for key 'redis.maxActive' in [systemEnvironment]
- (885 ms) - [DEBUG] 2019-01-15 19:38:42,442 org.springframework.core.env.PropertySourcesPropertyResolver - Could not find key 'redis.maxActive' in any property source. Returning [null]
- (885 ms) - [DEBUG] 2019-01-15 19:38:42,442 org.springframework.core.env.PropertySourcesPropertyResolver - Searching for key 'redis.maxActive' in [localProperties]
- (885 ms) - [DEBUG] 2019-01-15 19:38:42,442 org.springframework.core.env.PropertySourcesPropertyResolver - Found key 'redis.maxActive' in [localProperties] with type [String] and value '300'
- (886 ms) - [DEBUG] 2019-01-15 19:38:42,443 org.springframework.core.env.PropertySourcesPropertyResolver - Searching for key 'redis.maxIdle' in [environmentProperties]
- (886 ms) - [DEBUG] 2019-01-15 19:38:42,443 org.springframework.core.env.PropertySourcesPropertyResolver - Searching for key 'redis.maxIdle' in [systemProperties]
- (887 ms) - [DEBUG] 2019-01-15 19:38:42,444 org.springframework.core.env.PropertySourcesPropertyResolver - Searching for key 'redis.maxIdle' in [systemEnvironment]
- (888 ms) - [DEBUG] 2019-01-15 19:38:42,445 org.springframework.core.env.PropertySourcesPropertyResolver - Could not find key 'redis.maxIdle' in any property source. Returning [null]
- (889 ms) - [DEBUG] 2019-01-15 19:38:42,446 org.springframework.core.env.PropertySourcesPropertyResolver - Searching for key 'redis.maxIdle' in [localProperties]
- (889 ms) - [DEBUG] 2019-01-15 19:38:42,446 org.springframework.core.env.PropertySourcesPropertyResolver - Found key 'redis.maxIdle' in [localProperties] with type [String] and value '100'
- (890 ms) - [DEBUG] 2019-01-15 19:38:42,447 org.springframework.core.env.PropertySourcesPropertyResolver - Searching for key 'redis.maxWait' in [environmentProperties]
- (890 ms) - [DEBUG] 2019-01-15 19:38:42,447 org.springframework.core.env.PropertySourcesPropertyResolver - Searching for key 'redis.maxWait' in [systemProperties]
- (890 ms) - [DEBUG] 2019-01-15 19:38:42,447 org.springframework.core.env.PropertySourcesPropertyResolver - Searching for key 'redis.maxWait' in [systemEnvironment]
- (890 ms) - [DEBUG] 2019-01-15 19:38:42,447 org.springframework.core.env.PropertySourcesPropertyResolver - Could not find key 'redis.maxWait' in any property source. Returning [null]
- (890 ms) - [DEBUG] 2019-01-15 19:38:42,447 org.springframework.core.env.PropertySourcesPropertyResolver - Searching for key 'redis.maxWait' in [localProperties]
- (891 ms) - [DEBUG] 2019-01-15 19:38:42,448 org.springframework.core.env.PropertySourcesPropertyResolver - Found key 'redis.maxWait' in [localProperties] with type [String] and value '1000'
- (891 ms) - [DEBUG] 2019-01-15 19:38:42,448 org.springframework.core.env.PropertySourcesPropertyResolver - Searching for key 'redis.host' in [environmentProperties]
- (892 ms) - [DEBUG] 2019-01-15 19:38:42,449 org.springframework.core.env.PropertySourcesPropertyResolver - Searching for key 'redis.host' in [systemProperties]
- (892 ms) - [DEBUG] 2019-01-15 19:38:42,449 org.springframework.core.env.PropertySourcesPropertyResolver - Searching for key 'redis.host' in [systemEnvironment]
- (893 ms) - [DEBUG] 2019-01-15 19:38:42,450 org.springframework.core.env.PropertySourcesPropertyResolver - Could not find key 'redis.host' in any property source. Returning [null]
- (893 ms) - [DEBUG] 2019-01-15 19:38:42,450 org.springframework.core.env.PropertySourcesPropertyResolver - Searching for key 'redis.host' in [localProperties]
- (893 ms) - [DEBUG] 2019-01-15 19:38:42,450 org.springframework.core.env.PropertySourcesPropertyResolver - Found key 'redis.host' in [localProperties] with type [String] and value '127.0.0.1'
- (894 ms) - [DEBUG] 2019-01-15 19:38:42,451 org.springframework.core.env.PropertySourcesPropertyResolver - Searching for key 'redis.port' in [environmentProperties]
- (894 ms) - [DEBUG] 2019-01-15 19:38:42,451 org.springframework.core.env.PropertySourcesPropertyResolver - Searching for key 'redis.port' in [systemProperties]
- (894 ms) - [DEBUG] 2019-01-15 19:38:42,451 org.springframework.core.env.PropertySourcesPropertyResolver - Searching for key 'redis.port' in [systemEnvironment]
- (895 ms) - [DEBUG] 2019-01-15 19:38:42,452 org.springframework.core.env.PropertySourcesPropertyResolver - Could not find key 'redis.port' in any property source. Returning [null]
- (895 ms) - [DEBUG] 2019-01-15 19:38:42,452 org.springframework.core.env.PropertySourcesPropertyResolver - Searching for key 'redis.port' in [localProperties]
- (895 ms) - [DEBUG] 2019-01-15 19:38:42,452 org.springframework.core.env.PropertySourcesPropertyResolver - Found key 'redis.port' in [localProperties] with type [String] and value '6379'
- (895 ms) - [DEBUG] 2019-01-15 19:38:42,452 org.springframework.core.env.PropertySourcesPropertyResolver - Searching for key 'redis.timeout' in [environmentProperties]
- (895 ms) - [DEBUG] 2019-01-15 19:38:42,452 org.springframework.core.env.PropertySourcesPropertyResolver - Searching for key 'redis.timeout' in [systemProperties]
- (896 ms) - [DEBUG] 2019-01-15 19:38:42,453 org.springframework.core.env.PropertySourcesPropertyResolver - Searching for key 'redis.timeout' in [systemEnvironment]
- (898 ms) - [DEBUG] 2019-01-15 19:38:42,455 org.springframework.core.env.PropertySourcesPropertyResolver - Could not find key 'redis.timeout' in any property source. Returning [null]
- (899 ms) - [DEBUG] 2019-01-15 19:38:42,456 org.springframework.core.env.PropertySourcesPropertyResolver - Searching for key 'redis.timeout' in [localProperties]
- (899 ms) - [DEBUG] 2019-01-15 19:38:42,456 org.springframework.core.env.PropertySourcesPropertyResolver - Found key 'redis.timeout' in [localProperties] with type [String] and value '3000'
- (900 ms) - [DEBUG] 2019-01-15 19:38:42,457 org.springframework.core.env.PropertySourcesPropertyResolver - Searching for key 'redis.pass' in [environmentProperties]
- (900 ms) - [DEBUG] 2019-01-15 19:38:42,457 org.springframework.core.env.PropertySourcesPropertyResolver - Searching for key 'redis.pass' in [systemProperties]
- (900 ms) - [DEBUG] 2019-01-15 19:38:42,457 org.springframework.core.env.PropertySourcesPropertyResolver - Searching for key 'redis.pass' in [systemEnvironment]
- (900 ms) - [DEBUG] 2019-01-15 19:38:42,457 org.springframework.core.env.PropertySourcesPropertyResolver - Could not find key 'redis.pass' in any property source. Returning [null]
- (901 ms) - [DEBUG] 2019-01-15 19:38:42,458 org.springframework.core.env.PropertySourcesPropertyResolver - Searching for key 'redis.pass' in [localProperties]
- (901 ms) - [DEBUG] 2019-01-15 19:38:42,458 org.springframework.core.env.PropertySourcesPropertyResolver - Found key 'redis.pass' in [localProperties] with type [String] and value 'redis@WSX!QAZ1234XXX'
- (901 ms) - [DEBUG] 2019-01-15 19:38:42,458 org.springframework.core.env.PropertySourcesPropertyResolver - Searching for key 'redis.default.db' in [environmentProperties]
- (901 ms) - [DEBUG] 2019-01-15 19:38:42,458 org.springframework.core.env.PropertySourcesPropertyResolver - Searching for key 'redis.default.db' in [systemProperties]
- (901 ms) - [DEBUG] 2019-01-15 19:38:42,458 org.springframework.core.env.PropertySourcesPropertyResolver - Searching for key 'redis.default.db' in [systemEnvironment]
- (902 ms) - [DEBUG] 2019-01-15 19:38:42,459 org.springframework.core.env.PropertySourcesPropertyResolver - Could not find key 'redis.default.db' in any property source. Returning [null]
- (902 ms) - [DEBUG] 2019-01-15 19:38:42,459 org.springframework.core.env.PropertySourcesPropertyResolver - Searching for key 'redis.default.db' in [localProperties]
- (902 ms) - [DEBUG] 2019-01-15 19:38:42,459 org.springframework.core.env.PropertySourcesPropertyResolver - Found key 'redis.default.db' in [localProperties] with type [String] and value '0'
- (906 ms) - [DEBUG] 2019-01-15 19:38:42,463 org.springframework.beans.factory.support.DefaultListableBeanFactory - Creating shared instance of singleton bean 'org.springframework.context.annotation.internalAutowiredAnnotationProcessor'
- (908 ms) - [DEBUG] 2019-01-15 19:38:42,465 org.springframework.beans.factory.support.DefaultListableBeanFactory - Creating instance of bean 'org.springframework.context.annotation.internalAutowiredAnnotationProcessor'
- (910 ms) - [DEBUG] 2019-01-15 19:38:42,467 org.springframework.beans.factory.support.DefaultListableBeanFactory - Eagerly caching bean 'org.springframework.context.annotation.internalAutowiredAnnotationProcessor' to allow for resolving potential circular references
- (910 ms) - [DEBUG] 2019-01-15 19:38:42,467 org.springframework.beans.factory.support.DefaultListableBeanFactory - Finished creating instance of bean 'org.springframework.context.annotation.internalAutowiredAnnotationProcessor'
- (910 ms) - [DEBUG] 2019-01-15 19:38:42,467 org.springframework.beans.factory.support.DefaultListableBeanFactory - Creating shared instance of singleton bean 'org.springframework.context.annotation.internalRequiredAnnotationProcessor'
- (911 ms) - [DEBUG] 2019-01-15 19:38:42,468 org.springframework.beans.factory.support.DefaultListableBeanFactory - Creating instance of bean 'org.springframework.context.annotation.internalRequiredAnnotationProcessor'
- (911 ms) - [DEBUG] 2019-01-15 19:38:42,468 org.springframework.beans.factory.support.DefaultListableBeanFactory - Eagerly caching bean 'org.springframework.context.annotation.internalRequiredAnnotationProcessor' to allow for resolving potential circular references
- (913 ms) - [DEBUG] 2019-01-15 19:38:42,470 org.springframework.beans.factory.support.DefaultListableBeanFactory - Finished creating instance of bean 'org.springframework.context.annotation.internalRequiredAnnotationProcessor'
- (913 ms) - [DEBUG] 2019-01-15 19:38:42,470 org.springframework.beans.factory.support.DefaultListableBeanFactory - Creating shared instance of singleton bean 'org.springframework.context.annotation.internalCommonAnnotationProcessor'
- (914 ms) - [DEBUG] 2019-01-15 19:38:42,471 org.springframework.beans.factory.support.DefaultListableBeanFactory - Creating instance of bean 'org.springframework.context.annotation.internalCommonAnnotationProcessor'
- (920 ms) - [DEBUG] 2019-01-15 19:38:42,477 org.springframework.beans.factory.support.DefaultListableBeanFactory - Eagerly caching bean 'org.springframework.context.annotation.internalCommonAnnotationProcessor' to allow for resolving potential circular references
- (921 ms) - [DEBUG] 2019-01-15 19:38:42,478 org.springframework.beans.factory.support.DefaultListableBeanFactory - Finished creating instance of bean 'org.springframework.context.annotation.internalCommonAnnotationProcessor'
- (922 ms) - [DEBUG] 2019-01-15 19:38:42,479 org.springframework.beans.factory.support.DefaultListableBeanFactory - Creating shared instance of singleton bean 'org.springframework.context.annotation.ConfigurationClassPostProcessor.importAwareProcessor'
- (922 ms) - [DEBUG] 2019-01-15 19:38:42,479 org.springframework.beans.factory.support.DefaultListableBeanFactory - Creating instance of bean 'org.springframework.context.annotation.ConfigurationClassPostProcessor.importAwareProcessor'
- (922 ms) - [DEBUG] 2019-01-15 19:38:42,479 org.springframework.beans.factory.support.DefaultListableBeanFactory - Eagerly caching bean 'org.springframework.context.annotation.ConfigurationClassPostProcessor.importAwareProcessor' to allow for resolving potential circular references
- (923 ms) - [DEBUG] 2019-01-15 19:38:42,480 org.springframework.beans.factory.support.DefaultListableBeanFactory - Finished creating instance of bean 'org.springframework.context.annotation.ConfigurationClassPostProcessor.importAwareProcessor'
- (923 ms) - [DEBUG] 2019-01-15 19:38:42,480 org.springframework.beans.factory.support.DefaultListableBeanFactory - Creating shared instance of singleton bean 'org.springframework.context.annotation.ConfigurationClassPostProcessor.enhancedConfigurationProcessor'
- (923 ms) - [DEBUG] 2019-01-15 19:38:42,480 org.springframework.beans.factory.support.DefaultListableBeanFactory - Creating instance of bean 'org.springframework.context.annotation.ConfigurationClassPostProcessor.enhancedConfigurationProcessor'
- (924 ms) - [DEBUG] 2019-01-15 19:38:42,481 org.springframework.beans.factory.support.DefaultListableBeanFactory - Eagerly caching bean 'org.springframework.context.annotation.ConfigurationClassPostProcessor.enhancedConfigurationProcessor' to allow for resolving potential circular references
- (924 ms) - [DEBUG] 2019-01-15 19:38:42,481 org.springframework.beans.factory.support.DefaultListableBeanFactory - Finished creating instance of bean 'org.springframework.context.annotation.ConfigurationClassPostProcessor.enhancedConfigurationProcessor'
- (924 ms) - [DEBUG] 2019-01-15 19:38:42,481 org.springframework.beans.factory.support.DefaultListableBeanFactory - Creating shared instance of singleton bean 'org.springframework.aop.config.internalAutoProxyCreator'
- (925 ms) - [DEBUG] 2019-01-15 19:38:42,482 org.springframework.beans.factory.support.DefaultListableBeanFactory - Creating instance of bean 'org.springframework.aop.config.internalAutoProxyCreator'
- (968 ms) - [DEBUG] 2019-01-15 19:38:42,525 org.springframework.beans.factory.support.DefaultListableBeanFactory - Eagerly caching bean 'org.springframework.aop.config.internalAutoProxyCreator' to allow for resolving potential circular references
- (984 ms) - [DEBUG] 2019-01-15 19:38:42,541 org.springframework.beans.factory.support.DefaultListableBeanFactory - Finished creating instance of bean 'org.springframework.aop.config.internalAutoProxyCreator'
- (987 ms) - [DEBUG] 2019-01-15 19:38:42,544 org.springframework.context.support.GenericApplicationContext - Unable to locate MessageSource with name 'messageSource': using default [org.springframework.context.support.DelegatingMessageSource@2e55dd0c]
- (989 ms) - [DEBUG] 2019-01-15 19:38:42,546 org.springframework.context.support.GenericApplicationContext - Unable to locate ApplicationEventMulticaster with name 'applicationEventMulticaster': using default [org.springframework.context.event.SimpleApplicationEventMulticaster@1eb5174b]
- (993 ms) - [DEBUG] 2019-01-15 19:38:42,550 org.springframework.beans.factory.support.DefaultListableBeanFactory - Pre-instantiating singletons in org.springframework.beans.factory.support.DefaultListableBeanFactory@7722c3c3: defining beans [org.springframework.web.servlet.resource.DefaultServletHttpRequestHandler#0,org.springframework.web.servlet.handler.SimpleUrlHandlerMapping#0,org.springframework.web.servlet.handler.BeanNameUrlHandlerMapping,org.springframework.web.servlet.mvc.HttpRequestHandlerAdapter,org.springframework.web.servlet.mvc.SimpleControllerHandlerAdapter,itripHotServiceImpl,itripAreaDicServiceImpl,itripCommentServiceImpl,itripHotelOrderServiceImpl,itripImageServiceImpl,itripLabelServiceImpl,itripLabelDicServiceImpl,itripUserServiceImpl,itripUserLinkUserServiceImpl,org.springframework.context.annotation.internalConfigurationAnnotationProcessor,org.springframework.context.annotation.internalAutowiredAnnotationProcessor,org.springframework.context.annotation.internalRequiredAnnotationProcessor,org.springframework.context.annotation.internalCommonAnnotationProcessor,org.springframework.context.support.PropertySourcesPlaceholderConfigurer#0,dataSource,txManager,sqlSessionFactoryBean,org.springframework.aop.config.internalAutoProxyCreator,transService,org.springframework.aop.support.DefaultBeanFactoryPointcutAdvisor#0,myAdvice,org.mybatis.spring.mapper.MapperScannerConfigurer#0,jedisPoolConfig,jedisPool,redisAPI,validationToken,org.springframework.context.annotation.ConfigurationClassPostProcessor.importAwareProcessor,org.springframework.context.annotation.ConfigurationClassPostProcessor.enhancedConfigurationProcessor,itripHotMapper,itripAreaDicMapper,itripCommentMapper,itripHotelMapper,itripHotelOrderMapper,itripImageMapper,itripLabelMapper,itripLabelDicMapper,itripUserMapper,itripUserLinkUserMapper]; root of factory hierarchy
- (999 ms) - [DEBUG] 2019-01-15 19:38:42,556 org.springframework.beans.factory.support.DefaultListableBeanFactory - Creating shared instance of singleton bean 'org.springframework.web.servlet.resource.DefaultServletHttpRequestHandler#0'
- (1000 ms) - [DEBUG] 2019-01-15 19:38:42,557 org.springframework.beans.factory.support.DefaultListableBeanFactory - Creating instance of bean 'org.springframework.web.servlet.resource.DefaultServletHttpRequestHandler#0'
- (1002 ms) - [DEBUG] 2019-01-15 19:38:42,559 org.springframework.beans.factory.support.DefaultListableBeanFactory - Creating shared instance of singleton bean 'org.springframework.aop.support.DefaultBeanFactoryPointcutAdvisor#0'
- (1003 ms) - [DEBUG] 2019-01-15 19:38:42,560 org.springframework.beans.factory.support.DefaultListableBeanFactory - Creating instance of bean 'org.springframework.aop.support.DefaultBeanFactoryPointcutAdvisor#0'
- (1005 ms) - [DEBUG] 2019-01-15 19:38:42,562 org.springframework.beans.factory.support.DefaultListableBeanFactory - Eagerly caching bean 'org.springframework.aop.support.DefaultBeanFactoryPointcutAdvisor#0' to allow for resolving potential circular references
- (1012 ms) - [DEBUG] 2019-01-15 19:38:42,569 org.springframework.beans.factory.support.DefaultListableBeanFactory - Creating instance of bean 'transService'
- (1022 ms) - [DEBUG] 2019-01-15 19:38:42,579 org.springframework.beans.factory.support.DefaultListableBeanFactory - Finished creating instance of bean 'transService'
- (1023 ms) - [DEBUG] 2019-01-15 19:38:42,580 org.springframework.beans.factory.support.DefaultListableBeanFactory - Finished creating instance of bean 'org.springframework.aop.support.DefaultBeanFactoryPointcutAdvisor#0'
- (1028 ms) - [DEBUG] 2019-01-15 19:38:42,585 org.springframework.beans.factory.support.DefaultListableBeanFactory - Eagerly caching bean 'org.springframework.web.servlet.resource.DefaultServletHttpRequestHandler#0' to allow for resolving potential circular references
- (1031 ms) - [DEBUG] 2019-01-15 19:38:42,588 org.springframework.beans.factory.support.DefaultListableBeanFactory - Returning cached instance of singleton bean 'org.springframework.aop.support.DefaultBeanFactoryPointcutAdvisor#0'
- (1035 ms) - [DEBUG] 2019-01-15 19:38:42,592 org.springframework.beans.factory.support.DefaultListableBeanFactory - Returning cached instance of singleton bean 'org.springframework.aop.support.DefaultBeanFactoryPointcutAdvisor#0'
- (1259 ms) - [DEBUG] 2019-01-15 19:38:42,816 org.springframework.beans.factory.support.DefaultListableBeanFactory - Finished creating instance of bean 'org.springframework.web.servlet.resource.DefaultServletHttpRequestHandler#0'
- (1259 ms) - [DEBUG] 2019-01-15 19:38:42,816 org.springframework.beans.factory.support.DefaultListableBeanFactory - Creating shared instance of singleton bean 'org.springframework.web.servlet.handler.SimpleUrlHandlerMapping#0'
- (1259 ms) - [DEBUG] 2019-01-15 19:38:42,816 org.springframework.beans.factory.support.DefaultListableBeanFactory - Creating instance of bean 'org.springframework.web.servlet.handler.SimpleUrlHandlerMapping#0'
- (1260 ms) - [DEBUG] 2019-01-15 19:38:42,817 org.springframework.beans.factory.support.DefaultListableBeanFactory - Returning cached instance of singleton bean 'org.springframework.aop.support.DefaultBeanFactoryPointcutAdvisor#0'
- (1263 ms) - [DEBUG] 2019-01-15 19:38:42,820 org.springframework.beans.factory.support.DefaultListableBeanFactory - Eagerly caching bean 'org.springframework.web.servlet.handler.SimpleUrlHandlerMapping#0' to allow for resolving potential circular references
- (1290 ms) - [DEBUG] 2019-01-15 19:38:42,847 org.springframework.beans.factory.support.DefaultListableBeanFactory - Returning cached instance of singleton bean 'org.springframework.web.servlet.resource.DefaultServletHttpRequestHandler#0'
- (1291 ms) - [INFO] 2019-01-15 19:38:42,848 org.springframework.web.servlet.handler.SimpleUrlHandlerMapping - Mapped URL path [/**] onto handler 'org.springframework.web.servlet.resource.DefaultServletHttpRequestHandler#0'
- (1292 ms) - [DEBUG] 2019-01-15 19:38:42,849 org.springframework.beans.factory.support.DefaultListableBeanFactory - Returning cached instance of singleton bean 'org.springframework.aop.support.DefaultBeanFactoryPointcutAdvisor#0'
- (1292 ms) - [DEBUG] 2019-01-15 19:38:42,849 org.springframework.beans.factory.support.DefaultListableBeanFactory - Returning cached instance of singleton bean 'org.springframework.aop.support.DefaultBeanFactoryPointcutAdvisor#0'
- (1310 ms) - [DEBUG] 2019-01-15 19:38:42,867 org.springframework.beans.factory.support.DefaultListableBeanFactory - Finished creating instance of bean 'org.springframework.web.servlet.handler.SimpleUrlHandlerMapping#0'
- (1312 ms) - [DEBUG] 2019-01-15 19:38:42,869 org.springframework.beans.factory.support.DefaultListableBeanFactory - Creating shared instance of singleton bean 'org.springframework.web.servlet.handler.BeanNameUrlHandlerMapping'
- (1312 ms) - [DEBUG] 2019-01-15 19:38:42,869 org.springframework.beans.factory.support.DefaultListableBeanFactory - Creating instance of bean 'org.springframework.web.servlet.handler.BeanNameUrlHandlerMapping'
- (1312 ms) - [DEBUG] 2019-01-15 19:38:42,869 org.springframework.beans.factory.support.DefaultListableBeanFactory - Returning cached instance of singleton bean 'org.springframework.aop.support.DefaultBeanFactoryPointcutAdvisor#0'
- (1314 ms) - [DEBUG] 2019-01-15 19:38:42,871 org.springframework.beans.factory.support.DefaultListableBeanFactory - Eagerly caching bean 'org.springframework.web.servlet.handler.BeanNameUrlHandlerMapping' to allow for resolving potential circular references
- (1330 ms) - [DEBUG] 2019-01-15 19:38:42,887 org.springframework.web.servlet.handler.BeanNameUrlHandlerMapping - Looking for URL mappings in application context: org.springframework.context.support.GenericApplicationContext@1f57539: startup date [Tue Jan 15 19:38:42 CST 2019]; root of context hierarchy
- (1335 ms) - [DEBUG] 2019-01-15 19:38:42,892 org.springframework.beans.factory.support.DefaultListableBeanFactory - Returning cached instance of singleton bean 'org.springframework.aop.support.DefaultBeanFactoryPointcutAdvisor#0'
- (1348 ms) - [DEBUG] 2019-01-15 19:38:42,905 org.apache.ibatis.logging.LogFactory - Logging initialized using 'class org.apache.ibatis.logging.slf4j.Slf4jImpl' adapter.
- (1352 ms) - [DEBUG] 2019-01-15 19:38:42,909 org.springframework.beans.factory.support.DefaultListableBeanFactory - Returning cached instance of singleton bean 'org.springframework.aop.support.DefaultBeanFactoryPointcutAdvisor#0'
- (1353 ms) - [DEBUG] 2019-01-15 19:38:42,910 org.springframework.beans.factory.support.DefaultListableBeanFactory - Creating shared instance of singleton bean 'itripHotMapper'
- (1354 ms) - [DEBUG] 2019-01-15 19:38:42,911 org.springframework.beans.factory.support.DefaultListableBeanFactory - Creating instance of bean 'itripHotMapper'
- (1355 ms) - [DEBUG] 2019-01-15 19:38:42,912 org.springframework.beans.factory.support.DefaultListableBeanFactory - Eagerly caching bean 'itripHotMapper' to allow for resolving potential circular references
- (1360 ms) - [DEBUG] 2019-01-15 19:38:42,917 org.springframework.beans.factory.support.DefaultListableBeanFactory - Returning cached instance of singleton bean 'org.springframework.aop.support.DefaultBeanFactoryPointcutAdvisor#0'
- (1361 ms) - [DEBUG] 2019-01-15 19:38:42,918 org.springframework.beans.factory.support.DefaultListableBeanFactory - Returning cached instance of singleton bean 'org.springframework.aop.support.DefaultBeanFactoryPointcutAdvisor#0'
- (1375 ms) - [DEBUG] 2019-01-15 19:38:42,932 org.springframework.beans.factory.support.DefaultListableBeanFactory - Returning eagerly cached instance of singleton bean 'itripHotMapper' that is not fully initialized yet - a consequence of a circular reference
- (1376 ms) - [DEBUG] 2019-01-15 19:38:42,933 org.springframework.beans.factory.support.DefaultListableBeanFactory - Returning cached instance of singleton bean 'org.springframework.aop.support.DefaultBeanFactoryPointcutAdvisor#0'
- (1376 ms) - [DEBUG] 2019-01-15 19:38:42,933 org.springframework.beans.factory.support.DefaultListableBeanFactory - Creating shared instance of singleton bean 'itripAreaDicMapper'
- (1377 ms) - [DEBUG] 2019-01-15 19:38:42,934 org.springframework.beans.factory.support.DefaultListableBeanFactory - Creating instance of bean 'itripAreaDicMapper'
- (1377 ms) - [DEBUG] 2019-01-15 19:38:42,934 org.springframework.beans.factory.support.DefaultListableBeanFactory - Eagerly caching bean 'itripAreaDicMapper' to allow for resolving potential circular references
- (1379 ms) - [DEBUG] 2019-01-15 19:38:42,936 org.springframework.beans.factory.support.DefaultListableBeanFactory - Returning cached instance of singleton bean 'org.springframework.aop.support.DefaultBeanFactoryPointcutAdvisor#0'
- (1379 ms) - [DEBUG] 2019-01-15 19:38:42,936 org.springframework.beans.factory.support.DefaultListableBeanFactory - Returning cached instance of singleton bean 'org.springframework.aop.support.DefaultBeanFactoryPointcutAdvisor#0'
- (1380 ms) - [DEBUG] 2019-01-15 19:38:42,937 org.springframework.beans.factory.support.DefaultListableBeanFactory - Returning eagerly cached instance of singleton bean 'itripAreaDicMapper' that is not fully initialized yet - a consequence of a circular reference
- (1380 ms) - [DEBUG] 2019-01-15 19:38:42,937 org.springframework.beans.factory.support.DefaultListableBeanFactory - Returning cached instance of singleton bean 'org.springframework.aop.support.DefaultBeanFactoryPointcutAdvisor#0'
- (1380 ms) - [DEBUG] 2019-01-15 19:38:42,937 org.springframework.beans.factory.support.DefaultListableBeanFactory - Creating shared instance of singleton bean 'itripCommentMapper'
- (1380 ms) - [DEBUG] 2019-01-15 19:38:42,937 org.springframework.beans.factory.support.DefaultListableBeanFactory - Creating instance of bean 'itripCommentMapper'
- (1381 ms) - [DEBUG] 2019-01-15 19:38:42,938 org.springframework.beans.factory.support.DefaultListableBeanFactory - Eagerly caching bean 'itripCommentMapper' to allow for resolving potential circular references
- (1383 ms) - [DEBUG] 2019-01-15 19:38:42,940 org.springframework.beans.factory.support.DefaultListableBeanFactory - Returning cached instance of singleton bean 'org.springframework.aop.support.DefaultBeanFactoryPointcutAdvisor#0'
- (1384 ms) - [DEBUG] 2019-01-15 19:38:42,941 org.springframework.beans.factory.support.DefaultListableBeanFactory - Returning cached instance of singleton bean 'org.springframework.aop.support.DefaultBeanFactoryPointcutAdvisor#0'
- (1384 ms) - [DEBUG] 2019-01-15 19:38:42,941 org.springframework.beans.factory.support.DefaultListableBeanFactory - Returning eagerly cached instance of singleton bean 'itripCommentMapper' that is not fully initialized yet - a consequence of a circular reference
- (1386 ms) - [DEBUG] 2019-01-15 19:38:42,943 org.springframework.beans.factory.support.DefaultListableBeanFactory - Returning cached instance of singleton bean 'org.springframework.aop.support.DefaultBeanFactoryPointcutAdvisor#0'
- (1387 ms) - [DEBUG] 2019-01-15 19:38:42,944 org.springframework.beans.factory.support.DefaultListableBeanFactory - Creating shared instance of singleton bean 'itripHotelMapper'
- (1388 ms) - [DEBUG] 2019-01-15 19:38:42,945 org.springframework.beans.factory.support.DefaultListableBeanFactory - Creating instance of bean 'itripHotelMapper'
- (1388 ms) - [DEBUG] 2019-01-15 19:38:42,945 org.springframework.beans.factory.support.DefaultListableBeanFactory - Eagerly caching bean 'itripHotelMapper' to allow for resolving potential circular references
- (1389 ms) - [DEBUG] 2019-01-15 19:38:42,946 org.springframework.beans.factory.support.DefaultListableBeanFactory - Returning cached instance of singleton bean 'org.springframework.aop.support.DefaultBeanFactoryPointcutAdvisor#0'
- (1390 ms) - [DEBUG] 2019-01-15 19:38:42,947 org.springframework.beans.factory.support.DefaultListableBeanFactory - Returning cached instance of singleton bean 'org.springframework.aop.support.DefaultBeanFactoryPointcutAdvisor#0'
- (1391 ms) - [DEBUG] 2019-01-15 19:38:42,948 org.springframework.beans.factory.support.DefaultListableBeanFactory - Returning eagerly cached instance of singleton bean 'itripHotelMapper' that is not fully initialized yet - a consequence of a circular reference
- (1391 ms) - [DEBUG] 2019-01-15 19:38:42,948 org.springframework.beans.factory.support.DefaultListableBeanFactory - Returning cached instance of singleton bean 'org.springframework.aop.support.DefaultBeanFactoryPointcutAdvisor#0'
- (1394 ms) - [DEBUG] 2019-01-15 19:38:42,951 org.springframework.beans.factory.support.DefaultListableBeanFactory - Creating shared instance of singleton bean 'itripHotelOrderMapper'
- (1395 ms) - [DEBUG] 2019-01-15 19:38:42,952 org.springframework.beans.factory.support.DefaultListableBeanFactory - Creating instance of bean 'itripHotelOrderMapper'
- (1396 ms) - [DEBUG] 2019-01-15 19:38:42,953 org.springframework.beans.factory.support.DefaultListableBeanFactory - Eagerly caching bean 'itripHotelOrderMapper' to allow for resolving potential circular references
- (1399 ms) - [DEBUG] 2019-01-15 19:38:42,956 org.springframework.beans.factory.support.DefaultListableBeanFactory - Returning cached instance of singleton bean 'org.springframework.aop.support.DefaultBeanFactoryPointcutAdvisor#0'
- (1401 ms) - [DEBUG] 2019-01-15 19:38:42,958 org.springframework.beans.factory.support.DefaultListableBeanFactory - Returning cached instance of singleton bean 'org.springframework.aop.support.DefaultBeanFactoryPointcutAdvisor#0'
- (1402 ms) - [DEBUG] 2019-01-15 19:38:42,959 org.springframework.beans.factory.support.DefaultListableBeanFactory - Returning eagerly cached instance of singleton bean 'itripHotelOrderMapper' that is not fully initialized yet - a consequence of a circular reference
- (1403 ms) - [DEBUG] 2019-01-15 19:38:42,960 org.springframework.beans.factory.support.DefaultListableBeanFactory - Returning cached instance of singleton bean 'org.springframework.aop.support.DefaultBeanFactoryPointcutAdvisor#0'
- (1405 ms) - [DEBUG] 2019-01-15 19:38:42,962 org.springframework.beans.factory.support.DefaultListableBeanFactory - Creating shared instance of singleton bean 'itripImageMapper'
- (1406 ms) - [DEBUG] 2019-01-15 19:38:42,963 org.springframework.beans.factory.support.DefaultListableBeanFactory - Creating instance of bean 'itripImageMapper'
- (1406 ms) - [DEBUG] 2019-01-15 19:38:42,963 org.springframework.beans.factory.support.DefaultListableBeanFactory - Eagerly caching bean 'itripImageMapper' to allow for resolving potential circular references
- (1408 ms) - [DEBUG] 2019-01-15 19:38:42,965 org.springframework.beans.factory.support.DefaultListableBeanFactory - Returning cached instance of singleton bean 'org.springframework.aop.support.DefaultBeanFactoryPointcutAdvisor#0'
- (1409 ms) - [DEBUG] 2019-01-15 19:38:42,966 org.springframework.beans.factory.support.DefaultListableBeanFactory - Returning cached instance of singleton bean 'org.springframework.aop.support.DefaultBeanFactoryPointcutAdvisor#0'
- (1410 ms) - [DEBUG] 2019-01-15 19:38:42,967 org.springframework.beans.factory.support.DefaultListableBeanFactory - Returning eagerly cached instance of singleton bean 'itripImageMapper' that is not fully initialized yet - a consequence of a circular reference
- (1410 ms) - [DEBUG] 2019-01-15 19:38:42,967 org.springframework.beans.factory.support.DefaultListableBeanFactory - Returning cached instance of singleton bean 'org.springframework.aop.support.DefaultBeanFactoryPointcutAdvisor#0'
- (1411 ms) - [DEBUG] 2019-01-15 19:38:42,968 org.springframework.beans.factory.support.DefaultListableBeanFactory - Creating shared instance of singleton bean 'itripLabelMapper'
- (1411 ms) - [DEBUG] 2019-01-15 19:38:42,968 org.springframework.beans.factory.support.DefaultListableBeanFactory - Creating instance of bean 'itripLabelMapper'
- (1412 ms) - [DEBUG] 2019-01-15 19:38:42,969 org.springframework.beans.factory.support.DefaultListableBeanFactory - Eagerly caching bean 'itripLabelMapper' to allow for resolving potential circular references
- (1412 ms) - [DEBUG] 2019-01-15 19:38:42,969 org.springframework.beans.factory.support.DefaultListableBeanFactory - Returning cached instance of singleton bean 'org.springframework.aop.support.DefaultBeanFactoryPointcutAdvisor#0'
- (1413 ms) - [DEBUG] 2019-01-15 19:38:42,970 org.springframework.beans.factory.support.DefaultListableBeanFactory - Returning cached instance of singleton bean 'org.springframework.aop.support.DefaultBeanFactoryPointcutAdvisor#0'
- (1413 ms) - [DEBUG] 2019-01-15 19:38:42,970 org.springframework.beans.factory.support.DefaultListableBeanFactory - Returning eagerly cached instance of singleton bean 'itripLabelMapper' that is not fully initialized yet - a consequence of a circular reference
- (1414 ms) - [DEBUG] 2019-01-15 19:38:42,971 org.springframework.beans.factory.support.DefaultListableBeanFactory - Returning cached instance of singleton bean 'org.springframework.aop.support.DefaultBeanFactoryPointcutAdvisor#0'
- (1415 ms) - [DEBUG] 2019-01-15 19:38:42,972 org.springframework.beans.factory.support.DefaultListableBeanFactory - Creating shared instance of singleton bean 'itripLabelDicMapper'
- (1417 ms) - [DEBUG] 2019-01-15 19:38:42,974 org.springframework.beans.factory.support.DefaultListableBeanFactory - Creating instance of bean 'itripLabelDicMapper'
- (1418 ms) - [DEBUG] 2019-01-15 19:38:42,975 org.springframework.beans.factory.support.DefaultListableBeanFactory - Eagerly caching bean 'itripLabelDicMapper' to allow for resolving potential circular references
- (1419 ms) - [DEBUG] 2019-01-15 19:38:42,976 org.springframework.beans.factory.support.DefaultListableBeanFactory - Returning cached instance of singleton bean 'org.springframework.aop.support.DefaultBeanFactoryPointcutAdvisor#0'
- (1419 ms) - [DEBUG] 2019-01-15 19:38:42,976 org.springframework.beans.factory.support.DefaultListableBeanFactory - Returning cached instance of singleton bean 'org.springframework.aop.support.DefaultBeanFactoryPointcutAdvisor#0'
- (1420 ms) - [DEBUG] 2019-01-15 19:38:42,977 org.springframework.beans.factory.support.DefaultListableBeanFactory - Returning eagerly cached instance of singleton bean 'itripLabelDicMapper' that is not fully initialized yet - a consequence of a circular reference
- (1421 ms) - [DEBUG] 2019-01-15 19:38:42,978 org.springframework.beans.factory.support.DefaultListableBeanFactory - Returning cached instance of singleton bean 'org.springframework.aop.support.DefaultBeanFactoryPointcutAdvisor#0'
- (1421 ms) - [DEBUG] 2019-01-15 19:38:42,978 org.springframework.beans.factory.support.DefaultListableBeanFactory - Creating shared instance of singleton bean 'itripUserMapper'
- (1422 ms) - [DEBUG] 2019-01-15 19:38:42,979 org.springframework.beans.factory.support.DefaultListableBeanFactory - Creating instance of bean 'itripUserMapper'
- (1422 ms) - [DEBUG] 2019-01-15 19:38:42,979 org.springframework.beans.factory.support.DefaultListableBeanFactory - Eagerly caching bean 'itripUserMapper' to allow for resolving potential circular references
- (1423 ms) - [DEBUG] 2019-01-15 19:38:42,980 org.springframework.beans.factory.support.DefaultListableBeanFactory - Returning cached instance of singleton bean 'org.springframework.aop.support.DefaultBeanFactoryPointcutAdvisor#0'
- (1424 ms) - [DEBUG] 2019-01-15 19:38:42,981 org.springframework.beans.factory.support.DefaultListableBeanFactory - Returning cached instance of singleton bean 'org.springframework.aop.support.DefaultBeanFactoryPointcutAdvisor#0'
- (1425 ms) - [DEBUG] 2019-01-15 19:38:42,982 org.springframework.beans.factory.support.DefaultListableBeanFactory - Returning eagerly cached instance of singleton bean 'itripUserMapper' that is not fully initialized yet - a consequence of a circular reference
- (1425 ms) - [DEBUG] 2019-01-15 19:38:42,982 org.springframework.beans.factory.support.DefaultListableBeanFactory - Returning cached instance of singleton bean 'org.springframework.aop.support.DefaultBeanFactoryPointcutAdvisor#0'
- (1426 ms) - [DEBUG] 2019-01-15 19:38:42,983 org.springframework.beans.factory.support.DefaultListableBeanFactory - Creating shared instance of singleton bean 'itripUserLinkUserMapper'
- (1427 ms) - [DEBUG] 2019-01-15 19:38:42,984 org.springframework.beans.factory.support.DefaultListableBeanFactory - Creating instance of bean 'itripUserLinkUserMapper'
- (1428 ms) - [DEBUG] 2019-01-15 19:38:42,985 org.springframework.beans.factory.support.DefaultListableBeanFactory - Eagerly caching bean 'itripUserLinkUserMapper' to allow for resolving potential circular references
- (1429 ms) - [DEBUG] 2019-01-15 19:38:42,986 org.springframework.beans.factory.support.DefaultListableBeanFactory - Returning cached instance of singleton bean 'org.springframework.aop.support.DefaultBeanFactoryPointcutAdvisor#0'
- (1429 ms) - [DEBUG] 2019-01-15 19:38:42,986 org.springframework.beans.factory.support.DefaultListableBeanFactory - Returning cached instance of singleton bean 'org.springframework.aop.support.DefaultBeanFactoryPointcutAdvisor#0'
- (1430 ms) - [DEBUG] 2019-01-15 19:38:42,987 org.springframework.beans.factory.support.DefaultListableBeanFactory - Returning eagerly cached instance of singleton bean 'itripUserLinkUserMapper' that is not fully initialized yet - a consequence of a circular reference
- (1432 ms) - [DEBUG] 2019-01-15 19:38:42,989 org.springframework.beans.factory.support.DefaultListableBeanFactory - Creating shared instance of singleton bean 'sqlSessionFactoryBean'
- (1433 ms) - [DEBUG] 2019-01-15 19:38:42,990 org.springframework.beans.factory.support.DefaultListableBeanFactory - Creating instance of bean 'sqlSessionFactoryBean'
- (1434 ms) - [DEBUG] 2019-01-15 19:38:42,991 org.springframework.beans.factory.support.DefaultListableBeanFactory - Eagerly caching bean 'sqlSessionFactoryBean' to allow for resolving potential circular references
- (1441 ms) - [DEBUG] 2019-01-15 19:38:42,998 org.springframework.beans.factory.support.DefaultListableBeanFactory - Creating shared instance of singleton bean 'dataSource'
- (1442 ms) - [DEBUG] 2019-01-15 19:38:42,999 org.springframework.beans.factory.support.DefaultListableBeanFactory - Creating instance of bean 'dataSource'
- (1443 ms) - [DEBUG] 2019-01-15 19:38:43,000 org.springframework.beans.factory.support.DefaultListableBeanFactory - Returning cached instance of singleton bean 'org.springframework.aop.support.DefaultBeanFactoryPointcutAdvisor#0'
- (1462 ms) - [DEBUG] 2019-01-15 19:38:43,019 org.springframework.beans.factory.support.DefaultListableBeanFactory - Eagerly caching bean 'dataSource' to allow for resolving potential circular references
- (1476 ms) - [DEBUG] 2019-01-15 19:38:43,033 org.springframework.beans.factory.support.DefaultListableBeanFactory - Returning cached instance of singleton bean 'org.springframework.aop.support.DefaultBeanFactoryPointcutAdvisor#0'
- (1477 ms) - [DEBUG] 2019-01-15 19:38:43,034 org.springframework.beans.factory.support.DefaultListableBeanFactory - Returning cached instance of singleton bean 'org.springframework.aop.support.DefaultBeanFactoryPointcutAdvisor#0'
- (1491 ms) - [DEBUG] 2019-01-15 19:38:43,048 org.springframework.beans.factory.support.DefaultListableBeanFactory - Finished creating instance of bean 'dataSource'
- (1492 ms) - [DEBUG] 2019-01-15 19:38:43,049 org.springframework.beans.factory.support.DefaultListableBeanFactory - Invoking afterPropertiesSet() on bean with name 'sqlSessionFactoryBean'
- (1568 ms) - [DEBUG] 2019-01-15 19:38:43,125 org.apache.ibatis.io.ResolverUtil - Class not found: org.jboss.vfs.VFS
- (1570 ms) - [DEBUG] 2019-01-15 19:38:43,127 org.apache.ibatis.io.ResolverUtil - JBoss 6 VFS API is not available in this environment.
- (1571 ms) - [DEBUG] 2019-01-15 19:38:43,128 org.apache.ibatis.io.ResolverUtil - Class not found: org.jboss.vfs.VirtualFile
- (1573 ms) - [DEBUG] 2019-01-15 19:38:43,130 org.apache.ibatis.io.ResolverUtil - VFS implementation org.apache.ibatis.io.JBoss6VFS is not valid in this environment.
- (1574 ms) - [DEBUG] 2019-01-15 19:38:43,131 org.apache.ibatis.io.ResolverUtil - Using VFS adapter org.apache.ibatis.io.DefaultVFS
- (1575 ms) - [DEBUG] 2019-01-15 19:38:43,132 org.apache.ibatis.io.ResolverUtil - Find JAR URL: jar:file:/E:/ideaXM/itrip/itrip-beans/target/itrip-beans-1.0-SNAPSHOT.jar!/cn/itrip/beans/pojo
- (1575 ms) - [DEBUG] 2019-01-15 19:38:43,132 org.apache.ibatis.io.ResolverUtil - Inner URL: file:/E:/ideaXM/itrip/itrip-beans/target/itrip-beans-1.0-SNAPSHOT.jar!/cn/itrip/beans/pojo
- (1576 ms) - [DEBUG] 2019-01-15 19:38:43,133 org.apache.ibatis.io.ResolverUtil - Extracted JAR URL: file:/E:/ideaXM/itrip/itrip-beans/target/itrip-beans-1.0-SNAPSHOT.jar
- (1577 ms) - [DEBUG] 2019-01-15 19:38:43,134 org.apache.ibatis.io.ResolverUtil - Found JAR: file:/E:/ideaXM/itrip/itrip-beans/target/itrip-beans-1.0-SNAPSHOT.jar
- (1578 ms) - [DEBUG] 2019-01-15 19:38:43,135 org.apache.ibatis.io.ResolverUtil - Listing jar:file:/E:/ideaXM/itrip/itrip-beans/target/itrip-beans-1.0-SNAPSHOT.jar!/cn/itrip/beans/pojo
- (1580 ms) - [DEBUG] 2019-01-15 19:38:43,137 org.apache.ibatis.io.ResolverUtil - Found resource: /cn/itrip/beans/pojo/ItripAreaDic.class
- (1581 ms) - [DEBUG] 2019-01-15 19:38:43,138 org.apache.ibatis.io.ResolverUtil - Found resource: /cn/itrip/beans/pojo/ItripComment.class
- (1583 ms) - [DEBUG] 2019-01-15 19:38:43,140 org.apache.ibatis.io.ResolverUtil - Found resource: /cn/itrip/beans/pojo/ItripHotel.class
- (1589 ms) - [DEBUG] 2019-01-15 19:38:43,146 org.apache.ibatis.io.ResolverUtil - Found resource: /cn/itrip/beans/pojo/ItripHotelExtendProperty.class
- (1590 ms) - [DEBUG] 2019-01-15 19:38:43,147 org.apache.ibatis.io.ResolverUtil - Found resource: /cn/itrip/beans/pojo/ItripHotelFeature.class
- (1591 ms) - [DEBUG] 2019-01-15 19:38:43,148 org.apache.ibatis.io.ResolverUtil - Found resource: /cn/itrip/beans/pojo/ItripHotelOrder.class
- (1591 ms) - [DEBUG] 2019-01-15 19:38:43,148 org.apache.ibatis.io.ResolverUtil - Found resource: /cn/itrip/beans/pojo/ItripHotelRoom.class
- (1592 ms) - [DEBUG] 2019-01-15 19:38:43,149 org.apache.ibatis.io.ResolverUtil - Found resource: /cn/itrip/beans/pojo/ItripHotelTempStore.class
- (1593 ms) - [DEBUG] 2019-01-15 19:38:43,150 org.apache.ibatis.io.ResolverUtil - Found resource: /cn/itrip/beans/pojo/ItripHotelTradingArea.class
- (1593 ms) - [DEBUG] 2019-01-15 19:38:43,150 org.apache.ibatis.io.ResolverUtil - Found resource: /cn/itrip/beans/pojo/ItripImage.class
- (1594 ms) - [DEBUG] 2019-01-15 19:38:43,151 org.apache.ibatis.io.ResolverUtil - Found resource: /cn/itrip/beans/pojo/ItripLabelDic.class
- (1594 ms) - [DEBUG] 2019-01-15 19:38:43,151 org.apache.ibatis.io.ResolverUtil - Found resource: /cn/itrip/beans/pojo/ItripOrderLinkUser.class
- (1595 ms) - [DEBUG] 2019-01-15 19:38:43,152 org.apache.ibatis.io.ResolverUtil - Found resource: /cn/itrip/beans/pojo/ItripProductStore.class
- (1600 ms) - [DEBUG] 2019-01-15 19:38:43,157 org.apache.ibatis.io.ResolverUtil - Found resource: /cn/itrip/beans/pojo/ItripTradeEnds.class
- (1601 ms) - [DEBUG] 2019-01-15 19:38:43,158 org.apache.ibatis.io.ResolverUtil - Found resource: /cn/itrip/beans/pojo/ItripUser.class
- (1603 ms) - [DEBUG] 2019-01-15 19:38:43,160 org.apache.ibatis.io.ResolverUtil - Found resource: /cn/itrip/beans/pojo/ItripUserLinkUser.class
- (1609 ms) - [DEBUG] 2019-01-15 19:38:43,166 org.apache.ibatis.io.ResolverUtil - Checking to see if class cn.itrip.beans.pojo.ItripAreaDic matches criteria [is assignable to Object]
- (1611 ms) - [DEBUG] 2019-01-15 19:38:43,168 org.apache.ibatis.io.ResolverUtil - Checking to see if class cn.itrip.beans.pojo.ItripComment matches criteria [is assignable to Object]
- (1613 ms) - [DEBUG] 2019-01-15 19:38:43,170 org.apache.ibatis.io.ResolverUtil - Checking to see if class cn.itrip.beans.pojo.ItripHotel matches criteria [is assignable to Object]
- (1615 ms) - [DEBUG] 2019-01-15 19:38:43,172 org.apache.ibatis.io.ResolverUtil - Checking to see if class cn.itrip.beans.pojo.ItripHotelExtendProperty matches criteria [is assignable to Object]
- (1617 ms) - [DEBUG] 2019-01-15 19:38:43,174 org.apache.ibatis.io.ResolverUtil - Checking to see if class cn.itrip.beans.pojo.ItripHotelFeature matches criteria [is assignable to Object]
- (1618 ms) - [DEBUG] 2019-01-15 19:38:43,175 org.apache.ibatis.io.ResolverUtil - Checking to see if class cn.itrip.beans.pojo.ItripHotelOrder matches criteria [is assignable to Object]
- (1619 ms) - [DEBUG] 2019-01-15 19:38:43,176 org.apache.ibatis.io.ResolverUtil - Checking to see if class cn.itrip.beans.pojo.ItripHotelRoom matches criteria [is assignable to Object]
- (1619 ms) - [DEBUG] 2019-01-15 19:38:43,176 org.apache.ibatis.io.ResolverUtil - Checking to see if class cn.itrip.beans.pojo.ItripHotelTempStore matches criteria [is assignable to Object]
- (1620 ms) - [DEBUG] 2019-01-15 19:38:43,177 org.apache.ibatis.io.ResolverUtil - Checking to see if class cn.itrip.beans.pojo.ItripHotelTradingArea matches criteria [is assignable to Object]
- (1621 ms) - [DEBUG] 2019-01-15 19:38:43,178 org.apache.ibatis.io.ResolverUtil - Checking to see if class cn.itrip.beans.pojo.ItripImage matches criteria [is assignable to Object]
- (1622 ms) - [DEBUG] 2019-01-15 19:38:43,179 org.apache.ibatis.io.ResolverUtil - Checking to see if class cn.itrip.beans.pojo.ItripLabelDic matches criteria [is assignable to Object]
- (1623 ms) - [DEBUG] 2019-01-15 19:38:43,180 org.apache.ibatis.io.ResolverUtil - Checking to see if class cn.itrip.beans.pojo.ItripOrderLinkUser matches criteria [is assignable to Object]
- (1625 ms) - [DEBUG] 2019-01-15 19:38:43,182 org.apache.ibatis.io.ResolverUtil - Checking to see if class cn.itrip.beans.pojo.ItripProductStore matches criteria [is assignable to Object]
- (1626 ms) - [DEBUG] 2019-01-15 19:38:43,183 org.apache.ibatis.io.ResolverUtil - Checking to see if class cn.itrip.beans.pojo.ItripTradeEnds matches criteria [is assignable to Object]
- (1628 ms) - [DEBUG] 2019-01-15 19:38:43,185 org.apache.ibatis.io.ResolverUtil - Checking to see if class cn.itrip.beans.pojo.ItripUser matches criteria [is assignable to Object]
- (1630 ms) - [DEBUG] 2019-01-15 19:38:43,187 org.apache.ibatis.io.ResolverUtil - Checking to see if class cn.itrip.beans.pojo.ItripUserLinkUser matches criteria [is assignable to Object]
- (1662 ms) - [DEBUG] 2019-01-15 19:38:43,219 org.mybatis.spring.SqlSessionFactoryBean - Parsed configuration file: 'class path resource [mybatis-config.xml]'
- (2012 ms) - [ERROR] 2019-01-15 19:38:43,569 org.apache.ibatis.executor.BaseExecutor - Could not get a databaseId from dataSource
org.apache.commons.dbcp.SQLNestedException: Cannot create PoolableConnectionFactory (Data source rejected establishment of connection,  message from server: "Too many connections")
	at org.apache.commons.dbcp.BasicDataSource.createPoolableConnectionFactory(BasicDataSource.java:1549)
	at org.apache.commons.dbcp.BasicDataSource.createDataSource(BasicDataSource.java:1388)
	at org.apache.commons.dbcp.BasicDataSource.getConnection(BasicDataSource.java:1044)
	at org.apache.ibatis.mapping.VendorDatabaseIdProvider.getDatabaseProductName(VendorDatabaseIdProvider.java:76)
	at org.apache.ibatis.mapping.VendorDatabaseIdProvider.getDatabaseName(VendorDatabaseIdProvider.java:61)
	at org.apache.ibatis.mapping.VendorDatabaseIdProvider.getDatabaseId(VendorDatabaseIdProvider.java:49)
	at org.mybatis.spring.SqlSessionFactoryBean.buildSqlSessionFactory(SqlSessionFactoryBean.java:445)
	at org.mybatis.spring.SqlSessionFactoryBean.afterPropertiesSet(SqlSessionFactoryBean.java:336)
	at org.springframework.beans.factory.support.AbstractAutowireCapableBeanFactory.invokeInitMethods(AbstractAutowireCapableBeanFactory.java:1633)
	at org.springframework.beans.factory.support.AbstractAutowireCapableBeanFactory.initializeBean(AbstractAutowireCapableBeanFactory.java:1570)
	at org.springframework.beans.factory.support.AbstractAutowireCapableBeanFactory.doCreateBean(AbstractAutowireCapableBeanFactory.java:539)
	at org.springframework.beans.factory.support.AbstractAutowireCapableBeanFactory.createBean(AbstractAutowireCapableBeanFactory.java:476)
	at org.springframework.beans.factory.support.AbstractBeanFactory$1.getObject(AbstractBeanFactory.java:303)
	at org.springframework.beans.factory.support.DefaultSingletonBeanRegistry.getSingleton(DefaultSingletonBeanRegistry.java:230)
	at org.springframework.beans.factory.support.AbstractBeanFactory.doGetBean(AbstractBeanFactory.java:299)
	at org.springframework.beans.factory.support.AbstractBeanFactory.getBean(AbstractBeanFactory.java:194)
	at org.springframework.beans.factory.support.DefaultListableBeanFactory.findAutowireCandidates(DefaultListableBeanFactory.java:1120)
	at org.springframework.beans.factory.support.DefaultListableBeanFactory.doResolveDependency(DefaultListableBeanFactory.java:1044)
	at org.springframework.beans.factory.support.DefaultListableBeanFactory.resolveDependency(DefaultListableBeanFactory.java:942)
	at org.springframework.beans.factory.support.AbstractAutowireCapableBeanFactory.autowireByType(AbstractAutowireCapableBeanFactory.java:1288)
	at org.springframework.beans.factory.support.AbstractAutowireCapableBeanFactory.populateBean(AbstractAutowireCapableBeanFactory.java:1195)
	at org.springframework.beans.factory.support.AbstractAutowireCapableBeanFactory.doCreateBean(AbstractAutowireCapableBeanFactory.java:537)
	at org.springframework.beans.factory.support.AbstractAutowireCapableBeanFactory.createBean(AbstractAutowireCapableBeanFactory.java:476)
	at org.springframework.beans.factory.support.AbstractBeanFactory$1.getObject(AbstractBeanFactory.java:303)
	at org.springframework.beans.factory.support.DefaultSingletonBeanRegistry.getSingleton(DefaultSingletonBeanRegistry.java:230)
	at org.springframework.beans.factory.support.AbstractBeanFactory.doGetBean(AbstractBeanFactory.java:299)
	at org.springframework.beans.factory.support.AbstractBeanFactory.getTypeForFactoryBean(AbstractBeanFactory.java:1421)
	at org.springframework.beans.factory.support.AbstractAutowireCapableBeanFactory.getTypeForFactoryBean(AbstractAutowireCapableBeanFactory.java:802)
	at org.springframework.beans.factory.support.AbstractBeanFactory.isTypeMatch(AbstractBeanFactory.java:542)
	at org.springframework.beans.factory.support.DefaultListableBeanFactory.doGetBeanNamesForType(DefaultListableBeanFactory.java:436)
	at org.springframework.beans.factory.support.DefaultListableBeanFactory.getBeanNamesForType(DefaultListableBeanFactory.java:412)
	at org.springframework.beans.factory.BeanFactoryUtils.beanNamesForTypeIncludingAncestors(BeanFactoryUtils.java:186)
	at org.springframework.beans.factory.support.DefaultListableBeanFactory.findAutowireCandidates(DefaultListableBeanFactory.java:1105)
	at org.springframework.beans.factory.support.DefaultListableBeanFactory.doResolveDependency(DefaultListableBeanFactory.java:1044)
	at org.springframework.beans.factory.support.DefaultListableBeanFactory.resolveDependency(DefaultListableBeanFactory.java:942)
	at org.springframework.beans.factory.support.AbstractAutowireCapableBeanFactory.autowireByType(AbstractAutowireCapableBeanFactory.java:1288)
	at org.springframework.beans.factory.support.AbstractAutowireCapableBeanFactory.populateBean(AbstractAutowireCapableBeanFactory.java:1195)
	at org.springframework.beans.factory.support.AbstractAutowireCapableBeanFactory.doCreateBean(AbstractAutowireCapableBeanFactory.java:537)
	at org.springframework.beans.factory.support.AbstractAutowireCapableBeanFactory.createBean(AbstractAutowireCapableBeanFactory.java:476)
	at org.springframework.beans.factory.support.AbstractBeanFactory$1.getObject(AbstractBeanFactory.java:303)
	at org.springframework.beans.factory.support.DefaultSingletonBeanRegistry.getSingleton(DefaultSingletonBeanRegistry.java:230)
	at org.springframework.beans.factory.support.AbstractBeanFactory.doGetBean(AbstractBeanFactory.java:299)
	at org.springframework.beans.factory.support.AbstractBeanFactory.getTypeForFactoryBean(AbstractBeanFactory.java:1421)
	at org.springframework.beans.factory.support.AbstractAutowireCapableBeanFactory.getTypeForFactoryBean(AbstractAutowireCapableBeanFactory.java:802)
	at org.springframework.beans.factory.support.AbstractBeanFactory.isTypeMatch(AbstractBeanFactory.java:542)
	at org.springframework.beans.factory.support.DefaultListableBeanFactory.doGetBeanNamesForType(DefaultListableBeanFactory.java:436)
	at org.springframework.beans.factory.support.DefaultListableBeanFactory.getBeanNamesForType(DefaultListableBeanFactory.java:412)
	at org.springframework.beans.factory.BeanFactoryUtils.beanNamesForTypeIncludingAncestors(BeanFactoryUtils.java:186)
	at org.springframework.beans.factory.support.DefaultListableBeanFactory.findAutowireCandidates(DefaultListableBeanFactory.java:1105)
	at org.springframework.beans.factory.support.DefaultListableBeanFactory.doResolveDependency(DefaultListableBeanFactory.java:1044)
	at org.springframework.beans.factory.support.DefaultListableBeanFactory.resolveDependency(DefaultListableBeanFactory.java:942)
	at org.springframework.beans.factory.support.AbstractAutowireCapableBeanFactory.autowireByType(AbstractAutowireCapableBeanFactory.java:1288)
	at org.springframework.beans.factory.support.AbstractAutowireCapableBeanFactory.populateBean(AbstractAutowireCapableBeanFactory.java:1195)
	at org.springframework.beans.factory.support.AbstractAutowireCapableBeanFactory.doCreateBean(AbstractAutowireCapableBeanFactory.java:537)
	at org.springframework.beans.factory.support.AbstractAutowireCapableBeanFactory.createBean(AbstractAutowireCapableBeanFactory.java:476)
	at org.springframework.beans.factory.support.AbstractBeanFactory$1.getObject(AbstractBeanFactory.java:303)
	at org.springframework.beans.factory.support.DefaultSingletonBeanRegistry.getSingleton(DefaultSingletonBeanRegistry.java:230)
	at org.springframework.beans.factory.support.AbstractBeanFactory.doGetBean(AbstractBeanFactory.java:299)
	at org.springframework.beans.factory.support.AbstractBeanFactory.getTypeForFactoryBean(AbstractBeanFactory.java:1421)
	at org.springframework.beans.factory.support.AbstractAutowireCapableBeanFactory.getTypeForFactoryBean(AbstractAutowireCapableBeanFactory.java:802)
	at org.springframework.beans.factory.support.AbstractBeanFactory.isTypeMatch(AbstractBeanFactory.java:542)
	at org.springframework.beans.factory.support.DefaultListableBeanFactory.doGetBeanNamesForType(DefaultListableBeanFactory.java:436)
	at org.springframework.beans.factory.support.DefaultListableBeanFactory.getBeanNamesForType(DefaultListableBeanFactory.java:412)
	at org.springframework.beans.factory.BeanFactoryUtils.beanNamesForTypeIncludingAncestors(BeanFactoryUtils.java:186)
	at org.springframework.beans.factory.support.DefaultListableBeanFactory.findAutowireCandidates(DefaultListableBeanFactory.java:1105)
	at org.springframework.beans.factory.support.DefaultListableBeanFactory.doResolveDependency(DefaultListableBeanFactory.java:1044)
	at org.springframework.beans.factory.support.DefaultListableBeanFactory.resolveDependency(DefaultListableBeanFactory.java:942)
	at org.springframework.beans.factory.support.AbstractAutowireCapableBeanFactory.autowireByType(AbstractAutowireCapableBeanFactory.java:1288)
	at org.springframework.beans.factory.support.AbstractAutowireCapableBeanFactory.populateBean(AbstractAutowireCapableBeanFactory.java:1195)
	at org.springframework.beans.factory.support.AbstractAutowireCapableBeanFactory.doCreateBean(AbstractAutowireCapableBeanFactory.java:537)
	at org.springframework.beans.factory.support.AbstractAutowireCapableBeanFactory.createBean(AbstractAutowireCapableBeanFactory.java:476)
	at org.springframework.beans.factory.support.AbstractBeanFactory$1.getObject(AbstractBeanFactory.java:303)
	at org.springframework.beans.factory.support.DefaultSingletonBeanRegistry.getSingleton(DefaultSingletonBeanRegistry.java:230)
	at org.springframework.beans.factory.support.AbstractBeanFactory.doGetBean(AbstractBeanFactory.java:299)
	at org.springframework.beans.factory.support.AbstractBeanFactory.getTypeForFactoryBean(AbstractBeanFactory.java:1421)
	at org.springframework.beans.factory.support.AbstractAutowireCapableBeanFactory.getTypeForFactoryBean(AbstractAutowireCapableBeanFactory.java:802)
	at org.springframework.beans.factory.support.AbstractBeanFactory.isTypeMatch(AbstractBeanFactory.java:542)
	at org.springframework.beans.factory.support.DefaultListableBeanFactory.doGetBeanNamesForType(DefaultListableBeanFactory.java:436)
	at org.springframework.beans.factory.support.DefaultListableBeanFactory.getBeanNamesForType(DefaultListableBeanFactory.java:412)
	at org.springframework.beans.factory.BeanFactoryUtils.beanNamesForTypeIncludingAncestors(BeanFactoryUtils.java:186)
	at org.springframework.beans.factory.support.DefaultListableBeanFactory.findAutowireCandidates(DefaultListableBeanFactory.java:1105)
	at org.springframework.beans.factory.support.DefaultListableBeanFactory.doResolveDependency(DefaultListableBeanFactory.java:1044)
	at org.springframework.beans.factory.support.DefaultListableBeanFactory.resolveDependency(DefaultListableBeanFactory.java:942)
	at org.springframework.beans.factory.support.AbstractAutowireCapableBeanFactory.autowireByType(AbstractAutowireCapableBeanFactory.java:1288)
	at org.springframework.beans.factory.support.AbstractAutowireCapableBeanFactory.populateBean(AbstractAutowireCapableBeanFactory.java:1195)
	at org.springframework.beans.factory.support.AbstractAutowireCapableBeanFactory.doCreateBean(AbstractAutowireCapableBeanFactory.java:537)
	at org.springframework.beans.factory.support.AbstractAutowireCapableBeanFactory.createBean(AbstractAutowireCapableBeanFactory.java:476)
	at org.springframework.beans.factory.support.AbstractBeanFactory$1.getObject(AbstractBeanFactory.java:303)
	at org.springframework.beans.factory.support.DefaultSingletonBeanRegistry.getSingleton(DefaultSingletonBeanRegistry.java:230)
	at org.springframework.beans.factory.support.AbstractBeanFactory.doGetBean(AbstractBeanFactory.java:299)
	at org.springframework.beans.factory.support.AbstractBeanFactory.getTypeForFactoryBean(AbstractBeanFactory.java:1421)
	at org.springframework.beans.factory.support.AbstractAutowireCapableBeanFactory.getTypeForFactoryBean(AbstractAutowireCapableBeanFactory.java:802)
	at org.springframework.beans.factory.support.AbstractBeanFactory.isTypeMatch(AbstractBeanFactory.java:542)
	at org.springframework.beans.factory.support.DefaultListableBeanFactory.doGetBeanNamesForType(DefaultListableBeanFactory.java:436)
	at org.springframework.beans.factory.support.DefaultListableBeanFactory.getBeanNamesForType(DefaultListableBeanFactory.java:412)
	at org.springframework.beans.factory.BeanFactoryUtils.beanNamesForTypeIncludingAncestors(BeanFactoryUtils.java:186)
	at org.springframework.beans.factory.support.DefaultListableBeanFactory.findAutowireCandidates(DefaultListableBeanFactory.java:1105)
	at org.springframework.beans.factory.support.DefaultListableBeanFactory.doResolveDependency(DefaultListableBeanFactory.java:1044)
	at org.springframework.beans.factory.support.DefaultListableBeanFactory.resolveDependency(DefaultListableBeanFactory.java:942)
	at org.springframework.beans.factory.support.AbstractAutowireCapableBeanFactory.autowireByType(AbstractAutowireCapableBeanFactory.java:1288)
	at org.springframework.beans.factory.support.AbstractAutowireCapableBeanFactory.populateBean(AbstractAutowireCapableBeanFactory.java:1195)
	at org.springframework.beans.factory.support.AbstractAutowireCapableBeanFactory.doCreateBean(AbstractAutowireCapableBeanFactory.java:537)
	at org.springframework.beans.factory.support.AbstractAutowireCapableBeanFactory.createBean(AbstractAutowireCapableBeanFactory.java:476)
	at org.springframework.beans.factory.support.AbstractBeanFactory$1.getObject(AbstractBeanFactory.java:303)
	at org.springframework.beans.factory.support.DefaultSingletonBeanRegistry.getSingleton(DefaultSingletonBeanRegistry.java:230)
	at org.springframework.beans.factory.support.AbstractBeanFactory.doGetBean(AbstractBeanFactory.java:299)
	at org.springframework.beans.factory.support.AbstractBeanFactory.getTypeForFactoryBean(AbstractBeanFactory.java:1421)
	at org.springframework.beans.factory.support.AbstractAutowireCapableBeanFactory.getTypeForFactoryBean(AbstractAutowireCapableBeanFactory.java:802)
	at org.springframework.beans.factory.support.AbstractBeanFactory.isTypeMatch(AbstractBeanFactory.java:542)
	at org.springframework.beans.factory.support.DefaultListableBeanFactory.doGetBeanNamesForType(DefaultListableBeanFactory.java:436)
	at org.springframework.beans.factory.support.DefaultListableBeanFactory.getBeanNamesForType(DefaultListableBeanFactory.java:412)
	at org.springframework.beans.factory.BeanFactoryUtils.beanNamesForTypeIncludingAncestors(BeanFactoryUtils.java:186)
	at org.springframework.beans.factory.support.DefaultListableBeanFactory.findAutowireCandidates(DefaultListableBeanFactory.java:1105)
	at org.springframework.beans.factory.support.DefaultListableBeanFactory.doResolveDependency(DefaultListableBeanFactory.java:1044)
	at org.springframework.beans.factory.support.DefaultListableBeanFactory.resolveDependency(DefaultListableBeanFactory.java:942)
	at org.springframework.beans.factory.support.AbstractAutowireCapableBeanFactory.autowireByType(AbstractAutowireCapableBeanFactory.java:1288)
	at org.springframework.beans.factory.support.AbstractAutowireCapableBeanFactory.populateBean(AbstractAutowireCapableBeanFactory.java:1195)
	at org.springframework.beans.factory.support.AbstractAutowireCapableBeanFactory.doCreateBean(AbstractAutowireCapableBeanFactory.java:537)
	at org.springframework.beans.factory.support.AbstractAutowireCapableBeanFactory.createBean(AbstractAutowireCapableBeanFactory.java:476)
	at org.springframework.beans.factory.support.AbstractBeanFactory$1.getObject(AbstractBeanFactory.java:303)
	at org.springframework.beans.factory.support.DefaultSingletonBeanRegistry.getSingleton(DefaultSingletonBeanRegistry.java:230)
	at org.springframework.beans.factory.support.AbstractBeanFactory.doGetBean(AbstractBeanFactory.java:299)
	at org.springframework.beans.factory.support.AbstractBeanFactory.getTypeForFactoryBean(AbstractBeanFactory.java:1421)
	at org.springframework.beans.factory.support.AbstractAutowireCapableBeanFactory.getTypeForFactoryBean(AbstractAutowireCapableBeanFactory.java:802)
	at org.springframework.beans.factory.support.AbstractBeanFactory.isTypeMatch(AbstractBeanFactory.java:542)
	at org.springframework.beans.factory.support.DefaultListableBeanFactory.doGetBeanNamesForType(DefaultListableBeanFactory.java:436)
	at org.springframework.beans.factory.support.DefaultListableBeanFactory.getBeanNamesForType(DefaultListableBeanFactory.java:412)
	at org.springframework.beans.factory.BeanFactoryUtils.beanNamesForTypeIncludingAncestors(BeanFactoryUtils.java:186)
	at org.springframework.beans.factory.support.DefaultListableBeanFactory.findAutowireCandidates(DefaultListableBeanFactory.java:1105)
	at org.springframework.beans.factory.support.DefaultListableBeanFactory.doResolveDependency(DefaultListableBeanFactory.java:1044)
	at org.springframework.beans.factory.support.DefaultListableBeanFactory.resolveDependency(DefaultListableBeanFactory.java:942)
	at org.springframework.beans.factory.support.AbstractAutowireCapableBeanFactory.autowireByType(AbstractAutowireCapableBeanFactory.java:1288)
	at org.springframework.beans.factory.support.AbstractAutowireCapableBeanFactory.populateBean(AbstractAutowireCapableBeanFactory.java:1195)
	at org.springframework.beans.factory.support.AbstractAutowireCapableBeanFactory.doCreateBean(AbstractAutowireCapableBeanFactory.java:537)
	at org.springframework.beans.factory.support.AbstractAutowireCapableBeanFactory.createBean(AbstractAutowireCapableBeanFactory.java:476)
	at org.springframework.beans.factory.support.AbstractBeanFactory$1.getObject(AbstractBeanFactory.java:303)
	at org.springframework.beans.factory.support.DefaultSingletonBeanRegistry.getSingleton(DefaultSingletonBeanRegistry.java:230)
	at org.springframework.beans.factory.support.AbstractBeanFactory.doGetBean(AbstractBeanFactory.java:299)
	at org.springframework.beans.factory.support.AbstractBeanFactory.getTypeForFactoryBean(AbstractBeanFactory.java:1421)
	at org.springframework.beans.factory.support.AbstractAutowireCapableBeanFactory.getTypeForFactoryBean(AbstractAutowireCapableBeanFactory.java:802)
	at org.springframework.beans.factory.support.AbstractBeanFactory.isTypeMatch(AbstractBeanFactory.java:542)
	at org.springframework.beans.factory.support.DefaultListableBeanFactory.doGetBeanNamesForType(DefaultListableBeanFactory.java:436)
	at org.springframework.beans.factory.support.DefaultListableBeanFactory.getBeanNamesForType(DefaultListableBeanFactory.java:412)
	at org.springframework.beans.factory.BeanFactoryUtils.beanNamesForTypeIncludingAncestors(BeanFactoryUtils.java:186)
	at org.springframework.beans.factory.support.DefaultListableBeanFactory.findAutowireCandidates(DefaultListableBeanFactory.java:1105)
	at org.springframework.beans.factory.support.DefaultListableBeanFactory.doResolveDependency(DefaultListableBeanFactory.java:1044)
	at org.springframework.beans.factory.support.DefaultListableBeanFactory.resolveDependency(DefaultListableBeanFactory.java:942)
	at org.springframework.beans.factory.support.AbstractAutowireCapableBeanFactory.autowireByType(AbstractAutowireCapableBeanFactory.java:1288)
	at org.springframework.beans.factory.support.AbstractAutowireCapableBeanFactory.populateBean(AbstractAutowireCapableBeanFactory.java:1195)
	at org.springframework.beans.factory.support.AbstractAutowireCapableBeanFactory.doCreateBean(AbstractAutowireCapableBeanFactory.java:537)
	at org.springframework.beans.factory.support.AbstractAutowireCapableBeanFactory.createBean(AbstractAutowireCapableBeanFactory.java:476)
	at org.springframework.beans.factory.support.AbstractBeanFactory$1.getObject(AbstractBeanFactory.java:303)
	at org.springframework.beans.factory.support.DefaultSingletonBeanRegistry.getSingleton(DefaultSingletonBeanRegistry.java:230)
	at org.springframework.beans.factory.support.AbstractBeanFactory.doGetBean(AbstractBeanFactory.java:299)
	at org.springframework.beans.factory.support.AbstractBeanFactory.getTypeForFactoryBean(AbstractBeanFactory.java:1421)
	at org.springframework.beans.factory.support.AbstractAutowireCapableBeanFactory.getTypeForFactoryBean(AbstractAutowireCapableBeanFactory.java:802)
	at org.springframework.beans.factory.support.AbstractBeanFactory.isTypeMatch(AbstractBeanFactory.java:542)
	at org.springframework.beans.factory.support.DefaultListableBeanFactory.doGetBeanNamesForType(DefaultListableBeanFactory.java:436)
	at org.springframework.beans.factory.support.DefaultListableBeanFactory.getBeanNamesForType(DefaultListableBeanFactory.java:412)
	at org.springframework.beans.factory.BeanFactoryUtils.beanNamesForTypeIncludingAncestors(BeanFactoryUtils.java:186)
	at org.springframework.beans.factory.support.DefaultListableBeanFactory.findAutowireCandidates(DefaultListableBeanFactory.java:1105)
	at org.springframework.beans.factory.support.DefaultListableBeanFactory.doResolveDependency(DefaultListableBeanFactory.java:1044)
	at org.springframework.beans.factory.support.DefaultListableBeanFactory.resolveDependency(DefaultListableBeanFactory.java:942)
	at org.springframework.beans.factory.support.AbstractAutowireCapableBeanFactory.autowireByType(AbstractAutowireCapableBeanFactory.java:1288)
	at org.springframework.beans.factory.support.AbstractAutowireCapableBeanFactory.populateBean(AbstractAutowireCapableBeanFactory.java:1195)
	at org.springframework.beans.factory.support.AbstractAutowireCapableBeanFactory.doCreateBean(AbstractAutowireCapableBeanFactory.java:537)
	at org.springframework.beans.factory.support.AbstractAutowireCapableBeanFactory.createBean(AbstractAutowireCapableBeanFactory.java:476)
	at org.springframework.beans.factory.support.AbstractBeanFactory$1.getObject(AbstractBeanFactory.java:303)
	at org.springframework.beans.factory.support.DefaultSingletonBeanRegistry.getSingleton(DefaultSingletonBeanRegistry.java:230)
	at org.springframework.beans.factory.support.AbstractBeanFactory.doGetBean(AbstractBeanFactory.java:299)
	at org.springframework.beans.factory.support.AbstractBeanFactory.getTypeForFactoryBean(AbstractBeanFactory.java:1421)
	at org.springframework.beans.factory.support.AbstractAutowireCapableBeanFactory.getTypeForFactoryBean(AbstractAutowireCapableBeanFactory.java:802)
	at org.springframework.beans.factory.support.AbstractBeanFactory.isTypeMatch(AbstractBeanFactory.java:542)
	at org.springframework.beans.factory.support.DefaultListableBeanFactory.doGetBeanNamesForType(DefaultListableBeanFactory.java:436)
	at org.springframework.beans.factory.support.DefaultListableBeanFactory.getBeanNamesForType(DefaultListableBeanFactory.java:412)
	at org.springframework.beans.factory.support.DefaultListableBeanFactory.getBeanNamesForType(DefaultListableBeanFactory.java:398)
	at org.springframework.context.support.AbstractApplicationContext.getBeanNamesForType(AbstractApplicationContext.java:1040)
	at org.springframework.web.servlet.handler.AbstractDetectingUrlHandlerMapping.detectHandlers(AbstractDetectingUrlHandlerMapping.java:75)
	at org.springframework.web.servlet.handler.AbstractDetectingUrlHandlerMapping.initApplicationContext(AbstractDetectingUrlHandlerMapping.java:58)
	at org.springframework.context.support.ApplicationObjectSupport.initApplicationContext(ApplicationObjectSupport.java:120)
	at org.springframework.web.context.support.WebApplicationObjectSupport.initApplicationContext(WebApplicationObjectSupport.java:76)
	at org.springframework.context.support.ApplicationObjectSupport.setApplicationContext(ApplicationObjectSupport.java:74)
	at org.springframework.context.support.ApplicationContextAwareProcessor.invokeAwareInterfaces(ApplicationContextAwareProcessor.java:119)
	at org.springframework.context.support.ApplicationContextAwareProcessor.postProcessBeforeInitialization(ApplicationContextAwareProcessor.java:94)
	at org.springframework.beans.factory.support.AbstractAutowireCapableBeanFactory.applyBeanPostProcessorsBeforeInitialization(AbstractAutowireCapableBeanFactory.java:408)
	at org.springframework.beans.factory.support.AbstractAutowireCapableBeanFactory.initializeBean(AbstractAutowireCapableBeanFactory.java:1566)
	at org.springframework.beans.factory.support.AbstractAutowireCapableBeanFactory.doCreateBean(AbstractAutowireCapableBeanFactory.java:539)
	at org.springframework.beans.factory.support.AbstractAutowireCapableBeanFactory.createBean(AbstractAutowireCapableBeanFactory.java:476)
	at org.springframework.beans.factory.support.AbstractBeanFactory$1.getObject(AbstractBeanFactory.java:303)
	at org.springframework.beans.factory.support.DefaultSingletonBeanRegistry.getSingleton(DefaultSingletonBeanRegistry.java:230)
	at org.springframework.beans.factory.support.AbstractBeanFactory.doGetBean(AbstractBeanFactory.java:299)
	at org.springframework.beans.factory.support.AbstractBeanFactory.getBean(AbstractBeanFactory.java:194)
	at org.springframework.beans.factory.support.DefaultListableBeanFactory.preInstantiateSingletons(DefaultListableBeanFactory.java:755)
	at org.springframework.context.support.AbstractApplicationContext.finishBeanFactoryInitialization(AbstractApplicationContext.java:757)
	at org.springframework.context.support.AbstractApplicationContext.refresh(AbstractApplicationContext.java:480)
	at org.springframework.test.context.support.AbstractGenericContextLoader.loadContext(AbstractGenericContextLoader.java:125)
	at org.springframework.test.context.support.AbstractGenericContextLoader.loadContext(AbstractGenericContextLoader.java:60)
	at org.springframework.test.context.support.AbstractDelegatingSmartContextLoader.delegateLoading(AbstractDelegatingSmartContextLoader.java:109)
	at org.springframework.test.context.support.AbstractDelegatingSmartContextLoader.loadContext(AbstractDelegatingSmartContextLoader.java:261)
	at org.springframework.test.context.DefaultCacheAwareContextLoaderDelegate.loadContextInternal(DefaultCacheAwareContextLoaderDelegate.java:68)
	at org.springframework.test.context.DefaultCacheAwareContextLoaderDelegate.loadContext(DefaultCacheAwareContextLoaderDelegate.java:86)
	at org.springframework.test.context.DefaultTestContext.getApplicationContext(DefaultTestContext.java:72)
	at org.springframework.test.context.support.DependencyInjectionTestExecutionListener.injectDependencies(DependencyInjectionTestExecutionListener.java:117)
	at org.springframework.test.context.support.DependencyInjectionTestExecutionListener.prepareTestInstance(DependencyInjectionTestExecutionListener.java:83)
	at org.springframework.test.context.TestContextManager.prepareTestInstance(TestContextManager.java:212)
	at org.springframework.test.context.junit4.SpringJUnit4ClassRunner.createTest(SpringJUnit4ClassRunner.java:200)
	at org.springframework.test.context.junit4.SpringJUnit4ClassRunner$1.runReflectiveCall(SpringJUnit4ClassRunner.java:259)
	at org.junit.internal.runners.model.ReflectiveCallable.run(ReflectiveCallable.java:12)
	at org.springframework.test.context.junit4.SpringJUnit4ClassRunner.methodBlock(SpringJUnit4ClassRunner.java:261)
	at org.springframework.test.context.junit4.SpringJUnit4ClassRunner.runChild(SpringJUnit4ClassRunner.java:219)
	at org.springframework.test.context.junit4.SpringJUnit4ClassRunner.runChild(SpringJUnit4ClassRunner.java:83)
	at org.junit.runners.ParentRunner$3.run(ParentRunner.java:238)
	at org.junit.runners.ParentRunner$1.schedule(ParentRunner.java:63)
	at org.junit.runners.ParentRunner.runChildren(ParentRunner.java:236)
	at org.junit.runners.ParentRunner.access$000(ParentRunner.java:53)
	at org.junit.runners.ParentRunner$2.evaluate(ParentRunner.java:229)
	at org.springframework.test.context.junit4.statements.RunBeforeTestClassCallbacks.evaluate(RunBeforeTestClassCallbacks.java:61)
	at org.springframework.test.context.junit4.statements.RunAfterTestClassCallbacks.evaluate(RunAfterTestClassCallbacks.java:68)
	at org.junit.runners.ParentRunner.run(ParentRunner.java:309)
	at org.springframework.test.context.junit4.SpringJUnit4ClassRunner.run(SpringJUnit4ClassRunner.java:163)
	at org.apache.maven.surefire.junit4.JUnit4Provider.execute(JUnit4Provider.java:369)
	at org.apache.maven.surefire.junit4.JUnit4Provider.executeWithRerun(JUnit4Provider.java:275)
	at org.apache.maven.surefire.junit4.JUnit4Provider.executeTestSet(JUnit4Provider.java:239)
	at org.apache.maven.surefire.junit4.JUnit4Provider.invoke(JUnit4Provider.java:160)
	at org.apache.maven.surefire.booter.ForkedBooter.invokeProviderInSameClassLoader(ForkedBooter.java:373)
	at org.apache.maven.surefire.booter.ForkedBooter.runSuitesInProcess(ForkedBooter.java:334)
	at org.apache.maven.surefire.booter.ForkedBooter.execute(ForkedBooter.java:119)
	at org.apache.maven.surefire.booter.ForkedBooter.main(ForkedBooter.java:407)
Caused by: com.mysql.jdbc.exceptions.jdbc4.MySQLNonTransientConnectionException: Data source rejected establishment of connection,  message from server: "Too many connections"
	at sun.reflect.NativeConstructorAccessorImpl.newInstance0(Native Method)
	at sun.reflect.NativeConstructorAccessorImpl.newInstance(NativeConstructorAccessorImpl.java:62)
	at sun.reflect.DelegatingConstructorAccessorImpl.newInstance(DelegatingConstructorAccessorImpl.java:45)
	at java.lang.reflect.Constructor.newInstance(Constructor.java:423)
	at com.mysql.jdbc.Util.handleNewInstance(Util.java:411)
	at com.mysql.jdbc.Util.getInstance(Util.java:386)
	at com.mysql.jdbc.SQLError.createSQLException(SQLError.java:1013)
	at com.mysql.jdbc.SQLError.createSQLException(SQLError.java:987)
	at com.mysql.jdbc.SQLError.createSQLException(SQLError.java:982)
	at com.mysql.jdbc.MysqlIO.doHandshake(MysqlIO.java:1128)
	at com.mysql.jdbc.ConnectionImpl.coreConnect(ConnectionImpl.java:2336)
	at com.mysql.jdbc.ConnectionImpl.connectOneTryOnly(ConnectionImpl.java:2369)
	at com.mysql.jdbc.ConnectionImpl.createNewIO(ConnectionImpl.java:2153)
	at com.mysql.jdbc.ConnectionImpl.<init>(ConnectionImpl.java:792)
	at com.mysql.jdbc.JDBC4Connection.<init>(JDBC4Connection.java:47)
	at sun.reflect.NativeConstructorAccessorImpl.newInstance0(Native Method)
	at sun.reflect.NativeConstructorAccessorImpl.newInstance(NativeConstructorAccessorImpl.java:62)
	at sun.reflect.DelegatingConstructorAccessorImpl.newInstance(DelegatingConstructorAccessorImpl.java:45)
	at java.lang.reflect.Constructor.newInstance(Constructor.java:423)
	at com.mysql.jdbc.Util.handleNewInstance(Util.java:411)
	at com.mysql.jdbc.ConnectionImpl.getInstance(ConnectionImpl.java:381)
	at com.mysql.jdbc.NonRegisteringDriver.connect(NonRegisteringDriver.java:305)
	at org.apache.commons.dbcp.DriverConnectionFactory.createConnection(DriverConnectionFactory.java:38)
	at org.apache.commons.dbcp.PoolableConnectionFactory.makeObject(PoolableConnectionFactory.java:582)
	at org.apache.commons.dbcp.BasicDataSource.validateConnectionFactory(BasicDataSource.java:1556)
	at org.apache.commons.dbcp.BasicDataSource.createPoolableConnectionFactory(BasicDataSource.java:1545)
	... 227 more
- (2033 ms) - [DEBUG] 2019-01-15 19:38:43,590 org.mybatis.spring.SqlSessionFactoryBean - Property 'mapperLocations' was not specified or no matching resources found
- (2035 ms) - [DEBUG] 2019-01-15 19:38:43,592 org.springframework.beans.factory.support.DefaultListableBeanFactory - Returning cached instance of singleton bean 'org.springframework.aop.support.DefaultBeanFactoryPointcutAdvisor#0'
- (2036 ms) - [DEBUG] 2019-01-15 19:38:43,593 org.springframework.beans.factory.support.DefaultListableBeanFactory - Returning cached instance of singleton bean 'org.springframework.aop.support.DefaultBeanFactoryPointcutAdvisor#0'
- (2048 ms) - [DEBUG] 2019-01-15 19:38:43,605 org.springframework.beans.factory.support.DefaultListableBeanFactory - Finished creating instance of bean 'sqlSessionFactoryBean'
- (2049 ms) - [DEBUG] 2019-01-15 19:38:43,606 org.springframework.beans.factory.support.DefaultListableBeanFactory - Returning cached instance of singleton bean 'org.springframework.aop.support.DefaultBeanFactoryPointcutAdvisor#0'
- (2050 ms) - [DEBUG] 2019-01-15 19:38:43,607 org.springframework.beans.factory.support.DefaultListableBeanFactory - Returning cached instance of singleton bean 'org.springframework.aop.support.DefaultBeanFactoryPointcutAdvisor#0'
- (2057 ms) - [DEBUG] 2019-01-15 19:38:43,614 org.springframework.beans.factory.support.DefaultListableBeanFactory - Autowiring by type from bean name 'itripUserLinkUserMapper' via property 'sqlSessionFactory' to bean named 'sqlSessionFactoryBean'
- (2083 ms) - [DEBUG] 2019-01-15 19:38:43,640 org.springframework.beans.factory.support.DefaultListableBeanFactory - Invoking afterPropertiesSet() on bean with name 'itripUserLinkUserMapper'
- (2188 ms) - [DEBUG] 2019-01-15 19:38:43,745 org.springframework.beans.factory.support.DefaultListableBeanFactory - Finished creating instance of bean 'itripUserLinkUserMapper'
- (2189 ms) - [DEBUG] 2019-01-15 19:38:43,746 org.springframework.beans.factory.support.DefaultListableBeanFactory - Returning cached instance of singleton bean 'sqlSessionFactoryBean'
- (2190 ms) - [DEBUG] 2019-01-15 19:38:43,747 org.springframework.beans.factory.support.DefaultListableBeanFactory - Autowiring by type from bean name 'itripUserMapper' via property 'sqlSessionFactory' to bean named 'sqlSessionFactoryBean'
- (2191 ms) - [DEBUG] 2019-01-15 19:38:43,748 org.springframework.beans.factory.support.DefaultListableBeanFactory - Invoking afterPropertiesSet() on bean with name 'itripUserMapper'
- (2242 ms) - [DEBUG] 2019-01-15 19:38:43,799 org.springframework.beans.factory.support.DefaultListableBeanFactory - Finished creating instance of bean 'itripUserMapper'
- (2243 ms) - [DEBUG] 2019-01-15 19:38:43,800 org.springframework.beans.factory.support.DefaultListableBeanFactory - Returning cached instance of singleton bean 'sqlSessionFactoryBean'
- (2244 ms) - [DEBUG] 2019-01-15 19:38:43,801 org.springframework.beans.factory.support.DefaultListableBeanFactory - Autowiring by type from bean name 'itripLabelDicMapper' via property 'sqlSessionFactory' to bean named 'sqlSessionFactoryBean'
- (2245 ms) - [DEBUG] 2019-01-15 19:38:43,802 org.springframework.beans.factory.support.DefaultListableBeanFactory - Invoking afterPropertiesSet() on bean with name 'itripLabelDicMapper'
- (2266 ms) - [DEBUG] 2019-01-15 19:38:43,823 org.springframework.beans.factory.support.DefaultListableBeanFactory - Finished creating instance of bean 'itripLabelDicMapper'
- (2267 ms) - [DEBUG] 2019-01-15 19:38:43,824 org.springframework.beans.factory.support.DefaultListableBeanFactory - Returning cached instance of singleton bean 'sqlSessionFactoryBean'
- (2267 ms) - [DEBUG] 2019-01-15 19:38:43,824 org.springframework.beans.factory.support.DefaultListableBeanFactory - Autowiring by type from bean name 'itripLabelMapper' via property 'sqlSessionFactory' to bean named 'sqlSessionFactoryBean'
- (2269 ms) - [DEBUG] 2019-01-15 19:38:43,826 org.springframework.beans.factory.support.DefaultListableBeanFactory - Invoking afterPropertiesSet() on bean with name 'itripLabelMapper'
- (2281 ms) - [DEBUG] 2019-01-15 19:38:43,838 org.springframework.beans.factory.support.DefaultListableBeanFactory - Finished creating instance of bean 'itripLabelMapper'
- (2283 ms) - [DEBUG] 2019-01-15 19:38:43,840 org.springframework.beans.factory.support.DefaultListableBeanFactory - Returning cached instance of singleton bean 'sqlSessionFactoryBean'
- (2283 ms) - [DEBUG] 2019-01-15 19:38:43,840 org.springframework.beans.factory.support.DefaultListableBeanFactory - Autowiring by type from bean name 'itripImageMapper' via property 'sqlSessionFactory' to bean named 'sqlSessionFactoryBean'
- (2284 ms) - [DEBUG] 2019-01-15 19:38:43,841 org.springframework.beans.factory.support.DefaultListableBeanFactory - Invoking afterPropertiesSet() on bean with name 'itripImageMapper'
- (2292 ms) - [DEBUG] 2019-01-15 19:38:43,849 org.springframework.beans.factory.support.DefaultListableBeanFactory - Finished creating instance of bean 'itripImageMapper'
- (2292 ms) - [DEBUG] 2019-01-15 19:38:43,849 org.springframework.beans.factory.support.DefaultListableBeanFactory - Returning cached instance of singleton bean 'sqlSessionFactoryBean'
- (2293 ms) - [DEBUG] 2019-01-15 19:38:43,850 org.springframework.beans.factory.support.DefaultListableBeanFactory - Autowiring by type from bean name 'itripHotelOrderMapper' via property 'sqlSessionFactory' to bean named 'sqlSessionFactoryBean'
- (2294 ms) - [DEBUG] 2019-01-15 19:38:43,851 org.springframework.beans.factory.support.DefaultListableBeanFactory - Invoking afterPropertiesSet() on bean with name 'itripHotelOrderMapper'
- (2312 ms) - [DEBUG] 2019-01-15 19:38:43,869 org.springframework.beans.factory.support.DefaultListableBeanFactory - Finished creating instance of bean 'itripHotelOrderMapper'
- (2330 ms) - [DEBUG] 2019-01-15 19:38:43,887 org.springframework.beans.factory.support.DefaultListableBeanFactory - Returning cached instance of singleton bean 'sqlSessionFactoryBean'
- (2331 ms) - [DEBUG] 2019-01-15 19:38:43,888 org.springframework.beans.factory.support.DefaultListableBeanFactory - Autowiring by type from bean name 'itripHotelMapper' via property 'sqlSessionFactory' to bean named 'sqlSessionFactoryBean'
- (2332 ms) - [DEBUG] 2019-01-15 19:38:43,889 org.springframework.beans.factory.support.DefaultListableBeanFactory - Invoking afterPropertiesSet() on bean with name 'itripHotelMapper'
- (2356 ms) - [DEBUG] 2019-01-15 19:38:43,913 org.springframework.beans.factory.support.DefaultListableBeanFactory - Finished creating instance of bean 'itripHotelMapper'
- (2357 ms) - [DEBUG] 2019-01-15 19:38:43,914 org.springframework.beans.factory.support.DefaultListableBeanFactory - Returning cached instance of singleton bean 'sqlSessionFactoryBean'
- (2357 ms) - [DEBUG] 2019-01-15 19:38:43,914 org.springframework.beans.factory.support.DefaultListableBeanFactory - Autowiring by type from bean name 'itripCommentMapper' via property 'sqlSessionFactory' to bean named 'sqlSessionFactoryBean'
- (2358 ms) - [DEBUG] 2019-01-15 19:38:43,915 org.springframework.beans.factory.support.DefaultListableBeanFactory - Invoking afterPropertiesSet() on bean with name 'itripCommentMapper'
- (2376 ms) - [DEBUG] 2019-01-15 19:38:43,933 org.springframework.beans.factory.support.DefaultListableBeanFactory - Finished creating instance of bean 'itripCommentMapper'
- (2377 ms) - [DEBUG] 2019-01-15 19:38:43,934 org.springframework.beans.factory.support.DefaultListableBeanFactory - Returning cached instance of singleton bean 'sqlSessionFactoryBean'
- (2377 ms) - [DEBUG] 2019-01-15 19:38:43,934 org.springframework.beans.factory.support.DefaultListableBeanFactory - Autowiring by type from bean name 'itripAreaDicMapper' via property 'sqlSessionFactory' to bean named 'sqlSessionFactoryBean'
- (2378 ms) - [DEBUG] 2019-01-15 19:38:43,935 org.springframework.beans.factory.support.DefaultListableBeanFactory - Invoking afterPropertiesSet() on bean with name 'itripAreaDicMapper'
- (2415 ms) - [DEBUG] 2019-01-15 19:38:43,972 org.springframework.beans.factory.support.DefaultListableBeanFactory - Finished creating instance of bean 'itripAreaDicMapper'
- (2416 ms) - [DEBUG] 2019-01-15 19:38:43,973 org.springframework.beans.factory.support.DefaultListableBeanFactory - Returning cached instance of singleton bean 'sqlSessionFactoryBean'
- (2417 ms) - [DEBUG] 2019-01-15 19:38:43,974 org.springframework.beans.factory.support.DefaultListableBeanFactory - Autowiring by type from bean name 'itripHotMapper' via property 'sqlSessionFactory' to bean named 'sqlSessionFactoryBean'
- (2418 ms) - [DEBUG] 2019-01-15 19:38:43,975 org.springframework.beans.factory.support.DefaultListableBeanFactory - Invoking afterPropertiesSet() on bean with name 'itripHotMapper'
- (2436 ms) - [DEBUG] 2019-01-15 19:38:43,993 org.springframework.beans.factory.support.DefaultListableBeanFactory - Finished creating instance of bean 'itripHotMapper'
- (2437 ms) - [DEBUG] 2019-01-15 19:38:43,994 org.springframework.web.servlet.handler.BeanNameUrlHandlerMapping - Rejected bean name 'org.springframework.web.servlet.resource.DefaultServletHttpRequestHandler#0': no URL paths identified
- (2437 ms) - [DEBUG] 2019-01-15 19:38:43,994 org.springframework.web.servlet.handler.BeanNameUrlHandlerMapping - Rejected bean name 'org.springframework.web.servlet.handler.SimpleUrlHandlerMapping#0': no URL paths identified
- (2438 ms) - [DEBUG] 2019-01-15 19:38:43,995 org.springframework.web.servlet.handler.BeanNameUrlHandlerMapping - Rejected bean name 'org.springframework.web.servlet.handler.BeanNameUrlHandlerMapping': no URL paths identified
- (2438 ms) - [DEBUG] 2019-01-15 19:38:43,995 org.springframework.web.servlet.handler.BeanNameUrlHandlerMapping - Rejected bean name 'org.springframework.web.servlet.mvc.HttpRequestHandlerAdapter': no URL paths identified
- (2438 ms) - [DEBUG] 2019-01-15 19:38:43,995 org.springframework.web.servlet.handler.BeanNameUrlHandlerMapping - Rejected bean name 'org.springframework.web.servlet.mvc.SimpleControllerHandlerAdapter': no URL paths identified
- (2438 ms) - [DEBUG] 2019-01-15 19:38:43,995 org.springframework.web.servlet.handler.BeanNameUrlHandlerMapping - Rejected bean name 'itripHotServiceImpl': no URL paths identified
- (2438 ms) - [DEBUG] 2019-01-15 19:38:43,995 org.springframework.web.servlet.handler.BeanNameUrlHandlerMapping - Rejected bean name 'itripAreaDicServiceImpl': no URL paths identified
- (2438 ms) - [DEBUG] 2019-01-15 19:38:43,995 org.springframework.web.servlet.handler.BeanNameUrlHandlerMapping - Rejected bean name 'itripCommentServiceImpl': no URL paths identified
- (2439 ms) - [DEBUG] 2019-01-15 19:38:43,996 org.springframework.web.servlet.handler.BeanNameUrlHandlerMapping - Rejected bean name 'itripHotelOrderServiceImpl': no URL paths identified
- (2439 ms) - [DEBUG] 2019-01-15 19:38:43,996 org.springframework.web.servlet.handler.BeanNameUrlHandlerMapping - Rejected bean name 'itripImageServiceImpl': no URL paths identified
- (2439 ms) - [DEBUG] 2019-01-15 19:38:43,996 org.springframework.web.servlet.handler.BeanNameUrlHandlerMapping - Rejected bean name 'itripLabelServiceImpl': no URL paths identified
- (2439 ms) - [DEBUG] 2019-01-15 19:38:43,996 org.springframework.web.servlet.handler.BeanNameUrlHandlerMapping - Rejected bean name 'itripLabelDicServiceImpl': no URL paths identified
- (2439 ms) - [DEBUG] 2019-01-15 19:38:43,996 org.springframework.web.servlet.handler.BeanNameUrlHandlerMapping - Rejected bean name 'itripUserServiceImpl': no URL paths identified
- (2440 ms) - [DEBUG] 2019-01-15 19:38:43,997 org.springframework.web.servlet.handler.BeanNameUrlHandlerMapping - Rejected bean name 'itripUserLinkUserServiceImpl': no URL paths identified
- (2440 ms) - [DEBUG] 2019-01-15 19:38:43,997 org.springframework.web.servlet.handler.BeanNameUrlHandlerMapping - Rejected bean name 'org.springframework.context.annotation.internalConfigurationAnnotationProcessor': no URL paths identified
- (2440 ms) - [DEBUG] 2019-01-15 19:38:43,997 org.springframework.web.servlet.handler.BeanNameUrlHandlerMapping - Rejected bean name 'org.springframework.context.annotation.internalAutowiredAnnotationProcessor': no URL paths identified
- (2440 ms) - [DEBUG] 2019-01-15 19:38:43,997 org.springframework.web.servlet.handler.BeanNameUrlHandlerMapping - Rejected bean name 'org.springframework.context.annotation.internalRequiredAnnotationProcessor': no URL paths identified
- (2440 ms) - [DEBUG] 2019-01-15 19:38:43,997 org.springframework.web.servlet.handler.BeanNameUrlHandlerMapping - Rejected bean name 'org.springframework.context.annotation.internalCommonAnnotationProcessor': no URL paths identified
- (2440 ms) - [DEBUG] 2019-01-15 19:38:43,997 org.springframework.web.servlet.handler.BeanNameUrlHandlerMapping - Rejected bean name 'org.springframework.context.support.PropertySourcesPlaceholderConfigurer#0': no URL paths identified
- (2440 ms) - [DEBUG] 2019-01-15 19:38:43,997 org.springframework.web.servlet.handler.BeanNameUrlHandlerMapping - Rejected bean name 'dataSource': no URL paths identified
- (2441 ms) - [DEBUG] 2019-01-15 19:38:43,998 org.springframework.web.servlet.handler.BeanNameUrlHandlerMapping - Rejected bean name 'txManager': no URL paths identified
- (2441 ms) - [DEBUG] 2019-01-15 19:38:43,998 org.springframework.web.servlet.handler.BeanNameUrlHandlerMapping - Rejected bean name 'sqlSessionFactoryBean': no URL paths identified
- (2441 ms) - [DEBUG] 2019-01-15 19:38:43,998 org.springframework.web.servlet.handler.BeanNameUrlHandlerMapping - Rejected bean name 'org.springframework.aop.config.internalAutoProxyCreator': no URL paths identified
- (2441 ms) - [DEBUG] 2019-01-15 19:38:43,998 org.springframework.web.servlet.handler.BeanNameUrlHandlerMapping - Rejected bean name 'transService': no URL paths identified
- (2441 ms) - [DEBUG] 2019-01-15 19:38:43,998 org.springframework.web.servlet.handler.BeanNameUrlHandlerMapping - Rejected bean name 'org.springframework.aop.support.DefaultBeanFactoryPointcutAdvisor#0': no URL paths identified
- (2442 ms) - [DEBUG] 2019-01-15 19:38:43,999 org.springframework.web.servlet.handler.BeanNameUrlHandlerMapping - Rejected bean name 'myAdvice': no URL paths identified
- (2442 ms) - [DEBUG] 2019-01-15 19:38:43,999 org.springframework.web.servlet.handler.BeanNameUrlHandlerMapping - Rejected bean name 'org.mybatis.spring.mapper.MapperScannerConfigurer#0': no URL paths identified
- (2443 ms) - [DEBUG] 2019-01-15 19:38:44,000 org.springframework.web.servlet.handler.BeanNameUrlHandlerMapping - Rejected bean name 'jedisPoolConfig': no URL paths identified
- (2443 ms) - [DEBUG] 2019-01-15 19:38:44,000 org.springframework.web.servlet.handler.BeanNameUrlHandlerMapping - Rejected bean name 'jedisPool': no URL paths identified
- (2443 ms) - [DEBUG] 2019-01-15 19:38:44,000 org.springframework.web.servlet.handler.BeanNameUrlHandlerMapping - Rejected bean name 'redisAPI': no URL paths identified
- (2443 ms) - [DEBUG] 2019-01-15 19:38:44,000 org.springframework.web.servlet.handler.BeanNameUrlHandlerMapping - Rejected bean name 'validationToken': no URL paths identified
- (2443 ms) - [DEBUG] 2019-01-15 19:38:44,000 org.springframework.web.servlet.handler.BeanNameUrlHandlerMapping - Rejected bean name 'org.springframework.context.annotation.ConfigurationClassPostProcessor.importAwareProcessor': no URL paths identified
- (2444 ms) - [DEBUG] 2019-01-15 19:38:44,001 org.springframework.web.servlet.handler.BeanNameUrlHandlerMapping - Rejected bean name 'org.springframework.context.annotation.ConfigurationClassPostProcessor.enhancedConfigurationProcessor': no URL paths identified
- (2444 ms) - [DEBUG] 2019-01-15 19:38:44,001 org.springframework.web.servlet.handler.BeanNameUrlHandlerMapping - Rejected bean name 'itripHotMapper': no URL paths identified
- (2444 ms) - [DEBUG] 2019-01-15 19:38:44,001 org.springframework.web.servlet.handler.BeanNameUrlHandlerMapping - Rejected bean name 'itripAreaDicMapper': no URL paths identified
- (2444 ms) - [DEBUG] 2019-01-15 19:38:44,001 org.springframework.web.servlet.handler.BeanNameUrlHandlerMapping - Rejected bean name 'itripCommentMapper': no URL paths identified
- (2445 ms) - [DEBUG] 2019-01-15 19:38:44,002 org.springframework.web.servlet.handler.BeanNameUrlHandlerMapping - Rejected bean name 'itripHotelMapper': no URL paths identified
- (2445 ms) - [DEBUG] 2019-01-15 19:38:44,002 org.springframework.web.servlet.handler.BeanNameUrlHandlerMapping - Rejected bean name 'itripHotelOrderMapper': no URL paths identified
- (2445 ms) - [DEBUG] 2019-01-15 19:38:44,002 org.springframework.web.servlet.handler.BeanNameUrlHandlerMapping - Rejected bean name 'itripImageMapper': no URL paths identified
- (2445 ms) - [DEBUG] 2019-01-15 19:38:44,002 org.springframework.web.servlet.handler.BeanNameUrlHandlerMapping - Rejected bean name 'itripLabelMapper': no URL paths identified
- (2446 ms) - [DEBUG] 2019-01-15 19:38:44,003 org.springframework.web.servlet.handler.BeanNameUrlHandlerMapping - Rejected bean name 'itripLabelDicMapper': no URL paths identified
- (2446 ms) - [DEBUG] 2019-01-15 19:38:44,003 org.springframework.web.servlet.handler.BeanNameUrlHandlerMapping - Rejected bean name 'itripUserMapper': no URL paths identified
- (2446 ms) - [DEBUG] 2019-01-15 19:38:44,003 org.springframework.web.servlet.handler.BeanNameUrlHandlerMapping - Rejected bean name 'itripUserLinkUserMapper': no URL paths identified
- (2446 ms) - [DEBUG] 2019-01-15 19:38:44,003 org.springframework.web.servlet.handler.BeanNameUrlHandlerMapping - Rejected bean name 'environment': no URL paths identified
- (2447 ms) - [DEBUG] 2019-01-15 19:38:44,004 org.springframework.web.servlet.handler.BeanNameUrlHandlerMapping - Rejected bean name 'systemProperties': no URL paths identified
- (2447 ms) - [DEBUG] 2019-01-15 19:38:44,004 org.springframework.web.servlet.handler.BeanNameUrlHandlerMapping - Rejected bean name 'systemEnvironment': no URL paths identified
- (2448 ms) - [DEBUG] 2019-01-15 19:38:44,005 org.springframework.web.servlet.handler.BeanNameUrlHandlerMapping - Rejected bean name 'org.springframework.context.annotation.ConfigurationClassPostProcessor.importRegistry': no URL paths identified
- (2448 ms) - [DEBUG] 2019-01-15 19:38:44,005 org.springframework.web.servlet.handler.BeanNameUrlHandlerMapping - Rejected bean name 'messageSource': no URL paths identified
- (2449 ms) - [DEBUG] 2019-01-15 19:38:44,006 org.springframework.web.servlet.handler.BeanNameUrlHandlerMapping - Rejected bean name 'applicationEventMulticaster': no URL paths identified
- (2450 ms) - [DEBUG] 2019-01-15 19:38:44,007 org.springframework.beans.factory.support.DefaultListableBeanFactory - Returning cached instance of singleton bean 'org.springframework.aop.support.DefaultBeanFactoryPointcutAdvisor#0'
- (2450 ms) - [DEBUG] 2019-01-15 19:38:44,007 org.springframework.beans.factory.support.DefaultListableBeanFactory - Returning cached instance of singleton bean 'org.springframework.aop.support.DefaultBeanFactoryPointcutAdvisor#0'
- (2453 ms) - [DEBUG] 2019-01-15 19:38:44,010 org.springframework.beans.factory.support.DefaultListableBeanFactory - Finished creating instance of bean 'org.springframework.web.servlet.handler.BeanNameUrlHandlerMapping'
- (2454 ms) - [DEBUG] 2019-01-15 19:38:44,011 org.springframework.beans.factory.support.DefaultListableBeanFactory - Creating shared instance of singleton bean 'org.springframework.web.servlet.mvc.HttpRequestHandlerAdapter'
- (2454 ms) - [DEBUG] 2019-01-15 19:38:44,011 org.springframework.beans.factory.support.DefaultListableBeanFactory - Creating instance of bean 'org.springframework.web.servlet.mvc.HttpRequestHandlerAdapter'
- (2454 ms) - [DEBUG] 2019-01-15 19:38:44,011 org.springframework.beans.factory.support.DefaultListableBeanFactory - Returning cached instance of singleton bean 'org.springframework.aop.support.DefaultBeanFactoryPointcutAdvisor#0'
- (2454 ms) - [DEBUG] 2019-01-15 19:38:44,011 org.springframework.beans.factory.support.DefaultListableBeanFactory - Eagerly caching bean 'org.springframework.web.servlet.mvc.HttpRequestHandlerAdapter' to allow for resolving potential circular references
- (2469 ms) - [DEBUG] 2019-01-15 19:38:44,026 org.springframework.beans.factory.support.DefaultListableBeanFactory - Returning cached instance of singleton bean 'org.springframework.aop.support.DefaultBeanFactoryPointcutAdvisor#0'
- (2495 ms) - [DEBUG] 2019-01-15 19:38:44,052 org.springframework.beans.factory.support.DefaultListableBeanFactory - Returning cached instance of singleton bean 'org.springframework.aop.support.DefaultBeanFactoryPointcutAdvisor#0'
- (2497 ms) - [DEBUG] 2019-01-15 19:38:44,054 org.springframework.beans.factory.support.DefaultListableBeanFactory - Finished creating instance of bean 'org.springframework.web.servlet.mvc.HttpRequestHandlerAdapter'
- (2498 ms) - [DEBUG] 2019-01-15 19:38:44,055 org.springframework.beans.factory.support.DefaultListableBeanFactory - Creating shared instance of singleton bean 'org.springframework.web.servlet.mvc.SimpleControllerHandlerAdapter'
- (2498 ms) - [DEBUG] 2019-01-15 19:38:44,055 org.springframework.beans.factory.support.DefaultListableBeanFactory - Creating instance of bean 'org.springframework.web.servlet.mvc.SimpleControllerHandlerAdapter'
- (2498 ms) - [DEBUG] 2019-01-15 19:38:44,055 org.springframework.beans.factory.support.DefaultListableBeanFactory - Returning cached instance of singleton bean 'org.springframework.aop.support.DefaultBeanFactoryPointcutAdvisor#0'
- (2498 ms) - [DEBUG] 2019-01-15 19:38:44,055 org.springframework.beans.factory.support.DefaultListableBeanFactory - Eagerly caching bean 'org.springframework.web.servlet.mvc.SimpleControllerHandlerAdapter' to allow for resolving potential circular references
- (2501 ms) - [DEBUG] 2019-01-15 19:38:44,058 org.springframework.beans.factory.support.DefaultListableBeanFactory - Returning cached instance of singleton bean 'org.springframework.aop.support.DefaultBeanFactoryPointcutAdvisor#0'
- (2501 ms) - [DEBUG] 2019-01-15 19:38:44,058 org.springframework.beans.factory.support.DefaultListableBeanFactory - Returning cached instance of singleton bean 'org.springframework.aop.support.DefaultBeanFactoryPointcutAdvisor#0'
- (2502 ms) - [DEBUG] 2019-01-15 19:38:44,059 org.springframework.beans.factory.support.DefaultListableBeanFactory - Finished creating instance of bean 'org.springframework.web.servlet.mvc.SimpleControllerHandlerAdapter'
- (2502 ms) - [DEBUG] 2019-01-15 19:38:44,059 org.springframework.beans.factory.support.DefaultListableBeanFactory - Creating shared instance of singleton bean 'itripHotServiceImpl'
- (2502 ms) - [DEBUG] 2019-01-15 19:38:44,059 org.springframework.beans.factory.support.DefaultListableBeanFactory - Creating instance of bean 'itripHotServiceImpl'
- (2503 ms) - [DEBUG] 2019-01-15 19:38:44,060 org.springframework.beans.factory.support.DefaultListableBeanFactory - Returning cached instance of singleton bean 'org.springframework.aop.support.DefaultBeanFactoryPointcutAdvisor#0'
- (2604 ms) - [DEBUG] 2019-01-15 19:38:44,161 org.springframework.beans.factory.annotation.InjectionMetadata - Registered injected element on class [cn.itrip.service.area.ItripHotServiceImpl]: ResourceElement for public cn.itrip.dao.area.ItripHotMapper cn.itrip.service.area.ItripHotServiceImpl.itripHotMapper
- (2605 ms) - [DEBUG] 2019-01-15 19:38:44,162 org.springframework.beans.factory.support.DefaultListableBeanFactory - Eagerly caching bean 'itripHotServiceImpl' to allow for resolving potential circular references
- (2609 ms) - [DEBUG] 2019-01-15 19:38:44,166 org.springframework.beans.factory.annotation.InjectionMetadata - Processing injected element of bean 'itripHotServiceImpl': ResourceElement for public cn.itrip.dao.area.ItripHotMapper cn.itrip.service.area.ItripHotServiceImpl.itripHotMapper
- (2610 ms) - [DEBUG] 2019-01-15 19:38:44,167 org.springframework.beans.factory.support.DefaultListableBeanFactory - Returning cached instance of singleton bean 'itripHotMapper'
- (2614 ms) - [DEBUG] 2019-01-15 19:38:44,171 org.springframework.beans.factory.support.DefaultListableBeanFactory - Returning cached instance of singleton bean 'org.springframework.aop.support.DefaultBeanFactoryPointcutAdvisor#0'
- (2614 ms) - [DEBUG] 2019-01-15 19:38:44,171 org.springframework.beans.factory.support.DefaultListableBeanFactory - Returning cached instance of singleton bean 'org.springframework.aop.support.DefaultBeanFactoryPointcutAdvisor#0'
- (2644 ms) - [DEBUG] 2019-01-15 19:38:44,201 org.springframework.beans.factory.support.DefaultListableBeanFactory - Returning cached instance of singleton bean 'org.springframework.aop.support.DefaultBeanFactoryPointcutAdvisor#0'
- (2644 ms) - [DEBUG] 2019-01-15 19:38:44,201 org.springframework.beans.factory.support.DefaultListableBeanFactory - Returning cached instance of singleton bean 'org.springframework.aop.support.DefaultBeanFactoryPointcutAdvisor#0'
- (2645 ms) - [DEBUG] 2019-01-15 19:38:44,202 org.springframework.beans.factory.support.DefaultListableBeanFactory - Creating shared instance of singleton bean 'myAdvice'
- (2648 ms) - [DEBUG] 2019-01-15 19:38:44,205 org.springframework.beans.factory.support.DefaultListableBeanFactory - Creating instance of bean 'myAdvice'
- (2651 ms) - [DEBUG] 2019-01-15 19:38:44,208 org.springframework.beans.factory.support.DefaultListableBeanFactory - Eagerly caching bean 'myAdvice' to allow for resolving potential circular references
- (2657 ms) - [DEBUG] 2019-01-15 19:38:44,214 org.springframework.beans.factory.support.DefaultListableBeanFactory - Creating shared instance of singleton bean 'txManager'
- (2657 ms) - [DEBUG] 2019-01-15 19:38:44,214 org.springframework.beans.factory.support.DefaultListableBeanFactory - Creating instance of bean 'txManager'
- (2657 ms) - [DEBUG] 2019-01-15 19:38:44,214 org.springframework.beans.factory.support.DefaultListableBeanFactory - Returning cached instance of singleton bean 'org.springframework.aop.support.DefaultBeanFactoryPointcutAdvisor#0'
- (2665 ms) - [DEBUG] 2019-01-15 19:38:44,222 org.springframework.beans.factory.support.DefaultListableBeanFactory - Eagerly caching bean 'txManager' to allow for resolving potential circular references
- (2671 ms) - [DEBUG] 2019-01-15 19:38:44,228 org.springframework.beans.factory.support.DefaultListableBeanFactory - Returning cached instance of singleton bean 'dataSource'
- (2672 ms) - [DEBUG] 2019-01-15 19:38:44,229 org.springframework.beans.factory.support.DefaultListableBeanFactory - Invoking afterPropertiesSet() on bean with name 'txManager'
- (2672 ms) - [DEBUG] 2019-01-15 19:38:44,229 org.springframework.beans.factory.support.DefaultListableBeanFactory - Returning cached instance of singleton bean 'org.springframework.aop.support.DefaultBeanFactoryPointcutAdvisor#0'
- (2694 ms) - [DEBUG] 2019-01-15 19:38:44,251 org.springframework.beans.factory.support.DefaultListableBeanFactory - Returning cached instance of singleton bean 'org.springframework.aop.support.DefaultBeanFactoryPointcutAdvisor#0'
- (2711 ms) - [DEBUG] 2019-01-15 19:38:44,268 org.springframework.beans.factory.support.DefaultListableBeanFactory - Finished creating instance of bean 'txManager'
- (2712 ms) - [DEBUG] 2019-01-15 19:38:44,269 org.springframework.beans.factory.support.DefaultListableBeanFactory - Creating instance of bean '(inner bean)#3d3e5463'
- (2714 ms) - [DEBUG] 2019-01-15 19:38:44,271 org.springframework.beans.factory.support.DefaultListableBeanFactory - Returning cached instance of singleton bean 'org.springframework.aop.support.DefaultBeanFactoryPointcutAdvisor#0'
- (2718 ms) - [DEBUG] 2019-01-15 19:38:44,275 org.springframework.transaction.interceptor.NameMatchTransactionAttributeSource - Adding transactional method [itriptx*] with attribute [PROPAGATION_REQUIRED,ISOLATION_DEFAULT,-Exception]
- (2718 ms) - [DEBUG] 2019-01-15 19:38:44,275 org.springframework.transaction.interceptor.NameMatchTransactionAttributeSource - Adding transactional method [*] with attribute [PROPAGATION_REQUIRED,ISOLATION_DEFAULT]
- (2719 ms) - [DEBUG] 2019-01-15 19:38:44,276 org.springframework.beans.factory.support.DefaultListableBeanFactory - Returning cached instance of singleton bean 'org.springframework.aop.support.DefaultBeanFactoryPointcutAdvisor#0'
- (2719 ms) - [DEBUG] 2019-01-15 19:38:44,276 org.springframework.beans.factory.support.DefaultListableBeanFactory - Returning cached instance of singleton bean 'org.springframework.aop.support.DefaultBeanFactoryPointcutAdvisor#0'
- (2724 ms) - [DEBUG] 2019-01-15 19:38:44,281 org.springframework.beans.factory.support.DefaultListableBeanFactory - Finished creating instance of bean '(inner bean)#3d3e5463'
- (2725 ms) - [DEBUG] 2019-01-15 19:38:44,282 org.springframework.beans.factory.support.DefaultListableBeanFactory - Invoking afterPropertiesSet() on bean with name 'myAdvice'
- (2725 ms) - [DEBUG] 2019-01-15 19:38:44,282 org.springframework.beans.factory.support.DefaultListableBeanFactory - Finished creating instance of bean 'myAdvice'
- (2757 ms) - [DEBUG] 2019-01-15 19:38:44,314 org.springframework.aop.aspectj.annotation.AnnotationAwareAspectJAutoProxyCreator - Creating implicit proxy for bean 'itripHotServiceImpl' with 0 common interceptors and 2 specific interceptors
- (2765 ms) - [DEBUG] 2019-01-15 19:38:44,322 org.springframework.aop.framework.CglibAopProxy - Creating CGLIB proxy: target source is SingletonTargetSource for target object [cn.itrip.service.area.ItripHotServiceImpl@1f010bf0]
- (2852 ms) - [DEBUG] 2019-01-15 19:38:44,409 org.springframework.aop.framework.CglibAopProxy - Unable to apply any optimisations to advised method: public java.util.List cn.itrip.service.area.ItripHotServiceImpl.getItripHotById(java.lang.Integer) throws java.lang.Exception
- (2853 ms) - [DEBUG] 2019-01-15 19:38:44,410 org.springframework.aop.framework.CglibAopProxy - Unable to apply any optimisations to advised method: public cn.itrip.beans.pojo.ItripHotel cn.itrip.service.area.ItripHotServiceImpl.getItripHotelPolicy(java.lang.Integer) throws java.lang.Exception
- (2853 ms) - [DEBUG] 2019-01-15 19:38:44,410 org.springframework.aop.framework.CglibAopProxy - Unable to apply any optimisations to advised method: public java.util.List cn.itrip.service.area.ItripHotServiceImpl.getItripHotByIdsq(java.lang.Long) throws java.lang.Exception
- (2853 ms) - [DEBUG] 2019-01-15 19:38:44,410 org.springframework.aop.framework.CglibAopProxy - Unable to apply any optimisations to advised method: public cn.itrip.beans.pojo.ItripHotel cn.itrip.service.area.ItripHotServiceImpl.getItripHotelIdsp(java.lang.Integer) throws java.lang.Exception
- (2854 ms) - [DEBUG] 2019-01-15 19:38:44,411 org.springframework.aop.framework.CglibAopProxy - Unable to apply any optimisations to advised method: public cn.itrip.beans.pojo.ItripHotel cn.itrip.service.area.ItripHotServiceImpl.getItripHotelfacilities(java.lang.Integer) throws java.lang.Exception
- (2854 ms) - [DEBUG] 2019-01-15 19:38:44,411 org.springframework.aop.framework.CglibAopProxy - Unable to apply any optimisations to advised method: public java.util.List cn.itrip.service.area.ItripHotServiceImpl.getItripHotelRommid() throws java.lang.Exception
- (2854 ms) - [DEBUG] 2019-01-15 19:38:44,411 org.springframework.aop.framework.CglibAopProxy - Unable to apply any optimisations to advised method: public java.util.List cn.itrip.service.area.ItripHotServiceImpl.getItripHotByName(java.lang.Integer) throws java.lang.Exception
- (2855 ms) - [DEBUG] 2019-01-15 19:38:44,412 org.springframework.aop.framework.CglibAopProxy - Found finalize() method - using NO_OVERRIDE
- (2855 ms) - [DEBUG] 2019-01-15 19:38:44,412 org.springframework.aop.framework.CglibAopProxy - Found 'equals' method: public boolean java.lang.Object.equals(java.lang.Object)
- (2855 ms) - [DEBUG] 2019-01-15 19:38:44,412 org.springframework.aop.framework.CglibAopProxy - Unable to apply any optimisations to advised method: public java.lang.String java.lang.Object.toString()
- (2855 ms) - [DEBUG] 2019-01-15 19:38:44,412 org.springframework.aop.framework.CglibAopProxy - Found 'hashCode' method: public native int java.lang.Object.hashCode()
- (2856 ms) - [DEBUG] 2019-01-15 19:38:44,413 org.springframework.aop.framework.CglibAopProxy - Unable to apply any optimisations to advised method: protected native java.lang.Object java.lang.Object.clone() throws java.lang.CloneNotSupportedException
- (2856 ms) - [DEBUG] 2019-01-15 19:38:44,413 org.springframework.aop.framework.CglibAopProxy - Method is declared on Advised interface: public abstract int org.springframework.aop.framework.Advised.indexOf(org.aopalliance.aop.Advice)
- (2856 ms) - [DEBUG] 2019-01-15 19:38:44,413 org.springframework.aop.framework.CglibAopProxy - Method is declared on Advised interface: public abstract int org.springframework.aop.framework.Advised.indexOf(org.springframework.aop.Advisor)
- (2857 ms) - [DEBUG] 2019-01-15 19:38:44,414 org.springframework.aop.framework.CglibAopProxy - Method is declared on Advised interface: public abstract boolean org.springframework.aop.framework.Advised.isFrozen()
- (2857 ms) - [DEBUG] 2019-01-15 19:38:44,414 org.springframework.aop.framework.CglibAopProxy - Method is declared on Advised interface: public abstract boolean org.springframework.aop.framework.Advised.isProxyTargetClass()
- (2857 ms) - [DEBUG] 2019-01-15 19:38:44,414 org.springframework.aop.framework.CglibAopProxy - Method is declared on Advised interface: public abstract void org.springframework.aop.framework.Advised.setTargetSource(org.springframework.aop.TargetSource)
- (2857 ms) - [DEBUG] 2019-01-15 19:38:44,414 org.springframework.aop.framework.CglibAopProxy - Method is declared on Advised interface: public abstract org.springframework.aop.Advisor[] org.springframework.aop.framework.Advised.getAdvisors()
- (2857 ms) - [DEBUG] 2019-01-15 19:38:44,414 org.springframework.aop.framework.CglibAopProxy - Method is declared on Advised interface: public abstract void org.springframework.aop.framework.Advised.addAdvisor(org.springframework.aop.Advisor) throws org.springframework.aop.framework.AopConfigException
- (2858 ms) - [DEBUG] 2019-01-15 19:38:44,415 org.springframework.aop.framework.CglibAopProxy - Method is declared on Advised interface: public abstract void org.springframework.aop.framework.Advised.addAdvisor(int,org.springframework.aop.Advisor) throws org.springframework.aop.framework.AopConfigException
- (2859 ms) - [DEBUG] 2019-01-15 19:38:44,416 org.springframework.aop.framework.CglibAopProxy - Method is declared on Advised interface: public abstract void org.springframework.aop.framework.Advised.setPreFiltered(boolean)
- (2859 ms) - [DEBUG] 2019-01-15 19:38:44,416 org.springframework.aop.framework.CglibAopProxy - Method is declared on Advised interface: public abstract org.springframework.aop.TargetSource org.springframework.aop.framework.Advised.getTargetSource()
- (2859 ms) - [DEBUG] 2019-01-15 19:38:44,416 org.springframework.aop.framework.CglibAopProxy - Method is declared on Advised interface: public abstract boolean org.springframework.aop.framework.Advised.isExposeProxy()
- (2860 ms) - [DEBUG] 2019-01-15 19:38:44,417 org.springframework.aop.framework.CglibAopProxy - Method is declared on Advised interface: public abstract void org.springframework.aop.framework.Advised.setExposeProxy(boolean)
- (2860 ms) - [DEBUG] 2019-01-15 19:38:44,417 org.springframework.aop.framework.CglibAopProxy - Method is declared on Advised interface: public abstract java.lang.Class[] org.springframework.aop.framework.Advised.getProxiedInterfaces()
- (2860 ms) - [DEBUG] 2019-01-15 19:38:44,417 org.springframework.aop.framework.CglibAopProxy - Method is declared on Advised interface: public abstract boolean org.springframework.aop.framework.Advised.isInterfaceProxied(java.lang.Class)
- (2860 ms) - [DEBUG] 2019-01-15 19:38:44,417 org.springframework.aop.framework.CglibAopProxy - Method is declared on Advised interface: public abstract java.lang.String org.springframework.aop.framework.Advised.toProxyConfigString()
- (2861 ms) - [DEBUG] 2019-01-15 19:38:44,418 org.springframework.aop.framework.CglibAopProxy - Method is declared on Advised interface: public abstract boolean org.springframework.aop.framework.Advised.removeAdvice(org.aopalliance.aop.Advice)
- (2861 ms) - [DEBUG] 2019-01-15 19:38:44,418 org.springframework.aop.framework.CglibAopProxy - Method is declared on Advised interface: public abstract boolean org.springframework.aop.framework.Advised.replaceAdvisor(org.springframework.aop.Advisor,org.springframework.aop.Advisor) throws org.springframework.aop.framework.AopConfigException
- (2861 ms) - [DEBUG] 2019-01-15 19:38:44,418 org.springframework.aop.framework.CglibAopProxy - Method is declared on Advised interface: public abstract void org.springframework.aop.framework.Advised.removeAdvisor(int) throws org.springframework.aop.framework.AopConfigException
- (2862 ms) - [DEBUG] 2019-01-15 19:38:44,419 org.springframework.aop.framework.CglibAopProxy - Method is declared on Advised interface: public abstract boolean org.springframework.aop.framework.Advised.removeAdvisor(org.springframework.aop.Advisor)
- (2862 ms) - [DEBUG] 2019-01-15 19:38:44,419 org.springframework.aop.framework.CglibAopProxy - Method is declared on Advised interface: public abstract boolean org.springframework.aop.framework.Advised.isPreFiltered()
- (2864 ms) - [DEBUG] 2019-01-15 19:38:44,421 org.springframework.aop.framework.CglibAopProxy - Method is declared on Advised interface: public abstract void org.springframework.aop.framework.Advised.addAdvice(int,org.aopalliance.aop.Advice) throws org.springframework.aop.framework.AopConfigException
- (2864 ms) - [DEBUG] 2019-01-15 19:38:44,421 org.springframework.aop.framework.CglibAopProxy - Method is declared on Advised interface: public abstract void org.springframework.aop.framework.Advised.addAdvice(org.aopalliance.aop.Advice) throws org.springframework.aop.framework.AopConfigException
- (2864 ms) - [DEBUG] 2019-01-15 19:38:44,421 org.springframework.aop.framework.CglibAopProxy - Method is declared on Advised interface: public abstract java.lang.Class org.springframework.aop.TargetClassAware.getTargetClass()
- (2909 ms) - [DEBUG] 2019-01-15 19:38:44,466 org.springframework.beans.factory.support.DefaultListableBeanFactory - Finished creating instance of bean 'itripHotServiceImpl'
- (2910 ms) - [DEBUG] 2019-01-15 19:38:44,467 org.springframework.beans.factory.support.DefaultListableBeanFactory - Creating shared instance of singleton bean 'itripAreaDicServiceImpl'
- (2910 ms) - [DEBUG] 2019-01-15 19:38:44,467 org.springframework.beans.factory.support.DefaultListableBeanFactory - Creating instance of bean 'itripAreaDicServiceImpl'
- (2910 ms) - [DEBUG] 2019-01-15 19:38:44,467 org.springframework.beans.factory.support.DefaultListableBeanFactory - Returning cached instance of singleton bean 'org.springframework.aop.support.DefaultBeanFactoryPointcutAdvisor#0'
- (2916 ms) - [DEBUG] 2019-01-15 19:38:44,473 org.springframework.beans.factory.annotation.InjectionMetadata - Registered injected element on class [cn.itrip.service.areadic.ItripAreaDicServiceImpl]: ResourceElement for private cn.itrip.dao.areadic.ItripAreaDicMapper cn.itrip.service.areadic.ItripAreaDicServiceImpl.itripAreaDicMapper
- (2916 ms) - [DEBUG] 2019-01-15 19:38:44,473 org.springframework.beans.factory.support.DefaultListableBeanFactory - Eagerly caching bean 'itripAreaDicServiceImpl' to allow for resolving potential circular references
- (2918 ms) - [DEBUG] 2019-01-15 19:38:44,475 org.springframework.beans.factory.annotation.InjectionMetadata - Processing injected element of bean 'itripAreaDicServiceImpl': ResourceElement for private cn.itrip.dao.areadic.ItripAreaDicMapper cn.itrip.service.areadic.ItripAreaDicServiceImpl.itripAreaDicMapper
- (2919 ms) - [DEBUG] 2019-01-15 19:38:44,476 org.springframework.beans.factory.support.DefaultListableBeanFactory - Returning cached instance of singleton bean 'itripAreaDicMapper'
- (2921 ms) - [DEBUG] 2019-01-15 19:38:44,478 org.springframework.beans.factory.support.DefaultListableBeanFactory - Returning cached instance of singleton bean 'org.springframework.aop.support.DefaultBeanFactoryPointcutAdvisor#0'
- (2922 ms) - [DEBUG] 2019-01-15 19:38:44,479 org.springframework.beans.factory.support.DefaultListableBeanFactory - Returning cached instance of singleton bean 'org.springframework.aop.support.DefaultBeanFactoryPointcutAdvisor#0'
- (2929 ms) - [DEBUG] 2019-01-15 19:38:44,486 org.springframework.beans.factory.support.DefaultListableBeanFactory - Returning cached instance of singleton bean 'org.springframework.aop.support.DefaultBeanFactoryPointcutAdvisor#0'
- (2929 ms) - [DEBUG] 2019-01-15 19:38:44,486 org.springframework.beans.factory.support.DefaultListableBeanFactory - Returning cached instance of singleton bean 'org.springframework.aop.support.DefaultBeanFactoryPointcutAdvisor#0'
- (2930 ms) - [DEBUG] 2019-01-15 19:38:44,487 org.springframework.aop.aspectj.annotation.AnnotationAwareAspectJAutoProxyCreator - Creating implicit proxy for bean 'itripAreaDicServiceImpl' with 0 common interceptors and 2 specific interceptors
- (2931 ms) - [DEBUG] 2019-01-15 19:38:44,488 org.springframework.aop.framework.CglibAopProxy - Creating CGLIB proxy: target source is SingletonTargetSource for target object [cn.itrip.service.areadic.ItripAreaDicServiceImpl@1c32386d]
- (2933 ms) - [DEBUG] 2019-01-15 19:38:44,490 org.springframework.aop.framework.CglibAopProxy - Unable to apply any optimisations to advised method: public java.util.List cn.itrip.service.areadic.ItripAreaDicServiceImpl.getItripAreaDicListByMap(java.util.Map) throws java.lang.Exception
- (2934 ms) - [DEBUG] 2019-01-15 19:38:44,491 org.springframework.aop.framework.CglibAopProxy - Unable to apply any optimisations to advised method: public java.lang.Integer cn.itrip.service.areadic.ItripAreaDicServiceImpl.itriptxDeleteItripAreaDicById(java.lang.Long) throws java.lang.Exception
- (2934 ms) - [DEBUG] 2019-01-15 19:38:44,491 org.springframework.aop.framework.CglibAopProxy - Unable to apply any optimisations to advised method: public cn.itrip.common.Page cn.itrip.service.areadic.ItripAreaDicServiceImpl.queryItripAreaDicPageByMap(java.util.Map,java.lang.Integer,java.lang.Integer) throws java.lang.Exception
- (2934 ms) - [DEBUG] 2019-01-15 19:38:44,491 org.springframework.aop.framework.CglibAopProxy - Unable to apply any optimisations to advised method: public cn.itrip.beans.pojo.ItripAreaDic cn.itrip.service.areadic.ItripAreaDicServiceImpl.getItripAreaDicById(java.lang.Long) throws java.lang.Exception
- (2935 ms) - [DEBUG] 2019-01-15 19:38:44,492 org.springframework.aop.framework.CglibAopProxy - Unable to apply any optimisations to advised method: public java.lang.Integer cn.itrip.service.areadic.ItripAreaDicServiceImpl.getItripAreaDicCountByMap(java.util.Map) throws java.lang.Exception
- (2935 ms) - [DEBUG] 2019-01-15 19:38:44,492 org.springframework.aop.framework.CglibAopProxy - Unable to apply any optimisations to advised method: public java.lang.Integer cn.itrip.service.areadic.ItripAreaDicServiceImpl.itriptxAddItripAreaDic(cn.itrip.beans.pojo.ItripAreaDic) throws java.lang.Exception
- (2935 ms) - [DEBUG] 2019-01-15 19:38:44,492 org.springframework.aop.framework.CglibAopProxy - Unable to apply any optimisations to advised method: public java.lang.Integer cn.itrip.service.areadic.ItripAreaDicServiceImpl.itriptxModifyItripAreaDic(cn.itrip.beans.pojo.ItripAreaDic) throws java.lang.Exception
- (2935 ms) - [DEBUG] 2019-01-15 19:38:44,492 org.springframework.aop.framework.CglibAopProxy - Found finalize() method - using NO_OVERRIDE
- (2936 ms) - [DEBUG] 2019-01-15 19:38:44,493 org.springframework.aop.framework.CglibAopProxy - Found 'equals' method: public boolean java.lang.Object.equals(java.lang.Object)
- (2936 ms) - [DEBUG] 2019-01-15 19:38:44,493 org.springframework.aop.framework.CglibAopProxy - Unable to apply any optimisations to advised method: public java.lang.String java.lang.Object.toString()
- (2936 ms) - [DEBUG] 2019-01-15 19:38:44,493 org.springframework.aop.framework.CglibAopProxy - Found 'hashCode' method: public native int java.lang.Object.hashCode()
- (2943 ms) - [DEBUG] 2019-01-15 19:38:44,500 org.springframework.aop.framework.CglibAopProxy - Unable to apply any optimisations to advised method: protected native java.lang.Object java.lang.Object.clone() throws java.lang.CloneNotSupportedException
- (2943 ms) - [DEBUG] 2019-01-15 19:38:44,500 org.springframework.aop.framework.CglibAopProxy - Method is declared on Advised interface: public abstract int org.springframework.aop.framework.Advised.indexOf(org.aopalliance.aop.Advice)
- (2944 ms) - [DEBUG] 2019-01-15 19:38:44,501 org.springframework.aop.framework.CglibAopProxy - Method is declared on Advised interface: public abstract int org.springframework.aop.framework.Advised.indexOf(org.springframework.aop.Advisor)
- (2944 ms) - [DEBUG] 2019-01-15 19:38:44,501 org.springframework.aop.framework.CglibAopProxy - Method is declared on Advised interface: public abstract boolean org.springframework.aop.framework.Advised.isFrozen()
- (2944 ms) - [DEBUG] 2019-01-15 19:38:44,501 org.springframework.aop.framework.CglibAopProxy - Method is declared on Advised interface: public abstract boolean org.springframework.aop.framework.Advised.isProxyTargetClass()
- (2945 ms) - [DEBUG] 2019-01-15 19:38:44,502 org.springframework.aop.framework.CglibAopProxy - Method is declared on Advised interface: public abstract void org.springframework.aop.framework.Advised.setTargetSource(org.springframework.aop.TargetSource)
- (2946 ms) - [DEBUG] 2019-01-15 19:38:44,503 org.springframework.aop.framework.CglibAopProxy - Method is declared on Advised interface: public abstract org.springframework.aop.Advisor[] org.springframework.aop.framework.Advised.getAdvisors()
- (2946 ms) - [DEBUG] 2019-01-15 19:38:44,503 org.springframework.aop.framework.CglibAopProxy - Method is declared on Advised interface: public abstract void org.springframework.aop.framework.Advised.addAdvisor(org.springframework.aop.Advisor) throws org.springframework.aop.framework.AopConfigException
- (2946 ms) - [DEBUG] 2019-01-15 19:38:44,503 org.springframework.aop.framework.CglibAopProxy - Method is declared on Advised interface: public abstract void org.springframework.aop.framework.Advised.addAdvisor(int,org.springframework.aop.Advisor) throws org.springframework.aop.framework.AopConfigException
- (2947 ms) - [DEBUG] 2019-01-15 19:38:44,504 org.springframework.aop.framework.CglibAopProxy - Method is declared on Advised interface: public abstract void org.springframework.aop.framework.Advised.setPreFiltered(boolean)
- (2947 ms) - [DEBUG] 2019-01-15 19:38:44,504 org.springframework.aop.framework.CglibAopProxy - Method is declared on Advised interface: public abstract org.springframework.aop.TargetSource org.springframework.aop.framework.Advised.getTargetSource()
- (2947 ms) - [DEBUG] 2019-01-15 19:38:44,504 org.springframework.aop.framework.CglibAopProxy - Method is declared on Advised interface: public abstract boolean org.springframework.aop.framework.Advised.isExposeProxy()
- (2947 ms) - [DEBUG] 2019-01-15 19:38:44,504 org.springframework.aop.framework.CglibAopProxy - Method is declared on Advised interface: public abstract void org.springframework.aop.framework.Advised.setExposeProxy(boolean)
- (2947 ms) - [DEBUG] 2019-01-15 19:38:44,504 org.springframework.aop.framework.CglibAopProxy - Method is declared on Advised interface: public abstract java.lang.Class[] org.springframework.aop.framework.Advised.getProxiedInterfaces()
- (2948 ms) - [DEBUG] 2019-01-15 19:38:44,505 org.springframework.aop.framework.CglibAopProxy - Method is declared on Advised interface: public abstract boolean org.springframework.aop.framework.Advised.isInterfaceProxied(java.lang.Class)
- (2948 ms) - [DEBUG] 2019-01-15 19:38:44,505 org.springframework.aop.framework.CglibAopProxy - Method is declared on Advised interface: public abstract java.lang.String org.springframework.aop.framework.Advised.toProxyConfigString()
- (2949 ms) - [DEBUG] 2019-01-15 19:38:44,506 org.springframework.aop.framework.CglibAopProxy - Method is declared on Advised interface: public abstract boolean org.springframework.aop.framework.Advised.removeAdvice(org.aopalliance.aop.Advice)
- (2949 ms) - [DEBUG] 2019-01-15 19:38:44,506 org.springframework.aop.framework.CglibAopProxy - Method is declared on Advised interface: public abstract boolean org.springframework.aop.framework.Advised.replaceAdvisor(org.springframework.aop.Advisor,org.springframework.aop.Advisor) throws org.springframework.aop.framework.AopConfigException
- (2950 ms) - [DEBUG] 2019-01-15 19:38:44,507 org.springframework.aop.framework.CglibAopProxy - Method is declared on Advised interface: public abstract void org.springframework.aop.framework.Advised.removeAdvisor(int) throws org.springframework.aop.framework.AopConfigException
- (2950 ms) - [DEBUG] 2019-01-15 19:38:44,507 org.springframework.aop.framework.CglibAopProxy - Method is declared on Advised interface: public abstract boolean org.springframework.aop.framework.Advised.removeAdvisor(org.springframework.aop.Advisor)
- (2951 ms) - [DEBUG] 2019-01-15 19:38:44,508 org.springframework.aop.framework.CglibAopProxy - Method is declared on Advised interface: public abstract boolean org.springframework.aop.framework.Advised.isPreFiltered()
- (2951 ms) - [DEBUG] 2019-01-15 19:38:44,508 org.springframework.aop.framework.CglibAopProxy - Method is declared on Advised interface: public abstract void org.springframework.aop.framework.Advised.addAdvice(int,org.aopalliance.aop.Advice) throws org.springframework.aop.framework.AopConfigException
- (2951 ms) - [DEBUG] 2019-01-15 19:38:44,508 org.springframework.aop.framework.CglibAopProxy - Method is declared on Advised interface: public abstract void org.springframework.aop.framework.Advised.addAdvice(org.aopalliance.aop.Advice) throws org.springframework.aop.framework.AopConfigException
- (2952 ms) - [DEBUG] 2019-01-15 19:38:44,509 org.springframework.aop.framework.CglibAopProxy - Method is declared on Advised interface: public abstract java.lang.Class org.springframework.aop.TargetClassAware.getTargetClass()
- (2967 ms) - [DEBUG] 2019-01-15 19:38:44,524 org.springframework.beans.factory.support.DefaultListableBeanFactory - Finished creating instance of bean 'itripAreaDicServiceImpl'
- (2968 ms) - [DEBUG] 2019-01-15 19:38:44,525 org.springframework.beans.factory.support.DefaultListableBeanFactory - Creating shared instance of singleton bean 'itripCommentServiceImpl'
- (2968 ms) - [DEBUG] 2019-01-15 19:38:44,525 org.springframework.beans.factory.support.DefaultListableBeanFactory - Creating instance of bean 'itripCommentServiceImpl'
- (2968 ms) - [DEBUG] 2019-01-15 19:38:44,525 org.springframework.beans.factory.support.DefaultListableBeanFactory - Returning cached instance of singleton bean 'org.springframework.aop.support.DefaultBeanFactoryPointcutAdvisor#0'
- (2969 ms) - [DEBUG] 2019-01-15 19:38:44,526 org.springframework.beans.factory.annotation.InjectionMetadata - Registered injected element on class [cn.itrip.service.comment.ItripCommentServiceImpl]: ResourceElement for public cn.itrip.dao.comment.ItripCommentMapper cn.itrip.service.comment.ItripCommentServiceImpl.itripCommentMapper
- (2970 ms) - [DEBUG] 2019-01-15 19:38:44,527 org.springframework.beans.factory.support.DefaultListableBeanFactory - Eagerly caching bean 'itripCommentServiceImpl' to allow for resolving potential circular references
- (2973 ms) - [DEBUG] 2019-01-15 19:38:44,530 org.springframework.beans.factory.annotation.InjectionMetadata - Processing injected element of bean 'itripCommentServiceImpl': ResourceElement for public cn.itrip.dao.comment.ItripCommentMapper cn.itrip.service.comment.ItripCommentServiceImpl.itripCommentMapper
- (2973 ms) - [DEBUG] 2019-01-15 19:38:44,530 org.springframework.beans.factory.support.DefaultListableBeanFactory - Returning cached instance of singleton bean 'itripCommentMapper'
- (2975 ms) - [DEBUG] 2019-01-15 19:38:44,532 org.springframework.beans.factory.support.DefaultListableBeanFactory - Returning cached instance of singleton bean 'org.springframework.aop.support.DefaultBeanFactoryPointcutAdvisor#0'
- (2975 ms) - [DEBUG] 2019-01-15 19:38:44,532 org.springframework.beans.factory.support.DefaultListableBeanFactory - Returning cached instance of singleton bean 'org.springframework.aop.support.DefaultBeanFactoryPointcutAdvisor#0'
- (2982 ms) - [DEBUG] 2019-01-15 19:38:44,539 org.springframework.beans.factory.support.DefaultListableBeanFactory - Returning cached instance of singleton bean 'org.springframework.aop.support.DefaultBeanFactoryPointcutAdvisor#0'
- (2982 ms) - [DEBUG] 2019-01-15 19:38:44,539 org.springframework.beans.factory.support.DefaultListableBeanFactory - Returning cached instance of singleton bean 'org.springframework.aop.support.DefaultBeanFactoryPointcutAdvisor#0'
- (2983 ms) - [DEBUG] 2019-01-15 19:38:44,540 org.springframework.aop.aspectj.annotation.AnnotationAwareAspectJAutoProxyCreator - Creating implicit proxy for bean 'itripCommentServiceImpl' with 0 common interceptors and 2 specific interceptors
- (2983 ms) - [DEBUG] 2019-01-15 19:38:44,540 org.springframework.aop.framework.CglibAopProxy - Creating CGLIB proxy: target source is SingletonTargetSource for target object [cn.itrip.service.comment.ItripCommentServiceImpl@74c79fa2]
- (2986 ms) - [DEBUG] 2019-01-15 19:38:44,543 org.springframework.aop.framework.CglibAopProxy - Unable to apply any optimisations to advised method: public java.util.List cn.itrip.service.comment.ItripCommentServiceImpl.getItripCommerntNum(java.lang.Long) throws java.lang.Exception
- (2987 ms) - [DEBUG] 2019-01-15 19:38:44,544 org.springframework.aop.framework.CglibAopProxy - Unable to apply any optimisations to advised method: public java.util.List cn.itrip.service.comment.ItripCommentServiceImpl.getItripComment(java.lang.Integer) throws java.lang.Exception
- (2988 ms) - [DEBUG] 2019-01-15 19:38:44,545 org.springframework.aop.framework.CglibAopProxy - Unable to apply any optimisations to advised method: public cn.itrip.common.Page cn.itrip.service.comment.ItripCommentServiceImpl.queryItripLabelDicPageByMap(java.util.Map,java.lang.Integer,java.lang.Integer) throws java.lang.Exception
- (2992 ms) - [DEBUG] 2019-01-15 19:38:44,549 org.springframework.aop.framework.CglibAopProxy - Unable to apply any optimisations to advised method: public java.util.List cn.itrip.service.comment.ItripCommentServiceImpl.getItripCommenLabeOrder() throws java.lang.Exception
- (2994 ms) - [DEBUG] 2019-01-15 19:38:44,551 org.springframework.aop.framework.CglibAopProxy - Unable to apply any optimisations to advised method: public java.util.List cn.itrip.service.comment.ItripCommentServiceImpl.getItripCommentPage(java.util.Map) throws java.lang.Exception
- (3127 ms) - [DEBUG] 2019-01-15 19:38:44,684 org.springframework.aop.framework.CglibAopProxy - Unable to apply any optimisations to advised method: public java.lang.Integer cn.itrip.service.comment.ItripCommentServiceImpl.getItripCommerntNum2(java.util.Map)
- (3128 ms) - [DEBUG] 2019-01-15 19:38:44,685 org.springframework.aop.framework.CglibAopProxy - Unable to apply any optimisations to advised method: public java.util.List cn.itrip.service.comment.ItripCommentServiceImpl.getItripImageImgUrl(java.lang.Long) throws java.lang.Exception
- (3128 ms) - [DEBUG] 2019-01-15 19:38:44,685 org.springframework.aop.framework.CglibAopProxy - Unable to apply any optimisations to advised method: public java.util.List cn.itrip.service.comment.ItripCommentServiceImpl.getItripCommentHotel(java.lang.Long) throws java.lang.Exception
- (3132 ms) - [DEBUG] 2019-01-15 19:38:44,689 org.springframework.aop.framework.CglibAopProxy - Found finalize() method - using NO_OVERRIDE
- (3133 ms) - [DEBUG] 2019-01-15 19:38:44,690 org.springframework.aop.framework.CglibAopProxy - Found 'equals' method: public boolean java.lang.Object.equals(java.lang.Object)
- (3133 ms) - [DEBUG] 2019-01-15 19:38:44,690 org.springframework.aop.framework.CglibAopProxy - Unable to apply any optimisations to advised method: public java.lang.String java.lang.Object.toString()
- (3133 ms) - [DEBUG] 2019-01-15 19:38:44,690 org.springframework.aop.framework.CglibAopProxy - Found 'hashCode' method: public native int java.lang.Object.hashCode()
- (3170 ms) - [DEBUG] 2019-01-15 19:38:44,727 org.springframework.aop.framework.CglibAopProxy - Unable to apply any optimisations to advised method: protected native java.lang.Object java.lang.Object.clone() throws java.lang.CloneNotSupportedException
- (3170 ms) - [DEBUG] 2019-01-15 19:38:44,727 org.springframework.aop.framework.CglibAopProxy - Method is declared on Advised interface: public abstract int org.springframework.aop.framework.Advised.indexOf(org.aopalliance.aop.Advice)
- (3171 ms) - [DEBUG] 2019-01-15 19:38:44,728 org.springframework.aop.framework.CglibAopProxy - Method is declared on Advised interface: public abstract int org.springframework.aop.framework.Advised.indexOf(org.springframework.aop.Advisor)
- (3171 ms) - [DEBUG] 2019-01-15 19:38:44,728 org.springframework.aop.framework.CglibAopProxy - Method is declared on Advised interface: public abstract boolean org.springframework.aop.framework.Advised.isFrozen()
- (3171 ms) - [DEBUG] 2019-01-15 19:38:44,728 org.springframework.aop.framework.CglibAopProxy - Method is declared on Advised interface: public abstract boolean org.springframework.aop.framework.Advised.isProxyTargetClass()
- (3171 ms) - [DEBUG] 2019-01-15 19:38:44,728 org.springframework.aop.framework.CglibAopProxy - Method is declared on Advised interface: public abstract void org.springframework.aop.framework.Advised.setTargetSource(org.springframework.aop.TargetSource)
- (3171 ms) - [DEBUG] 2019-01-15 19:38:44,728 org.springframework.aop.framework.CglibAopProxy - Method is declared on Advised interface: public abstract org.springframework.aop.Advisor[] org.springframework.aop.framework.Advised.getAdvisors()
- (3172 ms) - [DEBUG] 2019-01-15 19:38:44,729 org.springframework.aop.framework.CglibAopProxy - Method is declared on Advised interface: public abstract void org.springframework.aop.framework.Advised.addAdvisor(org.springframework.aop.Advisor) throws org.springframework.aop.framework.AopConfigException
- (3172 ms) - [DEBUG] 2019-01-15 19:38:44,729 org.springframework.aop.framework.CglibAopProxy - Method is declared on Advised interface: public abstract void org.springframework.aop.framework.Advised.addAdvisor(int,org.springframework.aop.Advisor) throws org.springframework.aop.framework.AopConfigException
- (3172 ms) - [DEBUG] 2019-01-15 19:38:44,729 org.springframework.aop.framework.CglibAopProxy - Method is declared on Advised interface: public abstract void org.springframework.aop.framework.Advised.setPreFiltered(boolean)
- (3172 ms) - [DEBUG] 2019-01-15 19:38:44,729 org.springframework.aop.framework.CglibAopProxy - Method is declared on Advised interface: public abstract org.springframework.aop.TargetSource org.springframework.aop.framework.Advised.getTargetSource()
- (3172 ms) - [DEBUG] 2019-01-15 19:38:44,729 org.springframework.aop.framework.CglibAopProxy - Method is declared on Advised interface: public abstract boolean org.springframework.aop.framework.Advised.isExposeProxy()
- (3172 ms) - [DEBUG] 2019-01-15 19:38:44,729 org.springframework.aop.framework.CglibAopProxy - Method is declared on Advised interface: public abstract void org.springframework.aop.framework.Advised.setExposeProxy(boolean)
- (3173 ms) - [DEBUG] 2019-01-15 19:38:44,730 org.springframework.aop.framework.CglibAopProxy - Method is declared on Advised interface: public abstract java.lang.Class[] org.springframework.aop.framework.Advised.getProxiedInterfaces()
- (3173 ms) - [DEBUG] 2019-01-15 19:38:44,730 org.springframework.aop.framework.CglibAopProxy - Method is declared on Advised interface: public abstract boolean org.springframework.aop.framework.Advised.isInterfaceProxied(java.lang.Class)
- (3173 ms) - [DEBUG] 2019-01-15 19:38:44,730 org.springframework.aop.framework.CglibAopProxy - Method is declared on Advised interface: public abstract java.lang.String org.springframework.aop.framework.Advised.toProxyConfigString()
- (3173 ms) - [DEBUG] 2019-01-15 19:38:44,730 org.springframework.aop.framework.CglibAopProxy - Method is declared on Advised interface: public abstract boolean org.springframework.aop.framework.Advised.removeAdvice(org.aopalliance.aop.Advice)
- (3173 ms) - [DEBUG] 2019-01-15 19:38:44,730 org.springframework.aop.framework.CglibAopProxy - Method is declared on Advised interface: public abstract boolean org.springframework.aop.framework.Advised.replaceAdvisor(org.springframework.aop.Advisor,org.springframework.aop.Advisor) throws org.springframework.aop.framework.AopConfigException
- (3173 ms) - [DEBUG] 2019-01-15 19:38:44,730 org.springframework.aop.framework.CglibAopProxy - Method is declared on Advised interface: public abstract void org.springframework.aop.framework.Advised.removeAdvisor(int) throws org.springframework.aop.framework.AopConfigException
- (3174 ms) - [DEBUG] 2019-01-15 19:38:44,731 org.springframework.aop.framework.CglibAopProxy - Method is declared on Advised interface: public abstract boolean org.springframework.aop.framework.Advised.removeAdvisor(org.springframework.aop.Advisor)
- (3174 ms) - [DEBUG] 2019-01-15 19:38:44,731 org.springframework.aop.framework.CglibAopProxy - Method is declared on Advised interface: public abstract boolean org.springframework.aop.framework.Advised.isPreFiltered()
- (3174 ms) - [DEBUG] 2019-01-15 19:38:44,731 org.springframework.aop.framework.CglibAopProxy - Method is declared on Advised interface: public abstract void org.springframework.aop.framework.Advised.addAdvice(int,org.aopalliance.aop.Advice) throws org.springframework.aop.framework.AopConfigException
- (3174 ms) - [DEBUG] 2019-01-15 19:38:44,731 org.springframework.aop.framework.CglibAopProxy - Method is declared on Advised interface: public abstract void org.springframework.aop.framework.Advised.addAdvice(org.aopalliance.aop.Advice) throws org.springframework.aop.framework.AopConfigException
- (3174 ms) - [DEBUG] 2019-01-15 19:38:44,731 org.springframework.aop.framework.CglibAopProxy - Method is declared on Advised interface: public abstract java.lang.Class org.springframework.aop.TargetClassAware.getTargetClass()
- (3198 ms) - [DEBUG] 2019-01-15 19:38:44,755 org.springframework.beans.factory.support.DefaultListableBeanFactory - Finished creating instance of bean 'itripCommentServiceImpl'
- (3198 ms) - [DEBUG] 2019-01-15 19:38:44,755 org.springframework.beans.factory.support.DefaultListableBeanFactory - Creating shared instance of singleton bean 'itripHotelOrderServiceImpl'
- (3198 ms) - [DEBUG] 2019-01-15 19:38:44,755 org.springframework.beans.factory.support.DefaultListableBeanFactory - Creating instance of bean 'itripHotelOrderServiceImpl'
- (3199 ms) - [DEBUG] 2019-01-15 19:38:44,756 org.springframework.beans.factory.support.DefaultListableBeanFactory - Returning cached instance of singleton bean 'org.springframework.aop.support.DefaultBeanFactoryPointcutAdvisor#0'
- (3199 ms) - [DEBUG] 2019-01-15 19:38:44,756 org.springframework.beans.factory.annotation.InjectionMetadata - Registered injected element on class [cn.itrip.service.hotelorder.ItripHotelOrderServiceImpl]: ResourceElement for public cn.itrip.dao.hotelorder.ItripHotelOrderMapper cn.itrip.service.hotelorder.ItripHotelOrderServiceImpl.itripHotelOrderMapper
- (3199 ms) - [DEBUG] 2019-01-15 19:38:44,756 org.springframework.beans.factory.support.DefaultListableBeanFactory - Eagerly caching bean 'itripHotelOrderServiceImpl' to allow for resolving potential circular references
- (3202 ms) - [DEBUG] 2019-01-15 19:38:44,759 org.springframework.beans.factory.annotation.InjectionMetadata - Processing injected element of bean 'itripHotelOrderServiceImpl': ResourceElement for public cn.itrip.dao.hotelorder.ItripHotelOrderMapper cn.itrip.service.hotelorder.ItripHotelOrderServiceImpl.itripHotelOrderMapper
- (3202 ms) - [DEBUG] 2019-01-15 19:38:44,759 org.springframework.beans.factory.support.DefaultListableBeanFactory - Returning cached instance of singleton bean 'itripHotelOrderMapper'
- (3204 ms) - [DEBUG] 2019-01-15 19:38:44,761 org.springframework.beans.factory.support.DefaultListableBeanFactory - Returning cached instance of singleton bean 'org.springframework.aop.support.DefaultBeanFactoryPointcutAdvisor#0'
- (3204 ms) - [DEBUG] 2019-01-15 19:38:44,761 org.springframework.beans.factory.support.DefaultListableBeanFactory - Returning cached instance of singleton bean 'org.springframework.aop.support.DefaultBeanFactoryPointcutAdvisor#0'
- (3215 ms) - [DEBUG] 2019-01-15 19:38:44,772 org.springframework.beans.factory.support.DefaultListableBeanFactory - Returning cached instance of singleton bean 'org.springframework.aop.support.DefaultBeanFactoryPointcutAdvisor#0'
- (3215 ms) - [DEBUG] 2019-01-15 19:38:44,772 org.springframework.beans.factory.support.DefaultListableBeanFactory - Returning cached instance of singleton bean 'org.springframework.aop.support.DefaultBeanFactoryPointcutAdvisor#0'
- (3216 ms) - [DEBUG] 2019-01-15 19:38:44,773 org.springframework.aop.aspectj.annotation.AnnotationAwareAspectJAutoProxyCreator - Creating implicit proxy for bean 'itripHotelOrderServiceImpl' with 0 common interceptors and 2 specific interceptors
- (3216 ms) - [DEBUG] 2019-01-15 19:38:44,773 org.springframework.aop.framework.CglibAopProxy - Creating CGLIB proxy: target source is SingletonTargetSource for target object [cn.itrip.service.hotelorder.ItripHotelOrderServiceImpl@906d29b]
- (3217 ms) - [DEBUG] 2019-01-15 19:38:44,774 org.springframework.aop.framework.CglibAopProxy - Unable to apply any optimisations to advised method: public java.lang.Integer cn.itrip.service.hotelorder.ItripHotelOrderServiceImpl.itripCount(java.util.Map) throws java.lang.Exception
- (3218 ms) - [DEBUG] 2019-01-15 19:38:44,775 org.springframework.aop.framework.CglibAopProxy - Unable to apply any optimisations to advised method: public cn.itrip.beans.vo.order.ItripPersonalOrderRoomVO cn.itrip.service.hotelorder.ItripHotelOrderServiceImpl.getItripOrdergeren(java.lang.Integer) throws java.lang.Exception
- (3218 ms) - [DEBUG] 2019-01-15 19:38:44,775 org.springframework.aop.framework.CglibAopProxy - Unable to apply any optimisations to advised method: public cn.itrip.common.Page cn.itrip.service.hotelorder.ItripHotelOrderServiceImpl.queryItripLabelDicPageByMap(java.util.Map,java.lang.Integer,java.lang.Integer) throws java.lang.Exception
- (3218 ms) - [DEBUG] 2019-01-15 19:38:44,775 org.springframework.aop.framework.CglibAopProxy - Unable to apply any optimisations to advised method: public java.util.List cn.itrip.service.hotelorder.ItripHotelOrderServiceImpl.itripHotelOrderInfo(java.util.Map) throws java.lang.Exception
- (3219 ms) - [DEBUG] 2019-01-15 19:38:44,776 org.springframework.aop.framework.CglibAopProxy - Unable to apply any optimisations to advised method: public java.util.List cn.itrip.service.hotelorder.ItripHotelOrderServiceImpl.itripHotelOrderId(java.lang.Integer) throws java.lang.Exception
- (3219 ms) - [DEBUG] 2019-01-15 19:38:44,776 org.springframework.aop.framework.CglibAopProxy - Unable to apply any optimisations to advised method: public java.util.List cn.itrip.service.hotelorder.ItripHotelOrderServiceImpl.itripHotelOrderList(java.util.Map) throws java.lang.Exception
- (3219 ms) - [DEBUG] 2019-01-15 19:38:44,776 org.springframework.aop.framework.CglibAopProxy - Unable to apply any optimisations to advised method: public java.util.List cn.itrip.service.hotelorder.ItripHotelOrderServiceImpl.itripHotelOrderInsert(java.util.Map) throws java.lang.Exception
- (3220 ms) - [DEBUG] 2019-01-15 19:38:44,777 org.springframework.aop.framework.CglibAopProxy - Unable to apply any optimisations to advised method: public java.lang.Integer cn.itrip.service.hotelorder.ItripHotelOrderServiceImpl.itripHotelOrderStore(java.util.Map)
- (3220 ms) - [DEBUG] 2019-01-15 19:38:44,777 org.springframework.aop.framework.CglibAopProxy - Found finalize() method - using NO_OVERRIDE
- (3220 ms) - [DEBUG] 2019-01-15 19:38:44,777 org.springframework.aop.framework.CglibAopProxy - Found 'equals' method: public boolean java.lang.Object.equals(java.lang.Object)
- (3220 ms) - [DEBUG] 2019-01-15 19:38:44,777 org.springframework.aop.framework.CglibAopProxy - Unable to apply any optimisations to advised method: public java.lang.String java.lang.Object.toString()
- (3221 ms) - [DEBUG] 2019-01-15 19:38:44,778 org.springframework.aop.framework.CglibAopProxy - Found 'hashCode' method: public native int java.lang.Object.hashCode()
- (3221 ms) - [DEBUG] 2019-01-15 19:38:44,778 org.springframework.aop.framework.CglibAopProxy - Unable to apply any optimisations to advised method: protected native java.lang.Object java.lang.Object.clone() throws java.lang.CloneNotSupportedException
- (3221 ms) - [DEBUG] 2019-01-15 19:38:44,778 org.springframework.aop.framework.CglibAopProxy - Method is declared on Advised interface: public abstract int org.springframework.aop.framework.Advised.indexOf(org.aopalliance.aop.Advice)
- (3221 ms) - [DEBUG] 2019-01-15 19:38:44,778 org.springframework.aop.framework.CglibAopProxy - Method is declared on Advised interface: public abstract int org.springframework.aop.framework.Advised.indexOf(org.springframework.aop.Advisor)
- (3222 ms) - [DEBUG] 2019-01-15 19:38:44,779 org.springframework.aop.framework.CglibAopProxy - Method is declared on Advised interface: public abstract boolean org.springframework.aop.framework.Advised.isFrozen()
- (3222 ms) - [DEBUG] 2019-01-15 19:38:44,779 org.springframework.aop.framework.CglibAopProxy - Method is declared on Advised interface: public abstract boolean org.springframework.aop.framework.Advised.isProxyTargetClass()
- (3222 ms) - [DEBUG] 2019-01-15 19:38:44,779 org.springframework.aop.framework.CglibAopProxy - Method is declared on Advised interface: public abstract void org.springframework.aop.framework.Advised.setTargetSource(org.springframework.aop.TargetSource)
- (3222 ms) - [DEBUG] 2019-01-15 19:38:44,779 org.springframework.aop.framework.CglibAopProxy - Method is declared on Advised interface: public abstract org.springframework.aop.Advisor[] org.springframework.aop.framework.Advised.getAdvisors()
- (3222 ms) - [DEBUG] 2019-01-15 19:38:44,779 org.springframework.aop.framework.CglibAopProxy - Method is declared on Advised interface: public abstract void org.springframework.aop.framework.Advised.addAdvisor(org.springframework.aop.Advisor) throws org.springframework.aop.framework.AopConfigException
- (3222 ms) - [DEBUG] 2019-01-15 19:38:44,779 org.springframework.aop.framework.CglibAopProxy - Method is declared on Advised interface: public abstract void org.springframework.aop.framework.Advised.addAdvisor(int,org.springframework.aop.Advisor) throws org.springframework.aop.framework.AopConfigException
- (3223 ms) - [DEBUG] 2019-01-15 19:38:44,780 org.springframework.aop.framework.CglibAopProxy - Method is declared on Advised interface: public abstract void org.springframework.aop.framework.Advised.setPreFiltered(boolean)
- (3223 ms) - [DEBUG] 2019-01-15 19:38:44,780 org.springframework.aop.framework.CglibAopProxy - Method is declared on Advised interface: public abstract org.springframework.aop.TargetSource org.springframework.aop.framework.Advised.getTargetSource()
- (3223 ms) - [DEBUG] 2019-01-15 19:38:44,780 org.springframework.aop.framework.CglibAopProxy - Method is declared on Advised interface: public abstract boolean org.springframework.aop.framework.Advised.isExposeProxy()
- (3223 ms) - [DEBUG] 2019-01-15 19:38:44,780 org.springframework.aop.framework.CglibAopProxy - Method is declared on Advised interface: public abstract void org.springframework.aop.framework.Advised.setExposeProxy(boolean)
- (3223 ms) - [DEBUG] 2019-01-15 19:38:44,780 org.springframework.aop.framework.CglibAopProxy - Method is declared on Advised interface: public abstract java.lang.Class[] org.springframework.aop.framework.Advised.getProxiedInterfaces()
- (3224 ms) - [DEBUG] 2019-01-15 19:38:44,781 org.springframework.aop.framework.CglibAopProxy - Method is declared on Advised interface: public abstract boolean org.springframework.aop.framework.Advised.isInterfaceProxied(java.lang.Class)
- (3224 ms) - [DEBUG] 2019-01-15 19:38:44,781 org.springframework.aop.framework.CglibAopProxy - Method is declared on Advised interface: public abstract java.lang.String org.springframework.aop.framework.Advised.toProxyConfigString()
- (3224 ms) - [DEBUG] 2019-01-15 19:38:44,781 org.springframework.aop.framework.CglibAopProxy - Method is declared on Advised interface: public abstract boolean org.springframework.aop.framework.Advised.removeAdvice(org.aopalliance.aop.Advice)
- (3224 ms) - [DEBUG] 2019-01-15 19:38:44,781 org.springframework.aop.framework.CglibAopProxy - Method is declared on Advised interface: public abstract boolean org.springframework.aop.framework.Advised.replaceAdvisor(org.springframework.aop.Advisor,org.springframework.aop.Advisor) throws org.springframework.aop.framework.AopConfigException
- (3224 ms) - [DEBUG] 2019-01-15 19:38:44,781 org.springframework.aop.framework.CglibAopProxy - Method is declared on Advised interface: public abstract void org.springframework.aop.framework.Advised.removeAdvisor(int) throws org.springframework.aop.framework.AopConfigException
- (3225 ms) - [DEBUG] 2019-01-15 19:38:44,782 org.springframework.aop.framework.CglibAopProxy - Method is declared on Advised interface: public abstract boolean org.springframework.aop.framework.Advised.removeAdvisor(org.springframework.aop.Advisor)
- (3225 ms) - [DEBUG] 2019-01-15 19:38:44,782 org.springframework.aop.framework.CglibAopProxy - Method is declared on Advised interface: public abstract boolean org.springframework.aop.framework.Advised.isPreFiltered()
- (3225 ms) - [DEBUG] 2019-01-15 19:38:44,782 org.springframework.aop.framework.CglibAopProxy - Method is declared on Advised interface: public abstract void org.springframework.aop.framework.Advised.addAdvice(int,org.aopalliance.aop.Advice) throws org.springframework.aop.framework.AopConfigException
- (3225 ms) - [DEBUG] 2019-01-15 19:38:44,782 org.springframework.aop.framework.CglibAopProxy - Method is declared on Advised interface: public abstract void org.springframework.aop.framework.Advised.addAdvice(org.aopalliance.aop.Advice) throws org.springframework.aop.framework.AopConfigException
- (3225 ms) - [DEBUG] 2019-01-15 19:38:44,782 org.springframework.aop.framework.CglibAopProxy - Method is declared on Advised interface: public abstract java.lang.Class org.springframework.aop.TargetClassAware.getTargetClass()
- (3266 ms) - [DEBUG] 2019-01-15 19:38:44,823 org.springframework.beans.factory.support.DefaultListableBeanFactory - Finished creating instance of bean 'itripHotelOrderServiceImpl'
- (3267 ms) - [DEBUG] 2019-01-15 19:38:44,824 org.springframework.beans.factory.support.DefaultListableBeanFactory - Creating shared instance of singleton bean 'itripImageServiceImpl'
- (3267 ms) - [DEBUG] 2019-01-15 19:38:44,824 org.springframework.beans.factory.support.DefaultListableBeanFactory - Creating instance of bean 'itripImageServiceImpl'
- (3267 ms) - [DEBUG] 2019-01-15 19:38:44,824 org.springframework.beans.factory.support.DefaultListableBeanFactory - Returning cached instance of singleton bean 'org.springframework.aop.support.DefaultBeanFactoryPointcutAdvisor#0'
- (3268 ms) - [DEBUG] 2019-01-15 19:38:44,825 org.springframework.beans.factory.annotation.InjectionMetadata - Registered injected element on class [cn.itrip.service.image.ItripImageServiceImpl]: ResourceElement for public cn.itrip.dao.image.ItripImageMapper cn.itrip.service.image.ItripImageServiceImpl.itripImageMapper
- (3268 ms) - [DEBUG] 2019-01-15 19:38:44,825 org.springframework.beans.factory.support.DefaultListableBeanFactory - Eagerly caching bean 'itripImageServiceImpl' to allow for resolving potential circular references
- (3270 ms) - [DEBUG] 2019-01-15 19:38:44,827 org.springframework.beans.factory.annotation.InjectionMetadata - Processing injected element of bean 'itripImageServiceImpl': ResourceElement for public cn.itrip.dao.image.ItripImageMapper cn.itrip.service.image.ItripImageServiceImpl.itripImageMapper
- (3271 ms) - [DEBUG] 2019-01-15 19:38:44,828 org.springframework.beans.factory.support.DefaultListableBeanFactory - Returning cached instance of singleton bean 'itripImageMapper'
- (3271 ms) - [DEBUG] 2019-01-15 19:38:44,828 org.springframework.beans.factory.support.DefaultListableBeanFactory - Returning cached instance of singleton bean 'org.springframework.aop.support.DefaultBeanFactoryPointcutAdvisor#0'
- (3272 ms) - [DEBUG] 2019-01-15 19:38:44,829 org.springframework.beans.factory.support.DefaultListableBeanFactory - Returning cached instance of singleton bean 'org.springframework.aop.support.DefaultBeanFactoryPointcutAdvisor#0'
- (3273 ms) - [DEBUG] 2019-01-15 19:38:44,830 org.springframework.beans.factory.support.DefaultListableBeanFactory - Returning cached instance of singleton bean 'org.springframework.aop.support.DefaultBeanFactoryPointcutAdvisor#0'
- (3273 ms) - [DEBUG] 2019-01-15 19:38:44,830 org.springframework.beans.factory.support.DefaultListableBeanFactory - Returning cached instance of singleton bean 'org.springframework.aop.support.DefaultBeanFactoryPointcutAdvisor#0'
- (3273 ms) - [DEBUG] 2019-01-15 19:38:44,830 org.springframework.aop.aspectj.annotation.AnnotationAwareAspectJAutoProxyCreator - Creating implicit proxy for bean 'itripImageServiceImpl' with 0 common interceptors and 2 specific interceptors
- (3274 ms) - [DEBUG] 2019-01-15 19:38:44,831 org.springframework.aop.framework.CglibAopProxy - Creating CGLIB proxy: target source is SingletonTargetSource for target object [cn.itrip.service.image.ItripImageServiceImpl@604c5de8]
- (3274 ms) - [DEBUG] 2019-01-15 19:38:44,831 org.springframework.aop.framework.CglibAopProxy - Unable to apply any optimisations to advised method: public java.util.List cn.itrip.service.image.ItripImageServiceImpl.getItripImagetargetId(java.lang.Integer) throws java.lang.Exception
- (3274 ms) - [DEBUG] 2019-01-15 19:38:44,831 org.springframework.aop.framework.CglibAopProxy - Found finalize() method - using NO_OVERRIDE
- (3275 ms) - [DEBUG] 2019-01-15 19:38:44,832 org.springframework.aop.framework.CglibAopProxy - Found 'equals' method: public boolean java.lang.Object.equals(java.lang.Object)
- (3275 ms) - [DEBUG] 2019-01-15 19:38:44,832 org.springframework.aop.framework.CglibAopProxy - Unable to apply any optimisations to advised method: public java.lang.String java.lang.Object.toString()
- (3275 ms) - [DEBUG] 2019-01-15 19:38:44,832 org.springframework.aop.framework.CglibAopProxy - Found 'hashCode' method: public native int java.lang.Object.hashCode()
- (3276 ms) - [DEBUG] 2019-01-15 19:38:44,833 org.springframework.aop.framework.CglibAopProxy - Unable to apply any optimisations to advised method: protected native java.lang.Object java.lang.Object.clone() throws java.lang.CloneNotSupportedException
- (3276 ms) - [DEBUG] 2019-01-15 19:38:44,833 org.springframework.aop.framework.CglibAopProxy - Method is declared on Advised interface: public abstract int org.springframework.aop.framework.Advised.indexOf(org.aopalliance.aop.Advice)
- (3276 ms) - [DEBUG] 2019-01-15 19:38:44,833 org.springframework.aop.framework.CglibAopProxy - Method is declared on Advised interface: public abstract int org.springframework.aop.framework.Advised.indexOf(org.springframework.aop.Advisor)
- (3276 ms) - [DEBUG] 2019-01-15 19:38:44,833 org.springframework.aop.framework.CglibAopProxy - Method is declared on Advised interface: public abstract boolean org.springframework.aop.framework.Advised.isFrozen()
- (3276 ms) - [DEBUG] 2019-01-15 19:38:44,833 org.springframework.aop.framework.CglibAopProxy - Method is declared on Advised interface: public abstract boolean org.springframework.aop.framework.Advised.isProxyTargetClass()
- (3277 ms) - [DEBUG] 2019-01-15 19:38:44,834 org.springframework.aop.framework.CglibAopProxy - Method is declared on Advised interface: public abstract void org.springframework.aop.framework.Advised.setTargetSource(org.springframework.aop.TargetSource)
- (3278 ms) - [DEBUG] 2019-01-15 19:38:44,835 org.springframework.aop.framework.CglibAopProxy - Method is declared on Advised interface: public abstract org.springframework.aop.Advisor[] org.springframework.aop.framework.Advised.getAdvisors()
- (3278 ms) - [DEBUG] 2019-01-15 19:38:44,835 org.springframework.aop.framework.CglibAopProxy - Method is declared on Advised interface: public abstract void org.springframework.aop.framework.Advised.addAdvisor(org.springframework.aop.Advisor) throws org.springframework.aop.framework.AopConfigException
- (3278 ms) - [DEBUG] 2019-01-15 19:38:44,835 org.springframework.aop.framework.CglibAopProxy - Method is declared on Advised interface: public abstract void org.springframework.aop.framework.Advised.addAdvisor(int,org.springframework.aop.Advisor) throws org.springframework.aop.framework.AopConfigException
- (3278 ms) - [DEBUG] 2019-01-15 19:38:44,835 org.springframework.aop.framework.CglibAopProxy - Method is declared on Advised interface: public abstract void org.springframework.aop.framework.Advised.setPreFiltered(boolean)
- (3279 ms) - [DEBUG] 2019-01-15 19:38:44,836 org.springframework.aop.framework.CglibAopProxy - Method is declared on Advised interface: public abstract org.springframework.aop.TargetSource org.springframework.aop.framework.Advised.getTargetSource()
- (3279 ms) - [DEBUG] 2019-01-15 19:38:44,836 org.springframework.aop.framework.CglibAopProxy - Method is declared on Advised interface: public abstract boolean org.springframework.aop.framework.Advised.isExposeProxy()
- (3279 ms) - [DEBUG] 2019-01-15 19:38:44,836 org.springframework.aop.framework.CglibAopProxy - Method is declared on Advised interface: public abstract void org.springframework.aop.framework.Advised.setExposeProxy(boolean)
- (3279 ms) - [DEBUG] 2019-01-15 19:38:44,836 org.springframework.aop.framework.CglibAopProxy - Method is declared on Advised interface: public abstract java.lang.Class[] org.springframework.aop.framework.Advised.getProxiedInterfaces()
- (3280 ms) - [DEBUG] 2019-01-15 19:38:44,837 org.springframework.aop.framework.CglibAopProxy - Method is declared on Advised interface: public abstract boolean org.springframework.aop.framework.Advised.isInterfaceProxied(java.lang.Class)
- (3281 ms) - [DEBUG] 2019-01-15 19:38:44,838 org.springframework.aop.framework.CglibAopProxy - Method is declared on Advised interface: public abstract java.lang.String org.springframework.aop.framework.Advised.toProxyConfigString()
- (3281 ms) - [DEBUG] 2019-01-15 19:38:44,838 org.springframework.aop.framework.CglibAopProxy - Method is declared on Advised interface: public abstract boolean org.springframework.aop.framework.Advised.removeAdvice(org.aopalliance.aop.Advice)
- (3281 ms) - [DEBUG] 2019-01-15 19:38:44,838 org.springframework.aop.framework.CglibAopProxy - Method is declared on Advised interface: public abstract boolean org.springframework.aop.framework.Advised.replaceAdvisor(org.springframework.aop.Advisor,org.springframework.aop.Advisor) throws org.springframework.aop.framework.AopConfigException
- (3282 ms) - [DEBUG] 2019-01-15 19:38:44,839 org.springframework.aop.framework.CglibAopProxy - Method is declared on Advised interface: public abstract void org.springframework.aop.framework.Advised.removeAdvisor(int) throws org.springframework.aop.framework.AopConfigException
- (3282 ms) - [DEBUG] 2019-01-15 19:38:44,839 org.springframework.aop.framework.CglibAopProxy - Method is declared on Advised interface: public abstract boolean org.springframework.aop.framework.Advised.removeAdvisor(org.springframework.aop.Advisor)
- (3282 ms) - [DEBUG] 2019-01-15 19:38:44,839 org.springframework.aop.framework.CglibAopProxy - Method is declared on Advised interface: public abstract boolean org.springframework.aop.framework.Advised.isPreFiltered()
- (3282 ms) - [DEBUG] 2019-01-15 19:38:44,839 org.springframework.aop.framework.CglibAopProxy - Method is declared on Advised interface: public abstract void org.springframework.aop.framework.Advised.addAdvice(int,org.aopalliance.aop.Advice) throws org.springframework.aop.framework.AopConfigException
- (3282 ms) - [DEBUG] 2019-01-15 19:38:44,839 org.springframework.aop.framework.CglibAopProxy - Method is declared on Advised interface: public abstract void org.springframework.aop.framework.Advised.addAdvice(org.aopalliance.aop.Advice) throws org.springframework.aop.framework.AopConfigException
- (3283 ms) - [DEBUG] 2019-01-15 19:38:44,840 org.springframework.aop.framework.CglibAopProxy - Method is declared on Advised interface: public abstract java.lang.Class org.springframework.aop.TargetClassAware.getTargetClass()
- (3302 ms) - [DEBUG] 2019-01-15 19:38:44,859 org.springframework.beans.factory.support.DefaultListableBeanFactory - Finished creating instance of bean 'itripImageServiceImpl'
- (3303 ms) - [DEBUG] 2019-01-15 19:38:44,860 org.springframework.beans.factory.support.DefaultListableBeanFactory - Creating shared instance of singleton bean 'itripLabelServiceImpl'
- (3303 ms) - [DEBUG] 2019-01-15 19:38:44,860 org.springframework.beans.factory.support.DefaultListableBeanFactory - Creating instance of bean 'itripLabelServiceImpl'
- (3303 ms) - [DEBUG] 2019-01-15 19:38:44,860 org.springframework.beans.factory.support.DefaultListableBeanFactory - Returning cached instance of singleton bean 'org.springframework.aop.support.DefaultBeanFactoryPointcutAdvisor#0'
- (3304 ms) - [DEBUG] 2019-01-15 19:38:44,861 org.springframework.beans.factory.annotation.InjectionMetadata - Registered injected element on class [cn.itrip.service.label.ItripLabelServiceImpl]: ResourceElement for public cn.itrip.dao.label.ItripLabelMapper cn.itrip.service.label.ItripLabelServiceImpl.itripLabelMapper
- (3304 ms) - [DEBUG] 2019-01-15 19:38:44,861 org.springframework.beans.factory.support.DefaultListableBeanFactory - Eagerly caching bean 'itripLabelServiceImpl' to allow for resolving potential circular references
- (3309 ms) - [DEBUG] 2019-01-15 19:38:44,866 org.springframework.beans.factory.annotation.InjectionMetadata - Processing injected element of bean 'itripLabelServiceImpl': ResourceElement for public cn.itrip.dao.label.ItripLabelMapper cn.itrip.service.label.ItripLabelServiceImpl.itripLabelMapper
- (3309 ms) - [DEBUG] 2019-01-15 19:38:44,866 org.springframework.beans.factory.support.DefaultListableBeanFactory - Returning cached instance of singleton bean 'itripLabelMapper'
- (3310 ms) - [DEBUG] 2019-01-15 19:38:44,867 org.springframework.beans.factory.support.DefaultListableBeanFactory - Returning cached instance of singleton bean 'org.springframework.aop.support.DefaultBeanFactoryPointcutAdvisor#0'
- (3310 ms) - [DEBUG] 2019-01-15 19:38:44,867 org.springframework.beans.factory.support.DefaultListableBeanFactory - Returning cached instance of singleton bean 'org.springframework.aop.support.DefaultBeanFactoryPointcutAdvisor#0'
- (3311 ms) - [DEBUG] 2019-01-15 19:38:44,868 org.springframework.beans.factory.support.DefaultListableBeanFactory - Returning cached instance of singleton bean 'org.springframework.aop.support.DefaultBeanFactoryPointcutAdvisor#0'
- (3312 ms) - [DEBUG] 2019-01-15 19:38:44,869 org.springframework.beans.factory.support.DefaultListableBeanFactory - Returning cached instance of singleton bean 'org.springframework.aop.support.DefaultBeanFactoryPointcutAdvisor#0'
- (3312 ms) - [DEBUG] 2019-01-15 19:38:44,869 org.springframework.aop.aspectj.annotation.AnnotationAwareAspectJAutoProxyCreator - Creating implicit proxy for bean 'itripLabelServiceImpl' with 0 common interceptors and 2 specific interceptors
- (3312 ms) - [DEBUG] 2019-01-15 19:38:44,869 org.springframework.aop.framework.CglibAopProxy - Creating CGLIB proxy: target source is SingletonTargetSource for target object [cn.itrip.service.label.ItripLabelServiceImpl@52851b44]
- (3352 ms) - [DEBUG] 2019-01-15 19:38:44,909 org.springframework.aop.framework.CglibAopProxy - Unable to apply any optimisations to advised method: public java.util.List cn.itrip.service.label.ItripLabelServiceImpl.getItripRoomType() throws java.lang.Exception
- (3353 ms) - [DEBUG] 2019-01-15 19:38:44,910 org.springframework.aop.framework.CglibAopProxy - Unable to apply any optimisations to advised method: public java.util.List cn.itrip.service.label.ItripLabelServiceImpl.getItripLabel() throws java.lang.Exception
- (3353 ms) - [DEBUG] 2019-01-15 19:38:44,910 org.springframework.aop.framework.CglibAopProxy - Unable to apply any optimisations to advised method: public java.util.List cn.itrip.service.label.ItripLabelServiceImpl.getItripLabelName(java.lang.Integer) throws java.lang.Exception
- (3355 ms) - [DEBUG] 2019-01-15 19:38:44,912 org.springframework.aop.framework.CglibAopProxy - Unable to apply any optimisations to advised method: public java.util.List cn.itrip.service.label.ItripLabelServiceImpl.getItripLabelHotel(java.lang.Integer) throws java.lang.Exception
- (3355 ms) - [DEBUG] 2019-01-15 19:38:44,912 org.springframework.aop.framework.CglibAopProxy - Found finalize() method - using NO_OVERRIDE
- (3355 ms) - [DEBUG] 2019-01-15 19:38:44,912 org.springframework.aop.framework.CglibAopProxy - Found 'equals' method: public boolean java.lang.Object.equals(java.lang.Object)
- (3355 ms) - [DEBUG] 2019-01-15 19:38:44,912 org.springframework.aop.framework.CglibAopProxy - Unable to apply any optimisations to advised method: public java.lang.String java.lang.Object.toString()
- (3356 ms) - [DEBUG] 2019-01-15 19:38:44,913 org.springframework.aop.framework.CglibAopProxy - Found 'hashCode' method: public native int java.lang.Object.hashCode()
- (3357 ms) - [DEBUG] 2019-01-15 19:38:44,914 org.springframework.aop.framework.CglibAopProxy - Unable to apply any optimisations to advised method: protected native java.lang.Object java.lang.Object.clone() throws java.lang.CloneNotSupportedException
- (3357 ms) - [DEBUG] 2019-01-15 19:38:44,914 org.springframework.aop.framework.CglibAopProxy - Method is declared on Advised interface: public abstract int org.springframework.aop.framework.Advised.indexOf(org.aopalliance.aop.Advice)
- (3357 ms) - [DEBUG] 2019-01-15 19:38:44,914 org.springframework.aop.framework.CglibAopProxy - Method is declared on Advised interface: public abstract int org.springframework.aop.framework.Advised.indexOf(org.springframework.aop.Advisor)
- (3357 ms) - [DEBUG] 2019-01-15 19:38:44,914 org.springframework.aop.framework.CglibAopProxy - Method is declared on Advised interface: public abstract boolean org.springframework.aop.framework.Advised.isFrozen()
- (3358 ms) - [DEBUG] 2019-01-15 19:38:44,915 org.springframework.aop.framework.CglibAopProxy - Method is declared on Advised interface: public abstract boolean org.springframework.aop.framework.Advised.isProxyTargetClass()
- (3358 ms) - [DEBUG] 2019-01-15 19:38:44,915 org.springframework.aop.framework.CglibAopProxy - Method is declared on Advised interface: public abstract void org.springframework.aop.framework.Advised.setTargetSource(org.springframework.aop.TargetSource)
- (3358 ms) - [DEBUG] 2019-01-15 19:38:44,915 org.springframework.aop.framework.CglibAopProxy - Method is declared on Advised interface: public abstract org.springframework.aop.Advisor[] org.springframework.aop.framework.Advised.getAdvisors()
- (3358 ms) - [DEBUG] 2019-01-15 19:38:44,915 org.springframework.aop.framework.CglibAopProxy - Method is declared on Advised interface: public abstract void org.springframework.aop.framework.Advised.addAdvisor(org.springframework.aop.Advisor) throws org.springframework.aop.framework.AopConfigException
- (3358 ms) - [DEBUG] 2019-01-15 19:38:44,915 org.springframework.aop.framework.CglibAopProxy - Method is declared on Advised interface: public abstract void org.springframework.aop.framework.Advised.addAdvisor(int,org.springframework.aop.Advisor) throws org.springframework.aop.framework.AopConfigException
- (3359 ms) - [DEBUG] 2019-01-15 19:38:44,916 org.springframework.aop.framework.CglibAopProxy - Method is declared on Advised interface: public abstract void org.springframework.aop.framework.Advised.setPreFiltered(boolean)
- (3359 ms) - [DEBUG] 2019-01-15 19:38:44,916 org.springframework.aop.framework.CglibAopProxy - Method is declared on Advised interface: public abstract org.springframework.aop.TargetSource org.springframework.aop.framework.Advised.getTargetSource()
- (3359 ms) - [DEBUG] 2019-01-15 19:38:44,916 org.springframework.aop.framework.CglibAopProxy - Method is declared on Advised interface: public abstract boolean org.springframework.aop.framework.Advised.isExposeProxy()
- (3359 ms) - [DEBUG] 2019-01-15 19:38:44,916 org.springframework.aop.framework.CglibAopProxy - Method is declared on Advised interface: public abstract void org.springframework.aop.framework.Advised.setExposeProxy(boolean)
- (3359 ms) - [DEBUG] 2019-01-15 19:38:44,916 org.springframework.aop.framework.CglibAopProxy - Method is declared on Advised interface: public abstract java.lang.Class[] org.springframework.aop.framework.Advised.getProxiedInterfaces()
- (3359 ms) - [DEBUG] 2019-01-15 19:38:44,916 org.springframework.aop.framework.CglibAopProxy - Method is declared on Advised interface: public abstract boolean org.springframework.aop.framework.Advised.isInterfaceProxied(java.lang.Class)
- (3360 ms) - [DEBUG] 2019-01-15 19:38:44,917 org.springframework.aop.framework.CglibAopProxy - Method is declared on Advised interface: public abstract java.lang.String org.springframework.aop.framework.Advised.toProxyConfigString()
- (3360 ms) - [DEBUG] 2019-01-15 19:38:44,917 org.springframework.aop.framework.CglibAopProxy - Method is declared on Advised interface: public abstract boolean org.springframework.aop.framework.Advised.removeAdvice(org.aopalliance.aop.Advice)
- (3360 ms) - [DEBUG] 2019-01-15 19:38:44,917 org.springframework.aop.framework.CglibAopProxy - Method is declared on Advised interface: public abstract boolean org.springframework.aop.framework.Advised.replaceAdvisor(org.springframework.aop.Advisor,org.springframework.aop.Advisor) throws org.springframework.aop.framework.AopConfigException
- (3360 ms) - [DEBUG] 2019-01-15 19:38:44,917 org.springframework.aop.framework.CglibAopProxy - Method is declared on Advised interface: public abstract void org.springframework.aop.framework.Advised.removeAdvisor(int) throws org.springframework.aop.framework.AopConfigException
- (3360 ms) - [DEBUG] 2019-01-15 19:38:44,917 org.springframework.aop.framework.CglibAopProxy - Method is declared on Advised interface: public abstract boolean org.springframework.aop.framework.Advised.removeAdvisor(org.springframework.aop.Advisor)
- (3360 ms) - [DEBUG] 2019-01-15 19:38:44,917 org.springframework.aop.framework.CglibAopProxy - Method is declared on Advised interface: public abstract boolean org.springframework.aop.framework.Advised.isPreFiltered()
- (3361 ms) - [DEBUG] 2019-01-15 19:38:44,918 org.springframework.aop.framework.CglibAopProxy - Method is declared on Advised interface: public abstract void org.springframework.aop.framework.Advised.addAdvice(int,org.aopalliance.aop.Advice) throws org.springframework.aop.framework.AopConfigException
- (3361 ms) - [DEBUG] 2019-01-15 19:38:44,918 org.springframework.aop.framework.CglibAopProxy - Method is declared on Advised interface: public abstract void org.springframework.aop.framework.Advised.addAdvice(org.aopalliance.aop.Advice) throws org.springframework.aop.framework.AopConfigException
- (3361 ms) - [DEBUG] 2019-01-15 19:38:44,918 org.springframework.aop.framework.CglibAopProxy - Method is declared on Advised interface: public abstract java.lang.Class org.springframework.aop.TargetClassAware.getTargetClass()
- (3368 ms) - [DEBUG] 2019-01-15 19:38:44,925 org.springframework.beans.factory.support.DefaultListableBeanFactory - Finished creating instance of bean 'itripLabelServiceImpl'
- (3369 ms) - [DEBUG] 2019-01-15 19:38:44,926 org.springframework.beans.factory.support.DefaultListableBeanFactory - Creating shared instance of singleton bean 'itripLabelDicServiceImpl'
- (3369 ms) - [DEBUG] 2019-01-15 19:38:44,926 org.springframework.beans.factory.support.DefaultListableBeanFactory - Creating instance of bean 'itripLabelDicServiceImpl'
- (3369 ms) - [DEBUG] 2019-01-15 19:38:44,926 org.springframework.beans.factory.support.DefaultListableBeanFactory - Returning cached instance of singleton bean 'org.springframework.aop.support.DefaultBeanFactoryPointcutAdvisor#0'
- (3370 ms) - [DEBUG] 2019-01-15 19:38:44,927 org.springframework.beans.factory.annotation.InjectionMetadata - Registered injected element on class [cn.itrip.service.labeldic.ItripLabelDicServiceImpl]: ResourceElement for private cn.itrip.dao.labeldic.ItripLabelDicMapper cn.itrip.service.labeldic.ItripLabelDicServiceImpl.itripLabelDicMapper
- (3370 ms) - [DEBUG] 2019-01-15 19:38:44,927 org.springframework.beans.factory.support.DefaultListableBeanFactory - Eagerly caching bean 'itripLabelDicServiceImpl' to allow for resolving potential circular references
- (3372 ms) - [DEBUG] 2019-01-15 19:38:44,929 org.springframework.beans.factory.annotation.InjectionMetadata - Processing injected element of bean 'itripLabelDicServiceImpl': ResourceElement for private cn.itrip.dao.labeldic.ItripLabelDicMapper cn.itrip.service.labeldic.ItripLabelDicServiceImpl.itripLabelDicMapper
- (3373 ms) - [DEBUG] 2019-01-15 19:38:44,930 org.springframework.beans.factory.support.DefaultListableBeanFactory - Returning cached instance of singleton bean 'itripLabelDicMapper'
- (3374 ms) - [DEBUG] 2019-01-15 19:38:44,931 org.springframework.beans.factory.support.DefaultListableBeanFactory - Returning cached instance of singleton bean 'org.springframework.aop.support.DefaultBeanFactoryPointcutAdvisor#0'
- (3374 ms) - [DEBUG] 2019-01-15 19:38:44,931 org.springframework.beans.factory.support.DefaultListableBeanFactory - Returning cached instance of singleton bean 'org.springframework.aop.support.DefaultBeanFactoryPointcutAdvisor#0'
- (3379 ms) - [DEBUG] 2019-01-15 19:38:44,936 org.springframework.beans.factory.support.DefaultListableBeanFactory - Returning cached instance of singleton bean 'org.springframework.aop.support.DefaultBeanFactoryPointcutAdvisor#0'
- (3379 ms) - [DEBUG] 2019-01-15 19:38:44,936 org.springframework.beans.factory.support.DefaultListableBeanFactory - Returning cached instance of singleton bean 'org.springframework.aop.support.DefaultBeanFactoryPointcutAdvisor#0'
- (3380 ms) - [DEBUG] 2019-01-15 19:38:44,937 org.springframework.aop.aspectj.annotation.AnnotationAwareAspectJAutoProxyCreator - Creating implicit proxy for bean 'itripLabelDicServiceImpl' with 0 common interceptors and 2 specific interceptors
- (3380 ms) - [DEBUG] 2019-01-15 19:38:44,937 org.springframework.aop.framework.CglibAopProxy - Creating CGLIB proxy: target source is SingletonTargetSource for target object [cn.itrip.service.labeldic.ItripLabelDicServiceImpl@5ef6ae06]
- (3381 ms) - [DEBUG] 2019-01-15 19:38:44,938 org.springframework.aop.framework.CglibAopProxy - Unable to apply any optimisations to advised method: public java.util.List cn.itrip.service.labeldic.ItripLabelDicServiceImpl.getItripLabelDicListByMap(java.util.Map) throws java.lang.Exception
- (3381 ms) - [DEBUG] 2019-01-15 19:38:44,938 org.springframework.aop.framework.CglibAopProxy - Unable to apply any optimisations to advised method: public cn.itrip.common.Page cn.itrip.service.labeldic.ItripLabelDicServiceImpl.queryItripLabelDicPageByMap(java.util.Map,java.lang.Integer,java.lang.Integer) throws java.lang.Exception
- (3382 ms) - [DEBUG] 2019-01-15 19:38:44,939 org.springframework.aop.framework.CglibAopProxy - Unable to apply any optimisations to advised method: public java.lang.Integer cn.itrip.service.labeldic.ItripLabelDicServiceImpl.itriptxDeleteItripLabelDicById(java.lang.Long) throws java.lang.Exception
- (3382 ms) - [DEBUG] 2019-01-15 19:38:44,939 org.springframework.aop.framework.CglibAopProxy - Unable to apply any optimisations to advised method: public java.util.List cn.itrip.service.labeldic.ItripLabelDicServiceImpl.getItripLabelDicByParentId(java.lang.Long) throws java.lang.Exception
- (3383 ms) - [DEBUG] 2019-01-15 19:38:44,940 org.springframework.aop.framework.CglibAopProxy - Unable to apply any optimisations to advised method: public cn.itrip.beans.pojo.ItripLabelDic cn.itrip.service.labeldic.ItripLabelDicServiceImpl.getItripLabelDicById(java.lang.Long) throws java.lang.Exception
- (3383 ms) - [DEBUG] 2019-01-15 19:38:44,940 org.springframework.aop.framework.CglibAopProxy - Unable to apply any optimisations to advised method: public java.lang.Integer cn.itrip.service.labeldic.ItripLabelDicServiceImpl.getItripLabelDicCountByMap(java.util.Map) throws java.lang.Exception
- (3383 ms) - [DEBUG] 2019-01-15 19:38:44,940 org.springframework.aop.framework.CglibAopProxy - Unable to apply any optimisations to advised method: public java.lang.Integer cn.itrip.service.labeldic.ItripLabelDicServiceImpl.itriptxModifyItripLabelDic(cn.itrip.beans.pojo.ItripLabelDic) throws java.lang.Exception
- (3384 ms) - [DEBUG] 2019-01-15 19:38:44,941 org.springframework.aop.framework.CglibAopProxy - Unable to apply any optimisations to advised method: public java.lang.Integer cn.itrip.service.labeldic.ItripLabelDicServiceImpl.itriptxAddItripLabelDic(cn.itrip.beans.pojo.ItripLabelDic) throws java.lang.Exception
- (3384 ms) - [DEBUG] 2019-01-15 19:38:44,941 org.springframework.aop.framework.CglibAopProxy - Found finalize() method - using NO_OVERRIDE
- (3384 ms) - [DEBUG] 2019-01-15 19:38:44,941 org.springframework.aop.framework.CglibAopProxy - Found 'equals' method: public boolean java.lang.Object.equals(java.lang.Object)
- (3384 ms) - [DEBUG] 2019-01-15 19:38:44,941 org.springframework.aop.framework.CglibAopProxy - Unable to apply any optimisations to advised method: public java.lang.String java.lang.Object.toString()
- (3384 ms) - [DEBUG] 2019-01-15 19:38:44,941 org.springframework.aop.framework.CglibAopProxy - Found 'hashCode' method: public native int java.lang.Object.hashCode()
- (3385 ms) - [DEBUG] 2019-01-15 19:38:44,942 org.springframework.aop.framework.CglibAopProxy - Unable to apply any optimisations to advised method: protected native java.lang.Object java.lang.Object.clone() throws java.lang.CloneNotSupportedException
- (3385 ms) - [DEBUG] 2019-01-15 19:38:44,942 org.springframework.aop.framework.CglibAopProxy - Method is declared on Advised interface: public abstract int org.springframework.aop.framework.Advised.indexOf(org.aopalliance.aop.Advice)
- (3385 ms) - [DEBUG] 2019-01-15 19:38:44,942 org.springframework.aop.framework.CglibAopProxy - Method is declared on Advised interface: public abstract int org.springframework.aop.framework.Advised.indexOf(org.springframework.aop.Advisor)
- (3385 ms) - [DEBUG] 2019-01-15 19:38:44,942 org.springframework.aop.framework.CglibAopProxy - Method is declared on Advised interface: public abstract boolean org.springframework.aop.framework.Advised.isFrozen()
- (3386 ms) - [DEBUG] 2019-01-15 19:38:44,943 org.springframework.aop.framework.CglibAopProxy - Method is declared on Advised interface: public abstract boolean org.springframework.aop.framework.Advised.isProxyTargetClass()
- (3386 ms) - [DEBUG] 2019-01-15 19:38:44,943 org.springframework.aop.framework.CglibAopProxy - Method is declared on Advised interface: public abstract void org.springframework.aop.framework.Advised.setTargetSource(org.springframework.aop.TargetSource)
- (3386 ms) - [DEBUG] 2019-01-15 19:38:44,943 org.springframework.aop.framework.CglibAopProxy - Method is declared on Advised interface: public abstract org.springframework.aop.Advisor[] org.springframework.aop.framework.Advised.getAdvisors()
- (3386 ms) - [DEBUG] 2019-01-15 19:38:44,943 org.springframework.aop.framework.CglibAopProxy - Method is declared on Advised interface: public abstract void org.springframework.aop.framework.Advised.addAdvisor(org.springframework.aop.Advisor) throws org.springframework.aop.framework.AopConfigException
- (3386 ms) - [DEBUG] 2019-01-15 19:38:44,943 org.springframework.aop.framework.CglibAopProxy - Method is declared on Advised interface: public abstract void org.springframework.aop.framework.Advised.addAdvisor(int,org.springframework.aop.Advisor) throws org.springframework.aop.framework.AopConfigException
- (3387 ms) - [DEBUG] 2019-01-15 19:38:44,944 org.springframework.aop.framework.CglibAopProxy - Method is declared on Advised interface: public abstract void org.springframework.aop.framework.Advised.setPreFiltered(boolean)
- (3387 ms) - [DEBUG] 2019-01-15 19:38:44,944 org.springframework.aop.framework.CglibAopProxy - Method is declared on Advised interface: public abstract org.springframework.aop.TargetSource org.springframework.aop.framework.Advised.getTargetSource()
- (3387 ms) - [DEBUG] 2019-01-15 19:38:44,944 org.springframework.aop.framework.CglibAopProxy - Method is declared on Advised interface: public abstract boolean org.springframework.aop.framework.Advised.isExposeProxy()
- (3387 ms) - [DEBUG] 2019-01-15 19:38:44,944 org.springframework.aop.framework.CglibAopProxy - Method is declared on Advised interface: public abstract void org.springframework.aop.framework.Advised.setExposeProxy(boolean)
- (3388 ms) - [DEBUG] 2019-01-15 19:38:44,945 org.springframework.aop.framework.CglibAopProxy - Method is declared on Advised interface: public abstract java.lang.Class[] org.springframework.aop.framework.Advised.getProxiedInterfaces()
- (3388 ms) - [DEBUG] 2019-01-15 19:38:44,945 org.springframework.aop.framework.CglibAopProxy - Method is declared on Advised interface: public abstract boolean org.springframework.aop.framework.Advised.isInterfaceProxied(java.lang.Class)
- (3388 ms) - [DEBUG] 2019-01-15 19:38:44,945 org.springframework.aop.framework.CglibAopProxy - Method is declared on Advised interface: public abstract java.lang.String org.springframework.aop.framework.Advised.toProxyConfigString()
- (3388 ms) - [DEBUG] 2019-01-15 19:38:44,945 org.springframework.aop.framework.CglibAopProxy - Method is declared on Advised interface: public abstract boolean org.springframework.aop.framework.Advised.removeAdvice(org.aopalliance.aop.Advice)
- (3388 ms) - [DEBUG] 2019-01-15 19:38:44,945 org.springframework.aop.framework.CglibAopProxy - Method is declared on Advised interface: public abstract boolean org.springframework.aop.framework.Advised.replaceAdvisor(org.springframework.aop.Advisor,org.springframework.aop.Advisor) throws org.springframework.aop.framework.AopConfigException
- (3389 ms) - [DEBUG] 2019-01-15 19:38:44,946 org.springframework.aop.framework.CglibAopProxy - Method is declared on Advised interface: public abstract void org.springframework.aop.framework.Advised.removeAdvisor(int) throws org.springframework.aop.framework.AopConfigException
- (3389 ms) - [DEBUG] 2019-01-15 19:38:44,946 org.springframework.aop.framework.CglibAopProxy - Method is declared on Advised interface: public abstract boolean org.springframework.aop.framework.Advised.removeAdvisor(org.springframework.aop.Advisor)
- (3389 ms) - [DEBUG] 2019-01-15 19:38:44,946 org.springframework.aop.framework.CglibAopProxy - Method is declared on Advised interface: public abstract boolean org.springframework.aop.framework.Advised.isPreFiltered()
- (3389 ms) - [DEBUG] 2019-01-15 19:38:44,946 org.springframework.aop.framework.CglibAopProxy - Method is declared on Advised interface: public abstract void org.springframework.aop.framework.Advised.addAdvice(int,org.aopalliance.aop.Advice) throws org.springframework.aop.framework.AopConfigException
- (3389 ms) - [DEBUG] 2019-01-15 19:38:44,946 org.springframework.aop.framework.CglibAopProxy - Method is declared on Advised interface: public abstract void org.springframework.aop.framework.Advised.addAdvice(org.aopalliance.aop.Advice) throws org.springframework.aop.framework.AopConfigException
- (3389 ms) - [DEBUG] 2019-01-15 19:38:44,946 org.springframework.aop.framework.CglibAopProxy - Method is declared on Advised interface: public abstract java.lang.Class org.springframework.aop.TargetClassAware.getTargetClass()
- (3400 ms) - [DEBUG] 2019-01-15 19:38:44,957 org.springframework.beans.factory.support.DefaultListableBeanFactory - Finished creating instance of bean 'itripLabelDicServiceImpl'
- (3400 ms) - [DEBUG] 2019-01-15 19:38:44,957 org.springframework.beans.factory.support.DefaultListableBeanFactory - Creating shared instance of singleton bean 'itripUserServiceImpl'
- (3401 ms) - [DEBUG] 2019-01-15 19:38:44,958 org.springframework.beans.factory.support.DefaultListableBeanFactory - Creating instance of bean 'itripUserServiceImpl'
- (3401 ms) - [DEBUG] 2019-01-15 19:38:44,958 org.springframework.beans.factory.support.DefaultListableBeanFactory - Returning cached instance of singleton bean 'org.springframework.aop.support.DefaultBeanFactoryPointcutAdvisor#0'
- (3402 ms) - [DEBUG] 2019-01-15 19:38:44,959 org.springframework.beans.factory.annotation.InjectionMetadata - Registered injected element on class [cn.itrip.service.user.ItripUserServiceImpl]: ResourceElement for private cn.itrip.dao.user.ItripUserMapper cn.itrip.service.user.ItripUserServiceImpl.itripUserMapper
- (3402 ms) - [DEBUG] 2019-01-15 19:38:44,959 org.springframework.beans.factory.support.DefaultListableBeanFactory - Eagerly caching bean 'itripUserServiceImpl' to allow for resolving potential circular references
- (3404 ms) - [DEBUG] 2019-01-15 19:38:44,961 org.springframework.beans.factory.annotation.InjectionMetadata - Processing injected element of bean 'itripUserServiceImpl': ResourceElement for private cn.itrip.dao.user.ItripUserMapper cn.itrip.service.user.ItripUserServiceImpl.itripUserMapper
- (3405 ms) - [DEBUG] 2019-01-15 19:38:44,962 org.springframework.beans.factory.support.DefaultListableBeanFactory - Returning cached instance of singleton bean 'itripUserMapper'
- (3407 ms) - [DEBUG] 2019-01-15 19:38:44,964 org.springframework.beans.factory.support.DefaultListableBeanFactory - Returning cached instance of singleton bean 'org.springframework.aop.support.DefaultBeanFactoryPointcutAdvisor#0'
- (3416 ms) - [DEBUG] 2019-01-15 19:38:44,973 org.springframework.beans.factory.support.DefaultListableBeanFactory - Returning cached instance of singleton bean 'org.springframework.aop.support.DefaultBeanFactoryPointcutAdvisor#0'
- (3420 ms) - [DEBUG] 2019-01-15 19:38:44,977 org.springframework.beans.factory.support.DefaultListableBeanFactory - Returning cached instance of singleton bean 'org.springframework.aop.support.DefaultBeanFactoryPointcutAdvisor#0'
- (3420 ms) - [DEBUG] 2019-01-15 19:38:44,977 org.springframework.beans.factory.support.DefaultListableBeanFactory - Returning cached instance of singleton bean 'org.springframework.aop.support.DefaultBeanFactoryPointcutAdvisor#0'
- (3421 ms) - [DEBUG] 2019-01-15 19:38:44,978 org.springframework.aop.aspectj.annotation.AnnotationAwareAspectJAutoProxyCreator - Creating implicit proxy for bean 'itripUserServiceImpl' with 0 common interceptors and 2 specific interceptors
- (3421 ms) - [DEBUG] 2019-01-15 19:38:44,978 org.springframework.aop.framework.CglibAopProxy - Creating CGLIB proxy: target source is SingletonTargetSource for target object [cn.itrip.service.user.ItripUserServiceImpl@1d3ac898]
- (3424 ms) - [DEBUG] 2019-01-15 19:38:44,981 org.springframework.aop.framework.CglibAopProxy - Unable to apply any optimisations to advised method: public cn.itrip.beans.pojo.ItripUser cn.itrip.service.user.ItripUserServiceImpl.getItripUserById(java.lang.Long) throws java.lang.Exception
- (3424 ms) - [DEBUG] 2019-01-15 19:38:44,981 org.springframework.aop.framework.CglibAopProxy - Unable to apply any optimisations to advised method: public java.lang.Integer cn.itrip.service.user.ItripUserServiceImpl.itriptxAddItripUser(cn.itrip.beans.pojo.ItripUser) throws java.lang.Exception
- (3424 ms) - [DEBUG] 2019-01-15 19:38:44,981 org.springframework.aop.framework.CglibAopProxy - Unable to apply any optimisations to advised method: public java.util.List cn.itrip.service.user.ItripUserServiceImpl.getItripUserListByMap(java.util.Map) throws java.lang.Exception
- (3425 ms) - [DEBUG] 2019-01-15 19:38:44,982 org.springframework.aop.framework.CglibAopProxy - Unable to apply any optimisations to advised method: public java.lang.Integer cn.itrip.service.user.ItripUserServiceImpl.getItripUserCountByMap(java.util.Map) throws java.lang.Exception
- (3425 ms) - [DEBUG] 2019-01-15 19:38:44,982 org.springframework.aop.framework.CglibAopProxy - Unable to apply any optimisations to advised method: public java.lang.Integer cn.itrip.service.user.ItripUserServiceImpl.itriptxDeleteItripUserById(java.lang.Long) throws java.lang.Exception
- (3425 ms) - [DEBUG] 2019-01-15 19:38:44,982 org.springframework.aop.framework.CglibAopProxy - Unable to apply any optimisations to advised method: public java.lang.Integer cn.itrip.service.user.ItripUserServiceImpl.itriptxModifyItripUser(cn.itrip.beans.pojo.ItripUser) throws java.lang.Exception
- (3426 ms) - [DEBUG] 2019-01-15 19:38:44,983 org.springframework.aop.framework.CglibAopProxy - Unable to apply any optimisations to advised method: public cn.itrip.common.Page cn.itrip.service.user.ItripUserServiceImpl.queryItripUserPageByMap(java.util.Map,java.lang.Integer,java.lang.Integer) throws java.lang.Exception
- (3427 ms) - [DEBUG] 2019-01-15 19:38:44,984 org.springframework.aop.framework.CglibAopProxy - Found finalize() method - using NO_OVERRIDE
- (3428 ms) - [DEBUG] 2019-01-15 19:38:44,985 org.springframework.aop.framework.CglibAopProxy - Found 'equals' method: public boolean java.lang.Object.equals(java.lang.Object)
- (3428 ms) - [DEBUG] 2019-01-15 19:38:44,985 org.springframework.aop.framework.CglibAopProxy - Unable to apply any optimisations to advised method: public java.lang.String java.lang.Object.toString()
- (3428 ms) - [DEBUG] 2019-01-15 19:38:44,985 org.springframework.aop.framework.CglibAopProxy - Found 'hashCode' method: public native int java.lang.Object.hashCode()
- (3429 ms) - [DEBUG] 2019-01-15 19:38:44,986 org.springframework.aop.framework.CglibAopProxy - Unable to apply any optimisations to advised method: protected native java.lang.Object java.lang.Object.clone() throws java.lang.CloneNotSupportedException
- (3429 ms) - [DEBUG] 2019-01-15 19:38:44,986 org.springframework.aop.framework.CglibAopProxy - Method is declared on Advised interface: public abstract int org.springframework.aop.framework.Advised.indexOf(org.aopalliance.aop.Advice)
- (3430 ms) - [DEBUG] 2019-01-15 19:38:44,987 org.springframework.aop.framework.CglibAopProxy - Method is declared on Advised interface: public abstract int org.springframework.aop.framework.Advised.indexOf(org.springframework.aop.Advisor)
- (3430 ms) - [DEBUG] 2019-01-15 19:38:44,987 org.springframework.aop.framework.CglibAopProxy - Method is declared on Advised interface: public abstract boolean org.springframework.aop.framework.Advised.isFrozen()
- (3430 ms) - [DEBUG] 2019-01-15 19:38:44,987 org.springframework.aop.framework.CglibAopProxy - Method is declared on Advised interface: public abstract boolean org.springframework.aop.framework.Advised.isProxyTargetClass()
- (3438 ms) - [DEBUG] 2019-01-15 19:38:44,995 org.springframework.aop.framework.CglibAopProxy - Method is declared on Advised interface: public abstract void org.springframework.aop.framework.Advised.setTargetSource(org.springframework.aop.TargetSource)
- (3438 ms) - [DEBUG] 2019-01-15 19:38:44,995 org.springframework.aop.framework.CglibAopProxy - Method is declared on Advised interface: public abstract org.springframework.aop.Advisor[] org.springframework.aop.framework.Advised.getAdvisors()
- (3439 ms) - [DEBUG] 2019-01-15 19:38:44,996 org.springframework.aop.framework.CglibAopProxy - Method is declared on Advised interface: public abstract void org.springframework.aop.framework.Advised.addAdvisor(org.springframework.aop.Advisor) throws org.springframework.aop.framework.AopConfigException
- (3439 ms) - [DEBUG] 2019-01-15 19:38:44,996 org.springframework.aop.framework.CglibAopProxy - Method is declared on Advised interface: public abstract void org.springframework.aop.framework.Advised.addAdvisor(int,org.springframework.aop.Advisor) throws org.springframework.aop.framework.AopConfigException
- (3439 ms) - [DEBUG] 2019-01-15 19:38:44,996 org.springframework.aop.framework.CglibAopProxy - Method is declared on Advised interface: public abstract void org.springframework.aop.framework.Advised.setPreFiltered(boolean)
- (3439 ms) - [DEBUG] 2019-01-15 19:38:44,996 org.springframework.aop.framework.CglibAopProxy - Method is declared on Advised interface: public abstract org.springframework.aop.TargetSource org.springframework.aop.framework.Advised.getTargetSource()
- (3439 ms) - [DEBUG] 2019-01-15 19:38:44,996 org.springframework.aop.framework.CglibAopProxy - Method is declared on Advised interface: public abstract boolean org.springframework.aop.framework.Advised.isExposeProxy()
- (3440 ms) - [DEBUG] 2019-01-15 19:38:44,997 org.springframework.aop.framework.CglibAopProxy - Method is declared on Advised interface: public abstract void org.springframework.aop.framework.Advised.setExposeProxy(boolean)
- (3440 ms) - [DEBUG] 2019-01-15 19:38:44,997 org.springframework.aop.framework.CglibAopProxy - Method is declared on Advised interface: public abstract java.lang.Class[] org.springframework.aop.framework.Advised.getProxiedInterfaces()
- (3440 ms) - [DEBUG] 2019-01-15 19:38:44,997 org.springframework.aop.framework.CglibAopProxy - Method is declared on Advised interface: public abstract boolean org.springframework.aop.framework.Advised.isInterfaceProxied(java.lang.Class)
- (3440 ms) - [DEBUG] 2019-01-15 19:38:44,997 org.springframework.aop.framework.CglibAopProxy - Method is declared on Advised interface: public abstract java.lang.String org.springframework.aop.framework.Advised.toProxyConfigString()
- (3440 ms) - [DEBUG] 2019-01-15 19:38:44,997 org.springframework.aop.framework.CglibAopProxy - Method is declared on Advised interface: public abstract boolean org.springframework.aop.framework.Advised.removeAdvice(org.aopalliance.aop.Advice)
- (3440 ms) - [DEBUG] 2019-01-15 19:38:44,997 org.springframework.aop.framework.CglibAopProxy - Method is declared on Advised interface: public abstract boolean org.springframework.aop.framework.Advised.replaceAdvisor(org.springframework.aop.Advisor,org.springframework.aop.Advisor) throws org.springframework.aop.framework.AopConfigException
- (3441 ms) - [DEBUG] 2019-01-15 19:38:44,998 org.springframework.aop.framework.CglibAopProxy - Method is declared on Advised interface: public abstract void org.springframework.aop.framework.Advised.removeAdvisor(int) throws org.springframework.aop.framework.AopConfigException
- (3441 ms) - [DEBUG] 2019-01-15 19:38:44,998 org.springframework.aop.framework.CglibAopProxy - Method is declared on Advised interface: public abstract boolean org.springframework.aop.framework.Advised.removeAdvisor(org.springframework.aop.Advisor)
- (3441 ms) - [DEBUG] 2019-01-15 19:38:44,998 org.springframework.aop.framework.CglibAopProxy - Method is declared on Advised interface: public abstract boolean org.springframework.aop.framework.Advised.isPreFiltered()
- (3441 ms) - [DEBUG] 2019-01-15 19:38:44,998 org.springframework.aop.framework.CglibAopProxy - Method is declared on Advised interface: public abstract void org.springframework.aop.framework.Advised.addAdvice(int,org.aopalliance.aop.Advice) throws org.springframework.aop.framework.AopConfigException
- (3441 ms) - [DEBUG] 2019-01-15 19:38:44,998 org.springframework.aop.framework.CglibAopProxy - Method is declared on Advised interface: public abstract void org.springframework.aop.framework.Advised.addAdvice(org.aopalliance.aop.Advice) throws org.springframework.aop.framework.AopConfigException
- (3442 ms) - [DEBUG] 2019-01-15 19:38:44,999 org.springframework.aop.framework.CglibAopProxy - Method is declared on Advised interface: public abstract java.lang.Class org.springframework.aop.TargetClassAware.getTargetClass()
- (3454 ms) - [DEBUG] 2019-01-15 19:38:45,011 org.springframework.beans.factory.support.DefaultListableBeanFactory - Finished creating instance of bean 'itripUserServiceImpl'
- (3454 ms) - [DEBUG] 2019-01-15 19:38:45,011 org.springframework.beans.factory.support.DefaultListableBeanFactory - Creating shared instance of singleton bean 'itripUserLinkUserServiceImpl'
- (3454 ms) - [DEBUG] 2019-01-15 19:38:45,011 org.springframework.beans.factory.support.DefaultListableBeanFactory - Creating instance of bean 'itripUserLinkUserServiceImpl'
- (3455 ms) - [DEBUG] 2019-01-15 19:38:45,012 org.springframework.beans.factory.support.DefaultListableBeanFactory - Returning cached instance of singleton bean 'org.springframework.aop.support.DefaultBeanFactoryPointcutAdvisor#0'
- (3455 ms) - [DEBUG] 2019-01-15 19:38:45,012 org.springframework.beans.factory.annotation.InjectionMetadata - Registered injected element on class [cn.itrip.service.userlinkuser.ItripUserLinkUserServiceImpl]: ResourceElement for private cn.itrip.dao.userlinkuser.ItripUserLinkUserMapper cn.itrip.service.userlinkuser.ItripUserLinkUserServiceImpl.itripUserLinkUserMapper
- (3456 ms) - [DEBUG] 2019-01-15 19:38:45,013 org.springframework.beans.factory.support.DefaultListableBeanFactory - Eagerly caching bean 'itripUserLinkUserServiceImpl' to allow for resolving potential circular references
- (3459 ms) - [DEBUG] 2019-01-15 19:38:45,016 org.springframework.beans.factory.annotation.InjectionMetadata - Processing injected element of bean 'itripUserLinkUserServiceImpl': ResourceElement for private cn.itrip.dao.userlinkuser.ItripUserLinkUserMapper cn.itrip.service.userlinkuser.ItripUserLinkUserServiceImpl.itripUserLinkUserMapper
- (3459 ms) - [DEBUG] 2019-01-15 19:38:45,016 org.springframework.beans.factory.support.DefaultListableBeanFactory - Returning cached instance of singleton bean 'itripUserLinkUserMapper'
- (3461 ms) - [DEBUG] 2019-01-15 19:38:45,018 org.springframework.beans.factory.support.DefaultListableBeanFactory - Returning cached instance of singleton bean 'org.springframework.aop.support.DefaultBeanFactoryPointcutAdvisor#0'
- (3461 ms) - [DEBUG] 2019-01-15 19:38:45,018 org.springframework.beans.factory.support.DefaultListableBeanFactory - Returning cached instance of singleton bean 'org.springframework.aop.support.DefaultBeanFactoryPointcutAdvisor#0'
- (3514 ms) - [DEBUG] 2019-01-15 19:38:45,071 org.springframework.beans.factory.support.DefaultListableBeanFactory - Returning cached instance of singleton bean 'org.springframework.aop.support.DefaultBeanFactoryPointcutAdvisor#0'
- (3515 ms) - [DEBUG] 2019-01-15 19:38:45,072 org.springframework.beans.factory.support.DefaultListableBeanFactory - Returning cached instance of singleton bean 'org.springframework.aop.support.DefaultBeanFactoryPointcutAdvisor#0'
- (3523 ms) - [DEBUG] 2019-01-15 19:38:45,080 org.springframework.aop.aspectj.annotation.AnnotationAwareAspectJAutoProxyCreator - Creating implicit proxy for bean 'itripUserLinkUserServiceImpl' with 0 common interceptors and 2 specific interceptors
- (3523 ms) - [DEBUG] 2019-01-15 19:38:45,080 org.springframework.aop.framework.CglibAopProxy - Creating CGLIB proxy: target source is SingletonTargetSource for target object [cn.itrip.service.userlinkuser.ItripUserLinkUserServiceImpl@56f0cc85]
- (3525 ms) - [DEBUG] 2019-01-15 19:38:45,082 org.springframework.aop.framework.CglibAopProxy - Unable to apply any optimisations to advised method: public cn.itrip.beans.pojo.ItripUserLinkUser cn.itrip.service.userlinkuser.ItripUserLinkUserServiceImpl.getItripUserLinkUserById(java.lang.Long) throws java.lang.Exception
- (3525 ms) - [DEBUG] 2019-01-15 19:38:45,082 org.springframework.aop.framework.CglibAopProxy - Unable to apply any optimisations to advised method: public java.util.List cn.itrip.service.userlinkuser.ItripUserLinkUserServiceImpl.getItripUserLinkUserListByMap(java.util.Map) throws java.lang.Exception
- (3525 ms) - [DEBUG] 2019-01-15 19:38:45,082 org.springframework.aop.framework.CglibAopProxy - Unable to apply any optimisations to advised method: public java.lang.Integer cn.itrip.service.userlinkuser.ItripUserLinkUserServiceImpl.getItripUserLinkUserCountByMap(java.util.Map) throws java.lang.Exception
- (3526 ms) - [DEBUG] 2019-01-15 19:38:45,083 org.springframework.aop.framework.CglibAopProxy - Unable to apply any optimisations to advised method: public java.lang.Integer cn.itrip.service.userlinkuser.ItripUserLinkUserServiceImpl.addItripUserLinkUser(cn.itrip.beans.pojo.ItripUserLinkUser) throws java.lang.Exception
- (3526 ms) - [DEBUG] 2019-01-15 19:38:45,083 org.springframework.aop.framework.CglibAopProxy - Unable to apply any optimisations to advised method: public java.lang.Integer cn.itrip.service.userlinkuser.ItripUserLinkUserServiceImpl.modifyItripUserLinkUser(cn.itrip.beans.pojo.ItripUserLinkUser) throws java.lang.Exception
- (3526 ms) - [DEBUG] 2019-01-15 19:38:45,083 org.springframework.aop.framework.CglibAopProxy - Unable to apply any optimisations to advised method: public java.util.List cn.itrip.service.userlinkuser.ItripUserLinkUserServiceImpl.getItripUserLinkUserByUserId(java.lang.Long) throws java.lang.Exception
- (3526 ms) - [DEBUG] 2019-01-15 19:38:45,083 org.springframework.aop.framework.CglibAopProxy - Unable to apply any optimisations to advised method: public cn.itrip.common.Page cn.itrip.service.userlinkuser.ItripUserLinkUserServiceImpl.queryItripUserLinkUserPageByMap(java.util.Map,java.lang.Integer,java.lang.Integer) throws java.lang.Exception
- (3527 ms) - [DEBUG] 2019-01-15 19:38:45,084 org.springframework.aop.framework.CglibAopProxy - Unable to apply any optimisations to advised method: public java.lang.Integer cn.itrip.service.userlinkuser.ItripUserLinkUserServiceImpl.deleteItripUserLinkUserByIds(java.lang.Long[]) throws java.lang.Exception
- (3527 ms) - [DEBUG] 2019-01-15 19:38:45,084 org.springframework.aop.framework.CglibAopProxy - Found finalize() method - using NO_OVERRIDE
- (3527 ms) - [DEBUG] 2019-01-15 19:38:45,084 org.springframework.aop.framework.CglibAopProxy - Found 'equals' method: public boolean java.lang.Object.equals(java.lang.Object)
- (3528 ms) - [DEBUG] 2019-01-15 19:38:45,085 org.springframework.aop.framework.CglibAopProxy - Unable to apply any optimisations to advised method: public java.lang.String java.lang.Object.toString()
- (3528 ms) - [DEBUG] 2019-01-15 19:38:45,085 org.springframework.aop.framework.CglibAopProxy - Found 'hashCode' method: public native int java.lang.Object.hashCode()
- (3528 ms) - [DEBUG] 2019-01-15 19:38:45,085 org.springframework.aop.framework.CglibAopProxy - Unable to apply any optimisations to advised method: protected native java.lang.Object java.lang.Object.clone() throws java.lang.CloneNotSupportedException
- (3528 ms) - [DEBUG] 2019-01-15 19:38:45,085 org.springframework.aop.framework.CglibAopProxy - Method is declared on Advised interface: public abstract int org.springframework.aop.framework.Advised.indexOf(org.aopalliance.aop.Advice)
- (3528 ms) - [DEBUG] 2019-01-15 19:38:45,085 org.springframework.aop.framework.CglibAopProxy - Method is declared on Advised interface: public abstract int org.springframework.aop.framework.Advised.indexOf(org.springframework.aop.Advisor)
- (3528 ms) - [DEBUG] 2019-01-15 19:38:45,085 org.springframework.aop.framework.CglibAopProxy - Method is declared on Advised interface: public abstract boolean org.springframework.aop.framework.Advised.isFrozen()
- (3529 ms) - [DEBUG] 2019-01-15 19:38:45,086 org.springframework.aop.framework.CglibAopProxy - Method is declared on Advised interface: public abstract boolean org.springframework.aop.framework.Advised.isProxyTargetClass()
- (3529 ms) - [DEBUG] 2019-01-15 19:38:45,086 org.springframework.aop.framework.CglibAopProxy - Method is declared on Advised interface: public abstract void org.springframework.aop.framework.Advised.setTargetSource(org.springframework.aop.TargetSource)
- (3529 ms) - [DEBUG] 2019-01-15 19:38:45,086 org.springframework.aop.framework.CglibAopProxy - Method is declared on Advised interface: public abstract org.springframework.aop.Advisor[] org.springframework.aop.framework.Advised.getAdvisors()
- (3529 ms) - [DEBUG] 2019-01-15 19:38:45,086 org.springframework.aop.framework.CglibAopProxy - Method is declared on Advised interface: public abstract void org.springframework.aop.framework.Advised.addAdvisor(org.springframework.aop.Advisor) throws org.springframework.aop.framework.AopConfigException
- (3529 ms) - [DEBUG] 2019-01-15 19:38:45,086 org.springframework.aop.framework.CglibAopProxy - Method is declared on Advised interface: public abstract void org.springframework.aop.framework.Advised.addAdvisor(int,org.springframework.aop.Advisor) throws org.springframework.aop.framework.AopConfigException
- (3530 ms) - [DEBUG] 2019-01-15 19:38:45,087 org.springframework.aop.framework.CglibAopProxy - Method is declared on Advised interface: public abstract void org.springframework.aop.framework.Advised.setPreFiltered(boolean)
- (3530 ms) - [DEBUG] 2019-01-15 19:38:45,087 org.springframework.aop.framework.CglibAopProxy - Method is declared on Advised interface: public abstract org.springframework.aop.TargetSource org.springframework.aop.framework.Advised.getTargetSource()
- (3530 ms) - [DEBUG] 2019-01-15 19:38:45,087 org.springframework.aop.framework.CglibAopProxy - Method is declared on Advised interface: public abstract boolean org.springframework.aop.framework.Advised.isExposeProxy()
- (3530 ms) - [DEBUG] 2019-01-15 19:38:45,087 org.springframework.aop.framework.CglibAopProxy - Method is declared on Advised interface: public abstract void org.springframework.aop.framework.Advised.setExposeProxy(boolean)
- (3530 ms) - [DEBUG] 2019-01-15 19:38:45,087 org.springframework.aop.framework.CglibAopProxy - Method is declared on Advised interface: public abstract java.lang.Class[] org.springframework.aop.framework.Advised.getProxiedInterfaces()
- (3530 ms) - [DEBUG] 2019-01-15 19:38:45,087 org.springframework.aop.framework.CglibAopProxy - Method is declared on Advised interface: public abstract boolean org.springframework.aop.framework.Advised.isInterfaceProxied(java.lang.Class)
- (3531 ms) - [DEBUG] 2019-01-15 19:38:45,088 org.springframework.aop.framework.CglibAopProxy - Method is declared on Advised interface: public abstract java.lang.String org.springframework.aop.framework.Advised.toProxyConfigString()
- (3531 ms) - [DEBUG] 2019-01-15 19:38:45,088 org.springframework.aop.framework.CglibAopProxy - Method is declared on Advised interface: public abstract boolean org.springframework.aop.framework.Advised.removeAdvice(org.aopalliance.aop.Advice)
- (3531 ms) - [DEBUG] 2019-01-15 19:38:45,088 org.springframework.aop.framework.CglibAopProxy - Method is declared on Advised interface: public abstract boolean org.springframework.aop.framework.Advised.replaceAdvisor(org.springframework.aop.Advisor,org.springframework.aop.Advisor) throws org.springframework.aop.framework.AopConfigException
- (3531 ms) - [DEBUG] 2019-01-15 19:38:45,088 org.springframework.aop.framework.CglibAopProxy - Method is declared on Advised interface: public abstract void org.springframework.aop.framework.Advised.removeAdvisor(int) throws org.springframework.aop.framework.AopConfigException
- (3531 ms) - [DEBUG] 2019-01-15 19:38:45,088 org.springframework.aop.framework.CglibAopProxy - Method is declared on Advised interface: public abstract boolean org.springframework.aop.framework.Advised.removeAdvisor(org.springframework.aop.Advisor)
- (3531 ms) - [DEBUG] 2019-01-15 19:38:45,088 org.springframework.aop.framework.CglibAopProxy - Method is declared on Advised interface: public abstract boolean org.springframework.aop.framework.Advised.isPreFiltered()
- (3550 ms) - [DEBUG] 2019-01-15 19:38:45,107 org.springframework.aop.framework.CglibAopProxy - Method is declared on Advised interface: public abstract void org.springframework.aop.framework.Advised.addAdvice(int,org.aopalliance.aop.Advice) throws org.springframework.aop.framework.AopConfigException
- (3551 ms) - [DEBUG] 2019-01-15 19:38:45,108 org.springframework.aop.framework.CglibAopProxy - Method is declared on Advised interface: public abstract void org.springframework.aop.framework.Advised.addAdvice(org.aopalliance.aop.Advice) throws org.springframework.aop.framework.AopConfigException
- (3552 ms) - [DEBUG] 2019-01-15 19:38:45,109 org.springframework.aop.framework.CglibAopProxy - Method is declared on Advised interface: public abstract java.lang.Class org.springframework.aop.TargetClassAware.getTargetClass()
- (3559 ms) - [DEBUG] 2019-01-15 19:38:45,116 org.springframework.beans.factory.support.DefaultListableBeanFactory - Finished creating instance of bean 'itripUserLinkUserServiceImpl'
- (3559 ms) - [DEBUG] 2019-01-15 19:38:45,116 org.springframework.beans.factory.support.DefaultListableBeanFactory - Returning cached instance of singleton bean 'org.springframework.context.annotation.internalConfigurationAnnotationProcessor'
- (3559 ms) - [DEBUG] 2019-01-15 19:38:45,116 org.springframework.beans.factory.support.DefaultListableBeanFactory - Returning cached instance of singleton bean 'org.springframework.context.annotation.internalAutowiredAnnotationProcessor'
- (3559 ms) - [DEBUG] 2019-01-15 19:38:45,116 org.springframework.beans.factory.support.DefaultListableBeanFactory - Returning cached instance of singleton bean 'org.springframework.context.annotation.internalRequiredAnnotationProcessor'
- (3560 ms) - [DEBUG] 2019-01-15 19:38:45,117 org.springframework.beans.factory.support.DefaultListableBeanFactory - Returning cached instance of singleton bean 'org.springframework.context.annotation.internalCommonAnnotationProcessor'
- (3560 ms) - [DEBUG] 2019-01-15 19:38:45,117 org.springframework.beans.factory.support.DefaultListableBeanFactory - Returning cached instance of singleton bean 'org.springframework.context.support.PropertySourcesPlaceholderConfigurer#0'
- (3560 ms) - [DEBUG] 2019-01-15 19:38:45,117 org.springframework.beans.factory.support.DefaultListableBeanFactory - Returning cached instance of singleton bean 'dataSource'
- (3560 ms) - [DEBUG] 2019-01-15 19:38:45,117 org.springframework.beans.factory.support.DefaultListableBeanFactory - Returning cached instance of singleton bean 'txManager'
- (3560 ms) - [DEBUG] 2019-01-15 19:38:45,117 org.springframework.beans.factory.support.DefaultListableBeanFactory - Returning cached instance of singleton bean 'sqlSessionFactoryBean'
- (3561 ms) - [DEBUG] 2019-01-15 19:38:45,118 org.springframework.beans.factory.support.DefaultListableBeanFactory - Returning cached instance of singleton bean 'org.springframework.aop.config.internalAutoProxyCreator'
- (3561 ms) - [DEBUG] 2019-01-15 19:38:45,118 org.springframework.beans.factory.support.DefaultListableBeanFactory - Returning cached instance of singleton bean 'org.springframework.aop.support.DefaultBeanFactoryPointcutAdvisor#0'
- (3561 ms) - [DEBUG] 2019-01-15 19:38:45,118 org.springframework.beans.factory.support.DefaultListableBeanFactory - Returning cached instance of singleton bean 'myAdvice'
- (3561 ms) - [DEBUG] 2019-01-15 19:38:45,118 org.springframework.beans.factory.support.DefaultListableBeanFactory - Returning cached instance of singleton bean 'org.mybatis.spring.mapper.MapperScannerConfigurer#0'
- (3562 ms) - [DEBUG] 2019-01-15 19:38:45,119 org.springframework.beans.factory.support.DefaultListableBeanFactory - Creating shared instance of singleton bean 'jedisPoolConfig'
- (3562 ms) - [DEBUG] 2019-01-15 19:38:45,119 org.springframework.beans.factory.support.DefaultListableBeanFactory - Creating instance of bean 'jedisPoolConfig'
- (3562 ms) - [DEBUG] 2019-01-15 19:38:45,119 org.springframework.beans.factory.support.DefaultListableBeanFactory - Returning cached instance of singleton bean 'org.springframework.aop.support.DefaultBeanFactoryPointcutAdvisor#0'
- (3564 ms) - [DEBUG] 2019-01-15 19:38:45,121 org.springframework.beans.factory.support.DefaultListableBeanFactory - Eagerly caching bean 'jedisPoolConfig' to allow for resolving potential circular references
- (3571 ms) - [DEBUG] 2019-01-15 19:38:45,128 org.springframework.beans.factory.support.DefaultListableBeanFactory - Returning cached instance of singleton bean 'org.springframework.aop.support.DefaultBeanFactoryPointcutAdvisor#0'
- (3571 ms) - [DEBUG] 2019-01-15 19:38:45,128 org.springframework.beans.factory.support.DefaultListableBeanFactory - Returning cached instance of singleton bean 'org.springframework.aop.support.DefaultBeanFactoryPointcutAdvisor#0'
- (3574 ms) - [DEBUG] 2019-01-15 19:38:45,131 org.springframework.beans.factory.support.DefaultListableBeanFactory - Finished creating instance of bean 'jedisPoolConfig'
- (3574 ms) - [DEBUG] 2019-01-15 19:38:45,131 org.springframework.beans.factory.support.DefaultListableBeanFactory - Creating shared instance of singleton bean 'jedisPool'
- (3574 ms) - [DEBUG] 2019-01-15 19:38:45,131 org.springframework.beans.factory.support.DefaultListableBeanFactory - Creating instance of bean 'jedisPool'
- (3575 ms) - [DEBUG] 2019-01-15 19:38:45,132 org.springframework.beans.factory.support.DefaultListableBeanFactory - Returning cached instance of singleton bean 'org.springframework.aop.support.DefaultBeanFactoryPointcutAdvisor#0'
- (3581 ms) - [DEBUG] 2019-01-15 19:38:45,138 org.springframework.beans.factory.support.DefaultListableBeanFactory - Returning cached instance of singleton bean 'jedisPoolConfig'
- (3589 ms) - [DEBUG] 2019-01-15 19:38:45,146 org.springframework.beans.factory.support.DefaultListableBeanFactory - Eagerly caching bean 'jedisPool' to allow for resolving potential circular references
- (3595 ms) - [DEBUG] 2019-01-15 19:38:45,152 org.springframework.beans.factory.support.DefaultListableBeanFactory - Returning cached instance of singleton bean 'org.springframework.aop.support.DefaultBeanFactoryPointcutAdvisor#0'
- (3595 ms) - [DEBUG] 2019-01-15 19:38:45,152 org.springframework.beans.factory.support.DefaultListableBeanFactory - Returning cached instance of singleton bean 'org.springframework.aop.support.DefaultBeanFactoryPointcutAdvisor#0'
- (3596 ms) - [DEBUG] 2019-01-15 19:38:45,153 org.springframework.beans.factory.support.DefaultListableBeanFactory - Finished creating instance of bean 'jedisPool'
- (3597 ms) - [DEBUG] 2019-01-15 19:38:45,154 org.springframework.beans.factory.support.DefaultListableBeanFactory - Creating shared instance of singleton bean 'redisAPI'
- (3597 ms) - [DEBUG] 2019-01-15 19:38:45,154 org.springframework.beans.factory.support.DefaultListableBeanFactory - Creating instance of bean 'redisAPI'
- (3597 ms) - [DEBUG] 2019-01-15 19:38:45,154 org.springframework.beans.factory.support.DefaultListableBeanFactory - Returning cached instance of singleton bean 'org.springframework.aop.support.DefaultBeanFactoryPointcutAdvisor#0'
- (3598 ms) - [DEBUG] 2019-01-15 19:38:45,155 org.springframework.beans.factory.support.DefaultListableBeanFactory - Eagerly caching bean 'redisAPI' to allow for resolving potential circular references
- (3599 ms) - [DEBUG] 2019-01-15 19:38:45,156 org.springframework.beans.factory.support.DefaultListableBeanFactory - Returning cached instance of singleton bean 'jedisPool'
- (3600 ms) - [DEBUG] 2019-01-15 19:38:45,157 org.springframework.beans.factory.support.DefaultListableBeanFactory - Returning cached instance of singleton bean 'org.springframework.aop.support.DefaultBeanFactoryPointcutAdvisor#0'
- (3600 ms) - [DEBUG] 2019-01-15 19:38:45,157 org.springframework.beans.factory.support.DefaultListableBeanFactory - Returning cached instance of singleton bean 'org.springframework.aop.support.DefaultBeanFactoryPointcutAdvisor#0'
- (3601 ms) - [DEBUG] 2019-01-15 19:38:45,158 org.springframework.beans.factory.support.DefaultListableBeanFactory - Finished creating instance of bean 'redisAPI'
- (3601 ms) - [DEBUG] 2019-01-15 19:38:45,158 org.springframework.beans.factory.support.DefaultListableBeanFactory - Creating shared instance of singleton bean 'validationToken'
- (3601 ms) - [DEBUG] 2019-01-15 19:38:45,158 org.springframework.beans.factory.support.DefaultListableBeanFactory - Creating instance of bean 'validationToken'
- (3602 ms) - [DEBUG] 2019-01-15 19:38:45,159 org.springframework.beans.factory.support.DefaultListableBeanFactory - Returning cached instance of singleton bean 'org.springframework.aop.support.DefaultBeanFactoryPointcutAdvisor#0'
- (3602 ms) - [DEBUG] 2019-01-15 19:38:45,159 org.springframework.beans.factory.support.DefaultListableBeanFactory - Eagerly caching bean 'validationToken' to allow for resolving potential circular references
- (3605 ms) - [DEBUG] 2019-01-15 19:38:45,162 org.springframework.beans.factory.support.DefaultListableBeanFactory - Returning cached instance of singleton bean 'redisAPI'
- (3606 ms) - [DEBUG] 2019-01-15 19:38:45,163 org.springframework.beans.factory.support.DefaultListableBeanFactory - Returning cached instance of singleton bean 'org.springframework.aop.support.DefaultBeanFactoryPointcutAdvisor#0'
- (3606 ms) - [DEBUG] 2019-01-15 19:38:45,163 org.springframework.beans.factory.support.DefaultListableBeanFactory - Returning cached instance of singleton bean 'org.springframework.aop.support.DefaultBeanFactoryPointcutAdvisor#0'
- (3606 ms) - [DEBUG] 2019-01-15 19:38:45,163 org.springframework.beans.factory.support.DefaultListableBeanFactory - Finished creating instance of bean 'validationToken'
- (3607 ms) - [DEBUG] 2019-01-15 19:38:45,164 org.springframework.beans.factory.support.DefaultListableBeanFactory - Returning cached instance of singleton bean 'org.springframework.context.annotation.ConfigurationClassPostProcessor.importAwareProcessor'
- (3607 ms) - [DEBUG] 2019-01-15 19:38:45,164 org.springframework.beans.factory.support.DefaultListableBeanFactory - Returning cached instance of singleton bean 'org.springframework.context.annotation.ConfigurationClassPostProcessor.enhancedConfigurationProcessor'
- (3607 ms) - [DEBUG] 2019-01-15 19:38:45,164 org.springframework.beans.factory.support.DefaultListableBeanFactory - Returning cached instance of singleton bean 'itripHotMapper'
- (3607 ms) - [DEBUG] 2019-01-15 19:38:45,164 org.springframework.beans.factory.support.DefaultListableBeanFactory - Returning cached instance of singleton bean 'itripAreaDicMapper'
- (3607 ms) - [DEBUG] 2019-01-15 19:38:45,164 org.springframework.beans.factory.support.DefaultListableBeanFactory - Returning cached instance of singleton bean 'itripCommentMapper'
- (3607 ms) - [DEBUG] 2019-01-15 19:38:45,164 org.springframework.beans.factory.support.DefaultListableBeanFactory - Returning cached instance of singleton bean 'itripHotelMapper'
- (3607 ms) - [DEBUG] 2019-01-15 19:38:45,164 org.springframework.beans.factory.support.DefaultListableBeanFactory - Returning cached instance of singleton bean 'itripHotelOrderMapper'
- (3607 ms) - [DEBUG] 2019-01-15 19:38:45,164 org.springframework.beans.factory.support.DefaultListableBeanFactory - Returning cached instance of singleton bean 'itripImageMapper'
- (3608 ms) - [DEBUG] 2019-01-15 19:38:45,165 org.springframework.beans.factory.support.DefaultListableBeanFactory - Returning cached instance of singleton bean 'itripLabelMapper'
- (3608 ms) - [DEBUG] 2019-01-15 19:38:45,165 org.springframework.beans.factory.support.DefaultListableBeanFactory - Returning cached instance of singleton bean 'itripLabelDicMapper'
- (3608 ms) - [DEBUG] 2019-01-15 19:38:45,165 org.springframework.beans.factory.support.DefaultListableBeanFactory - Returning cached instance of singleton bean 'itripUserMapper'
- (3608 ms) - [DEBUG] 2019-01-15 19:38:45,165 org.springframework.beans.factory.support.DefaultListableBeanFactory - Returning cached instance of singleton bean 'itripUserLinkUserMapper'
- (3610 ms) - [DEBUG] 2019-01-15 19:38:45,167 org.springframework.context.support.GenericApplicationContext - Unable to locate LifecycleProcessor with name 'lifecycleProcessor': using default [org.springframework.context.support.DefaultLifecycleProcessor@5a9d6f02]
- (3611 ms) - [DEBUG] 2019-01-15 19:38:45,168 org.springframework.beans.factory.support.DefaultListableBeanFactory - Returning cached instance of singleton bean 'lifecycleProcessor'
- (3613 ms) - [DEBUG] 2019-01-15 19:38:45,170 org.springframework.beans.factory.support.DefaultListableBeanFactory - Returning cached instance of singleton bean 'sqlSessionFactoryBean'
- (3615 ms) - [DEBUG] 2019-01-15 19:38:45,172 org.springframework.core.env.PropertySourcesPropertyResolver - Searching for key 'spring.liveBeansView.mbeanDomain' in [systemProperties]
- (3615 ms) - [DEBUG] 2019-01-15 19:38:45,172 org.springframework.core.env.PropertySourcesPropertyResolver - Searching for key 'spring.liveBeansView.mbeanDomain' in [systemEnvironment]
- (3615 ms) - [DEBUG] 2019-01-15 19:38:45,172 org.springframework.core.env.PropertySourcesPropertyResolver - Could not find key 'spring.liveBeansView.mbeanDomain' in any property source. Returning [null]
- (3615 ms) - [DEBUG] 2019-01-15 19:38:45,172 org.springframework.test.context.DefaultCacheAwareContextLoaderDelegate - Storing ApplicationContext in cache under key [[MergedContextConfiguration@6c49835d testClass = TestUserInfoController, locations = '{classpath:/applicationContext-mybatis.xml}', classes = '{}', contextInitializerClasses = '[]', activeProfiles = '{}', propertySourceLocations = '{}', propertySourceProperties = '{}', contextLoader = 'org.springframework.test.context.support.DelegatingSmartContextLoader', parent = [null]]]
- (3616 ms) - [DEBUG] 2019-01-15 19:38:45,173 org.springframework.test.context.cache - Spring test ApplicationContext cache statistics: [ContextCache@1338fb5 size = 1, hitCount = 0, missCount = 1, parentContextCount = 0]
- (3618 ms) - [DEBUG] 2019-01-15 19:38:45,175 org.springframework.beans.factory.annotation.InjectionMetadata - Processing injected element of bean 'cn.itrip.controller.user.TestUserInfoController': ResourceElement for private cn.itrip.common.ValidationToken cn.itrip.controller.user.TestUserInfoController.validationToken
- (3618 ms) - [DEBUG] 2019-01-15 19:38:45,175 org.springframework.beans.factory.support.DefaultListableBeanFactory - Returning cached instance of singleton bean 'validationToken'
- (3618 ms) - [DEBUG] 2019-01-15 19:38:45,175 org.springframework.beans.factory.annotation.InjectionMetadata - Processing injected element of bean 'cn.itrip.controller.user.TestUserInfoController': ResourceElement for private cn.itrip.service.userlinkuser.ItripUserLinkUserService cn.itrip.controller.user.TestUserInfoController.itripUserLinkUserService
- (3620 ms) - [DEBUG] 2019-01-15 19:38:45,177 org.springframework.beans.factory.support.DefaultListableBeanFactory - Returning cached instance of singleton bean 'itripUserLinkUserServiceImpl'
- (3620 ms) - [DEBUG] 2019-01-15 19:38:45,177 org.springframework.beans.factory.support.DefaultListableBeanFactory - Returning cached instance of singleton bean 'org.springframework.aop.support.DefaultBeanFactoryPointcutAdvisor#0'
- (3621 ms) - [DEBUG] 2019-01-15 19:38:45,178 org.springframework.beans.factory.support.DefaultListableBeanFactory - Returning cached instance of singleton bean 'org.springframework.aop.support.DefaultBeanFactoryPointcutAdvisor#0'
- (3636 ms) - [DEBUG] 2019-01-15 19:38:45,193 org.springframework.jdbc.datasource.DataSourceTransactionManager - Creating new transaction with name [cn.itrip.service.userlinkuser.ItripUserLinkUserServiceImpl.getItripUserLinkUserById]: PROPAGATION_REQUIRED,ISOLATION_DEFAULT
- (3641 ms) - [DEBUG] 2019-01-15 19:38:45,198 org.springframework.test.context.support.DirtiesContextTestExecutionListener - After test method: context [DefaultTestContext@9660f4e testClass = TestUserInfoController, testInstance = cn.itrip.controller.user.TestUserInfoController@5a8806ef, testMethod = testUserInfo@TestUserInfoController, testException = org.springframework.transaction.CannotCreateTransactionException: Could not open JDBC Connection for transaction; nested exception is org.apache.commons.dbcp.SQLNestedException: Cannot create PoolableConnectionFactory (Data source rejected establishment of connection,  message from server: "Too many connections"), mergedContextConfiguration = [MergedContextConfiguration@6c49835d testClass = TestUserInfoController, locations = '{classpath:/applicationContext-mybatis.xml}', classes = '{}', contextInitializerClasses = '[]', activeProfiles = '{}', propertySourceLocations = '{}', propertySourceProperties = '{}', contextLoader = 'org.springframework.test.context.support.DelegatingSmartContextLoader', parent = [null]]], class dirties context [false], class mode [null], method dirties context [false].
]]></system-out>
  </testcase>
  <testcase name="testGetItripUserLinkUserById" classname="cn.itrip.controller.user.TestUserInfoController" time="0.003">
    <error message="Could not open JDBC Connection for transaction; nested exception is org.apache.commons.dbcp.SQLNestedException: Cannot create PoolableConnectionFactory (Data source rejected establishment of connection,  message from server: &quot;Too many connections&quot;)" type="org.springframework.transaction.CannotCreateTransactionException">org.springframework.transaction.CannotCreateTransactionException: Could not open JDBC Connection for transaction; nested exception is org.apache.commons.dbcp.SQLNestedException: Cannot create PoolableConnectionFactory (Data source rejected establishment of connection,  message from server: "Too many connections")
	at cn.itrip.controller.user.TestUserInfoController.testGetItripUserLinkUserById(TestUserInfoController.java:32)
Caused by: org.apache.commons.dbcp.SQLNestedException: Cannot create PoolableConnectionFactory (Data source rejected establishment of connection,  message from server: "Too many connections")
	at cn.itrip.controller.user.TestUserInfoController.testGetItripUserLinkUserById(TestUserInfoController.java:32)
Caused by: com.mysql.jdbc.exceptions.jdbc4.MySQLNonTransientConnectionException: Data source rejected establishment of connection,  message from server: "Too many connections"
	at cn.itrip.controller.user.TestUserInfoController.testGetItripUserLinkUserById(TestUserInfoController.java:32)
</error>
    <system-out><![CDATA[- (3649 ms) - [DEBUG] 2019-01-15 19:38:45,206 org.springframework.test.annotation.ProfileValueUtils - Retrieved @ProfileValueSourceConfiguration [null] for test class [cn.itrip.controller.user.TestUserInfoController]
- (3649 ms) - [DEBUG] 2019-01-15 19:38:45,206 org.springframework.test.annotation.ProfileValueUtils - Retrieved ProfileValueSource type [class org.springframework.test.annotation.SystemProfileValueSource] for class [cn.itrip.controller.user.TestUserInfoController]
- (3649 ms) - [DEBUG] 2019-01-15 19:38:45,206 org.springframework.test.context.support.DependencyInjectionTestExecutionListener - Performing dependency injection for test context [[DefaultTestContext@9660f4e testClass = TestUserInfoController, testInstance = cn.itrip.controller.user.TestUserInfoController@1d2bd371, testMethod = [null], testException = [null], mergedContextConfiguration = [MergedContextConfiguration@6c49835d testClass = TestUserInfoController, locations = '{classpath:/applicationContext-mybatis.xml}', classes = '{}', contextInitializerClasses = '[]', activeProfiles = '{}', propertySourceLocations = '{}', propertySourceProperties = '{}', contextLoader = 'org.springframework.test.context.support.DelegatingSmartContextLoader', parent = [null]]]].
- (3650 ms) - [DEBUG] 2019-01-15 19:38:45,207 org.springframework.test.context.DefaultCacheAwareContextLoaderDelegate - Retrieved ApplicationContext from cache with key [[MergedContextConfiguration@6c49835d testClass = TestUserInfoController, locations = '{classpath:/applicationContext-mybatis.xml}', classes = '{}', contextInitializerClasses = '[]', activeProfiles = '{}', propertySourceLocations = '{}', propertySourceProperties = '{}', contextLoader = 'org.springframework.test.context.support.DelegatingSmartContextLoader', parent = [null]]]
- (3650 ms) - [DEBUG] 2019-01-15 19:38:45,207 org.springframework.test.context.cache - Spring test ApplicationContext cache statistics: [ContextCache@1338fb5 size = 1, hitCount = 1, missCount = 1, parentContextCount = 0]
- (3650 ms) - [DEBUG] 2019-01-15 19:38:45,207 org.springframework.beans.factory.annotation.InjectionMetadata - Processing injected element of bean 'cn.itrip.controller.user.TestUserInfoController': ResourceElement for private cn.itrip.common.ValidationToken cn.itrip.controller.user.TestUserInfoController.validationToken
- (3650 ms) - [DEBUG] 2019-01-15 19:38:45,207 org.springframework.beans.factory.support.DefaultListableBeanFactory - Returning cached instance of singleton bean 'validationToken'
- (3650 ms) - [DEBUG] 2019-01-15 19:38:45,207 org.springframework.beans.factory.annotation.InjectionMetadata - Processing injected element of bean 'cn.itrip.controller.user.TestUserInfoController': ResourceElement for private cn.itrip.service.userlinkuser.ItripUserLinkUserService cn.itrip.controller.user.TestUserInfoController.itripUserLinkUserService
- (3651 ms) - [DEBUG] 2019-01-15 19:38:45,208 org.springframework.beans.factory.support.DefaultListableBeanFactory - Returning cached instance of singleton bean 'itripUserLinkUserServiceImpl'
- (3651 ms) - [DEBUG] 2019-01-15 19:38:45,208 org.springframework.jdbc.datasource.DataSourceTransactionManager - Creating new transaction with name [cn.itrip.service.userlinkuser.ItripUserLinkUserServiceImpl.getItripUserLinkUserById]: PROPAGATION_REQUIRED,ISOLATION_DEFAULT
- (3654 ms) - [DEBUG] 2019-01-15 19:38:45,211 org.springframework.test.context.support.DirtiesContextTestExecutionListener - After test method: context [DefaultTestContext@9660f4e testClass = TestUserInfoController, testInstance = cn.itrip.controller.user.TestUserInfoController@1d2bd371, testMethod = testGetItripUserLinkUserById@TestUserInfoController, testException = org.springframework.transaction.CannotCreateTransactionException: Could not open JDBC Connection for transaction; nested exception is org.apache.commons.dbcp.SQLNestedException: Cannot create PoolableConnectionFactory (Data source rejected establishment of connection,  message from server: "Too many connections"), mergedContextConfiguration = [MergedContextConfiguration@6c49835d testClass = TestUserInfoController, locations = '{classpath:/applicationContext-mybatis.xml}', classes = '{}', contextInitializerClasses = '[]', activeProfiles = '{}', propertySourceLocations = '{}', propertySourceProperties = '{}', contextLoader = 'org.springframework.test.context.support.DelegatingSmartContextLoader', parent = [null]]], class dirties context [false], class mode [null], method dirties context [false].
]]></system-out>
  </testcase>
</testsuite>