<?xml version="1.0" encoding="UTF-8"?>
<testsuite xmlns:xsi="http://www.w3.org/2001/XMLSchema-instance" xsi:noNamespaceSchemaLocation="https://maven.apache.org/surefire/maven-surefire-plugin/xsd/surefire-test-report.xsd" name="cn.itrip.service.labeldic.TestItripLabelDicService" time="0.577" tests="1" errors="1" skipped="0" failures="0">
  <properties>
    <property name="sun.desktop" value="windows"/>
    <property name="awt.toolkit" value="sun.awt.windows.WToolkit"/>
    <property name="file.encoding.pkg" value="sun.io"/>
    <property name="java.specification.version" value="1.8"/>
    <property name="sun.cpu.isalist" value="amd64"/>
    <property name="sun.jnu.encoding" value="GBK"/>
    <property name="java.class.path" value="E:\ideaXM\itrip\itrip-biz\target\test-classes;E:\ideaXM\itrip\itrip-biz\target\classes;E:\ideaXM\itrip\itrip-dao\target\itrip-dao-1.0-SNAPSHOT.jar;E:\ideaXM\itrip\itrip-utils\target\itrip-utils-1.0-SNAPSHOT.jar;E:\ideaXM\itrip\itrip-beans\target\itrip-beans-1.0-SNAPSHOT.jar;E:\apache-maven-3.5.4-bin\apache-maven-3.5.4\m2\repository\com\belerweb\pinyin4j\2.5.0\pinyin4j-2.5.0.jar;E:\apache-maven-3.5.4-bin\apache-maven-3.5.4\m2\repository\cz\mallat\uasparser\uasparser\0.6.0\uasparser-0.6.0.jar;E:\apache-maven-3.5.4-bin\apache-maven-3.5.4\m2\repository\net\sourceforge\jregex\jregex\1.2_01\jregex-1.2_01.jar;E:\apache-maven-3.5.4-bin\apache-maven-3.5.4\m2\repository\javax\servlet\servlet-api\2.5\servlet-api-2.5.jar;E:\apache-maven-3.5.4-bin\apache-maven-3.5.4\m2\repository\org\hibernate\hibernate-validator\5.2.4.Final\hibernate-validator-5.2.4.Final.jar;E:\apache-maven-3.5.4-bin\apache-maven-3.5.4\m2\repository\javax\validation\validation-api\1.1.0.Final\validation-api-1.1.0.Final.jar;E:\apache-maven-3.5.4-bin\apache-maven-3.5.4\m2\repository\org\jboss\logging\jboss-logging\3.2.1.Final\jboss-logging-3.2.1.Final.jar;E:\apache-maven-3.5.4-bin\apache-maven-3.5.4\m2\repository\com\fasterxml\classmate\1.1.0\classmate-1.1.0.jar;E:\apache-maven-3.5.4-bin\apache-maven-3.5.4\m2\repository\joda-time\joda-time\2.7\joda-time-2.7.jar;E:\apache-maven-3.5.4-bin\apache-maven-3.5.4\m2\repository\jaxen\jaxen\1.1.6\jaxen-1.1.6.jar;E:\apache-maven-3.5.4-bin\apache-maven-3.5.4\m2\repository\commons-io\commons-io\2.4\commons-io-2.4.jar;E:\apache-maven-3.5.4-bin\apache-maven-3.5.4\m2\repository\commons-logging\commons-logging\1.2\commons-logging-1.2.jar;E:\apache-maven-3.5.4-bin\apache-maven-3.5.4\m2\repository\org\springframework\spring-context\4.1.7.RELEASE\spring-context-4.1.7.RELEASE.jar;E:\apache-maven-3.5.4-bin\apache-maven-3.5.4\m2\repository\org\springframework\spring-aop\4.1.7.RELEASE\spring-aop-4.1.7.RELEASE.jar;E:\apache-maven-3.5.4-bin\apache-maven-3.5.4\m2\repository\aopalliance\aopalliance\1.0\aopalliance-1.0.jar;E:\apache-maven-3.5.4-bin\apache-maven-3.5.4\m2\repository\org\springframework\spring-context-support\4.1.7.RELEASE\spring-context-support-4.1.7.RELEASE.jar;E:\apache-maven-3.5.4-bin\apache-maven-3.5.4\m2\repository\junit\junit\4.11\junit-4.11.jar;E:\apache-maven-3.5.4-bin\apache-maven-3.5.4\m2\repository\org\hamcrest\hamcrest-core\1.3\hamcrest-core-1.3.jar;E:\apache-maven-3.5.4-bin\apache-maven-3.5.4\m2\repository\commons-dbcp\commons-dbcp\1.4\commons-dbcp-1.4.jar;E:\apache-maven-3.5.4-bin\apache-maven-3.5.4\m2\repository\commons-pool\commons-pool\1.5.4\commons-pool-1.5.4.jar;E:\apache-maven-3.5.4-bin\apache-maven-3.5.4\m2\repository\cglib\cglib\3.2.5\cglib-3.2.5.jar;E:\apache-maven-3.5.4-bin\apache-maven-3.5.4\m2\repository\org\ow2\asm\asm\5.2\asm-5.2.jar;E:\apache-maven-3.5.4-bin\apache-maven-3.5.4\m2\repository\org\apache\ant\ant\1.9.6\ant-1.9.6.jar;E:\apache-maven-3.5.4-bin\apache-maven-3.5.4\m2\repository\org\apache\ant\ant-launcher\1.9.6\ant-launcher-1.9.6.jar;E:\apache-maven-3.5.4-bin\apache-maven-3.5.4\m2\repository\org\aspectj\aspectjweaver\1.6.12\aspectjweaver-1.6.12.jar;E:\apache-maven-3.5.4-bin\apache-maven-3.5.4\m2\repository\org\springframework\spring-oxm\4.1.7.RELEASE\spring-oxm-4.1.7.RELEASE.jar;E:\apache-maven-3.5.4-bin\apache-maven-3.5.4\m2\repository\org\springframework\spring-tx\4.1.7.RELEASE\spring-tx-4.1.7.RELEASE.jar;E:\apache-maven-3.5.4-bin\apache-maven-3.5.4\m2\repository\jstl\jstl\1.2\jstl-1.2.jar;E:\apache-maven-3.5.4-bin\apache-maven-3.5.4\m2\repository\org\mybatis\mybatis-spring\1.2.0\mybatis-spring-1.2.0.jar;E:\apache-maven-3.5.4-bin\apache-maven-3.5.4\m2\repository\org\slf4j\jcl-over-slf4j\1.7.12\jcl-over-slf4j-1.7.12.jar;E:\apache-maven-3.5.4-bin\apache-maven-3.5.4\m2\repository\commons-codec\commons-codec\1.4\commons-codec-1.4.jar;E:\apache-maven-3.5.4-bin\apache-maven-3.5.4\m2\repository\org\springframework\spring-orm\4.1.7.RELEASE\spring-orm-4.1.7.RELEASE.jar;E:\apache-maven-3.5.4-bin\apache-maven-3.5.4\m2\repository\org\springframework\spring-jdbc\4.1.7.RELEASE\spring-jdbc-4.1.7.RELEASE.jar;E:\apache-maven-3.5.4-bin\apache-maven-3.5.4\m2\repository\org\springframework\spring-jms\4.1.7.RELEASE\spring-jms-4.1.7.RELEASE.jar;E:\apache-maven-3.5.4-bin\apache-maven-3.5.4\m2\repository\org\springframework\spring-messaging\4.1.7.RELEASE\spring-messaging-4.1.7.RELEASE.jar;E:\apache-maven-3.5.4-bin\apache-maven-3.5.4\m2\repository\org\slf4j\slf4j-api\1.7.12\slf4j-api-1.7.12.jar;E:\apache-maven-3.5.4-bin\apache-maven-3.5.4\m2\repository\org\springframework\spring-expression\4.1.7.RELEASE\spring-expression-4.1.7.RELEASE.jar;E:\apache-maven-3.5.4-bin\apache-maven-3.5.4\m2\repository\org\springframework\spring-test\4.1.7.RELEASE\spring-test-4.1.7.RELEASE.jar;E:\apache-maven-3.5.4-bin\apache-maven-3.5.4\m2\repository\org\springframework\spring-webmvc\4.1.7.RELEASE\spring-webmvc-4.1.7.RELEASE.jar;E:\apache-maven-3.5.4-bin\apache-maven-3.5.4\m2\repository\org\springframework\spring-web\4.1.7.RELEASE\spring-web-4.1.7.RELEASE.jar;E:\apache-maven-3.5.4-bin\apache-maven-3.5.4\m2\repository\org\springframework\spring-beans\4.1.7.RELEASE\spring-beans-4.1.7.RELEASE.jar;E:\apache-maven-3.5.4-bin\apache-maven-3.5.4\m2\repository\mysql\mysql-connector-java\5.1.18\mysql-connector-java-5.1.18.jar;E:\apache-maven-3.5.4-bin\apache-maven-3.5.4\m2\repository\org\slf4j\slf4j-log4j12\1.7.12\slf4j-log4j12-1.7.12.jar;E:\apache-maven-3.5.4-bin\apache-maven-3.5.4\m2\repository\log4j\log4j\1.2.17\log4j-1.2.17.jar;E:\apache-maven-3.5.4-bin\apache-maven-3.5.4\m2\repository\org\springframework\spring-core\4.1.7.RELEASE\spring-core-4.1.7.RELEASE.jar;E:\apache-maven-3.5.4-bin\apache-maven-3.5.4\m2\repository\commons-fileupload\commons-fileupload\1.3.1\commons-fileupload-1.3.1.jar;E:\apache-maven-3.5.4-bin\apache-maven-3.5.4\m2\repository\org\mybatis\mybatis\3.2.2\mybatis-3.2.2.jar;E:\apache-maven-3.5.4-bin\apache-maven-3.5.4\m2\repository\redis\clients\jedis\2.1.0\jedis-2.1.0.jar;E:\apache-maven-3.5.4-bin\apache-maven-3.5.4\m2\repository\com\alibaba\fastjson\1.2.31\fastjson-1.2.31.jar;E:\apache-maven-3.5.4-bin\apache-maven-3.5.4\m2\repository\io\springfox\springfox-swagger2\2.4.0\springfox-swagger2-2.4.0.jar;E:\apache-maven-3.5.4-bin\apache-maven-3.5.4\m2\repository\io\swagger\swagger-annotations\1.5.6\swagger-annotations-1.5.6.jar;E:\apache-maven-3.5.4-bin\apache-maven-3.5.4\m2\repository\io\swagger\swagger-models\1.5.6\swagger-models-1.5.6.jar;E:\apache-maven-3.5.4-bin\apache-maven-3.5.4\m2\repository\io\springfox\springfox-spi\2.4.0\springfox-spi-2.4.0.jar;E:\apache-maven-3.5.4-bin\apache-maven-3.5.4\m2\repository\io\springfox\springfox-core\2.4.0\springfox-core-2.4.0.jar;E:\apache-maven-3.5.4-bin\apache-maven-3.5.4\m2\repository\io\springfox\springfox-schema\2.4.0\springfox-schema-2.4.0.jar;E:\apache-maven-3.5.4-bin\apache-maven-3.5.4\m2\repository\io\springfox\springfox-swagger-common\2.4.0\springfox-swagger-common-2.4.0.jar;E:\apache-maven-3.5.4-bin\apache-maven-3.5.4\m2\repository\io\springfox\springfox-spring-web\2.4.0\springfox-spring-web-2.4.0.jar;E:\apache-maven-3.5.4-bin\apache-maven-3.5.4\m2\repository\org\springframework\plugin\spring-plugin-core\1.2.0.RELEASE\spring-plugin-core-1.2.0.RELEASE.jar;E:\apache-maven-3.5.4-bin\apache-maven-3.5.4\m2\repository\org\springframework\plugin\spring-plugin-metadata\1.2.0.RELEASE\spring-plugin-metadata-1.2.0.RELEASE.jar;E:\apache-maven-3.5.4-bin\apache-maven-3.5.4\m2\repository\io\springfox\springfox-swagger-ui\2.4.0\springfox-swagger-ui-2.4.0.jar;E:\apache-maven-3.5.4-bin\apache-maven-3.5.4\m2\repository\com\google\guava\guava\19.0\guava-19.0.jar;E:\apache-maven-3.5.4-bin\apache-maven-3.5.4\m2\repository\org\mapstruct\mapstruct-jdk8\1.1.0.Final\mapstruct-jdk8-1.1.0.Final.jar;E:\apache-maven-3.5.4-bin\apache-maven-3.5.4\m2\repository\com\fasterxml\jackson\core\jackson-core\2.8.7\jackson-core-2.8.7.jar;E:\apache-maven-3.5.4-bin\apache-maven-3.5.4\m2\repository\com\fasterxml\jackson\core\jackson-databind\2.8.7\jackson-databind-2.8.7.jar;E:\apache-maven-3.5.4-bin\apache-maven-3.5.4\m2\repository\com\fasterxml\jackson\core\jackson-annotations\2.8.7\jackson-annotations-2.8.7.jar;E:\apache-maven-3.5.4-bin\apache-maven-3.5.4\m2\repository\javax\mail\mail\1.4.7\mail-1.4.7.jar;E:\apache-maven-3.5.4-bin\apache-maven-3.5.4\m2\repository\javax\activation\activation\1.1\activation-1.1.jar;E:\apache-maven-3.5.4-bin\apache-maven-3.5.4\m2\repository\cn\itrip\itrip-jregex\1.2_01\itrip-jregex-1.2_01.jar;E:\apache-maven-3.5.4-bin\apache-maven-3.5.4\m2\repository\cn\itrip\ccprestsms\itrip-ccprestsms\1.0\itrip-ccprestsms-1.0.jar;E:\apache-maven-3.5.4-bin\apache-maven-3.5.4\m2\repository\com\thetransactioncompany\cors-filter\1.7\cors-filter-1.7.jar;E:\apache-maven-3.5.4-bin\apache-maven-3.5.4\m2\repository\com\thetransactioncompany\java-property-utils\1.9\java-property-utils-1.9.jar;"/>
    <property name="java.vm.vendor" value="Oracle Corporation"/>
    <property name="sun.arch.data.model" value="64"/>
    <property name="user.variant" value=""/>
    <property name="java.vendor.url" value="http://java.oracle.com/"/>
    <property name="user.timezone" value=""/>
    <property name="java.vm.specification.version" value="1.8"/>
    <property name="os.name" value="Windows 10"/>
    <property name="user.country" value="CN"/>
    <property name="sun.java.launcher" value="SUN_STANDARD"/>
    <property name="sun.boot.library.path" value="C:\Program Files\Java\jdk1.8.0_181\jre\bin"/>
    <property name="sun.java.command" value="C:\Users\ISXIAO~1\AppData\Local\Temp\surefire8601230729838465005\surefirebooter5290141522565252417.jar C:\Users\isxiaohao\AppData\Local\Temp\surefire8601230729838465005 2018-12-30T19-24-36_539-jvmRun1 surefire9060999437284101415tmp surefire_05824982215387968731tmp"/>
    <property name="surefire.test.class.path" value="E:\ideaXM\itrip\itrip-biz\target\test-classes;E:\ideaXM\itrip\itrip-biz\target\classes;E:\ideaXM\itrip\itrip-dao\target\itrip-dao-1.0-SNAPSHOT.jar;E:\ideaXM\itrip\itrip-utils\target\itrip-utils-1.0-SNAPSHOT.jar;E:\ideaXM\itrip\itrip-beans\target\itrip-beans-1.0-SNAPSHOT.jar;E:\apache-maven-3.5.4-bin\apache-maven-3.5.4\m2\repository\com\belerweb\pinyin4j\2.5.0\pinyin4j-2.5.0.jar;E:\apache-maven-3.5.4-bin\apache-maven-3.5.4\m2\repository\cz\mallat\uasparser\uasparser\0.6.0\uasparser-0.6.0.jar;E:\apache-maven-3.5.4-bin\apache-maven-3.5.4\m2\repository\net\sourceforge\jregex\jregex\1.2_01\jregex-1.2_01.jar;E:\apache-maven-3.5.4-bin\apache-maven-3.5.4\m2\repository\javax\servlet\servlet-api\2.5\servlet-api-2.5.jar;E:\apache-maven-3.5.4-bin\apache-maven-3.5.4\m2\repository\org\hibernate\hibernate-validator\5.2.4.Final\hibernate-validator-5.2.4.Final.jar;E:\apache-maven-3.5.4-bin\apache-maven-3.5.4\m2\repository\javax\validation\validation-api\1.1.0.Final\validation-api-1.1.0.Final.jar;E:\apache-maven-3.5.4-bin\apache-maven-3.5.4\m2\repository\org\jboss\logging\jboss-logging\3.2.1.Final\jboss-logging-3.2.1.Final.jar;E:\apache-maven-3.5.4-bin\apache-maven-3.5.4\m2\repository\com\fasterxml\classmate\1.1.0\classmate-1.1.0.jar;E:\apache-maven-3.5.4-bin\apache-maven-3.5.4\m2\repository\joda-time\joda-time\2.7\joda-time-2.7.jar;E:\apache-maven-3.5.4-bin\apache-maven-3.5.4\m2\repository\jaxen\jaxen\1.1.6\jaxen-1.1.6.jar;E:\apache-maven-3.5.4-bin\apache-maven-3.5.4\m2\repository\commons-io\commons-io\2.4\commons-io-2.4.jar;E:\apache-maven-3.5.4-bin\apache-maven-3.5.4\m2\repository\commons-logging\commons-logging\1.2\commons-logging-1.2.jar;E:\apache-maven-3.5.4-bin\apache-maven-3.5.4\m2\repository\org\springframework\spring-context\4.1.7.RELEASE\spring-context-4.1.7.RELEASE.jar;E:\apache-maven-3.5.4-bin\apache-maven-3.5.4\m2\repository\org\springframework\spring-aop\4.1.7.RELEASE\spring-aop-4.1.7.RELEASE.jar;E:\apache-maven-3.5.4-bin\apache-maven-3.5.4\m2\repository\aopalliance\aopalliance\1.0\aopalliance-1.0.jar;E:\apache-maven-3.5.4-bin\apache-maven-3.5.4\m2\repository\org\springframework\spring-context-support\4.1.7.RELEASE\spring-context-support-4.1.7.RELEASE.jar;E:\apache-maven-3.5.4-bin\apache-maven-3.5.4\m2\repository\junit\junit\4.11\junit-4.11.jar;E:\apache-maven-3.5.4-bin\apache-maven-3.5.4\m2\repository\org\hamcrest\hamcrest-core\1.3\hamcrest-core-1.3.jar;E:\apache-maven-3.5.4-bin\apache-maven-3.5.4\m2\repository\commons-dbcp\commons-dbcp\1.4\commons-dbcp-1.4.jar;E:\apache-maven-3.5.4-bin\apache-maven-3.5.4\m2\repository\commons-pool\commons-pool\1.5.4\commons-pool-1.5.4.jar;E:\apache-maven-3.5.4-bin\apache-maven-3.5.4\m2\repository\cglib\cglib\3.2.5\cglib-3.2.5.jar;E:\apache-maven-3.5.4-bin\apache-maven-3.5.4\m2\repository\org\ow2\asm\asm\5.2\asm-5.2.jar;E:\apache-maven-3.5.4-bin\apache-maven-3.5.4\m2\repository\org\apache\ant\ant\1.9.6\ant-1.9.6.jar;E:\apache-maven-3.5.4-bin\apache-maven-3.5.4\m2\repository\org\apache\ant\ant-launcher\1.9.6\ant-launcher-1.9.6.jar;E:\apache-maven-3.5.4-bin\apache-maven-3.5.4\m2\repository\org\aspectj\aspectjweaver\1.6.12\aspectjweaver-1.6.12.jar;E:\apache-maven-3.5.4-bin\apache-maven-3.5.4\m2\repository\org\springframework\spring-oxm\4.1.7.RELEASE\spring-oxm-4.1.7.RELEASE.jar;E:\apache-maven-3.5.4-bin\apache-maven-3.5.4\m2\repository\org\springframework\spring-tx\4.1.7.RELEASE\spring-tx-4.1.7.RELEASE.jar;E:\apache-maven-3.5.4-bin\apache-maven-3.5.4\m2\repository\jstl\jstl\1.2\jstl-1.2.jar;E:\apache-maven-3.5.4-bin\apache-maven-3.5.4\m2\repository\org\mybatis\mybatis-spring\1.2.0\mybatis-spring-1.2.0.jar;E:\apache-maven-3.5.4-bin\apache-maven-3.5.4\m2\repository\org\slf4j\jcl-over-slf4j\1.7.12\jcl-over-slf4j-1.7.12.jar;E:\apache-maven-3.5.4-bin\apache-maven-3.5.4\m2\repository\commons-codec\commons-codec\1.4\commons-codec-1.4.jar;E:\apache-maven-3.5.4-bin\apache-maven-3.5.4\m2\repository\org\springframework\spring-orm\4.1.7.RELEASE\spring-orm-4.1.7.RELEASE.jar;E:\apache-maven-3.5.4-bin\apache-maven-3.5.4\m2\repository\org\springframework\spring-jdbc\4.1.7.RELEASE\spring-jdbc-4.1.7.RELEASE.jar;E:\apache-maven-3.5.4-bin\apache-maven-3.5.4\m2\repository\org\springframework\spring-jms\4.1.7.RELEASE\spring-jms-4.1.7.RELEASE.jar;E:\apache-maven-3.5.4-bin\apache-maven-3.5.4\m2\repository\org\springframework\spring-messaging\4.1.7.RELEASE\spring-messaging-4.1.7.RELEASE.jar;E:\apache-maven-3.5.4-bin\apache-maven-3.5.4\m2\repository\org\slf4j\slf4j-api\1.7.12\slf4j-api-1.7.12.jar;E:\apache-maven-3.5.4-bin\apache-maven-3.5.4\m2\repository\org\springframework\spring-expression\4.1.7.RELEASE\spring-expression-4.1.7.RELEASE.jar;E:\apache-maven-3.5.4-bin\apache-maven-3.5.4\m2\repository\org\springframework\spring-test\4.1.7.RELEASE\spring-test-4.1.7.RELEASE.jar;E:\apache-maven-3.5.4-bin\apache-maven-3.5.4\m2\repository\org\springframework\spring-webmvc\4.1.7.RELEASE\spring-webmvc-4.1.7.RELEASE.jar;E:\apache-maven-3.5.4-bin\apache-maven-3.5.4\m2\repository\org\springframework\spring-web\4.1.7.RELEASE\spring-web-4.1.7.RELEASE.jar;E:\apache-maven-3.5.4-bin\apache-maven-3.5.4\m2\repository\org\springframework\spring-beans\4.1.7.RELEASE\spring-beans-4.1.7.RELEASE.jar;E:\apache-maven-3.5.4-bin\apache-maven-3.5.4\m2\repository\mysql\mysql-connector-java\5.1.18\mysql-connector-java-5.1.18.jar;E:\apache-maven-3.5.4-bin\apache-maven-3.5.4\m2\repository\org\slf4j\slf4j-log4j12\1.7.12\slf4j-log4j12-1.7.12.jar;E:\apache-maven-3.5.4-bin\apache-maven-3.5.4\m2\repository\log4j\log4j\1.2.17\log4j-1.2.17.jar;E:\apache-maven-3.5.4-bin\apache-maven-3.5.4\m2\repository\org\springframework\spring-core\4.1.7.RELEASE\spring-core-4.1.7.RELEASE.jar;E:\apache-maven-3.5.4-bin\apache-maven-3.5.4\m2\repository\commons-fileupload\commons-fileupload\1.3.1\commons-fileupload-1.3.1.jar;E:\apache-maven-3.5.4-bin\apache-maven-3.5.4\m2\repository\org\mybatis\mybatis\3.2.2\mybatis-3.2.2.jar;E:\apache-maven-3.5.4-bin\apache-maven-3.5.4\m2\repository\redis\clients\jedis\2.1.0\jedis-2.1.0.jar;E:\apache-maven-3.5.4-bin\apache-maven-3.5.4\m2\repository\com\alibaba\fastjson\1.2.31\fastjson-1.2.31.jar;E:\apache-maven-3.5.4-bin\apache-maven-3.5.4\m2\repository\io\springfox\springfox-swagger2\2.4.0\springfox-swagger2-2.4.0.jar;E:\apache-maven-3.5.4-bin\apache-maven-3.5.4\m2\repository\io\swagger\swagger-annotations\1.5.6\swagger-annotations-1.5.6.jar;E:\apache-maven-3.5.4-bin\apache-maven-3.5.4\m2\repository\io\swagger\swagger-models\1.5.6\swagger-models-1.5.6.jar;E:\apache-maven-3.5.4-bin\apache-maven-3.5.4\m2\repository\io\springfox\springfox-spi\2.4.0\springfox-spi-2.4.0.jar;E:\apache-maven-3.5.4-bin\apache-maven-3.5.4\m2\repository\io\springfox\springfox-core\2.4.0\springfox-core-2.4.0.jar;E:\apache-maven-3.5.4-bin\apache-maven-3.5.4\m2\repository\io\springfox\springfox-schema\2.4.0\springfox-schema-2.4.0.jar;E:\apache-maven-3.5.4-bin\apache-maven-3.5.4\m2\repository\io\springfox\springfox-swagger-common\2.4.0\springfox-swagger-common-2.4.0.jar;E:\apache-maven-3.5.4-bin\apache-maven-3.5.4\m2\repository\io\springfox\springfox-spring-web\2.4.0\springfox-spring-web-2.4.0.jar;E:\apache-maven-3.5.4-bin\apache-maven-3.5.4\m2\repository\org\springframework\plugin\spring-plugin-core\1.2.0.RELEASE\spring-plugin-core-1.2.0.RELEASE.jar;E:\apache-maven-3.5.4-bin\apache-maven-3.5.4\m2\repository\org\springframework\plugin\spring-plugin-metadata\1.2.0.RELEASE\spring-plugin-metadata-1.2.0.RELEASE.jar;E:\apache-maven-3.5.4-bin\apache-maven-3.5.4\m2\repository\io\springfox\springfox-swagger-ui\2.4.0\springfox-swagger-ui-2.4.0.jar;E:\apache-maven-3.5.4-bin\apache-maven-3.5.4\m2\repository\com\google\guava\guava\19.0\guava-19.0.jar;E:\apache-maven-3.5.4-bin\apache-maven-3.5.4\m2\repository\org\mapstruct\mapstruct-jdk8\1.1.0.Final\mapstruct-jdk8-1.1.0.Final.jar;E:\apache-maven-3.5.4-bin\apache-maven-3.5.4\m2\repository\com\fasterxml\jackson\core\jackson-core\2.8.7\jackson-core-2.8.7.jar;E:\apache-maven-3.5.4-bin\apache-maven-3.5.4\m2\repository\com\fasterxml\jackson\core\jackson-databind\2.8.7\jackson-databind-2.8.7.jar;E:\apache-maven-3.5.4-bin\apache-maven-3.5.4\m2\repository\com\fasterxml\jackson\core\jackson-annotations\2.8.7\jackson-annotations-2.8.7.jar;E:\apache-maven-3.5.4-bin\apache-maven-3.5.4\m2\repository\javax\mail\mail\1.4.7\mail-1.4.7.jar;E:\apache-maven-3.5.4-bin\apache-maven-3.5.4\m2\repository\javax\activation\activation\1.1\activation-1.1.jar;E:\apache-maven-3.5.4-bin\apache-maven-3.5.4\m2\repository\cn\itrip\itrip-jregex\1.2_01\itrip-jregex-1.2_01.jar;E:\apache-maven-3.5.4-bin\apache-maven-3.5.4\m2\repository\cn\itrip\ccprestsms\itrip-ccprestsms\1.0\itrip-ccprestsms-1.0.jar;E:\apache-maven-3.5.4-bin\apache-maven-3.5.4\m2\repository\com\thetransactioncompany\cors-filter\1.7\cors-filter-1.7.jar;E:\apache-maven-3.5.4-bin\apache-maven-3.5.4\m2\repository\com\thetransactioncompany\java-property-utils\1.9\java-property-utils-1.9.jar;"/>
    <property name="sun.cpu.endian" value="little"/>
    <property name="user.home" value="C:\Users\isxiaohao"/>
    <property name="user.language" value="zh"/>
    <property name="java.specification.vendor" value="Oracle Corporation"/>
    <property name="java.home" value="C:\Program Files\Java\jdk1.8.0_181\jre"/>
    <property name="basedir" value="E:\ideaXM\itrip\itrip-biz"/>
    <property name="file.separator" value="\"/>
    <property name="line.separator" value="&#10;"/>
    <property name="java.vm.specification.vendor" value="Oracle Corporation"/>
    <property name="java.specification.name" value="Java Platform API Specification"/>
    <property name="java.awt.graphicsenv" value="sun.awt.Win32GraphicsEnvironment"/>
    <property name="surefire.real.class.path" value="C:\Users\ISXIAO~1\AppData\Local\Temp\surefire8601230729838465005\surefirebooter5290141522565252417.jar"/>
    <property name="sun.boot.class.path" value="C:\Program Files\Java\jdk1.8.0_181\jre\lib\resources.jar;C:\Program Files\Java\jdk1.8.0_181\jre\lib\rt.jar;C:\Program Files\Java\jdk1.8.0_181\jre\lib\sunrsasign.jar;C:\Program Files\Java\jdk1.8.0_181\jre\lib\jsse.jar;C:\Program Files\Java\jdk1.8.0_181\jre\lib\jce.jar;C:\Program Files\Java\jdk1.8.0_181\jre\lib\charsets.jar;C:\Program Files\Java\jdk1.8.0_181\jre\lib\jfr.jar;C:\Program Files\Java\jdk1.8.0_181\jre\classes"/>
    <property name="user.script" value=""/>
    <property name="sun.management.compiler" value="HotSpot 64-Bit Tiered Compilers"/>
    <property name="java.runtime.version" value="1.8.0_181-b13"/>
    <property name="user.name" value="isxiaohao"/>
    <property name="path.separator" value=";"/>
    <property name="os.version" value="10.0"/>
    <property name="java.endorsed.dirs" value="C:\Program Files\Java\jdk1.8.0_181\jre\lib\endorsed"/>
    <property name="java.runtime.name" value="Java(TM) SE Runtime Environment"/>
    <property name="file.encoding" value="GBK"/>
    <property name="java.vm.name" value="Java HotSpot(TM) 64-Bit Server VM"/>
    <property name="localRepository" value="E:\apache-maven-3.5.4-bin\apache-maven-3.5.4\m2\repository"/>
    <property name="java.vendor.url.bug" value="http://bugreport.sun.com/bugreport/"/>
    <property name="java.io.tmpdir" value="C:\Users\ISXIAO~1\AppData\Local\Temp\"/>
    <property name="idea.version" value="2018.1.4"/>
    <property name="java.version" value="1.8.0_181"/>
    <property name="user.dir" value="E:\ideaXM\itrip\itrip-biz"/>
    <property name="os.arch" value="amd64"/>
    <property name="java.vm.specification.name" value="Java Virtual Machine Specification"/>
    <property name="java.awt.printerjob" value="sun.awt.windows.WPrinterJob"/>
    <property name="sun.os.patch.level" value=""/>
    <property name="java.library.path" value="C:\Program Files\Java\jdk1.8.0_181\jre\bin;C:\WINDOWS\Sun\Java\bin;C:\WINDOWS\system32;C:\WINDOWS;c:\program files\graphicsmagick-1.3.21-q16;C:\Program Files (x86)\Common Files\Oracle\Java\javapath;E:\Oracle\bin;C:\WINDOWS\system32;C:\WINDOWS;C:\WINDOWS\System32\Wbem;C:\WINDOWS\System32\WindowsPowerShell\v1.0\E:\kj;C:\Program Files (x86)\Java\jdk1.7.0_51\\bin;C:\Program Files (x86)\Java\jdk1.7.0_51\\jre\bin;C:\WINDOWS\System32\WindowsPowerShell\v1.0\;C:\WINDOWS\System32\OpenSSH\;E:\MySQL\bin;E:\apache-maven-3.5.4-bin\apache-maven-3.5.4\bin;E:\Git\Git\cmd;E:\Program Files\nodejs;E:\Program Files\nodejs\node_global;;C:\Program Files (x86)\Lua\5.1;C:\Program Files (x86)\Lua\5.1\clibs;E:\kj;C:\Users\isxiaohao\AppData\Local\Microsoft\WindowsApps;C:\Users\isxiaohao\AppData\Roaming\npm;."/>
    <property name="java.vm.info" value="mixed mode"/>
    <property name="java.vendor" value="Oracle Corporation"/>
    <property name="java.vm.version" value="25.181-b13"/>
    <property name="java.ext.dirs" value="C:\Program Files\Java\jdk1.8.0_181\jre\lib\ext;C:\WINDOWS\Sun\Java\lib\ext"/>
    <property name="sun.io.unicode.encoding" value="UnicodeLittle"/>
    <property name="java.class.version" value="52.0"/>
  </properties>
  <testcase name="testGetItripLabelDicListByMap" classname="cn.itrip.service.labeldic.TestItripLabelDicService" time="0.577">
    <error message="Could not open JDBC Connection for transaction; nested exception is org.apache.commons.dbcp.SQLNestedException: Cannot create PoolableConnectionFactory (Data source rejected establishment of connection,  message from server: &quot;Too many connections&quot;)" type="org.springframework.transaction.CannotCreateTransactionException">org.springframework.transaction.CannotCreateTransactionException: Could not open JDBC Connection for transaction; nested exception is org.apache.commons.dbcp.SQLNestedException: Cannot create PoolableConnectionFactory (Data source rejected establishment of connection,  message from server: "Too many connections")
	at cn.itrip.service.labeldic.TestItripLabelDicService.testGetItripLabelDicListByMap(TestItripLabelDicService.java:23)
Caused by: org.apache.commons.dbcp.SQLNestedException: Cannot create PoolableConnectionFactory (Data source rejected establishment of connection,  message from server: "Too many connections")
	at cn.itrip.service.labeldic.TestItripLabelDicService.testGetItripLabelDicListByMap(TestItripLabelDicService.java:23)
Caused by: com.mysql.jdbc.exceptions.jdbc4.MySQLNonTransientConnectionException: Data source rejected establishment of connection,  message from server: "Too many connections"
	at cn.itrip.service.labeldic.TestItripLabelDicService.testGetItripLabelDicListByMap(TestItripLabelDicService.java:23)
</error>
    <system-out><![CDATA[- (4904 ms) - [DEBUG] 2018-12-30 19:24:58,516 org.springframework.core.env.StandardEnvironment - Adding [systemProperties] PropertySource with lowest search precedence
- (4904 ms) - [DEBUG] 2018-12-30 19:24:58,516 org.springframework.core.env.StandardEnvironment - Adding [systemEnvironment] PropertySource with lowest search precedence
- (4904 ms) - [DEBUG] 2018-12-30 19:24:58,516 org.springframework.core.env.StandardEnvironment - Initialized StandardEnvironment with PropertySources [systemProperties,systemEnvironment]
- (4904 ms) - [INFO] 2018-12-30 19:24:58,516 org.springframework.context.support.ClassPathXmlApplicationContext - Refreshing org.springframework.context.support.ClassPathXmlApplicationContext@1eb6749b: startup date [Sun Dec 30 19:24:58 CST 2018]; root of context hierarchy
- (4905 ms) - [DEBUG] 2018-12-30 19:24:58,517 org.springframework.core.env.StandardEnvironment - Adding [systemProperties] PropertySource with lowest search precedence
- (4905 ms) - [DEBUG] 2018-12-30 19:24:58,517 org.springframework.core.env.StandardEnvironment - Adding [systemEnvironment] PropertySource with lowest search precedence
- (4905 ms) - [DEBUG] 2018-12-30 19:24:58,517 org.springframework.core.env.StandardEnvironment - Initialized StandardEnvironment with PropertySources [systemProperties,systemEnvironment]
- (4905 ms) - [INFO] 2018-12-30 19:24:58,517 org.springframework.beans.factory.xml.XmlBeanDefinitionReader - Loading XML bean definitions from class path resource [applicationContext-mybatis.xml]
- (4907 ms) - [DEBUG] 2018-12-30 19:24:58,519 org.springframework.beans.factory.xml.DefaultDocumentLoader - Using JAXP provider [com.sun.org.apache.xerces.internal.jaxp.DocumentBuilderFactoryImpl]
- (4908 ms) - [DEBUG] 2018-12-30 19:24:58,520 org.springframework.beans.factory.xml.PluggableSchemaResolver - Loading schema mappings from [META-INF/spring.schemas]
- (4913 ms) - [DEBUG] 2018-12-30 19:24:58,525 org.springframework.beans.factory.xml.PluggableSchemaResolver - Loaded schema mappings: {http://www.springframework.org/schema/tx/spring-tx-2.5.xsd=org/springframework/transaction/config/spring-tx-2.5.xsd, http://www.springframework.org/schema/aop/spring-aop-4.1.xsd=org/springframework/aop/config/spring-aop-4.1.xsd, http://www.springframework.org/schema/context/spring-context-3.1.xsd=org/springframework/context/config/spring-context-3.1.xsd, http://www.springframework.org/schema/jdbc/spring-jdbc-4.1.xsd=org/springframework/jdbc/config/spring-jdbc-4.1.xsd, http://www.springframework.org/schema/jms/spring-jms-2.5.xsd=org/springframework/jms/config/spring-jms-2.5.xsd, http://www.springframework.org/schema/util/spring-util-3.0.xsd=org/springframework/beans/factory/xml/spring-util-3.0.xsd, http://www.springframework.org/schema/mvc/spring-mvc-4.1.xsd=org/springframework/web/servlet/config/spring-mvc-4.1.xsd, http://www.springframework.org/schema/tool/spring-tool.xsd=org/springframework/beans/factory/xml/spring-tool-4.1.xsd, http://www.springframework.org/schema/aop/spring-aop-3.2.xsd=org/springframework/aop/config/spring-aop-3.2.xsd, http://mybatis.org/schema/mybatis-spring-1.2.xsd=org/mybatis/spring/config/mybatis-spring-1.2.xsd, http://www.springframework.org/schema/lang/spring-lang-4.1.xsd=org/springframework/scripting/config/spring-lang-4.1.xsd, http://www.springframework.org/schema/context/spring-context-4.0.xsd=org/springframework/context/config/spring-context-4.0.xsd, http://www.springframework.org/schema/mvc/spring-mvc-3.2.xsd=org/springframework/web/servlet/config/spring-mvc-3.2.xsd, http://www.springframework.org/schema/oxm/spring-oxm-3.0.xsd=org/springframework/oxm/config/spring-oxm-3.0.xsd, http://www.springframework.org/schema/tool/spring-tool-4.1.xsd=org/springframework/beans/factory/xml/spring-tool-4.1.xsd, http://www.springframework.org/schema/lang/spring-lang-3.2.xsd=org/springframework/scripting/config/spring-lang-3.2.xsd, http://www.springframework.org/schema/cache/spring-cache-3.2.xsd=org/springframework/cache/config/spring-cache-3.2.xsd, http://www.springframework.org/schema/jee/spring-jee-4.1.xsd=org/springframework/ejb/config/spring-jee-4.1.xsd, http://www.springframework.org/schema/jdbc/spring-jdbc-3.1.xsd=org/springframework/jdbc/config/spring-jdbc-3.1.xsd, http://www.springframework.org/schema/util/spring-util-2.0.xsd=org/springframework/beans/factory/xml/spring-util-2.0.xsd, http://www.springframework.org/schema/tool/spring-tool-3.2.xsd=org/springframework/beans/factory/xml/spring-tool-3.2.xsd, http://www.springframework.org/schema/context/spring-context.xsd=org/springframework/context/config/spring-context-4.1.xsd, http://www.springframework.org/schema/cache/spring-cache-4.1.xsd=org/springframework/cache/config/spring-cache-4.1.xsd, http://www.springframework.org/schema/aop/spring-aop-4.0.xsd=org/springframework/aop/config/spring-aop-4.0.xsd, http://www.springframework.org/schema/jee/spring-jee-3.2.xsd=org/springframework/ejb/config/spring-jee-3.2.xsd, http://www.springframework.org/schema/context/spring-context-3.0.xsd=org/springframework/context/config/spring-context-3.0.xsd, http://www.springframework.org/schema/jdbc/spring-jdbc-4.0.xsd=org/springframework/jdbc/config/spring-jdbc-4.0.xsd, http://www.springframework.org/schema/util/spring-util-2.5.xsd=org/springframework/beans/factory/xml/spring-util-2.5.xsd, http://www.springframework.org/schema/mvc/spring-mvc-4.0.xsd=org/springframework/web/servlet/config/spring-mvc-4.0.xsd, http://www.springframework.org/schema/beans/spring-beans-3.2.xsd=org/springframework/beans/factory/xml/spring-beans-3.2.xsd, http://www.springframework.org/schema/aop/spring-aop-3.1.xsd=org/springframework/aop/config/spring-aop-3.1.xsd, http://www.springframework.org/schema/lang/spring-lang-4.0.xsd=org/springframework/scripting/config/spring-lang-4.0.xsd, http://www.springframework.org/schema/mvc/spring-mvc.xsd=org/springframework/web/servlet/config/spring-mvc-4.1.xsd, http://www.springframework.org/schema/mvc/spring-mvc-3.1.xsd=org/springframework/web/servlet/config/spring-mvc-3.1.xsd, http://www.springframework.org/schema/beans/spring-beans-4.1.xsd=org/springframework/beans/factory/xml/spring-beans-4.1.xsd, http://www.springframework.org/schema/tool/spring-tool-4.0.xsd=org/springframework/beans/factory/xml/spring-tool-4.0.xsd, http://www.springframework.org/schema/lang/spring-lang-3.1.xsd=org/springframework/scripting/config/spring-lang-3.1.xsd, http://www.springframework.org/schema/tx/spring-tx-3.2.xsd=org/springframework/transaction/config/spring-tx-3.2.xsd, http://www.springframework.org/schema/cache/spring-cache-3.1.xsd=org/springframework/cache/config/spring-cache-3.1.xsd, http://www.springframework.org/schema/jee/spring-jee-4.0.xsd=org/springframework/ejb/config/spring-jee-4.0.xsd, http://www.springframework.org/schema/jdbc/spring-jdbc-3.0.xsd=org/springframework/jdbc/config/spring-jdbc-3.0.xsd, http://www.springframework.org/schema/task/spring-task-4.1.xsd=org/springframework/scheduling/config/spring-task-4.1.xsd, http://www.springframework.org/schema/tool/spring-tool-3.1.xsd=org/springframework/beans/factory/xml/spring-tool-3.1.xsd, http://www.springframework.org/schema/jdbc/spring-jdbc.xsd=org/springframework/jdbc/config/spring-jdbc-4.1.xsd, http://www.springframework.org/schema/tx/spring-tx-4.1.xsd=org/springframework/transaction/config/spring-tx-4.1.xsd, http://www.springframework.org/schema/cache/spring-cache-4.0.xsd=org/springframework/cache/config/spring-cache-4.0.xsd, http://www.springframework.org/schema/jee/spring-jee-3.1.xsd=org/springframework/ejb/config/spring-jee-3.1.xsd, http://www.springframework.org/schema/task/spring-task-3.2.xsd=org/springframework/scheduling/config/spring-task-3.2.xsd, http://www.springframework.org/schema/beans/spring-beans-3.1.xsd=org/springframework/beans/factory/xml/spring-beans-3.1.xsd, http://www.springframework.org/schema/util/spring-util.xsd=org/springframework/beans/factory/xml/spring-util-4.1.xsd, http://www.springframework.org/schema/aop/spring-aop-3.0.xsd=org/springframework/aop/config/spring-aop-3.0.xsd, http://www.springframework.org/schema/jms/spring-jms-3.2.xsd=org/springframework/jms/config/spring-jms-3.2.xsd, http://www.springframework.org/schema/mvc/spring-mvc-3.0.xsd=org/springframework/web/servlet/config/spring-mvc-3.0.xsd, http://www.springframework.org/schema/beans/spring-beans-4.0.xsd=org/springframework/beans/factory/xml/spring-beans-4.0.xsd, http://www.springframework.org/schema/beans/spring-beans.xsd=org/springframework/beans/factory/xml/spring-beans-4.1.xsd, http://www.springframework.org/schema/plugin/spring-plugin.xsd=org/springframework/plugin/core/config/spring-plugin.xsd, http://www.springframework.org/schema/lang/spring-lang-3.0.xsd=org/springframework/scripting/config/spring-lang-3.0.xsd, http://www.springframework.org/schema/tx/spring-tx-3.1.xsd=org/springframework/transaction/config/spring-tx-3.1.xsd, http://mybatis.org/schema/mybatis-spring.xsd=org/mybatis/spring/config/mybatis-spring-1.2.xsd, http://www.springframework.org/schema/context/spring-context-2.5.xsd=org/springframework/context/config/spring-context-2.5.xsd, http://www.springframework.org/schema/jms/spring-jms-4.1.xsd=org/springframework/jms/config/spring-jms-4.1.xsd, http://www.springframework.org/schema/task/spring-task-4.0.xsd=org/springframework/scheduling/config/spring-task-4.0.xsd, http://www.springframework.org/schema/tool/spring-tool-3.0.xsd=org/springframework/beans/factory/xml/spring-tool-3.0.xsd, http://www.springframework.org/schema/tx/spring-tx-4.0.xsd=org/springframework/transaction/config/spring-tx-4.0.xsd, http://www.springframework.org/schema/aop/spring-aop-2.0.xsd=org/springframework/aop/config/spring-aop-2.0.xsd, http://www.springframework.org/schema/jee/spring-jee-3.0.xsd=org/springframework/ejb/config/spring-jee-3.0.xsd, http://www.springframework.org/schema/util/spring-util-4.1.xsd=org/springframework/beans/factory/xml/spring-util-4.1.xsd, http://www.springframework.org/schema/task/spring-task-3.1.xsd=org/springframework/scheduling/config/spring-task-3.1.xsd, http://www.springframework.org/schema/beans/spring-beans-3.0.xsd=org/springframework/beans/factory/xml/spring-beans-3.0.xsd, http://www.springframework.org/schema/jee/spring-jee.xsd=org/springframework/ejb/config/spring-jee-4.1.xsd, http://www.springframework.org/schema/aop/spring-aop-2.5.xsd=org/springframework/aop/config/spring-aop-2.5.xsd, http://www.springframework.org/schema/jms/spring-jms.xsd=org/springframework/jms/config/spring-jms-4.1.xsd, http://www.springframework.org/schema/lang/spring-lang-2.0.xsd=org/springframework/scripting/config/spring-lang-2.0.xsd, http://www.springframework.org/schema/jms/spring-jms-3.1.xsd=org/springframework/jms/config/spring-jms-3.1.xsd, http://www.springframework.org/schema/oxm/spring-oxm.xsd=org/springframework/oxm/config/spring-oxm-4.1.xsd, http://www.springframework.org/schema/util/spring-util-3.2.xsd=org/springframework/beans/factory/xml/spring-util-3.2.xsd, http://www.springframework.org/schema/oxm/spring-oxm-4.1.xsd=org/springframework/oxm/config/spring-oxm-4.1.xsd, http://www.springframework.org/schema/task/spring-task.xsd=org/springframework/scheduling/config/spring-task-4.1.xsd, http://www.springframework.org/schema/tool/spring-tool-2.0.xsd=org/springframework/beans/factory/xml/spring-tool-2.0.xsd, http://www.springframework.org/schema/tx/spring-tx-3.0.xsd=org/springframework/transaction/config/spring-tx-3.0.xsd, http://www.springframework.org/schema/lang/spring-lang-2.5.xsd=org/springframework/scripting/config/spring-lang-2.5.xsd, http://www.springframework.org/schema/jee/spring-jee-2.0.xsd=org/springframework/ejb/config/spring-jee-2.0.xsd, http://www.springframework.org/schema/jms/spring-jms-4.0.xsd=org/springframework/jms/config/spring-jms-4.0.xsd, http://www.springframework.org/schema/oxm/spring-oxm-3.2.xsd=org/springframework/oxm/config/spring-oxm-3.2.xsd, http://www.springframework.org/schema/tool/spring-tool-2.5.xsd=org/springframework/beans/factory/xml/spring-tool-2.5.xsd, http://www.springframework.org/schema/jee/spring-jee-2.5.xsd=org/springframework/ejb/config/spring-jee-2.5.xsd, http://www.springframework.org/schema/util/spring-util-4.0.xsd=org/springframework/beans/factory/xml/spring-util-4.0.xsd, http://www.springframework.org/schema/task/spring-task-3.0.xsd=org/springframework/scheduling/config/spring-task-3.0.xsd, http://www.springframework.org/schema/lang/spring-lang.xsd=org/springframework/scripting/config/spring-lang-4.1.xsd, http://www.springframework.org/schema/context/spring-context-3.2.xsd=org/springframework/context/config/spring-context-3.2.xsd, http://www.springframework.org/schema/jms/spring-jms-3.0.xsd=org/springframework/jms/config/spring-jms-3.0.xsd, http://www.springframework.org/schema/util/spring-util-3.1.xsd=org/springframework/beans/factory/xml/spring-util-3.1.xsd, http://www.springframework.org/schema/beans/spring-beans-2.0.xsd=org/springframework/beans/factory/xml/spring-beans-2.0.xsd, http://www.springframework.org/schema/oxm/spring-oxm-4.0.xsd=org/springframework/oxm/config/spring-oxm-4.0.xsd, http://www.springframework.org/schema/cache/spring-cache.xsd=org/springframework/cache/config/spring-cache-4.1.xsd, http://www.springframework.org/schema/tx/spring-tx.xsd=org/springframework/transaction/config/spring-tx-4.1.xsd, http://www.springframework.org/schema/context/spring-context-4.1.xsd=org/springframework/context/config/spring-context-4.1.xsd, http://www.springframework.org/schema/beans/spring-beans-2.5.xsd=org/springframework/beans/factory/xml/spring-beans-2.5.xsd, http://www.springframework.org/schema/oxm/spring-oxm-3.1.xsd=org/springframework/oxm/config/spring-oxm-3.1.xsd, http://www.springframework.org/schema/tx/spring-tx-2.0.xsd=org/springframework/transaction/config/spring-tx-2.0.xsd, http://www.springframework.org/schema/jdbc/spring-jdbc-3.2.xsd=org/springframework/jdbc/config/spring-jdbc-3.2.xsd, http://www.springframework.org/schema/aop/spring-aop.xsd=org/springframework/aop/config/spring-aop-4.1.xsd}
- (4914 ms) - [DEBUG] 2018-12-30 19:24:58,526 org.springframework.beans.factory.xml.PluggableSchemaResolver - Found XML schema [http://www.springframework.org/schema/beans/spring-beans-2.5.xsd] in classpath: org/springframework/beans/factory/xml/spring-beans-2.5.xsd
- (4921 ms) - [DEBUG] 2018-12-30 19:24:58,533 org.springframework.beans.factory.xml.PluggableSchemaResolver - Found XML schema [http://www.springframework.org/schema/mvc/spring-mvc.xsd] in classpath: org/springframework/web/servlet/config/spring-mvc-4.1.xsd
- (4924 ms) - [DEBUG] 2018-12-30 19:24:58,536 org.springframework.beans.factory.xml.PluggableSchemaResolver - Found XML schema [http://www.springframework.org/schema/tool/spring-tool-4.1.xsd] in classpath: org/springframework/beans/factory/xml/spring-tool-4.1.xsd
- (4929 ms) - [DEBUG] 2018-12-30 19:24:58,541 org.springframework.beans.factory.xml.PluggableSchemaResolver - Found XML schema [http://www.springframework.org/schema/context/spring-context.xsd] in classpath: org/springframework/context/config/spring-context-4.1.xsd
- (4934 ms) - [DEBUG] 2018-12-30 19:24:58,546 org.springframework.beans.factory.xml.PluggableSchemaResolver - Found XML schema [http://www.springframework.org/schema/aop/spring-aop-2.5.xsd] in classpath: org/springframework/aop/config/spring-aop-2.5.xsd
- (4938 ms) - [DEBUG] 2018-12-30 19:24:58,550 org.springframework.beans.factory.xml.PluggableSchemaResolver - Found XML schema [http://www.springframework.org/schema/tx/spring-tx-2.5.xsd] in classpath: org/springframework/transaction/config/spring-tx-2.5.xsd
- (4941 ms) - [DEBUG] 2018-12-30 19:24:58,553 org.springframework.beans.factory.xml.DefaultBeanDefinitionDocumentReader - Loading bean definitions
- (4946 ms) - [DEBUG] 2018-12-30 19:24:58,558 org.springframework.beans.factory.xml.DefaultNamespaceHandlerResolver - Loaded NamespaceHandler mappings: {http://www.springframework.org/schema/p=org.springframework.beans.factory.xml.SimplePropertyNamespaceHandler, http://www.springframework.org/schema/mvc=org.springframework.web.servlet.config.MvcNamespaceHandler, http://www.springframework.org/schema/util=org.springframework.beans.factory.xml.UtilNamespaceHandler, http://www.springframework.org/schema/jee=org.springframework.ejb.config.JeeNamespaceHandler, http://www.springframework.org/schema/aop=org.springframework.aop.config.AopNamespaceHandler, http://www.springframework.org/schema/jdbc=org.springframework.jdbc.config.JdbcNamespaceHandler, http://www.springframework.org/schema/oxm=org.springframework.oxm.config.OxmNamespaceHandler, http://www.springframework.org/schema/cache=org.springframework.cache.config.CacheNamespaceHandler, http://mybatis.org/schema/mybatis-spring=org.mybatis.spring.config.NamespaceHandler, http://www.springframework.org/schema/c=org.springframework.beans.factory.xml.SimpleConstructorNamespaceHandler, http://www.springframework.org/schema/plugin=org.springframework.plugin.core.config.PluginNamespaceHandler, http://www.springframework.org/schema/tx=org.springframework.transaction.config.TxNamespaceHandler, http://www.springframework.org/schema/jms=org.springframework.jms.config.JmsNamespaceHandler, http://www.springframework.org/schema/task=org.springframework.scheduling.config.TaskNamespaceHandler, http://www.springframework.org/schema/lang=org.springframework.scripting.config.LangNamespaceHandler, http://www.springframework.org/schema/context=org.springframework.context.config.ContextNamespaceHandler}
- (4948 ms) - [DEBUG] 2018-12-30 19:24:58,560 org.springframework.core.env.StandardEnvironment - Adding [systemProperties] PropertySource with lowest search precedence
- (4949 ms) - [DEBUG] 2018-12-30 19:24:58,561 org.springframework.core.env.StandardEnvironment - Adding [systemEnvironment] PropertySource with lowest search precedence
- (4949 ms) - [DEBUG] 2018-12-30 19:24:58,561 org.springframework.core.env.StandardEnvironment - Initialized StandardEnvironment with PropertySources [systemProperties,systemEnvironment]
- (4951 ms) - [DEBUG] 2018-12-30 19:24:58,563 org.springframework.core.io.support.PathMatchingResourcePatternResolver - Looking for matching resources in directory tree [E:\ideaXM\itrip\itrip-biz\target\test-classes\cn\itrip\service]
- (4951 ms) - [DEBUG] 2018-12-30 19:24:58,563 org.springframework.core.io.support.PathMatchingResourcePatternResolver - Searching directory [E:\ideaXM\itrip\itrip-biz\target\test-classes\cn\itrip\service] for files matching pattern [E:/ideaXM/itrip/itrip-biz/target/test-classes/cn/itrip/service/**/*.class]
- (4952 ms) - [DEBUG] 2018-12-30 19:24:58,564 org.springframework.core.io.support.PathMatchingResourcePatternResolver - Searching directory [E:\ideaXM\itrip\itrip-biz\target\test-classes\cn\itrip\service\areadic] for files matching pattern [E:/ideaXM/itrip/itrip-biz/target/test-classes/cn/itrip/service/**/*.class]
- (4953 ms) - [DEBUG] 2018-12-30 19:24:58,565 org.springframework.core.io.support.PathMatchingResourcePatternResolver - Searching directory [E:\ideaXM\itrip\itrip-biz\target\test-classes\cn\itrip\service\labeldic] for files matching pattern [E:/ideaXM/itrip/itrip-biz/target/test-classes/cn/itrip/service/**/*.class]
- (4954 ms) - [DEBUG] 2018-12-30 19:24:58,566 org.springframework.core.io.support.PathMatchingResourcePatternResolver - Searching directory [E:\ideaXM\itrip\itrip-biz\target\test-classes\cn\itrip\service\user] for files matching pattern [E:/ideaXM/itrip/itrip-biz/target/test-classes/cn/itrip/service/**/*.class]
- (4970 ms) - [DEBUG] 2018-12-30 19:24:58,582 org.springframework.core.io.support.PathMatchingResourcePatternResolver - Searching directory [E:\ideaXM\itrip\itrip-biz\target\test-classes\cn\itrip\service\userlinkuser] for files matching pattern [E:/ideaXM/itrip/itrip-biz/target/test-classes/cn/itrip/service/**/*.class]
- (4970 ms) - [DEBUG] 2018-12-30 19:24:58,582 org.springframework.core.io.support.PathMatchingResourcePatternResolver - Looking for matching resources in directory tree [E:\ideaXM\itrip\itrip-biz\target\classes\cn\itrip\service]
- (4971 ms) - [DEBUG] 2018-12-30 19:24:58,583 org.springframework.core.io.support.PathMatchingResourcePatternResolver - Searching directory [E:\ideaXM\itrip\itrip-biz\target\classes\cn\itrip\service] for files matching pattern [E:/ideaXM/itrip/itrip-biz/target/classes/cn/itrip/service/**/*.class]
- (4972 ms) - [DEBUG] 2018-12-30 19:24:58,584 org.springframework.core.io.support.PathMatchingResourcePatternResolver - Searching directory [E:\ideaXM\itrip\itrip-biz\target\classes\cn\itrip\service\area] for files matching pattern [E:/ideaXM/itrip/itrip-biz/target/classes/cn/itrip/service/**/*.class]
- (4973 ms) - [DEBUG] 2018-12-30 19:24:58,585 org.springframework.core.io.support.PathMatchingResourcePatternResolver - Searching directory [E:\ideaXM\itrip\itrip-biz\target\classes\cn\itrip\service\areadic] for files matching pattern [E:/ideaXM/itrip/itrip-biz/target/classes/cn/itrip/service/**/*.class]
- (4977 ms) - [DEBUG] 2018-12-30 19:24:58,589 org.springframework.core.io.support.PathMatchingResourcePatternResolver - Searching directory [E:\ideaXM\itrip\itrip-biz\target\classes\cn\itrip\service\comment] for files matching pattern [E:/ideaXM/itrip/itrip-biz/target/classes/cn/itrip/service/**/*.class]
- (4978 ms) - [DEBUG] 2018-12-30 19:24:58,590 org.springframework.core.io.support.PathMatchingResourcePatternResolver - Searching directory [E:\ideaXM\itrip\itrip-biz\target\classes\cn\itrip\service\hotelorder] for files matching pattern [E:/ideaXM/itrip/itrip-biz/target/classes/cn/itrip/service/**/*.class]
- (4979 ms) - [DEBUG] 2018-12-30 19:24:58,591 org.springframework.core.io.support.PathMatchingResourcePatternResolver - Searching directory [E:\ideaXM\itrip\itrip-biz\target\classes\cn\itrip\service\image] for files matching pattern [E:/ideaXM/itrip/itrip-biz/target/classes/cn/itrip/service/**/*.class]
- (4979 ms) - [DEBUG] 2018-12-30 19:24:58,591 org.springframework.core.io.support.PathMatchingResourcePatternResolver - Searching directory [E:\ideaXM\itrip\itrip-biz\target\classes\cn\itrip\service\label] for files matching pattern [E:/ideaXM/itrip/itrip-biz/target/classes/cn/itrip/service/**/*.class]
- (4980 ms) - [DEBUG] 2018-12-30 19:24:58,592 org.springframework.core.io.support.PathMatchingResourcePatternResolver - Searching directory [E:\ideaXM\itrip\itrip-biz\target\classes\cn\itrip\service\labeldic] for files matching pattern [E:/ideaXM/itrip/itrip-biz/target/classes/cn/itrip/service/**/*.class]
- (4981 ms) - [DEBUG] 2018-12-30 19:24:58,593 org.springframework.core.io.support.PathMatchingResourcePatternResolver - Searching directory [E:\ideaXM\itrip\itrip-biz\target\classes\cn\itrip\service\user] for files matching pattern [E:/ideaXM/itrip/itrip-biz/target/classes/cn/itrip/service/**/*.class]
- (4982 ms) - [DEBUG] 2018-12-30 19:24:58,594 org.springframework.core.io.support.PathMatchingResourcePatternResolver - Searching directory [E:\ideaXM\itrip\itrip-biz\target\classes\cn\itrip\service\userlinkuser] for files matching pattern [E:/ideaXM/itrip/itrip-biz/target/classes/cn/itrip/service/**/*.class]
- (4985 ms) - [DEBUG] 2018-12-30 19:24:58,597 org.springframework.core.io.support.PathMatchingResourcePatternResolver - Resolved location pattern [classpath*:cn/itrip/service/**/*.class] to resources [file [E:\ideaXM\itrip\itrip-biz\target\test-classes\cn\itrip\service\areadic\TestItripAreaDicService.class], file [E:\ideaXM\itrip\itrip-biz\target\test-classes\cn\itrip\service\labeldic\TestItripLabelDicService.class], file [E:\ideaXM\itrip\itrip-biz\target\test-classes\cn\itrip\service\user\TestItripUserService.class], file [E:\ideaXM\itrip\itrip-biz\target\test-classes\cn\itrip\service\userlinkuser\TestItripUserLinkUserService.class], file [E:\ideaXM\itrip\itrip-biz\target\classes\cn\itrip\service\area\ItripHotService.class], file [E:\ideaXM\itrip\itrip-biz\target\classes\cn\itrip\service\area\ItripHotServiceImpl.class], file [E:\ideaXM\itrip\itrip-biz\target\classes\cn\itrip\service\areadic\ItripAreaDicService.class], file [E:\ideaXM\itrip\itrip-biz\target\classes\cn\itrip\service\areadic\ItripAreaDicServiceImpl.class], file [E:\ideaXM\itrip\itrip-biz\target\classes\cn\itrip\service\comment\ItripCommentService.class], file [E:\ideaXM\itrip\itrip-biz\target\classes\cn\itrip\service\comment\ItripCommentServiceImpl.class], file [E:\ideaXM\itrip\itrip-biz\target\classes\cn\itrip\service\hotelorder\ItripHotelOrderService.class], file [E:\ideaXM\itrip\itrip-biz\target\classes\cn\itrip\service\hotelorder\ItripHotelOrderServiceImpl.class], file [E:\ideaXM\itrip\itrip-biz\target\classes\cn\itrip\service\image\ItripImageService.class], file [E:\ideaXM\itrip\itrip-biz\target\classes\cn\itrip\service\image\ItripImageServiceImpl.class], file [E:\ideaXM\itrip\itrip-biz\target\classes\cn\itrip\service\label\ItripLabelService.class], file [E:\ideaXM\itrip\itrip-biz\target\classes\cn\itrip\service\label\ItripLabelServiceImpl.class], file [E:\ideaXM\itrip\itrip-biz\target\classes\cn\itrip\service\labeldic\ItripLabelDicService.class], file [E:\ideaXM\itrip\itrip-biz\target\classes\cn\itrip\service\labeldic\ItripLabelDicServiceImpl.class], file [E:\ideaXM\itrip\itrip-biz\target\classes\cn\itrip\service\user\ItripUserService.class], file [E:\ideaXM\itrip\itrip-biz\target\classes\cn\itrip\service\user\ItripUserServiceImpl.class], file [E:\ideaXM\itrip\itrip-biz\target\classes\cn\itrip\service\userlinkuser\ItripUserLinkUserService.class], file [E:\ideaXM\itrip\itrip-biz\target\classes\cn\itrip\service\userlinkuser\ItripUserLinkUserServiceImpl.class]]
- (4988 ms) - [DEBUG] 2018-12-30 19:24:58,600 org.springframework.context.annotation.ClassPathBeanDefinitionScanner - Identified candidate component class: file [E:\ideaXM\itrip\itrip-biz\target\classes\cn\itrip\service\area\ItripHotServiceImpl.class]
- (4989 ms) - [DEBUG] 2018-12-30 19:24:58,601 org.springframework.context.annotation.ClassPathBeanDefinitionScanner - Identified candidate component class: file [E:\ideaXM\itrip\itrip-biz\target\classes\cn\itrip\service\areadic\ItripAreaDicServiceImpl.class]
- (4991 ms) - [DEBUG] 2018-12-30 19:24:58,603 org.springframework.context.annotation.ClassPathBeanDefinitionScanner - Identified candidate component class: file [E:\ideaXM\itrip\itrip-biz\target\classes\cn\itrip\service\comment\ItripCommentServiceImpl.class]
- (4992 ms) - [DEBUG] 2018-12-30 19:24:58,604 org.springframework.context.annotation.ClassPathBeanDefinitionScanner - Identified candidate component class: file [E:\ideaXM\itrip\itrip-biz\target\classes\cn\itrip\service\hotelorder\ItripHotelOrderServiceImpl.class]
- (4996 ms) - [DEBUG] 2018-12-30 19:24:58,608 org.springframework.context.annotation.ClassPathBeanDefinitionScanner - Identified candidate component class: file [E:\ideaXM\itrip\itrip-biz\target\classes\cn\itrip\service\image\ItripImageServiceImpl.class]
- (4998 ms) - [DEBUG] 2018-12-30 19:24:58,610 org.springframework.context.annotation.ClassPathBeanDefinitionScanner - Identified candidate component class: file [E:\ideaXM\itrip\itrip-biz\target\classes\cn\itrip\service\label\ItripLabelServiceImpl.class]
- (4999 ms) - [DEBUG] 2018-12-30 19:24:58,611 org.springframework.context.annotation.ClassPathBeanDefinitionScanner - Identified candidate component class: file [E:\ideaXM\itrip\itrip-biz\target\classes\cn\itrip\service\labeldic\ItripLabelDicServiceImpl.class]
- (5000 ms) - [DEBUG] 2018-12-30 19:24:58,612 org.springframework.context.annotation.ClassPathBeanDefinitionScanner - Identified candidate component class: file [E:\ideaXM\itrip\itrip-biz\target\classes\cn\itrip\service\user\ItripUserServiceImpl.class]
- (5001 ms) - [DEBUG] 2018-12-30 19:24:58,613 org.springframework.context.annotation.ClassPathBeanDefinitionScanner - Identified candidate component class: file [E:\ideaXM\itrip\itrip-biz\target\classes\cn\itrip\service\userlinkuser\ItripUserLinkUserServiceImpl.class]
- (5012 ms) - [DEBUG] 2018-12-30 19:24:58,624 org.springframework.beans.factory.xml.BeanDefinitionParserDelegate - Neither XML 'id' nor 'name' specified - using generated bean name [org.mybatis.spring.mapper.MapperScannerConfigurer#0]
- (5013 ms) - [DEBUG] 2018-12-30 19:24:58,625 org.springframework.beans.factory.xml.XmlBeanDefinitionReader - Loaded 31 bean definitions from location pattern [applicationContext-mybatis.xml]
- (5014 ms) - [DEBUG] 2018-12-30 19:24:58,626 org.springframework.context.support.ClassPathXmlApplicationContext - Bean factory for org.springframework.context.support.ClassPathXmlApplicationContext@1eb6749b: org.springframework.beans.factory.support.DefaultListableBeanFactory@72445aba: defining beans [org.springframework.web.servlet.resource.DefaultServletHttpRequestHandler#0,org.springframework.web.servlet.handler.SimpleUrlHandlerMapping#0,org.springframework.web.servlet.handler.BeanNameUrlHandlerMapping,org.springframework.web.servlet.mvc.HttpRequestHandlerAdapter,org.springframework.web.servlet.mvc.SimpleControllerHandlerAdapter,itripHotServiceImpl,itripAreaDicServiceImpl,itripCommentServiceImpl,itripHotelOrderServiceImpl,itripImageServiceImpl,itripLabelServiceImpl,itripLabelDicServiceImpl,itripUserServiceImpl,itripUserLinkUserServiceImpl,org.springframework.context.annotation.internalConfigurationAnnotationProcessor,org.springframework.context.annotation.internalAutowiredAnnotationProcessor,org.springframework.context.annotation.internalRequiredAnnotationProcessor,org.springframework.context.annotation.internalCommonAnnotationProcessor,org.springframework.context.support.PropertySourcesPlaceholderConfigurer#0,dataSource,txManager,sqlSessionFactoryBean,org.springframework.aop.config.internalAutoProxyCreator,transService,org.springframework.aop.support.DefaultBeanFactoryPointcutAdvisor#0,myAdvice,org.mybatis.spring.mapper.MapperScannerConfigurer#0,jedisPoolConfig,jedisPool,redisAPI,validationToken]; root of factory hierarchy
- (5015 ms) - [DEBUG] 2018-12-30 19:24:58,627 org.springframework.beans.factory.support.DefaultListableBeanFactory - Creating shared instance of singleton bean 'org.springframework.context.annotation.internalConfigurationAnnotationProcessor'
- (5015 ms) - [DEBUG] 2018-12-30 19:24:58,627 org.springframework.beans.factory.support.DefaultListableBeanFactory - Creating instance of bean 'org.springframework.context.annotation.internalConfigurationAnnotationProcessor'
- (5016 ms) - [DEBUG] 2018-12-30 19:24:58,628 org.springframework.beans.factory.support.DefaultListableBeanFactory - Eagerly caching bean 'org.springframework.context.annotation.internalConfigurationAnnotationProcessor' to allow for resolving potential circular references
- (5016 ms) - [DEBUG] 2018-12-30 19:24:58,628 org.springframework.beans.factory.support.DefaultListableBeanFactory - Finished creating instance of bean 'org.springframework.context.annotation.internalConfigurationAnnotationProcessor'
- (5068 ms) - [DEBUG] 2018-12-30 19:24:58,680 org.springframework.beans.factory.support.DefaultListableBeanFactory - Creating shared instance of singleton bean 'org.mybatis.spring.mapper.MapperScannerConfigurer#0'
- (5068 ms) - [DEBUG] 2018-12-30 19:24:58,680 org.springframework.beans.factory.support.DefaultListableBeanFactory - Creating instance of bean 'org.mybatis.spring.mapper.MapperScannerConfigurer#0'
- (5068 ms) - [DEBUG] 2018-12-30 19:24:58,680 org.springframework.beans.factory.support.DefaultListableBeanFactory - Eagerly caching bean 'org.mybatis.spring.mapper.MapperScannerConfigurer#0' to allow for resolving potential circular references
- (5069 ms) - [DEBUG] 2018-12-30 19:24:58,681 org.springframework.beans.factory.support.DefaultListableBeanFactory - Invoking afterPropertiesSet() on bean with name 'org.mybatis.spring.mapper.MapperScannerConfigurer#0'
- (5069 ms) - [DEBUG] 2018-12-30 19:24:58,681 org.springframework.beans.factory.support.DefaultListableBeanFactory - Finished creating instance of bean 'org.mybatis.spring.mapper.MapperScannerConfigurer#0'
- (5069 ms) - [DEBUG] 2018-12-30 19:24:58,681 org.springframework.core.env.StandardEnvironment - Adding [systemProperties] PropertySource with lowest search precedence
- (5069 ms) - [DEBUG] 2018-12-30 19:24:58,681 org.springframework.core.env.StandardEnvironment - Adding [systemEnvironment] PropertySource with lowest search precedence
- (5070 ms) - [DEBUG] 2018-12-30 19:24:58,682 org.springframework.core.env.StandardEnvironment - Initialized StandardEnvironment with PropertySources [systemProperties,systemEnvironment]
- (5071 ms) - [DEBUG] 2018-12-30 19:24:58,683 org.springframework.core.io.support.PathMatchingResourcePatternResolver - Looking for matching resources in jar file [file:/E:/ideaXM/itrip/itrip-dao/target/itrip-dao-1.0-SNAPSHOT.jar]
- (5073 ms) - [DEBUG] 2018-12-30 19:24:58,685 org.springframework.core.io.support.PathMatchingResourcePatternResolver - Resolved location pattern [classpath*:cn/itrip/dao/**/*.class] to resources [URL [jar:file:/E:/ideaXM/itrip/itrip-dao/target/itrip-dao-1.0-SNAPSHOT.jar!/cn/itrip/dao/area/ItripHotMapper.class], URL [jar:file:/E:/ideaXM/itrip/itrip-dao/target/itrip-dao-1.0-SNAPSHOT.jar!/cn/itrip/dao/areadic/ItripAreaDicMapper.class], URL [jar:file:/E:/ideaXM/itrip/itrip-dao/target/itrip-dao-1.0-SNAPSHOT.jar!/cn/itrip/dao/comment/ItripCommentMapper.class], URL [jar:file:/E:/ideaXM/itrip/itrip-dao/target/itrip-dao-1.0-SNAPSHOT.jar!/cn/itrip/dao/hotel/ItripHotelMapper.class], URL [jar:file:/E:/ideaXM/itrip/itrip-dao/target/itrip-dao-1.0-SNAPSHOT.jar!/cn/itrip/dao/hotelorder/ItripHotelOrderMapper.class], URL [jar:file:/E:/ideaXM/itrip/itrip-dao/target/itrip-dao-1.0-SNAPSHOT.jar!/cn/itrip/dao/image/ItripImageMapper.class], URL [jar:file:/E:/ideaXM/itrip/itrip-dao/target/itrip-dao-1.0-SNAPSHOT.jar!/cn/itrip/dao/label/ItripLabelMapper.class], URL [jar:file:/E:/ideaXM/itrip/itrip-dao/target/itrip-dao-1.0-SNAPSHOT.jar!/cn/itrip/dao/labeldic/ItripLabelDicMapper.class], URL [jar:file:/E:/ideaXM/itrip/itrip-dao/target/itrip-dao-1.0-SNAPSHOT.jar!/cn/itrip/dao/user/ItripUserMapper.class], URL [jar:file:/E:/ideaXM/itrip/itrip-dao/target/itrip-dao-1.0-SNAPSHOT.jar!/cn/itrip/dao/userlinkuser/ItripUserLinkUserMapper.class]]
- (5074 ms) - [DEBUG] 2018-12-30 19:24:58,686 org.mybatis.spring.mapper.ClassPathMapperScanner - Identified candidate component class: URL [jar:file:/E:/ideaXM/itrip/itrip-dao/target/itrip-dao-1.0-SNAPSHOT.jar!/cn/itrip/dao/area/ItripHotMapper.class]
- (5075 ms) - [DEBUG] 2018-12-30 19:24:58,687 org.mybatis.spring.mapper.ClassPathMapperScanner - Identified candidate component class: URL [jar:file:/E:/ideaXM/itrip/itrip-dao/target/itrip-dao-1.0-SNAPSHOT.jar!/cn/itrip/dao/areadic/ItripAreaDicMapper.class]
- (5077 ms) - [DEBUG] 2018-12-30 19:24:58,689 org.mybatis.spring.mapper.ClassPathMapperScanner - Identified candidate component class: URL [jar:file:/E:/ideaXM/itrip/itrip-dao/target/itrip-dao-1.0-SNAPSHOT.jar!/cn/itrip/dao/comment/ItripCommentMapper.class]
- (5078 ms) - [DEBUG] 2018-12-30 19:24:58,690 org.mybatis.spring.mapper.ClassPathMapperScanner - Identified candidate component class: URL [jar:file:/E:/ideaXM/itrip/itrip-dao/target/itrip-dao-1.0-SNAPSHOT.jar!/cn/itrip/dao/hotel/ItripHotelMapper.class]
- (5079 ms) - [DEBUG] 2018-12-30 19:24:58,691 org.mybatis.spring.mapper.ClassPathMapperScanner - Identified candidate component class: URL [jar:file:/E:/ideaXM/itrip/itrip-dao/target/itrip-dao-1.0-SNAPSHOT.jar!/cn/itrip/dao/hotelorder/ItripHotelOrderMapper.class]
- (5082 ms) - [DEBUG] 2018-12-30 19:24:58,694 org.mybatis.spring.mapper.ClassPathMapperScanner - Identified candidate component class: URL [jar:file:/E:/ideaXM/itrip/itrip-dao/target/itrip-dao-1.0-SNAPSHOT.jar!/cn/itrip/dao/image/ItripImageMapper.class]
- (5084 ms) - [DEBUG] 2018-12-30 19:24:58,696 org.mybatis.spring.mapper.ClassPathMapperScanner - Identified candidate component class: URL [jar:file:/E:/ideaXM/itrip/itrip-dao/target/itrip-dao-1.0-SNAPSHOT.jar!/cn/itrip/dao/label/ItripLabelMapper.class]
- (5086 ms) - [DEBUG] 2018-12-30 19:24:58,698 org.mybatis.spring.mapper.ClassPathMapperScanner - Identified candidate component class: URL [jar:file:/E:/ideaXM/itrip/itrip-dao/target/itrip-dao-1.0-SNAPSHOT.jar!/cn/itrip/dao/labeldic/ItripLabelDicMapper.class]
- (5086 ms) - [DEBUG] 2018-12-30 19:24:58,698 org.mybatis.spring.mapper.ClassPathMapperScanner - Identified candidate component class: URL [jar:file:/E:/ideaXM/itrip/itrip-dao/target/itrip-dao-1.0-SNAPSHOT.jar!/cn/itrip/dao/user/ItripUserMapper.class]
- (5087 ms) - [DEBUG] 2018-12-30 19:24:58,699 org.mybatis.spring.mapper.ClassPathMapperScanner - Identified candidate component class: URL [jar:file:/E:/ideaXM/itrip/itrip-dao/target/itrip-dao-1.0-SNAPSHOT.jar!/cn/itrip/dao/userlinkuser/ItripUserLinkUserMapper.class]
- (5088 ms) - [DEBUG] 2018-12-30 19:24:58,700 org.mybatis.spring.mapper.ClassPathMapperScanner - Creating MapperFactoryBean with name 'itripHotMapper' and 'cn.itrip.dao.area.ItripHotMapper' mapperInterface
- (5088 ms) - [DEBUG] 2018-12-30 19:24:58,700 org.mybatis.spring.mapper.ClassPathMapperScanner - Enabling autowire by type for MapperFactoryBean with name 'itripHotMapper'.
- (5089 ms) - [DEBUG] 2018-12-30 19:24:58,701 org.mybatis.spring.mapper.ClassPathMapperScanner - Creating MapperFactoryBean with name 'itripAreaDicMapper' and 'cn.itrip.dao.areadic.ItripAreaDicMapper' mapperInterface
- (5089 ms) - [DEBUG] 2018-12-30 19:24:58,701 org.mybatis.spring.mapper.ClassPathMapperScanner - Enabling autowire by type for MapperFactoryBean with name 'itripAreaDicMapper'.
- (5090 ms) - [DEBUG] 2018-12-30 19:24:58,702 org.mybatis.spring.mapper.ClassPathMapperScanner - Creating MapperFactoryBean with name 'itripCommentMapper' and 'cn.itrip.dao.comment.ItripCommentMapper' mapperInterface
- (5090 ms) - [DEBUG] 2018-12-30 19:24:58,702 org.mybatis.spring.mapper.ClassPathMapperScanner - Enabling autowire by type for MapperFactoryBean with name 'itripCommentMapper'.
- (5090 ms) - [DEBUG] 2018-12-30 19:24:58,702 org.mybatis.spring.mapper.ClassPathMapperScanner - Creating MapperFactoryBean with name 'itripHotelMapper' and 'cn.itrip.dao.hotel.ItripHotelMapper' mapperInterface
- (5090 ms) - [DEBUG] 2018-12-30 19:24:58,702 org.mybatis.spring.mapper.ClassPathMapperScanner - Enabling autowire by type for MapperFactoryBean with name 'itripHotelMapper'.
- (5090 ms) - [DEBUG] 2018-12-30 19:24:58,702 org.mybatis.spring.mapper.ClassPathMapperScanner - Creating MapperFactoryBean with name 'itripHotelOrderMapper' and 'cn.itrip.dao.hotelorder.ItripHotelOrderMapper' mapperInterface
- (5091 ms) - [DEBUG] 2018-12-30 19:24:58,703 org.mybatis.spring.mapper.ClassPathMapperScanner - Enabling autowire by type for MapperFactoryBean with name 'itripHotelOrderMapper'.
- (5091 ms) - [DEBUG] 2018-12-30 19:24:58,703 org.mybatis.spring.mapper.ClassPathMapperScanner - Creating MapperFactoryBean with name 'itripImageMapper' and 'cn.itrip.dao.image.ItripImageMapper' mapperInterface
- (5091 ms) - [DEBUG] 2018-12-30 19:24:58,703 org.mybatis.spring.mapper.ClassPathMapperScanner - Enabling autowire by type for MapperFactoryBean with name 'itripImageMapper'.
- (5091 ms) - [DEBUG] 2018-12-30 19:24:58,703 org.mybatis.spring.mapper.ClassPathMapperScanner - Creating MapperFactoryBean with name 'itripLabelMapper' and 'cn.itrip.dao.label.ItripLabelMapper' mapperInterface
- (5092 ms) - [DEBUG] 2018-12-30 19:24:58,704 org.mybatis.spring.mapper.ClassPathMapperScanner - Enabling autowire by type for MapperFactoryBean with name 'itripLabelMapper'.
- (5092 ms) - [DEBUG] 2018-12-30 19:24:58,704 org.mybatis.spring.mapper.ClassPathMapperScanner - Creating MapperFactoryBean with name 'itripLabelDicMapper' and 'cn.itrip.dao.labeldic.ItripLabelDicMapper' mapperInterface
- (5092 ms) - [DEBUG] 2018-12-30 19:24:58,704 org.mybatis.spring.mapper.ClassPathMapperScanner - Enabling autowire by type for MapperFactoryBean with name 'itripLabelDicMapper'.
- (5093 ms) - [DEBUG] 2018-12-30 19:24:58,705 org.mybatis.spring.mapper.ClassPathMapperScanner - Creating MapperFactoryBean with name 'itripUserMapper' and 'cn.itrip.dao.user.ItripUserMapper' mapperInterface
- (5094 ms) - [DEBUG] 2018-12-30 19:24:58,706 org.mybatis.spring.mapper.ClassPathMapperScanner - Enabling autowire by type for MapperFactoryBean with name 'itripUserMapper'.
- (5094 ms) - [DEBUG] 2018-12-30 19:24:58,706 org.mybatis.spring.mapper.ClassPathMapperScanner - Creating MapperFactoryBean with name 'itripUserLinkUserMapper' and 'cn.itrip.dao.userlinkuser.ItripUserLinkUserMapper' mapperInterface
- (5094 ms) - [DEBUG] 2018-12-30 19:24:58,706 org.mybatis.spring.mapper.ClassPathMapperScanner - Enabling autowire by type for MapperFactoryBean with name 'itripUserLinkUserMapper'.
- (5097 ms) - [DEBUG] 2018-12-30 19:24:58,709 org.springframework.beans.factory.support.DefaultListableBeanFactory - Creating shared instance of singleton bean 'org.springframework.context.support.PropertySourcesPlaceholderConfigurer#0'
- (5097 ms) - [DEBUG] 2018-12-30 19:24:58,709 org.springframework.beans.factory.support.DefaultListableBeanFactory - Creating instance of bean 'org.springframework.context.support.PropertySourcesPlaceholderConfigurer#0'
- (5106 ms) - [DEBUG] 2018-12-30 19:24:58,718 org.springframework.beans.factory.support.DefaultListableBeanFactory - Eagerly caching bean 'org.springframework.context.support.PropertySourcesPlaceholderConfigurer#0' to allow for resolving potential circular references
- (5106 ms) - [DEBUG] 2018-12-30 19:24:58,718 org.springframework.beans.factory.support.DefaultListableBeanFactory - Finished creating instance of bean 'org.springframework.context.support.PropertySourcesPlaceholderConfigurer#0'
- (5107 ms) - [DEBUG] 2018-12-30 19:24:58,719 org.springframework.core.env.MutablePropertySources - Adding [environmentProperties] PropertySource with lowest search precedence
- (5107 ms) - [INFO] 2018-12-30 19:24:58,719 org.springframework.context.support.PropertySourcesPlaceholderConfigurer - Loading properties file from class path resource [database.properties]
- (5107 ms) - [DEBUG] 2018-12-30 19:24:58,719 org.springframework.core.env.MutablePropertySources - Adding [localProperties] PropertySource with lowest search precedence
- (5108 ms) - [DEBUG] 2018-12-30 19:24:58,720 org.springframework.core.env.PropertySourcesPropertyResolver - Searching for key 'mysql.driver' in [environmentProperties]
- (5108 ms) - [DEBUG] 2018-12-30 19:24:58,720 org.springframework.core.env.PropertySourcesPropertyResolver - Searching for key 'mysql.driver' in [systemProperties]
- (5109 ms) - [DEBUG] 2018-12-30 19:24:58,721 org.springframework.core.env.PropertySourcesPropertyResolver - Searching for key 'mysql.driver' in [systemEnvironment]
- (5110 ms) - [DEBUG] 2018-12-30 19:24:58,722 org.springframework.core.env.PropertySourcesPropertyResolver - Could not find key 'mysql.driver' in any property source. Returning [null]
- (5110 ms) - [DEBUG] 2018-12-30 19:24:58,722 org.springframework.core.env.PropertySourcesPropertyResolver - Searching for key 'mysql.driver' in [localProperties]
- (5111 ms) - [DEBUG] 2018-12-30 19:24:58,723 org.springframework.core.env.PropertySourcesPropertyResolver - Found key 'mysql.driver' in [localProperties] with type [String] and value 'com.mysql.jdbc.Driver'
- (5111 ms) - [DEBUG] 2018-12-30 19:24:58,723 org.springframework.core.env.PropertySourcesPropertyResolver - Searching for key 'mysql.url' in [environmentProperties]
- (5111 ms) - [DEBUG] 2018-12-30 19:24:58,723 org.springframework.core.env.PropertySourcesPropertyResolver - Searching for key 'mysql.url' in [systemProperties]
- (5111 ms) - [DEBUG] 2018-12-30 19:24:58,723 org.springframework.core.env.PropertySourcesPropertyResolver - Searching for key 'mysql.url' in [systemEnvironment]
- (5112 ms) - [DEBUG] 2018-12-30 19:24:58,724 org.springframework.core.env.PropertySourcesPropertyResolver - Could not find key 'mysql.url' in any property source. Returning [null]
- (5112 ms) - [DEBUG] 2018-12-30 19:24:58,724 org.springframework.core.env.PropertySourcesPropertyResolver - Searching for key 'mysql.url' in [localProperties]
- (5112 ms) - [DEBUG] 2018-12-30 19:24:58,724 org.springframework.core.env.PropertySourcesPropertyResolver - Found key 'mysql.url' in [localProperties] with type [String] and value 'jdbc:mysql://127.0.0.1:3306/itripdb?useUnicode=true&characterEncoding=utf-8'
- (5112 ms) - [DEBUG] 2018-12-30 19:24:58,724 org.springframework.core.env.PropertySourcesPropertyResolver - Searching for key 'mysql.user' in [environmentProperties]
- (5113 ms) - [DEBUG] 2018-12-30 19:24:58,725 org.springframework.core.env.PropertySourcesPropertyResolver - Searching for key 'mysql.user' in [systemProperties]
- (5113 ms) - [DEBUG] 2018-12-30 19:24:58,725 org.springframework.core.env.PropertySourcesPropertyResolver - Searching for key 'mysql.user' in [systemEnvironment]
- (5113 ms) - [DEBUG] 2018-12-30 19:24:58,725 org.springframework.core.env.PropertySourcesPropertyResolver - Could not find key 'mysql.user' in any property source. Returning [null]
- (5113 ms) - [DEBUG] 2018-12-30 19:24:58,725 org.springframework.core.env.PropertySourcesPropertyResolver - Searching for key 'mysql.user' in [localProperties]
- (5113 ms) - [DEBUG] 2018-12-30 19:24:58,725 org.springframework.core.env.PropertySourcesPropertyResolver - Found key 'mysql.user' in [localProperties] with type [String] and value 'itrip'
- (5114 ms) - [DEBUG] 2018-12-30 19:24:58,726 org.springframework.core.env.PropertySourcesPropertyResolver - Searching for key 'mysql.password' in [environmentProperties]
- (5114 ms) - [DEBUG] 2018-12-30 19:24:58,726 org.springframework.core.env.PropertySourcesPropertyResolver - Searching for key 'mysql.password' in [systemProperties]
- (5114 ms) - [DEBUG] 2018-12-30 19:24:58,726 org.springframework.core.env.PropertySourcesPropertyResolver - Searching for key 'mysql.password' in [systemEnvironment]
- (5114 ms) - [DEBUG] 2018-12-30 19:24:58,726 org.springframework.core.env.PropertySourcesPropertyResolver - Could not find key 'mysql.password' in any property source. Returning [null]
- (5115 ms) - [DEBUG] 2018-12-30 19:24:58,727 org.springframework.core.env.PropertySourcesPropertyResolver - Searching for key 'mysql.password' in [localProperties]
- (5115 ms) - [DEBUG] 2018-12-30 19:24:58,727 org.springframework.core.env.PropertySourcesPropertyResolver - Found key 'mysql.password' in [localProperties] with type [String] and value 'itripqaz!@#$QAZXXX'
- (5115 ms) - [DEBUG] 2018-12-30 19:24:58,727 org.springframework.core.env.PropertySourcesPropertyResolver - Searching for key 'mysql.initialSize' in [environmentProperties]
- (5115 ms) - [DEBUG] 2018-12-30 19:24:58,727 org.springframework.core.env.PropertySourcesPropertyResolver - Searching for key 'mysql.initialSize' in [systemProperties]
- (5116 ms) - [DEBUG] 2018-12-30 19:24:58,728 org.springframework.core.env.PropertySourcesPropertyResolver - Searching for key 'mysql.initialSize' in [systemEnvironment]
- (5116 ms) - [DEBUG] 2018-12-30 19:24:58,728 org.springframework.core.env.PropertySourcesPropertyResolver - Could not find key 'mysql.initialSize' in any property source. Returning [null]
- (5116 ms) - [DEBUG] 2018-12-30 19:24:58,728 org.springframework.core.env.PropertySourcesPropertyResolver - Searching for key 'mysql.initialSize' in [localProperties]
- (5116 ms) - [DEBUG] 2018-12-30 19:24:58,728 org.springframework.core.env.PropertySourcesPropertyResolver - Found key 'mysql.initialSize' in [localProperties] with type [String] and value '5'
- (5116 ms) - [DEBUG] 2018-12-30 19:24:58,728 org.springframework.core.env.PropertySourcesPropertyResolver - Searching for key 'mysql.maxActive' in [environmentProperties]
- (5117 ms) - [DEBUG] 2018-12-30 19:24:58,729 org.springframework.core.env.PropertySourcesPropertyResolver - Searching for key 'mysql.maxActive' in [systemProperties]
- (5118 ms) - [DEBUG] 2018-12-30 19:24:58,730 org.springframework.core.env.PropertySourcesPropertyResolver - Searching for key 'mysql.maxActive' in [systemEnvironment]
- (5118 ms) - [DEBUG] 2018-12-30 19:24:58,730 org.springframework.core.env.PropertySourcesPropertyResolver - Could not find key 'mysql.maxActive' in any property source. Returning [null]
- (5118 ms) - [DEBUG] 2018-12-30 19:24:58,730 org.springframework.core.env.PropertySourcesPropertyResolver - Searching for key 'mysql.maxActive' in [localProperties]
- (5118 ms) - [DEBUG] 2018-12-30 19:24:58,730 org.springframework.core.env.PropertySourcesPropertyResolver - Found key 'mysql.maxActive' in [localProperties] with type [String] and value '100'
- (5118 ms) - [DEBUG] 2018-12-30 19:24:58,730 org.springframework.core.env.PropertySourcesPropertyResolver - Searching for key 'mysql.maxIdle' in [environmentProperties]
- (5119 ms) - [DEBUG] 2018-12-30 19:24:58,731 org.springframework.core.env.PropertySourcesPropertyResolver - Searching for key 'mysql.maxIdle' in [systemProperties]
- (5119 ms) - [DEBUG] 2018-12-30 19:24:58,731 org.springframework.core.env.PropertySourcesPropertyResolver - Searching for key 'mysql.maxIdle' in [systemEnvironment]
- (5119 ms) - [DEBUG] 2018-12-30 19:24:58,731 org.springframework.core.env.PropertySourcesPropertyResolver - Could not find key 'mysql.maxIdle' in any property source. Returning [null]
- (5119 ms) - [DEBUG] 2018-12-30 19:24:58,731 org.springframework.core.env.PropertySourcesPropertyResolver - Searching for key 'mysql.maxIdle' in [localProperties]
- (5119 ms) - [DEBUG] 2018-12-30 19:24:58,731 org.springframework.core.env.PropertySourcesPropertyResolver - Found key 'mysql.maxIdle' in [localProperties] with type [String] and value '50'
- (5120 ms) - [DEBUG] 2018-12-30 19:24:58,732 org.springframework.core.env.PropertySourcesPropertyResolver - Searching for key 'mysql.minIdle' in [environmentProperties]
- (5120 ms) - [DEBUG] 2018-12-30 19:24:58,732 org.springframework.core.env.PropertySourcesPropertyResolver - Searching for key 'mysql.minIdle' in [systemProperties]
- (5121 ms) - [DEBUG] 2018-12-30 19:24:58,733 org.springframework.core.env.PropertySourcesPropertyResolver - Searching for key 'mysql.minIdle' in [systemEnvironment]
- (5122 ms) - [DEBUG] 2018-12-30 19:24:58,734 org.springframework.core.env.PropertySourcesPropertyResolver - Could not find key 'mysql.minIdle' in any property source. Returning [null]
- (5122 ms) - [DEBUG] 2018-12-30 19:24:58,734 org.springframework.core.env.PropertySourcesPropertyResolver - Searching for key 'mysql.minIdle' in [localProperties]
- (5122 ms) - [DEBUG] 2018-12-30 19:24:58,734 org.springframework.core.env.PropertySourcesPropertyResolver - Found key 'mysql.minIdle' in [localProperties] with type [String] and value '45'
- (5123 ms) - [DEBUG] 2018-12-30 19:24:58,735 org.springframework.core.env.PropertySourcesPropertyResolver - Searching for key 'mysql.maxWait' in [environmentProperties]
- (5123 ms) - [DEBUG] 2018-12-30 19:24:58,735 org.springframework.core.env.PropertySourcesPropertyResolver - Searching for key 'mysql.maxWait' in [systemProperties]
- (5123 ms) - [DEBUG] 2018-12-30 19:24:58,735 org.springframework.core.env.PropertySourcesPropertyResolver - Searching for key 'mysql.maxWait' in [systemEnvironment]
- (5123 ms) - [DEBUG] 2018-12-30 19:24:58,735 org.springframework.core.env.PropertySourcesPropertyResolver - Could not find key 'mysql.maxWait' in any property source. Returning [null]
- (5123 ms) - [DEBUG] 2018-12-30 19:24:58,735 org.springframework.core.env.PropertySourcesPropertyResolver - Searching for key 'mysql.maxWait' in [localProperties]
- (5124 ms) - [DEBUG] 2018-12-30 19:24:58,736 org.springframework.core.env.PropertySourcesPropertyResolver - Found key 'mysql.maxWait' in [localProperties] with type [String] and value '100'
- (5124 ms) - [DEBUG] 2018-12-30 19:24:58,736 org.springframework.core.env.PropertySourcesPropertyResolver - Searching for key 'mysql.removeAbandoned' in [environmentProperties]
- (5124 ms) - [DEBUG] 2018-12-30 19:24:58,736 org.springframework.core.env.PropertySourcesPropertyResolver - Searching for key 'mysql.removeAbandoned' in [systemProperties]
- (5124 ms) - [DEBUG] 2018-12-30 19:24:58,736 org.springframework.core.env.PropertySourcesPropertyResolver - Searching for key 'mysql.removeAbandoned' in [systemEnvironment]
- (5124 ms) - [DEBUG] 2018-12-30 19:24:58,736 org.springframework.core.env.PropertySourcesPropertyResolver - Could not find key 'mysql.removeAbandoned' in any property source. Returning [null]
- (5124 ms) - [DEBUG] 2018-12-30 19:24:58,736 org.springframework.core.env.PropertySourcesPropertyResolver - Searching for key 'mysql.removeAbandoned' in [localProperties]
- (5125 ms) - [DEBUG] 2018-12-30 19:24:58,737 org.springframework.core.env.PropertySourcesPropertyResolver - Found key 'mysql.removeAbandoned' in [localProperties] with type [String] and value 'true'
- (5125 ms) - [DEBUG] 2018-12-30 19:24:58,737 org.springframework.core.env.PropertySourcesPropertyResolver - Searching for key 'mysql.removeAbandonedTimeout' in [environmentProperties]
- (5125 ms) - [DEBUG] 2018-12-30 19:24:58,737 org.springframework.core.env.PropertySourcesPropertyResolver - Searching for key 'mysql.removeAbandonedTimeout' in [systemProperties]
- (5125 ms) - [DEBUG] 2018-12-30 19:24:58,737 org.springframework.core.env.PropertySourcesPropertyResolver - Searching for key 'mysql.removeAbandonedTimeout' in [systemEnvironment]
- (5125 ms) - [DEBUG] 2018-12-30 19:24:58,737 org.springframework.core.env.PropertySourcesPropertyResolver - Could not find key 'mysql.removeAbandonedTimeout' in any property source. Returning [null]
- (5125 ms) - [DEBUG] 2018-12-30 19:24:58,737 org.springframework.core.env.PropertySourcesPropertyResolver - Searching for key 'mysql.removeAbandonedTimeout' in [localProperties]
- (5126 ms) - [DEBUG] 2018-12-30 19:24:58,738 org.springframework.core.env.PropertySourcesPropertyResolver - Found key 'mysql.removeAbandonedTimeout' in [localProperties] with type [String] and value '180'
- (5126 ms) - [DEBUG] 2018-12-30 19:24:58,738 org.springframework.core.env.PropertySourcesPropertyResolver - Searching for key 'mysql.maxActive' in [environmentProperties]
- (5126 ms) - [DEBUG] 2018-12-30 19:24:58,738 org.springframework.core.env.PropertySourcesPropertyResolver - Searching for key 'mysql.maxActive' in [systemProperties]
- (5126 ms) - [DEBUG] 2018-12-30 19:24:58,738 org.springframework.core.env.PropertySourcesPropertyResolver - Searching for key 'mysql.maxActive' in [systemEnvironment]
- (5126 ms) - [DEBUG] 2018-12-30 19:24:58,738 org.springframework.core.env.PropertySourcesPropertyResolver - Could not find key 'mysql.maxActive' in any property source. Returning [null]
- (5127 ms) - [DEBUG] 2018-12-30 19:24:58,739 org.springframework.core.env.PropertySourcesPropertyResolver - Searching for key 'mysql.maxActive' in [localProperties]
- (5127 ms) - [DEBUG] 2018-12-30 19:24:58,739 org.springframework.core.env.PropertySourcesPropertyResolver - Found key 'mysql.maxActive' in [localProperties] with type [String] and value '100'
- (5128 ms) - [DEBUG] 2018-12-30 19:24:58,740 org.springframework.core.env.PropertySourcesPropertyResolver - Searching for key 'redis.maxActive' in [environmentProperties]
- (5128 ms) - [DEBUG] 2018-12-30 19:24:58,740 org.springframework.core.env.PropertySourcesPropertyResolver - Searching for key 'redis.maxActive' in [systemProperties]
- (5129 ms) - [DEBUG] 2018-12-30 19:24:58,741 org.springframework.core.env.PropertySourcesPropertyResolver - Searching for key 'redis.maxActive' in [systemEnvironment]
- (5129 ms) - [DEBUG] 2018-12-30 19:24:58,741 org.springframework.core.env.PropertySourcesPropertyResolver - Could not find key 'redis.maxActive' in any property source. Returning [null]
- (5129 ms) - [DEBUG] 2018-12-30 19:24:58,741 org.springframework.core.env.PropertySourcesPropertyResolver - Searching for key 'redis.maxActive' in [localProperties]
- (5130 ms) - [DEBUG] 2018-12-30 19:24:58,742 org.springframework.core.env.PropertySourcesPropertyResolver - Found key 'redis.maxActive' in [localProperties] with type [String] and value '300'
- (5130 ms) - [DEBUG] 2018-12-30 19:24:58,742 org.springframework.core.env.PropertySourcesPropertyResolver - Searching for key 'redis.maxIdle' in [environmentProperties]
- (5131 ms) - [DEBUG] 2018-12-30 19:24:58,743 org.springframework.core.env.PropertySourcesPropertyResolver - Searching for key 'redis.maxIdle' in [systemProperties]
- (5131 ms) - [DEBUG] 2018-12-30 19:24:58,743 org.springframework.core.env.PropertySourcesPropertyResolver - Searching for key 'redis.maxIdle' in [systemEnvironment]
- (5131 ms) - [DEBUG] 2018-12-30 19:24:58,743 org.springframework.core.env.PropertySourcesPropertyResolver - Could not find key 'redis.maxIdle' in any property source. Returning [null]
- (5131 ms) - [DEBUG] 2018-12-30 19:24:58,743 org.springframework.core.env.PropertySourcesPropertyResolver - Searching for key 'redis.maxIdle' in [localProperties]
- (5132 ms) - [DEBUG] 2018-12-30 19:24:58,744 org.springframework.core.env.PropertySourcesPropertyResolver - Found key 'redis.maxIdle' in [localProperties] with type [String] and value '100'
- (5132 ms) - [DEBUG] 2018-12-30 19:24:58,744 org.springframework.core.env.PropertySourcesPropertyResolver - Searching for key 'redis.maxWait' in [environmentProperties]
- (5132 ms) - [DEBUG] 2018-12-30 19:24:58,744 org.springframework.core.env.PropertySourcesPropertyResolver - Searching for key 'redis.maxWait' in [systemProperties]
- (5132 ms) - [DEBUG] 2018-12-30 19:24:58,744 org.springframework.core.env.PropertySourcesPropertyResolver - Searching for key 'redis.maxWait' in [systemEnvironment]
- (5132 ms) - [DEBUG] 2018-12-30 19:24:58,744 org.springframework.core.env.PropertySourcesPropertyResolver - Could not find key 'redis.maxWait' in any property source. Returning [null]
- (5133 ms) - [DEBUG] 2018-12-30 19:24:58,745 org.springframework.core.env.PropertySourcesPropertyResolver - Searching for key 'redis.maxWait' in [localProperties]
- (5133 ms) - [DEBUG] 2018-12-30 19:24:58,745 org.springframework.core.env.PropertySourcesPropertyResolver - Found key 'redis.maxWait' in [localProperties] with type [String] and value '1000'
- (5133 ms) - [DEBUG] 2018-12-30 19:24:58,745 org.springframework.core.env.PropertySourcesPropertyResolver - Searching for key 'redis.host' in [environmentProperties]
- (5133 ms) - [DEBUG] 2018-12-30 19:24:58,745 org.springframework.core.env.PropertySourcesPropertyResolver - Searching for key 'redis.host' in [systemProperties]
- (5134 ms) - [DEBUG] 2018-12-30 19:24:58,746 org.springframework.core.env.PropertySourcesPropertyResolver - Searching for key 'redis.host' in [systemEnvironment]
- (5134 ms) - [DEBUG] 2018-12-30 19:24:58,746 org.springframework.core.env.PropertySourcesPropertyResolver - Could not find key 'redis.host' in any property source. Returning [null]
- (5134 ms) - [DEBUG] 2018-12-30 19:24:58,746 org.springframework.core.env.PropertySourcesPropertyResolver - Searching for key 'redis.host' in [localProperties]
- (5134 ms) - [DEBUG] 2018-12-30 19:24:58,746 org.springframework.core.env.PropertySourcesPropertyResolver - Found key 'redis.host' in [localProperties] with type [String] and value '127.0.0.1'
- (5135 ms) - [DEBUG] 2018-12-30 19:24:58,747 org.springframework.core.env.PropertySourcesPropertyResolver - Searching for key 'redis.port' in [environmentProperties]
- (5135 ms) - [DEBUG] 2018-12-30 19:24:58,747 org.springframework.core.env.PropertySourcesPropertyResolver - Searching for key 'redis.port' in [systemProperties]
- (5135 ms) - [DEBUG] 2018-12-30 19:24:58,747 org.springframework.core.env.PropertySourcesPropertyResolver - Searching for key 'redis.port' in [systemEnvironment]
- (5135 ms) - [DEBUG] 2018-12-30 19:24:58,747 org.springframework.core.env.PropertySourcesPropertyResolver - Could not find key 'redis.port' in any property source. Returning [null]
- (5135 ms) - [DEBUG] 2018-12-30 19:24:58,747 org.springframework.core.env.PropertySourcesPropertyResolver - Searching for key 'redis.port' in [localProperties]
- (5136 ms) - [DEBUG] 2018-12-30 19:24:58,748 org.springframework.core.env.PropertySourcesPropertyResolver - Found key 'redis.port' in [localProperties] with type [String] and value '6379'
- (5137 ms) - [DEBUG] 2018-12-30 19:24:58,749 org.springframework.core.env.PropertySourcesPropertyResolver - Searching for key 'redis.timeout' in [environmentProperties]
- (5137 ms) - [DEBUG] 2018-12-30 19:24:58,749 org.springframework.core.env.PropertySourcesPropertyResolver - Searching for key 'redis.timeout' in [systemProperties]
- (5138 ms) - [DEBUG] 2018-12-30 19:24:58,750 org.springframework.core.env.PropertySourcesPropertyResolver - Searching for key 'redis.timeout' in [systemEnvironment]
- (5138 ms) - [DEBUG] 2018-12-30 19:24:58,750 org.springframework.core.env.PropertySourcesPropertyResolver - Could not find key 'redis.timeout' in any property source. Returning [null]
- (5138 ms) - [DEBUG] 2018-12-30 19:24:58,750 org.springframework.core.env.PropertySourcesPropertyResolver - Searching for key 'redis.timeout' in [localProperties]
- (5138 ms) - [DEBUG] 2018-12-30 19:24:58,750 org.springframework.core.env.PropertySourcesPropertyResolver - Found key 'redis.timeout' in [localProperties] with type [String] and value '3000'
- (5138 ms) - [DEBUG] 2018-12-30 19:24:58,750 org.springframework.core.env.PropertySourcesPropertyResolver - Searching for key 'redis.pass' in [environmentProperties]
- (5142 ms) - [DEBUG] 2018-12-30 19:24:58,754 org.springframework.core.env.PropertySourcesPropertyResolver - Searching for key 'redis.pass' in [systemProperties]
- (5142 ms) - [DEBUG] 2018-12-30 19:24:58,754 org.springframework.core.env.PropertySourcesPropertyResolver - Searching for key 'redis.pass' in [systemEnvironment]
- (5143 ms) - [DEBUG] 2018-12-30 19:24:58,755 org.springframework.core.env.PropertySourcesPropertyResolver - Could not find key 'redis.pass' in any property source. Returning [null]
- (5143 ms) - [DEBUG] 2018-12-30 19:24:58,755 org.springframework.core.env.PropertySourcesPropertyResolver - Searching for key 'redis.pass' in [localProperties]
- (5143 ms) - [DEBUG] 2018-12-30 19:24:58,755 org.springframework.core.env.PropertySourcesPropertyResolver - Found key 'redis.pass' in [localProperties] with type [String] and value 'redis@WSX!QAZ1234XXX'
- (5143 ms) - [DEBUG] 2018-12-30 19:24:58,755 org.springframework.core.env.PropertySourcesPropertyResolver - Searching for key 'redis.default.db' in [environmentProperties]
- (5145 ms) - [DEBUG] 2018-12-30 19:24:58,757 org.springframework.core.env.PropertySourcesPropertyResolver - Searching for key 'redis.default.db' in [systemProperties]
- (5146 ms) - [DEBUG] 2018-12-30 19:24:58,758 org.springframework.core.env.PropertySourcesPropertyResolver - Searching for key 'redis.default.db' in [systemEnvironment]
- (5146 ms) - [DEBUG] 2018-12-30 19:24:58,758 org.springframework.core.env.PropertySourcesPropertyResolver - Could not find key 'redis.default.db' in any property source. Returning [null]
- (5147 ms) - [DEBUG] 2018-12-30 19:24:58,759 org.springframework.core.env.PropertySourcesPropertyResolver - Searching for key 'redis.default.db' in [localProperties]
- (5147 ms) - [DEBUG] 2018-12-30 19:24:58,759 org.springframework.core.env.PropertySourcesPropertyResolver - Found key 'redis.default.db' in [localProperties] with type [String] and value '0'
- (5148 ms) - [DEBUG] 2018-12-30 19:24:58,760 org.springframework.beans.factory.support.DefaultListableBeanFactory - Creating shared instance of singleton bean 'org.springframework.context.annotation.internalAutowiredAnnotationProcessor'
- (5148 ms) - [DEBUG] 2018-12-30 19:24:58,760 org.springframework.beans.factory.support.DefaultListableBeanFactory - Creating instance of bean 'org.springframework.context.annotation.internalAutowiredAnnotationProcessor'
- (5149 ms) - [DEBUG] 2018-12-30 19:24:58,761 org.springframework.beans.factory.support.DefaultListableBeanFactory - Eagerly caching bean 'org.springframework.context.annotation.internalAutowiredAnnotationProcessor' to allow for resolving potential circular references
- (5150 ms) - [DEBUG] 2018-12-30 19:24:58,762 org.springframework.beans.factory.support.DefaultListableBeanFactory - Finished creating instance of bean 'org.springframework.context.annotation.internalAutowiredAnnotationProcessor'
- (5150 ms) - [DEBUG] 2018-12-30 19:24:58,762 org.springframework.beans.factory.support.DefaultListableBeanFactory - Creating shared instance of singleton bean 'org.springframework.context.annotation.internalRequiredAnnotationProcessor'
- (5150 ms) - [DEBUG] 2018-12-30 19:24:58,762 org.springframework.beans.factory.support.DefaultListableBeanFactory - Creating instance of bean 'org.springframework.context.annotation.internalRequiredAnnotationProcessor'
- (5150 ms) - [DEBUG] 2018-12-30 19:24:58,762 org.springframework.beans.factory.support.DefaultListableBeanFactory - Eagerly caching bean 'org.springframework.context.annotation.internalRequiredAnnotationProcessor' to allow for resolving potential circular references
- (5151 ms) - [DEBUG] 2018-12-30 19:24:58,763 org.springframework.beans.factory.support.DefaultListableBeanFactory - Finished creating instance of bean 'org.springframework.context.annotation.internalRequiredAnnotationProcessor'
- (5151 ms) - [DEBUG] 2018-12-30 19:24:58,763 org.springframework.beans.factory.support.DefaultListableBeanFactory - Creating shared instance of singleton bean 'org.springframework.context.annotation.internalCommonAnnotationProcessor'
- (5151 ms) - [DEBUG] 2018-12-30 19:24:58,763 org.springframework.beans.factory.support.DefaultListableBeanFactory - Creating instance of bean 'org.springframework.context.annotation.internalCommonAnnotationProcessor'
- (5151 ms) - [DEBUG] 2018-12-30 19:24:58,763 org.springframework.beans.factory.support.DefaultListableBeanFactory - Eagerly caching bean 'org.springframework.context.annotation.internalCommonAnnotationProcessor' to allow for resolving potential circular references
- (5154 ms) - [DEBUG] 2018-12-30 19:24:58,766 org.springframework.beans.factory.support.DefaultListableBeanFactory - Finished creating instance of bean 'org.springframework.context.annotation.internalCommonAnnotationProcessor'
- (5155 ms) - [DEBUG] 2018-12-30 19:24:58,767 org.springframework.beans.factory.support.DefaultListableBeanFactory - Creating shared instance of singleton bean 'org.springframework.context.annotation.ConfigurationClassPostProcessor.importAwareProcessor'
- (5155 ms) - [DEBUG] 2018-12-30 19:24:58,767 org.springframework.beans.factory.support.DefaultListableBeanFactory - Creating instance of bean 'org.springframework.context.annotation.ConfigurationClassPostProcessor.importAwareProcessor'
- (5155 ms) - [DEBUG] 2018-12-30 19:24:58,767 org.springframework.beans.factory.support.DefaultListableBeanFactory - Eagerly caching bean 'org.springframework.context.annotation.ConfigurationClassPostProcessor.importAwareProcessor' to allow for resolving potential circular references
- (5155 ms) - [DEBUG] 2018-12-30 19:24:58,767 org.springframework.beans.factory.support.DefaultListableBeanFactory - Finished creating instance of bean 'org.springframework.context.annotation.ConfigurationClassPostProcessor.importAwareProcessor'
- (5155 ms) - [DEBUG] 2018-12-30 19:24:58,767 org.springframework.beans.factory.support.DefaultListableBeanFactory - Creating shared instance of singleton bean 'org.springframework.context.annotation.ConfigurationClassPostProcessor.enhancedConfigurationProcessor'
- (5155 ms) - [DEBUG] 2018-12-30 19:24:58,767 org.springframework.beans.factory.support.DefaultListableBeanFactory - Creating instance of bean 'org.springframework.context.annotation.ConfigurationClassPostProcessor.enhancedConfigurationProcessor'
- (5156 ms) - [DEBUG] 2018-12-30 19:24:58,768 org.springframework.beans.factory.support.DefaultListableBeanFactory - Eagerly caching bean 'org.springframework.context.annotation.ConfigurationClassPostProcessor.enhancedConfigurationProcessor' to allow for resolving potential circular references
- (5156 ms) - [DEBUG] 2018-12-30 19:24:58,768 org.springframework.beans.factory.support.DefaultListableBeanFactory - Finished creating instance of bean 'org.springframework.context.annotation.ConfigurationClassPostProcessor.enhancedConfigurationProcessor'
- (5156 ms) - [DEBUG] 2018-12-30 19:24:58,768 org.springframework.beans.factory.support.DefaultListableBeanFactory - Creating shared instance of singleton bean 'org.springframework.aop.config.internalAutoProxyCreator'
- (5156 ms) - [DEBUG] 2018-12-30 19:24:58,768 org.springframework.beans.factory.support.DefaultListableBeanFactory - Creating instance of bean 'org.springframework.aop.config.internalAutoProxyCreator'
- (5157 ms) - [DEBUG] 2018-12-30 19:24:58,769 org.springframework.beans.factory.support.DefaultListableBeanFactory - Eagerly caching bean 'org.springframework.aop.config.internalAutoProxyCreator' to allow for resolving potential circular references
- (5157 ms) - [DEBUG] 2018-12-30 19:24:58,769 org.springframework.beans.factory.support.DefaultListableBeanFactory - Finished creating instance of bean 'org.springframework.aop.config.internalAutoProxyCreator'
- (5158 ms) - [DEBUG] 2018-12-30 19:24:58,770 org.springframework.context.support.ClassPathXmlApplicationContext - Unable to locate MessageSource with name 'messageSource': using default [org.springframework.context.support.DelegatingMessageSource@5ef0d29e]
- (5158 ms) - [DEBUG] 2018-12-30 19:24:58,770 org.springframework.context.support.ClassPathXmlApplicationContext - Unable to locate ApplicationEventMulticaster with name 'applicationEventMulticaster': using default [org.springframework.context.event.SimpleApplicationEventMulticaster@38f57b3d]
- (5161 ms) - [DEBUG] 2018-12-30 19:24:58,773 org.springframework.beans.factory.support.DefaultListableBeanFactory - Pre-instantiating singletons in org.springframework.beans.factory.support.DefaultListableBeanFactory@72445aba: defining beans [org.springframework.web.servlet.resource.DefaultServletHttpRequestHandler#0,org.springframework.web.servlet.handler.SimpleUrlHandlerMapping#0,org.springframework.web.servlet.handler.BeanNameUrlHandlerMapping,org.springframework.web.servlet.mvc.HttpRequestHandlerAdapter,org.springframework.web.servlet.mvc.SimpleControllerHandlerAdapter,itripHotServiceImpl,itripAreaDicServiceImpl,itripCommentServiceImpl,itripHotelOrderServiceImpl,itripImageServiceImpl,itripLabelServiceImpl,itripLabelDicServiceImpl,itripUserServiceImpl,itripUserLinkUserServiceImpl,org.springframework.context.annotation.internalConfigurationAnnotationProcessor,org.springframework.context.annotation.internalAutowiredAnnotationProcessor,org.springframework.context.annotation.internalRequiredAnnotationProcessor,org.springframework.context.annotation.internalCommonAnnotationProcessor,org.springframework.context.support.PropertySourcesPlaceholderConfigurer#0,dataSource,txManager,sqlSessionFactoryBean,org.springframework.aop.config.internalAutoProxyCreator,transService,org.springframework.aop.support.DefaultBeanFactoryPointcutAdvisor#0,myAdvice,org.mybatis.spring.mapper.MapperScannerConfigurer#0,jedisPoolConfig,jedisPool,redisAPI,validationToken,org.springframework.context.annotation.ConfigurationClassPostProcessor.importAwareProcessor,org.springframework.context.annotation.ConfigurationClassPostProcessor.enhancedConfigurationProcessor,itripHotMapper,itripAreaDicMapper,itripCommentMapper,itripHotelMapper,itripHotelOrderMapper,itripImageMapper,itripLabelMapper,itripLabelDicMapper,itripUserMapper,itripUserLinkUserMapper]; root of factory hierarchy
- (5162 ms) - [DEBUG] 2018-12-30 19:24:58,774 org.springframework.beans.factory.support.DefaultListableBeanFactory - Creating shared instance of singleton bean 'org.springframework.web.servlet.resource.DefaultServletHttpRequestHandler#0'
- (5162 ms) - [DEBUG] 2018-12-30 19:24:58,774 org.springframework.beans.factory.support.DefaultListableBeanFactory - Creating instance of bean 'org.springframework.web.servlet.resource.DefaultServletHttpRequestHandler#0'
- (5163 ms) - [DEBUG] 2018-12-30 19:24:58,775 org.springframework.beans.factory.support.DefaultListableBeanFactory - Creating shared instance of singleton bean 'org.springframework.aop.support.DefaultBeanFactoryPointcutAdvisor#0'
- (5163 ms) - [DEBUG] 2018-12-30 19:24:58,775 org.springframework.beans.factory.support.DefaultListableBeanFactory - Creating instance of bean 'org.springframework.aop.support.DefaultBeanFactoryPointcutAdvisor#0'
- (5164 ms) - [DEBUG] 2018-12-30 19:24:58,776 org.springframework.beans.factory.support.DefaultListableBeanFactory - Eagerly caching bean 'org.springframework.aop.support.DefaultBeanFactoryPointcutAdvisor#0' to allow for resolving potential circular references
- (5165 ms) - [DEBUG] 2018-12-30 19:24:58,777 org.springframework.beans.factory.support.DefaultListableBeanFactory - Creating instance of bean 'transService'
- (5165 ms) - [DEBUG] 2018-12-30 19:24:58,777 org.springframework.beans.factory.support.DefaultListableBeanFactory - Finished creating instance of bean 'transService'
- (5166 ms) - [DEBUG] 2018-12-30 19:24:58,778 org.springframework.beans.factory.support.DefaultListableBeanFactory - Finished creating instance of bean 'org.springframework.aop.support.DefaultBeanFactoryPointcutAdvisor#0'
- (5167 ms) - [DEBUG] 2018-12-30 19:24:58,779 org.springframework.beans.factory.support.DefaultListableBeanFactory - Eagerly caching bean 'org.springframework.web.servlet.resource.DefaultServletHttpRequestHandler#0' to allow for resolving potential circular references
- (5167 ms) - [DEBUG] 2018-12-30 19:24:58,779 org.springframework.beans.factory.support.DefaultListableBeanFactory - Returning cached instance of singleton bean 'org.springframework.aop.support.DefaultBeanFactoryPointcutAdvisor#0'
- (5167 ms) - [DEBUG] 2018-12-30 19:24:58,779 org.springframework.beans.factory.support.DefaultListableBeanFactory - Returning cached instance of singleton bean 'org.springframework.aop.support.DefaultBeanFactoryPointcutAdvisor#0'
- (5171 ms) - [DEBUG] 2018-12-30 19:24:58,783 org.springframework.beans.factory.support.DefaultListableBeanFactory - Finished creating instance of bean 'org.springframework.web.servlet.resource.DefaultServletHttpRequestHandler#0'
- (5171 ms) - [DEBUG] 2018-12-30 19:24:58,783 org.springframework.beans.factory.support.DefaultListableBeanFactory - Creating shared instance of singleton bean 'org.springframework.web.servlet.handler.SimpleUrlHandlerMapping#0'
- (5171 ms) - [DEBUG] 2018-12-30 19:24:58,783 org.springframework.beans.factory.support.DefaultListableBeanFactory - Creating instance of bean 'org.springframework.web.servlet.handler.SimpleUrlHandlerMapping#0'
- (5172 ms) - [DEBUG] 2018-12-30 19:24:58,784 org.springframework.beans.factory.support.DefaultListableBeanFactory - Returning cached instance of singleton bean 'org.springframework.aop.support.DefaultBeanFactoryPointcutAdvisor#0'
- (5172 ms) - [DEBUG] 2018-12-30 19:24:58,784 org.springframework.beans.factory.support.DefaultListableBeanFactory - Eagerly caching bean 'org.springframework.web.servlet.handler.SimpleUrlHandlerMapping#0' to allow for resolving potential circular references
- (5173 ms) - [DEBUG] 2018-12-30 19:24:58,785 org.springframework.beans.factory.support.DefaultListableBeanFactory - Returning cached instance of singleton bean 'org.springframework.web.servlet.resource.DefaultServletHttpRequestHandler#0'
- (5174 ms) - [INFO] 2018-12-30 19:24:58,786 org.springframework.web.servlet.handler.SimpleUrlHandlerMapping - Mapped URL path [/**] onto handler 'org.springframework.web.servlet.resource.DefaultServletHttpRequestHandler#0'
- (5174 ms) - [DEBUG] 2018-12-30 19:24:58,786 org.springframework.beans.factory.support.DefaultListableBeanFactory - Returning cached instance of singleton bean 'org.springframework.aop.support.DefaultBeanFactoryPointcutAdvisor#0'
- (5174 ms) - [DEBUG] 2018-12-30 19:24:58,786 org.springframework.beans.factory.support.DefaultListableBeanFactory - Returning cached instance of singleton bean 'org.springframework.aop.support.DefaultBeanFactoryPointcutAdvisor#0'
- (5176 ms) - [DEBUG] 2018-12-30 19:24:58,788 org.springframework.beans.factory.support.DefaultListableBeanFactory - Finished creating instance of bean 'org.springframework.web.servlet.handler.SimpleUrlHandlerMapping#0'
- (5176 ms) - [DEBUG] 2018-12-30 19:24:58,788 org.springframework.beans.factory.support.DefaultListableBeanFactory - Creating shared instance of singleton bean 'org.springframework.web.servlet.handler.BeanNameUrlHandlerMapping'
- (5177 ms) - [DEBUG] 2018-12-30 19:24:58,789 org.springframework.beans.factory.support.DefaultListableBeanFactory - Creating instance of bean 'org.springframework.web.servlet.handler.BeanNameUrlHandlerMapping'
- (5177 ms) - [DEBUG] 2018-12-30 19:24:58,789 org.springframework.beans.factory.support.DefaultListableBeanFactory - Returning cached instance of singleton bean 'org.springframework.aop.support.DefaultBeanFactoryPointcutAdvisor#0'
- (5185 ms) - [DEBUG] 2018-12-30 19:24:58,797 org.springframework.beans.factory.support.DefaultListableBeanFactory - Eagerly caching bean 'org.springframework.web.servlet.handler.BeanNameUrlHandlerMapping' to allow for resolving potential circular references
- (5186 ms) - [DEBUG] 2018-12-30 19:24:58,798 org.springframework.web.servlet.handler.BeanNameUrlHandlerMapping - Looking for URL mappings in application context: org.springframework.context.support.ClassPathXmlApplicationContext@1eb6749b: startup date [Sun Dec 30 19:24:58 CST 2018]; root of context hierarchy
- (5186 ms) - [DEBUG] 2018-12-30 19:24:58,798 org.springframework.beans.factory.support.DefaultListableBeanFactory - Returning cached instance of singleton bean 'org.springframework.aop.support.DefaultBeanFactoryPointcutAdvisor#0'
- (5187 ms) - [DEBUG] 2018-12-30 19:24:58,799 org.springframework.beans.factory.support.DefaultListableBeanFactory - Returning cached instance of singleton bean 'org.springframework.aop.support.DefaultBeanFactoryPointcutAdvisor#0'
- (5187 ms) - [DEBUG] 2018-12-30 19:24:58,799 org.springframework.beans.factory.support.DefaultListableBeanFactory - Creating shared instance of singleton bean 'itripHotMapper'
- (5188 ms) - [DEBUG] 2018-12-30 19:24:58,800 org.springframework.beans.factory.support.DefaultListableBeanFactory - Creating instance of bean 'itripHotMapper'
- (5189 ms) - [DEBUG] 2018-12-30 19:24:58,801 org.springframework.beans.factory.support.DefaultListableBeanFactory - Eagerly caching bean 'itripHotMapper' to allow for resolving potential circular references
- (5190 ms) - [DEBUG] 2018-12-30 19:24:58,802 org.springframework.beans.factory.support.DefaultListableBeanFactory - Returning cached instance of singleton bean 'org.springframework.aop.support.DefaultBeanFactoryPointcutAdvisor#0'
- (5190 ms) - [DEBUG] 2018-12-30 19:24:58,802 org.springframework.beans.factory.support.DefaultListableBeanFactory - Returning cached instance of singleton bean 'org.springframework.aop.support.DefaultBeanFactoryPointcutAdvisor#0'
- (5192 ms) - [DEBUG] 2018-12-30 19:24:58,804 org.springframework.beans.factory.support.DefaultListableBeanFactory - Returning eagerly cached instance of singleton bean 'itripHotMapper' that is not fully initialized yet - a consequence of a circular reference
- (5192 ms) - [DEBUG] 2018-12-30 19:24:58,804 org.springframework.beans.factory.support.DefaultListableBeanFactory - Returning cached instance of singleton bean 'org.springframework.aop.support.DefaultBeanFactoryPointcutAdvisor#0'
- (5193 ms) - [DEBUG] 2018-12-30 19:24:58,805 org.springframework.beans.factory.support.DefaultListableBeanFactory - Creating shared instance of singleton bean 'itripAreaDicMapper'
- (5193 ms) - [DEBUG] 2018-12-30 19:24:58,805 org.springframework.beans.factory.support.DefaultListableBeanFactory - Creating instance of bean 'itripAreaDicMapper'
- (5193 ms) - [DEBUG] 2018-12-30 19:24:58,805 org.springframework.beans.factory.support.DefaultListableBeanFactory - Eagerly caching bean 'itripAreaDicMapper' to allow for resolving potential circular references
- (5196 ms) - [DEBUG] 2018-12-30 19:24:58,808 org.springframework.beans.factory.support.DefaultListableBeanFactory - Returning cached instance of singleton bean 'org.springframework.aop.support.DefaultBeanFactoryPointcutAdvisor#0'
- (5196 ms) - [DEBUG] 2018-12-30 19:24:58,808 org.springframework.beans.factory.support.DefaultListableBeanFactory - Returning cached instance of singleton bean 'org.springframework.aop.support.DefaultBeanFactoryPointcutAdvisor#0'
- (5197 ms) - [DEBUG] 2018-12-30 19:24:58,809 org.springframework.beans.factory.support.DefaultListableBeanFactory - Returning eagerly cached instance of singleton bean 'itripAreaDicMapper' that is not fully initialized yet - a consequence of a circular reference
- (5197 ms) - [DEBUG] 2018-12-30 19:24:58,809 org.springframework.beans.factory.support.DefaultListableBeanFactory - Returning cached instance of singleton bean 'org.springframework.aop.support.DefaultBeanFactoryPointcutAdvisor#0'
- (5197 ms) - [DEBUG] 2018-12-30 19:24:58,809 org.springframework.beans.factory.support.DefaultListableBeanFactory - Creating shared instance of singleton bean 'itripCommentMapper'
- (5197 ms) - [DEBUG] 2018-12-30 19:24:58,809 org.springframework.beans.factory.support.DefaultListableBeanFactory - Creating instance of bean 'itripCommentMapper'
- (5198 ms) - [DEBUG] 2018-12-30 19:24:58,810 org.springframework.beans.factory.support.DefaultListableBeanFactory - Eagerly caching bean 'itripCommentMapper' to allow for resolving potential circular references
- (5198 ms) - [DEBUG] 2018-12-30 19:24:58,810 org.springframework.beans.factory.support.DefaultListableBeanFactory - Returning cached instance of singleton bean 'org.springframework.aop.support.DefaultBeanFactoryPointcutAdvisor#0'
- (5199 ms) - [DEBUG] 2018-12-30 19:24:58,811 org.springframework.beans.factory.support.DefaultListableBeanFactory - Returning cached instance of singleton bean 'org.springframework.aop.support.DefaultBeanFactoryPointcutAdvisor#0'
- (5199 ms) - [DEBUG] 2018-12-30 19:24:58,811 org.springframework.beans.factory.support.DefaultListableBeanFactory - Returning eagerly cached instance of singleton bean 'itripCommentMapper' that is not fully initialized yet - a consequence of a circular reference
- (5200 ms) - [DEBUG] 2018-12-30 19:24:58,812 org.springframework.beans.factory.support.DefaultListableBeanFactory - Returning cached instance of singleton bean 'org.springframework.aop.support.DefaultBeanFactoryPointcutAdvisor#0'
- (5201 ms) - [DEBUG] 2018-12-30 19:24:58,813 org.springframework.beans.factory.support.DefaultListableBeanFactory - Creating shared instance of singleton bean 'itripHotelMapper'
- (5202 ms) - [DEBUG] 2018-12-30 19:24:58,814 org.springframework.beans.factory.support.DefaultListableBeanFactory - Creating instance of bean 'itripHotelMapper'
- (5202 ms) - [DEBUG] 2018-12-30 19:24:58,814 org.springframework.beans.factory.support.DefaultListableBeanFactory - Eagerly caching bean 'itripHotelMapper' to allow for resolving potential circular references
- (5203 ms) - [DEBUG] 2018-12-30 19:24:58,815 org.springframework.beans.factory.support.DefaultListableBeanFactory - Returning cached instance of singleton bean 'org.springframework.aop.support.DefaultBeanFactoryPointcutAdvisor#0'
- (5203 ms) - [DEBUG] 2018-12-30 19:24:58,815 org.springframework.beans.factory.support.DefaultListableBeanFactory - Returning cached instance of singleton bean 'org.springframework.aop.support.DefaultBeanFactoryPointcutAdvisor#0'
- (5204 ms) - [DEBUG] 2018-12-30 19:24:58,816 org.springframework.beans.factory.support.DefaultListableBeanFactory - Returning eagerly cached instance of singleton bean 'itripHotelMapper' that is not fully initialized yet - a consequence of a circular reference
- (5204 ms) - [DEBUG] 2018-12-30 19:24:58,816 org.springframework.beans.factory.support.DefaultListableBeanFactory - Returning cached instance of singleton bean 'org.springframework.aop.support.DefaultBeanFactoryPointcutAdvisor#0'
- (5205 ms) - [DEBUG] 2018-12-30 19:24:58,817 org.springframework.beans.factory.support.DefaultListableBeanFactory - Creating shared instance of singleton bean 'itripHotelOrderMapper'
- (5205 ms) - [DEBUG] 2018-12-30 19:24:58,817 org.springframework.beans.factory.support.DefaultListableBeanFactory - Creating instance of bean 'itripHotelOrderMapper'
- (5205 ms) - [DEBUG] 2018-12-30 19:24:58,817 org.springframework.beans.factory.support.DefaultListableBeanFactory - Eagerly caching bean 'itripHotelOrderMapper' to allow for resolving potential circular references
- (5215 ms) - [DEBUG] 2018-12-30 19:24:58,827 org.springframework.beans.factory.support.DefaultListableBeanFactory - Returning cached instance of singleton bean 'org.springframework.aop.support.DefaultBeanFactoryPointcutAdvisor#0'
- (5219 ms) - [DEBUG] 2018-12-30 19:24:58,831 org.springframework.beans.factory.support.DefaultListableBeanFactory - Returning cached instance of singleton bean 'org.springframework.aop.support.DefaultBeanFactoryPointcutAdvisor#0'
- (5219 ms) - [DEBUG] 2018-12-30 19:24:58,831 org.springframework.beans.factory.support.DefaultListableBeanFactory - Returning eagerly cached instance of singleton bean 'itripHotelOrderMapper' that is not fully initialized yet - a consequence of a circular reference
- (5219 ms) - [DEBUG] 2018-12-30 19:24:58,831 org.springframework.beans.factory.support.DefaultListableBeanFactory - Returning cached instance of singleton bean 'org.springframework.aop.support.DefaultBeanFactoryPointcutAdvisor#0'
- (5220 ms) - [DEBUG] 2018-12-30 19:24:58,832 org.springframework.beans.factory.support.DefaultListableBeanFactory - Creating shared instance of singleton bean 'itripImageMapper'
- (5221 ms) - [DEBUG] 2018-12-30 19:24:58,833 org.springframework.beans.factory.support.DefaultListableBeanFactory - Creating instance of bean 'itripImageMapper'
- (5221 ms) - [DEBUG] 2018-12-30 19:24:58,833 org.springframework.beans.factory.support.DefaultListableBeanFactory - Eagerly caching bean 'itripImageMapper' to allow for resolving potential circular references
- (5222 ms) - [DEBUG] 2018-12-30 19:24:58,834 org.springframework.beans.factory.support.DefaultListableBeanFactory - Returning cached instance of singleton bean 'org.springframework.aop.support.DefaultBeanFactoryPointcutAdvisor#0'
- (5223 ms) - [DEBUG] 2018-12-30 19:24:58,835 org.springframework.beans.factory.support.DefaultListableBeanFactory - Returning cached instance of singleton bean 'org.springframework.aop.support.DefaultBeanFactoryPointcutAdvisor#0'
- (5223 ms) - [DEBUG] 2018-12-30 19:24:58,835 org.springframework.beans.factory.support.DefaultListableBeanFactory - Returning eagerly cached instance of singleton bean 'itripImageMapper' that is not fully initialized yet - a consequence of a circular reference
- (5224 ms) - [DEBUG] 2018-12-30 19:24:58,836 org.springframework.beans.factory.support.DefaultListableBeanFactory - Returning cached instance of singleton bean 'org.springframework.aop.support.DefaultBeanFactoryPointcutAdvisor#0'
- (5224 ms) - [DEBUG] 2018-12-30 19:24:58,836 org.springframework.beans.factory.support.DefaultListableBeanFactory - Creating shared instance of singleton bean 'itripLabelMapper'
- (5225 ms) - [DEBUG] 2018-12-30 19:24:58,837 org.springframework.beans.factory.support.DefaultListableBeanFactory - Creating instance of bean 'itripLabelMapper'
- (5225 ms) - [DEBUG] 2018-12-30 19:24:58,837 org.springframework.beans.factory.support.DefaultListableBeanFactory - Eagerly caching bean 'itripLabelMapper' to allow for resolving potential circular references
- (5226 ms) - [DEBUG] 2018-12-30 19:24:58,838 org.springframework.beans.factory.support.DefaultListableBeanFactory - Returning cached instance of singleton bean 'org.springframework.aop.support.DefaultBeanFactoryPointcutAdvisor#0'
- (5227 ms) - [DEBUG] 2018-12-30 19:24:58,839 org.springframework.beans.factory.support.DefaultListableBeanFactory - Returning cached instance of singleton bean 'org.springframework.aop.support.DefaultBeanFactoryPointcutAdvisor#0'
- (5228 ms) - [DEBUG] 2018-12-30 19:24:58,840 org.springframework.beans.factory.support.DefaultListableBeanFactory - Returning eagerly cached instance of singleton bean 'itripLabelMapper' that is not fully initialized yet - a consequence of a circular reference
- (5228 ms) - [DEBUG] 2018-12-30 19:24:58,840 org.springframework.beans.factory.support.DefaultListableBeanFactory - Returning cached instance of singleton bean 'org.springframework.aop.support.DefaultBeanFactoryPointcutAdvisor#0'
- (5229 ms) - [DEBUG] 2018-12-30 19:24:58,841 org.springframework.beans.factory.support.DefaultListableBeanFactory - Creating shared instance of singleton bean 'itripLabelDicMapper'
- (5229 ms) - [DEBUG] 2018-12-30 19:24:58,841 org.springframework.beans.factory.support.DefaultListableBeanFactory - Creating instance of bean 'itripLabelDicMapper'
- (5235 ms) - [DEBUG] 2018-12-30 19:24:58,847 org.springframework.beans.factory.support.DefaultListableBeanFactory - Eagerly caching bean 'itripLabelDicMapper' to allow for resolving potential circular references
- (5236 ms) - [DEBUG] 2018-12-30 19:24:58,848 org.springframework.beans.factory.support.DefaultListableBeanFactory - Returning cached instance of singleton bean 'org.springframework.aop.support.DefaultBeanFactoryPointcutAdvisor#0'
- (5237 ms) - [DEBUG] 2018-12-30 19:24:58,849 org.springframework.beans.factory.support.DefaultListableBeanFactory - Returning cached instance of singleton bean 'org.springframework.aop.support.DefaultBeanFactoryPointcutAdvisor#0'
- (5238 ms) - [DEBUG] 2018-12-30 19:24:58,850 org.springframework.beans.factory.support.DefaultListableBeanFactory - Returning eagerly cached instance of singleton bean 'itripLabelDicMapper' that is not fully initialized yet - a consequence of a circular reference
- (5242 ms) - [DEBUG] 2018-12-30 19:24:58,854 org.springframework.beans.factory.support.DefaultListableBeanFactory - Returning cached instance of singleton bean 'org.springframework.aop.support.DefaultBeanFactoryPointcutAdvisor#0'
- (5245 ms) - [DEBUG] 2018-12-30 19:24:58,857 org.springframework.beans.factory.support.DefaultListableBeanFactory - Creating shared instance of singleton bean 'itripUserMapper'
- (5245 ms) - [DEBUG] 2018-12-30 19:24:58,857 org.springframework.beans.factory.support.DefaultListableBeanFactory - Creating instance of bean 'itripUserMapper'
- (5246 ms) - [DEBUG] 2018-12-30 19:24:58,858 org.springframework.beans.factory.support.DefaultListableBeanFactory - Eagerly caching bean 'itripUserMapper' to allow for resolving potential circular references
- (5247 ms) - [DEBUG] 2018-12-30 19:24:58,859 org.springframework.beans.factory.support.DefaultListableBeanFactory - Returning cached instance of singleton bean 'org.springframework.aop.support.DefaultBeanFactoryPointcutAdvisor#0'
- (5248 ms) - [DEBUG] 2018-12-30 19:24:58,860 org.springframework.beans.factory.support.DefaultListableBeanFactory - Returning cached instance of singleton bean 'org.springframework.aop.support.DefaultBeanFactoryPointcutAdvisor#0'
- (5248 ms) - [DEBUG] 2018-12-30 19:24:58,860 org.springframework.beans.factory.support.DefaultListableBeanFactory - Returning eagerly cached instance of singleton bean 'itripUserMapper' that is not fully initialized yet - a consequence of a circular reference
- (5249 ms) - [DEBUG] 2018-12-30 19:24:58,861 org.springframework.beans.factory.support.DefaultListableBeanFactory - Returning cached instance of singleton bean 'org.springframework.aop.support.DefaultBeanFactoryPointcutAdvisor#0'
- (5250 ms) - [DEBUG] 2018-12-30 19:24:58,862 org.springframework.beans.factory.support.DefaultListableBeanFactory - Creating shared instance of singleton bean 'itripUserLinkUserMapper'
- (5250 ms) - [DEBUG] 2018-12-30 19:24:58,862 org.springframework.beans.factory.support.DefaultListableBeanFactory - Creating instance of bean 'itripUserLinkUserMapper'
- (5251 ms) - [DEBUG] 2018-12-30 19:24:58,863 org.springframework.beans.factory.support.DefaultListableBeanFactory - Eagerly caching bean 'itripUserLinkUserMapper' to allow for resolving potential circular references
- (5252 ms) - [DEBUG] 2018-12-30 19:24:58,864 org.springframework.beans.factory.support.DefaultListableBeanFactory - Returning cached instance of singleton bean 'org.springframework.aop.support.DefaultBeanFactoryPointcutAdvisor#0'
- (5253 ms) - [DEBUG] 2018-12-30 19:24:58,865 org.springframework.beans.factory.support.DefaultListableBeanFactory - Returning cached instance of singleton bean 'org.springframework.aop.support.DefaultBeanFactoryPointcutAdvisor#0'
- (5254 ms) - [DEBUG] 2018-12-30 19:24:58,866 org.springframework.beans.factory.support.DefaultListableBeanFactory - Returning eagerly cached instance of singleton bean 'itripUserLinkUserMapper' that is not fully initialized yet - a consequence of a circular reference
- (5255 ms) - [DEBUG] 2018-12-30 19:24:58,867 org.springframework.beans.factory.support.DefaultListableBeanFactory - Creating shared instance of singleton bean 'sqlSessionFactoryBean'
- (5255 ms) - [DEBUG] 2018-12-30 19:24:58,867 org.springframework.beans.factory.support.DefaultListableBeanFactory - Creating instance of bean 'sqlSessionFactoryBean'
- (5256 ms) - [DEBUG] 2018-12-30 19:24:58,868 org.springframework.beans.factory.support.DefaultListableBeanFactory - Eagerly caching bean 'sqlSessionFactoryBean' to allow for resolving potential circular references
- (5256 ms) - [DEBUG] 2018-12-30 19:24:58,868 org.springframework.beans.factory.support.DefaultListableBeanFactory - Creating shared instance of singleton bean 'dataSource'
- (5257 ms) - [DEBUG] 2018-12-30 19:24:58,869 org.springframework.beans.factory.support.DefaultListableBeanFactory - Creating instance of bean 'dataSource'
- (5258 ms) - [DEBUG] 2018-12-30 19:24:58,870 org.springframework.beans.factory.support.DefaultListableBeanFactory - Returning cached instance of singleton bean 'org.springframework.aop.support.DefaultBeanFactoryPointcutAdvisor#0'
- (5259 ms) - [DEBUG] 2018-12-30 19:24:58,871 org.springframework.beans.factory.support.DefaultListableBeanFactory - Eagerly caching bean 'dataSource' to allow for resolving potential circular references
- (5261 ms) - [DEBUG] 2018-12-30 19:24:58,873 org.springframework.beans.factory.support.DefaultListableBeanFactory - Returning cached instance of singleton bean 'org.springframework.aop.support.DefaultBeanFactoryPointcutAdvisor#0'
- (5262 ms) - [DEBUG] 2018-12-30 19:24:58,874 org.springframework.beans.factory.support.DefaultListableBeanFactory - Returning cached instance of singleton bean 'org.springframework.aop.support.DefaultBeanFactoryPointcutAdvisor#0'
- (5267 ms) - [DEBUG] 2018-12-30 19:24:58,879 org.springframework.beans.factory.support.DefaultListableBeanFactory - Finished creating instance of bean 'dataSource'
- (5275 ms) - [DEBUG] 2018-12-30 19:24:58,887 org.springframework.beans.factory.support.DefaultListableBeanFactory - Invoking afterPropertiesSet() on bean with name 'sqlSessionFactoryBean'
- (5284 ms) - [DEBUG] 2018-12-30 19:24:58,896 org.apache.ibatis.io.ResolverUtil - Find JAR URL: jar:file:/E:/ideaXM/itrip/itrip-beans/target/itrip-beans-1.0-SNAPSHOT.jar!/cn/itrip/beans/pojo
- (5284 ms) - [DEBUG] 2018-12-30 19:24:58,896 org.apache.ibatis.io.ResolverUtil - Inner URL: file:/E:/ideaXM/itrip/itrip-beans/target/itrip-beans-1.0-SNAPSHOT.jar!/cn/itrip/beans/pojo
- (5285 ms) - [DEBUG] 2018-12-30 19:24:58,897 org.apache.ibatis.io.ResolverUtil - Extracted JAR URL: file:/E:/ideaXM/itrip/itrip-beans/target/itrip-beans-1.0-SNAPSHOT.jar
- (5286 ms) - [DEBUG] 2018-12-30 19:24:58,898 org.apache.ibatis.io.ResolverUtil - Found JAR: file:/E:/ideaXM/itrip/itrip-beans/target/itrip-beans-1.0-SNAPSHOT.jar
- (5287 ms) - [DEBUG] 2018-12-30 19:24:58,899 org.apache.ibatis.io.ResolverUtil - Listing jar:file:/E:/ideaXM/itrip/itrip-beans/target/itrip-beans-1.0-SNAPSHOT.jar!/cn/itrip/beans/pojo
- (5288 ms) - [DEBUG] 2018-12-30 19:24:58,900 org.apache.ibatis.io.ResolverUtil - Found resource: /cn/itrip/beans/pojo/ItripAreaDic.class
- (5289 ms) - [DEBUG] 2018-12-30 19:24:58,901 org.apache.ibatis.io.ResolverUtil - Found resource: /cn/itrip/beans/pojo/ItripComment.class
- (5289 ms) - [DEBUG] 2018-12-30 19:24:58,901 org.apache.ibatis.io.ResolverUtil - Found resource: /cn/itrip/beans/pojo/ItripHotel.class
- (5290 ms) - [DEBUG] 2018-12-30 19:24:58,902 org.apache.ibatis.io.ResolverUtil - Found resource: /cn/itrip/beans/pojo/ItripHotelExtendProperty.class
- (5290 ms) - [DEBUG] 2018-12-30 19:24:58,902 org.apache.ibatis.io.ResolverUtil - Found resource: /cn/itrip/beans/pojo/ItripHotelFeature.class
- (5291 ms) - [DEBUG] 2018-12-30 19:24:58,903 org.apache.ibatis.io.ResolverUtil - Found resource: /cn/itrip/beans/pojo/ItripHotelOrder.class
- (5292 ms) - [DEBUG] 2018-12-30 19:24:58,904 org.apache.ibatis.io.ResolverUtil - Found resource: /cn/itrip/beans/pojo/ItripHotelRoom.class
- (5292 ms) - [DEBUG] 2018-12-30 19:24:58,904 org.apache.ibatis.io.ResolverUtil - Found resource: /cn/itrip/beans/pojo/ItripHotelTempStore.class
- (5293 ms) - [DEBUG] 2018-12-30 19:24:58,905 org.apache.ibatis.io.ResolverUtil - Found resource: /cn/itrip/beans/pojo/ItripHotelTradingArea.class
- (5293 ms) - [DEBUG] 2018-12-30 19:24:58,905 org.apache.ibatis.io.ResolverUtil - Found resource: /cn/itrip/beans/pojo/ItripImage.class
- (5294 ms) - [DEBUG] 2018-12-30 19:24:58,906 org.apache.ibatis.io.ResolverUtil - Found resource: /cn/itrip/beans/pojo/ItripLabelDic.class
- (5294 ms) - [DEBUG] 2018-12-30 19:24:58,906 org.apache.ibatis.io.ResolverUtil - Found resource: /cn/itrip/beans/pojo/ItripOrderLinkUser.class
- (5295 ms) - [DEBUG] 2018-12-30 19:24:58,907 org.apache.ibatis.io.ResolverUtil - Found resource: /cn/itrip/beans/pojo/ItripProductStore.class
- (5295 ms) - [DEBUG] 2018-12-30 19:24:58,907 org.apache.ibatis.io.ResolverUtil - Found resource: /cn/itrip/beans/pojo/ItripTradeEnds.class
- (5296 ms) - [DEBUG] 2018-12-30 19:24:58,908 org.apache.ibatis.io.ResolverUtil - Found resource: /cn/itrip/beans/pojo/ItripUser.class
- (5296 ms) - [DEBUG] 2018-12-30 19:24:58,908 org.apache.ibatis.io.ResolverUtil - Found resource: /cn/itrip/beans/pojo/ItripUserLinkUser.class
- (5298 ms) - [DEBUG] 2018-12-30 19:24:58,910 org.apache.ibatis.io.ResolverUtil - Checking to see if class cn.itrip.beans.pojo.ItripAreaDic matches criteria [is assignable to Object]
- (5299 ms) - [DEBUG] 2018-12-30 19:24:58,911 org.apache.ibatis.io.ResolverUtil - Checking to see if class cn.itrip.beans.pojo.ItripComment matches criteria [is assignable to Object]
- (5300 ms) - [DEBUG] 2018-12-30 19:24:58,912 org.apache.ibatis.io.ResolverUtil - Checking to see if class cn.itrip.beans.pojo.ItripHotel matches criteria [is assignable to Object]
- (5300 ms) - [DEBUG] 2018-12-30 19:24:58,912 org.apache.ibatis.io.ResolverUtil - Checking to see if class cn.itrip.beans.pojo.ItripHotelExtendProperty matches criteria [is assignable to Object]
- (5301 ms) - [DEBUG] 2018-12-30 19:24:58,913 org.apache.ibatis.io.ResolverUtil - Checking to see if class cn.itrip.beans.pojo.ItripHotelFeature matches criteria [is assignable to Object]
- (5301 ms) - [DEBUG] 2018-12-30 19:24:58,913 org.apache.ibatis.io.ResolverUtil - Checking to see if class cn.itrip.beans.pojo.ItripHotelOrder matches criteria [is assignable to Object]
- (5302 ms) - [DEBUG] 2018-12-30 19:24:58,914 org.apache.ibatis.io.ResolverUtil - Checking to see if class cn.itrip.beans.pojo.ItripHotelRoom matches criteria [is assignable to Object]
- (5303 ms) - [DEBUG] 2018-12-30 19:24:58,915 org.apache.ibatis.io.ResolverUtil - Checking to see if class cn.itrip.beans.pojo.ItripHotelTempStore matches criteria [is assignable to Object]
- (5303 ms) - [DEBUG] 2018-12-30 19:24:58,915 org.apache.ibatis.io.ResolverUtil - Checking to see if class cn.itrip.beans.pojo.ItripHotelTradingArea matches criteria [is assignable to Object]
- (5304 ms) - [DEBUG] 2018-12-30 19:24:58,916 org.apache.ibatis.io.ResolverUtil - Checking to see if class cn.itrip.beans.pojo.ItripImage matches criteria [is assignable to Object]
- (5304 ms) - [DEBUG] 2018-12-30 19:24:58,916 org.apache.ibatis.io.ResolverUtil - Checking to see if class cn.itrip.beans.pojo.ItripLabelDic matches criteria [is assignable to Object]
- (5305 ms) - [DEBUG] 2018-12-30 19:24:58,917 org.apache.ibatis.io.ResolverUtil - Checking to see if class cn.itrip.beans.pojo.ItripOrderLinkUser matches criteria [is assignable to Object]
- (5305 ms) - [DEBUG] 2018-12-30 19:24:58,917 org.apache.ibatis.io.ResolverUtil - Checking to see if class cn.itrip.beans.pojo.ItripProductStore matches criteria [is assignable to Object]
- (5306 ms) - [DEBUG] 2018-12-30 19:24:58,918 org.apache.ibatis.io.ResolverUtil - Checking to see if class cn.itrip.beans.pojo.ItripTradeEnds matches criteria [is assignable to Object]
- (5306 ms) - [DEBUG] 2018-12-30 19:24:58,918 org.apache.ibatis.io.ResolverUtil - Checking to see if class cn.itrip.beans.pojo.ItripUser matches criteria [is assignable to Object]
- (5307 ms) - [DEBUG] 2018-12-30 19:24:58,919 org.apache.ibatis.io.ResolverUtil - Checking to see if class cn.itrip.beans.pojo.ItripUserLinkUser matches criteria [is assignable to Object]
- (5310 ms) - [DEBUG] 2018-12-30 19:24:58,922 org.mybatis.spring.SqlSessionFactoryBean - Parsed configuration file: 'class path resource [mybatis-config.xml]'
- (5318 ms) - [ERROR] 2018-12-30 19:24:58,930 org.apache.ibatis.executor.BaseExecutor - Could not get a databaseId from dataSource
org.apache.commons.dbcp.SQLNestedException: Cannot create PoolableConnectionFactory (Data source rejected establishment of connection,  message from server: "Too many connections")
	at org.apache.commons.dbcp.BasicDataSource.createPoolableConnectionFactory(BasicDataSource.java:1549)
	at org.apache.commons.dbcp.BasicDataSource.createDataSource(BasicDataSource.java:1388)
	at org.apache.commons.dbcp.BasicDataSource.getConnection(BasicDataSource.java:1044)
	at org.apache.ibatis.mapping.VendorDatabaseIdProvider.getDatabaseProductName(VendorDatabaseIdProvider.java:76)
	at org.apache.ibatis.mapping.VendorDatabaseIdProvider.getDatabaseName(VendorDatabaseIdProvider.java:61)
	at org.apache.ibatis.mapping.VendorDatabaseIdProvider.getDatabaseId(VendorDatabaseIdProvider.java:49)
	at org.mybatis.spring.SqlSessionFactoryBean.buildSqlSessionFactory(SqlSessionFactoryBean.java:445)
	at org.mybatis.spring.SqlSessionFactoryBean.afterPropertiesSet(SqlSessionFactoryBean.java:336)
	at org.springframework.beans.factory.support.AbstractAutowireCapableBeanFactory.invokeInitMethods(AbstractAutowireCapableBeanFactory.java:1633)
	at org.springframework.beans.factory.support.AbstractAutowireCapableBeanFactory.initializeBean(AbstractAutowireCapableBeanFactory.java:1570)
	at org.springframework.beans.factory.support.AbstractAutowireCapableBeanFactory.doCreateBean(AbstractAutowireCapableBeanFactory.java:539)
	at org.springframework.beans.factory.support.AbstractAutowireCapableBeanFactory.createBean(AbstractAutowireCapableBeanFactory.java:476)
	at org.springframework.beans.factory.support.AbstractBeanFactory$1.getObject(AbstractBeanFactory.java:303)
	at org.springframework.beans.factory.support.DefaultSingletonBeanRegistry.getSingleton(DefaultSingletonBeanRegistry.java:230)
	at org.springframework.beans.factory.support.AbstractBeanFactory.doGetBean(AbstractBeanFactory.java:299)
	at org.springframework.beans.factory.support.AbstractBeanFactory.getBean(AbstractBeanFactory.java:194)
	at org.springframework.beans.factory.support.DefaultListableBeanFactory.findAutowireCandidates(DefaultListableBeanFactory.java:1120)
	at org.springframework.beans.factory.support.DefaultListableBeanFactory.doResolveDependency(DefaultListableBeanFactory.java:1044)
	at org.springframework.beans.factory.support.DefaultListableBeanFactory.resolveDependency(DefaultListableBeanFactory.java:942)
	at org.springframework.beans.factory.support.AbstractAutowireCapableBeanFactory.autowireByType(AbstractAutowireCapableBeanFactory.java:1288)
	at org.springframework.beans.factory.support.AbstractAutowireCapableBeanFactory.populateBean(AbstractAutowireCapableBeanFactory.java:1195)
	at org.springframework.beans.factory.support.AbstractAutowireCapableBeanFactory.doCreateBean(AbstractAutowireCapableBeanFactory.java:537)
	at org.springframework.beans.factory.support.AbstractAutowireCapableBeanFactory.createBean(AbstractAutowireCapableBeanFactory.java:476)
	at org.springframework.beans.factory.support.AbstractBeanFactory$1.getObject(AbstractBeanFactory.java:303)
	at org.springframework.beans.factory.support.DefaultSingletonBeanRegistry.getSingleton(DefaultSingletonBeanRegistry.java:230)
	at org.springframework.beans.factory.support.AbstractBeanFactory.doGetBean(AbstractBeanFactory.java:299)
	at org.springframework.beans.factory.support.AbstractBeanFactory.getTypeForFactoryBean(AbstractBeanFactory.java:1421)
	at org.springframework.beans.factory.support.AbstractAutowireCapableBeanFactory.getTypeForFactoryBean(AbstractAutowireCapableBeanFactory.java:802)
	at org.springframework.beans.factory.support.AbstractBeanFactory.isTypeMatch(AbstractBeanFactory.java:542)
	at org.springframework.beans.factory.support.DefaultListableBeanFactory.doGetBeanNamesForType(DefaultListableBeanFactory.java:436)
	at org.springframework.beans.factory.support.DefaultListableBeanFactory.getBeanNamesForType(DefaultListableBeanFactory.java:412)
	at org.springframework.beans.factory.BeanFactoryUtils.beanNamesForTypeIncludingAncestors(BeanFactoryUtils.java:186)
	at org.springframework.beans.factory.support.DefaultListableBeanFactory.findAutowireCandidates(DefaultListableBeanFactory.java:1105)
	at org.springframework.beans.factory.support.DefaultListableBeanFactory.doResolveDependency(DefaultListableBeanFactory.java:1044)
	at org.springframework.beans.factory.support.DefaultListableBeanFactory.resolveDependency(DefaultListableBeanFactory.java:942)
	at org.springframework.beans.factory.support.AbstractAutowireCapableBeanFactory.autowireByType(AbstractAutowireCapableBeanFactory.java:1288)
	at org.springframework.beans.factory.support.AbstractAutowireCapableBeanFactory.populateBean(AbstractAutowireCapableBeanFactory.java:1195)
	at org.springframework.beans.factory.support.AbstractAutowireCapableBeanFactory.doCreateBean(AbstractAutowireCapableBeanFactory.java:537)
	at org.springframework.beans.factory.support.AbstractAutowireCapableBeanFactory.createBean(AbstractAutowireCapableBeanFactory.java:476)
	at org.springframework.beans.factory.support.AbstractBeanFactory$1.getObject(AbstractBeanFactory.java:303)
	at org.springframework.beans.factory.support.DefaultSingletonBeanRegistry.getSingleton(DefaultSingletonBeanRegistry.java:230)
	at org.springframework.beans.factory.support.AbstractBeanFactory.doGetBean(AbstractBeanFactory.java:299)
	at org.springframework.beans.factory.support.AbstractBeanFactory.getTypeForFactoryBean(AbstractBeanFactory.java:1421)
	at org.springframework.beans.factory.support.AbstractAutowireCapableBeanFactory.getTypeForFactoryBean(AbstractAutowireCapableBeanFactory.java:802)
	at org.springframework.beans.factory.support.AbstractBeanFactory.isTypeMatch(AbstractBeanFactory.java:542)
	at org.springframework.beans.factory.support.DefaultListableBeanFactory.doGetBeanNamesForType(DefaultListableBeanFactory.java:436)
	at org.springframework.beans.factory.support.DefaultListableBeanFactory.getBeanNamesForType(DefaultListableBeanFactory.java:412)
	at org.springframework.beans.factory.BeanFactoryUtils.beanNamesForTypeIncludingAncestors(BeanFactoryUtils.java:186)
	at org.springframework.beans.factory.support.DefaultListableBeanFactory.findAutowireCandidates(DefaultListableBeanFactory.java:1105)
	at org.springframework.beans.factory.support.DefaultListableBeanFactory.doResolveDependency(DefaultListableBeanFactory.java:1044)
	at org.springframework.beans.factory.support.DefaultListableBeanFactory.resolveDependency(DefaultListableBeanFactory.java:942)
	at org.springframework.beans.factory.support.AbstractAutowireCapableBeanFactory.autowireByType(AbstractAutowireCapableBeanFactory.java:1288)
	at org.springframework.beans.factory.support.AbstractAutowireCapableBeanFactory.populateBean(AbstractAutowireCapableBeanFactory.java:1195)
	at org.springframework.beans.factory.support.AbstractAutowireCapableBeanFactory.doCreateBean(AbstractAutowireCapableBeanFactory.java:537)
	at org.springframework.beans.factory.support.AbstractAutowireCapableBeanFactory.createBean(AbstractAutowireCapableBeanFactory.java:476)
	at org.springframework.beans.factory.support.AbstractBeanFactory$1.getObject(AbstractBeanFactory.java:303)
	at org.springframework.beans.factory.support.DefaultSingletonBeanRegistry.getSingleton(DefaultSingletonBeanRegistry.java:230)
	at org.springframework.beans.factory.support.AbstractBeanFactory.doGetBean(AbstractBeanFactory.java:299)
	at org.springframework.beans.factory.support.AbstractBeanFactory.getTypeForFactoryBean(AbstractBeanFactory.java:1421)
	at org.springframework.beans.factory.support.AbstractAutowireCapableBeanFactory.getTypeForFactoryBean(AbstractAutowireCapableBeanFactory.java:802)
	at org.springframework.beans.factory.support.AbstractBeanFactory.isTypeMatch(AbstractBeanFactory.java:542)
	at org.springframework.beans.factory.support.DefaultListableBeanFactory.doGetBeanNamesForType(DefaultListableBeanFactory.java:436)
	at org.springframework.beans.factory.support.DefaultListableBeanFactory.getBeanNamesForType(DefaultListableBeanFactory.java:412)
	at org.springframework.beans.factory.BeanFactoryUtils.beanNamesForTypeIncludingAncestors(BeanFactoryUtils.java:186)
	at org.springframework.beans.factory.support.DefaultListableBeanFactory.findAutowireCandidates(DefaultListableBeanFactory.java:1105)
	at org.springframework.beans.factory.support.DefaultListableBeanFactory.doResolveDependency(DefaultListableBeanFactory.java:1044)
	at org.springframework.beans.factory.support.DefaultListableBeanFactory.resolveDependency(DefaultListableBeanFactory.java:942)
	at org.springframework.beans.factory.support.AbstractAutowireCapableBeanFactory.autowireByType(AbstractAutowireCapableBeanFactory.java:1288)
	at org.springframework.beans.factory.support.AbstractAutowireCapableBeanFactory.populateBean(AbstractAutowireCapableBeanFactory.java:1195)
	at org.springframework.beans.factory.support.AbstractAutowireCapableBeanFactory.doCreateBean(AbstractAutowireCapableBeanFactory.java:537)
	at org.springframework.beans.factory.support.AbstractAutowireCapableBeanFactory.createBean(AbstractAutowireCapableBeanFactory.java:476)
	at org.springframework.beans.factory.support.AbstractBeanFactory$1.getObject(AbstractBeanFactory.java:303)
	at org.springframework.beans.factory.support.DefaultSingletonBeanRegistry.getSingleton(DefaultSingletonBeanRegistry.java:230)
	at org.springframework.beans.factory.support.AbstractBeanFactory.doGetBean(AbstractBeanFactory.java:299)
	at org.springframework.beans.factory.support.AbstractBeanFactory.getTypeForFactoryBean(AbstractBeanFactory.java:1421)
	at org.springframework.beans.factory.support.AbstractAutowireCapableBeanFactory.getTypeForFactoryBean(AbstractAutowireCapableBeanFactory.java:802)
	at org.springframework.beans.factory.support.AbstractBeanFactory.isTypeMatch(AbstractBeanFactory.java:542)
	at org.springframework.beans.factory.support.DefaultListableBeanFactory.doGetBeanNamesForType(DefaultListableBeanFactory.java:436)
	at org.springframework.beans.factory.support.DefaultListableBeanFactory.getBeanNamesForType(DefaultListableBeanFactory.java:412)
	at org.springframework.beans.factory.BeanFactoryUtils.beanNamesForTypeIncludingAncestors(BeanFactoryUtils.java:186)
	at org.springframework.beans.factory.support.DefaultListableBeanFactory.findAutowireCandidates(DefaultListableBeanFactory.java:1105)
	at org.springframework.beans.factory.support.DefaultListableBeanFactory.doResolveDependency(DefaultListableBeanFactory.java:1044)
	at org.springframework.beans.factory.support.DefaultListableBeanFactory.resolveDependency(DefaultListableBeanFactory.java:942)
	at org.springframework.beans.factory.support.AbstractAutowireCapableBeanFactory.autowireByType(AbstractAutowireCapableBeanFactory.java:1288)
	at org.springframework.beans.factory.support.AbstractAutowireCapableBeanFactory.populateBean(AbstractAutowireCapableBeanFactory.java:1195)
	at org.springframework.beans.factory.support.AbstractAutowireCapableBeanFactory.doCreateBean(AbstractAutowireCapableBeanFactory.java:537)
	at org.springframework.beans.factory.support.AbstractAutowireCapableBeanFactory.createBean(AbstractAutowireCapableBeanFactory.java:476)
	at org.springframework.beans.factory.support.AbstractBeanFactory$1.getObject(AbstractBeanFactory.java:303)
	at org.springframework.beans.factory.support.DefaultSingletonBeanRegistry.getSingleton(DefaultSingletonBeanRegistry.java:230)
	at org.springframework.beans.factory.support.AbstractBeanFactory.doGetBean(AbstractBeanFactory.java:299)
	at org.springframework.beans.factory.support.AbstractBeanFactory.getTypeForFactoryBean(AbstractBeanFactory.java:1421)
	at org.springframework.beans.factory.support.AbstractAutowireCapableBeanFactory.getTypeForFactoryBean(AbstractAutowireCapableBeanFactory.java:802)
	at org.springframework.beans.factory.support.AbstractBeanFactory.isTypeMatch(AbstractBeanFactory.java:542)
	at org.springframework.beans.factory.support.DefaultListableBeanFactory.doGetBeanNamesForType(DefaultListableBeanFactory.java:436)
	at org.springframework.beans.factory.support.DefaultListableBeanFactory.getBeanNamesForType(DefaultListableBeanFactory.java:412)
	at org.springframework.beans.factory.BeanFactoryUtils.beanNamesForTypeIncludingAncestors(BeanFactoryUtils.java:186)
	at org.springframework.beans.factory.support.DefaultListableBeanFactory.findAutowireCandidates(DefaultListableBeanFactory.java:1105)
	at org.springframework.beans.factory.support.DefaultListableBeanFactory.doResolveDependency(DefaultListableBeanFactory.java:1044)
	at org.springframework.beans.factory.support.DefaultListableBeanFactory.resolveDependency(DefaultListableBeanFactory.java:942)
	at org.springframework.beans.factory.support.AbstractAutowireCapableBeanFactory.autowireByType(AbstractAutowireCapableBeanFactory.java:1288)
	at org.springframework.beans.factory.support.AbstractAutowireCapableBeanFactory.populateBean(AbstractAutowireCapableBeanFactory.java:1195)
	at org.springframework.beans.factory.support.AbstractAutowireCapableBeanFactory.doCreateBean(AbstractAutowireCapableBeanFactory.java:537)
	at org.springframework.beans.factory.support.AbstractAutowireCapableBeanFactory.createBean(AbstractAutowireCapableBeanFactory.java:476)
	at org.springframework.beans.factory.support.AbstractBeanFactory$1.getObject(AbstractBeanFactory.java:303)
	at org.springframework.beans.factory.support.DefaultSingletonBeanRegistry.getSingleton(DefaultSingletonBeanRegistry.java:230)
	at org.springframework.beans.factory.support.AbstractBeanFactory.doGetBean(AbstractBeanFactory.java:299)
	at org.springframework.beans.factory.support.AbstractBeanFactory.getTypeForFactoryBean(AbstractBeanFactory.java:1421)
	at org.springframework.beans.factory.support.AbstractAutowireCapableBeanFactory.getTypeForFactoryBean(AbstractAutowireCapableBeanFactory.java:802)
	at org.springframework.beans.factory.support.AbstractBeanFactory.isTypeMatch(AbstractBeanFactory.java:542)
	at org.springframework.beans.factory.support.DefaultListableBeanFactory.doGetBeanNamesForType(DefaultListableBeanFactory.java:436)
	at org.springframework.beans.factory.support.DefaultListableBeanFactory.getBeanNamesForType(DefaultListableBeanFactory.java:412)
	at org.springframework.beans.factory.BeanFactoryUtils.beanNamesForTypeIncludingAncestors(BeanFactoryUtils.java:186)
	at org.springframework.beans.factory.support.DefaultListableBeanFactory.findAutowireCandidates(DefaultListableBeanFactory.java:1105)
	at org.springframework.beans.factory.support.DefaultListableBeanFactory.doResolveDependency(DefaultListableBeanFactory.java:1044)
	at org.springframework.beans.factory.support.DefaultListableBeanFactory.resolveDependency(DefaultListableBeanFactory.java:942)
	at org.springframework.beans.factory.support.AbstractAutowireCapableBeanFactory.autowireByType(AbstractAutowireCapableBeanFactory.java:1288)
	at org.springframework.beans.factory.support.AbstractAutowireCapableBeanFactory.populateBean(AbstractAutowireCapableBeanFactory.java:1195)
	at org.springframework.beans.factory.support.AbstractAutowireCapableBeanFactory.doCreateBean(AbstractAutowireCapableBeanFactory.java:537)
	at org.springframework.beans.factory.support.AbstractAutowireCapableBeanFactory.createBean(AbstractAutowireCapableBeanFactory.java:476)
	at org.springframework.beans.factory.support.AbstractBeanFactory$1.getObject(AbstractBeanFactory.java:303)
	at org.springframework.beans.factory.support.DefaultSingletonBeanRegistry.getSingleton(DefaultSingletonBeanRegistry.java:230)
	at org.springframework.beans.factory.support.AbstractBeanFactory.doGetBean(AbstractBeanFactory.java:299)
	at org.springframework.beans.factory.support.AbstractBeanFactory.getTypeForFactoryBean(AbstractBeanFactory.java:1421)
	at org.springframework.beans.factory.support.AbstractAutowireCapableBeanFactory.getTypeForFactoryBean(AbstractAutowireCapableBeanFactory.java:802)
	at org.springframework.beans.factory.support.AbstractBeanFactory.isTypeMatch(AbstractBeanFactory.java:542)
	at org.springframework.beans.factory.support.DefaultListableBeanFactory.doGetBeanNamesForType(DefaultListableBeanFactory.java:436)
	at org.springframework.beans.factory.support.DefaultListableBeanFactory.getBeanNamesForType(DefaultListableBeanFactory.java:412)
	at org.springframework.beans.factory.BeanFactoryUtils.beanNamesForTypeIncludingAncestors(BeanFactoryUtils.java:186)
	at org.springframework.beans.factory.support.DefaultListableBeanFactory.findAutowireCandidates(DefaultListableBeanFactory.java:1105)
	at org.springframework.beans.factory.support.DefaultListableBeanFactory.doResolveDependency(DefaultListableBeanFactory.java:1044)
	at org.springframework.beans.factory.support.DefaultListableBeanFactory.resolveDependency(DefaultListableBeanFactory.java:942)
	at org.springframework.beans.factory.support.AbstractAutowireCapableBeanFactory.autowireByType(AbstractAutowireCapableBeanFactory.java:1288)
	at org.springframework.beans.factory.support.AbstractAutowireCapableBeanFactory.populateBean(AbstractAutowireCapableBeanFactory.java:1195)
	at org.springframework.beans.factory.support.AbstractAutowireCapableBeanFactory.doCreateBean(AbstractAutowireCapableBeanFactory.java:537)
	at org.springframework.beans.factory.support.AbstractAutowireCapableBeanFactory.createBean(AbstractAutowireCapableBeanFactory.java:476)
	at org.springframework.beans.factory.support.AbstractBeanFactory$1.getObject(AbstractBeanFactory.java:303)
	at org.springframework.beans.factory.support.DefaultSingletonBeanRegistry.getSingleton(DefaultSingletonBeanRegistry.java:230)
	at org.springframework.beans.factory.support.AbstractBeanFactory.doGetBean(AbstractBeanFactory.java:299)
	at org.springframework.beans.factory.support.AbstractBeanFactory.getTypeForFactoryBean(AbstractBeanFactory.java:1421)
	at org.springframework.beans.factory.support.AbstractAutowireCapableBeanFactory.getTypeForFactoryBean(AbstractAutowireCapableBeanFactory.java:802)
	at org.springframework.beans.factory.support.AbstractBeanFactory.isTypeMatch(AbstractBeanFactory.java:542)
	at org.springframework.beans.factory.support.DefaultListableBeanFactory.doGetBeanNamesForType(DefaultListableBeanFactory.java:436)
	at org.springframework.beans.factory.support.DefaultListableBeanFactory.getBeanNamesForType(DefaultListableBeanFactory.java:412)
	at org.springframework.beans.factory.BeanFactoryUtils.beanNamesForTypeIncludingAncestors(BeanFactoryUtils.java:186)
	at org.springframework.beans.factory.support.DefaultListableBeanFactory.findAutowireCandidates(DefaultListableBeanFactory.java:1105)
	at org.springframework.beans.factory.support.DefaultListableBeanFactory.doResolveDependency(DefaultListableBeanFactory.java:1044)
	at org.springframework.beans.factory.support.DefaultListableBeanFactory.resolveDependency(DefaultListableBeanFactory.java:942)
	at org.springframework.beans.factory.support.AbstractAutowireCapableBeanFactory.autowireByType(AbstractAutowireCapableBeanFactory.java:1288)
	at org.springframework.beans.factory.support.AbstractAutowireCapableBeanFactory.populateBean(AbstractAutowireCapableBeanFactory.java:1195)
	at org.springframework.beans.factory.support.AbstractAutowireCapableBeanFactory.doCreateBean(AbstractAutowireCapableBeanFactory.java:537)
	at org.springframework.beans.factory.support.AbstractAutowireCapableBeanFactory.createBean(AbstractAutowireCapableBeanFactory.java:476)
	at org.springframework.beans.factory.support.AbstractBeanFactory$1.getObject(AbstractBeanFactory.java:303)
	at org.springframework.beans.factory.support.DefaultSingletonBeanRegistry.getSingleton(DefaultSingletonBeanRegistry.java:230)
	at org.springframework.beans.factory.support.AbstractBeanFactory.doGetBean(AbstractBeanFactory.java:299)
	at org.springframework.beans.factory.support.AbstractBeanFactory.getTypeForFactoryBean(AbstractBeanFactory.java:1421)
	at org.springframework.beans.factory.support.AbstractAutowireCapableBeanFactory.getTypeForFactoryBean(AbstractAutowireCapableBeanFactory.java:802)
	at org.springframework.beans.factory.support.AbstractBeanFactory.isTypeMatch(AbstractBeanFactory.java:542)
	at org.springframework.beans.factory.support.DefaultListableBeanFactory.doGetBeanNamesForType(DefaultListableBeanFactory.java:436)
	at org.springframework.beans.factory.support.DefaultListableBeanFactory.getBeanNamesForType(DefaultListableBeanFactory.java:412)
	at org.springframework.beans.factory.BeanFactoryUtils.beanNamesForTypeIncludingAncestors(BeanFactoryUtils.java:186)
	at org.springframework.beans.factory.support.DefaultListableBeanFactory.findAutowireCandidates(DefaultListableBeanFactory.java:1105)
	at org.springframework.beans.factory.support.DefaultListableBeanFactory.doResolveDependency(DefaultListableBeanFactory.java:1044)
	at org.springframework.beans.factory.support.DefaultListableBeanFactory.resolveDependency(DefaultListableBeanFactory.java:942)
	at org.springframework.beans.factory.support.AbstractAutowireCapableBeanFactory.autowireByType(AbstractAutowireCapableBeanFactory.java:1288)
	at org.springframework.beans.factory.support.AbstractAutowireCapableBeanFactory.populateBean(AbstractAutowireCapableBeanFactory.java:1195)
	at org.springframework.beans.factory.support.AbstractAutowireCapableBeanFactory.doCreateBean(AbstractAutowireCapableBeanFactory.java:537)
	at org.springframework.beans.factory.support.AbstractAutowireCapableBeanFactory.createBean(AbstractAutowireCapableBeanFactory.java:476)
	at org.springframework.beans.factory.support.AbstractBeanFactory$1.getObject(AbstractBeanFactory.java:303)
	at org.springframework.beans.factory.support.DefaultSingletonBeanRegistry.getSingleton(DefaultSingletonBeanRegistry.java:230)
	at org.springframework.beans.factory.support.AbstractBeanFactory.doGetBean(AbstractBeanFactory.java:299)
	at org.springframework.beans.factory.support.AbstractBeanFactory.getTypeForFactoryBean(AbstractBeanFactory.java:1421)
	at org.springframework.beans.factory.support.AbstractAutowireCapableBeanFactory.getTypeForFactoryBean(AbstractAutowireCapableBeanFactory.java:802)
	at org.springframework.beans.factory.support.AbstractBeanFactory.isTypeMatch(AbstractBeanFactory.java:542)
	at org.springframework.beans.factory.support.DefaultListableBeanFactory.doGetBeanNamesForType(DefaultListableBeanFactory.java:436)
	at org.springframework.beans.factory.support.DefaultListableBeanFactory.getBeanNamesForType(DefaultListableBeanFactory.java:412)
	at org.springframework.beans.factory.support.DefaultListableBeanFactory.getBeanNamesForType(DefaultListableBeanFactory.java:398)
	at org.springframework.context.support.AbstractApplicationContext.getBeanNamesForType(AbstractApplicationContext.java:1040)
	at org.springframework.web.servlet.handler.AbstractDetectingUrlHandlerMapping.detectHandlers(AbstractDetectingUrlHandlerMapping.java:75)
	at org.springframework.web.servlet.handler.AbstractDetectingUrlHandlerMapping.initApplicationContext(AbstractDetectingUrlHandlerMapping.java:58)
	at org.springframework.context.support.ApplicationObjectSupport.initApplicationContext(ApplicationObjectSupport.java:120)
	at org.springframework.web.context.support.WebApplicationObjectSupport.initApplicationContext(WebApplicationObjectSupport.java:76)
	at org.springframework.context.support.ApplicationObjectSupport.setApplicationContext(ApplicationObjectSupport.java:74)
	at org.springframework.context.support.ApplicationContextAwareProcessor.invokeAwareInterfaces(ApplicationContextAwareProcessor.java:119)
	at org.springframework.context.support.ApplicationContextAwareProcessor.postProcessBeforeInitialization(ApplicationContextAwareProcessor.java:94)
	at org.springframework.beans.factory.support.AbstractAutowireCapableBeanFactory.applyBeanPostProcessorsBeforeInitialization(AbstractAutowireCapableBeanFactory.java:408)
	at org.springframework.beans.factory.support.AbstractAutowireCapableBeanFactory.initializeBean(AbstractAutowireCapableBeanFactory.java:1566)
	at org.springframework.beans.factory.support.AbstractAutowireCapableBeanFactory.doCreateBean(AbstractAutowireCapableBeanFactory.java:539)
	at org.springframework.beans.factory.support.AbstractAutowireCapableBeanFactory.createBean(AbstractAutowireCapableBeanFactory.java:476)
	at org.springframework.beans.factory.support.AbstractBeanFactory$1.getObject(AbstractBeanFactory.java:303)
	at org.springframework.beans.factory.support.DefaultSingletonBeanRegistry.getSingleton(DefaultSingletonBeanRegistry.java:230)
	at org.springframework.beans.factory.support.AbstractBeanFactory.doGetBean(AbstractBeanFactory.java:299)
	at org.springframework.beans.factory.support.AbstractBeanFactory.getBean(AbstractBeanFactory.java:194)
	at org.springframework.beans.factory.support.DefaultListableBeanFactory.preInstantiateSingletons(DefaultListableBeanFactory.java:755)
	at org.springframework.context.support.AbstractApplicationContext.finishBeanFactoryInitialization(AbstractApplicationContext.java:757)
	at org.springframework.context.support.AbstractApplicationContext.refresh(AbstractApplicationContext.java:480)
	at org.springframework.context.support.ClassPathXmlApplicationContext.<init>(ClassPathXmlApplicationContext.java:139)
	at org.springframework.context.support.ClassPathXmlApplicationContext.<init>(ClassPathXmlApplicationContext.java:83)
	at cn.itrip.service.labeldic.TestItripLabelDicService.testGetItripLabelDicListByMap(TestItripLabelDicService.java:18)
	at sun.reflect.NativeMethodAccessorImpl.invoke0(Native Method)
	at sun.reflect.NativeMethodAccessorImpl.invoke(NativeMethodAccessorImpl.java:62)
	at sun.reflect.DelegatingMethodAccessorImpl.invoke(DelegatingMethodAccessorImpl.java:43)
	at java.lang.reflect.Method.invoke(Method.java:498)
	at org.junit.runners.model.FrameworkMethod$1.runReflectiveCall(FrameworkMethod.java:47)
	at org.junit.internal.runners.model.ReflectiveCallable.run(ReflectiveCallable.java:12)
	at org.junit.runners.model.FrameworkMethod.invokeExplosively(FrameworkMethod.java:44)
	at org.junit.internal.runners.statements.InvokeMethod.evaluate(InvokeMethod.java:17)
	at org.junit.runners.ParentRunner.runLeaf(ParentRunner.java:271)
	at org.junit.runners.BlockJUnit4ClassRunner.runChild(BlockJUnit4ClassRunner.java:70)
	at org.junit.runners.BlockJUnit4ClassRunner.runChild(BlockJUnit4ClassRunner.java:50)
	at org.junit.runners.ParentRunner$3.run(ParentRunner.java:238)
	at org.junit.runners.ParentRunner$1.schedule(ParentRunner.java:63)
	at org.junit.runners.ParentRunner.runChildren(ParentRunner.java:236)
	at org.junit.runners.ParentRunner.access$000(ParentRunner.java:53)
	at org.junit.runners.ParentRunner$2.evaluate(ParentRunner.java:229)
	at org.junit.runners.ParentRunner.run(ParentRunner.java:309)
	at org.apache.maven.surefire.junit4.JUnit4Provider.execute(JUnit4Provider.java:369)
	at org.apache.maven.surefire.junit4.JUnit4Provider.executeWithRerun(JUnit4Provider.java:275)
	at org.apache.maven.surefire.junit4.JUnit4Provider.executeTestSet(JUnit4Provider.java:239)
	at org.apache.maven.surefire.junit4.JUnit4Provider.invoke(JUnit4Provider.java:160)
	at org.apache.maven.surefire.booter.ForkedBooter.invokeProviderInSameClassLoader(ForkedBooter.java:373)
	at org.apache.maven.surefire.booter.ForkedBooter.runSuitesInProcess(ForkedBooter.java:334)
	at org.apache.maven.surefire.booter.ForkedBooter.execute(ForkedBooter.java:119)
	at org.apache.maven.surefire.booter.ForkedBooter.main(ForkedBooter.java:407)
Caused by: com.mysql.jdbc.exceptions.jdbc4.MySQLNonTransientConnectionException: Data source rejected establishment of connection,  message from server: "Too many connections"
	at sun.reflect.NativeConstructorAccessorImpl.newInstance0(Native Method)
	at sun.reflect.NativeConstructorAccessorImpl.newInstance(NativeConstructorAccessorImpl.java:62)
	at sun.reflect.DelegatingConstructorAccessorImpl.newInstance(DelegatingConstructorAccessorImpl.java:45)
	at java.lang.reflect.Constructor.newInstance(Constructor.java:423)
	at com.mysql.jdbc.Util.handleNewInstance(Util.java:411)
	at com.mysql.jdbc.Util.getInstance(Util.java:386)
	at com.mysql.jdbc.SQLError.createSQLException(SQLError.java:1013)
	at com.mysql.jdbc.SQLError.createSQLException(SQLError.java:987)
	at com.mysql.jdbc.SQLError.createSQLException(SQLError.java:982)
	at com.mysql.jdbc.MysqlIO.doHandshake(MysqlIO.java:1128)
	at com.mysql.jdbc.ConnectionImpl.coreConnect(ConnectionImpl.java:2336)
	at com.mysql.jdbc.ConnectionImpl.connectOneTryOnly(ConnectionImpl.java:2369)
	at com.mysql.jdbc.ConnectionImpl.createNewIO(ConnectionImpl.java:2153)
	at com.mysql.jdbc.ConnectionImpl.<init>(ConnectionImpl.java:792)
	at com.mysql.jdbc.JDBC4Connection.<init>(JDBC4Connection.java:47)
	at sun.reflect.NativeConstructorAccessorImpl.newInstance0(Native Method)
	at sun.reflect.NativeConstructorAccessorImpl.newInstance(NativeConstructorAccessorImpl.java:62)
	at sun.reflect.DelegatingConstructorAccessorImpl.newInstance(DelegatingConstructorAccessorImpl.java:45)
	at java.lang.reflect.Constructor.newInstance(Constructor.java:423)
	at com.mysql.jdbc.Util.handleNewInstance(Util.java:411)
	at com.mysql.jdbc.ConnectionImpl.getInstance(ConnectionImpl.java:381)
	at com.mysql.jdbc.NonRegisteringDriver.connect(NonRegisteringDriver.java:305)
	at org.apache.commons.dbcp.DriverConnectionFactory.createConnection(DriverConnectionFactory.java:38)
	at org.apache.commons.dbcp.PoolableConnectionFactory.makeObject(PoolableConnectionFactory.java:582)
	at org.apache.commons.dbcp.BasicDataSource.validateConnectionFactory(BasicDataSource.java:1556)
	at org.apache.commons.dbcp.BasicDataSource.createPoolableConnectionFactory(BasicDataSource.java:1545)
	... 222 more
- (5325 ms) - [DEBUG] 2018-12-30 19:24:58,937 org.mybatis.spring.SqlSessionFactoryBean - Property 'mapperLocations' was not specified or no matching resources found
- (5325 ms) - [DEBUG] 2018-12-30 19:24:58,937 org.springframework.beans.factory.support.DefaultListableBeanFactory - Returning cached instance of singleton bean 'org.springframework.aop.support.DefaultBeanFactoryPointcutAdvisor#0'
- (5326 ms) - [DEBUG] 2018-12-30 19:24:58,938 org.springframework.beans.factory.support.DefaultListableBeanFactory - Returning cached instance of singleton bean 'org.springframework.aop.support.DefaultBeanFactoryPointcutAdvisor#0'
- (5328 ms) - [DEBUG] 2018-12-30 19:24:58,940 org.springframework.beans.factory.support.DefaultListableBeanFactory - Finished creating instance of bean 'sqlSessionFactoryBean'
- (5328 ms) - [DEBUG] 2018-12-30 19:24:58,940 org.springframework.beans.factory.support.DefaultListableBeanFactory - Returning cached instance of singleton bean 'org.springframework.aop.support.DefaultBeanFactoryPointcutAdvisor#0'
- (5329 ms) - [DEBUG] 2018-12-30 19:24:58,941 org.springframework.beans.factory.support.DefaultListableBeanFactory - Returning cached instance of singleton bean 'org.springframework.aop.support.DefaultBeanFactoryPointcutAdvisor#0'
- (5331 ms) - [DEBUG] 2018-12-30 19:24:58,943 org.springframework.beans.factory.support.DefaultListableBeanFactory - Autowiring by type from bean name 'itripUserLinkUserMapper' via property 'sqlSessionFactory' to bean named 'sqlSessionFactoryBean'
- (5333 ms) - [DEBUG] 2018-12-30 19:24:58,945 org.springframework.beans.factory.support.DefaultListableBeanFactory - Invoking afterPropertiesSet() on bean with name 'itripUserLinkUserMapper'
- (5346 ms) - [DEBUG] 2018-12-30 19:24:58,958 org.springframework.beans.factory.support.DefaultListableBeanFactory - Finished creating instance of bean 'itripUserLinkUserMapper'
- (5347 ms) - [DEBUG] 2018-12-30 19:24:58,959 org.springframework.beans.factory.support.DefaultListableBeanFactory - Returning cached instance of singleton bean 'sqlSessionFactoryBean'
- (5347 ms) - [DEBUG] 2018-12-30 19:24:58,959 org.springframework.beans.factory.support.DefaultListableBeanFactory - Autowiring by type from bean name 'itripUserMapper' via property 'sqlSessionFactory' to bean named 'sqlSessionFactoryBean'
- (5348 ms) - [DEBUG] 2018-12-30 19:24:58,960 org.springframework.beans.factory.support.DefaultListableBeanFactory - Invoking afterPropertiesSet() on bean with name 'itripUserMapper'
- (5370 ms) - [DEBUG] 2018-12-30 19:24:58,982 org.springframework.beans.factory.support.DefaultListableBeanFactory - Finished creating instance of bean 'itripUserMapper'
- (5370 ms) - [DEBUG] 2018-12-30 19:24:58,982 org.springframework.beans.factory.support.DefaultListableBeanFactory - Returning cached instance of singleton bean 'sqlSessionFactoryBean'
- (5371 ms) - [DEBUG] 2018-12-30 19:24:58,983 org.springframework.beans.factory.support.DefaultListableBeanFactory - Autowiring by type from bean name 'itripLabelDicMapper' via property 'sqlSessionFactory' to bean named 'sqlSessionFactoryBean'
- (5372 ms) - [DEBUG] 2018-12-30 19:24:58,984 org.springframework.beans.factory.support.DefaultListableBeanFactory - Invoking afterPropertiesSet() on bean with name 'itripLabelDicMapper'
- (5389 ms) - [DEBUG] 2018-12-30 19:24:59,001 org.springframework.beans.factory.support.DefaultListableBeanFactory - Finished creating instance of bean 'itripLabelDicMapper'
- (5398 ms) - [DEBUG] 2018-12-30 19:24:59,010 org.springframework.beans.factory.support.DefaultListableBeanFactory - Returning cached instance of singleton bean 'sqlSessionFactoryBean'
- (5399 ms) - [DEBUG] 2018-12-30 19:24:59,011 org.springframework.beans.factory.support.DefaultListableBeanFactory - Autowiring by type from bean name 'itripLabelMapper' via property 'sqlSessionFactory' to bean named 'sqlSessionFactoryBean'
- (5403 ms) - [DEBUG] 2018-12-30 19:24:59,015 org.springframework.beans.factory.support.DefaultListableBeanFactory - Invoking afterPropertiesSet() on bean with name 'itripLabelMapper'
- (5425 ms) - [DEBUG] 2018-12-30 19:24:59,037 org.springframework.beans.factory.support.DefaultListableBeanFactory - Finished creating instance of bean 'itripLabelMapper'
- (5426 ms) - [DEBUG] 2018-12-30 19:24:59,038 org.springframework.beans.factory.support.DefaultListableBeanFactory - Returning cached instance of singleton bean 'sqlSessionFactoryBean'
- (5426 ms) - [DEBUG] 2018-12-30 19:24:59,038 org.springframework.beans.factory.support.DefaultListableBeanFactory - Autowiring by type from bean name 'itripImageMapper' via property 'sqlSessionFactory' to bean named 'sqlSessionFactoryBean'
- (5428 ms) - [DEBUG] 2018-12-30 19:24:59,040 org.springframework.beans.factory.support.DefaultListableBeanFactory - Invoking afterPropertiesSet() on bean with name 'itripImageMapper'
- (5434 ms) - [DEBUG] 2018-12-30 19:24:59,046 org.springframework.beans.factory.support.DefaultListableBeanFactory - Finished creating instance of bean 'itripImageMapper'
- (5434 ms) - [DEBUG] 2018-12-30 19:24:59,046 org.springframework.beans.factory.support.DefaultListableBeanFactory - Returning cached instance of singleton bean 'sqlSessionFactoryBean'
- (5435 ms) - [DEBUG] 2018-12-30 19:24:59,047 org.springframework.beans.factory.support.DefaultListableBeanFactory - Autowiring by type from bean name 'itripHotelOrderMapper' via property 'sqlSessionFactory' to bean named 'sqlSessionFactoryBean'
- (5435 ms) - [DEBUG] 2018-12-30 19:24:59,047 org.springframework.beans.factory.support.DefaultListableBeanFactory - Invoking afterPropertiesSet() on bean with name 'itripHotelOrderMapper'
- (5448 ms) - [DEBUG] 2018-12-30 19:24:59,060 org.springframework.beans.factory.support.DefaultListableBeanFactory - Finished creating instance of bean 'itripHotelOrderMapper'
- (5449 ms) - [DEBUG] 2018-12-30 19:24:59,061 org.springframework.beans.factory.support.DefaultListableBeanFactory - Returning cached instance of singleton bean 'sqlSessionFactoryBean'
- (5449 ms) - [DEBUG] 2018-12-30 19:24:59,061 org.springframework.beans.factory.support.DefaultListableBeanFactory - Autowiring by type from bean name 'itripHotelMapper' via property 'sqlSessionFactory' to bean named 'sqlSessionFactoryBean'
- (5450 ms) - [DEBUG] 2018-12-30 19:24:59,062 org.springframework.beans.factory.support.DefaultListableBeanFactory - Invoking afterPropertiesSet() on bean with name 'itripHotelMapper'
- (5455 ms) - [DEBUG] 2018-12-30 19:24:59,067 org.springframework.beans.factory.support.DefaultListableBeanFactory - Finished creating instance of bean 'itripHotelMapper'
- (5463 ms) - [DEBUG] 2018-12-30 19:24:59,075 org.springframework.beans.factory.support.DefaultListableBeanFactory - Returning cached instance of singleton bean 'sqlSessionFactoryBean'
- (5464 ms) - [DEBUG] 2018-12-30 19:24:59,076 org.springframework.beans.factory.support.DefaultListableBeanFactory - Autowiring by type from bean name 'itripCommentMapper' via property 'sqlSessionFactory' to bean named 'sqlSessionFactoryBean'
- (5464 ms) - [DEBUG] 2018-12-30 19:24:59,076 org.springframework.beans.factory.support.DefaultListableBeanFactory - Invoking afterPropertiesSet() on bean with name 'itripCommentMapper'
- (5487 ms) - [DEBUG] 2018-12-30 19:24:59,099 org.springframework.beans.factory.support.DefaultListableBeanFactory - Finished creating instance of bean 'itripCommentMapper'
- (5488 ms) - [DEBUG] 2018-12-30 19:24:59,100 org.springframework.beans.factory.support.DefaultListableBeanFactory - Returning cached instance of singleton bean 'sqlSessionFactoryBean'
- (5488 ms) - [DEBUG] 2018-12-30 19:24:59,100 org.springframework.beans.factory.support.DefaultListableBeanFactory - Autowiring by type from bean name 'itripAreaDicMapper' via property 'sqlSessionFactory' to bean named 'sqlSessionFactoryBean'
- (5489 ms) - [DEBUG] 2018-12-30 19:24:59,101 org.springframework.beans.factory.support.DefaultListableBeanFactory - Invoking afterPropertiesSet() on bean with name 'itripAreaDicMapper'
- (5500 ms) - [DEBUG] 2018-12-30 19:24:59,112 org.springframework.beans.factory.support.DefaultListableBeanFactory - Finished creating instance of bean 'itripAreaDicMapper'
- (5501 ms) - [DEBUG] 2018-12-30 19:24:59,113 org.springframework.beans.factory.support.DefaultListableBeanFactory - Returning cached instance of singleton bean 'sqlSessionFactoryBean'
- (5502 ms) - [DEBUG] 2018-12-30 19:24:59,114 org.springframework.beans.factory.support.DefaultListableBeanFactory - Autowiring by type from bean name 'itripHotMapper' via property 'sqlSessionFactory' to bean named 'sqlSessionFactoryBean'
- (5503 ms) - [DEBUG] 2018-12-30 19:24:59,115 org.springframework.beans.factory.support.DefaultListableBeanFactory - Invoking afterPropertiesSet() on bean with name 'itripHotMapper'
- (5509 ms) - [DEBUG] 2018-12-30 19:24:59,121 org.springframework.beans.factory.support.DefaultListableBeanFactory - Finished creating instance of bean 'itripHotMapper'
- (5509 ms) - [DEBUG] 2018-12-30 19:24:59,121 org.springframework.web.servlet.handler.BeanNameUrlHandlerMapping - Rejected bean name 'org.springframework.web.servlet.resource.DefaultServletHttpRequestHandler#0': no URL paths identified
- (5509 ms) - [DEBUG] 2018-12-30 19:24:59,121 org.springframework.web.servlet.handler.BeanNameUrlHandlerMapping - Rejected bean name 'org.springframework.web.servlet.handler.SimpleUrlHandlerMapping#0': no URL paths identified
- (5509 ms) - [DEBUG] 2018-12-30 19:24:59,121 org.springframework.web.servlet.handler.BeanNameUrlHandlerMapping - Rejected bean name 'org.springframework.web.servlet.handler.BeanNameUrlHandlerMapping': no URL paths identified
- (5509 ms) - [DEBUG] 2018-12-30 19:24:59,121 org.springframework.web.servlet.handler.BeanNameUrlHandlerMapping - Rejected bean name 'org.springframework.web.servlet.mvc.HttpRequestHandlerAdapter': no URL paths identified
- (5509 ms) - [DEBUG] 2018-12-30 19:24:59,121 org.springframework.web.servlet.handler.BeanNameUrlHandlerMapping - Rejected bean name 'org.springframework.web.servlet.mvc.SimpleControllerHandlerAdapter': no URL paths identified
- (5510 ms) - [DEBUG] 2018-12-30 19:24:59,122 org.springframework.web.servlet.handler.BeanNameUrlHandlerMapping - Rejected bean name 'itripHotServiceImpl': no URL paths identified
- (5510 ms) - [DEBUG] 2018-12-30 19:24:59,122 org.springframework.web.servlet.handler.BeanNameUrlHandlerMapping - Rejected bean name 'itripAreaDicServiceImpl': no URL paths identified
- (5510 ms) - [DEBUG] 2018-12-30 19:24:59,122 org.springframework.web.servlet.handler.BeanNameUrlHandlerMapping - Rejected bean name 'itripCommentServiceImpl': no URL paths identified
- (5510 ms) - [DEBUG] 2018-12-30 19:24:59,122 org.springframework.web.servlet.handler.BeanNameUrlHandlerMapping - Rejected bean name 'itripHotelOrderServiceImpl': no URL paths identified
- (5510 ms) - [DEBUG] 2018-12-30 19:24:59,122 org.springframework.web.servlet.handler.BeanNameUrlHandlerMapping - Rejected bean name 'itripImageServiceImpl': no URL paths identified
- (5510 ms) - [DEBUG] 2018-12-30 19:24:59,122 org.springframework.web.servlet.handler.BeanNameUrlHandlerMapping - Rejected bean name 'itripLabelServiceImpl': no URL paths identified
- (5510 ms) - [DEBUG] 2018-12-30 19:24:59,122 org.springframework.web.servlet.handler.BeanNameUrlHandlerMapping - Rejected bean name 'itripLabelDicServiceImpl': no URL paths identified
- (5510 ms) - [DEBUG] 2018-12-30 19:24:59,122 org.springframework.web.servlet.handler.BeanNameUrlHandlerMapping - Rejected bean name 'itripUserServiceImpl': no URL paths identified
- (5510 ms) - [DEBUG] 2018-12-30 19:24:59,122 org.springframework.web.servlet.handler.BeanNameUrlHandlerMapping - Rejected bean name 'itripUserLinkUserServiceImpl': no URL paths identified
- (5511 ms) - [DEBUG] 2018-12-30 19:24:59,123 org.springframework.web.servlet.handler.BeanNameUrlHandlerMapping - Rejected bean name 'org.springframework.context.annotation.internalConfigurationAnnotationProcessor': no URL paths identified
- (5511 ms) - [DEBUG] 2018-12-30 19:24:59,123 org.springframework.web.servlet.handler.BeanNameUrlHandlerMapping - Rejected bean name 'org.springframework.context.annotation.internalAutowiredAnnotationProcessor': no URL paths identified
- (5511 ms) - [DEBUG] 2018-12-30 19:24:59,123 org.springframework.web.servlet.handler.BeanNameUrlHandlerMapping - Rejected bean name 'org.springframework.context.annotation.internalRequiredAnnotationProcessor': no URL paths identified
- (5546 ms) - [DEBUG] 2018-12-30 19:24:59,158 org.springframework.web.servlet.handler.BeanNameUrlHandlerMapping - Rejected bean name 'org.springframework.context.annotation.internalCommonAnnotationProcessor': no URL paths identified
- (5546 ms) - [DEBUG] 2018-12-30 19:24:59,158 org.springframework.web.servlet.handler.BeanNameUrlHandlerMapping - Rejected bean name 'org.springframework.context.support.PropertySourcesPlaceholderConfigurer#0': no URL paths identified
- (5546 ms) - [DEBUG] 2018-12-30 19:24:59,158 org.springframework.web.servlet.handler.BeanNameUrlHandlerMapping - Rejected bean name 'dataSource': no URL paths identified
- (5546 ms) - [DEBUG] 2018-12-30 19:24:59,158 org.springframework.web.servlet.handler.BeanNameUrlHandlerMapping - Rejected bean name 'txManager': no URL paths identified
- (5546 ms) - [DEBUG] 2018-12-30 19:24:59,158 org.springframework.web.servlet.handler.BeanNameUrlHandlerMapping - Rejected bean name 'sqlSessionFactoryBean': no URL paths identified
- (5547 ms) - [DEBUG] 2018-12-30 19:24:59,159 org.springframework.web.servlet.handler.BeanNameUrlHandlerMapping - Rejected bean name 'org.springframework.aop.config.internalAutoProxyCreator': no URL paths identified
- (5547 ms) - [DEBUG] 2018-12-30 19:24:59,159 org.springframework.web.servlet.handler.BeanNameUrlHandlerMapping - Rejected bean name 'transService': no URL paths identified
- (5547 ms) - [DEBUG] 2018-12-30 19:24:59,159 org.springframework.web.servlet.handler.BeanNameUrlHandlerMapping - Rejected bean name 'org.springframework.aop.support.DefaultBeanFactoryPointcutAdvisor#0': no URL paths identified
- (5547 ms) - [DEBUG] 2018-12-30 19:24:59,159 org.springframework.web.servlet.handler.BeanNameUrlHandlerMapping - Rejected bean name 'myAdvice': no URL paths identified
- (5547 ms) - [DEBUG] 2018-12-30 19:24:59,159 org.springframework.web.servlet.handler.BeanNameUrlHandlerMapping - Rejected bean name 'org.mybatis.spring.mapper.MapperScannerConfigurer#0': no URL paths identified
- (5547 ms) - [DEBUG] 2018-12-30 19:24:59,159 org.springframework.web.servlet.handler.BeanNameUrlHandlerMapping - Rejected bean name 'jedisPoolConfig': no URL paths identified
- (5547 ms) - [DEBUG] 2018-12-30 19:24:59,159 org.springframework.web.servlet.handler.BeanNameUrlHandlerMapping - Rejected bean name 'jedisPool': no URL paths identified
- (5547 ms) - [DEBUG] 2018-12-30 19:24:59,159 org.springframework.web.servlet.handler.BeanNameUrlHandlerMapping - Rejected bean name 'redisAPI': no URL paths identified
- (5548 ms) - [DEBUG] 2018-12-30 19:24:59,160 org.springframework.web.servlet.handler.BeanNameUrlHandlerMapping - Rejected bean name 'validationToken': no URL paths identified
- (5548 ms) - [DEBUG] 2018-12-30 19:24:59,160 org.springframework.web.servlet.handler.BeanNameUrlHandlerMapping - Rejected bean name 'org.springframework.context.annotation.ConfigurationClassPostProcessor.importAwareProcessor': no URL paths identified
- (5548 ms) - [DEBUG] 2018-12-30 19:24:59,160 org.springframework.web.servlet.handler.BeanNameUrlHandlerMapping - Rejected bean name 'org.springframework.context.annotation.ConfigurationClassPostProcessor.enhancedConfigurationProcessor': no URL paths identified
- (5548 ms) - [DEBUG] 2018-12-30 19:24:59,160 org.springframework.web.servlet.handler.BeanNameUrlHandlerMapping - Rejected bean name 'itripHotMapper': no URL paths identified
- (5548 ms) - [DEBUG] 2018-12-30 19:24:59,160 org.springframework.web.servlet.handler.BeanNameUrlHandlerMapping - Rejected bean name 'itripAreaDicMapper': no URL paths identified
- (5548 ms) - [DEBUG] 2018-12-30 19:24:59,160 org.springframework.web.servlet.handler.BeanNameUrlHandlerMapping - Rejected bean name 'itripCommentMapper': no URL paths identified
- (5548 ms) - [DEBUG] 2018-12-30 19:24:59,160 org.springframework.web.servlet.handler.BeanNameUrlHandlerMapping - Rejected bean name 'itripHotelMapper': no URL paths identified
- (5548 ms) - [DEBUG] 2018-12-30 19:24:59,160 org.springframework.web.servlet.handler.BeanNameUrlHandlerMapping - Rejected bean name 'itripHotelOrderMapper': no URL paths identified
- (5549 ms) - [DEBUG] 2018-12-30 19:24:59,161 org.springframework.web.servlet.handler.BeanNameUrlHandlerMapping - Rejected bean name 'itripImageMapper': no URL paths identified
- (5549 ms) - [DEBUG] 2018-12-30 19:24:59,161 org.springframework.web.servlet.handler.BeanNameUrlHandlerMapping - Rejected bean name 'itripLabelMapper': no URL paths identified
- (5549 ms) - [DEBUG] 2018-12-30 19:24:59,161 org.springframework.web.servlet.handler.BeanNameUrlHandlerMapping - Rejected bean name 'itripLabelDicMapper': no URL paths identified
- (5549 ms) - [DEBUG] 2018-12-30 19:24:59,161 org.springframework.web.servlet.handler.BeanNameUrlHandlerMapping - Rejected bean name 'itripUserMapper': no URL paths identified
- (5549 ms) - [DEBUG] 2018-12-30 19:24:59,161 org.springframework.web.servlet.handler.BeanNameUrlHandlerMapping - Rejected bean name 'itripUserLinkUserMapper': no URL paths identified
- (5549 ms) - [DEBUG] 2018-12-30 19:24:59,161 org.springframework.web.servlet.handler.BeanNameUrlHandlerMapping - Rejected bean name 'environment': no URL paths identified
- (5549 ms) - [DEBUG] 2018-12-30 19:24:59,161 org.springframework.web.servlet.handler.BeanNameUrlHandlerMapping - Rejected bean name 'systemProperties': no URL paths identified
- (5549 ms) - [DEBUG] 2018-12-30 19:24:59,161 org.springframework.web.servlet.handler.BeanNameUrlHandlerMapping - Rejected bean name 'systemEnvironment': no URL paths identified
- (5549 ms) - [DEBUG] 2018-12-30 19:24:59,161 org.springframework.web.servlet.handler.BeanNameUrlHandlerMapping - Rejected bean name 'org.springframework.context.annotation.ConfigurationClassPostProcessor.importRegistry': no URL paths identified
- (5550 ms) - [DEBUG] 2018-12-30 19:24:59,162 org.springframework.web.servlet.handler.BeanNameUrlHandlerMapping - Rejected bean name 'messageSource': no URL paths identified
- (5550 ms) - [DEBUG] 2018-12-30 19:24:59,162 org.springframework.web.servlet.handler.BeanNameUrlHandlerMapping - Rejected bean name 'applicationEventMulticaster': no URL paths identified
- (5550 ms) - [DEBUG] 2018-12-30 19:24:59,162 org.springframework.beans.factory.support.DefaultListableBeanFactory - Returning cached instance of singleton bean 'org.springframework.aop.support.DefaultBeanFactoryPointcutAdvisor#0'
- (5550 ms) - [DEBUG] 2018-12-30 19:24:59,162 org.springframework.beans.factory.support.DefaultListableBeanFactory - Returning cached instance of singleton bean 'org.springframework.aop.support.DefaultBeanFactoryPointcutAdvisor#0'
- (5552 ms) - [DEBUG] 2018-12-30 19:24:59,164 org.springframework.beans.factory.support.DefaultListableBeanFactory - Finished creating instance of bean 'org.springframework.web.servlet.handler.BeanNameUrlHandlerMapping'
- (5552 ms) - [DEBUG] 2018-12-30 19:24:59,164 org.springframework.beans.factory.support.DefaultListableBeanFactory - Creating shared instance of singleton bean 'org.springframework.web.servlet.mvc.HttpRequestHandlerAdapter'
- (5552 ms) - [DEBUG] 2018-12-30 19:24:59,164 org.springframework.beans.factory.support.DefaultListableBeanFactory - Creating instance of bean 'org.springframework.web.servlet.mvc.HttpRequestHandlerAdapter'
- (5552 ms) - [DEBUG] 2018-12-30 19:24:59,164 org.springframework.beans.factory.support.DefaultListableBeanFactory - Returning cached instance of singleton bean 'org.springframework.aop.support.DefaultBeanFactoryPointcutAdvisor#0'
- (5553 ms) - [DEBUG] 2018-12-30 19:24:59,165 org.springframework.beans.factory.support.DefaultListableBeanFactory - Eagerly caching bean 'org.springframework.web.servlet.mvc.HttpRequestHandlerAdapter' to allow for resolving potential circular references
- (5553 ms) - [DEBUG] 2018-12-30 19:24:59,165 org.springframework.beans.factory.support.DefaultListableBeanFactory - Returning cached instance of singleton bean 'org.springframework.aop.support.DefaultBeanFactoryPointcutAdvisor#0'
- (5553 ms) - [DEBUG] 2018-12-30 19:24:59,165 org.springframework.beans.factory.support.DefaultListableBeanFactory - Returning cached instance of singleton bean 'org.springframework.aop.support.DefaultBeanFactoryPointcutAdvisor#0'
- (5553 ms) - [DEBUG] 2018-12-30 19:24:59,165 org.springframework.beans.factory.support.DefaultListableBeanFactory - Finished creating instance of bean 'org.springframework.web.servlet.mvc.HttpRequestHandlerAdapter'
- (5553 ms) - [DEBUG] 2018-12-30 19:24:59,165 org.springframework.beans.factory.support.DefaultListableBeanFactory - Creating shared instance of singleton bean 'org.springframework.web.servlet.mvc.SimpleControllerHandlerAdapter'
- (5554 ms) - [DEBUG] 2018-12-30 19:24:59,166 org.springframework.beans.factory.support.DefaultListableBeanFactory - Creating instance of bean 'org.springframework.web.servlet.mvc.SimpleControllerHandlerAdapter'
- (5554 ms) - [DEBUG] 2018-12-30 19:24:59,166 org.springframework.beans.factory.support.DefaultListableBeanFactory - Returning cached instance of singleton bean 'org.springframework.aop.support.DefaultBeanFactoryPointcutAdvisor#0'
- (5554 ms) - [DEBUG] 2018-12-30 19:24:59,166 org.springframework.beans.factory.support.DefaultListableBeanFactory - Eagerly caching bean 'org.springframework.web.servlet.mvc.SimpleControllerHandlerAdapter' to allow for resolving potential circular references
- (5554 ms) - [DEBUG] 2018-12-30 19:24:59,166 org.springframework.beans.factory.support.DefaultListableBeanFactory - Returning cached instance of singleton bean 'org.springframework.aop.support.DefaultBeanFactoryPointcutAdvisor#0'
- (5555 ms) - [DEBUG] 2018-12-30 19:24:59,167 org.springframework.beans.factory.support.DefaultListableBeanFactory - Returning cached instance of singleton bean 'org.springframework.aop.support.DefaultBeanFactoryPointcutAdvisor#0'
- (5555 ms) - [DEBUG] 2018-12-30 19:24:59,167 org.springframework.beans.factory.support.DefaultListableBeanFactory - Finished creating instance of bean 'org.springframework.web.servlet.mvc.SimpleControllerHandlerAdapter'
- (5555 ms) - [DEBUG] 2018-12-30 19:24:59,167 org.springframework.beans.factory.support.DefaultListableBeanFactory - Creating shared instance of singleton bean 'itripHotServiceImpl'
- (5555 ms) - [DEBUG] 2018-12-30 19:24:59,167 org.springframework.beans.factory.support.DefaultListableBeanFactory - Creating instance of bean 'itripHotServiceImpl'
- (5556 ms) - [DEBUG] 2018-12-30 19:24:59,168 org.springframework.beans.factory.support.DefaultListableBeanFactory - Returning cached instance of singleton bean 'org.springframework.aop.support.DefaultBeanFactoryPointcutAdvisor#0'
- (5557 ms) - [DEBUG] 2018-12-30 19:24:59,169 org.springframework.beans.factory.annotation.InjectionMetadata - Registered injected element on class [cn.itrip.service.area.ItripHotServiceImpl]: ResourceElement for public cn.itrip.dao.area.ItripHotMapper cn.itrip.service.area.ItripHotServiceImpl.itripHotMapper
- (5557 ms) - [DEBUG] 2018-12-30 19:24:59,169 org.springframework.beans.factory.support.DefaultListableBeanFactory - Eagerly caching bean 'itripHotServiceImpl' to allow for resolving potential circular references
- (5560 ms) - [DEBUG] 2018-12-30 19:24:59,172 org.springframework.beans.factory.annotation.InjectionMetadata - Processing injected element of bean 'itripHotServiceImpl': ResourceElement for public cn.itrip.dao.area.ItripHotMapper cn.itrip.service.area.ItripHotServiceImpl.itripHotMapper
- (5560 ms) - [DEBUG] 2018-12-30 19:24:59,172 org.springframework.beans.factory.support.DefaultListableBeanFactory - Returning cached instance of singleton bean 'itripHotMapper'
- (5560 ms) - [DEBUG] 2018-12-30 19:24:59,172 org.springframework.beans.factory.support.DefaultListableBeanFactory - Returning cached instance of singleton bean 'org.springframework.aop.support.DefaultBeanFactoryPointcutAdvisor#0'
- (5560 ms) - [DEBUG] 2018-12-30 19:24:59,172 org.springframework.beans.factory.support.DefaultListableBeanFactory - Returning cached instance of singleton bean 'org.springframework.aop.support.DefaultBeanFactoryPointcutAdvisor#0'
- (5561 ms) - [DEBUG] 2018-12-30 19:24:59,173 org.springframework.beans.factory.support.DefaultListableBeanFactory - Returning cached instance of singleton bean 'org.springframework.aop.support.DefaultBeanFactoryPointcutAdvisor#0'
- (5562 ms) - [DEBUG] 2018-12-30 19:24:59,174 org.springframework.beans.factory.support.DefaultListableBeanFactory - Returning cached instance of singleton bean 'org.springframework.aop.support.DefaultBeanFactoryPointcutAdvisor#0'
- (5562 ms) - [DEBUG] 2018-12-30 19:24:59,174 org.springframework.beans.factory.support.DefaultListableBeanFactory - Creating shared instance of singleton bean 'myAdvice'
- (5562 ms) - [DEBUG] 2018-12-30 19:24:59,174 org.springframework.beans.factory.support.DefaultListableBeanFactory - Creating instance of bean 'myAdvice'
- (5564 ms) - [DEBUG] 2018-12-30 19:24:59,176 org.springframework.beans.factory.support.DefaultListableBeanFactory - Eagerly caching bean 'myAdvice' to allow for resolving potential circular references
- (5564 ms) - [DEBUG] 2018-12-30 19:24:59,176 org.springframework.beans.factory.support.DefaultListableBeanFactory - Creating shared instance of singleton bean 'txManager'
- (5565 ms) - [DEBUG] 2018-12-30 19:24:59,177 org.springframework.beans.factory.support.DefaultListableBeanFactory - Creating instance of bean 'txManager'
- (5565 ms) - [DEBUG] 2018-12-30 19:24:59,177 org.springframework.beans.factory.support.DefaultListableBeanFactory - Returning cached instance of singleton bean 'org.springframework.aop.support.DefaultBeanFactoryPointcutAdvisor#0'
- (5566 ms) - [DEBUG] 2018-12-30 19:24:59,178 org.springframework.beans.factory.support.DefaultListableBeanFactory - Eagerly caching bean 'txManager' to allow for resolving potential circular references
- (5566 ms) - [DEBUG] 2018-12-30 19:24:59,178 org.springframework.beans.factory.support.DefaultListableBeanFactory - Returning cached instance of singleton bean 'dataSource'
- (5567 ms) - [DEBUG] 2018-12-30 19:24:59,179 org.springframework.beans.factory.support.DefaultListableBeanFactory - Invoking afterPropertiesSet() on bean with name 'txManager'
- (5567 ms) - [DEBUG] 2018-12-30 19:24:59,179 org.springframework.beans.factory.support.DefaultListableBeanFactory - Returning cached instance of singleton bean 'org.springframework.aop.support.DefaultBeanFactoryPointcutAdvisor#0'
- (5567 ms) - [DEBUG] 2018-12-30 19:24:59,179 org.springframework.beans.factory.support.DefaultListableBeanFactory - Returning cached instance of singleton bean 'org.springframework.aop.support.DefaultBeanFactoryPointcutAdvisor#0'
- (5568 ms) - [DEBUG] 2018-12-30 19:24:59,180 org.springframework.beans.factory.support.DefaultListableBeanFactory - Finished creating instance of bean 'txManager'
- (5569 ms) - [DEBUG] 2018-12-30 19:24:59,181 org.springframework.beans.factory.support.DefaultListableBeanFactory - Creating instance of bean '(inner bean)#162be91c'
- (5569 ms) - [DEBUG] 2018-12-30 19:24:59,181 org.springframework.beans.factory.support.DefaultListableBeanFactory - Returning cached instance of singleton bean 'org.springframework.aop.support.DefaultBeanFactoryPointcutAdvisor#0'
- (5570 ms) - [DEBUG] 2018-12-30 19:24:59,182 org.springframework.transaction.interceptor.NameMatchTransactionAttributeSource - Adding transactional method [itriptx*] with attribute [PROPAGATION_REQUIRED,ISOLATION_DEFAULT,-Exception]
- (5570 ms) - [DEBUG] 2018-12-30 19:24:59,182 org.springframework.transaction.interceptor.NameMatchTransactionAttributeSource - Adding transactional method [*] with attribute [PROPAGATION_REQUIRED,ISOLATION_DEFAULT]
- (5571 ms) - [DEBUG] 2018-12-30 19:24:59,183 org.springframework.beans.factory.support.DefaultListableBeanFactory - Returning cached instance of singleton bean 'org.springframework.aop.support.DefaultBeanFactoryPointcutAdvisor#0'
- (5571 ms) - [DEBUG] 2018-12-30 19:24:59,183 org.springframework.beans.factory.support.DefaultListableBeanFactory - Returning cached instance of singleton bean 'org.springframework.aop.support.DefaultBeanFactoryPointcutAdvisor#0'
- (5572 ms) - [DEBUG] 2018-12-30 19:24:59,184 org.springframework.beans.factory.support.DefaultListableBeanFactory - Finished creating instance of bean '(inner bean)#162be91c'
- (5573 ms) - [DEBUG] 2018-12-30 19:24:59,185 org.springframework.beans.factory.support.DefaultListableBeanFactory - Invoking afterPropertiesSet() on bean with name 'myAdvice'
- (5573 ms) - [DEBUG] 2018-12-30 19:24:59,185 org.springframework.beans.factory.support.DefaultListableBeanFactory - Finished creating instance of bean 'myAdvice'
- (5573 ms) - [DEBUG] 2018-12-30 19:24:59,185 org.springframework.aop.aspectj.annotation.AnnotationAwareAspectJAutoProxyCreator - Creating implicit proxy for bean 'itripHotServiceImpl' with 0 common interceptors and 2 specific interceptors
- (5573 ms) - [DEBUG] 2018-12-30 19:24:59,185 org.springframework.aop.framework.CglibAopProxy - Creating CGLIB proxy: target source is SingletonTargetSource for target object [cn.itrip.service.area.ItripHotServiceImpl@1992eaf4]
- (5575 ms) - [DEBUG] 2018-12-30 19:24:59,187 org.springframework.beans.factory.support.DefaultListableBeanFactory - Finished creating instance of bean 'itripHotServiceImpl'
- (5575 ms) - [DEBUG] 2018-12-30 19:24:59,187 org.springframework.beans.factory.support.DefaultListableBeanFactory - Creating shared instance of singleton bean 'itripAreaDicServiceImpl'
- (5575 ms) - [DEBUG] 2018-12-30 19:24:59,187 org.springframework.beans.factory.support.DefaultListableBeanFactory - Creating instance of bean 'itripAreaDicServiceImpl'
- (5575 ms) - [DEBUG] 2018-12-30 19:24:59,187 org.springframework.beans.factory.support.DefaultListableBeanFactory - Returning cached instance of singleton bean 'org.springframework.aop.support.DefaultBeanFactoryPointcutAdvisor#0'
- (5576 ms) - [DEBUG] 2018-12-30 19:24:59,188 org.springframework.beans.factory.annotation.InjectionMetadata - Registered injected element on class [cn.itrip.service.areadic.ItripAreaDicServiceImpl]: ResourceElement for private cn.itrip.dao.areadic.ItripAreaDicMapper cn.itrip.service.areadic.ItripAreaDicServiceImpl.itripAreaDicMapper
- (5576 ms) - [DEBUG] 2018-12-30 19:24:59,188 org.springframework.beans.factory.support.DefaultListableBeanFactory - Eagerly caching bean 'itripAreaDicServiceImpl' to allow for resolving potential circular references
- (5576 ms) - [DEBUG] 2018-12-30 19:24:59,188 org.springframework.beans.factory.annotation.InjectionMetadata - Processing injected element of bean 'itripAreaDicServiceImpl': ResourceElement for private cn.itrip.dao.areadic.ItripAreaDicMapper cn.itrip.service.areadic.ItripAreaDicServiceImpl.itripAreaDicMapper
- (5576 ms) - [DEBUG] 2018-12-30 19:24:59,188 org.springframework.beans.factory.support.DefaultListableBeanFactory - Returning cached instance of singleton bean 'itripAreaDicMapper'
- (5576 ms) - [DEBUG] 2018-12-30 19:24:59,188 org.springframework.beans.factory.support.DefaultListableBeanFactory - Returning cached instance of singleton bean 'org.springframework.aop.support.DefaultBeanFactoryPointcutAdvisor#0'
- (5577 ms) - [DEBUG] 2018-12-30 19:24:59,189 org.springframework.beans.factory.support.DefaultListableBeanFactory - Returning cached instance of singleton bean 'org.springframework.aop.support.DefaultBeanFactoryPointcutAdvisor#0'
- (5577 ms) - [DEBUG] 2018-12-30 19:24:59,189 org.springframework.beans.factory.support.DefaultListableBeanFactory - Returning cached instance of singleton bean 'org.springframework.aop.support.DefaultBeanFactoryPointcutAdvisor#0'
- (5578 ms) - [DEBUG] 2018-12-30 19:24:59,190 org.springframework.beans.factory.support.DefaultListableBeanFactory - Returning cached instance of singleton bean 'org.springframework.aop.support.DefaultBeanFactoryPointcutAdvisor#0'
- (5578 ms) - [DEBUG] 2018-12-30 19:24:59,190 org.springframework.aop.aspectj.annotation.AnnotationAwareAspectJAutoProxyCreator - Creating implicit proxy for bean 'itripAreaDicServiceImpl' with 0 common interceptors and 2 specific interceptors
- (5578 ms) - [DEBUG] 2018-12-30 19:24:59,190 org.springframework.aop.framework.CglibAopProxy - Creating CGLIB proxy: target source is SingletonTargetSource for target object [cn.itrip.service.areadic.ItripAreaDicServiceImpl@3276732]
- (5579 ms) - [DEBUG] 2018-12-30 19:24:59,191 org.springframework.beans.factory.support.DefaultListableBeanFactory - Finished creating instance of bean 'itripAreaDicServiceImpl'
- (5579 ms) - [DEBUG] 2018-12-30 19:24:59,191 org.springframework.beans.factory.support.DefaultListableBeanFactory - Creating shared instance of singleton bean 'itripCommentServiceImpl'
- (5579 ms) - [DEBUG] 2018-12-30 19:24:59,191 org.springframework.beans.factory.support.DefaultListableBeanFactory - Creating instance of bean 'itripCommentServiceImpl'
- (5579 ms) - [DEBUG] 2018-12-30 19:24:59,191 org.springframework.beans.factory.support.DefaultListableBeanFactory - Returning cached instance of singleton bean 'org.springframework.aop.support.DefaultBeanFactoryPointcutAdvisor#0'
- (5580 ms) - [DEBUG] 2018-12-30 19:24:59,192 org.springframework.beans.factory.annotation.InjectionMetadata - Registered injected element on class [cn.itrip.service.comment.ItripCommentServiceImpl]: ResourceElement for public cn.itrip.dao.comment.ItripCommentMapper cn.itrip.service.comment.ItripCommentServiceImpl.itripCommentMapper
- (5580 ms) - [DEBUG] 2018-12-30 19:24:59,192 org.springframework.beans.factory.support.DefaultListableBeanFactory - Eagerly caching bean 'itripCommentServiceImpl' to allow for resolving potential circular references
- (5580 ms) - [DEBUG] 2018-12-30 19:24:59,192 org.springframework.beans.factory.annotation.InjectionMetadata - Processing injected element of bean 'itripCommentServiceImpl': ResourceElement for public cn.itrip.dao.comment.ItripCommentMapper cn.itrip.service.comment.ItripCommentServiceImpl.itripCommentMapper
- (5580 ms) - [DEBUG] 2018-12-30 19:24:59,192 org.springframework.beans.factory.support.DefaultListableBeanFactory - Returning cached instance of singleton bean 'itripCommentMapper'
- (5580 ms) - [DEBUG] 2018-12-30 19:24:59,192 org.springframework.beans.factory.support.DefaultListableBeanFactory - Returning cached instance of singleton bean 'org.springframework.aop.support.DefaultBeanFactoryPointcutAdvisor#0'
- (5581 ms) - [DEBUG] 2018-12-30 19:24:59,193 org.springframework.beans.factory.support.DefaultListableBeanFactory - Returning cached instance of singleton bean 'org.springframework.aop.support.DefaultBeanFactoryPointcutAdvisor#0'
- (5582 ms) - [DEBUG] 2018-12-30 19:24:59,194 org.springframework.beans.factory.support.DefaultListableBeanFactory - Returning cached instance of singleton bean 'org.springframework.aop.support.DefaultBeanFactoryPointcutAdvisor#0'
- (5582 ms) - [DEBUG] 2018-12-30 19:24:59,194 org.springframework.beans.factory.support.DefaultListableBeanFactory - Returning cached instance of singleton bean 'org.springframework.aop.support.DefaultBeanFactoryPointcutAdvisor#0'
- (5583 ms) - [DEBUG] 2018-12-30 19:24:59,195 org.springframework.aop.aspectj.annotation.AnnotationAwareAspectJAutoProxyCreator - Creating implicit proxy for bean 'itripCommentServiceImpl' with 0 common interceptors and 2 specific interceptors
- (5583 ms) - [DEBUG] 2018-12-30 19:24:59,195 org.springframework.aop.framework.CglibAopProxy - Creating CGLIB proxy: target source is SingletonTargetSource for target object [cn.itrip.service.comment.ItripCommentServiceImpl@31e3250d]
- (5584 ms) - [DEBUG] 2018-12-30 19:24:59,196 org.springframework.beans.factory.support.DefaultListableBeanFactory - Finished creating instance of bean 'itripCommentServiceImpl'
- (5584 ms) - [DEBUG] 2018-12-30 19:24:59,196 org.springframework.beans.factory.support.DefaultListableBeanFactory - Creating shared instance of singleton bean 'itripHotelOrderServiceImpl'
- (5584 ms) - [DEBUG] 2018-12-30 19:24:59,196 org.springframework.beans.factory.support.DefaultListableBeanFactory - Creating instance of bean 'itripHotelOrderServiceImpl'
- (5584 ms) - [DEBUG] 2018-12-30 19:24:59,196 org.springframework.beans.factory.support.DefaultListableBeanFactory - Returning cached instance of singleton bean 'org.springframework.aop.support.DefaultBeanFactoryPointcutAdvisor#0'
- (5584 ms) - [DEBUG] 2018-12-30 19:24:59,196 org.springframework.beans.factory.annotation.InjectionMetadata - Registered injected element on class [cn.itrip.service.hotelorder.ItripHotelOrderServiceImpl]: ResourceElement for public cn.itrip.dao.hotelorder.ItripHotelOrderMapper cn.itrip.service.hotelorder.ItripHotelOrderServiceImpl.itripHotelOrderMapper
- (5585 ms) - [DEBUG] 2018-12-30 19:24:59,197 org.springframework.beans.factory.support.DefaultListableBeanFactory - Eagerly caching bean 'itripHotelOrderServiceImpl' to allow for resolving potential circular references
- (5585 ms) - [DEBUG] 2018-12-30 19:24:59,197 org.springframework.beans.factory.annotation.InjectionMetadata - Processing injected element of bean 'itripHotelOrderServiceImpl': ResourceElement for public cn.itrip.dao.hotelorder.ItripHotelOrderMapper cn.itrip.service.hotelorder.ItripHotelOrderServiceImpl.itripHotelOrderMapper
- (5585 ms) - [DEBUG] 2018-12-30 19:24:59,197 org.springframework.beans.factory.support.DefaultListableBeanFactory - Returning cached instance of singleton bean 'itripHotelOrderMapper'
- (5586 ms) - [DEBUG] 2018-12-30 19:24:59,198 org.springframework.beans.factory.support.DefaultListableBeanFactory - Returning cached instance of singleton bean 'org.springframework.aop.support.DefaultBeanFactoryPointcutAdvisor#0'
- (5586 ms) - [DEBUG] 2018-12-30 19:24:59,198 org.springframework.beans.factory.support.DefaultListableBeanFactory - Returning cached instance of singleton bean 'org.springframework.aop.support.DefaultBeanFactoryPointcutAdvisor#0'
- (5587 ms) - [DEBUG] 2018-12-30 19:24:59,199 org.springframework.beans.factory.support.DefaultListableBeanFactory - Returning cached instance of singleton bean 'org.springframework.aop.support.DefaultBeanFactoryPointcutAdvisor#0'
- (5587 ms) - [DEBUG] 2018-12-30 19:24:59,199 org.springframework.beans.factory.support.DefaultListableBeanFactory - Returning cached instance of singleton bean 'org.springframework.aop.support.DefaultBeanFactoryPointcutAdvisor#0'
- (5588 ms) - [DEBUG] 2018-12-30 19:24:59,200 org.springframework.aop.aspectj.annotation.AnnotationAwareAspectJAutoProxyCreator - Creating implicit proxy for bean 'itripHotelOrderServiceImpl' with 0 common interceptors and 2 specific interceptors
- (5588 ms) - [DEBUG] 2018-12-30 19:24:59,200 org.springframework.aop.framework.CglibAopProxy - Creating CGLIB proxy: target source is SingletonTargetSource for target object [cn.itrip.service.hotelorder.ItripHotelOrderServiceImpl@5049d8b2]
- (5589 ms) - [DEBUG] 2018-12-30 19:24:59,201 org.springframework.beans.factory.support.DefaultListableBeanFactory - Finished creating instance of bean 'itripHotelOrderServiceImpl'
- (5589 ms) - [DEBUG] 2018-12-30 19:24:59,201 org.springframework.beans.factory.support.DefaultListableBeanFactory - Creating shared instance of singleton bean 'itripImageServiceImpl'
- (5589 ms) - [DEBUG] 2018-12-30 19:24:59,201 org.springframework.beans.factory.support.DefaultListableBeanFactory - Creating instance of bean 'itripImageServiceImpl'
- (5589 ms) - [DEBUG] 2018-12-30 19:24:59,201 org.springframework.beans.factory.support.DefaultListableBeanFactory - Returning cached instance of singleton bean 'org.springframework.aop.support.DefaultBeanFactoryPointcutAdvisor#0'
- (5590 ms) - [DEBUG] 2018-12-30 19:24:59,202 org.springframework.beans.factory.annotation.InjectionMetadata - Registered injected element on class [cn.itrip.service.image.ItripImageServiceImpl]: ResourceElement for public cn.itrip.dao.image.ItripImageMapper cn.itrip.service.image.ItripImageServiceImpl.itripImageMapper
- (5590 ms) - [DEBUG] 2018-12-30 19:24:59,202 org.springframework.beans.factory.support.DefaultListableBeanFactory - Eagerly caching bean 'itripImageServiceImpl' to allow for resolving potential circular references
- (5590 ms) - [DEBUG] 2018-12-30 19:24:59,202 org.springframework.beans.factory.annotation.InjectionMetadata - Processing injected element of bean 'itripImageServiceImpl': ResourceElement for public cn.itrip.dao.image.ItripImageMapper cn.itrip.service.image.ItripImageServiceImpl.itripImageMapper
- (5590 ms) - [DEBUG] 2018-12-30 19:24:59,202 org.springframework.beans.factory.support.DefaultListableBeanFactory - Returning cached instance of singleton bean 'itripImageMapper'
- (5590 ms) - [DEBUG] 2018-12-30 19:24:59,202 org.springframework.beans.factory.support.DefaultListableBeanFactory - Returning cached instance of singleton bean 'org.springframework.aop.support.DefaultBeanFactoryPointcutAdvisor#0'
- (5590 ms) - [DEBUG] 2018-12-30 19:24:59,202 org.springframework.beans.factory.support.DefaultListableBeanFactory - Returning cached instance of singleton bean 'org.springframework.aop.support.DefaultBeanFactoryPointcutAdvisor#0'
- (5598 ms) - [DEBUG] 2018-12-30 19:24:59,210 org.springframework.beans.factory.support.DefaultListableBeanFactory - Returning cached instance of singleton bean 'org.springframework.aop.support.DefaultBeanFactoryPointcutAdvisor#0'
- (5599 ms) - [DEBUG] 2018-12-30 19:24:59,211 org.springframework.beans.factory.support.DefaultListableBeanFactory - Returning cached instance of singleton bean 'org.springframework.aop.support.DefaultBeanFactoryPointcutAdvisor#0'
- (5599 ms) - [DEBUG] 2018-12-30 19:24:59,211 org.springframework.aop.aspectj.annotation.AnnotationAwareAspectJAutoProxyCreator - Creating implicit proxy for bean 'itripImageServiceImpl' with 0 common interceptors and 2 specific interceptors
- (5599 ms) - [DEBUG] 2018-12-30 19:24:59,211 org.springframework.aop.framework.CglibAopProxy - Creating CGLIB proxy: target source is SingletonTargetSource for target object [cn.itrip.service.image.ItripImageServiceImpl@631e06ab]
- (5600 ms) - [DEBUG] 2018-12-30 19:24:59,212 org.springframework.beans.factory.support.DefaultListableBeanFactory - Finished creating instance of bean 'itripImageServiceImpl'
- (5600 ms) - [DEBUG] 2018-12-30 19:24:59,212 org.springframework.beans.factory.support.DefaultListableBeanFactory - Creating shared instance of singleton bean 'itripLabelServiceImpl'
- (5600 ms) - [DEBUG] 2018-12-30 19:24:59,212 org.springframework.beans.factory.support.DefaultListableBeanFactory - Creating instance of bean 'itripLabelServiceImpl'
- (5600 ms) - [DEBUG] 2018-12-30 19:24:59,212 org.springframework.beans.factory.support.DefaultListableBeanFactory - Returning cached instance of singleton bean 'org.springframework.aop.support.DefaultBeanFactoryPointcutAdvisor#0'
- (5600 ms) - [DEBUG] 2018-12-30 19:24:59,212 org.springframework.beans.factory.annotation.InjectionMetadata - Registered injected element on class [cn.itrip.service.label.ItripLabelServiceImpl]: ResourceElement for public cn.itrip.dao.label.ItripLabelMapper cn.itrip.service.label.ItripLabelServiceImpl.itripLabelMapper
- (5600 ms) - [DEBUG] 2018-12-30 19:24:59,212 org.springframework.beans.factory.support.DefaultListableBeanFactory - Eagerly caching bean 'itripLabelServiceImpl' to allow for resolving potential circular references
- (5601 ms) - [DEBUG] 2018-12-30 19:24:59,213 org.springframework.beans.factory.annotation.InjectionMetadata - Processing injected element of bean 'itripLabelServiceImpl': ResourceElement for public cn.itrip.dao.label.ItripLabelMapper cn.itrip.service.label.ItripLabelServiceImpl.itripLabelMapper
- (5601 ms) - [DEBUG] 2018-12-30 19:24:59,213 org.springframework.beans.factory.support.DefaultListableBeanFactory - Returning cached instance of singleton bean 'itripLabelMapper'
- (5601 ms) - [DEBUG] 2018-12-30 19:24:59,213 org.springframework.beans.factory.support.DefaultListableBeanFactory - Returning cached instance of singleton bean 'org.springframework.aop.support.DefaultBeanFactoryPointcutAdvisor#0'
- (5601 ms) - [DEBUG] 2018-12-30 19:24:59,213 org.springframework.beans.factory.support.DefaultListableBeanFactory - Returning cached instance of singleton bean 'org.springframework.aop.support.DefaultBeanFactoryPointcutAdvisor#0'
- (5602 ms) - [DEBUG] 2018-12-30 19:24:59,214 org.springframework.beans.factory.support.DefaultListableBeanFactory - Returning cached instance of singleton bean 'org.springframework.aop.support.DefaultBeanFactoryPointcutAdvisor#0'
- (5602 ms) - [DEBUG] 2018-12-30 19:24:59,214 org.springframework.beans.factory.support.DefaultListableBeanFactory - Returning cached instance of singleton bean 'org.springframework.aop.support.DefaultBeanFactoryPointcutAdvisor#0'
- (5602 ms) - [DEBUG] 2018-12-30 19:24:59,214 org.springframework.aop.aspectj.annotation.AnnotationAwareAspectJAutoProxyCreator - Creating implicit proxy for bean 'itripLabelServiceImpl' with 0 common interceptors and 2 specific interceptors
- (5603 ms) - [DEBUG] 2018-12-30 19:24:59,215 org.springframework.aop.framework.CglibAopProxy - Creating CGLIB proxy: target source is SingletonTargetSource for target object [cn.itrip.service.label.ItripLabelServiceImpl@34a75079]
- (5603 ms) - [DEBUG] 2018-12-30 19:24:59,215 org.springframework.beans.factory.support.DefaultListableBeanFactory - Finished creating instance of bean 'itripLabelServiceImpl'
- (5603 ms) - [DEBUG] 2018-12-30 19:24:59,215 org.springframework.beans.factory.support.DefaultListableBeanFactory - Creating shared instance of singleton bean 'itripLabelDicServiceImpl'
- (5603 ms) - [DEBUG] 2018-12-30 19:24:59,215 org.springframework.beans.factory.support.DefaultListableBeanFactory - Creating instance of bean 'itripLabelDicServiceImpl'
- (5603 ms) - [DEBUG] 2018-12-30 19:24:59,215 org.springframework.beans.factory.support.DefaultListableBeanFactory - Returning cached instance of singleton bean 'org.springframework.aop.support.DefaultBeanFactoryPointcutAdvisor#0'
- (5603 ms) - [DEBUG] 2018-12-30 19:24:59,215 org.springframework.beans.factory.annotation.InjectionMetadata - Registered injected element on class [cn.itrip.service.labeldic.ItripLabelDicServiceImpl]: ResourceElement for private cn.itrip.dao.labeldic.ItripLabelDicMapper cn.itrip.service.labeldic.ItripLabelDicServiceImpl.itripLabelDicMapper
- (5603 ms) - [DEBUG] 2018-12-30 19:24:59,215 org.springframework.beans.factory.support.DefaultListableBeanFactory - Eagerly caching bean 'itripLabelDicServiceImpl' to allow for resolving potential circular references
- (5603 ms) - [DEBUG] 2018-12-30 19:24:59,215 org.springframework.beans.factory.annotation.InjectionMetadata - Processing injected element of bean 'itripLabelDicServiceImpl': ResourceElement for private cn.itrip.dao.labeldic.ItripLabelDicMapper cn.itrip.service.labeldic.ItripLabelDicServiceImpl.itripLabelDicMapper
- (5604 ms) - [DEBUG] 2018-12-30 19:24:59,216 org.springframework.beans.factory.support.DefaultListableBeanFactory - Returning cached instance of singleton bean 'itripLabelDicMapper'
- (5604 ms) - [DEBUG] 2018-12-30 19:24:59,216 org.springframework.beans.factory.support.DefaultListableBeanFactory - Returning cached instance of singleton bean 'org.springframework.aop.support.DefaultBeanFactoryPointcutAdvisor#0'
- (5604 ms) - [DEBUG] 2018-12-30 19:24:59,216 org.springframework.beans.factory.support.DefaultListableBeanFactory - Returning cached instance of singleton bean 'org.springframework.aop.support.DefaultBeanFactoryPointcutAdvisor#0'
- (5605 ms) - [DEBUG] 2018-12-30 19:24:59,217 org.springframework.beans.factory.support.DefaultListableBeanFactory - Returning cached instance of singleton bean 'org.springframework.aop.support.DefaultBeanFactoryPointcutAdvisor#0'
- (5605 ms) - [DEBUG] 2018-12-30 19:24:59,217 org.springframework.beans.factory.support.DefaultListableBeanFactory - Returning cached instance of singleton bean 'org.springframework.aop.support.DefaultBeanFactoryPointcutAdvisor#0'
- (5606 ms) - [DEBUG] 2018-12-30 19:24:59,218 org.springframework.aop.aspectj.annotation.AnnotationAwareAspectJAutoProxyCreator - Creating implicit proxy for bean 'itripLabelDicServiceImpl' with 0 common interceptors and 2 specific interceptors
- (5606 ms) - [DEBUG] 2018-12-30 19:24:59,218 org.springframework.aop.framework.CglibAopProxy - Creating CGLIB proxy: target source is SingletonTargetSource for target object [cn.itrip.service.labeldic.ItripLabelDicServiceImpl@482d776b]
- (5606 ms) - [DEBUG] 2018-12-30 19:24:59,218 org.springframework.beans.factory.support.DefaultListableBeanFactory - Finished creating instance of bean 'itripLabelDicServiceImpl'
- (5607 ms) - [DEBUG] 2018-12-30 19:24:59,219 org.springframework.beans.factory.support.DefaultListableBeanFactory - Creating shared instance of singleton bean 'itripUserServiceImpl'
- (5607 ms) - [DEBUG] 2018-12-30 19:24:59,219 org.springframework.beans.factory.support.DefaultListableBeanFactory - Creating instance of bean 'itripUserServiceImpl'
- (5607 ms) - [DEBUG] 2018-12-30 19:24:59,219 org.springframework.beans.factory.support.DefaultListableBeanFactory - Returning cached instance of singleton bean 'org.springframework.aop.support.DefaultBeanFactoryPointcutAdvisor#0'
- (5607 ms) - [DEBUG] 2018-12-30 19:24:59,219 org.springframework.beans.factory.annotation.InjectionMetadata - Registered injected element on class [cn.itrip.service.user.ItripUserServiceImpl]: ResourceElement for private cn.itrip.dao.user.ItripUserMapper cn.itrip.service.user.ItripUserServiceImpl.itripUserMapper
- (5608 ms) - [DEBUG] 2018-12-30 19:24:59,220 org.springframework.beans.factory.support.DefaultListableBeanFactory - Eagerly caching bean 'itripUserServiceImpl' to allow for resolving potential circular references
- (5608 ms) - [DEBUG] 2018-12-30 19:24:59,220 org.springframework.beans.factory.annotation.InjectionMetadata - Processing injected element of bean 'itripUserServiceImpl': ResourceElement for private cn.itrip.dao.user.ItripUserMapper cn.itrip.service.user.ItripUserServiceImpl.itripUserMapper
- (5609 ms) - [DEBUG] 2018-12-30 19:24:59,221 org.springframework.beans.factory.support.DefaultListableBeanFactory - Returning cached instance of singleton bean 'itripUserMapper'
- (5609 ms) - [DEBUG] 2018-12-30 19:24:59,221 org.springframework.beans.factory.support.DefaultListableBeanFactory - Returning cached instance of singleton bean 'org.springframework.aop.support.DefaultBeanFactoryPointcutAdvisor#0'
- (5609 ms) - [DEBUG] 2018-12-30 19:24:59,221 org.springframework.beans.factory.support.DefaultListableBeanFactory - Returning cached instance of singleton bean 'org.springframework.aop.support.DefaultBeanFactoryPointcutAdvisor#0'
- (5610 ms) - [DEBUG] 2018-12-30 19:24:59,222 org.springframework.beans.factory.support.DefaultListableBeanFactory - Returning cached instance of singleton bean 'org.springframework.aop.support.DefaultBeanFactoryPointcutAdvisor#0'
- (5611 ms) - [DEBUG] 2018-12-30 19:24:59,223 org.springframework.beans.factory.support.DefaultListableBeanFactory - Returning cached instance of singleton bean 'org.springframework.aop.support.DefaultBeanFactoryPointcutAdvisor#0'
- (5611 ms) - [DEBUG] 2018-12-30 19:24:59,223 org.springframework.aop.aspectj.annotation.AnnotationAwareAspectJAutoProxyCreator - Creating implicit proxy for bean 'itripUserServiceImpl' with 0 common interceptors and 2 specific interceptors
- (5611 ms) - [DEBUG] 2018-12-30 19:24:59,223 org.springframework.aop.framework.CglibAopProxy - Creating CGLIB proxy: target source is SingletonTargetSource for target object [cn.itrip.service.user.ItripUserServiceImpl@267f474e]
- (5612 ms) - [DEBUG] 2018-12-30 19:24:59,224 org.springframework.beans.factory.support.DefaultListableBeanFactory - Finished creating instance of bean 'itripUserServiceImpl'
- (5612 ms) - [DEBUG] 2018-12-30 19:24:59,224 org.springframework.beans.factory.support.DefaultListableBeanFactory - Creating shared instance of singleton bean 'itripUserLinkUserServiceImpl'
- (5614 ms) - [DEBUG] 2018-12-30 19:24:59,226 org.springframework.beans.factory.support.DefaultListableBeanFactory - Creating instance of bean 'itripUserLinkUserServiceImpl'
- (5615 ms) - [DEBUG] 2018-12-30 19:24:59,227 org.springframework.beans.factory.support.DefaultListableBeanFactory - Returning cached instance of singleton bean 'org.springframework.aop.support.DefaultBeanFactoryPointcutAdvisor#0'
- (5615 ms) - [DEBUG] 2018-12-30 19:24:59,227 org.springframework.beans.factory.annotation.InjectionMetadata - Registered injected element on class [cn.itrip.service.userlinkuser.ItripUserLinkUserServiceImpl]: ResourceElement for private cn.itrip.dao.userlinkuser.ItripUserLinkUserMapper cn.itrip.service.userlinkuser.ItripUserLinkUserServiceImpl.itripUserLinkUserMapper
- (5615 ms) - [DEBUG] 2018-12-30 19:24:59,227 org.springframework.beans.factory.support.DefaultListableBeanFactory - Eagerly caching bean 'itripUserLinkUserServiceImpl' to allow for resolving potential circular references
- (5616 ms) - [DEBUG] 2018-12-30 19:24:59,228 org.springframework.beans.factory.annotation.InjectionMetadata - Processing injected element of bean 'itripUserLinkUserServiceImpl': ResourceElement for private cn.itrip.dao.userlinkuser.ItripUserLinkUserMapper cn.itrip.service.userlinkuser.ItripUserLinkUserServiceImpl.itripUserLinkUserMapper
- (5616 ms) - [DEBUG] 2018-12-30 19:24:59,228 org.springframework.beans.factory.support.DefaultListableBeanFactory - Returning cached instance of singleton bean 'itripUserLinkUserMapper'
- (5616 ms) - [DEBUG] 2018-12-30 19:24:59,228 org.springframework.beans.factory.support.DefaultListableBeanFactory - Returning cached instance of singleton bean 'org.springframework.aop.support.DefaultBeanFactoryPointcutAdvisor#0'
- (5616 ms) - [DEBUG] 2018-12-30 19:24:59,228 org.springframework.beans.factory.support.DefaultListableBeanFactory - Returning cached instance of singleton bean 'org.springframework.aop.support.DefaultBeanFactoryPointcutAdvisor#0'
- (5618 ms) - [DEBUG] 2018-12-30 19:24:59,230 org.springframework.beans.factory.support.DefaultListableBeanFactory - Returning cached instance of singleton bean 'org.springframework.aop.support.DefaultBeanFactoryPointcutAdvisor#0'
- (5618 ms) - [DEBUG] 2018-12-30 19:24:59,230 org.springframework.beans.factory.support.DefaultListableBeanFactory - Returning cached instance of singleton bean 'org.springframework.aop.support.DefaultBeanFactoryPointcutAdvisor#0'
- (5619 ms) - [DEBUG] 2018-12-30 19:24:59,231 org.springframework.aop.aspectj.annotation.AnnotationAwareAspectJAutoProxyCreator - Creating implicit proxy for bean 'itripUserLinkUserServiceImpl' with 0 common interceptors and 2 specific interceptors
- (5619 ms) - [DEBUG] 2018-12-30 19:24:59,231 org.springframework.aop.framework.CglibAopProxy - Creating CGLIB proxy: target source is SingletonTargetSource for target object [cn.itrip.service.userlinkuser.ItripUserLinkUserServiceImpl@741b3bc3]
- (5620 ms) - [DEBUG] 2018-12-30 19:24:59,232 org.springframework.beans.factory.support.DefaultListableBeanFactory - Finished creating instance of bean 'itripUserLinkUserServiceImpl'
- (5620 ms) - [DEBUG] 2018-12-30 19:24:59,232 org.springframework.beans.factory.support.DefaultListableBeanFactory - Returning cached instance of singleton bean 'org.springframework.context.annotation.internalConfigurationAnnotationProcessor'
- (5620 ms) - [DEBUG] 2018-12-30 19:24:59,232 org.springframework.beans.factory.support.DefaultListableBeanFactory - Returning cached instance of singleton bean 'org.springframework.context.annotation.internalAutowiredAnnotationProcessor'
- (5620 ms) - [DEBUG] 2018-12-30 19:24:59,232 org.springframework.beans.factory.support.DefaultListableBeanFactory - Returning cached instance of singleton bean 'org.springframework.context.annotation.internalRequiredAnnotationProcessor'
- (5620 ms) - [DEBUG] 2018-12-30 19:24:59,232 org.springframework.beans.factory.support.DefaultListableBeanFactory - Returning cached instance of singleton bean 'org.springframework.context.annotation.internalCommonAnnotationProcessor'
- (5621 ms) - [DEBUG] 2018-12-30 19:24:59,233 org.springframework.beans.factory.support.DefaultListableBeanFactory - Returning cached instance of singleton bean 'org.springframework.context.support.PropertySourcesPlaceholderConfigurer#0'
- (5621 ms) - [DEBUG] 2018-12-30 19:24:59,233 org.springframework.beans.factory.support.DefaultListableBeanFactory - Returning cached instance of singleton bean 'dataSource'
- (5621 ms) - [DEBUG] 2018-12-30 19:24:59,233 org.springframework.beans.factory.support.DefaultListableBeanFactory - Returning cached instance of singleton bean 'txManager'
- (5621 ms) - [DEBUG] 2018-12-30 19:24:59,233 org.springframework.beans.factory.support.DefaultListableBeanFactory - Returning cached instance of singleton bean 'sqlSessionFactoryBean'
- (5621 ms) - [DEBUG] 2018-12-30 19:24:59,233 org.springframework.beans.factory.support.DefaultListableBeanFactory - Returning cached instance of singleton bean 'org.springframework.aop.config.internalAutoProxyCreator'
- (5621 ms) - [DEBUG] 2018-12-30 19:24:59,233 org.springframework.beans.factory.support.DefaultListableBeanFactory - Returning cached instance of singleton bean 'org.springframework.aop.support.DefaultBeanFactoryPointcutAdvisor#0'
- (5621 ms) - [DEBUG] 2018-12-30 19:24:59,233 org.springframework.beans.factory.support.DefaultListableBeanFactory - Returning cached instance of singleton bean 'myAdvice'
- (5622 ms) - [DEBUG] 2018-12-30 19:24:59,234 org.springframework.beans.factory.support.DefaultListableBeanFactory - Returning cached instance of singleton bean 'org.mybatis.spring.mapper.MapperScannerConfigurer#0'
- (5622 ms) - [DEBUG] 2018-12-30 19:24:59,234 org.springframework.beans.factory.support.DefaultListableBeanFactory - Creating shared instance of singleton bean 'jedisPoolConfig'
- (5622 ms) - [DEBUG] 2018-12-30 19:24:59,234 org.springframework.beans.factory.support.DefaultListableBeanFactory - Creating instance of bean 'jedisPoolConfig'
- (5622 ms) - [DEBUG] 2018-12-30 19:24:59,234 org.springframework.beans.factory.support.DefaultListableBeanFactory - Returning cached instance of singleton bean 'org.springframework.aop.support.DefaultBeanFactoryPointcutAdvisor#0'
- (5622 ms) - [DEBUG] 2018-12-30 19:24:59,234 org.springframework.beans.factory.support.DefaultListableBeanFactory - Eagerly caching bean 'jedisPoolConfig' to allow for resolving potential circular references
- (5623 ms) - [DEBUG] 2018-12-30 19:24:59,235 org.springframework.beans.factory.support.DefaultListableBeanFactory - Returning cached instance of singleton bean 'org.springframework.aop.support.DefaultBeanFactoryPointcutAdvisor#0'
- (5623 ms) - [DEBUG] 2018-12-30 19:24:59,235 org.springframework.beans.factory.support.DefaultListableBeanFactory - Returning cached instance of singleton bean 'org.springframework.aop.support.DefaultBeanFactoryPointcutAdvisor#0'
- (5624 ms) - [DEBUG] 2018-12-30 19:24:59,236 org.springframework.beans.factory.support.DefaultListableBeanFactory - Finished creating instance of bean 'jedisPoolConfig'
- (5624 ms) - [DEBUG] 2018-12-30 19:24:59,236 org.springframework.beans.factory.support.DefaultListableBeanFactory - Creating shared instance of singleton bean 'jedisPool'
- (5624 ms) - [DEBUG] 2018-12-30 19:24:59,236 org.springframework.beans.factory.support.DefaultListableBeanFactory - Creating instance of bean 'jedisPool'
- (5625 ms) - [DEBUG] 2018-12-30 19:24:59,237 org.springframework.beans.factory.support.DefaultListableBeanFactory - Returning cached instance of singleton bean 'org.springframework.aop.support.DefaultBeanFactoryPointcutAdvisor#0'
- (5625 ms) - [DEBUG] 2018-12-30 19:24:59,237 org.springframework.beans.factory.support.DefaultListableBeanFactory - Returning cached instance of singleton bean 'jedisPoolConfig'
- (5626 ms) - [DEBUG] 2018-12-30 19:24:59,238 org.springframework.beans.factory.support.DefaultListableBeanFactory - Eagerly caching bean 'jedisPool' to allow for resolving potential circular references
- (5626 ms) - [DEBUG] 2018-12-30 19:24:59,238 org.springframework.beans.factory.support.DefaultListableBeanFactory - Returning cached instance of singleton bean 'org.springframework.aop.support.DefaultBeanFactoryPointcutAdvisor#0'
- (5626 ms) - [DEBUG] 2018-12-30 19:24:59,238 org.springframework.beans.factory.support.DefaultListableBeanFactory - Returning cached instance of singleton bean 'org.springframework.aop.support.DefaultBeanFactoryPointcutAdvisor#0'
- (5627 ms) - [DEBUG] 2018-12-30 19:24:59,239 org.springframework.beans.factory.support.DefaultListableBeanFactory - Finished creating instance of bean 'jedisPool'
- (5627 ms) - [DEBUG] 2018-12-30 19:24:59,239 org.springframework.beans.factory.support.DefaultListableBeanFactory - Creating shared instance of singleton bean 'redisAPI'
- (5628 ms) - [DEBUG] 2018-12-30 19:24:59,240 org.springframework.beans.factory.support.DefaultListableBeanFactory - Creating instance of bean 'redisAPI'
- (5628 ms) - [DEBUG] 2018-12-30 19:24:59,240 org.springframework.beans.factory.support.DefaultListableBeanFactory - Returning cached instance of singleton bean 'org.springframework.aop.support.DefaultBeanFactoryPointcutAdvisor#0'
- (5629 ms) - [DEBUG] 2018-12-30 19:24:59,241 org.springframework.beans.factory.support.DefaultListableBeanFactory - Eagerly caching bean 'redisAPI' to allow for resolving potential circular references
- (5629 ms) - [DEBUG] 2018-12-30 19:24:59,241 org.springframework.beans.factory.support.DefaultListableBeanFactory - Returning cached instance of singleton bean 'jedisPool'
- (5629 ms) - [DEBUG] 2018-12-30 19:24:59,241 org.springframework.beans.factory.support.DefaultListableBeanFactory - Returning cached instance of singleton bean 'org.springframework.aop.support.DefaultBeanFactoryPointcutAdvisor#0'
- (5629 ms) - [DEBUG] 2018-12-30 19:24:59,241 org.springframework.beans.factory.support.DefaultListableBeanFactory - Returning cached instance of singleton bean 'org.springframework.aop.support.DefaultBeanFactoryPointcutAdvisor#0'
- (5630 ms) - [DEBUG] 2018-12-30 19:24:59,242 org.springframework.beans.factory.support.DefaultListableBeanFactory - Finished creating instance of bean 'redisAPI'
- (5630 ms) - [DEBUG] 2018-12-30 19:24:59,242 org.springframework.beans.factory.support.DefaultListableBeanFactory - Creating shared instance of singleton bean 'validationToken'
- (5630 ms) - [DEBUG] 2018-12-30 19:24:59,242 org.springframework.beans.factory.support.DefaultListableBeanFactory - Creating instance of bean 'validationToken'
- (5630 ms) - [DEBUG] 2018-12-30 19:24:59,242 org.springframework.beans.factory.support.DefaultListableBeanFactory - Returning cached instance of singleton bean 'org.springframework.aop.support.DefaultBeanFactoryPointcutAdvisor#0'
- (5630 ms) - [DEBUG] 2018-12-30 19:24:59,242 org.springframework.beans.factory.support.DefaultListableBeanFactory - Eagerly caching bean 'validationToken' to allow for resolving potential circular references
- (5631 ms) - [DEBUG] 2018-12-30 19:24:59,243 org.springframework.beans.factory.support.DefaultListableBeanFactory - Returning cached instance of singleton bean 'redisAPI'
- (5631 ms) - [DEBUG] 2018-12-30 19:24:59,243 org.springframework.beans.factory.support.DefaultListableBeanFactory - Returning cached instance of singleton bean 'org.springframework.aop.support.DefaultBeanFactoryPointcutAdvisor#0'
- (5631 ms) - [DEBUG] 2018-12-30 19:24:59,243 org.springframework.beans.factory.support.DefaultListableBeanFactory - Returning cached instance of singleton bean 'org.springframework.aop.support.DefaultBeanFactoryPointcutAdvisor#0'
- (5631 ms) - [DEBUG] 2018-12-30 19:24:59,243 org.springframework.beans.factory.support.DefaultListableBeanFactory - Finished creating instance of bean 'validationToken'
- (5639 ms) - [DEBUG] 2018-12-30 19:24:59,251 org.springframework.beans.factory.support.DefaultListableBeanFactory - Returning cached instance of singleton bean 'org.springframework.context.annotation.ConfigurationClassPostProcessor.importAwareProcessor'
- (5639 ms) - [DEBUG] 2018-12-30 19:24:59,251 org.springframework.beans.factory.support.DefaultListableBeanFactory - Returning cached instance of singleton bean 'org.springframework.context.annotation.ConfigurationClassPostProcessor.enhancedConfigurationProcessor'
- (5639 ms) - [DEBUG] 2018-12-30 19:24:59,251 org.springframework.beans.factory.support.DefaultListableBeanFactory - Returning cached instance of singleton bean 'itripHotMapper'
- (5639 ms) - [DEBUG] 2018-12-30 19:24:59,251 org.springframework.beans.factory.support.DefaultListableBeanFactory - Returning cached instance of singleton bean 'itripAreaDicMapper'
- (5640 ms) - [DEBUG] 2018-12-30 19:24:59,252 org.springframework.beans.factory.support.DefaultListableBeanFactory - Returning cached instance of singleton bean 'itripCommentMapper'
- (5640 ms) - [DEBUG] 2018-12-30 19:24:59,252 org.springframework.beans.factory.support.DefaultListableBeanFactory - Returning cached instance of singleton bean 'itripHotelMapper'
- (5640 ms) - [DEBUG] 2018-12-30 19:24:59,252 org.springframework.beans.factory.support.DefaultListableBeanFactory - Returning cached instance of singleton bean 'itripHotelOrderMapper'
- (5640 ms) - [DEBUG] 2018-12-30 19:24:59,252 org.springframework.beans.factory.support.DefaultListableBeanFactory - Returning cached instance of singleton bean 'itripImageMapper'
- (5640 ms) - [DEBUG] 2018-12-30 19:24:59,252 org.springframework.beans.factory.support.DefaultListableBeanFactory - Returning cached instance of singleton bean 'itripLabelMapper'
- (5640 ms) - [DEBUG] 2018-12-30 19:24:59,252 org.springframework.beans.factory.support.DefaultListableBeanFactory - Returning cached instance of singleton bean 'itripLabelDicMapper'
- (5640 ms) - [DEBUG] 2018-12-30 19:24:59,252 org.springframework.beans.factory.support.DefaultListableBeanFactory - Returning cached instance of singleton bean 'itripUserMapper'
- (5641 ms) - [DEBUG] 2018-12-30 19:24:59,253 org.springframework.beans.factory.support.DefaultListableBeanFactory - Returning cached instance of singleton bean 'itripUserLinkUserMapper'
- (5641 ms) - [DEBUG] 2018-12-30 19:24:59,253 org.springframework.context.support.ClassPathXmlApplicationContext - Unable to locate LifecycleProcessor with name 'lifecycleProcessor': using default [org.springframework.context.support.DefaultLifecycleProcessor@3a320ade]
- (5641 ms) - [DEBUG] 2018-12-30 19:24:59,253 org.springframework.beans.factory.support.DefaultListableBeanFactory - Returning cached instance of singleton bean 'lifecycleProcessor'
- (5641 ms) - [DEBUG] 2018-12-30 19:24:59,253 org.springframework.beans.factory.support.DefaultListableBeanFactory - Returning cached instance of singleton bean 'sqlSessionFactoryBean'
- (5642 ms) - [DEBUG] 2018-12-30 19:24:59,254 org.springframework.core.env.PropertySourcesPropertyResolver - Searching for key 'spring.liveBeansView.mbeanDomain' in [systemProperties]
- (5642 ms) - [DEBUG] 2018-12-30 19:24:59,254 org.springframework.core.env.PropertySourcesPropertyResolver - Searching for key 'spring.liveBeansView.mbeanDomain' in [systemEnvironment]
- (5642 ms) - [DEBUG] 2018-12-30 19:24:59,254 org.springframework.core.env.PropertySourcesPropertyResolver - Could not find key 'spring.liveBeansView.mbeanDomain' in any property source. Returning [null]
- (5642 ms) - [DEBUG] 2018-12-30 19:24:59,254 org.springframework.beans.factory.support.DefaultListableBeanFactory - Returning cached instance of singleton bean 'itripLabelDicServiceImpl'
- (5643 ms) - [DEBUG] 2018-12-30 19:24:59,255 org.springframework.jdbc.datasource.DataSourceTransactionManager - Creating new transaction with name [cn.itrip.service.labeldic.ItripLabelDicServiceImpl.getItripLabelDicListByMap]: PROPAGATION_REQUIRED,ISOLATION_DEFAULT
]]></system-out>
  </testcase>
</testsuite>