<?xml version="1.0" encoding="UTF-8" ?>
<testsuite tests="2" failures="0" name="cn.itrip.dao.user.TestItripUserMapper" time="2.222" errors="2" skipped="0">
  <properties>
    <property name="idea.version" value="2018.1.4"/>
    <property name="java.runtime.name" value="Java(TM) SE Runtime Environment"/>
    <property name="sun.boot.library.path" value="E:\Java\jdk1.8.0_181\jre\bin"/>
    <property name="java.vm.version" value="25.181-b13"/>
    <property name="java.vm.vendor" value="Oracle Corporation"/>
    <property name="maven.multiModuleProjectDirectory" value="E:\ideaXM\itrip"/>
    <property name="java.vendor.url" value="http://java.oracle.com/"/>
    <property name="path.separator" value=";"/>
    <property name="guice.disable.misplaced.annotation.check" value="true"/>
    <property name="java.vm.name" value="Java HotSpot(TM) 64-Bit Server VM"/>
    <property name="file.encoding.pkg" value="sun.io"/>
    <property name="user.script" value=""/>
    <property name="user.country" value="CN"/>
    <property name="sun.java.launcher" value="SUN_STANDARD"/>
    <property name="sun.os.patch.level" value=""/>
    <property name="java.vm.specification.name" value="Java Virtual Machine Specification"/>
    <property name="user.dir" value="E:\ideaXM\itrip"/>
    <property name="java.runtime.version" value="1.8.0_181-b13"/>
    <property name="java.awt.graphicsenv" value="sun.awt.Win32GraphicsEnvironment"/>
    <property name="java.endorsed.dirs" value="E:\Java\jdk1.8.0_181\jre\lib\endorsed"/>
    <property name="os.arch" value="amd64"/>
    <property name="java.io.tmpdir" value="C:\Users\ISXIAO~1\AppData\Local\Temp\"/>
    <property name="line.separator" value="
"/>
    <property name="java.vm.specification.vendor" value="Oracle Corporation"/>
    <property name="user.variant" value=""/>
    <property name="os.name" value="Windows 10"/>
    <property name="classworlds.conf" value="E:\apache-maven-3.5.4-bin\apache-maven-3.5.4\bin\m2.conf"/>
    <property name="sun.jnu.encoding" value="GBK"/>
    <property name="java.library.path" value="E:\Java\jdk1.8.0_181\bin;C:\WINDOWS\Sun\Java\bin;C:\WINDOWS\system32;C:\WINDOWS;E:\Java\jdk1.8.0_181\bin;c:\program files\graphicsmagick-1.3.21-q16;E:\Oracle\bin;C:\WINDOWS\system32;C:\WINDOWS;C:\WINDOWS\System32\Wbem;C:\WINDOWS\System32\WindowsPowerShell\v1.0\E:\kj;C:\WINDOWS\System32\WindowsPowerShell\v1.0\;C:\WINDOWS\System32\OpenSSH\;E:\MySQL\bin;E:\apache-maven-3.5.4-bin\apache-maven-3.5.4\bin;E:\Git\Git\cmd;E:\Program Files\nodejs;E:\Program Files\nodejs\node_global;C:\Program Files (x86)\Lua\5.1;C:\Program Files (x86)\Lua\5.1\clibs;E:\kj;C:\Users\isxiaohao\AppData\Local\Microsoft\WindowsApps;C:\Users\isxiaohao\AppData\Roaming\npm;."/>
    <property name="maven.conf" value="E:\apache-maven-3.5.4-bin\apache-maven-3.5.4/conf"/>
    <property name="java.specification.name" value="Java Platform API Specification"/>
    <property name="java.class.version" value="52.0"/>
    <property name="sun.management.compiler" value="HotSpot 64-Bit Tiered Compilers"/>
    <property name="os.version" value="10.0"/>
    <property name="user.home" value="C:\Users\isxiaohao"/>
    <property name="user.timezone" value="Asia/Shanghai"/>
    <property name="java.awt.printerjob" value="sun.awt.windows.WPrinterJob"/>
    <property name="java.specification.version" value="1.8"/>
    <property name="file.encoding" value="UTF-8"/>
    <property name="user.name" value="isxiaohao"/>
    <property name="java.class.path" value="E:\apache-maven-3.5.4-bin\apache-maven-3.5.4\boot\plexus-classworlds-2.5.2.jar;E:\IdealU-2018\IntelliJ IDEA 2018.1.4\lib\idea_rt.jar"/>
    <property name="java.vm.specification.version" value="1.8"/>
    <property name="sun.arch.data.model" value="64"/>
    <property name="java.home" value="E:\Java\jdk1.8.0_181\jre"/>
    <property name="sun.java.command" value="org.codehaus.classworlds.Launcher -Didea.version=2018.1.4 -s E:\apache-maven-3.5.4-bin\apache-maven-3.5.4\m2\settings.xml package -f pom.xml"/>
    <property name="java.specification.vendor" value="Oracle Corporation"/>
    <property name="user.language" value="zh"/>
    <property name="awt.toolkit" value="sun.awt.windows.WToolkit"/>
    <property name="java.vm.info" value="mixed mode"/>
    <property name="java.version" value="1.8.0_181"/>
    <property name="java.ext.dirs" value="E:\Java\jdk1.8.0_181\jre\lib\ext;C:\WINDOWS\Sun\Java\lib\ext"/>
    <property name="sun.boot.class.path" value="E:\Java\jdk1.8.0_181\jre\lib\resources.jar;E:\Java\jdk1.8.0_181\jre\lib\rt.jar;E:\Java\jdk1.8.0_181\jre\lib\sunrsasign.jar;E:\Java\jdk1.8.0_181\jre\lib\jsse.jar;E:\Java\jdk1.8.0_181\jre\lib\jce.jar;E:\Java\jdk1.8.0_181\jre\lib\charsets.jar;E:\Java\jdk1.8.0_181\jre\lib\jfr.jar;E:\Java\jdk1.8.0_181\jre\classes"/>
    <property name="java.vendor" value="Oracle Corporation"/>
    <property name="maven.home" value="E:\apache-maven-3.5.4-bin\apache-maven-3.5.4"/>
    <property name="file.separator" value="\"/>
    <property name="java.vendor.url.bug" value="http://bugreport.sun.com/bugreport/"/>
    <property name="sun.cpu.endian" value="little"/>
    <property name="sun.io.unicode.encoding" value="UnicodeLittle"/>
    <property name="sun.desktop" value="windows"/>
    <property name="sun.cpu.isalist" value="amd64"/>
  </properties>
  <testcase classname="cn.itrip.dao.user.TestItripUserMapper" name="testGetCount" time="1.643">
    <error message="Error creating bean with name &apos;hotelroomMapper&apos; defined in file [E:\ideaXM\itrip\itrip-dao\target\classes\cn\itrip\dao\hotelroom\HotelroomMapper.class]: Invocation of init method failed; nested exception is java.lang.IllegalArgumentException: java.lang.RuntimeException: Error parsing Mapper XML. Cause: org.apache.ibatis.builder.BuilderException: Wrong namespace. Expected &apos;cn.itrip.dao.hotelroom.HotelroomMapper&apos; but found &apos;cn.itrip.dao.HotelroomMapper&apos;." type="org.springframework.beans.factory.BeanCreationException">org.springframework.beans.factory.BeanCreationException: Error creating bean with name &apos;hotelroomMapper&apos; defined in file [E:\ideaXM\itrip\itrip-dao\target\classes\cn\itrip\dao\hotelroom\HotelroomMapper.class]: Invocation of init method failed; nested exception is java.lang.IllegalArgumentException: java.lang.RuntimeException: Error parsing Mapper XML. Cause: org.apache.ibatis.builder.BuilderException: Wrong namespace. Expected &apos;cn.itrip.dao.hotelroom.HotelroomMapper&apos; but found &apos;cn.itrip.dao.HotelroomMapper&apos;.
	at org.springframework.beans.factory.support.AbstractAutowireCapableBeanFactory.initializeBean(AbstractAutowireCapableBeanFactory.java:1574)
	at org.springframework.beans.factory.support.AbstractAutowireCapableBeanFactory.doCreateBean(AbstractAutowireCapableBeanFactory.java:539)
	at org.springframework.beans.factory.support.AbstractAutowireCapableBeanFactory.createBean(AbstractAutowireCapableBeanFactory.java:476)
	at org.springframework.beans.factory.support.AbstractBeanFactory$1.getObject(AbstractBeanFactory.java:303)
	at org.springframework.beans.factory.support.DefaultSingletonBeanRegistry.getSingleton(DefaultSingletonBeanRegistry.java:230)
	at org.springframework.beans.factory.support.AbstractBeanFactory.doGetBean(AbstractBeanFactory.java:299)
	at org.springframework.beans.factory.support.AbstractBeanFactory.getBean(AbstractBeanFactory.java:194)
	at org.springframework.beans.factory.support.DefaultListableBeanFactory.preInstantiateSingletons(DefaultListableBeanFactory.java:736)
	at org.springframework.context.support.AbstractApplicationContext.finishBeanFactoryInitialization(AbstractApplicationContext.java:757)
	at org.springframework.context.support.AbstractApplicationContext.refresh(AbstractApplicationContext.java:480)
	at org.springframework.context.support.ClassPathXmlApplicationContext.&lt;init&gt;(ClassPathXmlApplicationContext.java:139)
	at org.springframework.context.support.ClassPathXmlApplicationContext.&lt;init&gt;(ClassPathXmlApplicationContext.java:83)
	at cn.itrip.dao.user.TestItripUserMapper.testGetCount(TestItripUserMapper.java:30)
	at sun.reflect.NativeMethodAccessorImpl.invoke0(Native Method)
	at sun.reflect.NativeMethodAccessorImpl.invoke(NativeMethodAccessorImpl.java:62)
	at sun.reflect.DelegatingMethodAccessorImpl.invoke(DelegatingMethodAccessorImpl.java:43)
	at java.lang.reflect.Method.invoke(Method.java:498)
	at org.junit.runners.model.FrameworkMethod$1.runReflectiveCall(FrameworkMethod.java:47)
	at org.junit.internal.runners.model.ReflectiveCallable.run(ReflectiveCallable.java:12)
	at org.junit.runners.model.FrameworkMethod.invokeExplosively(FrameworkMethod.java:44)
	at org.junit.internal.runners.statements.InvokeMethod.evaluate(InvokeMethod.java:17)
	at org.junit.runners.ParentRunner.runLeaf(ParentRunner.java:271)
	at org.junit.runners.BlockJUnit4ClassRunner.runChild(BlockJUnit4ClassRunner.java:70)
	at org.junit.runners.BlockJUnit4ClassRunner.runChild(BlockJUnit4ClassRunner.java:50)
	at org.junit.runners.ParentRunner$3.run(ParentRunner.java:238)
	at org.junit.runners.ParentRunner$1.schedule(ParentRunner.java:63)
	at org.junit.runners.ParentRunner.runChildren(ParentRunner.java:236)
	at org.junit.runners.ParentRunner.access$000(ParentRunner.java:53)
	at org.junit.runners.ParentRunner$2.evaluate(ParentRunner.java:229)
	at org.junit.runners.ParentRunner.run(ParentRunner.java:309)
	at org.apache.maven.surefire.junit4.JUnit4Provider.execute(JUnit4Provider.java:252)
	at org.apache.maven.surefire.junit4.JUnit4Provider.executeTestSet(JUnit4Provider.java:141)
	at org.apache.maven.surefire.junit4.JUnit4Provider.invoke(JUnit4Provider.java:112)
	at sun.reflect.NativeMethodAccessorImpl.invoke0(Native Method)
	at sun.reflect.NativeMethodAccessorImpl.invoke(NativeMethodAccessorImpl.java:62)
	at sun.reflect.DelegatingMethodAccessorImpl.invoke(DelegatingMethodAccessorImpl.java:43)
	at java.lang.reflect.Method.invoke(Method.java:498)
	at org.apache.maven.surefire.util.ReflectionUtils.invokeMethodWithArray(ReflectionUtils.java:189)
	at org.apache.maven.surefire.booter.ProviderFactory$ProviderProxy.invoke(ProviderFactory.java:165)
	at org.apache.maven.surefire.booter.ProviderFactory.invokeProvider(ProviderFactory.java:85)
	at org.apache.maven.surefire.booter.ForkedBooter.runSuitesInProcess(ForkedBooter.java:115)
	at org.apache.maven.surefire.booter.ForkedBooter.main(ForkedBooter.java:75)
Caused by: java.lang.IllegalArgumentException: java.lang.RuntimeException: Error parsing Mapper XML. Cause: org.apache.ibatis.builder.BuilderException: Wrong namespace. Expected &apos;cn.itrip.dao.hotelroom.HotelroomMapper&apos; but found &apos;cn.itrip.dao.HotelroomMapper&apos;.
	at org.mybatis.spring.mapper.MapperFactoryBean.checkDaoConfig(MapperFactoryBean.java:98)
	at org.springframework.dao.support.DaoSupport.afterPropertiesSet(DaoSupport.java:44)
	at org.springframework.beans.factory.support.AbstractAutowireCapableBeanFactory.invokeInitMethods(AbstractAutowireCapableBeanFactory.java:1633)
	at org.springframework.beans.factory.support.AbstractAutowireCapableBeanFactory.initializeBean(AbstractAutowireCapableBeanFactory.java:1570)
	... 41 more
Caused by: java.lang.RuntimeException: Error parsing Mapper XML. Cause: org.apache.ibatis.builder.BuilderException: Wrong namespace. Expected &apos;cn.itrip.dao.hotelroom.HotelroomMapper&apos; but found &apos;cn.itrip.dao.HotelroomMapper&apos;.
	at org.apache.ibatis.builder.xml.XMLMapperBuilder.configurationElement(XMLMapperBuilder.java:113)
	at org.apache.ibatis.builder.xml.XMLMapperBuilder.parse(XMLMapperBuilder.java:88)
	at org.apache.ibatis.builder.annotation.MapperAnnotationBuilder.loadXmlResource(MapperAnnotationBuilder.java:159)
	at org.apache.ibatis.builder.annotation.MapperAnnotationBuilder.parse(MapperAnnotationBuilder.java:113)
	at org.apache.ibatis.binding.MapperRegistry.addMapper(MapperRegistry.java:66)
	at org.apache.ibatis.session.Configuration.addMapper(Configuration.java:635)
	at org.mybatis.spring.mapper.MapperFactoryBean.checkDaoConfig(MapperFactoryBean.java:95)
	... 44 more
Caused by: org.apache.ibatis.builder.BuilderException: Wrong namespace. Expected &apos;cn.itrip.dao.hotelroom.HotelroomMapper&apos; but found &apos;cn.itrip.dao.HotelroomMapper&apos;.
	at org.apache.ibatis.builder.MapperBuilderAssistant.setCurrentNamespace(MapperBuilderAssistant.java:75)
	at org.apache.ibatis.builder.xml.XMLMapperBuilder.configurationElement(XMLMapperBuilder.java:105)
	... 50 more
</error>
    <system-out>- (0 ms) - [DEBUG] 2019-01-15 20:55:30,933 org.springframework.core.env.StandardEnvironment - Adding [systemProperties] PropertySource with lowest search precedence
- (5 ms) - [DEBUG] 2019-01-15 20:55:30,938 org.springframework.core.env.StandardEnvironment - Adding [systemEnvironment] PropertySource with lowest search precedence
- (6 ms) - [DEBUG] 2019-01-15 20:55:30,939 org.springframework.core.env.StandardEnvironment - Initialized StandardEnvironment with PropertySources [systemProperties,systemEnvironment]
- (11 ms) - [INFO] 2019-01-15 20:55:30,944 org.springframework.context.support.ClassPathXmlApplicationContext - Refreshing org.springframework.context.support.ClassPathXmlApplicationContext@3551a94: startup date [Tue Jan 15 20:55:30 CST 2019]; root of context hierarchy
- (48 ms) - [DEBUG] 2019-01-15 20:55:30,981 org.springframework.core.env.StandardEnvironment - Adding [systemProperties] PropertySource with lowest search precedence
- (49 ms) - [DEBUG] 2019-01-15 20:55:30,982 org.springframework.core.env.StandardEnvironment - Adding [systemEnvironment] PropertySource with lowest search precedence
- (49 ms) - [DEBUG] 2019-01-15 20:55:30,982 org.springframework.core.env.StandardEnvironment - Initialized StandardEnvironment with PropertySources [systemProperties,systemEnvironment]
- (57 ms) - [INFO] 2019-01-15 20:55:30,990 org.springframework.beans.factory.xml.XmlBeanDefinitionReader - Loading XML bean definitions from class path resource [applicationContext.xml]
- (72 ms) - [DEBUG] 2019-01-15 20:55:31,005 org.springframework.beans.factory.xml.DefaultDocumentLoader - Using JAXP provider [com.sun.org.apache.xerces.internal.jaxp.DocumentBuilderFactoryImpl]
- (97 ms) - [DEBUG] 2019-01-15 20:55:31,030 org.springframework.beans.factory.xml.PluggableSchemaResolver - Loading schema mappings from [META-INF/spring.schemas]
- (103 ms) - [DEBUG] 2019-01-15 20:55:31,036 org.springframework.beans.factory.xml.PluggableSchemaResolver - Loaded schema mappings: {http://www.springframework.org/schema/tx/spring-tx-2.5.xsd=org/springframework/transaction/config/spring-tx-2.5.xsd, http://www.springframework.org/schema/aop/spring-aop-4.1.xsd=org/springframework/aop/config/spring-aop-4.1.xsd, http://www.springframework.org/schema/context/spring-context-3.1.xsd=org/springframework/context/config/spring-context-3.1.xsd, http://www.springframework.org/schema/jdbc/spring-jdbc-4.1.xsd=org/springframework/jdbc/config/spring-jdbc-4.1.xsd, http://www.springframework.org/schema/jms/spring-jms-2.5.xsd=org/springframework/jms/config/spring-jms-2.5.xsd, http://www.springframework.org/schema/util/spring-util-3.0.xsd=org/springframework/beans/factory/xml/spring-util-3.0.xsd, http://www.springframework.org/schema/mvc/spring-mvc-4.1.xsd=org/springframework/web/servlet/config/spring-mvc-4.1.xsd, http://www.springframework.org/schema/tool/spring-tool.xsd=org/springframework/beans/factory/xml/spring-tool-4.1.xsd, http://www.springframework.org/schema/aop/spring-aop-3.2.xsd=org/springframework/aop/config/spring-aop-3.2.xsd, http://mybatis.org/schema/mybatis-spring-1.2.xsd=org/mybatis/spring/config/mybatis-spring-1.2.xsd, http://www.springframework.org/schema/lang/spring-lang-4.1.xsd=org/springframework/scripting/config/spring-lang-4.1.xsd, http://www.springframework.org/schema/context/spring-context-4.0.xsd=org/springframework/context/config/spring-context-4.0.xsd, http://www.springframework.org/schema/mvc/spring-mvc-3.2.xsd=org/springframework/web/servlet/config/spring-mvc-3.2.xsd, http://www.springframework.org/schema/oxm/spring-oxm-3.0.xsd=org/springframework/oxm/config/spring-oxm-3.0.xsd, http://www.springframework.org/schema/tool/spring-tool-4.1.xsd=org/springframework/beans/factory/xml/spring-tool-4.1.xsd, http://www.springframework.org/schema/lang/spring-lang-3.2.xsd=org/springframework/scripting/config/spring-lang-3.2.xsd, http://www.springframework.org/schema/cache/spring-cache-3.2.xsd=org/springframework/cache/config/spring-cache-3.2.xsd, http://www.springframework.org/schema/jee/spring-jee-4.1.xsd=org/springframework/ejb/config/spring-jee-4.1.xsd, http://www.springframework.org/schema/jdbc/spring-jdbc-3.1.xsd=org/springframework/jdbc/config/spring-jdbc-3.1.xsd, http://www.springframework.org/schema/util/spring-util-2.0.xsd=org/springframework/beans/factory/xml/spring-util-2.0.xsd, http://www.springframework.org/schema/tool/spring-tool-3.2.xsd=org/springframework/beans/factory/xml/spring-tool-3.2.xsd, http://www.springframework.org/schema/context/spring-context.xsd=org/springframework/context/config/spring-context-4.1.xsd, http://www.springframework.org/schema/cache/spring-cache-4.1.xsd=org/springframework/cache/config/spring-cache-4.1.xsd, http://www.springframework.org/schema/aop/spring-aop-4.0.xsd=org/springframework/aop/config/spring-aop-4.0.xsd, http://www.springframework.org/schema/jee/spring-jee-3.2.xsd=org/springframework/ejb/config/spring-jee-3.2.xsd, http://www.springframework.org/schema/context/spring-context-3.0.xsd=org/springframework/context/config/spring-context-3.0.xsd, http://www.springframework.org/schema/jdbc/spring-jdbc-4.0.xsd=org/springframework/jdbc/config/spring-jdbc-4.0.xsd, http://www.springframework.org/schema/util/spring-util-2.5.xsd=org/springframework/beans/factory/xml/spring-util-2.5.xsd, http://www.springframework.org/schema/mvc/spring-mvc-4.0.xsd=org/springframework/web/servlet/config/spring-mvc-4.0.xsd, http://www.springframework.org/schema/beans/spring-beans-3.2.xsd=org/springframework/beans/factory/xml/spring-beans-3.2.xsd, http://www.springframework.org/schema/aop/spring-aop-3.1.xsd=org/springframework/aop/config/spring-aop-3.1.xsd, http://www.springframework.org/schema/lang/spring-lang-4.0.xsd=org/springframework/scripting/config/spring-lang-4.0.xsd, http://www.springframework.org/schema/mvc/spring-mvc.xsd=org/springframework/web/servlet/config/spring-mvc-4.1.xsd, http://www.springframework.org/schema/mvc/spring-mvc-3.1.xsd=org/springframework/web/servlet/config/spring-mvc-3.1.xsd, http://www.springframework.org/schema/beans/spring-beans-4.1.xsd=org/springframework/beans/factory/xml/spring-beans-4.1.xsd, http://www.springframework.org/schema/tool/spring-tool-4.0.xsd=org/springframework/beans/factory/xml/spring-tool-4.0.xsd, http://www.springframework.org/schema/lang/spring-lang-3.1.xsd=org/springframework/scripting/config/spring-lang-3.1.xsd, http://www.springframework.org/schema/tx/spring-tx-3.2.xsd=org/springframework/transaction/config/spring-tx-3.2.xsd, http://www.springframework.org/schema/cache/spring-cache-3.1.xsd=org/springframework/cache/config/spring-cache-3.1.xsd, http://www.springframework.org/schema/jee/spring-jee-4.0.xsd=org/springframework/ejb/config/spring-jee-4.0.xsd, http://www.springframework.org/schema/jdbc/spring-jdbc-3.0.xsd=org/springframework/jdbc/config/spring-jdbc-3.0.xsd, http://www.springframework.org/schema/task/spring-task-4.1.xsd=org/springframework/scheduling/config/spring-task-4.1.xsd, http://www.springframework.org/schema/tool/spring-tool-3.1.xsd=org/springframework/beans/factory/xml/spring-tool-3.1.xsd, http://www.springframework.org/schema/jdbc/spring-jdbc.xsd=org/springframework/jdbc/config/spring-jdbc-4.1.xsd, http://www.springframework.org/schema/tx/spring-tx-4.1.xsd=org/springframework/transaction/config/spring-tx-4.1.xsd, http://www.springframework.org/schema/cache/spring-cache-4.0.xsd=org/springframework/cache/config/spring-cache-4.0.xsd, http://www.springframework.org/schema/jee/spring-jee-3.1.xsd=org/springframework/ejb/config/spring-jee-3.1.xsd, http://www.springframework.org/schema/task/spring-task-3.2.xsd=org/springframework/scheduling/config/spring-task-3.2.xsd, http://www.springframework.org/schema/beans/spring-beans-3.1.xsd=org/springframework/beans/factory/xml/spring-beans-3.1.xsd, http://www.springframework.org/schema/util/spring-util.xsd=org/springframework/beans/factory/xml/spring-util-4.1.xsd, http://www.springframework.org/schema/aop/spring-aop-3.0.xsd=org/springframework/aop/config/spring-aop-3.0.xsd, http://www.springframework.org/schema/jms/spring-jms-3.2.xsd=org/springframework/jms/config/spring-jms-3.2.xsd, http://www.springframework.org/schema/mvc/spring-mvc-3.0.xsd=org/springframework/web/servlet/config/spring-mvc-3.0.xsd, http://www.springframework.org/schema/beans/spring-beans-4.0.xsd=org/springframework/beans/factory/xml/spring-beans-4.0.xsd, http://www.springframework.org/schema/beans/spring-beans.xsd=org/springframework/beans/factory/xml/spring-beans-4.1.xsd, http://www.springframework.org/schema/plugin/spring-plugin.xsd=org/springframework/plugin/core/config/spring-plugin.xsd, http://www.springframework.org/schema/lang/spring-lang-3.0.xsd=org/springframework/scripting/config/spring-lang-3.0.xsd, http://www.springframework.org/schema/tx/spring-tx-3.1.xsd=org/springframework/transaction/config/spring-tx-3.1.xsd, http://mybatis.org/schema/mybatis-spring.xsd=org/mybatis/spring/config/mybatis-spring-1.2.xsd, http://www.springframework.org/schema/context/spring-context-2.5.xsd=org/springframework/context/config/spring-context-2.5.xsd, http://www.springframework.org/schema/jms/spring-jms-4.1.xsd=org/springframework/jms/config/spring-jms-4.1.xsd, http://www.springframework.org/schema/task/spring-task-4.0.xsd=org/springframework/scheduling/config/spring-task-4.0.xsd, http://www.springframework.org/schema/tool/spring-tool-3.0.xsd=org/springframework/beans/factory/xml/spring-tool-3.0.xsd, http://www.springframework.org/schema/tx/spring-tx-4.0.xsd=org/springframework/transaction/config/spring-tx-4.0.xsd, http://www.springframework.org/schema/aop/spring-aop-2.0.xsd=org/springframework/aop/config/spring-aop-2.0.xsd, http://www.springframework.org/schema/jee/spring-jee-3.0.xsd=org/springframework/ejb/config/spring-jee-3.0.xsd, http://www.springframework.org/schema/util/spring-util-4.1.xsd=org/springframework/beans/factory/xml/spring-util-4.1.xsd, http://www.springframework.org/schema/task/spring-task-3.1.xsd=org/springframework/scheduling/config/spring-task-3.1.xsd, http://www.springframework.org/schema/beans/spring-beans-3.0.xsd=org/springframework/beans/factory/xml/spring-beans-3.0.xsd, http://www.springframework.org/schema/jee/spring-jee.xsd=org/springframework/ejb/config/spring-jee-4.1.xsd, http://www.springframework.org/schema/aop/spring-aop-2.5.xsd=org/springframework/aop/config/spring-aop-2.5.xsd, http://www.springframework.org/schema/jms/spring-jms.xsd=org/springframework/jms/config/spring-jms-4.1.xsd, http://www.springframework.org/schema/lang/spring-lang-2.0.xsd=org/springframework/scripting/config/spring-lang-2.0.xsd, http://www.springframework.org/schema/jms/spring-jms-3.1.xsd=org/springframework/jms/config/spring-jms-3.1.xsd, http://www.springframework.org/schema/oxm/spring-oxm.xsd=org/springframework/oxm/config/spring-oxm-4.1.xsd, http://www.springframework.org/schema/util/spring-util-3.2.xsd=org/springframework/beans/factory/xml/spring-util-3.2.xsd, http://www.springframework.org/schema/oxm/spring-oxm-4.1.xsd=org/springframework/oxm/config/spring-oxm-4.1.xsd, http://www.springframework.org/schema/task/spring-task.xsd=org/springframework/scheduling/config/spring-task-4.1.xsd, http://www.springframework.org/schema/tool/spring-tool-2.0.xsd=org/springframework/beans/factory/xml/spring-tool-2.0.xsd, http://www.springframework.org/schema/tx/spring-tx-3.0.xsd=org/springframework/transaction/config/spring-tx-3.0.xsd, http://www.springframework.org/schema/lang/spring-lang-2.5.xsd=org/springframework/scripting/config/spring-lang-2.5.xsd, http://www.springframework.org/schema/jee/spring-jee-2.0.xsd=org/springframework/ejb/config/spring-jee-2.0.xsd, http://www.springframework.org/schema/jms/spring-jms-4.0.xsd=org/springframework/jms/config/spring-jms-4.0.xsd, http://www.springframework.org/schema/oxm/spring-oxm-3.2.xsd=org/springframework/oxm/config/spring-oxm-3.2.xsd, http://www.springframework.org/schema/tool/spring-tool-2.5.xsd=org/springframework/beans/factory/xml/spring-tool-2.5.xsd, http://www.springframework.org/schema/jee/spring-jee-2.5.xsd=org/springframework/ejb/config/spring-jee-2.5.xsd, http://www.springframework.org/schema/util/spring-util-4.0.xsd=org/springframework/beans/factory/xml/spring-util-4.0.xsd, http://www.springframework.org/schema/task/spring-task-3.0.xsd=org/springframework/scheduling/config/spring-task-3.0.xsd, http://www.springframework.org/schema/lang/spring-lang.xsd=org/springframework/scripting/config/spring-lang-4.1.xsd, http://www.springframework.org/schema/context/spring-context-3.2.xsd=org/springframework/context/config/spring-context-3.2.xsd, http://www.springframework.org/schema/jms/spring-jms-3.0.xsd=org/springframework/jms/config/spring-jms-3.0.xsd, http://www.springframework.org/schema/util/spring-util-3.1.xsd=org/springframework/beans/factory/xml/spring-util-3.1.xsd, http://www.springframework.org/schema/beans/spring-beans-2.0.xsd=org/springframework/beans/factory/xml/spring-beans-2.0.xsd, http://www.springframework.org/schema/oxm/spring-oxm-4.0.xsd=org/springframework/oxm/config/spring-oxm-4.0.xsd, http://www.springframework.org/schema/cache/spring-cache.xsd=org/springframework/cache/config/spring-cache-4.1.xsd, http://www.springframework.org/schema/tx/spring-tx.xsd=org/springframework/transaction/config/spring-tx-4.1.xsd, http://www.springframework.org/schema/context/spring-context-4.1.xsd=org/springframework/context/config/spring-context-4.1.xsd, http://www.springframework.org/schema/beans/spring-beans-2.5.xsd=org/springframework/beans/factory/xml/spring-beans-2.5.xsd, http://www.springframework.org/schema/oxm/spring-oxm-3.1.xsd=org/springframework/oxm/config/spring-oxm-3.1.xsd, http://www.springframework.org/schema/tx/spring-tx-2.0.xsd=org/springframework/transaction/config/spring-tx-2.0.xsd, http://www.springframework.org/schema/jdbc/spring-jdbc-3.2.xsd=org/springframework/jdbc/config/spring-jdbc-3.2.xsd, http://www.springframework.org/schema/aop/spring-aop.xsd=org/springframework/aop/config/spring-aop-4.1.xsd}
- (106 ms) - [DEBUG] 2019-01-15 20:55:31,039 org.springframework.beans.factory.xml.PluggableSchemaResolver - Found XML schema [http://www.springframework.org/schema/beans/spring-beans-2.5.xsd] in classpath: org/springframework/beans/factory/xml/spring-beans-2.5.xsd
- (143 ms) - [DEBUG] 2019-01-15 20:55:31,076 org.springframework.beans.factory.xml.PluggableSchemaResolver - Found XML schema [http://www.springframework.org/schema/context/spring-context.xsd] in classpath: org/springframework/context/config/spring-context-4.1.xsd
- (150 ms) - [DEBUG] 2019-01-15 20:55:31,083 org.springframework.beans.factory.xml.PluggableSchemaResolver - Found XML schema [http://www.springframework.org/schema/tool/spring-tool-4.1.xsd] in classpath: org/springframework/beans/factory/xml/spring-tool-4.1.xsd
- (163 ms) - [DEBUG] 2019-01-15 20:55:31,096 org.springframework.beans.factory.xml.DefaultBeanDefinitionDocumentReader - Loading bean definitions
- (176 ms) - [DEBUG] 2019-01-15 20:55:31,109 org.springframework.beans.factory.xml.DefaultNamespaceHandlerResolver - Loaded NamespaceHandler mappings: {http://www.springframework.org/schema/p=org.springframework.beans.factory.xml.SimplePropertyNamespaceHandler, http://www.springframework.org/schema/mvc=org.springframework.web.servlet.config.MvcNamespaceHandler, http://www.springframework.org/schema/util=org.springframework.beans.factory.xml.UtilNamespaceHandler, http://www.springframework.org/schema/jee=org.springframework.ejb.config.JeeNamespaceHandler, http://www.springframework.org/schema/aop=org.springframework.aop.config.AopNamespaceHandler, http://www.springframework.org/schema/jdbc=org.springframework.jdbc.config.JdbcNamespaceHandler, http://www.springframework.org/schema/oxm=org.springframework.oxm.config.OxmNamespaceHandler, http://www.springframework.org/schema/cache=org.springframework.cache.config.CacheNamespaceHandler, http://mybatis.org/schema/mybatis-spring=org.mybatis.spring.config.NamespaceHandler, http://www.springframework.org/schema/c=org.springframework.beans.factory.xml.SimpleConstructorNamespaceHandler, http://www.springframework.org/schema/plugin=org.springframework.plugin.core.config.PluginNamespaceHandler, http://www.springframework.org/schema/tx=org.springframework.transaction.config.TxNamespaceHandler, http://www.springframework.org/schema/jms=org.springframework.jms.config.JmsNamespaceHandler, http://www.springframework.org/schema/task=org.springframework.scheduling.config.TaskNamespaceHandler, http://www.springframework.org/schema/lang=org.springframework.scripting.config.LangNamespaceHandler, http://www.springframework.org/schema/context=org.springframework.context.config.ContextNamespaceHandler}
- (215 ms) - [DEBUG] 2019-01-15 20:55:31,148 org.springframework.beans.factory.xml.BeanDefinitionParserDelegate - Neither XML &apos;id&apos; nor &apos;name&apos; specified - using generated bean name [org.mybatis.spring.mapper.MapperScannerConfigurer#0]
- (218 ms) - [DEBUG] 2019-01-15 20:55:31,151 org.springframework.beans.factory.xml.XmlBeanDefinitionReader - Loaded 12 bean definitions from location pattern [applicationContext.xml]
- (219 ms) - [DEBUG] 2019-01-15 20:55:31,152 org.springframework.context.support.ClassPathXmlApplicationContext - Bean factory for org.springframework.context.support.ClassPathXmlApplicationContext@3551a94: org.springframework.beans.factory.support.DefaultListableBeanFactory@1cab0bfb: defining beans [org.springframework.context.annotation.internalConfigurationAnnotationProcessor,org.springframework.context.annotation.internalAutowiredAnnotationProcessor,org.springframework.context.annotation.internalRequiredAnnotationProcessor,org.springframework.context.annotation.internalCommonAnnotationProcessor,org.springframework.context.support.PropertySourcesPlaceholderConfigurer#0,dataSource,sqlSessionFactoryBean,org.mybatis.spring.mapper.MapperScannerConfigurer#0,jedisPoolConfig,jedisPool,redisAPI,validationToken]; root of factory hierarchy
- (240 ms) - [DEBUG] 2019-01-15 20:55:31,173 org.springframework.beans.factory.support.DefaultListableBeanFactory - Creating shared instance of singleton bean &apos;org.springframework.context.annotation.internalConfigurationAnnotationProcessor&apos;
- (240 ms) - [DEBUG] 2019-01-15 20:55:31,173 org.springframework.beans.factory.support.DefaultListableBeanFactory - Creating instance of bean &apos;org.springframework.context.annotation.internalConfigurationAnnotationProcessor&apos;
- (253 ms) - [DEBUG] 2019-01-15 20:55:31,186 org.springframework.beans.factory.support.DefaultListableBeanFactory - Eagerly caching bean &apos;org.springframework.context.annotation.internalConfigurationAnnotationProcessor&apos; to allow for resolving potential circular references
- (255 ms) - [DEBUG] 2019-01-15 20:55:31,188 org.springframework.beans.factory.support.DefaultListableBeanFactory - Finished creating instance of bean &apos;org.springframework.context.annotation.internalConfigurationAnnotationProcessor&apos;
- (293 ms) - [DEBUG] 2019-01-15 20:55:31,226 org.springframework.beans.factory.support.DefaultListableBeanFactory - Creating shared instance of singleton bean &apos;org.mybatis.spring.mapper.MapperScannerConfigurer#0&apos;
- (294 ms) - [DEBUG] 2019-01-15 20:55:31,227 org.springframework.beans.factory.support.DefaultListableBeanFactory - Creating instance of bean &apos;org.mybatis.spring.mapper.MapperScannerConfigurer#0&apos;
- (295 ms) - [DEBUG] 2019-01-15 20:55:31,228 org.springframework.beans.factory.support.DefaultListableBeanFactory - Eagerly caching bean &apos;org.mybatis.spring.mapper.MapperScannerConfigurer#0&apos; to allow for resolving potential circular references
- (322 ms) - [DEBUG] 2019-01-15 20:55:31,255 org.springframework.beans.factory.support.DefaultListableBeanFactory - Invoking afterPropertiesSet() on bean with name &apos;org.mybatis.spring.mapper.MapperScannerConfigurer#0&apos;
- (322 ms) - [DEBUG] 2019-01-15 20:55:31,255 org.springframework.beans.factory.support.DefaultListableBeanFactory - Finished creating instance of bean &apos;org.mybatis.spring.mapper.MapperScannerConfigurer#0&apos;
- (325 ms) - [DEBUG] 2019-01-15 20:55:31,258 org.springframework.core.env.StandardEnvironment - Adding [systemProperties] PropertySource with lowest search precedence
- (326 ms) - [DEBUG] 2019-01-15 20:55:31,259 org.springframework.core.env.StandardEnvironment - Adding [systemEnvironment] PropertySource with lowest search precedence
- (326 ms) - [DEBUG] 2019-01-15 20:55:31,259 org.springframework.core.env.StandardEnvironment - Initialized StandardEnvironment with PropertySources [systemProperties,systemEnvironment]
- (330 ms) - [DEBUG] 2019-01-15 20:55:31,263 org.springframework.core.io.support.PathMatchingResourcePatternResolver - Looking for matching resources in directory tree [E:\ideaXM\itrip\itrip-dao\target\test-classes\cn\itrip\dao]
- (330 ms) - [DEBUG] 2019-01-15 20:55:31,263 org.springframework.core.io.support.PathMatchingResourcePatternResolver - Searching directory [E:\ideaXM\itrip\itrip-dao\target\test-classes\cn\itrip\dao] for files matching pattern [E:/ideaXM/itrip/itrip-dao/target/test-classes/cn/itrip/dao/**/*.class]
- (332 ms) - [DEBUG] 2019-01-15 20:55:31,265 org.springframework.core.io.support.PathMatchingResourcePatternResolver - Searching directory [E:\ideaXM\itrip\itrip-dao\target\test-classes\cn\itrip\dao\user] for files matching pattern [E:/ideaXM/itrip/itrip-dao/target/test-classes/cn/itrip/dao/**/*.class]
- (334 ms) - [DEBUG] 2019-01-15 20:55:31,267 org.springframework.core.io.support.PathMatchingResourcePatternResolver - Looking for matching resources in directory tree [E:\ideaXM\itrip\itrip-dao\target\classes\cn\itrip\dao]
- (334 ms) - [DEBUG] 2019-01-15 20:55:31,267 org.springframework.core.io.support.PathMatchingResourcePatternResolver - Searching directory [E:\ideaXM\itrip\itrip-dao\target\classes\cn\itrip\dao] for files matching pattern [E:/ideaXM/itrip/itrip-dao/target/classes/cn/itrip/dao/**/*.class]
- (335 ms) - [DEBUG] 2019-01-15 20:55:31,268 org.springframework.core.io.support.PathMatchingResourcePatternResolver - Searching directory [E:\ideaXM\itrip\itrip-dao\target\classes\cn\itrip\dao\area] for files matching pattern [E:/ideaXM/itrip/itrip-dao/target/classes/cn/itrip/dao/**/*.class]
- (336 ms) - [DEBUG] 2019-01-15 20:55:31,269 org.springframework.core.io.support.PathMatchingResourcePatternResolver - Searching directory [E:\ideaXM\itrip\itrip-dao\target\classes\cn\itrip\dao\areadic] for files matching pattern [E:/ideaXM/itrip/itrip-dao/target/classes/cn/itrip/dao/**/*.class]
- (337 ms) - [DEBUG] 2019-01-15 20:55:31,270 org.springframework.core.io.support.PathMatchingResourcePatternResolver - Searching directory [E:\ideaXM\itrip\itrip-dao\target\classes\cn\itrip\dao\comment] for files matching pattern [E:/ideaXM/itrip/itrip-dao/target/classes/cn/itrip/dao/**/*.class]
- (338 ms) - [DEBUG] 2019-01-15 20:55:31,271 org.springframework.core.io.support.PathMatchingResourcePatternResolver - Searching directory [E:\ideaXM\itrip\itrip-dao\target\classes\cn\itrip\dao\hotel] for files matching pattern [E:/ideaXM/itrip/itrip-dao/target/classes/cn/itrip/dao/**/*.class]
- (339 ms) - [DEBUG] 2019-01-15 20:55:31,272 org.springframework.core.io.support.PathMatchingResourcePatternResolver - Searching directory [E:\ideaXM\itrip\itrip-dao\target\classes\cn\itrip\dao\hotelorder] for files matching pattern [E:/ideaXM/itrip/itrip-dao/target/classes/cn/itrip/dao/**/*.class]
- (340 ms) - [DEBUG] 2019-01-15 20:55:31,273 org.springframework.core.io.support.PathMatchingResourcePatternResolver - Searching directory [E:\ideaXM\itrip\itrip-dao\target\classes\cn\itrip\dao\hotelroom] for files matching pattern [E:/ideaXM/itrip/itrip-dao/target/classes/cn/itrip/dao/**/*.class]
- (341 ms) - [DEBUG] 2019-01-15 20:55:31,274 org.springframework.core.io.support.PathMatchingResourcePatternResolver - Searching directory [E:\ideaXM\itrip\itrip-dao\target\classes\cn\itrip\dao\image] for files matching pattern [E:/ideaXM/itrip/itrip-dao/target/classes/cn/itrip/dao/**/*.class]
- (342 ms) - [DEBUG] 2019-01-15 20:55:31,275 org.springframework.core.io.support.PathMatchingResourcePatternResolver - Searching directory [E:\ideaXM\itrip\itrip-dao\target\classes\cn\itrip\dao\label] for files matching pattern [E:/ideaXM/itrip/itrip-dao/target/classes/cn/itrip/dao/**/*.class]
- (342 ms) - [DEBUG] 2019-01-15 20:55:31,275 org.springframework.core.io.support.PathMatchingResourcePatternResolver - Searching directory [E:\ideaXM\itrip\itrip-dao\target\classes\cn\itrip\dao\labeldic] for files matching pattern [E:/ideaXM/itrip/itrip-dao/target/classes/cn/itrip/dao/**/*.class]
- (343 ms) - [DEBUG] 2019-01-15 20:55:31,276 org.springframework.core.io.support.PathMatchingResourcePatternResolver - Searching directory [E:\ideaXM\itrip\itrip-dao\target\classes\cn\itrip\dao\user] for files matching pattern [E:/ideaXM/itrip/itrip-dao/target/classes/cn/itrip/dao/**/*.class]
- (344 ms) - [DEBUG] 2019-01-15 20:55:31,277 org.springframework.core.io.support.PathMatchingResourcePatternResolver - Searching directory [E:\ideaXM\itrip\itrip-dao\target\classes\cn\itrip\dao\userlinkuser] for files matching pattern [E:/ideaXM/itrip/itrip-dao/target/classes/cn/itrip/dao/**/*.class]
- (346 ms) - [DEBUG] 2019-01-15 20:55:31,279 org.springframework.core.io.support.PathMatchingResourcePatternResolver - Resolved location pattern [classpath*:cn/itrip/dao/**/*.class] to resources [file [E:\ideaXM\itrip\itrip-dao\target\test-classes\cn\itrip\dao\user\TestItripUserMapper.class], file [E:\ideaXM\itrip\itrip-dao\target\classes\cn\itrip\dao\area\ItripHotMapper.class], file [E:\ideaXM\itrip\itrip-dao\target\classes\cn\itrip\dao\areadic\ItripAreaDicMapper.class], file [E:\ideaXM\itrip\itrip-dao\target\classes\cn\itrip\dao\comment\ItripCommentMapper.class], file [E:\ideaXM\itrip\itrip-dao\target\classes\cn\itrip\dao\hotel\ItripHotelMapper.class], file [E:\ideaXM\itrip\itrip-dao\target\classes\cn\itrip\dao\hotelorder\ItripHotelOrderMapper.class], file [E:\ideaXM\itrip\itrip-dao\target\classes\cn\itrip\dao\hotelroom\HotelroomMapper.class], file [E:\ideaXM\itrip\itrip-dao\target\classes\cn\itrip\dao\image\ItripImageMapper.class], file [E:\ideaXM\itrip\itrip-dao\target\classes\cn\itrip\dao\label\ItripLabelMapper.class], file [E:\ideaXM\itrip\itrip-dao\target\classes\cn\itrip\dao\labeldic\ItripLabelDicMapper.class], file [E:\ideaXM\itrip\itrip-dao\target\classes\cn\itrip\dao\user\ItripUserMapper.class], file [E:\ideaXM\itrip\itrip-dao\target\classes\cn\itrip\dao\userlinkuser\ItripUserLinkUserMapper.class]]
- (349 ms) - [DEBUG] 2019-01-15 20:55:31,282 org.mybatis.spring.mapper.ClassPathMapperScanner - Ignored because not a concrete top-level class: file [E:\ideaXM\itrip\itrip-dao\target\test-classes\cn\itrip\dao\user\TestItripUserMapper.class]
- (351 ms) - [DEBUG] 2019-01-15 20:55:31,284 org.mybatis.spring.mapper.ClassPathMapperScanner - Identified candidate component class: file [E:\ideaXM\itrip\itrip-dao\target\classes\cn\itrip\dao\area\ItripHotMapper.class]
- (352 ms) - [DEBUG] 2019-01-15 20:55:31,285 org.mybatis.spring.mapper.ClassPathMapperScanner - Identified candidate component class: file [E:\ideaXM\itrip\itrip-dao\target\classes\cn\itrip\dao\areadic\ItripAreaDicMapper.class]
- (352 ms) - [DEBUG] 2019-01-15 20:55:31,285 org.mybatis.spring.mapper.ClassPathMapperScanner - Identified candidate component class: file [E:\ideaXM\itrip\itrip-dao\target\classes\cn\itrip\dao\comment\ItripCommentMapper.class]
- (353 ms) - [DEBUG] 2019-01-15 20:55:31,286 org.mybatis.spring.mapper.ClassPathMapperScanner - Identified candidate component class: file [E:\ideaXM\itrip\itrip-dao\target\classes\cn\itrip\dao\hotel\ItripHotelMapper.class]
- (354 ms) - [DEBUG] 2019-01-15 20:55:31,287 org.mybatis.spring.mapper.ClassPathMapperScanner - Identified candidate component class: file [E:\ideaXM\itrip\itrip-dao\target\classes\cn\itrip\dao\hotelorder\ItripHotelOrderMapper.class]
- (355 ms) - [DEBUG] 2019-01-15 20:55:31,288 org.mybatis.spring.mapper.ClassPathMapperScanner - Identified candidate component class: file [E:\ideaXM\itrip\itrip-dao\target\classes\cn\itrip\dao\hotelroom\HotelroomMapper.class]
- (355 ms) - [DEBUG] 2019-01-15 20:55:31,288 org.mybatis.spring.mapper.ClassPathMapperScanner - Identified candidate component class: file [E:\ideaXM\itrip\itrip-dao\target\classes\cn\itrip\dao\image\ItripImageMapper.class]
- (356 ms) - [DEBUG] 2019-01-15 20:55:31,289 org.mybatis.spring.mapper.ClassPathMapperScanner - Identified candidate component class: file [E:\ideaXM\itrip\itrip-dao\target\classes\cn\itrip\dao\label\ItripLabelMapper.class]
- (357 ms) - [DEBUG] 2019-01-15 20:55:31,290 org.mybatis.spring.mapper.ClassPathMapperScanner - Identified candidate component class: file [E:\ideaXM\itrip\itrip-dao\target\classes\cn\itrip\dao\labeldic\ItripLabelDicMapper.class]
- (358 ms) - [DEBUG] 2019-01-15 20:55:31,291 org.mybatis.spring.mapper.ClassPathMapperScanner - Identified candidate component class: file [E:\ideaXM\itrip\itrip-dao\target\classes\cn\itrip\dao\user\ItripUserMapper.class]
- (359 ms) - [DEBUG] 2019-01-15 20:55:31,292 org.mybatis.spring.mapper.ClassPathMapperScanner - Identified candidate component class: file [E:\ideaXM\itrip\itrip-dao\target\classes\cn\itrip\dao\userlinkuser\ItripUserLinkUserMapper.class]
- (362 ms) - [DEBUG] 2019-01-15 20:55:31,295 org.mybatis.spring.mapper.ClassPathMapperScanner - Creating MapperFactoryBean with name &apos;itripHotMapper&apos; and &apos;cn.itrip.dao.area.ItripHotMapper&apos; mapperInterface
- (364 ms) - [DEBUG] 2019-01-15 20:55:31,297 org.mybatis.spring.mapper.ClassPathMapperScanner - Enabling autowire by type for MapperFactoryBean with name &apos;itripHotMapper&apos;.
- (364 ms) - [DEBUG] 2019-01-15 20:55:31,297 org.mybatis.spring.mapper.ClassPathMapperScanner - Creating MapperFactoryBean with name &apos;itripAreaDicMapper&apos; and &apos;cn.itrip.dao.areadic.ItripAreaDicMapper&apos; mapperInterface
- (365 ms) - [DEBUG] 2019-01-15 20:55:31,298 org.mybatis.spring.mapper.ClassPathMapperScanner - Enabling autowire by type for MapperFactoryBean with name &apos;itripAreaDicMapper&apos;.
- (368 ms) - [DEBUG] 2019-01-15 20:55:31,301 org.mybatis.spring.mapper.ClassPathMapperScanner - Creating MapperFactoryBean with name &apos;itripCommentMapper&apos; and &apos;cn.itrip.dao.comment.ItripCommentMapper&apos; mapperInterface
- (368 ms) - [DEBUG] 2019-01-15 20:55:31,301 org.mybatis.spring.mapper.ClassPathMapperScanner - Enabling autowire by type for MapperFactoryBean with name &apos;itripCommentMapper&apos;.
- (368 ms) - [DEBUG] 2019-01-15 20:55:31,301 org.mybatis.spring.mapper.ClassPathMapperScanner - Creating MapperFactoryBean with name &apos;itripHotelMapper&apos; and &apos;cn.itrip.dao.hotel.ItripHotelMapper&apos; mapperInterface
- (368 ms) - [DEBUG] 2019-01-15 20:55:31,301 org.mybatis.spring.mapper.ClassPathMapperScanner - Enabling autowire by type for MapperFactoryBean with name &apos;itripHotelMapper&apos;.
- (369 ms) - [DEBUG] 2019-01-15 20:55:31,302 org.mybatis.spring.mapper.ClassPathMapperScanner - Creating MapperFactoryBean with name &apos;itripHotelOrderMapper&apos; and &apos;cn.itrip.dao.hotelorder.ItripHotelOrderMapper&apos; mapperInterface
- (369 ms) - [DEBUG] 2019-01-15 20:55:31,302 org.mybatis.spring.mapper.ClassPathMapperScanner - Enabling autowire by type for MapperFactoryBean with name &apos;itripHotelOrderMapper&apos;.
- (369 ms) - [DEBUG] 2019-01-15 20:55:31,302 org.mybatis.spring.mapper.ClassPathMapperScanner - Creating MapperFactoryBean with name &apos;hotelroomMapper&apos; and &apos;cn.itrip.dao.hotelroom.HotelroomMapper&apos; mapperInterface
- (369 ms) - [DEBUG] 2019-01-15 20:55:31,302 org.mybatis.spring.mapper.ClassPathMapperScanner - Enabling autowire by type for MapperFactoryBean with name &apos;hotelroomMapper&apos;.
- (369 ms) - [DEBUG] 2019-01-15 20:55:31,302 org.mybatis.spring.mapper.ClassPathMapperScanner - Creating MapperFactoryBean with name &apos;itripImageMapper&apos; and &apos;cn.itrip.dao.image.ItripImageMapper&apos; mapperInterface
- (370 ms) - [DEBUG] 2019-01-15 20:55:31,303 org.mybatis.spring.mapper.ClassPathMapperScanner - Enabling autowire by type for MapperFactoryBean with name &apos;itripImageMapper&apos;.
- (370 ms) - [DEBUG] 2019-01-15 20:55:31,303 org.mybatis.spring.mapper.ClassPathMapperScanner - Creating MapperFactoryBean with name &apos;itripLabelMapper&apos; and &apos;cn.itrip.dao.label.ItripLabelMapper&apos; mapperInterface
- (370 ms) - [DEBUG] 2019-01-15 20:55:31,303 org.mybatis.spring.mapper.ClassPathMapperScanner - Enabling autowire by type for MapperFactoryBean with name &apos;itripLabelMapper&apos;.
- (370 ms) - [DEBUG] 2019-01-15 20:55:31,303 org.mybatis.spring.mapper.ClassPathMapperScanner - Creating MapperFactoryBean with name &apos;itripLabelDicMapper&apos; and &apos;cn.itrip.dao.labeldic.ItripLabelDicMapper&apos; mapperInterface
- (370 ms) - [DEBUG] 2019-01-15 20:55:31,303 org.mybatis.spring.mapper.ClassPathMapperScanner - Enabling autowire by type for MapperFactoryBean with name &apos;itripLabelDicMapper&apos;.
- (371 ms) - [DEBUG] 2019-01-15 20:55:31,304 org.mybatis.spring.mapper.ClassPathMapperScanner - Creating MapperFactoryBean with name &apos;itripUserMapper&apos; and &apos;cn.itrip.dao.user.ItripUserMapper&apos; mapperInterface
- (371 ms) - [DEBUG] 2019-01-15 20:55:31,304 org.mybatis.spring.mapper.ClassPathMapperScanner - Enabling autowire by type for MapperFactoryBean with name &apos;itripUserMapper&apos;.
- (371 ms) - [DEBUG] 2019-01-15 20:55:31,304 org.mybatis.spring.mapper.ClassPathMapperScanner - Creating MapperFactoryBean with name &apos;itripUserLinkUserMapper&apos; and &apos;cn.itrip.dao.userlinkuser.ItripUserLinkUserMapper&apos; mapperInterface
- (371 ms) - [DEBUG] 2019-01-15 20:55:31,304 org.mybatis.spring.mapper.ClassPathMapperScanner - Enabling autowire by type for MapperFactoryBean with name &apos;itripUserLinkUserMapper&apos;.
- (374 ms) - [DEBUG] 2019-01-15 20:55:31,307 org.springframework.beans.factory.support.DefaultListableBeanFactory - Creating shared instance of singleton bean &apos;org.springframework.context.support.PropertySourcesPlaceholderConfigurer#0&apos;
- (374 ms) - [DEBUG] 2019-01-15 20:55:31,307 org.springframework.beans.factory.support.DefaultListableBeanFactory - Creating instance of bean &apos;org.springframework.context.support.PropertySourcesPlaceholderConfigurer#0&apos;
- (375 ms) - [DEBUG] 2019-01-15 20:55:31,308 org.springframework.beans.factory.support.DefaultListableBeanFactory - Eagerly caching bean &apos;org.springframework.context.support.PropertySourcesPlaceholderConfigurer#0&apos; to allow for resolving potential circular references
- (384 ms) - [DEBUG] 2019-01-15 20:55:31,317 org.springframework.beans.factory.support.DefaultListableBeanFactory - Finished creating instance of bean &apos;org.springframework.context.support.PropertySourcesPlaceholderConfigurer#0&apos;
- (384 ms) - [DEBUG] 2019-01-15 20:55:31,317 org.springframework.core.env.MutablePropertySources - Adding [environmentProperties] PropertySource with lowest search precedence
- (385 ms) - [INFO] 2019-01-15 20:55:31,318 org.springframework.context.support.PropertySourcesPlaceholderConfigurer - Loading properties file from class path resource [database.properties]
- (386 ms) - [DEBUG] 2019-01-15 20:55:31,319 org.springframework.core.env.MutablePropertySources - Adding [localProperties] PropertySource with lowest search precedence
- (388 ms) - [DEBUG] 2019-01-15 20:55:31,321 org.springframework.core.env.PropertySourcesPropertyResolver - Searching for key &apos;mysql.driver&apos; in [environmentProperties]
- (388 ms) - [DEBUG] 2019-01-15 20:55:31,321 org.springframework.core.env.PropertySourcesPropertyResolver - Searching for key &apos;mysql.driver&apos; in [systemProperties]
- (389 ms) - [DEBUG] 2019-01-15 20:55:31,322 org.springframework.core.env.PropertySourcesPropertyResolver - Searching for key &apos;mysql.driver&apos; in [systemEnvironment]
- (389 ms) - [DEBUG] 2019-01-15 20:55:31,322 org.springframework.core.env.PropertySourcesPropertyResolver - Could not find key &apos;mysql.driver&apos; in any property source. Returning [null]
- (389 ms) - [DEBUG] 2019-01-15 20:55:31,322 org.springframework.core.env.PropertySourcesPropertyResolver - Searching for key &apos;mysql.driver&apos; in [localProperties]
- (390 ms) - [DEBUG] 2019-01-15 20:55:31,323 org.springframework.core.env.PropertySourcesPropertyResolver - Found key &apos;mysql.driver&apos; in [localProperties] with type [String] and value &apos;com.mysql.jdbc.Driver&apos;
- (392 ms) - [DEBUG] 2019-01-15 20:55:31,325 org.springframework.core.env.PropertySourcesPropertyResolver - Searching for key &apos;mysql.url&apos; in [environmentProperties]
- (392 ms) - [DEBUG] 2019-01-15 20:55:31,325 org.springframework.core.env.PropertySourcesPropertyResolver - Searching for key &apos;mysql.url&apos; in [systemProperties]
- (392 ms) - [DEBUG] 2019-01-15 20:55:31,325 org.springframework.core.env.PropertySourcesPropertyResolver - Searching for key &apos;mysql.url&apos; in [systemEnvironment]
- (393 ms) - [DEBUG] 2019-01-15 20:55:31,326 org.springframework.core.env.PropertySourcesPropertyResolver - Could not find key &apos;mysql.url&apos; in any property source. Returning [null]
- (393 ms) - [DEBUG] 2019-01-15 20:55:31,326 org.springframework.core.env.PropertySourcesPropertyResolver - Searching for key &apos;mysql.url&apos; in [localProperties]
- (393 ms) - [DEBUG] 2019-01-15 20:55:31,326 org.springframework.core.env.PropertySourcesPropertyResolver - Found key &apos;mysql.url&apos; in [localProperties] with type [String] and value &apos;jdbc:mysql://127.0.0.1:3306/itripdb?useUnicode=true&amp;characterEncoding=utf-8&apos;
- (393 ms) - [DEBUG] 2019-01-15 20:55:31,326 org.springframework.core.env.PropertySourcesPropertyResolver - Searching for key &apos;mysql.user&apos; in [environmentProperties]
- (394 ms) - [DEBUG] 2019-01-15 20:55:31,327 org.springframework.core.env.PropertySourcesPropertyResolver - Searching for key &apos;mysql.user&apos; in [systemProperties]
- (394 ms) - [DEBUG] 2019-01-15 20:55:31,327 org.springframework.core.env.PropertySourcesPropertyResolver - Searching for key &apos;mysql.user&apos; in [systemEnvironment]
- (394 ms) - [DEBUG] 2019-01-15 20:55:31,327 org.springframework.core.env.PropertySourcesPropertyResolver - Could not find key &apos;mysql.user&apos; in any property source. Returning [null]
- (395 ms) - [DEBUG] 2019-01-15 20:55:31,328 org.springframework.core.env.PropertySourcesPropertyResolver - Searching for key &apos;mysql.user&apos; in [localProperties]
- (395 ms) - [DEBUG] 2019-01-15 20:55:31,328 org.springframework.core.env.PropertySourcesPropertyResolver - Found key &apos;mysql.user&apos; in [localProperties] with type [String] and value &apos;itrip&apos;
- (396 ms) - [DEBUG] 2019-01-15 20:55:31,329 org.springframework.core.env.PropertySourcesPropertyResolver - Searching for key &apos;mysql.password&apos; in [environmentProperties]
- (396 ms) - [DEBUG] 2019-01-15 20:55:31,329 org.springframework.core.env.PropertySourcesPropertyResolver - Searching for key &apos;mysql.password&apos; in [systemProperties]
- (396 ms) - [DEBUG] 2019-01-15 20:55:31,329 org.springframework.core.env.PropertySourcesPropertyResolver - Searching for key &apos;mysql.password&apos; in [systemEnvironment]
- (397 ms) - [DEBUG] 2019-01-15 20:55:31,330 org.springframework.core.env.PropertySourcesPropertyResolver - Could not find key &apos;mysql.password&apos; in any property source. Returning [null]
- (397 ms) - [DEBUG] 2019-01-15 20:55:31,330 org.springframework.core.env.PropertySourcesPropertyResolver - Searching for key &apos;mysql.password&apos; in [localProperties]
- (398 ms) - [DEBUG] 2019-01-15 20:55:31,331 org.springframework.core.env.PropertySourcesPropertyResolver - Found key &apos;mysql.password&apos; in [localProperties] with type [String] and value &apos;itripqaz!@#$QAZXXX&apos;
- (398 ms) - [DEBUG] 2019-01-15 20:55:31,331 org.springframework.core.env.PropertySourcesPropertyResolver - Searching for key &apos;mysql.initialSize&apos; in [environmentProperties]
- (398 ms) - [DEBUG] 2019-01-15 20:55:31,331 org.springframework.core.env.PropertySourcesPropertyResolver - Searching for key &apos;mysql.initialSize&apos; in [systemProperties]
- (399 ms) - [DEBUG] 2019-01-15 20:55:31,332 org.springframework.core.env.PropertySourcesPropertyResolver - Searching for key &apos;mysql.initialSize&apos; in [systemEnvironment]
- (399 ms) - [DEBUG] 2019-01-15 20:55:31,332 org.springframework.core.env.PropertySourcesPropertyResolver - Could not find key &apos;mysql.initialSize&apos; in any property source. Returning [null]
- (399 ms) - [DEBUG] 2019-01-15 20:55:31,332 org.springframework.core.env.PropertySourcesPropertyResolver - Searching for key &apos;mysql.initialSize&apos; in [localProperties]
- (399 ms) - [DEBUG] 2019-01-15 20:55:31,332 org.springframework.core.env.PropertySourcesPropertyResolver - Found key &apos;mysql.initialSize&apos; in [localProperties] with type [String] and value &apos;5&apos;
- (400 ms) - [DEBUG] 2019-01-15 20:55:31,333 org.springframework.core.env.PropertySourcesPropertyResolver - Searching for key &apos;mysql.maxActive&apos; in [environmentProperties]
- (400 ms) - [DEBUG] 2019-01-15 20:55:31,333 org.springframework.core.env.PropertySourcesPropertyResolver - Searching for key &apos;mysql.maxActive&apos; in [systemProperties]
- (400 ms) - [DEBUG] 2019-01-15 20:55:31,333 org.springframework.core.env.PropertySourcesPropertyResolver - Searching for key &apos;mysql.maxActive&apos; in [systemEnvironment]
- (401 ms) - [DEBUG] 2019-01-15 20:55:31,334 org.springframework.core.env.PropertySourcesPropertyResolver - Could not find key &apos;mysql.maxActive&apos; in any property source. Returning [null]
- (401 ms) - [DEBUG] 2019-01-15 20:55:31,334 org.springframework.core.env.PropertySourcesPropertyResolver - Searching for key &apos;mysql.maxActive&apos; in [localProperties]
- (401 ms) - [DEBUG] 2019-01-15 20:55:31,334 org.springframework.core.env.PropertySourcesPropertyResolver - Found key &apos;mysql.maxActive&apos; in [localProperties] with type [String] and value &apos;100&apos;
- (402 ms) - [DEBUG] 2019-01-15 20:55:31,335 org.springframework.core.env.PropertySourcesPropertyResolver - Searching for key &apos;mysql.maxIdle&apos; in [environmentProperties]
- (402 ms) - [DEBUG] 2019-01-15 20:55:31,335 org.springframework.core.env.PropertySourcesPropertyResolver - Searching for key &apos;mysql.maxIdle&apos; in [systemProperties]
- (402 ms) - [DEBUG] 2019-01-15 20:55:31,335 org.springframework.core.env.PropertySourcesPropertyResolver - Searching for key &apos;mysql.maxIdle&apos; in [systemEnvironment]
- (403 ms) - [DEBUG] 2019-01-15 20:55:31,336 org.springframework.core.env.PropertySourcesPropertyResolver - Could not find key &apos;mysql.maxIdle&apos; in any property source. Returning [null]
- (403 ms) - [DEBUG] 2019-01-15 20:55:31,336 org.springframework.core.env.PropertySourcesPropertyResolver - Searching for key &apos;mysql.maxIdle&apos; in [localProperties]
- (403 ms) - [DEBUG] 2019-01-15 20:55:31,336 org.springframework.core.env.PropertySourcesPropertyResolver - Found key &apos;mysql.maxIdle&apos; in [localProperties] with type [String] and value &apos;50&apos;
- (404 ms) - [DEBUG] 2019-01-15 20:55:31,337 org.springframework.core.env.PropertySourcesPropertyResolver - Searching for key &apos;mysql.minIdle&apos; in [environmentProperties]
- (404 ms) - [DEBUG] 2019-01-15 20:55:31,337 org.springframework.core.env.PropertySourcesPropertyResolver - Searching for key &apos;mysql.minIdle&apos; in [systemProperties]
- (404 ms) - [DEBUG] 2019-01-15 20:55:31,337 org.springframework.core.env.PropertySourcesPropertyResolver - Searching for key &apos;mysql.minIdle&apos; in [systemEnvironment]
- (405 ms) - [DEBUG] 2019-01-15 20:55:31,338 org.springframework.core.env.PropertySourcesPropertyResolver - Could not find key &apos;mysql.minIdle&apos; in any property source. Returning [null]
- (405 ms) - [DEBUG] 2019-01-15 20:55:31,338 org.springframework.core.env.PropertySourcesPropertyResolver - Searching for key &apos;mysql.minIdle&apos; in [localProperties]
- (405 ms) - [DEBUG] 2019-01-15 20:55:31,338 org.springframework.core.env.PropertySourcesPropertyResolver - Found key &apos;mysql.minIdle&apos; in [localProperties] with type [String] and value &apos;45&apos;
- (406 ms) - [DEBUG] 2019-01-15 20:55:31,339 org.springframework.core.env.PropertySourcesPropertyResolver - Searching for key &apos;mysql.maxWait&apos; in [environmentProperties]
- (406 ms) - [DEBUG] 2019-01-15 20:55:31,339 org.springframework.core.env.PropertySourcesPropertyResolver - Searching for key &apos;mysql.maxWait&apos; in [systemProperties]
- (407 ms) - [DEBUG] 2019-01-15 20:55:31,340 org.springframework.core.env.PropertySourcesPropertyResolver - Searching for key &apos;mysql.maxWait&apos; in [systemEnvironment]
- (407 ms) - [DEBUG] 2019-01-15 20:55:31,340 org.springframework.core.env.PropertySourcesPropertyResolver - Could not find key &apos;mysql.maxWait&apos; in any property source. Returning [null]
- (408 ms) - [DEBUG] 2019-01-15 20:55:31,341 org.springframework.core.env.PropertySourcesPropertyResolver - Searching for key &apos;mysql.maxWait&apos; in [localProperties]
- (408 ms) - [DEBUG] 2019-01-15 20:55:31,341 org.springframework.core.env.PropertySourcesPropertyResolver - Found key &apos;mysql.maxWait&apos; in [localProperties] with type [String] and value &apos;100&apos;
- (408 ms) - [DEBUG] 2019-01-15 20:55:31,341 org.springframework.core.env.PropertySourcesPropertyResolver - Searching for key &apos;mysql.removeAbandoned&apos; in [environmentProperties]
- (409 ms) - [DEBUG] 2019-01-15 20:55:31,342 org.springframework.core.env.PropertySourcesPropertyResolver - Searching for key &apos;mysql.removeAbandoned&apos; in [systemProperties]
- (409 ms) - [DEBUG] 2019-01-15 20:55:31,342 org.springframework.core.env.PropertySourcesPropertyResolver - Searching for key &apos;mysql.removeAbandoned&apos; in [systemEnvironment]
- (409 ms) - [DEBUG] 2019-01-15 20:55:31,342 org.springframework.core.env.PropertySourcesPropertyResolver - Could not find key &apos;mysql.removeAbandoned&apos; in any property source. Returning [null]
- (410 ms) - [DEBUG] 2019-01-15 20:55:31,343 org.springframework.core.env.PropertySourcesPropertyResolver - Searching for key &apos;mysql.removeAbandoned&apos; in [localProperties]
- (410 ms) - [DEBUG] 2019-01-15 20:55:31,343 org.springframework.core.env.PropertySourcesPropertyResolver - Found key &apos;mysql.removeAbandoned&apos; in [localProperties] with type [String] and value &apos;true&apos;
- (410 ms) - [DEBUG] 2019-01-15 20:55:31,343 org.springframework.core.env.PropertySourcesPropertyResolver - Searching for key &apos;mysql.removeAbandonedTimeout&apos; in [environmentProperties]
- (411 ms) - [DEBUG] 2019-01-15 20:55:31,344 org.springframework.core.env.PropertySourcesPropertyResolver - Searching for key &apos;mysql.removeAbandonedTimeout&apos; in [systemProperties]
- (411 ms) - [DEBUG] 2019-01-15 20:55:31,344 org.springframework.core.env.PropertySourcesPropertyResolver - Searching for key &apos;mysql.removeAbandonedTimeout&apos; in [systemEnvironment]
- (412 ms) - [DEBUG] 2019-01-15 20:55:31,345 org.springframework.core.env.PropertySourcesPropertyResolver - Could not find key &apos;mysql.removeAbandonedTimeout&apos; in any property source. Returning [null]
- (413 ms) - [DEBUG] 2019-01-15 20:55:31,346 org.springframework.core.env.PropertySourcesPropertyResolver - Searching for key &apos;mysql.removeAbandonedTimeout&apos; in [localProperties]
- (413 ms) - [DEBUG] 2019-01-15 20:55:31,346 org.springframework.core.env.PropertySourcesPropertyResolver - Found key &apos;mysql.removeAbandonedTimeout&apos; in [localProperties] with type [String] and value &apos;180&apos;
- (413 ms) - [DEBUG] 2019-01-15 20:55:31,346 org.springframework.core.env.PropertySourcesPropertyResolver - Searching for key &apos;mysql.maxActive&apos; in [environmentProperties]
- (414 ms) - [DEBUG] 2019-01-15 20:55:31,347 org.springframework.core.env.PropertySourcesPropertyResolver - Searching for key &apos;mysql.maxActive&apos; in [systemProperties]
- (414 ms) - [DEBUG] 2019-01-15 20:55:31,347 org.springframework.core.env.PropertySourcesPropertyResolver - Searching for key &apos;mysql.maxActive&apos; in [systemEnvironment]
- (414 ms) - [DEBUG] 2019-01-15 20:55:31,347 org.springframework.core.env.PropertySourcesPropertyResolver - Could not find key &apos;mysql.maxActive&apos; in any property source. Returning [null]
- (415 ms) - [DEBUG] 2019-01-15 20:55:31,348 org.springframework.core.env.PropertySourcesPropertyResolver - Searching for key &apos;mysql.maxActive&apos; in [localProperties]
- (415 ms) - [DEBUG] 2019-01-15 20:55:31,348 org.springframework.core.env.PropertySourcesPropertyResolver - Found key &apos;mysql.maxActive&apos; in [localProperties] with type [String] and value &apos;100&apos;
- (416 ms) - [DEBUG] 2019-01-15 20:55:31,349 org.springframework.core.env.PropertySourcesPropertyResolver - Searching for key &apos;redis.maxActive&apos; in [environmentProperties]
- (416 ms) - [DEBUG] 2019-01-15 20:55:31,349 org.springframework.core.env.PropertySourcesPropertyResolver - Searching for key &apos;redis.maxActive&apos; in [systemProperties]
- (417 ms) - [DEBUG] 2019-01-15 20:55:31,350 org.springframework.core.env.PropertySourcesPropertyResolver - Searching for key &apos;redis.maxActive&apos; in [systemEnvironment]
- (417 ms) - [DEBUG] 2019-01-15 20:55:31,350 org.springframework.core.env.PropertySourcesPropertyResolver - Could not find key &apos;redis.maxActive&apos; in any property source. Returning [null]
- (418 ms) - [DEBUG] 2019-01-15 20:55:31,351 org.springframework.core.env.PropertySourcesPropertyResolver - Searching for key &apos;redis.maxActive&apos; in [localProperties]
- (420 ms) - [DEBUG] 2019-01-15 20:55:31,353 org.springframework.core.env.PropertySourcesPropertyResolver - Found key &apos;redis.maxActive&apos; in [localProperties] with type [String] and value &apos;300&apos;
- (420 ms) - [DEBUG] 2019-01-15 20:55:31,353 org.springframework.core.env.PropertySourcesPropertyResolver - Searching for key &apos;redis.maxIdle&apos; in [environmentProperties]
- (420 ms) - [DEBUG] 2019-01-15 20:55:31,353 org.springframework.core.env.PropertySourcesPropertyResolver - Searching for key &apos;redis.maxIdle&apos; in [systemProperties]
- (421 ms) - [DEBUG] 2019-01-15 20:55:31,354 org.springframework.core.env.PropertySourcesPropertyResolver - Searching for key &apos;redis.maxIdle&apos; in [systemEnvironment]
- (422 ms) - [DEBUG] 2019-01-15 20:55:31,355 org.springframework.core.env.PropertySourcesPropertyResolver - Could not find key &apos;redis.maxIdle&apos; in any property source. Returning [null]
- (422 ms) - [DEBUG] 2019-01-15 20:55:31,355 org.springframework.core.env.PropertySourcesPropertyResolver - Searching for key &apos;redis.maxIdle&apos; in [localProperties]
- (423 ms) - [DEBUG] 2019-01-15 20:55:31,356 org.springframework.core.env.PropertySourcesPropertyResolver - Found key &apos;redis.maxIdle&apos; in [localProperties] with type [String] and value &apos;100&apos;
- (424 ms) - [DEBUG] 2019-01-15 20:55:31,357 org.springframework.core.env.PropertySourcesPropertyResolver - Searching for key &apos;redis.maxWait&apos; in [environmentProperties]
- (425 ms) - [DEBUG] 2019-01-15 20:55:31,358 org.springframework.core.env.PropertySourcesPropertyResolver - Searching for key &apos;redis.maxWait&apos; in [systemProperties]
- (425 ms) - [DEBUG] 2019-01-15 20:55:31,358 org.springframework.core.env.PropertySourcesPropertyResolver - Searching for key &apos;redis.maxWait&apos; in [systemEnvironment]
- (425 ms) - [DEBUG] 2019-01-15 20:55:31,358 org.springframework.core.env.PropertySourcesPropertyResolver - Could not find key &apos;redis.maxWait&apos; in any property source. Returning [null]
- (426 ms) - [DEBUG] 2019-01-15 20:55:31,359 org.springframework.core.env.PropertySourcesPropertyResolver - Searching for key &apos;redis.maxWait&apos; in [localProperties]
- (426 ms) - [DEBUG] 2019-01-15 20:55:31,359 org.springframework.core.env.PropertySourcesPropertyResolver - Found key &apos;redis.maxWait&apos; in [localProperties] with type [String] and value &apos;1000&apos;
- (427 ms) - [DEBUG] 2019-01-15 20:55:31,360 org.springframework.core.env.PropertySourcesPropertyResolver - Searching for key &apos;redis.host&apos; in [environmentProperties]
- (427 ms) - [DEBUG] 2019-01-15 20:55:31,360 org.springframework.core.env.PropertySourcesPropertyResolver - Searching for key &apos;redis.host&apos; in [systemProperties]
- (428 ms) - [DEBUG] 2019-01-15 20:55:31,361 org.springframework.core.env.PropertySourcesPropertyResolver - Searching for key &apos;redis.host&apos; in [systemEnvironment]
- (428 ms) - [DEBUG] 2019-01-15 20:55:31,361 org.springframework.core.env.PropertySourcesPropertyResolver - Could not find key &apos;redis.host&apos; in any property source. Returning [null]
- (428 ms) - [DEBUG] 2019-01-15 20:55:31,361 org.springframework.core.env.PropertySourcesPropertyResolver - Searching for key &apos;redis.host&apos; in [localProperties]
- (429 ms) - [DEBUG] 2019-01-15 20:55:31,362 org.springframework.core.env.PropertySourcesPropertyResolver - Found key &apos;redis.host&apos; in [localProperties] with type [String] and value &apos;127.0.0.1&apos;
- (429 ms) - [DEBUG] 2019-01-15 20:55:31,362 org.springframework.core.env.PropertySourcesPropertyResolver - Searching for key &apos;redis.port&apos; in [environmentProperties]
- (429 ms) - [DEBUG] 2019-01-15 20:55:31,362 org.springframework.core.env.PropertySourcesPropertyResolver - Searching for key &apos;redis.port&apos; in [systemProperties]
- (429 ms) - [DEBUG] 2019-01-15 20:55:31,362 org.springframework.core.env.PropertySourcesPropertyResolver - Searching for key &apos;redis.port&apos; in [systemEnvironment]
- (430 ms) - [DEBUG] 2019-01-15 20:55:31,363 org.springframework.core.env.PropertySourcesPropertyResolver - Could not find key &apos;redis.port&apos; in any property source. Returning [null]
- (434 ms) - [DEBUG] 2019-01-15 20:55:31,367 org.springframework.core.env.PropertySourcesPropertyResolver - Searching for key &apos;redis.port&apos; in [localProperties]
- (434 ms) - [DEBUG] 2019-01-15 20:55:31,367 org.springframework.core.env.PropertySourcesPropertyResolver - Found key &apos;redis.port&apos; in [localProperties] with type [String] and value &apos;6379&apos;
- (435 ms) - [DEBUG] 2019-01-15 20:55:31,368 org.springframework.core.env.PropertySourcesPropertyResolver - Searching for key &apos;redis.timeout&apos; in [environmentProperties]
- (436 ms) - [DEBUG] 2019-01-15 20:55:31,369 org.springframework.core.env.PropertySourcesPropertyResolver - Searching for key &apos;redis.timeout&apos; in [systemProperties]
- (436 ms) - [DEBUG] 2019-01-15 20:55:31,369 org.springframework.core.env.PropertySourcesPropertyResolver - Searching for key &apos;redis.timeout&apos; in [systemEnvironment]
- (438 ms) - [DEBUG] 2019-01-15 20:55:31,371 org.springframework.core.env.PropertySourcesPropertyResolver - Could not find key &apos;redis.timeout&apos; in any property source. Returning [null]
- (439 ms) - [DEBUG] 2019-01-15 20:55:31,372 org.springframework.core.env.PropertySourcesPropertyResolver - Searching for key &apos;redis.timeout&apos; in [localProperties]
- (440 ms) - [DEBUG] 2019-01-15 20:55:31,373 org.springframework.core.env.PropertySourcesPropertyResolver - Found key &apos;redis.timeout&apos; in [localProperties] with type [String] and value &apos;3000&apos;
- (440 ms) - [DEBUG] 2019-01-15 20:55:31,373 org.springframework.core.env.PropertySourcesPropertyResolver - Searching for key &apos;redis.pass&apos; in [environmentProperties]
- (441 ms) - [DEBUG] 2019-01-15 20:55:31,374 org.springframework.core.env.PropertySourcesPropertyResolver - Searching for key &apos;redis.pass&apos; in [systemProperties]
- (441 ms) - [DEBUG] 2019-01-15 20:55:31,374 org.springframework.core.env.PropertySourcesPropertyResolver - Searching for key &apos;redis.pass&apos; in [systemEnvironment]
- (442 ms) - [DEBUG] 2019-01-15 20:55:31,375 org.springframework.core.env.PropertySourcesPropertyResolver - Could not find key &apos;redis.pass&apos; in any property source. Returning [null]
- (442 ms) - [DEBUG] 2019-01-15 20:55:31,375 org.springframework.core.env.PropertySourcesPropertyResolver - Searching for key &apos;redis.pass&apos; in [localProperties]
- (442 ms) - [DEBUG] 2019-01-15 20:55:31,375 org.springframework.core.env.PropertySourcesPropertyResolver - Found key &apos;redis.pass&apos; in [localProperties] with type [String] and value &apos;redis@WSX!QAZ1234XXX&apos;
- (442 ms) - [DEBUG] 2019-01-15 20:55:31,375 org.springframework.core.env.PropertySourcesPropertyResolver - Searching for key &apos;redis.default.db&apos; in [environmentProperties]
- (443 ms) - [DEBUG] 2019-01-15 20:55:31,376 org.springframework.core.env.PropertySourcesPropertyResolver - Searching for key &apos;redis.default.db&apos; in [systemProperties]
- (443 ms) - [DEBUG] 2019-01-15 20:55:31,376 org.springframework.core.env.PropertySourcesPropertyResolver - Searching for key &apos;redis.default.db&apos; in [systemEnvironment]
- (443 ms) - [DEBUG] 2019-01-15 20:55:31,376 org.springframework.core.env.PropertySourcesPropertyResolver - Could not find key &apos;redis.default.db&apos; in any property source. Returning [null]
- (443 ms) - [DEBUG] 2019-01-15 20:55:31,376 org.springframework.core.env.PropertySourcesPropertyResolver - Searching for key &apos;redis.default.db&apos; in [localProperties]
- (443 ms) - [DEBUG] 2019-01-15 20:55:31,376 org.springframework.core.env.PropertySourcesPropertyResolver - Found key &apos;redis.default.db&apos; in [localProperties] with type [String] and value &apos;0&apos;
- (446 ms) - [DEBUG] 2019-01-15 20:55:31,379 org.springframework.beans.factory.support.DefaultListableBeanFactory - Creating shared instance of singleton bean &apos;org.springframework.context.annotation.internalAutowiredAnnotationProcessor&apos;
- (447 ms) - [DEBUG] 2019-01-15 20:55:31,380 org.springframework.beans.factory.support.DefaultListableBeanFactory - Creating instance of bean &apos;org.springframework.context.annotation.internalAutowiredAnnotationProcessor&apos;
- (448 ms) - [DEBUG] 2019-01-15 20:55:31,381 org.springframework.beans.factory.support.DefaultListableBeanFactory - Eagerly caching bean &apos;org.springframework.context.annotation.internalAutowiredAnnotationProcessor&apos; to allow for resolving potential circular references
- (448 ms) - [DEBUG] 2019-01-15 20:55:31,381 org.springframework.beans.factory.support.DefaultListableBeanFactory - Finished creating instance of bean &apos;org.springframework.context.annotation.internalAutowiredAnnotationProcessor&apos;
- (448 ms) - [DEBUG] 2019-01-15 20:55:31,381 org.springframework.beans.factory.support.DefaultListableBeanFactory - Creating shared instance of singleton bean &apos;org.springframework.context.annotation.internalRequiredAnnotationProcessor&apos;
- (448 ms) - [DEBUG] 2019-01-15 20:55:31,381 org.springframework.beans.factory.support.DefaultListableBeanFactory - Creating instance of bean &apos;org.springframework.context.annotation.internalRequiredAnnotationProcessor&apos;
- (449 ms) - [DEBUG] 2019-01-15 20:55:31,382 org.springframework.beans.factory.support.DefaultListableBeanFactory - Eagerly caching bean &apos;org.springframework.context.annotation.internalRequiredAnnotationProcessor&apos; to allow for resolving potential circular references
- (449 ms) - [DEBUG] 2019-01-15 20:55:31,382 org.springframework.beans.factory.support.DefaultListableBeanFactory - Finished creating instance of bean &apos;org.springframework.context.annotation.internalRequiredAnnotationProcessor&apos;
- (450 ms) - [DEBUG] 2019-01-15 20:55:31,383 org.springframework.beans.factory.support.DefaultListableBeanFactory - Creating shared instance of singleton bean &apos;org.springframework.context.annotation.internalCommonAnnotationProcessor&apos;
- (450 ms) - [DEBUG] 2019-01-15 20:55:31,383 org.springframework.beans.factory.support.DefaultListableBeanFactory - Creating instance of bean &apos;org.springframework.context.annotation.internalCommonAnnotationProcessor&apos;
- (456 ms) - [DEBUG] 2019-01-15 20:55:31,389 org.springframework.beans.factory.support.DefaultListableBeanFactory - Eagerly caching bean &apos;org.springframework.context.annotation.internalCommonAnnotationProcessor&apos; to allow for resolving potential circular references
- (456 ms) - [DEBUG] 2019-01-15 20:55:31,389 org.springframework.beans.factory.support.DefaultListableBeanFactory - Finished creating instance of bean &apos;org.springframework.context.annotation.internalCommonAnnotationProcessor&apos;
- (456 ms) - [DEBUG] 2019-01-15 20:55:31,389 org.springframework.beans.factory.support.DefaultListableBeanFactory - Creating shared instance of singleton bean &apos;org.springframework.context.annotation.ConfigurationClassPostProcessor.importAwareProcessor&apos;
- (456 ms) - [DEBUG] 2019-01-15 20:55:31,389 org.springframework.beans.factory.support.DefaultListableBeanFactory - Creating instance of bean &apos;org.springframework.context.annotation.ConfigurationClassPostProcessor.importAwareProcessor&apos;
- (457 ms) - [DEBUG] 2019-01-15 20:55:31,390 org.springframework.beans.factory.support.DefaultListableBeanFactory - Eagerly caching bean &apos;org.springframework.context.annotation.ConfigurationClassPostProcessor.importAwareProcessor&apos; to allow for resolving potential circular references
- (457 ms) - [DEBUG] 2019-01-15 20:55:31,390 org.springframework.beans.factory.support.DefaultListableBeanFactory - Finished creating instance of bean &apos;org.springframework.context.annotation.ConfigurationClassPostProcessor.importAwareProcessor&apos;
- (457 ms) - [DEBUG] 2019-01-15 20:55:31,390 org.springframework.beans.factory.support.DefaultListableBeanFactory - Creating shared instance of singleton bean &apos;org.springframework.context.annotation.ConfigurationClassPostProcessor.enhancedConfigurationProcessor&apos;
- (457 ms) - [DEBUG] 2019-01-15 20:55:31,390 org.springframework.beans.factory.support.DefaultListableBeanFactory - Creating instance of bean &apos;org.springframework.context.annotation.ConfigurationClassPostProcessor.enhancedConfigurationProcessor&apos;
- (457 ms) - [DEBUG] 2019-01-15 20:55:31,390 org.springframework.beans.factory.support.DefaultListableBeanFactory - Eagerly caching bean &apos;org.springframework.context.annotation.ConfigurationClassPostProcessor.enhancedConfigurationProcessor&apos; to allow for resolving potential circular references
- (458 ms) - [DEBUG] 2019-01-15 20:55:31,391 org.springframework.beans.factory.support.DefaultListableBeanFactory - Finished creating instance of bean &apos;org.springframework.context.annotation.ConfigurationClassPostProcessor.enhancedConfigurationProcessor&apos;
- (460 ms) - [DEBUG] 2019-01-15 20:55:31,393 org.springframework.context.support.ClassPathXmlApplicationContext - Unable to locate MessageSource with name &apos;messageSource&apos;: using default [org.springframework.context.support.DelegatingMessageSource@5ae50ce6]
- (462 ms) - [DEBUG] 2019-01-15 20:55:31,395 org.springframework.context.support.ClassPathXmlApplicationContext - Unable to locate ApplicationEventMulticaster with name &apos;applicationEventMulticaster&apos;: using default [org.springframework.context.event.SimpleApplicationEventMulticaster@3c419631]
- (466 ms) - [DEBUG] 2019-01-15 20:55:31,399 org.springframework.beans.factory.support.DefaultListableBeanFactory - Pre-instantiating singletons in org.springframework.beans.factory.support.DefaultListableBeanFactory@1cab0bfb: defining beans [org.springframework.context.annotation.internalConfigurationAnnotationProcessor,org.springframework.context.annotation.internalAutowiredAnnotationProcessor,org.springframework.context.annotation.internalRequiredAnnotationProcessor,org.springframework.context.annotation.internalCommonAnnotationProcessor,org.springframework.context.support.PropertySourcesPlaceholderConfigurer#0,dataSource,sqlSessionFactoryBean,org.mybatis.spring.mapper.MapperScannerConfigurer#0,jedisPoolConfig,jedisPool,redisAPI,validationToken,org.springframework.context.annotation.ConfigurationClassPostProcessor.importAwareProcessor,org.springframework.context.annotation.ConfigurationClassPostProcessor.enhancedConfigurationProcessor,itripHotMapper,itripAreaDicMapper,itripCommentMapper,itripHotelMapper,itripHotelOrderMapper,hotelroomMapper,itripImageMapper,itripLabelMapper,itripLabelDicMapper,itripUserMapper,itripUserLinkUserMapper]; root of factory hierarchy
- (468 ms) - [DEBUG] 2019-01-15 20:55:31,401 org.springframework.beans.factory.support.DefaultListableBeanFactory - Returning cached instance of singleton bean &apos;org.springframework.context.annotation.internalConfigurationAnnotationProcessor&apos;
- (469 ms) - [DEBUG] 2019-01-15 20:55:31,402 org.springframework.beans.factory.support.DefaultListableBeanFactory - Returning cached instance of singleton bean &apos;org.springframework.context.annotation.internalAutowiredAnnotationProcessor&apos;
- (469 ms) - [DEBUG] 2019-01-15 20:55:31,402 org.springframework.beans.factory.support.DefaultListableBeanFactory - Returning cached instance of singleton bean &apos;org.springframework.context.annotation.internalRequiredAnnotationProcessor&apos;
- (469 ms) - [DEBUG] 2019-01-15 20:55:31,402 org.springframework.beans.factory.support.DefaultListableBeanFactory - Returning cached instance of singleton bean &apos;org.springframework.context.annotation.internalCommonAnnotationProcessor&apos;
- (469 ms) - [DEBUG] 2019-01-15 20:55:31,402 org.springframework.beans.factory.support.DefaultListableBeanFactory - Returning cached instance of singleton bean &apos;org.springframework.context.support.PropertySourcesPlaceholderConfigurer#0&apos;
- (470 ms) - [DEBUG] 2019-01-15 20:55:31,403 org.springframework.beans.factory.support.DefaultListableBeanFactory - Creating shared instance of singleton bean &apos;dataSource&apos;
- (470 ms) - [DEBUG] 2019-01-15 20:55:31,403 org.springframework.beans.factory.support.DefaultListableBeanFactory - Creating instance of bean &apos;dataSource&apos;
- (485 ms) - [DEBUG] 2019-01-15 20:55:31,418 org.springframework.beans.factory.support.DefaultListableBeanFactory - Eagerly caching bean &apos;dataSource&apos; to allow for resolving potential circular references
- (504 ms) - [DEBUG] 2019-01-15 20:55:31,437 org.springframework.beans.factory.support.DefaultListableBeanFactory - Finished creating instance of bean &apos;dataSource&apos;
- (505 ms) - [DEBUG] 2019-01-15 20:55:31,438 org.springframework.beans.factory.support.DefaultListableBeanFactory - Creating shared instance of singleton bean &apos;sqlSessionFactoryBean&apos;
- (505 ms) - [DEBUG] 2019-01-15 20:55:31,438 org.springframework.beans.factory.support.DefaultListableBeanFactory - Creating instance of bean &apos;sqlSessionFactoryBean&apos;
- (512 ms) - [DEBUG] 2019-01-15 20:55:31,445 org.apache.ibatis.logging.LogFactory - Logging initialized using &apos;class org.apache.ibatis.logging.slf4j.Slf4jImpl&apos; adapter.
- (515 ms) - [DEBUG] 2019-01-15 20:55:31,448 org.springframework.beans.factory.support.DefaultListableBeanFactory - Eagerly caching bean &apos;sqlSessionFactoryBean&apos; to allow for resolving potential circular references
- (522 ms) - [DEBUG] 2019-01-15 20:55:31,455 org.springframework.beans.factory.support.DefaultListableBeanFactory - Returning cached instance of singleton bean &apos;dataSource&apos;
- (526 ms) - [DEBUG] 2019-01-15 20:55:31,459 org.springframework.beans.factory.support.DefaultListableBeanFactory - Invoking afterPropertiesSet() on bean with name &apos;sqlSessionFactoryBean&apos;
- (586 ms) - [DEBUG] 2019-01-15 20:55:31,519 org.apache.ibatis.io.ResolverUtil - Class not found: org.jboss.vfs.VFS
- (586 ms) - [DEBUG] 2019-01-15 20:55:31,519 org.apache.ibatis.io.ResolverUtil - JBoss 6 VFS API is not available in this environment.
- (586 ms) - [DEBUG] 2019-01-15 20:55:31,519 org.apache.ibatis.io.ResolverUtil - Class not found: org.jboss.vfs.VirtualFile
- (587 ms) - [DEBUG] 2019-01-15 20:55:31,520 org.apache.ibatis.io.ResolverUtil - VFS implementation org.apache.ibatis.io.JBoss6VFS is not valid in this environment.
- (587 ms) - [DEBUG] 2019-01-15 20:55:31,520 org.apache.ibatis.io.ResolverUtil - Using VFS adapter org.apache.ibatis.io.DefaultVFS
- (588 ms) - [DEBUG] 2019-01-15 20:55:31,521 org.apache.ibatis.io.ResolverUtil - Find JAR URL: jar:file:/E:/ideaXM/itrip/itrip-beans/target/itrip-beans-1.0-SNAPSHOT.jar!/cn/itrip/beans/pojo
- (588 ms) - [DEBUG] 2019-01-15 20:55:31,521 org.apache.ibatis.io.ResolverUtil - Inner URL: file:/E:/ideaXM/itrip/itrip-beans/target/itrip-beans-1.0-SNAPSHOT.jar!/cn/itrip/beans/pojo
- (588 ms) - [DEBUG] 2019-01-15 20:55:31,521 org.apache.ibatis.io.ResolverUtil - Extracted JAR URL: file:/E:/ideaXM/itrip/itrip-beans/target/itrip-beans-1.0-SNAPSHOT.jar
- (589 ms) - [DEBUG] 2019-01-15 20:55:31,522 org.apache.ibatis.io.ResolverUtil - Found JAR: file:/E:/ideaXM/itrip/itrip-beans/target/itrip-beans-1.0-SNAPSHOT.jar
- (590 ms) - [DEBUG] 2019-01-15 20:55:31,523 org.apache.ibatis.io.ResolverUtil - Listing jar:file:/E:/ideaXM/itrip/itrip-beans/target/itrip-beans-1.0-SNAPSHOT.jar!/cn/itrip/beans/pojo
- (591 ms) - [DEBUG] 2019-01-15 20:55:31,524 org.apache.ibatis.io.ResolverUtil - Found resource: /cn/itrip/beans/pojo/ItripAreaDic.class
- (592 ms) - [DEBUG] 2019-01-15 20:55:31,525 org.apache.ibatis.io.ResolverUtil - Found resource: /cn/itrip/beans/pojo/ItripComment.class
- (592 ms) - [DEBUG] 2019-01-15 20:55:31,525 org.apache.ibatis.io.ResolverUtil - Found resource: /cn/itrip/beans/pojo/ItripHotel.class
- (592 ms) - [DEBUG] 2019-01-15 20:55:31,525 org.apache.ibatis.io.ResolverUtil - Found resource: /cn/itrip/beans/pojo/ItripHotelExtendProperty.class
- (593 ms) - [DEBUG] 2019-01-15 20:55:31,526 org.apache.ibatis.io.ResolverUtil - Found resource: /cn/itrip/beans/pojo/ItripHotelFeature.class
- (593 ms) - [DEBUG] 2019-01-15 20:55:31,526 org.apache.ibatis.io.ResolverUtil - Found resource: /cn/itrip/beans/pojo/ItripHotelOrder.class
- (593 ms) - [DEBUG] 2019-01-15 20:55:31,526 org.apache.ibatis.io.ResolverUtil - Found resource: /cn/itrip/beans/pojo/ItripHotelRoom.class
- (593 ms) - [DEBUG] 2019-01-15 20:55:31,526 org.apache.ibatis.io.ResolverUtil - Found resource: /cn/itrip/beans/pojo/ItripHotelTempStore.class
- (594 ms) - [DEBUG] 2019-01-15 20:55:31,527 org.apache.ibatis.io.ResolverUtil - Found resource: /cn/itrip/beans/pojo/ItripHotelTradingArea.class
- (594 ms) - [DEBUG] 2019-01-15 20:55:31,527 org.apache.ibatis.io.ResolverUtil - Found resource: /cn/itrip/beans/pojo/ItripImage.class
- (594 ms) - [DEBUG] 2019-01-15 20:55:31,527 org.apache.ibatis.io.ResolverUtil - Found resource: /cn/itrip/beans/pojo/ItripLabelDic.class
- (594 ms) - [DEBUG] 2019-01-15 20:55:31,527 org.apache.ibatis.io.ResolverUtil - Found resource: /cn/itrip/beans/pojo/ItripOrderLinkUser.class
- (594 ms) - [DEBUG] 2019-01-15 20:55:31,527 org.apache.ibatis.io.ResolverUtil - Found resource: /cn/itrip/beans/pojo/ItripProductStore.class
- (595 ms) - [DEBUG] 2019-01-15 20:55:31,528 org.apache.ibatis.io.ResolverUtil - Found resource: /cn/itrip/beans/pojo/ItripTradeEnds.class
- (595 ms) - [DEBUG] 2019-01-15 20:55:31,528 org.apache.ibatis.io.ResolverUtil - Found resource: /cn/itrip/beans/pojo/ItripUser.class
- (595 ms) - [DEBUG] 2019-01-15 20:55:31,528 org.apache.ibatis.io.ResolverUtil - Found resource: /cn/itrip/beans/pojo/ItripUserLinkUser.class
- (596 ms) - [DEBUG] 2019-01-15 20:55:31,529 org.apache.ibatis.io.ResolverUtil - Checking to see if class cn.itrip.beans.pojo.ItripAreaDic matches criteria [is assignable to Object]
- (598 ms) - [DEBUG] 2019-01-15 20:55:31,531 org.apache.ibatis.io.ResolverUtil - Checking to see if class cn.itrip.beans.pojo.ItripComment matches criteria [is assignable to Object]
- (598 ms) - [DEBUG] 2019-01-15 20:55:31,531 org.apache.ibatis.io.ResolverUtil - Checking to see if class cn.itrip.beans.pojo.ItripHotel matches criteria [is assignable to Object]
- (599 ms) - [DEBUG] 2019-01-15 20:55:31,532 org.apache.ibatis.io.ResolverUtil - Checking to see if class cn.itrip.beans.pojo.ItripHotelExtendProperty matches criteria [is assignable to Object]
- (599 ms) - [DEBUG] 2019-01-15 20:55:31,532 org.apache.ibatis.io.ResolverUtil - Checking to see if class cn.itrip.beans.pojo.ItripHotelFeature matches criteria [is assignable to Object]
- (600 ms) - [DEBUG] 2019-01-15 20:55:31,533 org.apache.ibatis.io.ResolverUtil - Checking to see if class cn.itrip.beans.pojo.ItripHotelOrder matches criteria [is assignable to Object]
- (601 ms) - [DEBUG] 2019-01-15 20:55:31,534 org.apache.ibatis.io.ResolverUtil - Checking to see if class cn.itrip.beans.pojo.ItripHotelRoom matches criteria [is assignable to Object]
- (601 ms) - [DEBUG] 2019-01-15 20:55:31,534 org.apache.ibatis.io.ResolverUtil - Checking to see if class cn.itrip.beans.pojo.ItripHotelTempStore matches criteria [is assignable to Object]
- (602 ms) - [DEBUG] 2019-01-15 20:55:31,535 org.apache.ibatis.io.ResolverUtil - Checking to see if class cn.itrip.beans.pojo.ItripHotelTradingArea matches criteria [is assignable to Object]
- (602 ms) - [DEBUG] 2019-01-15 20:55:31,535 org.apache.ibatis.io.ResolverUtil - Checking to see if class cn.itrip.beans.pojo.ItripImage matches criteria [is assignable to Object]
- (602 ms) - [DEBUG] 2019-01-15 20:55:31,535 org.apache.ibatis.io.ResolverUtil - Checking to see if class cn.itrip.beans.pojo.ItripLabelDic matches criteria [is assignable to Object]
- (603 ms) - [DEBUG] 2019-01-15 20:55:31,536 org.apache.ibatis.io.ResolverUtil - Checking to see if class cn.itrip.beans.pojo.ItripOrderLinkUser matches criteria [is assignable to Object]
- (603 ms) - [DEBUG] 2019-01-15 20:55:31,536 org.apache.ibatis.io.ResolverUtil - Checking to see if class cn.itrip.beans.pojo.ItripProductStore matches criteria [is assignable to Object]
- (603 ms) - [DEBUG] 2019-01-15 20:55:31,536 org.apache.ibatis.io.ResolverUtil - Checking to see if class cn.itrip.beans.pojo.ItripTradeEnds matches criteria [is assignable to Object]
- (604 ms) - [DEBUG] 2019-01-15 20:55:31,537 org.apache.ibatis.io.ResolverUtil - Checking to see if class cn.itrip.beans.pojo.ItripUser matches criteria [is assignable to Object]
- (604 ms) - [DEBUG] 2019-01-15 20:55:31,537 org.apache.ibatis.io.ResolverUtil - Checking to see if class cn.itrip.beans.pojo.ItripUserLinkUser matches criteria [is assignable to Object]
- (617 ms) - [DEBUG] 2019-01-15 20:55:31,550 org.mybatis.spring.SqlSessionFactoryBean - Parsed configuration file: &apos;class path resource [mybatis-config.xml]&apos;
- (900 ms) - [DEBUG] 2019-01-15 20:55:31,833 org.mybatis.spring.SqlSessionFactoryBean - Property &apos;mapperLocations&apos; was not specified or no matching resources found
- (901 ms) - [DEBUG] 2019-01-15 20:55:31,834 org.springframework.beans.factory.support.DefaultListableBeanFactory - Finished creating instance of bean &apos;sqlSessionFactoryBean&apos;
- (902 ms) - [DEBUG] 2019-01-15 20:55:31,835 org.springframework.beans.factory.support.DefaultListableBeanFactory - Returning cached instance of singleton bean &apos;org.mybatis.spring.mapper.MapperScannerConfigurer#0&apos;
- (902 ms) - [DEBUG] 2019-01-15 20:55:31,835 org.springframework.beans.factory.support.DefaultListableBeanFactory - Creating shared instance of singleton bean &apos;jedisPoolConfig&apos;
- (902 ms) - [DEBUG] 2019-01-15 20:55:31,835 org.springframework.beans.factory.support.DefaultListableBeanFactory - Creating instance of bean &apos;jedisPoolConfig&apos;
- (903 ms) - [DEBUG] 2019-01-15 20:55:31,836 org.springframework.beans.factory.support.DefaultListableBeanFactory - Eagerly caching bean &apos;jedisPoolConfig&apos; to allow for resolving potential circular references
- (907 ms) - [DEBUG] 2019-01-15 20:55:31,840 org.springframework.beans.factory.support.DefaultListableBeanFactory - Finished creating instance of bean &apos;jedisPoolConfig&apos;
- (907 ms) - [DEBUG] 2019-01-15 20:55:31,840 org.springframework.beans.factory.support.DefaultListableBeanFactory - Creating shared instance of singleton bean &apos;jedisPool&apos;
- (908 ms) - [DEBUG] 2019-01-15 20:55:31,841 org.springframework.beans.factory.support.DefaultListableBeanFactory - Creating instance of bean &apos;jedisPool&apos;
- (912 ms) - [DEBUG] 2019-01-15 20:55:31,845 org.springframework.beans.factory.support.DefaultListableBeanFactory - Returning cached instance of singleton bean &apos;jedisPoolConfig&apos;
- (917 ms) - [DEBUG] 2019-01-15 20:55:31,850 org.springframework.beans.factory.support.DefaultListableBeanFactory - Eagerly caching bean &apos;jedisPool&apos; to allow for resolving potential circular references
- (924 ms) - [DEBUG] 2019-01-15 20:55:31,857 org.springframework.beans.factory.support.DefaultListableBeanFactory - Finished creating instance of bean &apos;jedisPool&apos;
- (924 ms) - [DEBUG] 2019-01-15 20:55:31,857 org.springframework.beans.factory.support.DefaultListableBeanFactory - Creating shared instance of singleton bean &apos;redisAPI&apos;
- (925 ms) - [DEBUG] 2019-01-15 20:55:31,858 org.springframework.beans.factory.support.DefaultListableBeanFactory - Creating instance of bean &apos;redisAPI&apos;
- (925 ms) - [DEBUG] 2019-01-15 20:55:31,858 org.springframework.beans.factory.support.DefaultListableBeanFactory - Eagerly caching bean &apos;redisAPI&apos; to allow for resolving potential circular references
- (928 ms) - [DEBUG] 2019-01-15 20:55:31,861 org.springframework.beans.factory.support.DefaultListableBeanFactory - Returning cached instance of singleton bean &apos;jedisPool&apos;
- (928 ms) - [DEBUG] 2019-01-15 20:55:31,861 org.springframework.beans.factory.support.DefaultListableBeanFactory - Finished creating instance of bean &apos;redisAPI&apos;
- (929 ms) - [DEBUG] 2019-01-15 20:55:31,862 org.springframework.beans.factory.support.DefaultListableBeanFactory - Creating shared instance of singleton bean &apos;validationToken&apos;
- (929 ms) - [DEBUG] 2019-01-15 20:55:31,862 org.springframework.beans.factory.support.DefaultListableBeanFactory - Creating instance of bean &apos;validationToken&apos;
- (931 ms) - [DEBUG] 2019-01-15 20:55:31,864 org.springframework.beans.factory.support.DefaultListableBeanFactory - Eagerly caching bean &apos;validationToken&apos; to allow for resolving potential circular references
- (933 ms) - [DEBUG] 2019-01-15 20:55:31,866 org.springframework.beans.factory.support.DefaultListableBeanFactory - Returning cached instance of singleton bean &apos;redisAPI&apos;
- (935 ms) - [DEBUG] 2019-01-15 20:55:31,868 org.springframework.beans.factory.support.DefaultListableBeanFactory - Finished creating instance of bean &apos;validationToken&apos;
- (935 ms) - [DEBUG] 2019-01-15 20:55:31,868 org.springframework.beans.factory.support.DefaultListableBeanFactory - Returning cached instance of singleton bean &apos;org.springframework.context.annotation.ConfigurationClassPostProcessor.importAwareProcessor&apos;
- (935 ms) - [DEBUG] 2019-01-15 20:55:31,868 org.springframework.beans.factory.support.DefaultListableBeanFactory - Returning cached instance of singleton bean &apos;org.springframework.context.annotation.ConfigurationClassPostProcessor.enhancedConfigurationProcessor&apos;
- (936 ms) - [DEBUG] 2019-01-15 20:55:31,869 org.springframework.beans.factory.support.DefaultListableBeanFactory - Creating shared instance of singleton bean &apos;itripHotMapper&apos;
- (936 ms) - [DEBUG] 2019-01-15 20:55:31,869 org.springframework.beans.factory.support.DefaultListableBeanFactory - Creating instance of bean &apos;itripHotMapper&apos;
- (938 ms) - [DEBUG] 2019-01-15 20:55:31,871 org.springframework.beans.factory.support.DefaultListableBeanFactory - Eagerly caching bean &apos;itripHotMapper&apos; to allow for resolving potential circular references
- (952 ms) - [DEBUG] 2019-01-15 20:55:31,885 org.springframework.beans.factory.support.DefaultListableBeanFactory - Returning eagerly cached instance of singleton bean &apos;itripHotMapper&apos; that is not fully initialized yet - a consequence of a circular reference
- (952 ms) - [DEBUG] 2019-01-15 20:55:31,885 org.springframework.beans.factory.support.DefaultListableBeanFactory - Creating shared instance of singleton bean &apos;itripAreaDicMapper&apos;
- (953 ms) - [DEBUG] 2019-01-15 20:55:31,886 org.springframework.beans.factory.support.DefaultListableBeanFactory - Creating instance of bean &apos;itripAreaDicMapper&apos;
- (953 ms) - [DEBUG] 2019-01-15 20:55:31,886 org.springframework.beans.factory.support.DefaultListableBeanFactory - Eagerly caching bean &apos;itripAreaDicMapper&apos; to allow for resolving potential circular references
- (954 ms) - [DEBUG] 2019-01-15 20:55:31,887 org.springframework.beans.factory.support.DefaultListableBeanFactory - Returning eagerly cached instance of singleton bean &apos;itripAreaDicMapper&apos; that is not fully initialized yet - a consequence of a circular reference
- (954 ms) - [DEBUG] 2019-01-15 20:55:31,887 org.springframework.beans.factory.support.DefaultListableBeanFactory - Creating shared instance of singleton bean &apos;itripCommentMapper&apos;
- (955 ms) - [DEBUG] 2019-01-15 20:55:31,888 org.springframework.beans.factory.support.DefaultListableBeanFactory - Creating instance of bean &apos;itripCommentMapper&apos;
- (963 ms) - [DEBUG] 2019-01-15 20:55:31,896 org.springframework.beans.factory.support.DefaultListableBeanFactory - Eagerly caching bean &apos;itripCommentMapper&apos; to allow for resolving potential circular references
- (966 ms) - [DEBUG] 2019-01-15 20:55:31,899 org.springframework.beans.factory.support.DefaultListableBeanFactory - Returning eagerly cached instance of singleton bean &apos;itripCommentMapper&apos; that is not fully initialized yet - a consequence of a circular reference
- (966 ms) - [DEBUG] 2019-01-15 20:55:31,899 org.springframework.beans.factory.support.DefaultListableBeanFactory - Creating shared instance of singleton bean &apos;itripHotelMapper&apos;
- (967 ms) - [DEBUG] 2019-01-15 20:55:31,900 org.springframework.beans.factory.support.DefaultListableBeanFactory - Creating instance of bean &apos;itripHotelMapper&apos;
- (967 ms) - [DEBUG] 2019-01-15 20:55:31,900 org.springframework.beans.factory.support.DefaultListableBeanFactory - Eagerly caching bean &apos;itripHotelMapper&apos; to allow for resolving potential circular references
- (969 ms) - [DEBUG] 2019-01-15 20:55:31,902 org.springframework.beans.factory.support.DefaultListableBeanFactory - Returning eagerly cached instance of singleton bean &apos;itripHotelMapper&apos; that is not fully initialized yet - a consequence of a circular reference
- (969 ms) - [DEBUG] 2019-01-15 20:55:31,902 org.springframework.beans.factory.support.DefaultListableBeanFactory - Creating shared instance of singleton bean &apos;itripHotelOrderMapper&apos;
- (970 ms) - [DEBUG] 2019-01-15 20:55:31,903 org.springframework.beans.factory.support.DefaultListableBeanFactory - Creating instance of bean &apos;itripHotelOrderMapper&apos;
- (971 ms) - [DEBUG] 2019-01-15 20:55:31,904 org.springframework.beans.factory.support.DefaultListableBeanFactory - Eagerly caching bean &apos;itripHotelOrderMapper&apos; to allow for resolving potential circular references
- (971 ms) - [DEBUG] 2019-01-15 20:55:31,904 org.springframework.beans.factory.support.DefaultListableBeanFactory - Returning eagerly cached instance of singleton bean &apos;itripHotelOrderMapper&apos; that is not fully initialized yet - a consequence of a circular reference
- (972 ms) - [DEBUG] 2019-01-15 20:55:31,905 org.springframework.beans.factory.support.DefaultListableBeanFactory - Creating shared instance of singleton bean &apos;hotelroomMapper&apos;
- (973 ms) - [DEBUG] 2019-01-15 20:55:31,906 org.springframework.beans.factory.support.DefaultListableBeanFactory - Creating instance of bean &apos;hotelroomMapper&apos;
- (973 ms) - [DEBUG] 2019-01-15 20:55:31,906 org.springframework.beans.factory.support.DefaultListableBeanFactory - Eagerly caching bean &apos;hotelroomMapper&apos; to allow for resolving potential circular references
- (973 ms) - [DEBUG] 2019-01-15 20:55:31,906 org.springframework.beans.factory.support.DefaultListableBeanFactory - Returning eagerly cached instance of singleton bean &apos;hotelroomMapper&apos; that is not fully initialized yet - a consequence of a circular reference
- (974 ms) - [DEBUG] 2019-01-15 20:55:31,907 org.springframework.beans.factory.support.DefaultListableBeanFactory - Creating shared instance of singleton bean &apos;itripImageMapper&apos;
- (974 ms) - [DEBUG] 2019-01-15 20:55:31,907 org.springframework.beans.factory.support.DefaultListableBeanFactory - Creating instance of bean &apos;itripImageMapper&apos;
- (975 ms) - [DEBUG] 2019-01-15 20:55:31,908 org.springframework.beans.factory.support.DefaultListableBeanFactory - Eagerly caching bean &apos;itripImageMapper&apos; to allow for resolving potential circular references
- (975 ms) - [DEBUG] 2019-01-15 20:55:31,908 org.springframework.beans.factory.support.DefaultListableBeanFactory - Returning eagerly cached instance of singleton bean &apos;itripImageMapper&apos; that is not fully initialized yet - a consequence of a circular reference
- (976 ms) - [DEBUG] 2019-01-15 20:55:31,909 org.springframework.beans.factory.support.DefaultListableBeanFactory - Creating shared instance of singleton bean &apos;itripLabelMapper&apos;
- (976 ms) - [DEBUG] 2019-01-15 20:55:31,909 org.springframework.beans.factory.support.DefaultListableBeanFactory - Creating instance of bean &apos;itripLabelMapper&apos;
- (977 ms) - [DEBUG] 2019-01-15 20:55:31,910 org.springframework.beans.factory.support.DefaultListableBeanFactory - Eagerly caching bean &apos;itripLabelMapper&apos; to allow for resolving potential circular references
- (978 ms) - [DEBUG] 2019-01-15 20:55:31,911 org.springframework.beans.factory.support.DefaultListableBeanFactory - Returning eagerly cached instance of singleton bean &apos;itripLabelMapper&apos; that is not fully initialized yet - a consequence of a circular reference
- (980 ms) - [DEBUG] 2019-01-15 20:55:31,913 org.springframework.beans.factory.support.DefaultListableBeanFactory - Creating shared instance of singleton bean &apos;itripLabelDicMapper&apos;
- (980 ms) - [DEBUG] 2019-01-15 20:55:31,913 org.springframework.beans.factory.support.DefaultListableBeanFactory - Creating instance of bean &apos;itripLabelDicMapper&apos;
- (980 ms) - [DEBUG] 2019-01-15 20:55:31,913 org.springframework.beans.factory.support.DefaultListableBeanFactory - Eagerly caching bean &apos;itripLabelDicMapper&apos; to allow for resolving potential circular references
- (981 ms) - [DEBUG] 2019-01-15 20:55:31,914 org.springframework.beans.factory.support.DefaultListableBeanFactory - Returning eagerly cached instance of singleton bean &apos;itripLabelDicMapper&apos; that is not fully initialized yet - a consequence of a circular reference
- (982 ms) - [DEBUG] 2019-01-15 20:55:31,915 org.springframework.beans.factory.support.DefaultListableBeanFactory - Creating shared instance of singleton bean &apos;itripUserMapper&apos;
- (983 ms) - [DEBUG] 2019-01-15 20:55:31,916 org.springframework.beans.factory.support.DefaultListableBeanFactory - Creating instance of bean &apos;itripUserMapper&apos;
- (984 ms) - [DEBUG] 2019-01-15 20:55:31,917 org.springframework.beans.factory.support.DefaultListableBeanFactory - Eagerly caching bean &apos;itripUserMapper&apos; to allow for resolving potential circular references
- (984 ms) - [DEBUG] 2019-01-15 20:55:31,917 org.springframework.beans.factory.support.DefaultListableBeanFactory - Returning eagerly cached instance of singleton bean &apos;itripUserMapper&apos; that is not fully initialized yet - a consequence of a circular reference
- (986 ms) - [DEBUG] 2019-01-15 20:55:31,919 org.springframework.beans.factory.support.DefaultListableBeanFactory - Creating shared instance of singleton bean &apos;itripUserLinkUserMapper&apos;
- (986 ms) - [DEBUG] 2019-01-15 20:55:31,919 org.springframework.beans.factory.support.DefaultListableBeanFactory - Creating instance of bean &apos;itripUserLinkUserMapper&apos;
- (987 ms) - [DEBUG] 2019-01-15 20:55:31,920 org.springframework.beans.factory.support.DefaultListableBeanFactory - Eagerly caching bean &apos;itripUserLinkUserMapper&apos; to allow for resolving potential circular references
- (988 ms) - [DEBUG] 2019-01-15 20:55:31,921 org.springframework.beans.factory.support.DefaultListableBeanFactory - Returning eagerly cached instance of singleton bean &apos;itripUserLinkUserMapper&apos; that is not fully initialized yet - a consequence of a circular reference
- (989 ms) - [DEBUG] 2019-01-15 20:55:31,922 org.springframework.beans.factory.support.DefaultListableBeanFactory - Returning cached instance of singleton bean &apos;sqlSessionFactoryBean&apos;
- (990 ms) - [DEBUG] 2019-01-15 20:55:31,923 org.springframework.beans.factory.support.DefaultListableBeanFactory - Autowiring by type from bean name &apos;itripUserLinkUserMapper&apos; via property &apos;sqlSessionFactory&apos; to bean named &apos;sqlSessionFactoryBean&apos;
- (1002 ms) - [DEBUG] 2019-01-15 20:55:31,935 org.springframework.beans.factory.support.DefaultListableBeanFactory - Invoking afterPropertiesSet() on bean with name &apos;itripUserLinkUserMapper&apos;
- (1056 ms) - [DEBUG] 2019-01-15 20:55:31,989 org.springframework.beans.factory.support.DefaultListableBeanFactory - Finished creating instance of bean &apos;itripUserLinkUserMapper&apos;
- (1056 ms) - [DEBUG] 2019-01-15 20:55:31,989 org.springframework.beans.factory.support.DefaultListableBeanFactory - Returning cached instance of singleton bean &apos;sqlSessionFactoryBean&apos;
- (1057 ms) - [DEBUG] 2019-01-15 20:55:31,990 org.springframework.beans.factory.support.DefaultListableBeanFactory - Autowiring by type from bean name &apos;itripUserMapper&apos; via property &apos;sqlSessionFactory&apos; to bean named &apos;sqlSessionFactoryBean&apos;
- (1058 ms) - [DEBUG] 2019-01-15 20:55:31,991 org.springframework.beans.factory.support.DefaultListableBeanFactory - Invoking afterPropertiesSet() on bean with name &apos;itripUserMapper&apos;
- (1075 ms) - [DEBUG] 2019-01-15 20:55:32,008 org.springframework.beans.factory.support.DefaultListableBeanFactory - Finished creating instance of bean &apos;itripUserMapper&apos;
- (1076 ms) - [DEBUG] 2019-01-15 20:55:32,009 org.springframework.beans.factory.support.DefaultListableBeanFactory - Returning cached instance of singleton bean &apos;sqlSessionFactoryBean&apos;
- (1077 ms) - [DEBUG] 2019-01-15 20:55:32,010 org.springframework.beans.factory.support.DefaultListableBeanFactory - Autowiring by type from bean name &apos;itripLabelDicMapper&apos; via property &apos;sqlSessionFactory&apos; to bean named &apos;sqlSessionFactoryBean&apos;
- (1079 ms) - [DEBUG] 2019-01-15 20:55:32,012 org.springframework.beans.factory.support.DefaultListableBeanFactory - Invoking afterPropertiesSet() on bean with name &apos;itripLabelDicMapper&apos;
- (1096 ms) - [DEBUG] 2019-01-15 20:55:32,029 org.springframework.beans.factory.support.DefaultListableBeanFactory - Finished creating instance of bean &apos;itripLabelDicMapper&apos;
- (1097 ms) - [DEBUG] 2019-01-15 20:55:32,030 org.springframework.beans.factory.support.DefaultListableBeanFactory - Returning cached instance of singleton bean &apos;sqlSessionFactoryBean&apos;
- (1097 ms) - [DEBUG] 2019-01-15 20:55:32,030 org.springframework.beans.factory.support.DefaultListableBeanFactory - Autowiring by type from bean name &apos;itripLabelMapper&apos; via property &apos;sqlSessionFactory&apos; to bean named &apos;sqlSessionFactoryBean&apos;
- (1098 ms) - [DEBUG] 2019-01-15 20:55:32,031 org.springframework.beans.factory.support.DefaultListableBeanFactory - Invoking afterPropertiesSet() on bean with name &apos;itripLabelMapper&apos;
- (1121 ms) - [DEBUG] 2019-01-15 20:55:32,054 org.springframework.beans.factory.support.DefaultListableBeanFactory - Finished creating instance of bean &apos;itripLabelMapper&apos;
- (1122 ms) - [DEBUG] 2019-01-15 20:55:32,055 org.springframework.beans.factory.support.DefaultListableBeanFactory - Returning cached instance of singleton bean &apos;sqlSessionFactoryBean&apos;
- (1123 ms) - [DEBUG] 2019-01-15 20:55:32,056 org.springframework.beans.factory.support.DefaultListableBeanFactory - Autowiring by type from bean name &apos;itripImageMapper&apos; via property &apos;sqlSessionFactory&apos; to bean named &apos;sqlSessionFactoryBean&apos;
- (1124 ms) - [DEBUG] 2019-01-15 20:55:32,057 org.springframework.beans.factory.support.DefaultListableBeanFactory - Invoking afterPropertiesSet() on bean with name &apos;itripImageMapper&apos;
- (1136 ms) - [DEBUG] 2019-01-15 20:55:32,069 org.springframework.beans.factory.support.DefaultListableBeanFactory - Finished creating instance of bean &apos;itripImageMapper&apos;
- (1136 ms) - [DEBUG] 2019-01-15 20:55:32,069 org.springframework.beans.factory.support.DefaultListableBeanFactory - Returning cached instance of singleton bean &apos;sqlSessionFactoryBean&apos;
- (1137 ms) - [DEBUG] 2019-01-15 20:55:32,070 org.springframework.beans.factory.support.DefaultListableBeanFactory - Autowiring by type from bean name &apos;hotelroomMapper&apos; via property &apos;sqlSessionFactory&apos; to bean named &apos;sqlSessionFactoryBean&apos;
- (1138 ms) - [DEBUG] 2019-01-15 20:55:32,071 org.springframework.beans.factory.support.DefaultListableBeanFactory - Invoking afterPropertiesSet() on bean with name &apos;hotelroomMapper&apos;
- (1148 ms) - [ERROR] 2019-01-15 20:55:32,081 org.mybatis.spring.mapper.MapperFactoryBean - Error while adding the mapper &apos;interface cn.itrip.dao.hotelroom.HotelroomMapper&apos; to configuration.
java.lang.RuntimeException: Error parsing Mapper XML. Cause: org.apache.ibatis.builder.BuilderException: Wrong namespace. Expected &apos;cn.itrip.dao.hotelroom.HotelroomMapper&apos; but found &apos;cn.itrip.dao.HotelroomMapper&apos;.
	at org.apache.ibatis.builder.xml.XMLMapperBuilder.configurationElement(XMLMapperBuilder.java:113)
	at org.apache.ibatis.builder.xml.XMLMapperBuilder.parse(XMLMapperBuilder.java:88)
	at org.apache.ibatis.builder.annotation.MapperAnnotationBuilder.loadXmlResource(MapperAnnotationBuilder.java:159)
	at org.apache.ibatis.builder.annotation.MapperAnnotationBuilder.parse(MapperAnnotationBuilder.java:113)
	at org.apache.ibatis.binding.MapperRegistry.addMapper(MapperRegistry.java:66)
	at org.apache.ibatis.session.Configuration.addMapper(Configuration.java:635)
	at org.mybatis.spring.mapper.MapperFactoryBean.checkDaoConfig(MapperFactoryBean.java:95)
	at org.springframework.dao.support.DaoSupport.afterPropertiesSet(DaoSupport.java:44)
	at org.springframework.beans.factory.support.AbstractAutowireCapableBeanFactory.invokeInitMethods(AbstractAutowireCapableBeanFactory.java:1633)
	at org.springframework.beans.factory.support.AbstractAutowireCapableBeanFactory.initializeBean(AbstractAutowireCapableBeanFactory.java:1570)
	at org.springframework.beans.factory.support.AbstractAutowireCapableBeanFactory.doCreateBean(AbstractAutowireCapableBeanFactory.java:539)
	at org.springframework.beans.factory.support.AbstractAutowireCapableBeanFactory.createBean(AbstractAutowireCapableBeanFactory.java:476)
	at org.springframework.beans.factory.support.AbstractBeanFactory$1.getObject(AbstractBeanFactory.java:303)
	at org.springframework.beans.factory.support.DefaultSingletonBeanRegistry.getSingleton(DefaultSingletonBeanRegistry.java:230)
	at org.springframework.beans.factory.support.AbstractBeanFactory.doGetBean(AbstractBeanFactory.java:299)
	at org.springframework.beans.factory.support.AbstractBeanFactory.getTypeForFactoryBean(AbstractBeanFactory.java:1421)
	at org.springframework.beans.factory.support.AbstractAutowireCapableBeanFactory.getTypeForFactoryBean(AbstractAutowireCapableBeanFactory.java:802)
	at org.springframework.beans.factory.support.AbstractBeanFactory.isTypeMatch(AbstractBeanFactory.java:542)
	at org.springframework.beans.factory.support.DefaultListableBeanFactory.doGetBeanNamesForType(DefaultListableBeanFactory.java:436)
	at org.springframework.beans.factory.support.DefaultListableBeanFactory.getBeanNamesForType(DefaultListableBeanFactory.java:412)
	at org.springframework.beans.factory.BeanFactoryUtils.beanNamesForTypeIncludingAncestors(BeanFactoryUtils.java:186)
	at org.springframework.beans.factory.support.DefaultListableBeanFactory.findAutowireCandidates(DefaultListableBeanFactory.java:1105)
	at org.springframework.beans.factory.support.DefaultListableBeanFactory.doResolveDependency(DefaultListableBeanFactory.java:1044)
	at org.springframework.beans.factory.support.DefaultListableBeanFactory.resolveDependency(DefaultListableBeanFactory.java:942)
	at org.springframework.beans.factory.support.AbstractAutowireCapableBeanFactory.autowireByType(AbstractAutowireCapableBeanFactory.java:1288)
	at org.springframework.beans.factory.support.AbstractAutowireCapableBeanFactory.populateBean(AbstractAutowireCapableBeanFactory.java:1195)
	at org.springframework.beans.factory.support.AbstractAutowireCapableBeanFactory.doCreateBean(AbstractAutowireCapableBeanFactory.java:537)
	at org.springframework.beans.factory.support.AbstractAutowireCapableBeanFactory.createBean(AbstractAutowireCapableBeanFactory.java:476)
	at org.springframework.beans.factory.support.AbstractBeanFactory$1.getObject(AbstractBeanFactory.java:303)
	at org.springframework.beans.factory.support.DefaultSingletonBeanRegistry.getSingleton(DefaultSingletonBeanRegistry.java:230)
	at org.springframework.beans.factory.support.AbstractBeanFactory.doGetBean(AbstractBeanFactory.java:299)
	at org.springframework.beans.factory.support.AbstractBeanFactory.getTypeForFactoryBean(AbstractBeanFactory.java:1421)
	at org.springframework.beans.factory.support.AbstractAutowireCapableBeanFactory.getTypeForFactoryBean(AbstractAutowireCapableBeanFactory.java:802)
	at org.springframework.beans.factory.support.AbstractBeanFactory.isTypeMatch(AbstractBeanFactory.java:542)
	at org.springframework.beans.factory.support.DefaultListableBeanFactory.doGetBeanNamesForType(DefaultListableBeanFactory.java:436)
	at org.springframework.beans.factory.support.DefaultListableBeanFactory.getBeanNamesForType(DefaultListableBeanFactory.java:412)
	at org.springframework.beans.factory.BeanFactoryUtils.beanNamesForTypeIncludingAncestors(BeanFactoryUtils.java:186)
	at org.springframework.beans.factory.support.DefaultListableBeanFactory.findAutowireCandidates(DefaultListableBeanFactory.java:1105)
	at org.springframework.beans.factory.support.DefaultListableBeanFactory.doResolveDependency(DefaultListableBeanFactory.java:1044)
	at org.springframework.beans.factory.support.DefaultListableBeanFactory.resolveDependency(DefaultListableBeanFactory.java:942)
	at org.springframework.beans.factory.support.AbstractAutowireCapableBeanFactory.autowireByType(AbstractAutowireCapableBeanFactory.java:1288)
	at org.springframework.beans.factory.support.AbstractAutowireCapableBeanFactory.populateBean(AbstractAutowireCapableBeanFactory.java:1195)
	at org.springframework.beans.factory.support.AbstractAutowireCapableBeanFactory.doCreateBean(AbstractAutowireCapableBeanFactory.java:537)
	at org.springframework.beans.factory.support.AbstractAutowireCapableBeanFactory.createBean(AbstractAutowireCapableBeanFactory.java:476)
	at org.springframework.beans.factory.support.AbstractBeanFactory$1.getObject(AbstractBeanFactory.java:303)
	at org.springframework.beans.factory.support.DefaultSingletonBeanRegistry.getSingleton(DefaultSingletonBeanRegistry.java:230)
	at org.springframework.beans.factory.support.AbstractBeanFactory.doGetBean(AbstractBeanFactory.java:299)
	at org.springframework.beans.factory.support.AbstractBeanFactory.getTypeForFactoryBean(AbstractBeanFactory.java:1421)
	at org.springframework.beans.factory.support.AbstractAutowireCapableBeanFactory.getTypeForFactoryBean(AbstractAutowireCapableBeanFactory.java:802)
	at org.springframework.beans.factory.support.AbstractBeanFactory.isTypeMatch(AbstractBeanFactory.java:542)
	at org.springframework.beans.factory.support.DefaultListableBeanFactory.doGetBeanNamesForType(DefaultListableBeanFactory.java:436)
	at org.springframework.beans.factory.support.DefaultListableBeanFactory.getBeanNamesForType(DefaultListableBeanFactory.java:412)
	at org.springframework.beans.factory.BeanFactoryUtils.beanNamesForTypeIncludingAncestors(BeanFactoryUtils.java:186)
	at org.springframework.beans.factory.support.DefaultListableBeanFactory.findAutowireCandidates(DefaultListableBeanFactory.java:1105)
	at org.springframework.beans.factory.support.DefaultListableBeanFactory.doResolveDependency(DefaultListableBeanFactory.java:1044)
	at org.springframework.beans.factory.support.DefaultListableBeanFactory.resolveDependency(DefaultListableBeanFactory.java:942)
	at org.springframework.beans.factory.support.AbstractAutowireCapableBeanFactory.autowireByType(AbstractAutowireCapableBeanFactory.java:1288)
	at org.springframework.beans.factory.support.AbstractAutowireCapableBeanFactory.populateBean(AbstractAutowireCapableBeanFactory.java:1195)
	at org.springframework.beans.factory.support.AbstractAutowireCapableBeanFactory.doCreateBean(AbstractAutowireCapableBeanFactory.java:537)
	at org.springframework.beans.factory.support.AbstractAutowireCapableBeanFactory.createBean(AbstractAutowireCapableBeanFactory.java:476)
	at org.springframework.beans.factory.support.AbstractBeanFactory$1.getObject(AbstractBeanFactory.java:303)
	at org.springframework.beans.factory.support.DefaultSingletonBeanRegistry.getSingleton(DefaultSingletonBeanRegistry.java:230)
	at org.springframework.beans.factory.support.AbstractBeanFactory.doGetBean(AbstractBeanFactory.java:299)
	at org.springframework.beans.factory.support.AbstractBeanFactory.getTypeForFactoryBean(AbstractBeanFactory.java:1421)
	at org.springframework.beans.factory.support.AbstractAutowireCapableBeanFactory.getTypeForFactoryBean(AbstractAutowireCapableBeanFactory.java:802)
	at org.springframework.beans.factory.support.AbstractBeanFactory.isTypeMatch(AbstractBeanFactory.java:542)
	at org.springframework.beans.factory.support.DefaultListableBeanFactory.doGetBeanNamesForType(DefaultListableBeanFactory.java:436)
	at org.springframework.beans.factory.support.DefaultListableBeanFactory.getBeanNamesForType(DefaultListableBeanFactory.java:412)
	at org.springframework.beans.factory.BeanFactoryUtils.beanNamesForTypeIncludingAncestors(BeanFactoryUtils.java:186)
	at org.springframework.beans.factory.support.DefaultListableBeanFactory.findAutowireCandidates(DefaultListableBeanFactory.java:1105)
	at org.springframework.beans.factory.support.DefaultListableBeanFactory.doResolveDependency(DefaultListableBeanFactory.java:1044)
	at org.springframework.beans.factory.support.DefaultListableBeanFactory.resolveDependency(DefaultListableBeanFactory.java:942)
	at org.springframework.beans.factory.support.AbstractAutowireCapableBeanFactory.autowireByType(AbstractAutowireCapableBeanFactory.java:1288)
	at org.springframework.beans.factory.support.AbstractAutowireCapableBeanFactory.populateBean(AbstractAutowireCapableBeanFactory.java:1195)
	at org.springframework.beans.factory.support.AbstractAutowireCapableBeanFactory.doCreateBean(AbstractAutowireCapableBeanFactory.java:537)
	at org.springframework.beans.factory.support.AbstractAutowireCapableBeanFactory.createBean(AbstractAutowireCapableBeanFactory.java:476)
	at org.springframework.beans.factory.support.AbstractBeanFactory$1.getObject(AbstractBeanFactory.java:303)
	at org.springframework.beans.factory.support.DefaultSingletonBeanRegistry.getSingleton(DefaultSingletonBeanRegistry.java:230)
	at org.springframework.beans.factory.support.AbstractBeanFactory.doGetBean(AbstractBeanFactory.java:299)
	at org.springframework.beans.factory.support.AbstractBeanFactory.getTypeForFactoryBean(AbstractBeanFactory.java:1421)
	at org.springframework.beans.factory.support.AbstractAutowireCapableBeanFactory.getTypeForFactoryBean(AbstractAutowireCapableBeanFactory.java:802)
	at org.springframework.beans.factory.support.AbstractBeanFactory.isTypeMatch(AbstractBeanFactory.java:542)
	at org.springframework.beans.factory.support.DefaultListableBeanFactory.doGetBeanNamesForType(DefaultListableBeanFactory.java:436)
	at org.springframework.beans.factory.support.DefaultListableBeanFactory.getBeanNamesForType(DefaultListableBeanFactory.java:412)
	at org.springframework.beans.factory.BeanFactoryUtils.beanNamesForTypeIncludingAncestors(BeanFactoryUtils.java:186)
	at org.springframework.beans.factory.support.DefaultListableBeanFactory.findAutowireCandidates(DefaultListableBeanFactory.java:1105)
	at org.springframework.beans.factory.support.DefaultListableBeanFactory.doResolveDependency(DefaultListableBeanFactory.java:1044)
	at org.springframework.beans.factory.support.DefaultListableBeanFactory.resolveDependency(DefaultListableBeanFactory.java:942)
	at org.springframework.beans.factory.support.AbstractAutowireCapableBeanFactory.autowireByType(AbstractAutowireCapableBeanFactory.java:1288)
	at org.springframework.beans.factory.support.AbstractAutowireCapableBeanFactory.populateBean(AbstractAutowireCapableBeanFactory.java:1195)
	at org.springframework.beans.factory.support.AbstractAutowireCapableBeanFactory.doCreateBean(AbstractAutowireCapableBeanFactory.java:537)
	at org.springframework.beans.factory.support.AbstractAutowireCapableBeanFactory.createBean(AbstractAutowireCapableBeanFactory.java:476)
	at org.springframework.beans.factory.support.AbstractBeanFactory$1.getObject(AbstractBeanFactory.java:303)
	at org.springframework.beans.factory.support.DefaultSingletonBeanRegistry.getSingleton(DefaultSingletonBeanRegistry.java:230)
	at org.springframework.beans.factory.support.AbstractBeanFactory.doGetBean(AbstractBeanFactory.java:299)
	at org.springframework.beans.factory.support.AbstractBeanFactory.getBean(AbstractBeanFactory.java:194)
	at org.springframework.beans.factory.support.DefaultListableBeanFactory.preInstantiateSingletons(DefaultListableBeanFactory.java:736)
	at org.springframework.context.support.AbstractApplicationContext.finishBeanFactoryInitialization(AbstractApplicationContext.java:757)
	at org.springframework.context.support.AbstractApplicationContext.refresh(AbstractApplicationContext.java:480)
	at org.springframework.context.support.ClassPathXmlApplicationContext.&lt;init&gt;(ClassPathXmlApplicationContext.java:139)
	at org.springframework.context.support.ClassPathXmlApplicationContext.&lt;init&gt;(ClassPathXmlApplicationContext.java:83)
	at cn.itrip.dao.user.TestItripUserMapper.testGetCount(TestItripUserMapper.java:30)
	at sun.reflect.NativeMethodAccessorImpl.invoke0(Native Method)
	at sun.reflect.NativeMethodAccessorImpl.invoke(NativeMethodAccessorImpl.java:62)
	at sun.reflect.DelegatingMethodAccessorImpl.invoke(DelegatingMethodAccessorImpl.java:43)
	at java.lang.reflect.Method.invoke(Method.java:498)
	at org.junit.runners.model.FrameworkMethod$1.runReflectiveCall(FrameworkMethod.java:47)
	at org.junit.internal.runners.model.ReflectiveCallable.run(ReflectiveCallable.java:12)
	at org.junit.runners.model.FrameworkMethod.invokeExplosively(FrameworkMethod.java:44)
	at org.junit.internal.runners.statements.InvokeMethod.evaluate(InvokeMethod.java:17)
	at org.junit.runners.ParentRunner.runLeaf(ParentRunner.java:271)
	at org.junit.runners.BlockJUnit4ClassRunner.runChild(BlockJUnit4ClassRunner.java:70)
	at org.junit.runners.BlockJUnit4ClassRunner.runChild(BlockJUnit4ClassRunner.java:50)
	at org.junit.runners.ParentRunner$3.run(ParentRunner.java:238)
	at org.junit.runners.ParentRunner$1.schedule(ParentRunner.java:63)
	at org.junit.runners.ParentRunner.runChildren(ParentRunner.java:236)
	at org.junit.runners.ParentRunner.access$000(ParentRunner.java:53)
	at org.junit.runners.ParentRunner$2.evaluate(ParentRunner.java:229)
	at org.junit.runners.ParentRunner.run(ParentRunner.java:309)
	at org.apache.maven.surefire.junit4.JUnit4Provider.execute(JUnit4Provider.java:252)
	at org.apache.maven.surefire.junit4.JUnit4Provider.executeTestSet(JUnit4Provider.java:141)
	at org.apache.maven.surefire.junit4.JUnit4Provider.invoke(JUnit4Provider.java:112)
	at sun.reflect.NativeMethodAccessorImpl.invoke0(Native Method)
	at sun.reflect.NativeMethodAccessorImpl.invoke(NativeMethodAccessorImpl.java:62)
	at sun.reflect.DelegatingMethodAccessorImpl.invoke(DelegatingMethodAccessorImpl.java:43)
	at java.lang.reflect.Method.invoke(Method.java:498)
	at org.apache.maven.surefire.util.ReflectionUtils.invokeMethodWithArray(ReflectionUtils.java:189)
	at org.apache.maven.surefire.booter.ProviderFactory$ProviderProxy.invoke(ProviderFactory.java:165)
	at org.apache.maven.surefire.booter.ProviderFactory.invokeProvider(ProviderFactory.java:85)
	at org.apache.maven.surefire.booter.ForkedBooter.runSuitesInProcess(ForkedBooter.java:115)
	at org.apache.maven.surefire.booter.ForkedBooter.main(ForkedBooter.java:75)
Caused by: org.apache.ibatis.builder.BuilderException: Wrong namespace. Expected &apos;cn.itrip.dao.hotelroom.HotelroomMapper&apos; but found &apos;cn.itrip.dao.HotelroomMapper&apos;.
	at org.apache.ibatis.builder.MapperBuilderAssistant.setCurrentNamespace(MapperBuilderAssistant.java:75)
	at org.apache.ibatis.builder.xml.XMLMapperBuilder.configurationElement(XMLMapperBuilder.java:105)
	... 130 more
- (1158 ms) - [WARN] 2019-01-15 20:55:32,091 org.springframework.beans.factory.support.DefaultListableBeanFactory - Bean creation exception on FactoryBean type check: org.springframework.beans.factory.BeanCreationException: Error creating bean with name &apos;hotelroomMapper&apos; defined in file [E:\ideaXM\itrip\itrip-dao\target\classes\cn\itrip\dao\hotelroom\HotelroomMapper.class]: Invocation of init method failed; nested exception is java.lang.IllegalArgumentException: java.lang.RuntimeException: Error parsing Mapper XML. Cause: org.apache.ibatis.builder.BuilderException: Wrong namespace. Expected &apos;cn.itrip.dao.hotelroom.HotelroomMapper&apos; but found &apos;cn.itrip.dao.HotelroomMapper&apos;.
- (1159 ms) - [DEBUG] 2019-01-15 20:55:32,092 org.springframework.beans.factory.support.DefaultListableBeanFactory - Returning cached instance of singleton bean &apos;sqlSessionFactoryBean&apos;
- (1160 ms) - [DEBUG] 2019-01-15 20:55:32,093 org.springframework.beans.factory.support.DefaultListableBeanFactory - Autowiring by type from bean name &apos;itripHotelOrderMapper&apos; via property &apos;sqlSessionFactory&apos; to bean named &apos;sqlSessionFactoryBean&apos;
- (1160 ms) - [DEBUG] 2019-01-15 20:55:32,093 org.springframework.beans.factory.support.DefaultListableBeanFactory - Creating shared instance of singleton bean &apos;hotelroomMapper&apos;
- (1161 ms) - [DEBUG] 2019-01-15 20:55:32,094 org.springframework.beans.factory.support.DefaultListableBeanFactory - Creating instance of bean &apos;hotelroomMapper&apos;
- (1161 ms) - [DEBUG] 2019-01-15 20:55:32,094 org.springframework.beans.factory.support.DefaultListableBeanFactory - Eagerly caching bean &apos;hotelroomMapper&apos; to allow for resolving potential circular references
- (1162 ms) - [DEBUG] 2019-01-15 20:55:32,095 org.springframework.beans.factory.support.DefaultListableBeanFactory - Returning cached instance of singleton bean &apos;sqlSessionFactoryBean&apos;
- (1163 ms) - [DEBUG] 2019-01-15 20:55:32,096 org.springframework.beans.factory.support.DefaultListableBeanFactory - Autowiring by type from bean name &apos;hotelroomMapper&apos; via property &apos;sqlSessionFactory&apos; to bean named &apos;sqlSessionFactoryBean&apos;
- (1167 ms) - [DEBUG] 2019-01-15 20:55:32,100 org.springframework.beans.factory.support.DefaultListableBeanFactory - Returning eagerly cached instance of singleton bean &apos;hotelroomMapper&apos; that is not fully initialized yet - a consequence of a circular reference
- (1169 ms) - [DEBUG] 2019-01-15 20:55:32,102 org.springframework.beans.factory.support.DefaultListableBeanFactory - Invoking afterPropertiesSet() on bean with name &apos;hotelroomMapper&apos;
- (1174 ms) - [ERROR] 2019-01-15 20:55:32,107 org.mybatis.spring.mapper.MapperFactoryBean - Error while adding the mapper &apos;interface cn.itrip.dao.hotelroom.HotelroomMapper&apos; to configuration.
java.lang.RuntimeException: Error parsing Mapper XML. Cause: org.apache.ibatis.builder.BuilderException: Wrong namespace. Expected &apos;cn.itrip.dao.hotelroom.HotelroomMapper&apos; but found &apos;cn.itrip.dao.HotelroomMapper&apos;.
	at org.apache.ibatis.builder.xml.XMLMapperBuilder.configurationElement(XMLMapperBuilder.java:113)
	at org.apache.ibatis.builder.xml.XMLMapperBuilder.parse(XMLMapperBuilder.java:88)
	at org.apache.ibatis.builder.annotation.MapperAnnotationBuilder.loadXmlResource(MapperAnnotationBuilder.java:159)
	at org.apache.ibatis.builder.annotation.MapperAnnotationBuilder.parse(MapperAnnotationBuilder.java:113)
	at org.apache.ibatis.binding.MapperRegistry.addMapper(MapperRegistry.java:66)
	at org.apache.ibatis.session.Configuration.addMapper(Configuration.java:635)
	at org.mybatis.spring.mapper.MapperFactoryBean.checkDaoConfig(MapperFactoryBean.java:95)
	at org.springframework.dao.support.DaoSupport.afterPropertiesSet(DaoSupport.java:44)
	at org.springframework.beans.factory.support.AbstractAutowireCapableBeanFactory.invokeInitMethods(AbstractAutowireCapableBeanFactory.java:1633)
	at org.springframework.beans.factory.support.AbstractAutowireCapableBeanFactory.initializeBean(AbstractAutowireCapableBeanFactory.java:1570)
	at org.springframework.beans.factory.support.AbstractAutowireCapableBeanFactory.doCreateBean(AbstractAutowireCapableBeanFactory.java:539)
	at org.springframework.beans.factory.support.AbstractAutowireCapableBeanFactory.createBean(AbstractAutowireCapableBeanFactory.java:476)
	at org.springframework.beans.factory.support.AbstractBeanFactory$1.getObject(AbstractBeanFactory.java:303)
	at org.springframework.beans.factory.support.DefaultSingletonBeanRegistry.getSingleton(DefaultSingletonBeanRegistry.java:230)
	at org.springframework.beans.factory.support.AbstractBeanFactory.doGetBean(AbstractBeanFactory.java:299)
	at org.springframework.beans.factory.support.AbstractBeanFactory.getTypeForFactoryBean(AbstractBeanFactory.java:1421)
	at org.springframework.beans.factory.support.AbstractAutowireCapableBeanFactory.getTypeForFactoryBean(AbstractAutowireCapableBeanFactory.java:802)
	at org.springframework.beans.factory.support.AbstractBeanFactory.isTypeMatch(AbstractBeanFactory.java:542)
	at org.springframework.beans.factory.support.DefaultListableBeanFactory.doGetBeanNamesForType(DefaultListableBeanFactory.java:436)
	at org.springframework.beans.factory.support.DefaultListableBeanFactory.getBeanNamesForType(DefaultListableBeanFactory.java:412)
	at org.springframework.beans.factory.BeanFactoryUtils.beanNamesForTypeIncludingAncestors(BeanFactoryUtils.java:186)
	at org.springframework.beans.factory.support.DefaultListableBeanFactory.findAutowireCandidates(DefaultListableBeanFactory.java:1105)
	at org.springframework.beans.factory.support.DefaultListableBeanFactory.doResolveDependency(DefaultListableBeanFactory.java:1044)
	at org.springframework.beans.factory.support.DefaultListableBeanFactory.resolveDependency(DefaultListableBeanFactory.java:942)
	at org.springframework.beans.factory.support.AbstractAutowireCapableBeanFactory.autowireByType(AbstractAutowireCapableBeanFactory.java:1288)
	at org.springframework.beans.factory.support.AbstractAutowireCapableBeanFactory.populateBean(AbstractAutowireCapableBeanFactory.java:1195)
	at org.springframework.beans.factory.support.AbstractAutowireCapableBeanFactory.doCreateBean(AbstractAutowireCapableBeanFactory.java:537)
	at org.springframework.beans.factory.support.AbstractAutowireCapableBeanFactory.createBean(AbstractAutowireCapableBeanFactory.java:476)
	at org.springframework.beans.factory.support.AbstractBeanFactory$1.getObject(AbstractBeanFactory.java:303)
	at org.springframework.beans.factory.support.DefaultSingletonBeanRegistry.getSingleton(DefaultSingletonBeanRegistry.java:230)
	at org.springframework.beans.factory.support.AbstractBeanFactory.doGetBean(AbstractBeanFactory.java:299)
	at org.springframework.beans.factory.support.AbstractBeanFactory.getTypeForFactoryBean(AbstractBeanFactory.java:1421)
	at org.springframework.beans.factory.support.AbstractAutowireCapableBeanFactory.getTypeForFactoryBean(AbstractAutowireCapableBeanFactory.java:802)
	at org.springframework.beans.factory.support.AbstractBeanFactory.isTypeMatch(AbstractBeanFactory.java:542)
	at org.springframework.beans.factory.support.DefaultListableBeanFactory.doGetBeanNamesForType(DefaultListableBeanFactory.java:436)
	at org.springframework.beans.factory.support.DefaultListableBeanFactory.getBeanNamesForType(DefaultListableBeanFactory.java:412)
	at org.springframework.beans.factory.BeanFactoryUtils.beanNamesForTypeIncludingAncestors(BeanFactoryUtils.java:186)
	at org.springframework.beans.factory.support.DefaultListableBeanFactory.findAutowireCandidates(DefaultListableBeanFactory.java:1105)
	at org.springframework.beans.factory.support.DefaultListableBeanFactory.doResolveDependency(DefaultListableBeanFactory.java:1044)
	at org.springframework.beans.factory.support.DefaultListableBeanFactory.resolveDependency(DefaultListableBeanFactory.java:942)
	at org.springframework.beans.factory.support.AbstractAutowireCapableBeanFactory.autowireByType(AbstractAutowireCapableBeanFactory.java:1288)
	at org.springframework.beans.factory.support.AbstractAutowireCapableBeanFactory.populateBean(AbstractAutowireCapableBeanFactory.java:1195)
	at org.springframework.beans.factory.support.AbstractAutowireCapableBeanFactory.doCreateBean(AbstractAutowireCapableBeanFactory.java:537)
	at org.springframework.beans.factory.support.AbstractAutowireCapableBeanFactory.createBean(AbstractAutowireCapableBeanFactory.java:476)
	at org.springframework.beans.factory.support.AbstractBeanFactory$1.getObject(AbstractBeanFactory.java:303)
	at org.springframework.beans.factory.support.DefaultSingletonBeanRegistry.getSingleton(DefaultSingletonBeanRegistry.java:230)
	at org.springframework.beans.factory.support.AbstractBeanFactory.doGetBean(AbstractBeanFactory.java:299)
	at org.springframework.beans.factory.support.AbstractBeanFactory.getTypeForFactoryBean(AbstractBeanFactory.java:1421)
	at org.springframework.beans.factory.support.AbstractAutowireCapableBeanFactory.getTypeForFactoryBean(AbstractAutowireCapableBeanFactory.java:802)
	at org.springframework.beans.factory.support.AbstractBeanFactory.isTypeMatch(AbstractBeanFactory.java:542)
	at org.springframework.beans.factory.support.DefaultListableBeanFactory.doGetBeanNamesForType(DefaultListableBeanFactory.java:436)
	at org.springframework.beans.factory.support.DefaultListableBeanFactory.getBeanNamesForType(DefaultListableBeanFactory.java:412)
	at org.springframework.beans.factory.BeanFactoryUtils.beanNamesForTypeIncludingAncestors(BeanFactoryUtils.java:186)
	at org.springframework.beans.factory.support.DefaultListableBeanFactory.findAutowireCandidates(DefaultListableBeanFactory.java:1105)
	at org.springframework.beans.factory.support.DefaultListableBeanFactory.doResolveDependency(DefaultListableBeanFactory.java:1044)
	at org.springframework.beans.factory.support.DefaultListableBeanFactory.resolveDependency(DefaultListableBeanFactory.java:942)
	at org.springframework.beans.factory.support.AbstractAutowireCapableBeanFactory.autowireByType(AbstractAutowireCapableBeanFactory.java:1288)
	at org.springframework.beans.factory.support.AbstractAutowireCapableBeanFactory.populateBean(AbstractAutowireCapableBeanFactory.java:1195)
	at org.springframework.beans.factory.support.AbstractAutowireCapableBeanFactory.doCreateBean(AbstractAutowireCapableBeanFactory.java:537)
	at org.springframework.beans.factory.support.AbstractAutowireCapableBeanFactory.createBean(AbstractAutowireCapableBeanFactory.java:476)
	at org.springframework.beans.factory.support.AbstractBeanFactory$1.getObject(AbstractBeanFactory.java:303)
	at org.springframework.beans.factory.support.DefaultSingletonBeanRegistry.getSingleton(DefaultSingletonBeanRegistry.java:230)
	at org.springframework.beans.factory.support.AbstractBeanFactory.doGetBean(AbstractBeanFactory.java:299)
	at org.springframework.beans.factory.support.AbstractBeanFactory.getTypeForFactoryBean(AbstractBeanFactory.java:1421)
	at org.springframework.beans.factory.support.AbstractAutowireCapableBeanFactory.getTypeForFactoryBean(AbstractAutowireCapableBeanFactory.java:802)
	at org.springframework.beans.factory.support.AbstractBeanFactory.isTypeMatch(AbstractBeanFactory.java:542)
	at org.springframework.beans.factory.support.DefaultListableBeanFactory.doGetBeanNamesForType(DefaultListableBeanFactory.java:436)
	at org.springframework.beans.factory.support.DefaultListableBeanFactory.getBeanNamesForType(DefaultListableBeanFactory.java:412)
	at org.springframework.beans.factory.BeanFactoryUtils.beanNamesForTypeIncludingAncestors(BeanFactoryUtils.java:186)
	at org.springframework.beans.factory.support.DefaultListableBeanFactory.findAutowireCandidates(DefaultListableBeanFactory.java:1105)
	at org.springframework.beans.factory.support.DefaultListableBeanFactory.doResolveDependency(DefaultListableBeanFactory.java:1044)
	at org.springframework.beans.factory.support.DefaultListableBeanFactory.resolveDependency(DefaultListableBeanFactory.java:942)
	at org.springframework.beans.factory.support.AbstractAutowireCapableBeanFactory.autowireByType(AbstractAutowireCapableBeanFactory.java:1288)
	at org.springframework.beans.factory.support.AbstractAutowireCapableBeanFactory.populateBean(AbstractAutowireCapableBeanFactory.java:1195)
	at org.springframework.beans.factory.support.AbstractAutowireCapableBeanFactory.doCreateBean(AbstractAutowireCapableBeanFactory.java:537)
	at org.springframework.beans.factory.support.AbstractAutowireCapableBeanFactory.createBean(AbstractAutowireCapableBeanFactory.java:476)
	at org.springframework.beans.factory.support.AbstractBeanFactory$1.getObject(AbstractBeanFactory.java:303)
	at org.springframework.beans.factory.support.DefaultSingletonBeanRegistry.getSingleton(DefaultSingletonBeanRegistry.java:230)
	at org.springframework.beans.factory.support.AbstractBeanFactory.doGetBean(AbstractBeanFactory.java:299)
	at org.springframework.beans.factory.support.AbstractBeanFactory.getTypeForFactoryBean(AbstractBeanFactory.java:1421)
	at org.springframework.beans.factory.support.AbstractAutowireCapableBeanFactory.getTypeForFactoryBean(AbstractAutowireCapableBeanFactory.java:802)
	at org.springframework.beans.factory.support.AbstractBeanFactory.isTypeMatch(AbstractBeanFactory.java:542)
	at org.springframework.beans.factory.support.DefaultListableBeanFactory.doGetBeanNamesForType(DefaultListableBeanFactory.java:436)
	at org.springframework.beans.factory.support.DefaultListableBeanFactory.getBeanNamesForType(DefaultListableBeanFactory.java:412)
	at org.springframework.beans.factory.BeanFactoryUtils.beanNamesForTypeIncludingAncestors(BeanFactoryUtils.java:186)
	at org.springframework.beans.factory.support.DefaultListableBeanFactory.findAutowireCandidates(DefaultListableBeanFactory.java:1105)
	at org.springframework.beans.factory.support.DefaultListableBeanFactory.doResolveDependency(DefaultListableBeanFactory.java:1044)
	at org.springframework.beans.factory.support.DefaultListableBeanFactory.resolveDependency(DefaultListableBeanFactory.java:942)
	at org.springframework.beans.factory.support.AbstractAutowireCapableBeanFactory.autowireByType(AbstractAutowireCapableBeanFactory.java:1288)
	at org.springframework.beans.factory.support.AbstractAutowireCapableBeanFactory.populateBean(AbstractAutowireCapableBeanFactory.java:1195)
	at org.springframework.beans.factory.support.AbstractAutowireCapableBeanFactory.doCreateBean(AbstractAutowireCapableBeanFactory.java:537)
	at org.springframework.beans.factory.support.AbstractAutowireCapableBeanFactory.createBean(AbstractAutowireCapableBeanFactory.java:476)
	at org.springframework.beans.factory.support.AbstractBeanFactory$1.getObject(AbstractBeanFactory.java:303)
	at org.springframework.beans.factory.support.DefaultSingletonBeanRegistry.getSingleton(DefaultSingletonBeanRegistry.java:230)
	at org.springframework.beans.factory.support.AbstractBeanFactory.doGetBean(AbstractBeanFactory.java:299)
	at org.springframework.beans.factory.support.AbstractBeanFactory.getBean(AbstractBeanFactory.java:194)
	at org.springframework.beans.factory.support.DefaultListableBeanFactory.preInstantiateSingletons(DefaultListableBeanFactory.java:736)
	at org.springframework.context.support.AbstractApplicationContext.finishBeanFactoryInitialization(AbstractApplicationContext.java:757)
	at org.springframework.context.support.AbstractApplicationContext.refresh(AbstractApplicationContext.java:480)
	at org.springframework.context.support.ClassPathXmlApplicationContext.&lt;init&gt;(ClassPathXmlApplicationContext.java:139)
	at org.springframework.context.support.ClassPathXmlApplicationContext.&lt;init&gt;(ClassPathXmlApplicationContext.java:83)
	at cn.itrip.dao.user.TestItripUserMapper.testGetCount(TestItripUserMapper.java:30)
	at sun.reflect.NativeMethodAccessorImpl.invoke0(Native Method)
	at sun.reflect.NativeMethodAccessorImpl.invoke(NativeMethodAccessorImpl.java:62)
	at sun.reflect.DelegatingMethodAccessorImpl.invoke(DelegatingMethodAccessorImpl.java:43)
	at java.lang.reflect.Method.invoke(Method.java:498)
	at org.junit.runners.model.FrameworkMethod$1.runReflectiveCall(FrameworkMethod.java:47)
	at org.junit.internal.runners.model.ReflectiveCallable.run(ReflectiveCallable.java:12)
	at org.junit.runners.model.FrameworkMethod.invokeExplosively(FrameworkMethod.java:44)
	at org.junit.internal.runners.statements.InvokeMethod.evaluate(InvokeMethod.java:17)
	at org.junit.runners.ParentRunner.runLeaf(ParentRunner.java:271)
	at org.junit.runners.BlockJUnit4ClassRunner.runChild(BlockJUnit4ClassRunner.java:70)
	at org.junit.runners.BlockJUnit4ClassRunner.runChild(BlockJUnit4ClassRunner.java:50)
	at org.junit.runners.ParentRunner$3.run(ParentRunner.java:238)
	at org.junit.runners.ParentRunner$1.schedule(ParentRunner.java:63)
	at org.junit.runners.ParentRunner.runChildren(ParentRunner.java:236)
	at org.junit.runners.ParentRunner.access$000(ParentRunner.java:53)
	at org.junit.runners.ParentRunner$2.evaluate(ParentRunner.java:229)
	at org.junit.runners.ParentRunner.run(ParentRunner.java:309)
	at org.apache.maven.surefire.junit4.JUnit4Provider.execute(JUnit4Provider.java:252)
	at org.apache.maven.surefire.junit4.JUnit4Provider.executeTestSet(JUnit4Provider.java:141)
	at org.apache.maven.surefire.junit4.JUnit4Provider.invoke(JUnit4Provider.java:112)
	at sun.reflect.NativeMethodAccessorImpl.invoke0(Native Method)
	at sun.reflect.NativeMethodAccessorImpl.invoke(NativeMethodAccessorImpl.java:62)
	at sun.reflect.DelegatingMethodAccessorImpl.invoke(DelegatingMethodAccessorImpl.java:43)
	at java.lang.reflect.Method.invoke(Method.java:498)
	at org.apache.maven.surefire.util.ReflectionUtils.invokeMethodWithArray(ReflectionUtils.java:189)
	at org.apache.maven.surefire.booter.ProviderFactory$ProviderProxy.invoke(ProviderFactory.java:165)
	at org.apache.maven.surefire.booter.ProviderFactory.invokeProvider(ProviderFactory.java:85)
	at org.apache.maven.surefire.booter.ForkedBooter.runSuitesInProcess(ForkedBooter.java:115)
	at org.apache.maven.surefire.booter.ForkedBooter.main(ForkedBooter.java:75)
Caused by: org.apache.ibatis.builder.BuilderException: Wrong namespace. Expected &apos;cn.itrip.dao.hotelroom.HotelroomMapper&apos; but found &apos;cn.itrip.dao.HotelroomMapper&apos;.
	at org.apache.ibatis.builder.MapperBuilderAssistant.setCurrentNamespace(MapperBuilderAssistant.java:75)
	at org.apache.ibatis.builder.xml.XMLMapperBuilder.configurationElement(XMLMapperBuilder.java:105)
	... 130 more
- (1206 ms) - [WARN] 2019-01-15 20:55:32,139 org.springframework.beans.factory.support.DefaultListableBeanFactory - Bean creation exception on FactoryBean type check: org.springframework.beans.factory.BeanCreationException: Error creating bean with name &apos;hotelroomMapper&apos; defined in file [E:\ideaXM\itrip\itrip-dao\target\classes\cn\itrip\dao\hotelroom\HotelroomMapper.class]: Invocation of init method failed; nested exception is java.lang.IllegalArgumentException: java.lang.RuntimeException: Error parsing Mapper XML. Cause: org.apache.ibatis.builder.BuilderException: Wrong namespace. Expected &apos;cn.itrip.dao.hotelroom.HotelroomMapper&apos; but found &apos;cn.itrip.dao.HotelroomMapper&apos;.
- (1208 ms) - [DEBUG] 2019-01-15 20:55:32,141 org.springframework.beans.factory.support.DefaultListableBeanFactory - Invoking afterPropertiesSet() on bean with name &apos;itripHotelOrderMapper&apos;
- (1226 ms) - [DEBUG] 2019-01-15 20:55:32,159 org.springframework.beans.factory.support.DefaultListableBeanFactory - Finished creating instance of bean &apos;itripHotelOrderMapper&apos;
- (1227 ms) - [DEBUG] 2019-01-15 20:55:32,160 org.springframework.beans.factory.support.DefaultListableBeanFactory - Creating shared instance of singleton bean &apos;hotelroomMapper&apos;
- (1227 ms) - [DEBUG] 2019-01-15 20:55:32,160 org.springframework.beans.factory.support.DefaultListableBeanFactory - Creating instance of bean &apos;hotelroomMapper&apos;
- (1228 ms) - [DEBUG] 2019-01-15 20:55:32,161 org.springframework.beans.factory.support.DefaultListableBeanFactory - Eagerly caching bean &apos;hotelroomMapper&apos; to allow for resolving potential circular references
- (1228 ms) - [DEBUG] 2019-01-15 20:55:32,161 org.springframework.beans.factory.support.DefaultListableBeanFactory - Returning eagerly cached instance of singleton bean &apos;hotelroomMapper&apos; that is not fully initialized yet - a consequence of a circular reference
- (1229 ms) - [DEBUG] 2019-01-15 20:55:32,162 org.springframework.beans.factory.support.DefaultListableBeanFactory - Returning cached instance of singleton bean &apos;sqlSessionFactoryBean&apos;
- (1229 ms) - [DEBUG] 2019-01-15 20:55:32,162 org.springframework.beans.factory.support.DefaultListableBeanFactory - Autowiring by type from bean name &apos;hotelroomMapper&apos; via property &apos;sqlSessionFactory&apos; to bean named &apos;sqlSessionFactoryBean&apos;
- (1230 ms) - [DEBUG] 2019-01-15 20:55:32,163 org.springframework.beans.factory.support.DefaultListableBeanFactory - Invoking afterPropertiesSet() on bean with name &apos;hotelroomMapper&apos;
- (1236 ms) - [ERROR] 2019-01-15 20:55:32,169 org.mybatis.spring.mapper.MapperFactoryBean - Error while adding the mapper &apos;interface cn.itrip.dao.hotelroom.HotelroomMapper&apos; to configuration.
java.lang.RuntimeException: Error parsing Mapper XML. Cause: org.apache.ibatis.builder.BuilderException: Wrong namespace. Expected &apos;cn.itrip.dao.hotelroom.HotelroomMapper&apos; but found &apos;cn.itrip.dao.HotelroomMapper&apos;.
	at org.apache.ibatis.builder.xml.XMLMapperBuilder.configurationElement(XMLMapperBuilder.java:113)
	at org.apache.ibatis.builder.xml.XMLMapperBuilder.parse(XMLMapperBuilder.java:88)
	at org.apache.ibatis.builder.annotation.MapperAnnotationBuilder.loadXmlResource(MapperAnnotationBuilder.java:159)
	at org.apache.ibatis.builder.annotation.MapperAnnotationBuilder.parse(MapperAnnotationBuilder.java:113)
	at org.apache.ibatis.binding.MapperRegistry.addMapper(MapperRegistry.java:66)
	at org.apache.ibatis.session.Configuration.addMapper(Configuration.java:635)
	at org.mybatis.spring.mapper.MapperFactoryBean.checkDaoConfig(MapperFactoryBean.java:95)
	at org.springframework.dao.support.DaoSupport.afterPropertiesSet(DaoSupport.java:44)
	at org.springframework.beans.factory.support.AbstractAutowireCapableBeanFactory.invokeInitMethods(AbstractAutowireCapableBeanFactory.java:1633)
	at org.springframework.beans.factory.support.AbstractAutowireCapableBeanFactory.initializeBean(AbstractAutowireCapableBeanFactory.java:1570)
	at org.springframework.beans.factory.support.AbstractAutowireCapableBeanFactory.doCreateBean(AbstractAutowireCapableBeanFactory.java:539)
	at org.springframework.beans.factory.support.AbstractAutowireCapableBeanFactory.createBean(AbstractAutowireCapableBeanFactory.java:476)
	at org.springframework.beans.factory.support.AbstractBeanFactory$1.getObject(AbstractBeanFactory.java:303)
	at org.springframework.beans.factory.support.DefaultSingletonBeanRegistry.getSingleton(DefaultSingletonBeanRegistry.java:230)
	at org.springframework.beans.factory.support.AbstractBeanFactory.doGetBean(AbstractBeanFactory.java:299)
	at org.springframework.beans.factory.support.AbstractBeanFactory.getTypeForFactoryBean(AbstractBeanFactory.java:1421)
	at org.springframework.beans.factory.support.AbstractAutowireCapableBeanFactory.getTypeForFactoryBean(AbstractAutowireCapableBeanFactory.java:802)
	at org.springframework.beans.factory.support.AbstractBeanFactory.isTypeMatch(AbstractBeanFactory.java:542)
	at org.springframework.beans.factory.support.DefaultListableBeanFactory.doGetBeanNamesForType(DefaultListableBeanFactory.java:436)
	at org.springframework.beans.factory.support.DefaultListableBeanFactory.getBeanNamesForType(DefaultListableBeanFactory.java:412)
	at org.springframework.beans.factory.BeanFactoryUtils.beanNamesForTypeIncludingAncestors(BeanFactoryUtils.java:186)
	at org.springframework.beans.factory.support.DefaultListableBeanFactory.findAutowireCandidates(DefaultListableBeanFactory.java:1105)
	at org.springframework.beans.factory.support.DefaultListableBeanFactory.doResolveDependency(DefaultListableBeanFactory.java:1044)
	at org.springframework.beans.factory.support.DefaultListableBeanFactory.resolveDependency(DefaultListableBeanFactory.java:942)
	at org.springframework.beans.factory.support.AbstractAutowireCapableBeanFactory.autowireByType(AbstractAutowireCapableBeanFactory.java:1288)
	at org.springframework.beans.factory.support.AbstractAutowireCapableBeanFactory.populateBean(AbstractAutowireCapableBeanFactory.java:1195)
	at org.springframework.beans.factory.support.AbstractAutowireCapableBeanFactory.doCreateBean(AbstractAutowireCapableBeanFactory.java:537)
	at org.springframework.beans.factory.support.AbstractAutowireCapableBeanFactory.createBean(AbstractAutowireCapableBeanFactory.java:476)
	at org.springframework.beans.factory.support.AbstractBeanFactory$1.getObject(AbstractBeanFactory.java:303)
	at org.springframework.beans.factory.support.DefaultSingletonBeanRegistry.getSingleton(DefaultSingletonBeanRegistry.java:230)
	at org.springframework.beans.factory.support.AbstractBeanFactory.doGetBean(AbstractBeanFactory.java:299)
	at org.springframework.beans.factory.support.AbstractBeanFactory.getTypeForFactoryBean(AbstractBeanFactory.java:1421)
	at org.springframework.beans.factory.support.AbstractAutowireCapableBeanFactory.getTypeForFactoryBean(AbstractAutowireCapableBeanFactory.java:802)
	at org.springframework.beans.factory.support.AbstractBeanFactory.isTypeMatch(AbstractBeanFactory.java:542)
	at org.springframework.beans.factory.support.DefaultListableBeanFactory.doGetBeanNamesForType(DefaultListableBeanFactory.java:436)
	at org.springframework.beans.factory.support.DefaultListableBeanFactory.getBeanNamesForType(DefaultListableBeanFactory.java:412)
	at org.springframework.beans.factory.BeanFactoryUtils.beanNamesForTypeIncludingAncestors(BeanFactoryUtils.java:186)
	at org.springframework.beans.factory.support.DefaultListableBeanFactory.findAutowireCandidates(DefaultListableBeanFactory.java:1105)
	at org.springframework.beans.factory.support.DefaultListableBeanFactory.doResolveDependency(DefaultListableBeanFactory.java:1044)
	at org.springframework.beans.factory.support.DefaultListableBeanFactory.resolveDependency(DefaultListableBeanFactory.java:942)
	at org.springframework.beans.factory.support.AbstractAutowireCapableBeanFactory.autowireByType(AbstractAutowireCapableBeanFactory.java:1288)
	at org.springframework.beans.factory.support.AbstractAutowireCapableBeanFactory.populateBean(AbstractAutowireCapableBeanFactory.java:1195)
	at org.springframework.beans.factory.support.AbstractAutowireCapableBeanFactory.doCreateBean(AbstractAutowireCapableBeanFactory.java:537)
	at org.springframework.beans.factory.support.AbstractAutowireCapableBeanFactory.createBean(AbstractAutowireCapableBeanFactory.java:476)
	at org.springframework.beans.factory.support.AbstractBeanFactory$1.getObject(AbstractBeanFactory.java:303)
	at org.springframework.beans.factory.support.DefaultSingletonBeanRegistry.getSingleton(DefaultSingletonBeanRegistry.java:230)
	at org.springframework.beans.factory.support.AbstractBeanFactory.doGetBean(AbstractBeanFactory.java:299)
	at org.springframework.beans.factory.support.AbstractBeanFactory.getTypeForFactoryBean(AbstractBeanFactory.java:1421)
	at org.springframework.beans.factory.support.AbstractAutowireCapableBeanFactory.getTypeForFactoryBean(AbstractAutowireCapableBeanFactory.java:802)
	at org.springframework.beans.factory.support.AbstractBeanFactory.isTypeMatch(AbstractBeanFactory.java:542)
	at org.springframework.beans.factory.support.DefaultListableBeanFactory.doGetBeanNamesForType(DefaultListableBeanFactory.java:436)
	at org.springframework.beans.factory.support.DefaultListableBeanFactory.getBeanNamesForType(DefaultListableBeanFactory.java:412)
	at org.springframework.beans.factory.BeanFactoryUtils.beanNamesForTypeIncludingAncestors(BeanFactoryUtils.java:186)
	at org.springframework.beans.factory.support.DefaultListableBeanFactory.findAutowireCandidates(DefaultListableBeanFactory.java:1105)
	at org.springframework.beans.factory.support.DefaultListableBeanFactory.doResolveDependency(DefaultListableBeanFactory.java:1044)
	at org.springframework.beans.factory.support.DefaultListableBeanFactory.resolveDependency(DefaultListableBeanFactory.java:942)
	at org.springframework.beans.factory.support.AbstractAutowireCapableBeanFactory.autowireByType(AbstractAutowireCapableBeanFactory.java:1288)
	at org.springframework.beans.factory.support.AbstractAutowireCapableBeanFactory.populateBean(AbstractAutowireCapableBeanFactory.java:1195)
	at org.springframework.beans.factory.support.AbstractAutowireCapableBeanFactory.doCreateBean(AbstractAutowireCapableBeanFactory.java:537)
	at org.springframework.beans.factory.support.AbstractAutowireCapableBeanFactory.createBean(AbstractAutowireCapableBeanFactory.java:476)
	at org.springframework.beans.factory.support.AbstractBeanFactory$1.getObject(AbstractBeanFactory.java:303)
	at org.springframework.beans.factory.support.DefaultSingletonBeanRegistry.getSingleton(DefaultSingletonBeanRegistry.java:230)
	at org.springframework.beans.factory.support.AbstractBeanFactory.doGetBean(AbstractBeanFactory.java:299)
	at org.springframework.beans.factory.support.AbstractBeanFactory.getTypeForFactoryBean(AbstractBeanFactory.java:1421)
	at org.springframework.beans.factory.support.AbstractAutowireCapableBeanFactory.getTypeForFactoryBean(AbstractAutowireCapableBeanFactory.java:802)
	at org.springframework.beans.factory.support.AbstractBeanFactory.isTypeMatch(AbstractBeanFactory.java:542)
	at org.springframework.beans.factory.support.DefaultListableBeanFactory.doGetBeanNamesForType(DefaultListableBeanFactory.java:436)
	at org.springframework.beans.factory.support.DefaultListableBeanFactory.getBeanNamesForType(DefaultListableBeanFactory.java:412)
	at org.springframework.beans.factory.BeanFactoryUtils.beanNamesForTypeIncludingAncestors(BeanFactoryUtils.java:186)
	at org.springframework.beans.factory.support.DefaultListableBeanFactory.findAutowireCandidates(DefaultListableBeanFactory.java:1105)
	at org.springframework.beans.factory.support.DefaultListableBeanFactory.doResolveDependency(DefaultListableBeanFactory.java:1044)
	at org.springframework.beans.factory.support.DefaultListableBeanFactory.resolveDependency(DefaultListableBeanFactory.java:942)
	at org.springframework.beans.factory.support.AbstractAutowireCapableBeanFactory.autowireByType(AbstractAutowireCapableBeanFactory.java:1288)
	at org.springframework.beans.factory.support.AbstractAutowireCapableBeanFactory.populateBean(AbstractAutowireCapableBeanFactory.java:1195)
	at org.springframework.beans.factory.support.AbstractAutowireCapableBeanFactory.doCreateBean(AbstractAutowireCapableBeanFactory.java:537)
	at org.springframework.beans.factory.support.AbstractAutowireCapableBeanFactory.createBean(AbstractAutowireCapableBeanFactory.java:476)
	at org.springframework.beans.factory.support.AbstractBeanFactory$1.getObject(AbstractBeanFactory.java:303)
	at org.springframework.beans.factory.support.DefaultSingletonBeanRegistry.getSingleton(DefaultSingletonBeanRegistry.java:230)
	at org.springframework.beans.factory.support.AbstractBeanFactory.doGetBean(AbstractBeanFactory.java:299)
	at org.springframework.beans.factory.support.AbstractBeanFactory.getBean(AbstractBeanFactory.java:194)
	at org.springframework.beans.factory.support.DefaultListableBeanFactory.preInstantiateSingletons(DefaultListableBeanFactory.java:736)
	at org.springframework.context.support.AbstractApplicationContext.finishBeanFactoryInitialization(AbstractApplicationContext.java:757)
	at org.springframework.context.support.AbstractApplicationContext.refresh(AbstractApplicationContext.java:480)
	at org.springframework.context.support.ClassPathXmlApplicationContext.&lt;init&gt;(ClassPathXmlApplicationContext.java:139)
	at org.springframework.context.support.ClassPathXmlApplicationContext.&lt;init&gt;(ClassPathXmlApplicationContext.java:83)
	at cn.itrip.dao.user.TestItripUserMapper.testGetCount(TestItripUserMapper.java:30)
	at sun.reflect.NativeMethodAccessorImpl.invoke0(Native Method)
	at sun.reflect.NativeMethodAccessorImpl.invoke(NativeMethodAccessorImpl.java:62)
	at sun.reflect.DelegatingMethodAccessorImpl.invoke(DelegatingMethodAccessorImpl.java:43)
	at java.lang.reflect.Method.invoke(Method.java:498)
	at org.junit.runners.model.FrameworkMethod$1.runReflectiveCall(FrameworkMethod.java:47)
	at org.junit.internal.runners.model.ReflectiveCallable.run(ReflectiveCallable.java:12)
	at org.junit.runners.model.FrameworkMethod.invokeExplosively(FrameworkMethod.java:44)
	at org.junit.internal.runners.statements.InvokeMethod.evaluate(InvokeMethod.java:17)
	at org.junit.runners.ParentRunner.runLeaf(ParentRunner.java:271)
	at org.junit.runners.BlockJUnit4ClassRunner.runChild(BlockJUnit4ClassRunner.java:70)
	at org.junit.runners.BlockJUnit4ClassRunner.runChild(BlockJUnit4ClassRunner.java:50)
	at org.junit.runners.ParentRunner$3.run(ParentRunner.java:238)
	at org.junit.runners.ParentRunner$1.schedule(ParentRunner.java:63)
	at org.junit.runners.ParentRunner.runChildren(ParentRunner.java:236)
	at org.junit.runners.ParentRunner.access$000(ParentRunner.java:53)
	at org.junit.runners.ParentRunner$2.evaluate(ParentRunner.java:229)
	at org.junit.runners.ParentRunner.run(ParentRunner.java:309)
	at org.apache.maven.surefire.junit4.JUnit4Provider.execute(JUnit4Provider.java:252)
	at org.apache.maven.surefire.junit4.JUnit4Provider.executeTestSet(JUnit4Provider.java:141)
	at org.apache.maven.surefire.junit4.JUnit4Provider.invoke(JUnit4Provider.java:112)
	at sun.reflect.NativeMethodAccessorImpl.invoke0(Native Method)
	at sun.reflect.NativeMethodAccessorImpl.invoke(NativeMethodAccessorImpl.java:62)
	at sun.reflect.DelegatingMethodAccessorImpl.invoke(DelegatingMethodAccessorImpl.java:43)
	at java.lang.reflect.Method.invoke(Method.java:498)
	at org.apache.maven.surefire.util.ReflectionUtils.invokeMethodWithArray(ReflectionUtils.java:189)
	at org.apache.maven.surefire.booter.ProviderFactory$ProviderProxy.invoke(ProviderFactory.java:165)
	at org.apache.maven.surefire.booter.ProviderFactory.invokeProvider(ProviderFactory.java:85)
	at org.apache.maven.surefire.booter.ForkedBooter.runSuitesInProcess(ForkedBooter.java:115)
	at org.apache.maven.surefire.booter.ForkedBooter.main(ForkedBooter.java:75)
Caused by: org.apache.ibatis.builder.BuilderException: Wrong namespace. Expected &apos;cn.itrip.dao.hotelroom.HotelroomMapper&apos; but found &apos;cn.itrip.dao.HotelroomMapper&apos;.
	at org.apache.ibatis.builder.MapperBuilderAssistant.setCurrentNamespace(MapperBuilderAssistant.java:75)
	at org.apache.ibatis.builder.xml.XMLMapperBuilder.configurationElement(XMLMapperBuilder.java:105)
	... 114 more
- (1238 ms) - [WARN] 2019-01-15 20:55:32,171 org.springframework.beans.factory.support.DefaultListableBeanFactory - Bean creation exception on FactoryBean type check: org.springframework.beans.factory.BeanCreationException: Error creating bean with name &apos;hotelroomMapper&apos; defined in file [E:\ideaXM\itrip\itrip-dao\target\classes\cn\itrip\dao\hotelroom\HotelroomMapper.class]: Invocation of init method failed; nested exception is java.lang.IllegalArgumentException: java.lang.RuntimeException: Error parsing Mapper XML. Cause: org.apache.ibatis.builder.BuilderException: Wrong namespace. Expected &apos;cn.itrip.dao.hotelroom.HotelroomMapper&apos; but found &apos;cn.itrip.dao.HotelroomMapper&apos;.
- (1239 ms) - [DEBUG] 2019-01-15 20:55:32,172 org.springframework.beans.factory.support.DefaultListableBeanFactory - Returning cached instance of singleton bean &apos;sqlSessionFactoryBean&apos;
- (1239 ms) - [DEBUG] 2019-01-15 20:55:32,172 org.springframework.beans.factory.support.DefaultListableBeanFactory - Autowiring by type from bean name &apos;itripHotelMapper&apos; via property &apos;sqlSessionFactory&apos; to bean named &apos;sqlSessionFactoryBean&apos;
- (1239 ms) - [DEBUG] 2019-01-15 20:55:32,172 org.springframework.beans.factory.support.DefaultListableBeanFactory - Creating shared instance of singleton bean &apos;hotelroomMapper&apos;
- (1240 ms) - [DEBUG] 2019-01-15 20:55:32,173 org.springframework.beans.factory.support.DefaultListableBeanFactory - Creating instance of bean &apos;hotelroomMapper&apos;
- (1240 ms) - [DEBUG] 2019-01-15 20:55:32,173 org.springframework.beans.factory.support.DefaultListableBeanFactory - Eagerly caching bean &apos;hotelroomMapper&apos; to allow for resolving potential circular references
- (1241 ms) - [DEBUG] 2019-01-15 20:55:32,174 org.springframework.beans.factory.support.DefaultListableBeanFactory - Returning cached instance of singleton bean &apos;sqlSessionFactoryBean&apos;
- (1241 ms) - [DEBUG] 2019-01-15 20:55:32,174 org.springframework.beans.factory.support.DefaultListableBeanFactory - Autowiring by type from bean name &apos;hotelroomMapper&apos; via property &apos;sqlSessionFactory&apos; to bean named &apos;sqlSessionFactoryBean&apos;
- (1241 ms) - [DEBUG] 2019-01-15 20:55:32,174 org.springframework.beans.factory.support.DefaultListableBeanFactory - Returning eagerly cached instance of singleton bean &apos;hotelroomMapper&apos; that is not fully initialized yet - a consequence of a circular reference
- (1243 ms) - [DEBUG] 2019-01-15 20:55:32,176 org.springframework.beans.factory.support.DefaultListableBeanFactory - Invoking afterPropertiesSet() on bean with name &apos;hotelroomMapper&apos;
- (1248 ms) - [ERROR] 2019-01-15 20:55:32,181 org.mybatis.spring.mapper.MapperFactoryBean - Error while adding the mapper &apos;interface cn.itrip.dao.hotelroom.HotelroomMapper&apos; to configuration.
java.lang.RuntimeException: Error parsing Mapper XML. Cause: org.apache.ibatis.builder.BuilderException: Wrong namespace. Expected &apos;cn.itrip.dao.hotelroom.HotelroomMapper&apos; but found &apos;cn.itrip.dao.HotelroomMapper&apos;.
	at org.apache.ibatis.builder.xml.XMLMapperBuilder.configurationElement(XMLMapperBuilder.java:113)
	at org.apache.ibatis.builder.xml.XMLMapperBuilder.parse(XMLMapperBuilder.java:88)
	at org.apache.ibatis.builder.annotation.MapperAnnotationBuilder.loadXmlResource(MapperAnnotationBuilder.java:159)
	at org.apache.ibatis.builder.annotation.MapperAnnotationBuilder.parse(MapperAnnotationBuilder.java:113)
	at org.apache.ibatis.binding.MapperRegistry.addMapper(MapperRegistry.java:66)
	at org.apache.ibatis.session.Configuration.addMapper(Configuration.java:635)
	at org.mybatis.spring.mapper.MapperFactoryBean.checkDaoConfig(MapperFactoryBean.java:95)
	at org.springframework.dao.support.DaoSupport.afterPropertiesSet(DaoSupport.java:44)
	at org.springframework.beans.factory.support.AbstractAutowireCapableBeanFactory.invokeInitMethods(AbstractAutowireCapableBeanFactory.java:1633)
	at org.springframework.beans.factory.support.AbstractAutowireCapableBeanFactory.initializeBean(AbstractAutowireCapableBeanFactory.java:1570)
	at org.springframework.beans.factory.support.AbstractAutowireCapableBeanFactory.doCreateBean(AbstractAutowireCapableBeanFactory.java:539)
	at org.springframework.beans.factory.support.AbstractAutowireCapableBeanFactory.createBean(AbstractAutowireCapableBeanFactory.java:476)
	at org.springframework.beans.factory.support.AbstractBeanFactory$1.getObject(AbstractBeanFactory.java:303)
	at org.springframework.beans.factory.support.DefaultSingletonBeanRegistry.getSingleton(DefaultSingletonBeanRegistry.java:230)
	at org.springframework.beans.factory.support.AbstractBeanFactory.doGetBean(AbstractBeanFactory.java:299)
	at org.springframework.beans.factory.support.AbstractBeanFactory.getTypeForFactoryBean(AbstractBeanFactory.java:1421)
	at org.springframework.beans.factory.support.AbstractAutowireCapableBeanFactory.getTypeForFactoryBean(AbstractAutowireCapableBeanFactory.java:802)
	at org.springframework.beans.factory.support.AbstractBeanFactory.isTypeMatch(AbstractBeanFactory.java:542)
	at org.springframework.beans.factory.support.DefaultListableBeanFactory.doGetBeanNamesForType(DefaultListableBeanFactory.java:436)
	at org.springframework.beans.factory.support.DefaultListableBeanFactory.getBeanNamesForType(DefaultListableBeanFactory.java:412)
	at org.springframework.beans.factory.BeanFactoryUtils.beanNamesForTypeIncludingAncestors(BeanFactoryUtils.java:186)
	at org.springframework.beans.factory.support.DefaultListableBeanFactory.findAutowireCandidates(DefaultListableBeanFactory.java:1105)
	at org.springframework.beans.factory.support.DefaultListableBeanFactory.doResolveDependency(DefaultListableBeanFactory.java:1044)
	at org.springframework.beans.factory.support.DefaultListableBeanFactory.resolveDependency(DefaultListableBeanFactory.java:942)
	at org.springframework.beans.factory.support.AbstractAutowireCapableBeanFactory.autowireByType(AbstractAutowireCapableBeanFactory.java:1288)
	at org.springframework.beans.factory.support.AbstractAutowireCapableBeanFactory.populateBean(AbstractAutowireCapableBeanFactory.java:1195)
	at org.springframework.beans.factory.support.AbstractAutowireCapableBeanFactory.doCreateBean(AbstractAutowireCapableBeanFactory.java:537)
	at org.springframework.beans.factory.support.AbstractAutowireCapableBeanFactory.createBean(AbstractAutowireCapableBeanFactory.java:476)
	at org.springframework.beans.factory.support.AbstractBeanFactory$1.getObject(AbstractBeanFactory.java:303)
	at org.springframework.beans.factory.support.DefaultSingletonBeanRegistry.getSingleton(DefaultSingletonBeanRegistry.java:230)
	at org.springframework.beans.factory.support.AbstractBeanFactory.doGetBean(AbstractBeanFactory.java:299)
	at org.springframework.beans.factory.support.AbstractBeanFactory.getTypeForFactoryBean(AbstractBeanFactory.java:1421)
	at org.springframework.beans.factory.support.AbstractAutowireCapableBeanFactory.getTypeForFactoryBean(AbstractAutowireCapableBeanFactory.java:802)
	at org.springframework.beans.factory.support.AbstractBeanFactory.isTypeMatch(AbstractBeanFactory.java:542)
	at org.springframework.beans.factory.support.DefaultListableBeanFactory.doGetBeanNamesForType(DefaultListableBeanFactory.java:436)
	at org.springframework.beans.factory.support.DefaultListableBeanFactory.getBeanNamesForType(DefaultListableBeanFactory.java:412)
	at org.springframework.beans.factory.BeanFactoryUtils.beanNamesForTypeIncludingAncestors(BeanFactoryUtils.java:186)
	at org.springframework.beans.factory.support.DefaultListableBeanFactory.findAutowireCandidates(DefaultListableBeanFactory.java:1105)
	at org.springframework.beans.factory.support.DefaultListableBeanFactory.doResolveDependency(DefaultListableBeanFactory.java:1044)
	at org.springframework.beans.factory.support.DefaultListableBeanFactory.resolveDependency(DefaultListableBeanFactory.java:942)
	at org.springframework.beans.factory.support.AbstractAutowireCapableBeanFactory.autowireByType(AbstractAutowireCapableBeanFactory.java:1288)
	at org.springframework.beans.factory.support.AbstractAutowireCapableBeanFactory.populateBean(AbstractAutowireCapableBeanFactory.java:1195)
	at org.springframework.beans.factory.support.AbstractAutowireCapableBeanFactory.doCreateBean(AbstractAutowireCapableBeanFactory.java:537)
	at org.springframework.beans.factory.support.AbstractAutowireCapableBeanFactory.createBean(AbstractAutowireCapableBeanFactory.java:476)
	at org.springframework.beans.factory.support.AbstractBeanFactory$1.getObject(AbstractBeanFactory.java:303)
	at org.springframework.beans.factory.support.DefaultSingletonBeanRegistry.getSingleton(DefaultSingletonBeanRegistry.java:230)
	at org.springframework.beans.factory.support.AbstractBeanFactory.doGetBean(AbstractBeanFactory.java:299)
	at org.springframework.beans.factory.support.AbstractBeanFactory.getTypeForFactoryBean(AbstractBeanFactory.java:1421)
	at org.springframework.beans.factory.support.AbstractAutowireCapableBeanFactory.getTypeForFactoryBean(AbstractAutowireCapableBeanFactory.java:802)
	at org.springframework.beans.factory.support.AbstractBeanFactory.isTypeMatch(AbstractBeanFactory.java:542)
	at org.springframework.beans.factory.support.DefaultListableBeanFactory.doGetBeanNamesForType(DefaultListableBeanFactory.java:436)
	at org.springframework.beans.factory.support.DefaultListableBeanFactory.getBeanNamesForType(DefaultListableBeanFactory.java:412)
	at org.springframework.beans.factory.BeanFactoryUtils.beanNamesForTypeIncludingAncestors(BeanFactoryUtils.java:186)
	at org.springframework.beans.factory.support.DefaultListableBeanFactory.findAutowireCandidates(DefaultListableBeanFactory.java:1105)
	at org.springframework.beans.factory.support.DefaultListableBeanFactory.doResolveDependency(DefaultListableBeanFactory.java:1044)
	at org.springframework.beans.factory.support.DefaultListableBeanFactory.resolveDependency(DefaultListableBeanFactory.java:942)
	at org.springframework.beans.factory.support.AbstractAutowireCapableBeanFactory.autowireByType(AbstractAutowireCapableBeanFactory.java:1288)
	at org.springframework.beans.factory.support.AbstractAutowireCapableBeanFactory.populateBean(AbstractAutowireCapableBeanFactory.java:1195)
	at org.springframework.beans.factory.support.AbstractAutowireCapableBeanFactory.doCreateBean(AbstractAutowireCapableBeanFactory.java:537)
	at org.springframework.beans.factory.support.AbstractAutowireCapableBeanFactory.createBean(AbstractAutowireCapableBeanFactory.java:476)
	at org.springframework.beans.factory.support.AbstractBeanFactory$1.getObject(AbstractBeanFactory.java:303)
	at org.springframework.beans.factory.support.DefaultSingletonBeanRegistry.getSingleton(DefaultSingletonBeanRegistry.java:230)
	at org.springframework.beans.factory.support.AbstractBeanFactory.doGetBean(AbstractBeanFactory.java:299)
	at org.springframework.beans.factory.support.AbstractBeanFactory.getTypeForFactoryBean(AbstractBeanFactory.java:1421)
	at org.springframework.beans.factory.support.AbstractAutowireCapableBeanFactory.getTypeForFactoryBean(AbstractAutowireCapableBeanFactory.java:802)
	at org.springframework.beans.factory.support.AbstractBeanFactory.isTypeMatch(AbstractBeanFactory.java:542)
	at org.springframework.beans.factory.support.DefaultListableBeanFactory.doGetBeanNamesForType(DefaultListableBeanFactory.java:436)
	at org.springframework.beans.factory.support.DefaultListableBeanFactory.getBeanNamesForType(DefaultListableBeanFactory.java:412)
	at org.springframework.beans.factory.BeanFactoryUtils.beanNamesForTypeIncludingAncestors(BeanFactoryUtils.java:186)
	at org.springframework.beans.factory.support.DefaultListableBeanFactory.findAutowireCandidates(DefaultListableBeanFactory.java:1105)
	at org.springframework.beans.factory.support.DefaultListableBeanFactory.doResolveDependency(DefaultListableBeanFactory.java:1044)
	at org.springframework.beans.factory.support.DefaultListableBeanFactory.resolveDependency(DefaultListableBeanFactory.java:942)
	at org.springframework.beans.factory.support.AbstractAutowireCapableBeanFactory.autowireByType(AbstractAutowireCapableBeanFactory.java:1288)
	at org.springframework.beans.factory.support.AbstractAutowireCapableBeanFactory.populateBean(AbstractAutowireCapableBeanFactory.java:1195)
	at org.springframework.beans.factory.support.AbstractAutowireCapableBeanFactory.doCreateBean(AbstractAutowireCapableBeanFactory.java:537)
	at org.springframework.beans.factory.support.AbstractAutowireCapableBeanFactory.createBean(AbstractAutowireCapableBeanFactory.java:476)
	at org.springframework.beans.factory.support.AbstractBeanFactory$1.getObject(AbstractBeanFactory.java:303)
	at org.springframework.beans.factory.support.DefaultSingletonBeanRegistry.getSingleton(DefaultSingletonBeanRegistry.java:230)
	at org.springframework.beans.factory.support.AbstractBeanFactory.doGetBean(AbstractBeanFactory.java:299)
	at org.springframework.beans.factory.support.AbstractBeanFactory.getBean(AbstractBeanFactory.java:194)
	at org.springframework.beans.factory.support.DefaultListableBeanFactory.preInstantiateSingletons(DefaultListableBeanFactory.java:736)
	at org.springframework.context.support.AbstractApplicationContext.finishBeanFactoryInitialization(AbstractApplicationContext.java:757)
	at org.springframework.context.support.AbstractApplicationContext.refresh(AbstractApplicationContext.java:480)
	at org.springframework.context.support.ClassPathXmlApplicationContext.&lt;init&gt;(ClassPathXmlApplicationContext.java:139)
	at org.springframework.context.support.ClassPathXmlApplicationContext.&lt;init&gt;(ClassPathXmlApplicationContext.java:83)
	at cn.itrip.dao.user.TestItripUserMapper.testGetCount(TestItripUserMapper.java:30)
	at sun.reflect.NativeMethodAccessorImpl.invoke0(Native Method)
	at sun.reflect.NativeMethodAccessorImpl.invoke(NativeMethodAccessorImpl.java:62)
	at sun.reflect.DelegatingMethodAccessorImpl.invoke(DelegatingMethodAccessorImpl.java:43)
	at java.lang.reflect.Method.invoke(Method.java:498)
	at org.junit.runners.model.FrameworkMethod$1.runReflectiveCall(FrameworkMethod.java:47)
	at org.junit.internal.runners.model.ReflectiveCallable.run(ReflectiveCallable.java:12)
	at org.junit.runners.model.FrameworkMethod.invokeExplosively(FrameworkMethod.java:44)
	at org.junit.internal.runners.statements.InvokeMethod.evaluate(InvokeMethod.java:17)
	at org.junit.runners.ParentRunner.runLeaf(ParentRunner.java:271)
	at org.junit.runners.BlockJUnit4ClassRunner.runChild(BlockJUnit4ClassRunner.java:70)
	at org.junit.runners.BlockJUnit4ClassRunner.runChild(BlockJUnit4ClassRunner.java:50)
	at org.junit.runners.ParentRunner$3.run(ParentRunner.java:238)
	at org.junit.runners.ParentRunner$1.schedule(ParentRunner.java:63)
	at org.junit.runners.ParentRunner.runChildren(ParentRunner.java:236)
	at org.junit.runners.ParentRunner.access$000(ParentRunner.java:53)
	at org.junit.runners.ParentRunner$2.evaluate(ParentRunner.java:229)
	at org.junit.runners.ParentRunner.run(ParentRunner.java:309)
	at org.apache.maven.surefire.junit4.JUnit4Provider.execute(JUnit4Provider.java:252)
	at org.apache.maven.surefire.junit4.JUnit4Provider.executeTestSet(JUnit4Provider.java:141)
	at org.apache.maven.surefire.junit4.JUnit4Provider.invoke(JUnit4Provider.java:112)
	at sun.reflect.NativeMethodAccessorImpl.invoke0(Native Method)
	at sun.reflect.NativeMethodAccessorImpl.invoke(NativeMethodAccessorImpl.java:62)
	at sun.reflect.DelegatingMethodAccessorImpl.invoke(DelegatingMethodAccessorImpl.java:43)
	at java.lang.reflect.Method.invoke(Method.java:498)
	at org.apache.maven.surefire.util.ReflectionUtils.invokeMethodWithArray(ReflectionUtils.java:189)
	at org.apache.maven.surefire.booter.ProviderFactory$ProviderProxy.invoke(ProviderFactory.java:165)
	at org.apache.maven.surefire.booter.ProviderFactory.invokeProvider(ProviderFactory.java:85)
	at org.apache.maven.surefire.booter.ForkedBooter.runSuitesInProcess(ForkedBooter.java:115)
	at org.apache.maven.surefire.booter.ForkedBooter.main(ForkedBooter.java:75)
Caused by: org.apache.ibatis.builder.BuilderException: Wrong namespace. Expected &apos;cn.itrip.dao.hotelroom.HotelroomMapper&apos; but found &apos;cn.itrip.dao.HotelroomMapper&apos;.
	at org.apache.ibatis.builder.MapperBuilderAssistant.setCurrentNamespace(MapperBuilderAssistant.java:75)
	at org.apache.ibatis.builder.xml.XMLMapperBuilder.configurationElement(XMLMapperBuilder.java:105)
	... 114 more
- (1250 ms) - [WARN] 2019-01-15 20:55:32,183 org.springframework.beans.factory.support.DefaultListableBeanFactory - Bean creation exception on FactoryBean type check: org.springframework.beans.factory.BeanCreationException: Error creating bean with name &apos;hotelroomMapper&apos; defined in file [E:\ideaXM\itrip\itrip-dao\target\classes\cn\itrip\dao\hotelroom\HotelroomMapper.class]: Invocation of init method failed; nested exception is java.lang.IllegalArgumentException: java.lang.RuntimeException: Error parsing Mapper XML. Cause: org.apache.ibatis.builder.BuilderException: Wrong namespace. Expected &apos;cn.itrip.dao.hotelroom.HotelroomMapper&apos; but found &apos;cn.itrip.dao.HotelroomMapper&apos;.
- (1253 ms) - [DEBUG] 2019-01-15 20:55:32,186 org.springframework.beans.factory.support.DefaultListableBeanFactory - Invoking afterPropertiesSet() on bean with name &apos;itripHotelMapper&apos;
- (1259 ms) - [DEBUG] 2019-01-15 20:55:32,192 org.springframework.beans.factory.support.DefaultListableBeanFactory - Finished creating instance of bean &apos;itripHotelMapper&apos;
- (1260 ms) - [DEBUG] 2019-01-15 20:55:32,193 org.springframework.beans.factory.support.DefaultListableBeanFactory - Creating shared instance of singleton bean &apos;hotelroomMapper&apos;
- (1260 ms) - [DEBUG] 2019-01-15 20:55:32,193 org.springframework.beans.factory.support.DefaultListableBeanFactory - Creating instance of bean &apos;hotelroomMapper&apos;
- (1261 ms) - [DEBUG] 2019-01-15 20:55:32,194 org.springframework.beans.factory.support.DefaultListableBeanFactory - Eagerly caching bean &apos;hotelroomMapper&apos; to allow for resolving potential circular references
- (1261 ms) - [DEBUG] 2019-01-15 20:55:32,194 org.springframework.beans.factory.support.DefaultListableBeanFactory - Returning eagerly cached instance of singleton bean &apos;hotelroomMapper&apos; that is not fully initialized yet - a consequence of a circular reference
- (1261 ms) - [DEBUG] 2019-01-15 20:55:32,194 org.springframework.beans.factory.support.DefaultListableBeanFactory - Returning cached instance of singleton bean &apos;sqlSessionFactoryBean&apos;
- (1262 ms) - [DEBUG] 2019-01-15 20:55:32,195 org.springframework.beans.factory.support.DefaultListableBeanFactory - Autowiring by type from bean name &apos;hotelroomMapper&apos; via property &apos;sqlSessionFactory&apos; to bean named &apos;sqlSessionFactoryBean&apos;
- (1262 ms) - [DEBUG] 2019-01-15 20:55:32,195 org.springframework.beans.factory.support.DefaultListableBeanFactory - Invoking afterPropertiesSet() on bean with name &apos;hotelroomMapper&apos;
- (1266 ms) - [ERROR] 2019-01-15 20:55:32,199 org.mybatis.spring.mapper.MapperFactoryBean - Error while adding the mapper &apos;interface cn.itrip.dao.hotelroom.HotelroomMapper&apos; to configuration.
java.lang.RuntimeException: Error parsing Mapper XML. Cause: org.apache.ibatis.builder.BuilderException: Wrong namespace. Expected &apos;cn.itrip.dao.hotelroom.HotelroomMapper&apos; but found &apos;cn.itrip.dao.HotelroomMapper&apos;.
	at org.apache.ibatis.builder.xml.XMLMapperBuilder.configurationElement(XMLMapperBuilder.java:113)
	at org.apache.ibatis.builder.xml.XMLMapperBuilder.parse(XMLMapperBuilder.java:88)
	at org.apache.ibatis.builder.annotation.MapperAnnotationBuilder.loadXmlResource(MapperAnnotationBuilder.java:159)
	at org.apache.ibatis.builder.annotation.MapperAnnotationBuilder.parse(MapperAnnotationBuilder.java:113)
	at org.apache.ibatis.binding.MapperRegistry.addMapper(MapperRegistry.java:66)
	at org.apache.ibatis.session.Configuration.addMapper(Configuration.java:635)
	at org.mybatis.spring.mapper.MapperFactoryBean.checkDaoConfig(MapperFactoryBean.java:95)
	at org.springframework.dao.support.DaoSupport.afterPropertiesSet(DaoSupport.java:44)
	at org.springframework.beans.factory.support.AbstractAutowireCapableBeanFactory.invokeInitMethods(AbstractAutowireCapableBeanFactory.java:1633)
	at org.springframework.beans.factory.support.AbstractAutowireCapableBeanFactory.initializeBean(AbstractAutowireCapableBeanFactory.java:1570)
	at org.springframework.beans.factory.support.AbstractAutowireCapableBeanFactory.doCreateBean(AbstractAutowireCapableBeanFactory.java:539)
	at org.springframework.beans.factory.support.AbstractAutowireCapableBeanFactory.createBean(AbstractAutowireCapableBeanFactory.java:476)
	at org.springframework.beans.factory.support.AbstractBeanFactory$1.getObject(AbstractBeanFactory.java:303)
	at org.springframework.beans.factory.support.DefaultSingletonBeanRegistry.getSingleton(DefaultSingletonBeanRegistry.java:230)
	at org.springframework.beans.factory.support.AbstractBeanFactory.doGetBean(AbstractBeanFactory.java:299)
	at org.springframework.beans.factory.support.AbstractBeanFactory.getTypeForFactoryBean(AbstractBeanFactory.java:1421)
	at org.springframework.beans.factory.support.AbstractAutowireCapableBeanFactory.getTypeForFactoryBean(AbstractAutowireCapableBeanFactory.java:802)
	at org.springframework.beans.factory.support.AbstractBeanFactory.isTypeMatch(AbstractBeanFactory.java:542)
	at org.springframework.beans.factory.support.DefaultListableBeanFactory.doGetBeanNamesForType(DefaultListableBeanFactory.java:436)
	at org.springframework.beans.factory.support.DefaultListableBeanFactory.getBeanNamesForType(DefaultListableBeanFactory.java:412)
	at org.springframework.beans.factory.BeanFactoryUtils.beanNamesForTypeIncludingAncestors(BeanFactoryUtils.java:186)
	at org.springframework.beans.factory.support.DefaultListableBeanFactory.findAutowireCandidates(DefaultListableBeanFactory.java:1105)
	at org.springframework.beans.factory.support.DefaultListableBeanFactory.doResolveDependency(DefaultListableBeanFactory.java:1044)
	at org.springframework.beans.factory.support.DefaultListableBeanFactory.resolveDependency(DefaultListableBeanFactory.java:942)
	at org.springframework.beans.factory.support.AbstractAutowireCapableBeanFactory.autowireByType(AbstractAutowireCapableBeanFactory.java:1288)
	at org.springframework.beans.factory.support.AbstractAutowireCapableBeanFactory.populateBean(AbstractAutowireCapableBeanFactory.java:1195)
	at org.springframework.beans.factory.support.AbstractAutowireCapableBeanFactory.doCreateBean(AbstractAutowireCapableBeanFactory.java:537)
	at org.springframework.beans.factory.support.AbstractAutowireCapableBeanFactory.createBean(AbstractAutowireCapableBeanFactory.java:476)
	at org.springframework.beans.factory.support.AbstractBeanFactory$1.getObject(AbstractBeanFactory.java:303)
	at org.springframework.beans.factory.support.DefaultSingletonBeanRegistry.getSingleton(DefaultSingletonBeanRegistry.java:230)
	at org.springframework.beans.factory.support.AbstractBeanFactory.doGetBean(AbstractBeanFactory.java:299)
	at org.springframework.beans.factory.support.AbstractBeanFactory.getTypeForFactoryBean(AbstractBeanFactory.java:1421)
	at org.springframework.beans.factory.support.AbstractAutowireCapableBeanFactory.getTypeForFactoryBean(AbstractAutowireCapableBeanFactory.java:802)
	at org.springframework.beans.factory.support.AbstractBeanFactory.isTypeMatch(AbstractBeanFactory.java:542)
	at org.springframework.beans.factory.support.DefaultListableBeanFactory.doGetBeanNamesForType(DefaultListableBeanFactory.java:436)
	at org.springframework.beans.factory.support.DefaultListableBeanFactory.getBeanNamesForType(DefaultListableBeanFactory.java:412)
	at org.springframework.beans.factory.BeanFactoryUtils.beanNamesForTypeIncludingAncestors(BeanFactoryUtils.java:186)
	at org.springframework.beans.factory.support.DefaultListableBeanFactory.findAutowireCandidates(DefaultListableBeanFactory.java:1105)
	at org.springframework.beans.factory.support.DefaultListableBeanFactory.doResolveDependency(DefaultListableBeanFactory.java:1044)
	at org.springframework.beans.factory.support.DefaultListableBeanFactory.resolveDependency(DefaultListableBeanFactory.java:942)
	at org.springframework.beans.factory.support.AbstractAutowireCapableBeanFactory.autowireByType(AbstractAutowireCapableBeanFactory.java:1288)
	at org.springframework.beans.factory.support.AbstractAutowireCapableBeanFactory.populateBean(AbstractAutowireCapableBeanFactory.java:1195)
	at org.springframework.beans.factory.support.AbstractAutowireCapableBeanFactory.doCreateBean(AbstractAutowireCapableBeanFactory.java:537)
	at org.springframework.beans.factory.support.AbstractAutowireCapableBeanFactory.createBean(AbstractAutowireCapableBeanFactory.java:476)
	at org.springframework.beans.factory.support.AbstractBeanFactory$1.getObject(AbstractBeanFactory.java:303)
	at org.springframework.beans.factory.support.DefaultSingletonBeanRegistry.getSingleton(DefaultSingletonBeanRegistry.java:230)
	at org.springframework.beans.factory.support.AbstractBeanFactory.doGetBean(AbstractBeanFactory.java:299)
	at org.springframework.beans.factory.support.AbstractBeanFactory.getTypeForFactoryBean(AbstractBeanFactory.java:1421)
	at org.springframework.beans.factory.support.AbstractAutowireCapableBeanFactory.getTypeForFactoryBean(AbstractAutowireCapableBeanFactory.java:802)
	at org.springframework.beans.factory.support.AbstractBeanFactory.isTypeMatch(AbstractBeanFactory.java:542)
	at org.springframework.beans.factory.support.DefaultListableBeanFactory.doGetBeanNamesForType(DefaultListableBeanFactory.java:436)
	at org.springframework.beans.factory.support.DefaultListableBeanFactory.getBeanNamesForType(DefaultListableBeanFactory.java:412)
	at org.springframework.beans.factory.BeanFactoryUtils.beanNamesForTypeIncludingAncestors(BeanFactoryUtils.java:186)
	at org.springframework.beans.factory.support.DefaultListableBeanFactory.findAutowireCandidates(DefaultListableBeanFactory.java:1105)
	at org.springframework.beans.factory.support.DefaultListableBeanFactory.doResolveDependency(DefaultListableBeanFactory.java:1044)
	at org.springframework.beans.factory.support.DefaultListableBeanFactory.resolveDependency(DefaultListableBeanFactory.java:942)
	at org.springframework.beans.factory.support.AbstractAutowireCapableBeanFactory.autowireByType(AbstractAutowireCapableBeanFactory.java:1288)
	at org.springframework.beans.factory.support.AbstractAutowireCapableBeanFactory.populateBean(AbstractAutowireCapableBeanFactory.java:1195)
	at org.springframework.beans.factory.support.AbstractAutowireCapableBeanFactory.doCreateBean(AbstractAutowireCapableBeanFactory.java:537)
	at org.springframework.beans.factory.support.AbstractAutowireCapableBeanFactory.createBean(AbstractAutowireCapableBeanFactory.java:476)
	at org.springframework.beans.factory.support.AbstractBeanFactory$1.getObject(AbstractBeanFactory.java:303)
	at org.springframework.beans.factory.support.DefaultSingletonBeanRegistry.getSingleton(DefaultSingletonBeanRegistry.java:230)
	at org.springframework.beans.factory.support.AbstractBeanFactory.doGetBean(AbstractBeanFactory.java:299)
	at org.springframework.beans.factory.support.AbstractBeanFactory.getBean(AbstractBeanFactory.java:194)
	at org.springframework.beans.factory.support.DefaultListableBeanFactory.preInstantiateSingletons(DefaultListableBeanFactory.java:736)
	at org.springframework.context.support.AbstractApplicationContext.finishBeanFactoryInitialization(AbstractApplicationContext.java:757)
	at org.springframework.context.support.AbstractApplicationContext.refresh(AbstractApplicationContext.java:480)
	at org.springframework.context.support.ClassPathXmlApplicationContext.&lt;init&gt;(ClassPathXmlApplicationContext.java:139)
	at org.springframework.context.support.ClassPathXmlApplicationContext.&lt;init&gt;(ClassPathXmlApplicationContext.java:83)
	at cn.itrip.dao.user.TestItripUserMapper.testGetCount(TestItripUserMapper.java:30)
	at sun.reflect.NativeMethodAccessorImpl.invoke0(Native Method)
	at sun.reflect.NativeMethodAccessorImpl.invoke(NativeMethodAccessorImpl.java:62)
	at sun.reflect.DelegatingMethodAccessorImpl.invoke(DelegatingMethodAccessorImpl.java:43)
	at java.lang.reflect.Method.invoke(Method.java:498)
	at org.junit.runners.model.FrameworkMethod$1.runReflectiveCall(FrameworkMethod.java:47)
	at org.junit.internal.runners.model.ReflectiveCallable.run(ReflectiveCallable.java:12)
	at org.junit.runners.model.FrameworkMethod.invokeExplosively(FrameworkMethod.java:44)
	at org.junit.internal.runners.statements.InvokeMethod.evaluate(InvokeMethod.java:17)
	at org.junit.runners.ParentRunner.runLeaf(ParentRunner.java:271)
	at org.junit.runners.BlockJUnit4ClassRunner.runChild(BlockJUnit4ClassRunner.java:70)
	at org.junit.runners.BlockJUnit4ClassRunner.runChild(BlockJUnit4ClassRunner.java:50)
	at org.junit.runners.ParentRunner$3.run(ParentRunner.java:238)
	at org.junit.runners.ParentRunner$1.schedule(ParentRunner.java:63)
	at org.junit.runners.ParentRunner.runChildren(ParentRunner.java:236)
	at org.junit.runners.ParentRunner.access$000(ParentRunner.java:53)
	at org.junit.runners.ParentRunner$2.evaluate(ParentRunner.java:229)
	at org.junit.runners.ParentRunner.run(ParentRunner.java:309)
	at org.apache.maven.surefire.junit4.JUnit4Provider.execute(JUnit4Provider.java:252)
	at org.apache.maven.surefire.junit4.JUnit4Provider.executeTestSet(JUnit4Provider.java:141)
	at org.apache.maven.surefire.junit4.JUnit4Provider.invoke(JUnit4Provider.java:112)
	at sun.reflect.NativeMethodAccessorImpl.invoke0(Native Method)
	at sun.reflect.NativeMethodAccessorImpl.invoke(NativeMethodAccessorImpl.java:62)
	at sun.reflect.DelegatingMethodAccessorImpl.invoke(DelegatingMethodAccessorImpl.java:43)
	at java.lang.reflect.Method.invoke(Method.java:498)
	at org.apache.maven.surefire.util.ReflectionUtils.invokeMethodWithArray(ReflectionUtils.java:189)
	at org.apache.maven.surefire.booter.ProviderFactory$ProviderProxy.invoke(ProviderFactory.java:165)
	at org.apache.maven.surefire.booter.ProviderFactory.invokeProvider(ProviderFactory.java:85)
	at org.apache.maven.surefire.booter.ForkedBooter.runSuitesInProcess(ForkedBooter.java:115)
	at org.apache.maven.surefire.booter.ForkedBooter.main(ForkedBooter.java:75)
Caused by: org.apache.ibatis.builder.BuilderException: Wrong namespace. Expected &apos;cn.itrip.dao.hotelroom.HotelroomMapper&apos; but found &apos;cn.itrip.dao.HotelroomMapper&apos;.
	at org.apache.ibatis.builder.MapperBuilderAssistant.setCurrentNamespace(MapperBuilderAssistant.java:75)
	at org.apache.ibatis.builder.xml.XMLMapperBuilder.configurationElement(XMLMapperBuilder.java:105)
	... 98 more
- (1275 ms) - [WARN] 2019-01-15 20:55:32,208 org.springframework.beans.factory.support.DefaultListableBeanFactory - Bean creation exception on FactoryBean type check: org.springframework.beans.factory.BeanCreationException: Error creating bean with name &apos;hotelroomMapper&apos; defined in file [E:\ideaXM\itrip\itrip-dao\target\classes\cn\itrip\dao\hotelroom\HotelroomMapper.class]: Invocation of init method failed; nested exception is java.lang.IllegalArgumentException: java.lang.RuntimeException: Error parsing Mapper XML. Cause: org.apache.ibatis.builder.BuilderException: Wrong namespace. Expected &apos;cn.itrip.dao.hotelroom.HotelroomMapper&apos; but found &apos;cn.itrip.dao.HotelroomMapper&apos;.
- (1276 ms) - [DEBUG] 2019-01-15 20:55:32,209 org.springframework.beans.factory.support.DefaultListableBeanFactory - Returning cached instance of singleton bean &apos;sqlSessionFactoryBean&apos;
- (1276 ms) - [DEBUG] 2019-01-15 20:55:32,209 org.springframework.beans.factory.support.DefaultListableBeanFactory - Autowiring by type from bean name &apos;itripCommentMapper&apos; via property &apos;sqlSessionFactory&apos; to bean named &apos;sqlSessionFactoryBean&apos;
- (1277 ms) - [DEBUG] 2019-01-15 20:55:32,210 org.springframework.beans.factory.support.DefaultListableBeanFactory - Creating shared instance of singleton bean &apos;hotelroomMapper&apos;
- (1277 ms) - [DEBUG] 2019-01-15 20:55:32,210 org.springframework.beans.factory.support.DefaultListableBeanFactory - Creating instance of bean &apos;hotelroomMapper&apos;
- (1277 ms) - [DEBUG] 2019-01-15 20:55:32,210 org.springframework.beans.factory.support.DefaultListableBeanFactory - Eagerly caching bean &apos;hotelroomMapper&apos; to allow for resolving potential circular references
- (1278 ms) - [DEBUG] 2019-01-15 20:55:32,211 org.springframework.beans.factory.support.DefaultListableBeanFactory - Returning cached instance of singleton bean &apos;sqlSessionFactoryBean&apos;
- (1278 ms) - [DEBUG] 2019-01-15 20:55:32,211 org.springframework.beans.factory.support.DefaultListableBeanFactory - Autowiring by type from bean name &apos;hotelroomMapper&apos; via property &apos;sqlSessionFactory&apos; to bean named &apos;sqlSessionFactoryBean&apos;
- (1279 ms) - [DEBUG] 2019-01-15 20:55:32,212 org.springframework.beans.factory.support.DefaultListableBeanFactory - Returning eagerly cached instance of singleton bean &apos;hotelroomMapper&apos; that is not fully initialized yet - a consequence of a circular reference
- (1279 ms) - [DEBUG] 2019-01-15 20:55:32,212 org.springframework.beans.factory.support.DefaultListableBeanFactory - Invoking afterPropertiesSet() on bean with name &apos;hotelroomMapper&apos;
- (1283 ms) - [ERROR] 2019-01-15 20:55:32,216 org.mybatis.spring.mapper.MapperFactoryBean - Error while adding the mapper &apos;interface cn.itrip.dao.hotelroom.HotelroomMapper&apos; to configuration.
java.lang.RuntimeException: Error parsing Mapper XML. Cause: org.apache.ibatis.builder.BuilderException: Wrong namespace. Expected &apos;cn.itrip.dao.hotelroom.HotelroomMapper&apos; but found &apos;cn.itrip.dao.HotelroomMapper&apos;.
	at org.apache.ibatis.builder.xml.XMLMapperBuilder.configurationElement(XMLMapperBuilder.java:113)
	at org.apache.ibatis.builder.xml.XMLMapperBuilder.parse(XMLMapperBuilder.java:88)
	at org.apache.ibatis.builder.annotation.MapperAnnotationBuilder.loadXmlResource(MapperAnnotationBuilder.java:159)
	at org.apache.ibatis.builder.annotation.MapperAnnotationBuilder.parse(MapperAnnotationBuilder.java:113)
	at org.apache.ibatis.binding.MapperRegistry.addMapper(MapperRegistry.java:66)
	at org.apache.ibatis.session.Configuration.addMapper(Configuration.java:635)
	at org.mybatis.spring.mapper.MapperFactoryBean.checkDaoConfig(MapperFactoryBean.java:95)
	at org.springframework.dao.support.DaoSupport.afterPropertiesSet(DaoSupport.java:44)
	at org.springframework.beans.factory.support.AbstractAutowireCapableBeanFactory.invokeInitMethods(AbstractAutowireCapableBeanFactory.java:1633)
	at org.springframework.beans.factory.support.AbstractAutowireCapableBeanFactory.initializeBean(AbstractAutowireCapableBeanFactory.java:1570)
	at org.springframework.beans.factory.support.AbstractAutowireCapableBeanFactory.doCreateBean(AbstractAutowireCapableBeanFactory.java:539)
	at org.springframework.beans.factory.support.AbstractAutowireCapableBeanFactory.createBean(AbstractAutowireCapableBeanFactory.java:476)
	at org.springframework.beans.factory.support.AbstractBeanFactory$1.getObject(AbstractBeanFactory.java:303)
	at org.springframework.beans.factory.support.DefaultSingletonBeanRegistry.getSingleton(DefaultSingletonBeanRegistry.java:230)
	at org.springframework.beans.factory.support.AbstractBeanFactory.doGetBean(AbstractBeanFactory.java:299)
	at org.springframework.beans.factory.support.AbstractBeanFactory.getTypeForFactoryBean(AbstractBeanFactory.java:1421)
	at org.springframework.beans.factory.support.AbstractAutowireCapableBeanFactory.getTypeForFactoryBean(AbstractAutowireCapableBeanFactory.java:802)
	at org.springframework.beans.factory.support.AbstractBeanFactory.isTypeMatch(AbstractBeanFactory.java:542)
	at org.springframework.beans.factory.support.DefaultListableBeanFactory.doGetBeanNamesForType(DefaultListableBeanFactory.java:436)
	at org.springframework.beans.factory.support.DefaultListableBeanFactory.getBeanNamesForType(DefaultListableBeanFactory.java:412)
	at org.springframework.beans.factory.BeanFactoryUtils.beanNamesForTypeIncludingAncestors(BeanFactoryUtils.java:186)
	at org.springframework.beans.factory.support.DefaultListableBeanFactory.findAutowireCandidates(DefaultListableBeanFactory.java:1105)
	at org.springframework.beans.factory.support.DefaultListableBeanFactory.doResolveDependency(DefaultListableBeanFactory.java:1044)
	at org.springframework.beans.factory.support.DefaultListableBeanFactory.resolveDependency(DefaultListableBeanFactory.java:942)
	at org.springframework.beans.factory.support.AbstractAutowireCapableBeanFactory.autowireByType(AbstractAutowireCapableBeanFactory.java:1288)
	at org.springframework.beans.factory.support.AbstractAutowireCapableBeanFactory.populateBean(AbstractAutowireCapableBeanFactory.java:1195)
	at org.springframework.beans.factory.support.AbstractAutowireCapableBeanFactory.doCreateBean(AbstractAutowireCapableBeanFactory.java:537)
	at org.springframework.beans.factory.support.AbstractAutowireCapableBeanFactory.createBean(AbstractAutowireCapableBeanFactory.java:476)
	at org.springframework.beans.factory.support.AbstractBeanFactory$1.getObject(AbstractBeanFactory.java:303)
	at org.springframework.beans.factory.support.DefaultSingletonBeanRegistry.getSingleton(DefaultSingletonBeanRegistry.java:230)
	at org.springframework.beans.factory.support.AbstractBeanFactory.doGetBean(AbstractBeanFactory.java:299)
	at org.springframework.beans.factory.support.AbstractBeanFactory.getTypeForFactoryBean(AbstractBeanFactory.java:1421)
	at org.springframework.beans.factory.support.AbstractAutowireCapableBeanFactory.getTypeForFactoryBean(AbstractAutowireCapableBeanFactory.java:802)
	at org.springframework.beans.factory.support.AbstractBeanFactory.isTypeMatch(AbstractBeanFactory.java:542)
	at org.springframework.beans.factory.support.DefaultListableBeanFactory.doGetBeanNamesForType(DefaultListableBeanFactory.java:436)
	at org.springframework.beans.factory.support.DefaultListableBeanFactory.getBeanNamesForType(DefaultListableBeanFactory.java:412)
	at org.springframework.beans.factory.BeanFactoryUtils.beanNamesForTypeIncludingAncestors(BeanFactoryUtils.java:186)
	at org.springframework.beans.factory.support.DefaultListableBeanFactory.findAutowireCandidates(DefaultListableBeanFactory.java:1105)
	at org.springframework.beans.factory.support.DefaultListableBeanFactory.doResolveDependency(DefaultListableBeanFactory.java:1044)
	at org.springframework.beans.factory.support.DefaultListableBeanFactory.resolveDependency(DefaultListableBeanFactory.java:942)
	at org.springframework.beans.factory.support.AbstractAutowireCapableBeanFactory.autowireByType(AbstractAutowireCapableBeanFactory.java:1288)
	at org.springframework.beans.factory.support.AbstractAutowireCapableBeanFactory.populateBean(AbstractAutowireCapableBeanFactory.java:1195)
	at org.springframework.beans.factory.support.AbstractAutowireCapableBeanFactory.doCreateBean(AbstractAutowireCapableBeanFactory.java:537)
	at org.springframework.beans.factory.support.AbstractAutowireCapableBeanFactory.createBean(AbstractAutowireCapableBeanFactory.java:476)
	at org.springframework.beans.factory.support.AbstractBeanFactory$1.getObject(AbstractBeanFactory.java:303)
	at org.springframework.beans.factory.support.DefaultSingletonBeanRegistry.getSingleton(DefaultSingletonBeanRegistry.java:230)
	at org.springframework.beans.factory.support.AbstractBeanFactory.doGetBean(AbstractBeanFactory.java:299)
	at org.springframework.beans.factory.support.AbstractBeanFactory.getTypeForFactoryBean(AbstractBeanFactory.java:1421)
	at org.springframework.beans.factory.support.AbstractAutowireCapableBeanFactory.getTypeForFactoryBean(AbstractAutowireCapableBeanFactory.java:802)
	at org.springframework.beans.factory.support.AbstractBeanFactory.isTypeMatch(AbstractBeanFactory.java:542)
	at org.springframework.beans.factory.support.DefaultListableBeanFactory.doGetBeanNamesForType(DefaultListableBeanFactory.java:436)
	at org.springframework.beans.factory.support.DefaultListableBeanFactory.getBeanNamesForType(DefaultListableBeanFactory.java:412)
	at org.springframework.beans.factory.BeanFactoryUtils.beanNamesForTypeIncludingAncestors(BeanFactoryUtils.java:186)
	at org.springframework.beans.factory.support.DefaultListableBeanFactory.findAutowireCandidates(DefaultListableBeanFactory.java:1105)
	at org.springframework.beans.factory.support.DefaultListableBeanFactory.doResolveDependency(DefaultListableBeanFactory.java:1044)
	at org.springframework.beans.factory.support.DefaultListableBeanFactory.resolveDependency(DefaultListableBeanFactory.java:942)
	at org.springframework.beans.factory.support.AbstractAutowireCapableBeanFactory.autowireByType(AbstractAutowireCapableBeanFactory.java:1288)
	at org.springframework.beans.factory.support.AbstractAutowireCapableBeanFactory.populateBean(AbstractAutowireCapableBeanFactory.java:1195)
	at org.springframework.beans.factory.support.AbstractAutowireCapableBeanFactory.doCreateBean(AbstractAutowireCapableBeanFactory.java:537)
	at org.springframework.beans.factory.support.AbstractAutowireCapableBeanFactory.createBean(AbstractAutowireCapableBeanFactory.java:476)
	at org.springframework.beans.factory.support.AbstractBeanFactory$1.getObject(AbstractBeanFactory.java:303)
	at org.springframework.beans.factory.support.DefaultSingletonBeanRegistry.getSingleton(DefaultSingletonBeanRegistry.java:230)
	at org.springframework.beans.factory.support.AbstractBeanFactory.doGetBean(AbstractBeanFactory.java:299)
	at org.springframework.beans.factory.support.AbstractBeanFactory.getBean(AbstractBeanFactory.java:194)
	at org.springframework.beans.factory.support.DefaultListableBeanFactory.preInstantiateSingletons(DefaultListableBeanFactory.java:736)
	at org.springframework.context.support.AbstractApplicationContext.finishBeanFactoryInitialization(AbstractApplicationContext.java:757)
	at org.springframework.context.support.AbstractApplicationContext.refresh(AbstractApplicationContext.java:480)
	at org.springframework.context.support.ClassPathXmlApplicationContext.&lt;init&gt;(ClassPathXmlApplicationContext.java:139)
	at org.springframework.context.support.ClassPathXmlApplicationContext.&lt;init&gt;(ClassPathXmlApplicationContext.java:83)
	at cn.itrip.dao.user.TestItripUserMapper.testGetCount(TestItripUserMapper.java:30)
	at sun.reflect.NativeMethodAccessorImpl.invoke0(Native Method)
	at sun.reflect.NativeMethodAccessorImpl.invoke(NativeMethodAccessorImpl.java:62)
	at sun.reflect.DelegatingMethodAccessorImpl.invoke(DelegatingMethodAccessorImpl.java:43)
	at java.lang.reflect.Method.invoke(Method.java:498)
	at org.junit.runners.model.FrameworkMethod$1.runReflectiveCall(FrameworkMethod.java:47)
	at org.junit.internal.runners.model.ReflectiveCallable.run(ReflectiveCallable.java:12)
	at org.junit.runners.model.FrameworkMethod.invokeExplosively(FrameworkMethod.java:44)
	at org.junit.internal.runners.statements.InvokeMethod.evaluate(InvokeMethod.java:17)
	at org.junit.runners.ParentRunner.runLeaf(ParentRunner.java:271)
	at org.junit.runners.BlockJUnit4ClassRunner.runChild(BlockJUnit4ClassRunner.java:70)
	at org.junit.runners.BlockJUnit4ClassRunner.runChild(BlockJUnit4ClassRunner.java:50)
	at org.junit.runners.ParentRunner$3.run(ParentRunner.java:238)
	at org.junit.runners.ParentRunner$1.schedule(ParentRunner.java:63)
	at org.junit.runners.ParentRunner.runChildren(ParentRunner.java:236)
	at org.junit.runners.ParentRunner.access$000(ParentRunner.java:53)
	at org.junit.runners.ParentRunner$2.evaluate(ParentRunner.java:229)
	at org.junit.runners.ParentRunner.run(ParentRunner.java:309)
	at org.apache.maven.surefire.junit4.JUnit4Provider.execute(JUnit4Provider.java:252)
	at org.apache.maven.surefire.junit4.JUnit4Provider.executeTestSet(JUnit4Provider.java:141)
	at org.apache.maven.surefire.junit4.JUnit4Provider.invoke(JUnit4Provider.java:112)
	at sun.reflect.NativeMethodAccessorImpl.invoke0(Native Method)
	at sun.reflect.NativeMethodAccessorImpl.invoke(NativeMethodAccessorImpl.java:62)
	at sun.reflect.DelegatingMethodAccessorImpl.invoke(DelegatingMethodAccessorImpl.java:43)
	at java.lang.reflect.Method.invoke(Method.java:498)
	at org.apache.maven.surefire.util.ReflectionUtils.invokeMethodWithArray(ReflectionUtils.java:189)
	at org.apache.maven.surefire.booter.ProviderFactory$ProviderProxy.invoke(ProviderFactory.java:165)
	at org.apache.maven.surefire.booter.ProviderFactory.invokeProvider(ProviderFactory.java:85)
	at org.apache.maven.surefire.booter.ForkedBooter.runSuitesInProcess(ForkedBooter.java:115)
	at org.apache.maven.surefire.booter.ForkedBooter.main(ForkedBooter.java:75)
Caused by: org.apache.ibatis.builder.BuilderException: Wrong namespace. Expected &apos;cn.itrip.dao.hotelroom.HotelroomMapper&apos; but found &apos;cn.itrip.dao.HotelroomMapper&apos;.
	at org.apache.ibatis.builder.MapperBuilderAssistant.setCurrentNamespace(MapperBuilderAssistant.java:75)
	at org.apache.ibatis.builder.xml.XMLMapperBuilder.configurationElement(XMLMapperBuilder.java:105)
	... 98 more
- (1285 ms) - [WARN] 2019-01-15 20:55:32,218 org.springframework.beans.factory.support.DefaultListableBeanFactory - Bean creation exception on FactoryBean type check: org.springframework.beans.factory.BeanCreationException: Error creating bean with name &apos;hotelroomMapper&apos; defined in file [E:\ideaXM\itrip\itrip-dao\target\classes\cn\itrip\dao\hotelroom\HotelroomMapper.class]: Invocation of init method failed; nested exception is java.lang.IllegalArgumentException: java.lang.RuntimeException: Error parsing Mapper XML. Cause: org.apache.ibatis.builder.BuilderException: Wrong namespace. Expected &apos;cn.itrip.dao.hotelroom.HotelroomMapper&apos; but found &apos;cn.itrip.dao.HotelroomMapper&apos;.
- (1286 ms) - [DEBUG] 2019-01-15 20:55:32,219 org.springframework.beans.factory.support.DefaultListableBeanFactory - Invoking afterPropertiesSet() on bean with name &apos;itripCommentMapper&apos;
- (1297 ms) - [DEBUG] 2019-01-15 20:55:32,230 org.springframework.beans.factory.support.DefaultListableBeanFactory - Finished creating instance of bean &apos;itripCommentMapper&apos;
- (1298 ms) - [DEBUG] 2019-01-15 20:55:32,231 org.springframework.beans.factory.support.DefaultListableBeanFactory - Creating shared instance of singleton bean &apos;hotelroomMapper&apos;
- (1298 ms) - [DEBUG] 2019-01-15 20:55:32,231 org.springframework.beans.factory.support.DefaultListableBeanFactory - Creating instance of bean &apos;hotelroomMapper&apos;
- (1299 ms) - [DEBUG] 2019-01-15 20:55:32,232 org.springframework.beans.factory.support.DefaultListableBeanFactory - Eagerly caching bean &apos;hotelroomMapper&apos; to allow for resolving potential circular references
- (1300 ms) - [DEBUG] 2019-01-15 20:55:32,233 org.springframework.beans.factory.support.DefaultListableBeanFactory - Returning eagerly cached instance of singleton bean &apos;hotelroomMapper&apos; that is not fully initialized yet - a consequence of a circular reference
- (1300 ms) - [DEBUG] 2019-01-15 20:55:32,233 org.springframework.beans.factory.support.DefaultListableBeanFactory - Returning cached instance of singleton bean &apos;sqlSessionFactoryBean&apos;
- (1300 ms) - [DEBUG] 2019-01-15 20:55:32,233 org.springframework.beans.factory.support.DefaultListableBeanFactory - Autowiring by type from bean name &apos;hotelroomMapper&apos; via property &apos;sqlSessionFactory&apos; to bean named &apos;sqlSessionFactoryBean&apos;
- (1301 ms) - [DEBUG] 2019-01-15 20:55:32,234 org.springframework.beans.factory.support.DefaultListableBeanFactory - Invoking afterPropertiesSet() on bean with name &apos;hotelroomMapper&apos;
- (1306 ms) - [ERROR] 2019-01-15 20:55:32,239 org.mybatis.spring.mapper.MapperFactoryBean - Error while adding the mapper &apos;interface cn.itrip.dao.hotelroom.HotelroomMapper&apos; to configuration.
java.lang.RuntimeException: Error parsing Mapper XML. Cause: org.apache.ibatis.builder.BuilderException: Wrong namespace. Expected &apos;cn.itrip.dao.hotelroom.HotelroomMapper&apos; but found &apos;cn.itrip.dao.HotelroomMapper&apos;.
	at org.apache.ibatis.builder.xml.XMLMapperBuilder.configurationElement(XMLMapperBuilder.java:113)
	at org.apache.ibatis.builder.xml.XMLMapperBuilder.parse(XMLMapperBuilder.java:88)
	at org.apache.ibatis.builder.annotation.MapperAnnotationBuilder.loadXmlResource(MapperAnnotationBuilder.java:159)
	at org.apache.ibatis.builder.annotation.MapperAnnotationBuilder.parse(MapperAnnotationBuilder.java:113)
	at org.apache.ibatis.binding.MapperRegistry.addMapper(MapperRegistry.java:66)
	at org.apache.ibatis.session.Configuration.addMapper(Configuration.java:635)
	at org.mybatis.spring.mapper.MapperFactoryBean.checkDaoConfig(MapperFactoryBean.java:95)
	at org.springframework.dao.support.DaoSupport.afterPropertiesSet(DaoSupport.java:44)
	at org.springframework.beans.factory.support.AbstractAutowireCapableBeanFactory.invokeInitMethods(AbstractAutowireCapableBeanFactory.java:1633)
	at org.springframework.beans.factory.support.AbstractAutowireCapableBeanFactory.initializeBean(AbstractAutowireCapableBeanFactory.java:1570)
	at org.springframework.beans.factory.support.AbstractAutowireCapableBeanFactory.doCreateBean(AbstractAutowireCapableBeanFactory.java:539)
	at org.springframework.beans.factory.support.AbstractAutowireCapableBeanFactory.createBean(AbstractAutowireCapableBeanFactory.java:476)
	at org.springframework.beans.factory.support.AbstractBeanFactory$1.getObject(AbstractBeanFactory.java:303)
	at org.springframework.beans.factory.support.DefaultSingletonBeanRegistry.getSingleton(DefaultSingletonBeanRegistry.java:230)
	at org.springframework.beans.factory.support.AbstractBeanFactory.doGetBean(AbstractBeanFactory.java:299)
	at org.springframework.beans.factory.support.AbstractBeanFactory.getTypeForFactoryBean(AbstractBeanFactory.java:1421)
	at org.springframework.beans.factory.support.AbstractAutowireCapableBeanFactory.getTypeForFactoryBean(AbstractAutowireCapableBeanFactory.java:802)
	at org.springframework.beans.factory.support.AbstractBeanFactory.isTypeMatch(AbstractBeanFactory.java:542)
	at org.springframework.beans.factory.support.DefaultListableBeanFactory.doGetBeanNamesForType(DefaultListableBeanFactory.java:436)
	at org.springframework.beans.factory.support.DefaultListableBeanFactory.getBeanNamesForType(DefaultListableBeanFactory.java:412)
	at org.springframework.beans.factory.BeanFactoryUtils.beanNamesForTypeIncludingAncestors(BeanFactoryUtils.java:186)
	at org.springframework.beans.factory.support.DefaultListableBeanFactory.findAutowireCandidates(DefaultListableBeanFactory.java:1105)
	at org.springframework.beans.factory.support.DefaultListableBeanFactory.doResolveDependency(DefaultListableBeanFactory.java:1044)
	at org.springframework.beans.factory.support.DefaultListableBeanFactory.resolveDependency(DefaultListableBeanFactory.java:942)
	at org.springframework.beans.factory.support.AbstractAutowireCapableBeanFactory.autowireByType(AbstractAutowireCapableBeanFactory.java:1288)
	at org.springframework.beans.factory.support.AbstractAutowireCapableBeanFactory.populateBean(AbstractAutowireCapableBeanFactory.java:1195)
	at org.springframework.beans.factory.support.AbstractAutowireCapableBeanFactory.doCreateBean(AbstractAutowireCapableBeanFactory.java:537)
	at org.springframework.beans.factory.support.AbstractAutowireCapableBeanFactory.createBean(AbstractAutowireCapableBeanFactory.java:476)
	at org.springframework.beans.factory.support.AbstractBeanFactory$1.getObject(AbstractBeanFactory.java:303)
	at org.springframework.beans.factory.support.DefaultSingletonBeanRegistry.getSingleton(DefaultSingletonBeanRegistry.java:230)
	at org.springframework.beans.factory.support.AbstractBeanFactory.doGetBean(AbstractBeanFactory.java:299)
	at org.springframework.beans.factory.support.AbstractBeanFactory.getTypeForFactoryBean(AbstractBeanFactory.java:1421)
	at org.springframework.beans.factory.support.AbstractAutowireCapableBeanFactory.getTypeForFactoryBean(AbstractAutowireCapableBeanFactory.java:802)
	at org.springframework.beans.factory.support.AbstractBeanFactory.isTypeMatch(AbstractBeanFactory.java:542)
	at org.springframework.beans.factory.support.DefaultListableBeanFactory.doGetBeanNamesForType(DefaultListableBeanFactory.java:436)
	at org.springframework.beans.factory.support.DefaultListableBeanFactory.getBeanNamesForType(DefaultListableBeanFactory.java:412)
	at org.springframework.beans.factory.BeanFactoryUtils.beanNamesForTypeIncludingAncestors(BeanFactoryUtils.java:186)
	at org.springframework.beans.factory.support.DefaultListableBeanFactory.findAutowireCandidates(DefaultListableBeanFactory.java:1105)
	at org.springframework.beans.factory.support.DefaultListableBeanFactory.doResolveDependency(DefaultListableBeanFactory.java:1044)
	at org.springframework.beans.factory.support.DefaultListableBeanFactory.resolveDependency(DefaultListableBeanFactory.java:942)
	at org.springframework.beans.factory.support.AbstractAutowireCapableBeanFactory.autowireByType(AbstractAutowireCapableBeanFactory.java:1288)
	at org.springframework.beans.factory.support.AbstractAutowireCapableBeanFactory.populateBean(AbstractAutowireCapableBeanFactory.java:1195)
	at org.springframework.beans.factory.support.AbstractAutowireCapableBeanFactory.doCreateBean(AbstractAutowireCapableBeanFactory.java:537)
	at org.springframework.beans.factory.support.AbstractAutowireCapableBeanFactory.createBean(AbstractAutowireCapableBeanFactory.java:476)
	at org.springframework.beans.factory.support.AbstractBeanFactory$1.getObject(AbstractBeanFactory.java:303)
	at org.springframework.beans.factory.support.DefaultSingletonBeanRegistry.getSingleton(DefaultSingletonBeanRegistry.java:230)
	at org.springframework.beans.factory.support.AbstractBeanFactory.doGetBean(AbstractBeanFactory.java:299)
	at org.springframework.beans.factory.support.AbstractBeanFactory.getBean(AbstractBeanFactory.java:194)
	at org.springframework.beans.factory.support.DefaultListableBeanFactory.preInstantiateSingletons(DefaultListableBeanFactory.java:736)
	at org.springframework.context.support.AbstractApplicationContext.finishBeanFactoryInitialization(AbstractApplicationContext.java:757)
	at org.springframework.context.support.AbstractApplicationContext.refresh(AbstractApplicationContext.java:480)
	at org.springframework.context.support.ClassPathXmlApplicationContext.&lt;init&gt;(ClassPathXmlApplicationContext.java:139)
	at org.springframework.context.support.ClassPathXmlApplicationContext.&lt;init&gt;(ClassPathXmlApplicationContext.java:83)
	at cn.itrip.dao.user.TestItripUserMapper.testGetCount(TestItripUserMapper.java:30)
	at sun.reflect.NativeMethodAccessorImpl.invoke0(Native Method)
	at sun.reflect.NativeMethodAccessorImpl.invoke(NativeMethodAccessorImpl.java:62)
	at sun.reflect.DelegatingMethodAccessorImpl.invoke(DelegatingMethodAccessorImpl.java:43)
	at java.lang.reflect.Method.invoke(Method.java:498)
	at org.junit.runners.model.FrameworkMethod$1.runReflectiveCall(FrameworkMethod.java:47)
	at org.junit.internal.runners.model.ReflectiveCallable.run(ReflectiveCallable.java:12)
	at org.junit.runners.model.FrameworkMethod.invokeExplosively(FrameworkMethod.java:44)
	at org.junit.internal.runners.statements.InvokeMethod.evaluate(InvokeMethod.java:17)
	at org.junit.runners.ParentRunner.runLeaf(ParentRunner.java:271)
	at org.junit.runners.BlockJUnit4ClassRunner.runChild(BlockJUnit4ClassRunner.java:70)
	at org.junit.runners.BlockJUnit4ClassRunner.runChild(BlockJUnit4ClassRunner.java:50)
	at org.junit.runners.ParentRunner$3.run(ParentRunner.java:238)
	at org.junit.runners.ParentRunner$1.schedule(ParentRunner.java:63)
	at org.junit.runners.ParentRunner.runChildren(ParentRunner.java:236)
	at org.junit.runners.ParentRunner.access$000(ParentRunner.java:53)
	at org.junit.runners.ParentRunner$2.evaluate(ParentRunner.java:229)
	at org.junit.runners.ParentRunner.run(ParentRunner.java:309)
	at org.apache.maven.surefire.junit4.JUnit4Provider.execute(JUnit4Provider.java:252)
	at org.apache.maven.surefire.junit4.JUnit4Provider.executeTestSet(JUnit4Provider.java:141)
	at org.apache.maven.surefire.junit4.JUnit4Provider.invoke(JUnit4Provider.java:112)
	at sun.reflect.NativeMethodAccessorImpl.invoke0(Native Method)
	at sun.reflect.NativeMethodAccessorImpl.invoke(NativeMethodAccessorImpl.java:62)
	at sun.reflect.DelegatingMethodAccessorImpl.invoke(DelegatingMethodAccessorImpl.java:43)
	at java.lang.reflect.Method.invoke(Method.java:498)
	at org.apache.maven.surefire.util.ReflectionUtils.invokeMethodWithArray(ReflectionUtils.java:189)
	at org.apache.maven.surefire.booter.ProviderFactory$ProviderProxy.invoke(ProviderFactory.java:165)
	at org.apache.maven.surefire.booter.ProviderFactory.invokeProvider(ProviderFactory.java:85)
	at org.apache.maven.surefire.booter.ForkedBooter.runSuitesInProcess(ForkedBooter.java:115)
	at org.apache.maven.surefire.booter.ForkedBooter.main(ForkedBooter.java:75)
Caused by: org.apache.ibatis.builder.BuilderException: Wrong namespace. Expected &apos;cn.itrip.dao.hotelroom.HotelroomMapper&apos; but found &apos;cn.itrip.dao.HotelroomMapper&apos;.
	at org.apache.ibatis.builder.MapperBuilderAssistant.setCurrentNamespace(MapperBuilderAssistant.java:75)
	at org.apache.ibatis.builder.xml.XMLMapperBuilder.configurationElement(XMLMapperBuilder.java:105)
	... 82 more
- (1308 ms) - [WARN] 2019-01-15 20:55:32,241 org.springframework.beans.factory.support.DefaultListableBeanFactory - Bean creation exception on FactoryBean type check: org.springframework.beans.factory.BeanCreationException: Error creating bean with name &apos;hotelroomMapper&apos; defined in file [E:\ideaXM\itrip\itrip-dao\target\classes\cn\itrip\dao\hotelroom\HotelroomMapper.class]: Invocation of init method failed; nested exception is java.lang.IllegalArgumentException: java.lang.RuntimeException: Error parsing Mapper XML. Cause: org.apache.ibatis.builder.BuilderException: Wrong namespace. Expected &apos;cn.itrip.dao.hotelroom.HotelroomMapper&apos; but found &apos;cn.itrip.dao.HotelroomMapper&apos;.
- (1309 ms) - [DEBUG] 2019-01-15 20:55:32,242 org.springframework.beans.factory.support.DefaultListableBeanFactory - Returning cached instance of singleton bean &apos;sqlSessionFactoryBean&apos;
- (1309 ms) - [DEBUG] 2019-01-15 20:55:32,242 org.springframework.beans.factory.support.DefaultListableBeanFactory - Autowiring by type from bean name &apos;itripAreaDicMapper&apos; via property &apos;sqlSessionFactory&apos; to bean named &apos;sqlSessionFactoryBean&apos;
- (1309 ms) - [DEBUG] 2019-01-15 20:55:32,242 org.springframework.beans.factory.support.DefaultListableBeanFactory - Creating shared instance of singleton bean &apos;hotelroomMapper&apos;
- (1309 ms) - [DEBUG] 2019-01-15 20:55:32,242 org.springframework.beans.factory.support.DefaultListableBeanFactory - Creating instance of bean &apos;hotelroomMapper&apos;
- (1310 ms) - [DEBUG] 2019-01-15 20:55:32,243 org.springframework.beans.factory.support.DefaultListableBeanFactory - Eagerly caching bean &apos;hotelroomMapper&apos; to allow for resolving potential circular references
- (1310 ms) - [DEBUG] 2019-01-15 20:55:32,243 org.springframework.beans.factory.support.DefaultListableBeanFactory - Returning cached instance of singleton bean &apos;sqlSessionFactoryBean&apos;
- (1310 ms) - [DEBUG] 2019-01-15 20:55:32,243 org.springframework.beans.factory.support.DefaultListableBeanFactory - Autowiring by type from bean name &apos;hotelroomMapper&apos; via property &apos;sqlSessionFactory&apos; to bean named &apos;sqlSessionFactoryBean&apos;
- (1310 ms) - [DEBUG] 2019-01-15 20:55:32,243 org.springframework.beans.factory.support.DefaultListableBeanFactory - Returning eagerly cached instance of singleton bean &apos;hotelroomMapper&apos; that is not fully initialized yet - a consequence of a circular reference
- (1312 ms) - [DEBUG] 2019-01-15 20:55:32,245 org.springframework.beans.factory.support.DefaultListableBeanFactory - Invoking afterPropertiesSet() on bean with name &apos;hotelroomMapper&apos;
- (1316 ms) - [ERROR] 2019-01-15 20:55:32,249 org.mybatis.spring.mapper.MapperFactoryBean - Error while adding the mapper &apos;interface cn.itrip.dao.hotelroom.HotelroomMapper&apos; to configuration.
java.lang.RuntimeException: Error parsing Mapper XML. Cause: org.apache.ibatis.builder.BuilderException: Wrong namespace. Expected &apos;cn.itrip.dao.hotelroom.HotelroomMapper&apos; but found &apos;cn.itrip.dao.HotelroomMapper&apos;.
	at org.apache.ibatis.builder.xml.XMLMapperBuilder.configurationElement(XMLMapperBuilder.java:113)
	at org.apache.ibatis.builder.xml.XMLMapperBuilder.parse(XMLMapperBuilder.java:88)
	at org.apache.ibatis.builder.annotation.MapperAnnotationBuilder.loadXmlResource(MapperAnnotationBuilder.java:159)
	at org.apache.ibatis.builder.annotation.MapperAnnotationBuilder.parse(MapperAnnotationBuilder.java:113)
	at org.apache.ibatis.binding.MapperRegistry.addMapper(MapperRegistry.java:66)
	at org.apache.ibatis.session.Configuration.addMapper(Configuration.java:635)
	at org.mybatis.spring.mapper.MapperFactoryBean.checkDaoConfig(MapperFactoryBean.java:95)
	at org.springframework.dao.support.DaoSupport.afterPropertiesSet(DaoSupport.java:44)
	at org.springframework.beans.factory.support.AbstractAutowireCapableBeanFactory.invokeInitMethods(AbstractAutowireCapableBeanFactory.java:1633)
	at org.springframework.beans.factory.support.AbstractAutowireCapableBeanFactory.initializeBean(AbstractAutowireCapableBeanFactory.java:1570)
	at org.springframework.beans.factory.support.AbstractAutowireCapableBeanFactory.doCreateBean(AbstractAutowireCapableBeanFactory.java:539)
	at org.springframework.beans.factory.support.AbstractAutowireCapableBeanFactory.createBean(AbstractAutowireCapableBeanFactory.java:476)
	at org.springframework.beans.factory.support.AbstractBeanFactory$1.getObject(AbstractBeanFactory.java:303)
	at org.springframework.beans.factory.support.DefaultSingletonBeanRegistry.getSingleton(DefaultSingletonBeanRegistry.java:230)
	at org.springframework.beans.factory.support.AbstractBeanFactory.doGetBean(AbstractBeanFactory.java:299)
	at org.springframework.beans.factory.support.AbstractBeanFactory.getTypeForFactoryBean(AbstractBeanFactory.java:1421)
	at org.springframework.beans.factory.support.AbstractAutowireCapableBeanFactory.getTypeForFactoryBean(AbstractAutowireCapableBeanFactory.java:802)
	at org.springframework.beans.factory.support.AbstractBeanFactory.isTypeMatch(AbstractBeanFactory.java:542)
	at org.springframework.beans.factory.support.DefaultListableBeanFactory.doGetBeanNamesForType(DefaultListableBeanFactory.java:436)
	at org.springframework.beans.factory.support.DefaultListableBeanFactory.getBeanNamesForType(DefaultListableBeanFactory.java:412)
	at org.springframework.beans.factory.BeanFactoryUtils.beanNamesForTypeIncludingAncestors(BeanFactoryUtils.java:186)
	at org.springframework.beans.factory.support.DefaultListableBeanFactory.findAutowireCandidates(DefaultListableBeanFactory.java:1105)
	at org.springframework.beans.factory.support.DefaultListableBeanFactory.doResolveDependency(DefaultListableBeanFactory.java:1044)
	at org.springframework.beans.factory.support.DefaultListableBeanFactory.resolveDependency(DefaultListableBeanFactory.java:942)
	at org.springframework.beans.factory.support.AbstractAutowireCapableBeanFactory.autowireByType(AbstractAutowireCapableBeanFactory.java:1288)
	at org.springframework.beans.factory.support.AbstractAutowireCapableBeanFactory.populateBean(AbstractAutowireCapableBeanFactory.java:1195)
	at org.springframework.beans.factory.support.AbstractAutowireCapableBeanFactory.doCreateBean(AbstractAutowireCapableBeanFactory.java:537)
	at org.springframework.beans.factory.support.AbstractAutowireCapableBeanFactory.createBean(AbstractAutowireCapableBeanFactory.java:476)
	at org.springframework.beans.factory.support.AbstractBeanFactory$1.getObject(AbstractBeanFactory.java:303)
	at org.springframework.beans.factory.support.DefaultSingletonBeanRegistry.getSingleton(DefaultSingletonBeanRegistry.java:230)
	at org.springframework.beans.factory.support.AbstractBeanFactory.doGetBean(AbstractBeanFactory.java:299)
	at org.springframework.beans.factory.support.AbstractBeanFactory.getTypeForFactoryBean(AbstractBeanFactory.java:1421)
	at org.springframework.beans.factory.support.AbstractAutowireCapableBeanFactory.getTypeForFactoryBean(AbstractAutowireCapableBeanFactory.java:802)
	at org.springframework.beans.factory.support.AbstractBeanFactory.isTypeMatch(AbstractBeanFactory.java:542)
	at org.springframework.beans.factory.support.DefaultListableBeanFactory.doGetBeanNamesForType(DefaultListableBeanFactory.java:436)
	at org.springframework.beans.factory.support.DefaultListableBeanFactory.getBeanNamesForType(DefaultListableBeanFactory.java:412)
	at org.springframework.beans.factory.BeanFactoryUtils.beanNamesForTypeIncludingAncestors(BeanFactoryUtils.java:186)
	at org.springframework.beans.factory.support.DefaultListableBeanFactory.findAutowireCandidates(DefaultListableBeanFactory.java:1105)
	at org.springframework.beans.factory.support.DefaultListableBeanFactory.doResolveDependency(DefaultListableBeanFactory.java:1044)
	at org.springframework.beans.factory.support.DefaultListableBeanFactory.resolveDependency(DefaultListableBeanFactory.java:942)
	at org.springframework.beans.factory.support.AbstractAutowireCapableBeanFactory.autowireByType(AbstractAutowireCapableBeanFactory.java:1288)
	at org.springframework.beans.factory.support.AbstractAutowireCapableBeanFactory.populateBean(AbstractAutowireCapableBeanFactory.java:1195)
	at org.springframework.beans.factory.support.AbstractAutowireCapableBeanFactory.doCreateBean(AbstractAutowireCapableBeanFactory.java:537)
	at org.springframework.beans.factory.support.AbstractAutowireCapableBeanFactory.createBean(AbstractAutowireCapableBeanFactory.java:476)
	at org.springframework.beans.factory.support.AbstractBeanFactory$1.getObject(AbstractBeanFactory.java:303)
	at org.springframework.beans.factory.support.DefaultSingletonBeanRegistry.getSingleton(DefaultSingletonBeanRegistry.java:230)
	at org.springframework.beans.factory.support.AbstractBeanFactory.doGetBean(AbstractBeanFactory.java:299)
	at org.springframework.beans.factory.support.AbstractBeanFactory.getBean(AbstractBeanFactory.java:194)
	at org.springframework.beans.factory.support.DefaultListableBeanFactory.preInstantiateSingletons(DefaultListableBeanFactory.java:736)
	at org.springframework.context.support.AbstractApplicationContext.finishBeanFactoryInitialization(AbstractApplicationContext.java:757)
	at org.springframework.context.support.AbstractApplicationContext.refresh(AbstractApplicationContext.java:480)
	at org.springframework.context.support.ClassPathXmlApplicationContext.&lt;init&gt;(ClassPathXmlApplicationContext.java:139)
	at org.springframework.context.support.ClassPathXmlApplicationContext.&lt;init&gt;(ClassPathXmlApplicationContext.java:83)
	at cn.itrip.dao.user.TestItripUserMapper.testGetCount(TestItripUserMapper.java:30)
	at sun.reflect.NativeMethodAccessorImpl.invoke0(Native Method)
	at sun.reflect.NativeMethodAccessorImpl.invoke(NativeMethodAccessorImpl.java:62)
	at sun.reflect.DelegatingMethodAccessorImpl.invoke(DelegatingMethodAccessorImpl.java:43)
	at java.lang.reflect.Method.invoke(Method.java:498)
	at org.junit.runners.model.FrameworkMethod$1.runReflectiveCall(FrameworkMethod.java:47)
	at org.junit.internal.runners.model.ReflectiveCallable.run(ReflectiveCallable.java:12)
	at org.junit.runners.model.FrameworkMethod.invokeExplosively(FrameworkMethod.java:44)
	at org.junit.internal.runners.statements.InvokeMethod.evaluate(InvokeMethod.java:17)
	at org.junit.runners.ParentRunner.runLeaf(ParentRunner.java:271)
	at org.junit.runners.BlockJUnit4ClassRunner.runChild(BlockJUnit4ClassRunner.java:70)
	at org.junit.runners.BlockJUnit4ClassRunner.runChild(BlockJUnit4ClassRunner.java:50)
	at org.junit.runners.ParentRunner$3.run(ParentRunner.java:238)
	at org.junit.runners.ParentRunner$1.schedule(ParentRunner.java:63)
	at org.junit.runners.ParentRunner.runChildren(ParentRunner.java:236)
	at org.junit.runners.ParentRunner.access$000(ParentRunner.java:53)
	at org.junit.runners.ParentRunner$2.evaluate(ParentRunner.java:229)
	at org.junit.runners.ParentRunner.run(ParentRunner.java:309)
	at org.apache.maven.surefire.junit4.JUnit4Provider.execute(JUnit4Provider.java:252)
	at org.apache.maven.surefire.junit4.JUnit4Provider.executeTestSet(JUnit4Provider.java:141)
	at org.apache.maven.surefire.junit4.JUnit4Provider.invoke(JUnit4Provider.java:112)
	at sun.reflect.NativeMethodAccessorImpl.invoke0(Native Method)
	at sun.reflect.NativeMethodAccessorImpl.invoke(NativeMethodAccessorImpl.java:62)
	at sun.reflect.DelegatingMethodAccessorImpl.invoke(DelegatingMethodAccessorImpl.java:43)
	at java.lang.reflect.Method.invoke(Method.java:498)
	at org.apache.maven.surefire.util.ReflectionUtils.invokeMethodWithArray(ReflectionUtils.java:189)
	at org.apache.maven.surefire.booter.ProviderFactory$ProviderProxy.invoke(ProviderFactory.java:165)
	at org.apache.maven.surefire.booter.ProviderFactory.invokeProvider(ProviderFactory.java:85)
	at org.apache.maven.surefire.booter.ForkedBooter.runSuitesInProcess(ForkedBooter.java:115)
	at org.apache.maven.surefire.booter.ForkedBooter.main(ForkedBooter.java:75)
Caused by: org.apache.ibatis.builder.BuilderException: Wrong namespace. Expected &apos;cn.itrip.dao.hotelroom.HotelroomMapper&apos; but found &apos;cn.itrip.dao.HotelroomMapper&apos;.
	at org.apache.ibatis.builder.MapperBuilderAssistant.setCurrentNamespace(MapperBuilderAssistant.java:75)
	at org.apache.ibatis.builder.xml.XMLMapperBuilder.configurationElement(XMLMapperBuilder.java:105)
	... 82 more
- (1317 ms) - [WARN] 2019-01-15 20:55:32,250 org.springframework.beans.factory.support.DefaultListableBeanFactory - Bean creation exception on FactoryBean type check: org.springframework.beans.factory.BeanCreationException: Error creating bean with name &apos;hotelroomMapper&apos; defined in file [E:\ideaXM\itrip\itrip-dao\target\classes\cn\itrip\dao\hotelroom\HotelroomMapper.class]: Invocation of init method failed; nested exception is java.lang.IllegalArgumentException: java.lang.RuntimeException: Error parsing Mapper XML. Cause: org.apache.ibatis.builder.BuilderException: Wrong namespace. Expected &apos;cn.itrip.dao.hotelroom.HotelroomMapper&apos; but found &apos;cn.itrip.dao.HotelroomMapper&apos;.
- (1318 ms) - [DEBUG] 2019-01-15 20:55:32,251 org.springframework.beans.factory.support.DefaultListableBeanFactory - Invoking afterPropertiesSet() on bean with name &apos;itripAreaDicMapper&apos;
- (1339 ms) - [DEBUG] 2019-01-15 20:55:32,272 org.springframework.beans.factory.support.DefaultListableBeanFactory - Finished creating instance of bean &apos;itripAreaDicMapper&apos;
- (1340 ms) - [DEBUG] 2019-01-15 20:55:32,273 org.springframework.beans.factory.support.DefaultListableBeanFactory - Creating shared instance of singleton bean &apos;hotelroomMapper&apos;
- (1340 ms) - [DEBUG] 2019-01-15 20:55:32,273 org.springframework.beans.factory.support.DefaultListableBeanFactory - Creating instance of bean &apos;hotelroomMapper&apos;
- (1340 ms) - [DEBUG] 2019-01-15 20:55:32,273 org.springframework.beans.factory.support.DefaultListableBeanFactory - Eagerly caching bean &apos;hotelroomMapper&apos; to allow for resolving potential circular references
- (1341 ms) - [DEBUG] 2019-01-15 20:55:32,274 org.springframework.beans.factory.support.DefaultListableBeanFactory - Returning eagerly cached instance of singleton bean &apos;hotelroomMapper&apos; that is not fully initialized yet - a consequence of a circular reference
- (1341 ms) - [DEBUG] 2019-01-15 20:55:32,274 org.springframework.beans.factory.support.DefaultListableBeanFactory - Returning cached instance of singleton bean &apos;sqlSessionFactoryBean&apos;
- (1341 ms) - [DEBUG] 2019-01-15 20:55:32,274 org.springframework.beans.factory.support.DefaultListableBeanFactory - Autowiring by type from bean name &apos;hotelroomMapper&apos; via property &apos;sqlSessionFactory&apos; to bean named &apos;sqlSessionFactoryBean&apos;
- (1342 ms) - [DEBUG] 2019-01-15 20:55:32,275 org.springframework.beans.factory.support.DefaultListableBeanFactory - Invoking afterPropertiesSet() on bean with name &apos;hotelroomMapper&apos;
- (1349 ms) - [ERROR] 2019-01-15 20:55:32,282 org.mybatis.spring.mapper.MapperFactoryBean - Error while adding the mapper &apos;interface cn.itrip.dao.hotelroom.HotelroomMapper&apos; to configuration.
java.lang.RuntimeException: Error parsing Mapper XML. Cause: org.apache.ibatis.builder.BuilderException: Wrong namespace. Expected &apos;cn.itrip.dao.hotelroom.HotelroomMapper&apos; but found &apos;cn.itrip.dao.HotelroomMapper&apos;.
	at org.apache.ibatis.builder.xml.XMLMapperBuilder.configurationElement(XMLMapperBuilder.java:113)
	at org.apache.ibatis.builder.xml.XMLMapperBuilder.parse(XMLMapperBuilder.java:88)
	at org.apache.ibatis.builder.annotation.MapperAnnotationBuilder.loadXmlResource(MapperAnnotationBuilder.java:159)
	at org.apache.ibatis.builder.annotation.MapperAnnotationBuilder.parse(MapperAnnotationBuilder.java:113)
	at org.apache.ibatis.binding.MapperRegistry.addMapper(MapperRegistry.java:66)
	at org.apache.ibatis.session.Configuration.addMapper(Configuration.java:635)
	at org.mybatis.spring.mapper.MapperFactoryBean.checkDaoConfig(MapperFactoryBean.java:95)
	at org.springframework.dao.support.DaoSupport.afterPropertiesSet(DaoSupport.java:44)
	at org.springframework.beans.factory.support.AbstractAutowireCapableBeanFactory.invokeInitMethods(AbstractAutowireCapableBeanFactory.java:1633)
	at org.springframework.beans.factory.support.AbstractAutowireCapableBeanFactory.initializeBean(AbstractAutowireCapableBeanFactory.java:1570)
	at org.springframework.beans.factory.support.AbstractAutowireCapableBeanFactory.doCreateBean(AbstractAutowireCapableBeanFactory.java:539)
	at org.springframework.beans.factory.support.AbstractAutowireCapableBeanFactory.createBean(AbstractAutowireCapableBeanFactory.java:476)
	at org.springframework.beans.factory.support.AbstractBeanFactory$1.getObject(AbstractBeanFactory.java:303)
	at org.springframework.beans.factory.support.DefaultSingletonBeanRegistry.getSingleton(DefaultSingletonBeanRegistry.java:230)
	at org.springframework.beans.factory.support.AbstractBeanFactory.doGetBean(AbstractBeanFactory.java:299)
	at org.springframework.beans.factory.support.AbstractBeanFactory.getTypeForFactoryBean(AbstractBeanFactory.java:1421)
	at org.springframework.beans.factory.support.AbstractAutowireCapableBeanFactory.getTypeForFactoryBean(AbstractAutowireCapableBeanFactory.java:802)
	at org.springframework.beans.factory.support.AbstractBeanFactory.isTypeMatch(AbstractBeanFactory.java:542)
	at org.springframework.beans.factory.support.DefaultListableBeanFactory.doGetBeanNamesForType(DefaultListableBeanFactory.java:436)
	at org.springframework.beans.factory.support.DefaultListableBeanFactory.getBeanNamesForType(DefaultListableBeanFactory.java:412)
	at org.springframework.beans.factory.BeanFactoryUtils.beanNamesForTypeIncludingAncestors(BeanFactoryUtils.java:186)
	at org.springframework.beans.factory.support.DefaultListableBeanFactory.findAutowireCandidates(DefaultListableBeanFactory.java:1105)
	at org.springframework.beans.factory.support.DefaultListableBeanFactory.doResolveDependency(DefaultListableBeanFactory.java:1044)
	at org.springframework.beans.factory.support.DefaultListableBeanFactory.resolveDependency(DefaultListableBeanFactory.java:942)
	at org.springframework.beans.factory.support.AbstractAutowireCapableBeanFactory.autowireByType(AbstractAutowireCapableBeanFactory.java:1288)
	at org.springframework.beans.factory.support.AbstractAutowireCapableBeanFactory.populateBean(AbstractAutowireCapableBeanFactory.java:1195)
	at org.springframework.beans.factory.support.AbstractAutowireCapableBeanFactory.doCreateBean(AbstractAutowireCapableBeanFactory.java:537)
	at org.springframework.beans.factory.support.AbstractAutowireCapableBeanFactory.createBean(AbstractAutowireCapableBeanFactory.java:476)
	at org.springframework.beans.factory.support.AbstractBeanFactory$1.getObject(AbstractBeanFactory.java:303)
	at org.springframework.beans.factory.support.DefaultSingletonBeanRegistry.getSingleton(DefaultSingletonBeanRegistry.java:230)
	at org.springframework.beans.factory.support.AbstractBeanFactory.doGetBean(AbstractBeanFactory.java:299)
	at org.springframework.beans.factory.support.AbstractBeanFactory.getBean(AbstractBeanFactory.java:194)
	at org.springframework.beans.factory.support.DefaultListableBeanFactory.preInstantiateSingletons(DefaultListableBeanFactory.java:736)
	at org.springframework.context.support.AbstractApplicationContext.finishBeanFactoryInitialization(AbstractApplicationContext.java:757)
	at org.springframework.context.support.AbstractApplicationContext.refresh(AbstractApplicationContext.java:480)
	at org.springframework.context.support.ClassPathXmlApplicationContext.&lt;init&gt;(ClassPathXmlApplicationContext.java:139)
	at org.springframework.context.support.ClassPathXmlApplicationContext.&lt;init&gt;(ClassPathXmlApplicationContext.java:83)
	at cn.itrip.dao.user.TestItripUserMapper.testGetCount(TestItripUserMapper.java:30)
	at sun.reflect.NativeMethodAccessorImpl.invoke0(Native Method)
	at sun.reflect.NativeMethodAccessorImpl.invoke(NativeMethodAccessorImpl.java:62)
	at sun.reflect.DelegatingMethodAccessorImpl.invoke(DelegatingMethodAccessorImpl.java:43)
	at java.lang.reflect.Method.invoke(Method.java:498)
	at org.junit.runners.model.FrameworkMethod$1.runReflectiveCall(FrameworkMethod.java:47)
	at org.junit.internal.runners.model.ReflectiveCallable.run(ReflectiveCallable.java:12)
	at org.junit.runners.model.FrameworkMethod.invokeExplosively(FrameworkMethod.java:44)
	at org.junit.internal.runners.statements.InvokeMethod.evaluate(InvokeMethod.java:17)
	at org.junit.runners.ParentRunner.runLeaf(ParentRunner.java:271)
	at org.junit.runners.BlockJUnit4ClassRunner.runChild(BlockJUnit4ClassRunner.java:70)
	at org.junit.runners.BlockJUnit4ClassRunner.runChild(BlockJUnit4ClassRunner.java:50)
	at org.junit.runners.ParentRunner$3.run(ParentRunner.java:238)
	at org.junit.runners.ParentRunner$1.schedule(ParentRunner.java:63)
	at org.junit.runners.ParentRunner.runChildren(ParentRunner.java:236)
	at org.junit.runners.ParentRunner.access$000(ParentRunner.java:53)
	at org.junit.runners.ParentRunner$2.evaluate(ParentRunner.java:229)
	at org.junit.runners.ParentRunner.run(ParentRunner.java:309)
	at org.apache.maven.surefire.junit4.JUnit4Provider.execute(JUnit4Provider.java:252)
	at org.apache.maven.surefire.junit4.JUnit4Provider.executeTestSet(JUnit4Provider.java:141)
	at org.apache.maven.surefire.junit4.JUnit4Provider.invoke(JUnit4Provider.java:112)
	at sun.reflect.NativeMethodAccessorImpl.invoke0(Native Method)
	at sun.reflect.NativeMethodAccessorImpl.invoke(NativeMethodAccessorImpl.java:62)
	at sun.reflect.DelegatingMethodAccessorImpl.invoke(DelegatingMethodAccessorImpl.java:43)
	at java.lang.reflect.Method.invoke(Method.java:498)
	at org.apache.maven.surefire.util.ReflectionUtils.invokeMethodWithArray(ReflectionUtils.java:189)
	at org.apache.maven.surefire.booter.ProviderFactory$ProviderProxy.invoke(ProviderFactory.java:165)
	at org.apache.maven.surefire.booter.ProviderFactory.invokeProvider(ProviderFactory.java:85)
	at org.apache.maven.surefire.booter.ForkedBooter.runSuitesInProcess(ForkedBooter.java:115)
	at org.apache.maven.surefire.booter.ForkedBooter.main(ForkedBooter.java:75)
Caused by: org.apache.ibatis.builder.BuilderException: Wrong namespace. Expected &apos;cn.itrip.dao.hotelroom.HotelroomMapper&apos; but found &apos;cn.itrip.dao.HotelroomMapper&apos;.
	at org.apache.ibatis.builder.MapperBuilderAssistant.setCurrentNamespace(MapperBuilderAssistant.java:75)
	at org.apache.ibatis.builder.xml.XMLMapperBuilder.configurationElement(XMLMapperBuilder.java:105)
	... 66 more
- (1360 ms) - [WARN] 2019-01-15 20:55:32,293 org.springframework.beans.factory.support.DefaultListableBeanFactory - Bean creation exception on FactoryBean type check: org.springframework.beans.factory.BeanCreationException: Error creating bean with name &apos;hotelroomMapper&apos; defined in file [E:\ideaXM\itrip\itrip-dao\target\classes\cn\itrip\dao\hotelroom\HotelroomMapper.class]: Invocation of init method failed; nested exception is java.lang.IllegalArgumentException: java.lang.RuntimeException: Error parsing Mapper XML. Cause: org.apache.ibatis.builder.BuilderException: Wrong namespace. Expected &apos;cn.itrip.dao.hotelroom.HotelroomMapper&apos; but found &apos;cn.itrip.dao.HotelroomMapper&apos;.
- (1361 ms) - [DEBUG] 2019-01-15 20:55:32,294 org.springframework.beans.factory.support.DefaultListableBeanFactory - Returning cached instance of singleton bean &apos;sqlSessionFactoryBean&apos;
- (1362 ms) - [DEBUG] 2019-01-15 20:55:32,295 org.springframework.beans.factory.support.DefaultListableBeanFactory - Autowiring by type from bean name &apos;itripHotMapper&apos; via property &apos;sqlSessionFactory&apos; to bean named &apos;sqlSessionFactoryBean&apos;
- (1362 ms) - [DEBUG] 2019-01-15 20:55:32,295 org.springframework.beans.factory.support.DefaultListableBeanFactory - Creating shared instance of singleton bean &apos;hotelroomMapper&apos;
- (1363 ms) - [DEBUG] 2019-01-15 20:55:32,296 org.springframework.beans.factory.support.DefaultListableBeanFactory - Creating instance of bean &apos;hotelroomMapper&apos;
- (1363 ms) - [DEBUG] 2019-01-15 20:55:32,296 org.springframework.beans.factory.support.DefaultListableBeanFactory - Eagerly caching bean &apos;hotelroomMapper&apos; to allow for resolving potential circular references
- (1364 ms) - [DEBUG] 2019-01-15 20:55:32,297 org.springframework.beans.factory.support.DefaultListableBeanFactory - Returning cached instance of singleton bean &apos;sqlSessionFactoryBean&apos;
- (1364 ms) - [DEBUG] 2019-01-15 20:55:32,297 org.springframework.beans.factory.support.DefaultListableBeanFactory - Autowiring by type from bean name &apos;hotelroomMapper&apos; via property &apos;sqlSessionFactory&apos; to bean named &apos;sqlSessionFactoryBean&apos;
- (1364 ms) - [DEBUG] 2019-01-15 20:55:32,297 org.springframework.beans.factory.support.DefaultListableBeanFactory - Returning eagerly cached instance of singleton bean &apos;hotelroomMapper&apos; that is not fully initialized yet - a consequence of a circular reference
- (1365 ms) - [DEBUG] 2019-01-15 20:55:32,298 org.springframework.beans.factory.support.DefaultListableBeanFactory - Invoking afterPropertiesSet() on bean with name &apos;hotelroomMapper&apos;
- (1370 ms) - [ERROR] 2019-01-15 20:55:32,303 org.mybatis.spring.mapper.MapperFactoryBean - Error while adding the mapper &apos;interface cn.itrip.dao.hotelroom.HotelroomMapper&apos; to configuration.
java.lang.RuntimeException: Error parsing Mapper XML. Cause: org.apache.ibatis.builder.BuilderException: Wrong namespace. Expected &apos;cn.itrip.dao.hotelroom.HotelroomMapper&apos; but found &apos;cn.itrip.dao.HotelroomMapper&apos;.
	at org.apache.ibatis.builder.xml.XMLMapperBuilder.configurationElement(XMLMapperBuilder.java:113)
	at org.apache.ibatis.builder.xml.XMLMapperBuilder.parse(XMLMapperBuilder.java:88)
	at org.apache.ibatis.builder.annotation.MapperAnnotationBuilder.loadXmlResource(MapperAnnotationBuilder.java:159)
	at org.apache.ibatis.builder.annotation.MapperAnnotationBuilder.parse(MapperAnnotationBuilder.java:113)
	at org.apache.ibatis.binding.MapperRegistry.addMapper(MapperRegistry.java:66)
	at org.apache.ibatis.session.Configuration.addMapper(Configuration.java:635)
	at org.mybatis.spring.mapper.MapperFactoryBean.checkDaoConfig(MapperFactoryBean.java:95)
	at org.springframework.dao.support.DaoSupport.afterPropertiesSet(DaoSupport.java:44)
	at org.springframework.beans.factory.support.AbstractAutowireCapableBeanFactory.invokeInitMethods(AbstractAutowireCapableBeanFactory.java:1633)
	at org.springframework.beans.factory.support.AbstractAutowireCapableBeanFactory.initializeBean(AbstractAutowireCapableBeanFactory.java:1570)
	at org.springframework.beans.factory.support.AbstractAutowireCapableBeanFactory.doCreateBean(AbstractAutowireCapableBeanFactory.java:539)
	at org.springframework.beans.factory.support.AbstractAutowireCapableBeanFactory.createBean(AbstractAutowireCapableBeanFactory.java:476)
	at org.springframework.beans.factory.support.AbstractBeanFactory$1.getObject(AbstractBeanFactory.java:303)
	at org.springframework.beans.factory.support.DefaultSingletonBeanRegistry.getSingleton(DefaultSingletonBeanRegistry.java:230)
	at org.springframework.beans.factory.support.AbstractBeanFactory.doGetBean(AbstractBeanFactory.java:299)
	at org.springframework.beans.factory.support.AbstractBeanFactory.getTypeForFactoryBean(AbstractBeanFactory.java:1421)
	at org.springframework.beans.factory.support.AbstractAutowireCapableBeanFactory.getTypeForFactoryBean(AbstractAutowireCapableBeanFactory.java:802)
	at org.springframework.beans.factory.support.AbstractBeanFactory.isTypeMatch(AbstractBeanFactory.java:542)
	at org.springframework.beans.factory.support.DefaultListableBeanFactory.doGetBeanNamesForType(DefaultListableBeanFactory.java:436)
	at org.springframework.beans.factory.support.DefaultListableBeanFactory.getBeanNamesForType(DefaultListableBeanFactory.java:412)
	at org.springframework.beans.factory.BeanFactoryUtils.beanNamesForTypeIncludingAncestors(BeanFactoryUtils.java:186)
	at org.springframework.beans.factory.support.DefaultListableBeanFactory.findAutowireCandidates(DefaultListableBeanFactory.java:1105)
	at org.springframework.beans.factory.support.DefaultListableBeanFactory.doResolveDependency(DefaultListableBeanFactory.java:1044)
	at org.springframework.beans.factory.support.DefaultListableBeanFactory.resolveDependency(DefaultListableBeanFactory.java:942)
	at org.springframework.beans.factory.support.AbstractAutowireCapableBeanFactory.autowireByType(AbstractAutowireCapableBeanFactory.java:1288)
	at org.springframework.beans.factory.support.AbstractAutowireCapableBeanFactory.populateBean(AbstractAutowireCapableBeanFactory.java:1195)
	at org.springframework.beans.factory.support.AbstractAutowireCapableBeanFactory.doCreateBean(AbstractAutowireCapableBeanFactory.java:537)
	at org.springframework.beans.factory.support.AbstractAutowireCapableBeanFactory.createBean(AbstractAutowireCapableBeanFactory.java:476)
	at org.springframework.beans.factory.support.AbstractBeanFactory$1.getObject(AbstractBeanFactory.java:303)
	at org.springframework.beans.factory.support.DefaultSingletonBeanRegistry.getSingleton(DefaultSingletonBeanRegistry.java:230)
	at org.springframework.beans.factory.support.AbstractBeanFactory.doGetBean(AbstractBeanFactory.java:299)
	at org.springframework.beans.factory.support.AbstractBeanFactory.getBean(AbstractBeanFactory.java:194)
	at org.springframework.beans.factory.support.DefaultListableBeanFactory.preInstantiateSingletons(DefaultListableBeanFactory.java:736)
	at org.springframework.context.support.AbstractApplicationContext.finishBeanFactoryInitialization(AbstractApplicationContext.java:757)
	at org.springframework.context.support.AbstractApplicationContext.refresh(AbstractApplicationContext.java:480)
	at org.springframework.context.support.ClassPathXmlApplicationContext.&lt;init&gt;(ClassPathXmlApplicationContext.java:139)
	at org.springframework.context.support.ClassPathXmlApplicationContext.&lt;init&gt;(ClassPathXmlApplicationContext.java:83)
	at cn.itrip.dao.user.TestItripUserMapper.testGetCount(TestItripUserMapper.java:30)
	at sun.reflect.NativeMethodAccessorImpl.invoke0(Native Method)
	at sun.reflect.NativeMethodAccessorImpl.invoke(NativeMethodAccessorImpl.java:62)
	at sun.reflect.DelegatingMethodAccessorImpl.invoke(DelegatingMethodAccessorImpl.java:43)
	at java.lang.reflect.Method.invoke(Method.java:498)
	at org.junit.runners.model.FrameworkMethod$1.runReflectiveCall(FrameworkMethod.java:47)
	at org.junit.internal.runners.model.ReflectiveCallable.run(ReflectiveCallable.java:12)
	at org.junit.runners.model.FrameworkMethod.invokeExplosively(FrameworkMethod.java:44)
	at org.junit.internal.runners.statements.InvokeMethod.evaluate(InvokeMethod.java:17)
	at org.junit.runners.ParentRunner.runLeaf(ParentRunner.java:271)
	at org.junit.runners.BlockJUnit4ClassRunner.runChild(BlockJUnit4ClassRunner.java:70)
	at org.junit.runners.BlockJUnit4ClassRunner.runChild(BlockJUnit4ClassRunner.java:50)
	at org.junit.runners.ParentRunner$3.run(ParentRunner.java:238)
	at org.junit.runners.ParentRunner$1.schedule(ParentRunner.java:63)
	at org.junit.runners.ParentRunner.runChildren(ParentRunner.java:236)
	at org.junit.runners.ParentRunner.access$000(ParentRunner.java:53)
	at org.junit.runners.ParentRunner$2.evaluate(ParentRunner.java:229)
	at org.junit.runners.ParentRunner.run(ParentRunner.java:309)
	at org.apache.maven.surefire.junit4.JUnit4Provider.execute(JUnit4Provider.java:252)
	at org.apache.maven.surefire.junit4.JUnit4Provider.executeTestSet(JUnit4Provider.java:141)
	at org.apache.maven.surefire.junit4.JUnit4Provider.invoke(JUnit4Provider.java:112)
	at sun.reflect.NativeMethodAccessorImpl.invoke0(Native Method)
	at sun.reflect.NativeMethodAccessorImpl.invoke(NativeMethodAccessorImpl.java:62)
	at sun.reflect.DelegatingMethodAccessorImpl.invoke(DelegatingMethodAccessorImpl.java:43)
	at java.lang.reflect.Method.invoke(Method.java:498)
	at org.apache.maven.surefire.util.ReflectionUtils.invokeMethodWithArray(ReflectionUtils.java:189)
	at org.apache.maven.surefire.booter.ProviderFactory$ProviderProxy.invoke(ProviderFactory.java:165)
	at org.apache.maven.surefire.booter.ProviderFactory.invokeProvider(ProviderFactory.java:85)
	at org.apache.maven.surefire.booter.ForkedBooter.runSuitesInProcess(ForkedBooter.java:115)
	at org.apache.maven.surefire.booter.ForkedBooter.main(ForkedBooter.java:75)
Caused by: org.apache.ibatis.builder.BuilderException: Wrong namespace. Expected &apos;cn.itrip.dao.hotelroom.HotelroomMapper&apos; but found &apos;cn.itrip.dao.HotelroomMapper&apos;.
	at org.apache.ibatis.builder.MapperBuilderAssistant.setCurrentNamespace(MapperBuilderAssistant.java:75)
	at org.apache.ibatis.builder.xml.XMLMapperBuilder.configurationElement(XMLMapperBuilder.java:105)
	... 66 more
- (1371 ms) - [WARN] 2019-01-15 20:55:32,304 org.springframework.beans.factory.support.DefaultListableBeanFactory - Bean creation exception on FactoryBean type check: org.springframework.beans.factory.BeanCreationException: Error creating bean with name &apos;hotelroomMapper&apos; defined in file [E:\ideaXM\itrip\itrip-dao\target\classes\cn\itrip\dao\hotelroom\HotelroomMapper.class]: Invocation of init method failed; nested exception is java.lang.IllegalArgumentException: java.lang.RuntimeException: Error parsing Mapper XML. Cause: org.apache.ibatis.builder.BuilderException: Wrong namespace. Expected &apos;cn.itrip.dao.hotelroom.HotelroomMapper&apos; but found &apos;cn.itrip.dao.HotelroomMapper&apos;.
- (1372 ms) - [DEBUG] 2019-01-15 20:55:32,305 org.springframework.beans.factory.support.DefaultListableBeanFactory - Invoking afterPropertiesSet() on bean with name &apos;itripHotMapper&apos;
- (1383 ms) - [DEBUG] 2019-01-15 20:55:32,316 org.springframework.beans.factory.support.DefaultListableBeanFactory - Finished creating instance of bean &apos;itripHotMapper&apos;
- (1384 ms) - [DEBUG] 2019-01-15 20:55:32,317 org.springframework.beans.factory.support.DefaultListableBeanFactory - Returning cached instance of singleton bean &apos;itripAreaDicMapper&apos;
- (1384 ms) - [DEBUG] 2019-01-15 20:55:32,317 org.springframework.beans.factory.support.DefaultListableBeanFactory - Returning cached instance of singleton bean &apos;itripCommentMapper&apos;
- (1384 ms) - [DEBUG] 2019-01-15 20:55:32,317 org.springframework.beans.factory.support.DefaultListableBeanFactory - Returning cached instance of singleton bean &apos;itripHotelMapper&apos;
- (1384 ms) - [DEBUG] 2019-01-15 20:55:32,317 org.springframework.beans.factory.support.DefaultListableBeanFactory - Returning cached instance of singleton bean &apos;itripHotelOrderMapper&apos;
- (1384 ms) - [DEBUG] 2019-01-15 20:55:32,317 org.springframework.beans.factory.support.DefaultListableBeanFactory - Creating shared instance of singleton bean &apos;hotelroomMapper&apos;
- (1384 ms) - [DEBUG] 2019-01-15 20:55:32,317 org.springframework.beans.factory.support.DefaultListableBeanFactory - Creating instance of bean &apos;hotelroomMapper&apos;
- (1385 ms) - [DEBUG] 2019-01-15 20:55:32,318 org.springframework.beans.factory.support.DefaultListableBeanFactory - Eagerly caching bean &apos;hotelroomMapper&apos; to allow for resolving potential circular references
- (1385 ms) - [DEBUG] 2019-01-15 20:55:32,318 org.springframework.beans.factory.support.DefaultListableBeanFactory - Returning eagerly cached instance of singleton bean &apos;hotelroomMapper&apos; that is not fully initialized yet - a consequence of a circular reference
- (1385 ms) - [DEBUG] 2019-01-15 20:55:32,318 org.springframework.beans.factory.support.DefaultListableBeanFactory - Returning cached instance of singleton bean &apos;sqlSessionFactoryBean&apos;
- (1385 ms) - [DEBUG] 2019-01-15 20:55:32,318 org.springframework.beans.factory.support.DefaultListableBeanFactory - Autowiring by type from bean name &apos;hotelroomMapper&apos; via property &apos;sqlSessionFactory&apos; to bean named &apos;sqlSessionFactoryBean&apos;
- (1386 ms) - [DEBUG] 2019-01-15 20:55:32,319 org.springframework.beans.factory.support.DefaultListableBeanFactory - Invoking afterPropertiesSet() on bean with name &apos;hotelroomMapper&apos;
- (1397 ms) - [ERROR] 2019-01-15 20:55:32,330 org.mybatis.spring.mapper.MapperFactoryBean - Error while adding the mapper &apos;interface cn.itrip.dao.hotelroom.HotelroomMapper&apos; to configuration.
java.lang.RuntimeException: Error parsing Mapper XML. Cause: org.apache.ibatis.builder.BuilderException: Wrong namespace. Expected &apos;cn.itrip.dao.hotelroom.HotelroomMapper&apos; but found &apos;cn.itrip.dao.HotelroomMapper&apos;.
	at org.apache.ibatis.builder.xml.XMLMapperBuilder.configurationElement(XMLMapperBuilder.java:113)
	at org.apache.ibatis.builder.xml.XMLMapperBuilder.parse(XMLMapperBuilder.java:88)
	at org.apache.ibatis.builder.annotation.MapperAnnotationBuilder.loadXmlResource(MapperAnnotationBuilder.java:159)
	at org.apache.ibatis.builder.annotation.MapperAnnotationBuilder.parse(MapperAnnotationBuilder.java:113)
	at org.apache.ibatis.binding.MapperRegistry.addMapper(MapperRegistry.java:66)
	at org.apache.ibatis.session.Configuration.addMapper(Configuration.java:635)
	at org.mybatis.spring.mapper.MapperFactoryBean.checkDaoConfig(MapperFactoryBean.java:95)
	at org.springframework.dao.support.DaoSupport.afterPropertiesSet(DaoSupport.java:44)
	at org.springframework.beans.factory.support.AbstractAutowireCapableBeanFactory.invokeInitMethods(AbstractAutowireCapableBeanFactory.java:1633)
	at org.springframework.beans.factory.support.AbstractAutowireCapableBeanFactory.initializeBean(AbstractAutowireCapableBeanFactory.java:1570)
	at org.springframework.beans.factory.support.AbstractAutowireCapableBeanFactory.doCreateBean(AbstractAutowireCapableBeanFactory.java:539)
	at org.springframework.beans.factory.support.AbstractAutowireCapableBeanFactory.createBean(AbstractAutowireCapableBeanFactory.java:476)
	at org.springframework.beans.factory.support.AbstractBeanFactory$1.getObject(AbstractBeanFactory.java:303)
	at org.springframework.beans.factory.support.DefaultSingletonBeanRegistry.getSingleton(DefaultSingletonBeanRegistry.java:230)
	at org.springframework.beans.factory.support.AbstractBeanFactory.doGetBean(AbstractBeanFactory.java:299)
	at org.springframework.beans.factory.support.AbstractBeanFactory.getBean(AbstractBeanFactory.java:194)
	at org.springframework.beans.factory.support.DefaultListableBeanFactory.preInstantiateSingletons(DefaultListableBeanFactory.java:736)
	at org.springframework.context.support.AbstractApplicationContext.finishBeanFactoryInitialization(AbstractApplicationContext.java:757)
	at org.springframework.context.support.AbstractApplicationContext.refresh(AbstractApplicationContext.java:480)
	at org.springframework.context.support.ClassPathXmlApplicationContext.&lt;init&gt;(ClassPathXmlApplicationContext.java:139)
	at org.springframework.context.support.ClassPathXmlApplicationContext.&lt;init&gt;(ClassPathXmlApplicationContext.java:83)
	at cn.itrip.dao.user.TestItripUserMapper.testGetCount(TestItripUserMapper.java:30)
	at sun.reflect.NativeMethodAccessorImpl.invoke0(Native Method)
	at sun.reflect.NativeMethodAccessorImpl.invoke(NativeMethodAccessorImpl.java:62)
	at sun.reflect.DelegatingMethodAccessorImpl.invoke(DelegatingMethodAccessorImpl.java:43)
	at java.lang.reflect.Method.invoke(Method.java:498)
	at org.junit.runners.model.FrameworkMethod$1.runReflectiveCall(FrameworkMethod.java:47)
	at org.junit.internal.runners.model.ReflectiveCallable.run(ReflectiveCallable.java:12)
	at org.junit.runners.model.FrameworkMethod.invokeExplosively(FrameworkMethod.java:44)
	at org.junit.internal.runners.statements.InvokeMethod.evaluate(InvokeMethod.java:17)
	at org.junit.runners.ParentRunner.runLeaf(ParentRunner.java:271)
	at org.junit.runners.BlockJUnit4ClassRunner.runChild(BlockJUnit4ClassRunner.java:70)
	at org.junit.runners.BlockJUnit4ClassRunner.runChild(BlockJUnit4ClassRunner.java:50)
	at org.junit.runners.ParentRunner$3.run(ParentRunner.java:238)
	at org.junit.runners.ParentRunner$1.schedule(ParentRunner.java:63)
	at org.junit.runners.ParentRunner.runChildren(ParentRunner.java:236)
	at org.junit.runners.ParentRunner.access$000(ParentRunner.java:53)
	at org.junit.runners.ParentRunner$2.evaluate(ParentRunner.java:229)
	at org.junit.runners.ParentRunner.run(ParentRunner.java:309)
	at org.apache.maven.surefire.junit4.JUnit4Provider.execute(JUnit4Provider.java:252)
	at org.apache.maven.surefire.junit4.JUnit4Provider.executeTestSet(JUnit4Provider.java:141)
	at org.apache.maven.surefire.junit4.JUnit4Provider.invoke(JUnit4Provider.java:112)
	at sun.reflect.NativeMethodAccessorImpl.invoke0(Native Method)
	at sun.reflect.NativeMethodAccessorImpl.invoke(NativeMethodAccessorImpl.java:62)
	at sun.reflect.DelegatingMethodAccessorImpl.invoke(DelegatingMethodAccessorImpl.java:43)
	at java.lang.reflect.Method.invoke(Method.java:498)
	at org.apache.maven.surefire.util.ReflectionUtils.invokeMethodWithArray(ReflectionUtils.java:189)
	at org.apache.maven.surefire.booter.ProviderFactory$ProviderProxy.invoke(ProviderFactory.java:165)
	at org.apache.maven.surefire.booter.ProviderFactory.invokeProvider(ProviderFactory.java:85)
	at org.apache.maven.surefire.booter.ForkedBooter.runSuitesInProcess(ForkedBooter.java:115)
	at org.apache.maven.surefire.booter.ForkedBooter.main(ForkedBooter.java:75)
Caused by: org.apache.ibatis.builder.BuilderException: Wrong namespace. Expected &apos;cn.itrip.dao.hotelroom.HotelroomMapper&apos; but found &apos;cn.itrip.dao.HotelroomMapper&apos;.
	at org.apache.ibatis.builder.MapperBuilderAssistant.setCurrentNamespace(MapperBuilderAssistant.java:75)
	at org.apache.ibatis.builder.xml.XMLMapperBuilder.configurationElement(XMLMapperBuilder.java:105)
	... 50 more
- (1400 ms) - [WARN] 2019-01-15 20:55:32,333 org.springframework.context.support.ClassPathXmlApplicationContext - Exception encountered during context initialization - cancelling refresh attempt
org.springframework.beans.factory.BeanCreationException: Error creating bean with name &apos;hotelroomMapper&apos; defined in file [E:\ideaXM\itrip\itrip-dao\target\classes\cn\itrip\dao\hotelroom\HotelroomMapper.class]: Invocation of init method failed; nested exception is java.lang.IllegalArgumentException: java.lang.RuntimeException: Error parsing Mapper XML. Cause: org.apache.ibatis.builder.BuilderException: Wrong namespace. Expected &apos;cn.itrip.dao.hotelroom.HotelroomMapper&apos; but found &apos;cn.itrip.dao.HotelroomMapper&apos;.
	at org.springframework.beans.factory.support.AbstractAutowireCapableBeanFactory.initializeBean(AbstractAutowireCapableBeanFactory.java:1574)
	at org.springframework.beans.factory.support.AbstractAutowireCapableBeanFactory.doCreateBean(AbstractAutowireCapableBeanFactory.java:539)
	at org.springframework.beans.factory.support.AbstractAutowireCapableBeanFactory.createBean(AbstractAutowireCapableBeanFactory.java:476)
	at org.springframework.beans.factory.support.AbstractBeanFactory$1.getObject(AbstractBeanFactory.java:303)
	at org.springframework.beans.factory.support.DefaultSingletonBeanRegistry.getSingleton(DefaultSingletonBeanRegistry.java:230)
	at org.springframework.beans.factory.support.AbstractBeanFactory.doGetBean(AbstractBeanFactory.java:299)
	at org.springframework.beans.factory.support.AbstractBeanFactory.getBean(AbstractBeanFactory.java:194)
	at org.springframework.beans.factory.support.DefaultListableBeanFactory.preInstantiateSingletons(DefaultListableBeanFactory.java:736)
	at org.springframework.context.support.AbstractApplicationContext.finishBeanFactoryInitialization(AbstractApplicationContext.java:757)
	at org.springframework.context.support.AbstractApplicationContext.refresh(AbstractApplicationContext.java:480)
	at org.springframework.context.support.ClassPathXmlApplicationContext.&lt;init&gt;(ClassPathXmlApplicationContext.java:139)
	at org.springframework.context.support.ClassPathXmlApplicationContext.&lt;init&gt;(ClassPathXmlApplicationContext.java:83)
	at cn.itrip.dao.user.TestItripUserMapper.testGetCount(TestItripUserMapper.java:30)
	at sun.reflect.NativeMethodAccessorImpl.invoke0(Native Method)
	at sun.reflect.NativeMethodAccessorImpl.invoke(NativeMethodAccessorImpl.java:62)
	at sun.reflect.DelegatingMethodAccessorImpl.invoke(DelegatingMethodAccessorImpl.java:43)
	at java.lang.reflect.Method.invoke(Method.java:498)
	at org.junit.runners.model.FrameworkMethod$1.runReflectiveCall(FrameworkMethod.java:47)
	at org.junit.internal.runners.model.ReflectiveCallable.run(ReflectiveCallable.java:12)
	at org.junit.runners.model.FrameworkMethod.invokeExplosively(FrameworkMethod.java:44)
	at org.junit.internal.runners.statements.InvokeMethod.evaluate(InvokeMethod.java:17)
	at org.junit.runners.ParentRunner.runLeaf(ParentRunner.java:271)
	at org.junit.runners.BlockJUnit4ClassRunner.runChild(BlockJUnit4ClassRunner.java:70)
	at org.junit.runners.BlockJUnit4ClassRunner.runChild(BlockJUnit4ClassRunner.java:50)
	at org.junit.runners.ParentRunner$3.run(ParentRunner.java:238)
	at org.junit.runners.ParentRunner$1.schedule(ParentRunner.java:63)
	at org.junit.runners.ParentRunner.runChildren(ParentRunner.java:236)
	at org.junit.runners.ParentRunner.access$000(ParentRunner.java:53)
	at org.junit.runners.ParentRunner$2.evaluate(ParentRunner.java:229)
	at org.junit.runners.ParentRunner.run(ParentRunner.java:309)
	at org.apache.maven.surefire.junit4.JUnit4Provider.execute(JUnit4Provider.java:252)
	at org.apache.maven.surefire.junit4.JUnit4Provider.executeTestSet(JUnit4Provider.java:141)
	at org.apache.maven.surefire.junit4.JUnit4Provider.invoke(JUnit4Provider.java:112)
	at sun.reflect.NativeMethodAccessorImpl.invoke0(Native Method)
	at sun.reflect.NativeMethodAccessorImpl.invoke(NativeMethodAccessorImpl.java:62)
	at sun.reflect.DelegatingMethodAccessorImpl.invoke(DelegatingMethodAccessorImpl.java:43)
	at java.lang.reflect.Method.invoke(Method.java:498)
	at org.apache.maven.surefire.util.ReflectionUtils.invokeMethodWithArray(ReflectionUtils.java:189)
	at org.apache.maven.surefire.booter.ProviderFactory$ProviderProxy.invoke(ProviderFactory.java:165)
	at org.apache.maven.surefire.booter.ProviderFactory.invokeProvider(ProviderFactory.java:85)
	at org.apache.maven.surefire.booter.ForkedBooter.runSuitesInProcess(ForkedBooter.java:115)
	at org.apache.maven.surefire.booter.ForkedBooter.main(ForkedBooter.java:75)
Caused by: java.lang.IllegalArgumentException: java.lang.RuntimeException: Error parsing Mapper XML. Cause: org.apache.ibatis.builder.BuilderException: Wrong namespace. Expected &apos;cn.itrip.dao.hotelroom.HotelroomMapper&apos; but found &apos;cn.itrip.dao.HotelroomMapper&apos;.
	at org.mybatis.spring.mapper.MapperFactoryBean.checkDaoConfig(MapperFactoryBean.java:98)
	at org.springframework.dao.support.DaoSupport.afterPropertiesSet(DaoSupport.java:44)
	at org.springframework.beans.factory.support.AbstractAutowireCapableBeanFactory.invokeInitMethods(AbstractAutowireCapableBeanFactory.java:1633)
	at org.springframework.beans.factory.support.AbstractAutowireCapableBeanFactory.initializeBean(AbstractAutowireCapableBeanFactory.java:1570)
	... 41 more
Caused by: java.lang.RuntimeException: Error parsing Mapper XML. Cause: org.apache.ibatis.builder.BuilderException: Wrong namespace. Expected &apos;cn.itrip.dao.hotelroom.HotelroomMapper&apos; but found &apos;cn.itrip.dao.HotelroomMapper&apos;.
	at org.apache.ibatis.builder.xml.XMLMapperBuilder.configurationElement(XMLMapperBuilder.java:113)
	at org.apache.ibatis.builder.xml.XMLMapperBuilder.parse(XMLMapperBuilder.java:88)
	at org.apache.ibatis.builder.annotation.MapperAnnotationBuilder.loadXmlResource(MapperAnnotationBuilder.java:159)
	at org.apache.ibatis.builder.annotation.MapperAnnotationBuilder.parse(MapperAnnotationBuilder.java:113)
	at org.apache.ibatis.binding.MapperRegistry.addMapper(MapperRegistry.java:66)
	at org.apache.ibatis.session.Configuration.addMapper(Configuration.java:635)
	at org.mybatis.spring.mapper.MapperFactoryBean.checkDaoConfig(MapperFactoryBean.java:95)
	... 44 more
Caused by: org.apache.ibatis.builder.BuilderException: Wrong namespace. Expected &apos;cn.itrip.dao.hotelroom.HotelroomMapper&apos; but found &apos;cn.itrip.dao.HotelroomMapper&apos;.
	at org.apache.ibatis.builder.MapperBuilderAssistant.setCurrentNamespace(MapperBuilderAssistant.java:75)
	at org.apache.ibatis.builder.xml.XMLMapperBuilder.configurationElement(XMLMapperBuilder.java:105)
	... 50 more
- (1401 ms) - [DEBUG] 2019-01-15 20:55:32,334 org.springframework.beans.factory.support.DefaultListableBeanFactory - Destroying singletons in org.springframework.beans.factory.support.DefaultListableBeanFactory@1cab0bfb: defining beans [org.springframework.context.annotation.internalConfigurationAnnotationProcessor,org.springframework.context.annotation.internalAutowiredAnnotationProcessor,org.springframework.context.annotation.internalRequiredAnnotationProcessor,org.springframework.context.annotation.internalCommonAnnotationProcessor,org.springframework.context.support.PropertySourcesPlaceholderConfigurer#0,dataSource,sqlSessionFactoryBean,org.mybatis.spring.mapper.MapperScannerConfigurer#0,jedisPoolConfig,jedisPool,redisAPI,validationToken,org.springframework.context.annotation.ConfigurationClassPostProcessor.importAwareProcessor,org.springframework.context.annotation.ConfigurationClassPostProcessor.enhancedConfigurationProcessor,itripHotMapper,itripAreaDicMapper,itripCommentMapper,itripHotelMapper,itripHotelOrderMapper,hotelroomMapper,itripImageMapper,itripLabelMapper,itripLabelDicMapper,itripUserMapper,itripUserLinkUserMapper]; root of factory hierarchy
- (1404 ms) - [DEBUG] 2019-01-15 20:55:32,337 org.springframework.beans.factory.support.DisposableBeanAdapter - Invoking destroy method &apos;destroy&apos; on bean with name &apos;jedisPool&apos;
- (1405 ms) - [DEBUG] 2019-01-15 20:55:32,338 org.springframework.beans.factory.support.DisposableBeanAdapter - Invoking destroy method &apos;close&apos; on bean with name &apos;dataSource&apos;
</system-out>
  </testcase>
  <testcase classname="cn.itrip.dao.user.TestItripUserMapper" name="testGetItripUserById" time="0.579">
    <error message="Error creating bean with name &apos;hotelroomMapper&apos; defined in file [E:\ideaXM\itrip\itrip-dao\target\classes\cn\itrip\dao\hotelroom\HotelroomMapper.class]: Invocation of init method failed; nested exception is java.lang.IllegalArgumentException: java.lang.RuntimeException: Error parsing Mapper XML. Cause: org.apache.ibatis.builder.BuilderException: Wrong namespace. Expected &apos;cn.itrip.dao.hotelroom.HotelroomMapper&apos; but found &apos;cn.itrip.dao.HotelroomMapper&apos;." type="org.springframework.beans.factory.BeanCreationException">org.springframework.beans.factory.BeanCreationException: Error creating bean with name &apos;hotelroomMapper&apos; defined in file [E:\ideaXM\itrip\itrip-dao\target\classes\cn\itrip\dao\hotelroom\HotelroomMapper.class]: Invocation of init method failed; nested exception is java.lang.IllegalArgumentException: java.lang.RuntimeException: Error parsing Mapper XML. Cause: org.apache.ibatis.builder.BuilderException: Wrong namespace. Expected &apos;cn.itrip.dao.hotelroom.HotelroomMapper&apos; but found &apos;cn.itrip.dao.HotelroomMapper&apos;.
	at org.springframework.beans.factory.support.AbstractAutowireCapableBeanFactory.initializeBean(AbstractAutowireCapableBeanFactory.java:1574)
	at org.springframework.beans.factory.support.AbstractAutowireCapableBeanFactory.doCreateBean(AbstractAutowireCapableBeanFactory.java:539)
	at org.springframework.beans.factory.support.AbstractAutowireCapableBeanFactory.createBean(AbstractAutowireCapableBeanFactory.java:476)
	at org.springframework.beans.factory.support.AbstractBeanFactory$1.getObject(AbstractBeanFactory.java:303)
	at org.springframework.beans.factory.support.DefaultSingletonBeanRegistry.getSingleton(DefaultSingletonBeanRegistry.java:230)
	at org.springframework.beans.factory.support.AbstractBeanFactory.doGetBean(AbstractBeanFactory.java:299)
	at org.springframework.beans.factory.support.AbstractBeanFactory.getBean(AbstractBeanFactory.java:194)
	at org.springframework.beans.factory.support.DefaultListableBeanFactory.preInstantiateSingletons(DefaultListableBeanFactory.java:736)
	at org.springframework.context.support.AbstractApplicationContext.finishBeanFactoryInitialization(AbstractApplicationContext.java:757)
	at org.springframework.context.support.AbstractApplicationContext.refresh(AbstractApplicationContext.java:480)
	at org.springframework.context.support.ClassPathXmlApplicationContext.&lt;init&gt;(ClassPathXmlApplicationContext.java:139)
	at org.springframework.context.support.ClassPathXmlApplicationContext.&lt;init&gt;(ClassPathXmlApplicationContext.java:83)
	at cn.itrip.dao.user.TestItripUserMapper.testGetItripUserById(TestItripUserMapper.java:17)
	at sun.reflect.NativeMethodAccessorImpl.invoke0(Native Method)
	at sun.reflect.NativeMethodAccessorImpl.invoke(NativeMethodAccessorImpl.java:62)
	at sun.reflect.DelegatingMethodAccessorImpl.invoke(DelegatingMethodAccessorImpl.java:43)
	at java.lang.reflect.Method.invoke(Method.java:498)
	at org.junit.runners.model.FrameworkMethod$1.runReflectiveCall(FrameworkMethod.java:47)
	at org.junit.internal.runners.model.ReflectiveCallable.run(ReflectiveCallable.java:12)
	at org.junit.runners.model.FrameworkMethod.invokeExplosively(FrameworkMethod.java:44)
	at org.junit.internal.runners.statements.InvokeMethod.evaluate(InvokeMethod.java:17)
	at org.junit.runners.ParentRunner.runLeaf(ParentRunner.java:271)
	at org.junit.runners.BlockJUnit4ClassRunner.runChild(BlockJUnit4ClassRunner.java:70)
	at org.junit.runners.BlockJUnit4ClassRunner.runChild(BlockJUnit4ClassRunner.java:50)
	at org.junit.runners.ParentRunner$3.run(ParentRunner.java:238)
	at org.junit.runners.ParentRunner$1.schedule(ParentRunner.java:63)
	at org.junit.runners.ParentRunner.runChildren(ParentRunner.java:236)
	at org.junit.runners.ParentRunner.access$000(ParentRunner.java:53)
	at org.junit.runners.ParentRunner$2.evaluate(ParentRunner.java:229)
	at org.junit.runners.ParentRunner.run(ParentRunner.java:309)
	at org.apache.maven.surefire.junit4.JUnit4Provider.execute(JUnit4Provider.java:252)
	at org.apache.maven.surefire.junit4.JUnit4Provider.executeTestSet(JUnit4Provider.java:141)
	at org.apache.maven.surefire.junit4.JUnit4Provider.invoke(JUnit4Provider.java:112)
	at sun.reflect.NativeMethodAccessorImpl.invoke0(Native Method)
	at sun.reflect.NativeMethodAccessorImpl.invoke(NativeMethodAccessorImpl.java:62)
	at sun.reflect.DelegatingMethodAccessorImpl.invoke(DelegatingMethodAccessorImpl.java:43)
	at java.lang.reflect.Method.invoke(Method.java:498)
	at org.apache.maven.surefire.util.ReflectionUtils.invokeMethodWithArray(ReflectionUtils.java:189)
	at org.apache.maven.surefire.booter.ProviderFactory$ProviderProxy.invoke(ProviderFactory.java:165)
	at org.apache.maven.surefire.booter.ProviderFactory.invokeProvider(ProviderFactory.java:85)
	at org.apache.maven.surefire.booter.ForkedBooter.runSuitesInProcess(ForkedBooter.java:115)
	at org.apache.maven.surefire.booter.ForkedBooter.main(ForkedBooter.java:75)
Caused by: java.lang.IllegalArgumentException: java.lang.RuntimeException: Error parsing Mapper XML. Cause: org.apache.ibatis.builder.BuilderException: Wrong namespace. Expected &apos;cn.itrip.dao.hotelroom.HotelroomMapper&apos; but found &apos;cn.itrip.dao.HotelroomMapper&apos;.
	at org.mybatis.spring.mapper.MapperFactoryBean.checkDaoConfig(MapperFactoryBean.java:98)
	at org.springframework.dao.support.DaoSupport.afterPropertiesSet(DaoSupport.java:44)
	at org.springframework.beans.factory.support.AbstractAutowireCapableBeanFactory.invokeInitMethods(AbstractAutowireCapableBeanFactory.java:1633)
	at org.springframework.beans.factory.support.AbstractAutowireCapableBeanFactory.initializeBean(AbstractAutowireCapableBeanFactory.java:1570)
	... 41 more
Caused by: java.lang.RuntimeException: Error parsing Mapper XML. Cause: org.apache.ibatis.builder.BuilderException: Wrong namespace. Expected &apos;cn.itrip.dao.hotelroom.HotelroomMapper&apos; but found &apos;cn.itrip.dao.HotelroomMapper&apos;.
	at org.apache.ibatis.builder.xml.XMLMapperBuilder.configurationElement(XMLMapperBuilder.java:113)
	at org.apache.ibatis.builder.xml.XMLMapperBuilder.parse(XMLMapperBuilder.java:88)
	at org.apache.ibatis.builder.annotation.MapperAnnotationBuilder.loadXmlResource(MapperAnnotationBuilder.java:159)
	at org.apache.ibatis.builder.annotation.MapperAnnotationBuilder.parse(MapperAnnotationBuilder.java:113)
	at org.apache.ibatis.binding.MapperRegistry.addMapper(MapperRegistry.java:66)
	at org.apache.ibatis.session.Configuration.addMapper(Configuration.java:635)
	at org.mybatis.spring.mapper.MapperFactoryBean.checkDaoConfig(MapperFactoryBean.java:95)
	... 44 more
Caused by: org.apache.ibatis.builder.BuilderException: Wrong namespace. Expected &apos;cn.itrip.dao.hotelroom.HotelroomMapper&apos; but found &apos;cn.itrip.dao.HotelroomMapper&apos;.
	at org.apache.ibatis.builder.MapperBuilderAssistant.setCurrentNamespace(MapperBuilderAssistant.java:75)
	at org.apache.ibatis.builder.xml.XMLMapperBuilder.configurationElement(XMLMapperBuilder.java:105)
	... 50 more
</error>
    <system-out>- (1438 ms) - [DEBUG] 2019-01-15 20:55:32,371 org.springframework.core.env.StandardEnvironment - Adding [systemProperties] PropertySource with lowest search precedence
- (1439 ms) - [DEBUG] 2019-01-15 20:55:32,372 org.springframework.core.env.StandardEnvironment - Adding [systemEnvironment] PropertySource with lowest search precedence
- (1440 ms) - [DEBUG] 2019-01-15 20:55:32,373 org.springframework.core.env.StandardEnvironment - Initialized StandardEnvironment with PropertySources [systemProperties,systemEnvironment]
- (1441 ms) - [INFO] 2019-01-15 20:55:32,374 org.springframework.context.support.ClassPathXmlApplicationContext - Refreshing org.springframework.context.support.ClassPathXmlApplicationContext@f0c8a99: startup date [Tue Jan 15 20:55:32 CST 2019]; root of context hierarchy
- (1441 ms) - [DEBUG] 2019-01-15 20:55:32,374 org.springframework.core.env.StandardEnvironment - Adding [systemProperties] PropertySource with lowest search precedence
- (1444 ms) - [DEBUG] 2019-01-15 20:55:32,377 org.springframework.core.env.StandardEnvironment - Adding [systemEnvironment] PropertySource with lowest search precedence
- (1445 ms) - [DEBUG] 2019-01-15 20:55:32,378 org.springframework.core.env.StandardEnvironment - Initialized StandardEnvironment with PropertySources [systemProperties,systemEnvironment]
- (1445 ms) - [INFO] 2019-01-15 20:55:32,378 org.springframework.beans.factory.xml.XmlBeanDefinitionReader - Loading XML bean definitions from class path resource [applicationContext.xml]
- (1447 ms) - [DEBUG] 2019-01-15 20:55:32,380 org.springframework.beans.factory.xml.DefaultDocumentLoader - Using JAXP provider [com.sun.org.apache.xerces.internal.jaxp.DocumentBuilderFactoryImpl]
- (1449 ms) - [DEBUG] 2019-01-15 20:55:32,382 org.springframework.beans.factory.xml.PluggableSchemaResolver - Loading schema mappings from [META-INF/spring.schemas]
- (1455 ms) - [DEBUG] 2019-01-15 20:55:32,388 org.springframework.beans.factory.xml.PluggableSchemaResolver - Loaded schema mappings: {http://www.springframework.org/schema/tx/spring-tx-2.5.xsd=org/springframework/transaction/config/spring-tx-2.5.xsd, http://www.springframework.org/schema/aop/spring-aop-4.1.xsd=org/springframework/aop/config/spring-aop-4.1.xsd, http://www.springframework.org/schema/context/spring-context-3.1.xsd=org/springframework/context/config/spring-context-3.1.xsd, http://www.springframework.org/schema/jdbc/spring-jdbc-4.1.xsd=org/springframework/jdbc/config/spring-jdbc-4.1.xsd, http://www.springframework.org/schema/jms/spring-jms-2.5.xsd=org/springframework/jms/config/spring-jms-2.5.xsd, http://www.springframework.org/schema/util/spring-util-3.0.xsd=org/springframework/beans/factory/xml/spring-util-3.0.xsd, http://www.springframework.org/schema/mvc/spring-mvc-4.1.xsd=org/springframework/web/servlet/config/spring-mvc-4.1.xsd, http://www.springframework.org/schema/tool/spring-tool.xsd=org/springframework/beans/factory/xml/spring-tool-4.1.xsd, http://www.springframework.org/schema/aop/spring-aop-3.2.xsd=org/springframework/aop/config/spring-aop-3.2.xsd, http://mybatis.org/schema/mybatis-spring-1.2.xsd=org/mybatis/spring/config/mybatis-spring-1.2.xsd, http://www.springframework.org/schema/lang/spring-lang-4.1.xsd=org/springframework/scripting/config/spring-lang-4.1.xsd, http://www.springframework.org/schema/context/spring-context-4.0.xsd=org/springframework/context/config/spring-context-4.0.xsd, http://www.springframework.org/schema/mvc/spring-mvc-3.2.xsd=org/springframework/web/servlet/config/spring-mvc-3.2.xsd, http://www.springframework.org/schema/oxm/spring-oxm-3.0.xsd=org/springframework/oxm/config/spring-oxm-3.0.xsd, http://www.springframework.org/schema/tool/spring-tool-4.1.xsd=org/springframework/beans/factory/xml/spring-tool-4.1.xsd, http://www.springframework.org/schema/lang/spring-lang-3.2.xsd=org/springframework/scripting/config/spring-lang-3.2.xsd, http://www.springframework.org/schema/cache/spring-cache-3.2.xsd=org/springframework/cache/config/spring-cache-3.2.xsd, http://www.springframework.org/schema/jee/spring-jee-4.1.xsd=org/springframework/ejb/config/spring-jee-4.1.xsd, http://www.springframework.org/schema/jdbc/spring-jdbc-3.1.xsd=org/springframework/jdbc/config/spring-jdbc-3.1.xsd, http://www.springframework.org/schema/util/spring-util-2.0.xsd=org/springframework/beans/factory/xml/spring-util-2.0.xsd, http://www.springframework.org/schema/tool/spring-tool-3.2.xsd=org/springframework/beans/factory/xml/spring-tool-3.2.xsd, http://www.springframework.org/schema/context/spring-context.xsd=org/springframework/context/config/spring-context-4.1.xsd, http://www.springframework.org/schema/cache/spring-cache-4.1.xsd=org/springframework/cache/config/spring-cache-4.1.xsd, http://www.springframework.org/schema/aop/spring-aop-4.0.xsd=org/springframework/aop/config/spring-aop-4.0.xsd, http://www.springframework.org/schema/jee/spring-jee-3.2.xsd=org/springframework/ejb/config/spring-jee-3.2.xsd, http://www.springframework.org/schema/context/spring-context-3.0.xsd=org/springframework/context/config/spring-context-3.0.xsd, http://www.springframework.org/schema/jdbc/spring-jdbc-4.0.xsd=org/springframework/jdbc/config/spring-jdbc-4.0.xsd, http://www.springframework.org/schema/util/spring-util-2.5.xsd=org/springframework/beans/factory/xml/spring-util-2.5.xsd, http://www.springframework.org/schema/mvc/spring-mvc-4.0.xsd=org/springframework/web/servlet/config/spring-mvc-4.0.xsd, http://www.springframework.org/schema/beans/spring-beans-3.2.xsd=org/springframework/beans/factory/xml/spring-beans-3.2.xsd, http://www.springframework.org/schema/aop/spring-aop-3.1.xsd=org/springframework/aop/config/spring-aop-3.1.xsd, http://www.springframework.org/schema/lang/spring-lang-4.0.xsd=org/springframework/scripting/config/spring-lang-4.0.xsd, http://www.springframework.org/schema/mvc/spring-mvc.xsd=org/springframework/web/servlet/config/spring-mvc-4.1.xsd, http://www.springframework.org/schema/mvc/spring-mvc-3.1.xsd=org/springframework/web/servlet/config/spring-mvc-3.1.xsd, http://www.springframework.org/schema/beans/spring-beans-4.1.xsd=org/springframework/beans/factory/xml/spring-beans-4.1.xsd, http://www.springframework.org/schema/tool/spring-tool-4.0.xsd=org/springframework/beans/factory/xml/spring-tool-4.0.xsd, http://www.springframework.org/schema/lang/spring-lang-3.1.xsd=org/springframework/scripting/config/spring-lang-3.1.xsd, http://www.springframework.org/schema/tx/spring-tx-3.2.xsd=org/springframework/transaction/config/spring-tx-3.2.xsd, http://www.springframework.org/schema/cache/spring-cache-3.1.xsd=org/springframework/cache/config/spring-cache-3.1.xsd, http://www.springframework.org/schema/jee/spring-jee-4.0.xsd=org/springframework/ejb/config/spring-jee-4.0.xsd, http://www.springframework.org/schema/jdbc/spring-jdbc-3.0.xsd=org/springframework/jdbc/config/spring-jdbc-3.0.xsd, http://www.springframework.org/schema/task/spring-task-4.1.xsd=org/springframework/scheduling/config/spring-task-4.1.xsd, http://www.springframework.org/schema/tool/spring-tool-3.1.xsd=org/springframework/beans/factory/xml/spring-tool-3.1.xsd, http://www.springframework.org/schema/jdbc/spring-jdbc.xsd=org/springframework/jdbc/config/spring-jdbc-4.1.xsd, http://www.springframework.org/schema/tx/spring-tx-4.1.xsd=org/springframework/transaction/config/spring-tx-4.1.xsd, http://www.springframework.org/schema/cache/spring-cache-4.0.xsd=org/springframework/cache/config/spring-cache-4.0.xsd, http://www.springframework.org/schema/jee/spring-jee-3.1.xsd=org/springframework/ejb/config/spring-jee-3.1.xsd, http://www.springframework.org/schema/task/spring-task-3.2.xsd=org/springframework/scheduling/config/spring-task-3.2.xsd, http://www.springframework.org/schema/beans/spring-beans-3.1.xsd=org/springframework/beans/factory/xml/spring-beans-3.1.xsd, http://www.springframework.org/schema/util/spring-util.xsd=org/springframework/beans/factory/xml/spring-util-4.1.xsd, http://www.springframework.org/schema/aop/spring-aop-3.0.xsd=org/springframework/aop/config/spring-aop-3.0.xsd, http://www.springframework.org/schema/jms/spring-jms-3.2.xsd=org/springframework/jms/config/spring-jms-3.2.xsd, http://www.springframework.org/schema/mvc/spring-mvc-3.0.xsd=org/springframework/web/servlet/config/spring-mvc-3.0.xsd, http://www.springframework.org/schema/beans/spring-beans-4.0.xsd=org/springframework/beans/factory/xml/spring-beans-4.0.xsd, http://www.springframework.org/schema/beans/spring-beans.xsd=org/springframework/beans/factory/xml/spring-beans-4.1.xsd, http://www.springframework.org/schema/plugin/spring-plugin.xsd=org/springframework/plugin/core/config/spring-plugin.xsd, http://www.springframework.org/schema/lang/spring-lang-3.0.xsd=org/springframework/scripting/config/spring-lang-3.0.xsd, http://www.springframework.org/schema/tx/spring-tx-3.1.xsd=org/springframework/transaction/config/spring-tx-3.1.xsd, http://mybatis.org/schema/mybatis-spring.xsd=org/mybatis/spring/config/mybatis-spring-1.2.xsd, http://www.springframework.org/schema/context/spring-context-2.5.xsd=org/springframework/context/config/spring-context-2.5.xsd, http://www.springframework.org/schema/jms/spring-jms-4.1.xsd=org/springframework/jms/config/spring-jms-4.1.xsd, http://www.springframework.org/schema/task/spring-task-4.0.xsd=org/springframework/scheduling/config/spring-task-4.0.xsd, http://www.springframework.org/schema/tool/spring-tool-3.0.xsd=org/springframework/beans/factory/xml/spring-tool-3.0.xsd, http://www.springframework.org/schema/tx/spring-tx-4.0.xsd=org/springframework/transaction/config/spring-tx-4.0.xsd, http://www.springframework.org/schema/aop/spring-aop-2.0.xsd=org/springframework/aop/config/spring-aop-2.0.xsd, http://www.springframework.org/schema/jee/spring-jee-3.0.xsd=org/springframework/ejb/config/spring-jee-3.0.xsd, http://www.springframework.org/schema/util/spring-util-4.1.xsd=org/springframework/beans/factory/xml/spring-util-4.1.xsd, http://www.springframework.org/schema/task/spring-task-3.1.xsd=org/springframework/scheduling/config/spring-task-3.1.xsd, http://www.springframework.org/schema/beans/spring-beans-3.0.xsd=org/springframework/beans/factory/xml/spring-beans-3.0.xsd, http://www.springframework.org/schema/jee/spring-jee.xsd=org/springframework/ejb/config/spring-jee-4.1.xsd, http://www.springframework.org/schema/aop/spring-aop-2.5.xsd=org/springframework/aop/config/spring-aop-2.5.xsd, http://www.springframework.org/schema/jms/spring-jms.xsd=org/springframework/jms/config/spring-jms-4.1.xsd, http://www.springframework.org/schema/lang/spring-lang-2.0.xsd=org/springframework/scripting/config/spring-lang-2.0.xsd, http://www.springframework.org/schema/jms/spring-jms-3.1.xsd=org/springframework/jms/config/spring-jms-3.1.xsd, http://www.springframework.org/schema/oxm/spring-oxm.xsd=org/springframework/oxm/config/spring-oxm-4.1.xsd, http://www.springframework.org/schema/util/spring-util-3.2.xsd=org/springframework/beans/factory/xml/spring-util-3.2.xsd, http://www.springframework.org/schema/oxm/spring-oxm-4.1.xsd=org/springframework/oxm/config/spring-oxm-4.1.xsd, http://www.springframework.org/schema/task/spring-task.xsd=org/springframework/scheduling/config/spring-task-4.1.xsd, http://www.springframework.org/schema/tool/spring-tool-2.0.xsd=org/springframework/beans/factory/xml/spring-tool-2.0.xsd, http://www.springframework.org/schema/tx/spring-tx-3.0.xsd=org/springframework/transaction/config/spring-tx-3.0.xsd, http://www.springframework.org/schema/lang/spring-lang-2.5.xsd=org/springframework/scripting/config/spring-lang-2.5.xsd, http://www.springframework.org/schema/jee/spring-jee-2.0.xsd=org/springframework/ejb/config/spring-jee-2.0.xsd, http://www.springframework.org/schema/jms/spring-jms-4.0.xsd=org/springframework/jms/config/spring-jms-4.0.xsd, http://www.springframework.org/schema/oxm/spring-oxm-3.2.xsd=org/springframework/oxm/config/spring-oxm-3.2.xsd, http://www.springframework.org/schema/tool/spring-tool-2.5.xsd=org/springframework/beans/factory/xml/spring-tool-2.5.xsd, http://www.springframework.org/schema/jee/spring-jee-2.5.xsd=org/springframework/ejb/config/spring-jee-2.5.xsd, http://www.springframework.org/schema/util/spring-util-4.0.xsd=org/springframework/beans/factory/xml/spring-util-4.0.xsd, http://www.springframework.org/schema/task/spring-task-3.0.xsd=org/springframework/scheduling/config/spring-task-3.0.xsd, http://www.springframework.org/schema/lang/spring-lang.xsd=org/springframework/scripting/config/spring-lang-4.1.xsd, http://www.springframework.org/schema/context/spring-context-3.2.xsd=org/springframework/context/config/spring-context-3.2.xsd, http://www.springframework.org/schema/jms/spring-jms-3.0.xsd=org/springframework/jms/config/spring-jms-3.0.xsd, http://www.springframework.org/schema/util/spring-util-3.1.xsd=org/springframework/beans/factory/xml/spring-util-3.1.xsd, http://www.springframework.org/schema/beans/spring-beans-2.0.xsd=org/springframework/beans/factory/xml/spring-beans-2.0.xsd, http://www.springframework.org/schema/oxm/spring-oxm-4.0.xsd=org/springframework/oxm/config/spring-oxm-4.0.xsd, http://www.springframework.org/schema/cache/spring-cache.xsd=org/springframework/cache/config/spring-cache-4.1.xsd, http://www.springframework.org/schema/tx/spring-tx.xsd=org/springframework/transaction/config/spring-tx-4.1.xsd, http://www.springframework.org/schema/context/spring-context-4.1.xsd=org/springframework/context/config/spring-context-4.1.xsd, http://www.springframework.org/schema/beans/spring-beans-2.5.xsd=org/springframework/beans/factory/xml/spring-beans-2.5.xsd, http://www.springframework.org/schema/oxm/spring-oxm-3.1.xsd=org/springframework/oxm/config/spring-oxm-3.1.xsd, http://www.springframework.org/schema/tx/spring-tx-2.0.xsd=org/springframework/transaction/config/spring-tx-2.0.xsd, http://www.springframework.org/schema/jdbc/spring-jdbc-3.2.xsd=org/springframework/jdbc/config/spring-jdbc-3.2.xsd, http://www.springframework.org/schema/aop/spring-aop.xsd=org/springframework/aop/config/spring-aop-4.1.xsd}
- (1456 ms) - [DEBUG] 2019-01-15 20:55:32,389 org.springframework.beans.factory.xml.PluggableSchemaResolver - Found XML schema [http://www.springframework.org/schema/beans/spring-beans-2.5.xsd] in classpath: org/springframework/beans/factory/xml/spring-beans-2.5.xsd
- (1469 ms) - [DEBUG] 2019-01-15 20:55:32,402 org.springframework.beans.factory.xml.PluggableSchemaResolver - Found XML schema [http://www.springframework.org/schema/context/spring-context.xsd] in classpath: org/springframework/context/config/spring-context-4.1.xsd
- (1479 ms) - [DEBUG] 2019-01-15 20:55:32,412 org.springframework.beans.factory.xml.PluggableSchemaResolver - Found XML schema [http://www.springframework.org/schema/tool/spring-tool-4.1.xsd] in classpath: org/springframework/beans/factory/xml/spring-tool-4.1.xsd
- (1488 ms) - [DEBUG] 2019-01-15 20:55:32,421 org.springframework.beans.factory.xml.DefaultBeanDefinitionDocumentReader - Loading bean definitions
- (1493 ms) - [DEBUG] 2019-01-15 20:55:32,426 org.springframework.beans.factory.xml.DefaultNamespaceHandlerResolver - Loaded NamespaceHandler mappings: {http://www.springframework.org/schema/p=org.springframework.beans.factory.xml.SimplePropertyNamespaceHandler, http://www.springframework.org/schema/mvc=org.springframework.web.servlet.config.MvcNamespaceHandler, http://www.springframework.org/schema/util=org.springframework.beans.factory.xml.UtilNamespaceHandler, http://www.springframework.org/schema/jee=org.springframework.ejb.config.JeeNamespaceHandler, http://www.springframework.org/schema/aop=org.springframework.aop.config.AopNamespaceHandler, http://www.springframework.org/schema/jdbc=org.springframework.jdbc.config.JdbcNamespaceHandler, http://www.springframework.org/schema/oxm=org.springframework.oxm.config.OxmNamespaceHandler, http://www.springframework.org/schema/cache=org.springframework.cache.config.CacheNamespaceHandler, http://mybatis.org/schema/mybatis-spring=org.mybatis.spring.config.NamespaceHandler, http://www.springframework.org/schema/c=org.springframework.beans.factory.xml.SimpleConstructorNamespaceHandler, http://www.springframework.org/schema/plugin=org.springframework.plugin.core.config.PluginNamespaceHandler, http://www.springframework.org/schema/tx=org.springframework.transaction.config.TxNamespaceHandler, http://www.springframework.org/schema/jms=org.springframework.jms.config.JmsNamespaceHandler, http://www.springframework.org/schema/task=org.springframework.scheduling.config.TaskNamespaceHandler, http://www.springframework.org/schema/lang=org.springframework.scripting.config.LangNamespaceHandler, http://www.springframework.org/schema/context=org.springframework.context.config.ContextNamespaceHandler}
- (1496 ms) - [DEBUG] 2019-01-15 20:55:32,429 org.springframework.beans.factory.xml.BeanDefinitionParserDelegate - Neither XML &apos;id&apos; nor &apos;name&apos; specified - using generated bean name [org.mybatis.spring.mapper.MapperScannerConfigurer#0]
- (1499 ms) - [DEBUG] 2019-01-15 20:55:32,432 org.springframework.beans.factory.xml.XmlBeanDefinitionReader - Loaded 12 bean definitions from location pattern [applicationContext.xml]
- (1499 ms) - [DEBUG] 2019-01-15 20:55:32,432 org.springframework.context.support.ClassPathXmlApplicationContext - Bean factory for org.springframework.context.support.ClassPathXmlApplicationContext@f0c8a99: org.springframework.beans.factory.support.DefaultListableBeanFactory@350aac89: defining beans [org.springframework.context.annotation.internalConfigurationAnnotationProcessor,org.springframework.context.annotation.internalAutowiredAnnotationProcessor,org.springframework.context.annotation.internalRequiredAnnotationProcessor,org.springframework.context.annotation.internalCommonAnnotationProcessor,org.springframework.context.support.PropertySourcesPlaceholderConfigurer#0,dataSource,sqlSessionFactoryBean,org.mybatis.spring.mapper.MapperScannerConfigurer#0,jedisPoolConfig,jedisPool,redisAPI,validationToken]; root of factory hierarchy
- (1501 ms) - [DEBUG] 2019-01-15 20:55:32,434 org.springframework.beans.factory.support.DefaultListableBeanFactory - Creating shared instance of singleton bean &apos;org.springframework.context.annotation.internalConfigurationAnnotationProcessor&apos;
- (1502 ms) - [DEBUG] 2019-01-15 20:55:32,435 org.springframework.beans.factory.support.DefaultListableBeanFactory - Creating instance of bean &apos;org.springframework.context.annotation.internalConfigurationAnnotationProcessor&apos;
- (1502 ms) - [DEBUG] 2019-01-15 20:55:32,435 org.springframework.beans.factory.support.DefaultListableBeanFactory - Eagerly caching bean &apos;org.springframework.context.annotation.internalConfigurationAnnotationProcessor&apos; to allow for resolving potential circular references
- (1502 ms) - [DEBUG] 2019-01-15 20:55:32,435 org.springframework.beans.factory.support.DefaultListableBeanFactory - Finished creating instance of bean &apos;org.springframework.context.annotation.internalConfigurationAnnotationProcessor&apos;
- (1513 ms) - [DEBUG] 2019-01-15 20:55:32,446 org.springframework.beans.factory.support.DefaultListableBeanFactory - Creating shared instance of singleton bean &apos;org.mybatis.spring.mapper.MapperScannerConfigurer#0&apos;
- (1514 ms) - [DEBUG] 2019-01-15 20:55:32,447 org.springframework.beans.factory.support.DefaultListableBeanFactory - Creating instance of bean &apos;org.mybatis.spring.mapper.MapperScannerConfigurer#0&apos;
- (1514 ms) - [DEBUG] 2019-01-15 20:55:32,447 org.springframework.beans.factory.support.DefaultListableBeanFactory - Eagerly caching bean &apos;org.mybatis.spring.mapper.MapperScannerConfigurer#0&apos; to allow for resolving potential circular references
- (1514 ms) - [DEBUG] 2019-01-15 20:55:32,447 org.springframework.beans.factory.support.DefaultListableBeanFactory - Invoking afterPropertiesSet() on bean with name &apos;org.mybatis.spring.mapper.MapperScannerConfigurer#0&apos;
- (1515 ms) - [DEBUG] 2019-01-15 20:55:32,448 org.springframework.beans.factory.support.DefaultListableBeanFactory - Finished creating instance of bean &apos;org.mybatis.spring.mapper.MapperScannerConfigurer#0&apos;
- (1515 ms) - [DEBUG] 2019-01-15 20:55:32,448 org.springframework.core.env.StandardEnvironment - Adding [systemProperties] PropertySource with lowest search precedence
- (1516 ms) - [DEBUG] 2019-01-15 20:55:32,449 org.springframework.core.env.StandardEnvironment - Adding [systemEnvironment] PropertySource with lowest search precedence
- (1516 ms) - [DEBUG] 2019-01-15 20:55:32,449 org.springframework.core.env.StandardEnvironment - Initialized StandardEnvironment with PropertySources [systemProperties,systemEnvironment]
- (1517 ms) - [DEBUG] 2019-01-15 20:55:32,450 org.springframework.core.io.support.PathMatchingResourcePatternResolver - Looking for matching resources in directory tree [E:\ideaXM\itrip\itrip-dao\target\test-classes\cn\itrip\dao]
- (1518 ms) - [DEBUG] 2019-01-15 20:55:32,451 org.springframework.core.io.support.PathMatchingResourcePatternResolver - Searching directory [E:\ideaXM\itrip\itrip-dao\target\test-classes\cn\itrip\dao] for files matching pattern [E:/ideaXM/itrip/itrip-dao/target/test-classes/cn/itrip/dao/**/*.class]
- (1519 ms) - [DEBUG] 2019-01-15 20:55:32,452 org.springframework.core.io.support.PathMatchingResourcePatternResolver - Searching directory [E:\ideaXM\itrip\itrip-dao\target\test-classes\cn\itrip\dao\user] for files matching pattern [E:/ideaXM/itrip/itrip-dao/target/test-classes/cn/itrip/dao/**/*.class]
- (1520 ms) - [DEBUG] 2019-01-15 20:55:32,453 org.springframework.core.io.support.PathMatchingResourcePatternResolver - Looking for matching resources in directory tree [E:\ideaXM\itrip\itrip-dao\target\classes\cn\itrip\dao]
- (1520 ms) - [DEBUG] 2019-01-15 20:55:32,453 org.springframework.core.io.support.PathMatchingResourcePatternResolver - Searching directory [E:\ideaXM\itrip\itrip-dao\target\classes\cn\itrip\dao] for files matching pattern [E:/ideaXM/itrip/itrip-dao/target/classes/cn/itrip/dao/**/*.class]
- (1521 ms) - [DEBUG] 2019-01-15 20:55:32,454 org.springframework.core.io.support.PathMatchingResourcePatternResolver - Searching directory [E:\ideaXM\itrip\itrip-dao\target\classes\cn\itrip\dao\area] for files matching pattern [E:/ideaXM/itrip/itrip-dao/target/classes/cn/itrip/dao/**/*.class]
- (1522 ms) - [DEBUG] 2019-01-15 20:55:32,455 org.springframework.core.io.support.PathMatchingResourcePatternResolver - Searching directory [E:\ideaXM\itrip\itrip-dao\target\classes\cn\itrip\dao\areadic] for files matching pattern [E:/ideaXM/itrip/itrip-dao/target/classes/cn/itrip/dao/**/*.class]
- (1524 ms) - [DEBUG] 2019-01-15 20:55:32,457 org.springframework.core.io.support.PathMatchingResourcePatternResolver - Searching directory [E:\ideaXM\itrip\itrip-dao\target\classes\cn\itrip\dao\comment] for files matching pattern [E:/ideaXM/itrip/itrip-dao/target/classes/cn/itrip/dao/**/*.class]
- (1525 ms) - [DEBUG] 2019-01-15 20:55:32,458 org.springframework.core.io.support.PathMatchingResourcePatternResolver - Searching directory [E:\ideaXM\itrip\itrip-dao\target\classes\cn\itrip\dao\hotel] for files matching pattern [E:/ideaXM/itrip/itrip-dao/target/classes/cn/itrip/dao/**/*.class]
- (1526 ms) - [DEBUG] 2019-01-15 20:55:32,459 org.springframework.core.io.support.PathMatchingResourcePatternResolver - Searching directory [E:\ideaXM\itrip\itrip-dao\target\classes\cn\itrip\dao\hotelorder] for files matching pattern [E:/ideaXM/itrip/itrip-dao/target/classes/cn/itrip/dao/**/*.class]
- (1527 ms) - [DEBUG] 2019-01-15 20:55:32,460 org.springframework.core.io.support.PathMatchingResourcePatternResolver - Searching directory [E:\ideaXM\itrip\itrip-dao\target\classes\cn\itrip\dao\hotelroom] for files matching pattern [E:/ideaXM/itrip/itrip-dao/target/classes/cn/itrip/dao/**/*.class]
- (1528 ms) - [DEBUG] 2019-01-15 20:55:32,461 org.springframework.core.io.support.PathMatchingResourcePatternResolver - Searching directory [E:\ideaXM\itrip\itrip-dao\target\classes\cn\itrip\dao\image] for files matching pattern [E:/ideaXM/itrip/itrip-dao/target/classes/cn/itrip/dao/**/*.class]
- (1530 ms) - [DEBUG] 2019-01-15 20:55:32,463 org.springframework.core.io.support.PathMatchingResourcePatternResolver - Searching directory [E:\ideaXM\itrip\itrip-dao\target\classes\cn\itrip\dao\label] for files matching pattern [E:/ideaXM/itrip/itrip-dao/target/classes/cn/itrip/dao/**/*.class]
- (1532 ms) - [DEBUG] 2019-01-15 20:55:32,465 org.springframework.core.io.support.PathMatchingResourcePatternResolver - Searching directory [E:\ideaXM\itrip\itrip-dao\target\classes\cn\itrip\dao\labeldic] for files matching pattern [E:/ideaXM/itrip/itrip-dao/target/classes/cn/itrip/dao/**/*.class]
- (1533 ms) - [DEBUG] 2019-01-15 20:55:32,466 org.springframework.core.io.support.PathMatchingResourcePatternResolver - Searching directory [E:\ideaXM\itrip\itrip-dao\target\classes\cn\itrip\dao\user] for files matching pattern [E:/ideaXM/itrip/itrip-dao/target/classes/cn/itrip/dao/**/*.class]
- (1534 ms) - [DEBUG] 2019-01-15 20:55:32,467 org.springframework.core.io.support.PathMatchingResourcePatternResolver - Searching directory [E:\ideaXM\itrip\itrip-dao\target\classes\cn\itrip\dao\userlinkuser] for files matching pattern [E:/ideaXM/itrip/itrip-dao/target/classes/cn/itrip/dao/**/*.class]
- (1538 ms) - [DEBUG] 2019-01-15 20:55:32,471 org.springframework.core.io.support.PathMatchingResourcePatternResolver - Resolved location pattern [classpath*:cn/itrip/dao/**/*.class] to resources [file [E:\ideaXM\itrip\itrip-dao\target\test-classes\cn\itrip\dao\user\TestItripUserMapper.class], file [E:\ideaXM\itrip\itrip-dao\target\classes\cn\itrip\dao\area\ItripHotMapper.class], file [E:\ideaXM\itrip\itrip-dao\target\classes\cn\itrip\dao\areadic\ItripAreaDicMapper.class], file [E:\ideaXM\itrip\itrip-dao\target\classes\cn\itrip\dao\comment\ItripCommentMapper.class], file [E:\ideaXM\itrip\itrip-dao\target\classes\cn\itrip\dao\hotel\ItripHotelMapper.class], file [E:\ideaXM\itrip\itrip-dao\target\classes\cn\itrip\dao\hotelorder\ItripHotelOrderMapper.class], file [E:\ideaXM\itrip\itrip-dao\target\classes\cn\itrip\dao\hotelroom\HotelroomMapper.class], file [E:\ideaXM\itrip\itrip-dao\target\classes\cn\itrip\dao\image\ItripImageMapper.class], file [E:\ideaXM\itrip\itrip-dao\target\classes\cn\itrip\dao\label\ItripLabelMapper.class], file [E:\ideaXM\itrip\itrip-dao\target\classes\cn\itrip\dao\labeldic\ItripLabelDicMapper.class], file [E:\ideaXM\itrip\itrip-dao\target\classes\cn\itrip\dao\user\ItripUserMapper.class], file [E:\ideaXM\itrip\itrip-dao\target\classes\cn\itrip\dao\userlinkuser\ItripUserLinkUserMapper.class]]
- (1539 ms) - [DEBUG] 2019-01-15 20:55:32,472 org.mybatis.spring.mapper.ClassPathMapperScanner - Ignored because not a concrete top-level class: file [E:\ideaXM\itrip\itrip-dao\target\test-classes\cn\itrip\dao\user\TestItripUserMapper.class]
- (1540 ms) - [DEBUG] 2019-01-15 20:55:32,473 org.mybatis.spring.mapper.ClassPathMapperScanner - Identified candidate component class: file [E:\ideaXM\itrip\itrip-dao\target\classes\cn\itrip\dao\area\ItripHotMapper.class]
- (1541 ms) - [DEBUG] 2019-01-15 20:55:32,474 org.mybatis.spring.mapper.ClassPathMapperScanner - Identified candidate component class: file [E:\ideaXM\itrip\itrip-dao\target\classes\cn\itrip\dao\areadic\ItripAreaDicMapper.class]
- (1542 ms) - [DEBUG] 2019-01-15 20:55:32,475 org.mybatis.spring.mapper.ClassPathMapperScanner - Identified candidate component class: file [E:\ideaXM\itrip\itrip-dao\target\classes\cn\itrip\dao\comment\ItripCommentMapper.class]
- (1543 ms) - [DEBUG] 2019-01-15 20:55:32,476 org.mybatis.spring.mapper.ClassPathMapperScanner - Identified candidate component class: file [E:\ideaXM\itrip\itrip-dao\target\classes\cn\itrip\dao\hotel\ItripHotelMapper.class]
- (1544 ms) - [DEBUG] 2019-01-15 20:55:32,477 org.mybatis.spring.mapper.ClassPathMapperScanner - Identified candidate component class: file [E:\ideaXM\itrip\itrip-dao\target\classes\cn\itrip\dao\hotelorder\ItripHotelOrderMapper.class]
- (1544 ms) - [DEBUG] 2019-01-15 20:55:32,477 org.mybatis.spring.mapper.ClassPathMapperScanner - Identified candidate component class: file [E:\ideaXM\itrip\itrip-dao\target\classes\cn\itrip\dao\hotelroom\HotelroomMapper.class]
- (1545 ms) - [DEBUG] 2019-01-15 20:55:32,478 org.mybatis.spring.mapper.ClassPathMapperScanner - Identified candidate component class: file [E:\ideaXM\itrip\itrip-dao\target\classes\cn\itrip\dao\image\ItripImageMapper.class]
- (1555 ms) - [DEBUG] 2019-01-15 20:55:32,488 org.mybatis.spring.mapper.ClassPathMapperScanner - Identified candidate component class: file [E:\ideaXM\itrip\itrip-dao\target\classes\cn\itrip\dao\label\ItripLabelMapper.class]
- (1556 ms) - [DEBUG] 2019-01-15 20:55:32,489 org.mybatis.spring.mapper.ClassPathMapperScanner - Identified candidate component class: file [E:\ideaXM\itrip\itrip-dao\target\classes\cn\itrip\dao\labeldic\ItripLabelDicMapper.class]
- (1557 ms) - [DEBUG] 2019-01-15 20:55:32,490 org.mybatis.spring.mapper.ClassPathMapperScanner - Identified candidate component class: file [E:\ideaXM\itrip\itrip-dao\target\classes\cn\itrip\dao\user\ItripUserMapper.class]
- (1557 ms) - [DEBUG] 2019-01-15 20:55:32,490 org.mybatis.spring.mapper.ClassPathMapperScanner - Identified candidate component class: file [E:\ideaXM\itrip\itrip-dao\target\classes\cn\itrip\dao\userlinkuser\ItripUserLinkUserMapper.class]
- (1558 ms) - [DEBUG] 2019-01-15 20:55:32,491 org.mybatis.spring.mapper.ClassPathMapperScanner - Creating MapperFactoryBean with name &apos;itripHotMapper&apos; and &apos;cn.itrip.dao.area.ItripHotMapper&apos; mapperInterface
- (1559 ms) - [DEBUG] 2019-01-15 20:55:32,492 org.mybatis.spring.mapper.ClassPathMapperScanner - Enabling autowire by type for MapperFactoryBean with name &apos;itripHotMapper&apos;.
- (1559 ms) - [DEBUG] 2019-01-15 20:55:32,492 org.mybatis.spring.mapper.ClassPathMapperScanner - Creating MapperFactoryBean with name &apos;itripAreaDicMapper&apos; and &apos;cn.itrip.dao.areadic.ItripAreaDicMapper&apos; mapperInterface
- (1559 ms) - [DEBUG] 2019-01-15 20:55:32,492 org.mybatis.spring.mapper.ClassPathMapperScanner - Enabling autowire by type for MapperFactoryBean with name &apos;itripAreaDicMapper&apos;.
- (1559 ms) - [DEBUG] 2019-01-15 20:55:32,492 org.mybatis.spring.mapper.ClassPathMapperScanner - Creating MapperFactoryBean with name &apos;itripCommentMapper&apos; and &apos;cn.itrip.dao.comment.ItripCommentMapper&apos; mapperInterface
- (1560 ms) - [DEBUG] 2019-01-15 20:55:32,493 org.mybatis.spring.mapper.ClassPathMapperScanner - Enabling autowire by type for MapperFactoryBean with name &apos;itripCommentMapper&apos;.
- (1560 ms) - [DEBUG] 2019-01-15 20:55:32,493 org.mybatis.spring.mapper.ClassPathMapperScanner - Creating MapperFactoryBean with name &apos;itripHotelMapper&apos; and &apos;cn.itrip.dao.hotel.ItripHotelMapper&apos; mapperInterface
- (1560 ms) - [DEBUG] 2019-01-15 20:55:32,493 org.mybatis.spring.mapper.ClassPathMapperScanner - Enabling autowire by type for MapperFactoryBean with name &apos;itripHotelMapper&apos;.
- (1560 ms) - [DEBUG] 2019-01-15 20:55:32,493 org.mybatis.spring.mapper.ClassPathMapperScanner - Creating MapperFactoryBean with name &apos;itripHotelOrderMapper&apos; and &apos;cn.itrip.dao.hotelorder.ItripHotelOrderMapper&apos; mapperInterface
- (1560 ms) - [DEBUG] 2019-01-15 20:55:32,493 org.mybatis.spring.mapper.ClassPathMapperScanner - Enabling autowire by type for MapperFactoryBean with name &apos;itripHotelOrderMapper&apos;.
- (1561 ms) - [DEBUG] 2019-01-15 20:55:32,494 org.mybatis.spring.mapper.ClassPathMapperScanner - Creating MapperFactoryBean with name &apos;hotelroomMapper&apos; and &apos;cn.itrip.dao.hotelroom.HotelroomMapper&apos; mapperInterface
- (1561 ms) - [DEBUG] 2019-01-15 20:55:32,494 org.mybatis.spring.mapper.ClassPathMapperScanner - Enabling autowire by type for MapperFactoryBean with name &apos;hotelroomMapper&apos;.
- (1561 ms) - [DEBUG] 2019-01-15 20:55:32,494 org.mybatis.spring.mapper.ClassPathMapperScanner - Creating MapperFactoryBean with name &apos;itripImageMapper&apos; and &apos;cn.itrip.dao.image.ItripImageMapper&apos; mapperInterface
- (1561 ms) - [DEBUG] 2019-01-15 20:55:32,494 org.mybatis.spring.mapper.ClassPathMapperScanner - Enabling autowire by type for MapperFactoryBean with name &apos;itripImageMapper&apos;.
- (1561 ms) - [DEBUG] 2019-01-15 20:55:32,494 org.mybatis.spring.mapper.ClassPathMapperScanner - Creating MapperFactoryBean with name &apos;itripLabelMapper&apos; and &apos;cn.itrip.dao.label.ItripLabelMapper&apos; mapperInterface
- (1561 ms) - [DEBUG] 2019-01-15 20:55:32,494 org.mybatis.spring.mapper.ClassPathMapperScanner - Enabling autowire by type for MapperFactoryBean with name &apos;itripLabelMapper&apos;.
- (1562 ms) - [DEBUG] 2019-01-15 20:55:32,495 org.mybatis.spring.mapper.ClassPathMapperScanner - Creating MapperFactoryBean with name &apos;itripLabelDicMapper&apos; and &apos;cn.itrip.dao.labeldic.ItripLabelDicMapper&apos; mapperInterface
- (1562 ms) - [DEBUG] 2019-01-15 20:55:32,495 org.mybatis.spring.mapper.ClassPathMapperScanner - Enabling autowire by type for MapperFactoryBean with name &apos;itripLabelDicMapper&apos;.
- (1562 ms) - [DEBUG] 2019-01-15 20:55:32,495 org.mybatis.spring.mapper.ClassPathMapperScanner - Creating MapperFactoryBean with name &apos;itripUserMapper&apos; and &apos;cn.itrip.dao.user.ItripUserMapper&apos; mapperInterface
- (1563 ms) - [DEBUG] 2019-01-15 20:55:32,496 org.mybatis.spring.mapper.ClassPathMapperScanner - Enabling autowire by type for MapperFactoryBean with name &apos;itripUserMapper&apos;.
- (1563 ms) - [DEBUG] 2019-01-15 20:55:32,496 org.mybatis.spring.mapper.ClassPathMapperScanner - Creating MapperFactoryBean with name &apos;itripUserLinkUserMapper&apos; and &apos;cn.itrip.dao.userlinkuser.ItripUserLinkUserMapper&apos; mapperInterface
- (1566 ms) - [DEBUG] 2019-01-15 20:55:32,499 org.mybatis.spring.mapper.ClassPathMapperScanner - Enabling autowire by type for MapperFactoryBean with name &apos;itripUserLinkUserMapper&apos;.
- (1569 ms) - [DEBUG] 2019-01-15 20:55:32,502 org.springframework.beans.factory.support.DefaultListableBeanFactory - Creating shared instance of singleton bean &apos;org.springframework.context.support.PropertySourcesPlaceholderConfigurer#0&apos;
- (1569 ms) - [DEBUG] 2019-01-15 20:55:32,502 org.springframework.beans.factory.support.DefaultListableBeanFactory - Creating instance of bean &apos;org.springframework.context.support.PropertySourcesPlaceholderConfigurer#0&apos;
- (1570 ms) - [DEBUG] 2019-01-15 20:55:32,503 org.springframework.beans.factory.support.DefaultListableBeanFactory - Eagerly caching bean &apos;org.springframework.context.support.PropertySourcesPlaceholderConfigurer#0&apos; to allow for resolving potential circular references
- (1570 ms) - [DEBUG] 2019-01-15 20:55:32,503 org.springframework.beans.factory.support.DefaultListableBeanFactory - Finished creating instance of bean &apos;org.springframework.context.support.PropertySourcesPlaceholderConfigurer#0&apos;
- (1570 ms) - [DEBUG] 2019-01-15 20:55:32,503 org.springframework.core.env.MutablePropertySources - Adding [environmentProperties] PropertySource with lowest search precedence
- (1571 ms) - [INFO] 2019-01-15 20:55:32,504 org.springframework.context.support.PropertySourcesPlaceholderConfigurer - Loading properties file from class path resource [database.properties]
- (1572 ms) - [DEBUG] 2019-01-15 20:55:32,505 org.springframework.core.env.MutablePropertySources - Adding [localProperties] PropertySource with lowest search precedence
- (1573 ms) - [DEBUG] 2019-01-15 20:55:32,506 org.springframework.core.env.PropertySourcesPropertyResolver - Searching for key &apos;mysql.driver&apos; in [environmentProperties]
- (1573 ms) - [DEBUG] 2019-01-15 20:55:32,506 org.springframework.core.env.PropertySourcesPropertyResolver - Searching for key &apos;mysql.driver&apos; in [systemProperties]
- (1574 ms) - [DEBUG] 2019-01-15 20:55:32,507 org.springframework.core.env.PropertySourcesPropertyResolver - Searching for key &apos;mysql.driver&apos; in [systemEnvironment]
- (1574 ms) - [DEBUG] 2019-01-15 20:55:32,507 org.springframework.core.env.PropertySourcesPropertyResolver - Could not find key &apos;mysql.driver&apos; in any property source. Returning [null]
- (1575 ms) - [DEBUG] 2019-01-15 20:55:32,508 org.springframework.core.env.PropertySourcesPropertyResolver - Searching for key &apos;mysql.driver&apos; in [localProperties]
- (1575 ms) - [DEBUG] 2019-01-15 20:55:32,508 org.springframework.core.env.PropertySourcesPropertyResolver - Found key &apos;mysql.driver&apos; in [localProperties] with type [String] and value &apos;com.mysql.jdbc.Driver&apos;
- (1576 ms) - [DEBUG] 2019-01-15 20:55:32,509 org.springframework.core.env.PropertySourcesPropertyResolver - Searching for key &apos;mysql.url&apos; in [environmentProperties]
- (1576 ms) - [DEBUG] 2019-01-15 20:55:32,509 org.springframework.core.env.PropertySourcesPropertyResolver - Searching for key &apos;mysql.url&apos; in [systemProperties]
- (1576 ms) - [DEBUG] 2019-01-15 20:55:32,509 org.springframework.core.env.PropertySourcesPropertyResolver - Searching for key &apos;mysql.url&apos; in [systemEnvironment]
- (1577 ms) - [DEBUG] 2019-01-15 20:55:32,510 org.springframework.core.env.PropertySourcesPropertyResolver - Could not find key &apos;mysql.url&apos; in any property source. Returning [null]
- (1577 ms) - [DEBUG] 2019-01-15 20:55:32,510 org.springframework.core.env.PropertySourcesPropertyResolver - Searching for key &apos;mysql.url&apos; in [localProperties]
- (1577 ms) - [DEBUG] 2019-01-15 20:55:32,510 org.springframework.core.env.PropertySourcesPropertyResolver - Found key &apos;mysql.url&apos; in [localProperties] with type [String] and value &apos;jdbc:mysql://127.0.0.1:3306/itripdb?useUnicode=true&amp;characterEncoding=utf-8&apos;
- (1578 ms) - [DEBUG] 2019-01-15 20:55:32,511 org.springframework.core.env.PropertySourcesPropertyResolver - Searching for key &apos;mysql.user&apos; in [environmentProperties]
- (1578 ms) - [DEBUG] 2019-01-15 20:55:32,511 org.springframework.core.env.PropertySourcesPropertyResolver - Searching for key &apos;mysql.user&apos; in [systemProperties]
- (1578 ms) - [DEBUG] 2019-01-15 20:55:32,511 org.springframework.core.env.PropertySourcesPropertyResolver - Searching for key &apos;mysql.user&apos; in [systemEnvironment]
- (1578 ms) - [DEBUG] 2019-01-15 20:55:32,511 org.springframework.core.env.PropertySourcesPropertyResolver - Could not find key &apos;mysql.user&apos; in any property source. Returning [null]
- (1579 ms) - [DEBUG] 2019-01-15 20:55:32,512 org.springframework.core.env.PropertySourcesPropertyResolver - Searching for key &apos;mysql.user&apos; in [localProperties]
- (1579 ms) - [DEBUG] 2019-01-15 20:55:32,512 org.springframework.core.env.PropertySourcesPropertyResolver - Found key &apos;mysql.user&apos; in [localProperties] with type [String] and value &apos;itrip&apos;
- (1579 ms) - [DEBUG] 2019-01-15 20:55:32,512 org.springframework.core.env.PropertySourcesPropertyResolver - Searching for key &apos;mysql.password&apos; in [environmentProperties]
- (1579 ms) - [DEBUG] 2019-01-15 20:55:32,512 org.springframework.core.env.PropertySourcesPropertyResolver - Searching for key &apos;mysql.password&apos; in [systemProperties]
- (1580 ms) - [DEBUG] 2019-01-15 20:55:32,513 org.springframework.core.env.PropertySourcesPropertyResolver - Searching for key &apos;mysql.password&apos; in [systemEnvironment]
- (1580 ms) - [DEBUG] 2019-01-15 20:55:32,513 org.springframework.core.env.PropertySourcesPropertyResolver - Could not find key &apos;mysql.password&apos; in any property source. Returning [null]
- (1581 ms) - [DEBUG] 2019-01-15 20:55:32,514 org.springframework.core.env.PropertySourcesPropertyResolver - Searching for key &apos;mysql.password&apos; in [localProperties]
- (1581 ms) - [DEBUG] 2019-01-15 20:55:32,514 org.springframework.core.env.PropertySourcesPropertyResolver - Found key &apos;mysql.password&apos; in [localProperties] with type [String] and value &apos;itripqaz!@#$QAZXXX&apos;
- (1581 ms) - [DEBUG] 2019-01-15 20:55:32,514 org.springframework.core.env.PropertySourcesPropertyResolver - Searching for key &apos;mysql.initialSize&apos; in [environmentProperties]
- (1581 ms) - [DEBUG] 2019-01-15 20:55:32,514 org.springframework.core.env.PropertySourcesPropertyResolver - Searching for key &apos;mysql.initialSize&apos; in [systemProperties]
- (1582 ms) - [DEBUG] 2019-01-15 20:55:32,515 org.springframework.core.env.PropertySourcesPropertyResolver - Searching for key &apos;mysql.initialSize&apos; in [systemEnvironment]
- (1583 ms) - [DEBUG] 2019-01-15 20:55:32,516 org.springframework.core.env.PropertySourcesPropertyResolver - Could not find key &apos;mysql.initialSize&apos; in any property source. Returning [null]
- (1583 ms) - [DEBUG] 2019-01-15 20:55:32,516 org.springframework.core.env.PropertySourcesPropertyResolver - Searching for key &apos;mysql.initialSize&apos; in [localProperties]
- (1583 ms) - [DEBUG] 2019-01-15 20:55:32,516 org.springframework.core.env.PropertySourcesPropertyResolver - Found key &apos;mysql.initialSize&apos; in [localProperties] with type [String] and value &apos;5&apos;
- (1584 ms) - [DEBUG] 2019-01-15 20:55:32,517 org.springframework.core.env.PropertySourcesPropertyResolver - Searching for key &apos;mysql.maxActive&apos; in [environmentProperties]
- (1584 ms) - [DEBUG] 2019-01-15 20:55:32,517 org.springframework.core.env.PropertySourcesPropertyResolver - Searching for key &apos;mysql.maxActive&apos; in [systemProperties]
- (1584 ms) - [DEBUG] 2019-01-15 20:55:32,517 org.springframework.core.env.PropertySourcesPropertyResolver - Searching for key &apos;mysql.maxActive&apos; in [systemEnvironment]
- (1584 ms) - [DEBUG] 2019-01-15 20:55:32,517 org.springframework.core.env.PropertySourcesPropertyResolver - Could not find key &apos;mysql.maxActive&apos; in any property source. Returning [null]
- (1584 ms) - [DEBUG] 2019-01-15 20:55:32,517 org.springframework.core.env.PropertySourcesPropertyResolver - Searching for key &apos;mysql.maxActive&apos; in [localProperties]
- (1584 ms) - [DEBUG] 2019-01-15 20:55:32,517 org.springframework.core.env.PropertySourcesPropertyResolver - Found key &apos;mysql.maxActive&apos; in [localProperties] with type [String] and value &apos;100&apos;
- (1585 ms) - [DEBUG] 2019-01-15 20:55:32,518 org.springframework.core.env.PropertySourcesPropertyResolver - Searching for key &apos;mysql.maxIdle&apos; in [environmentProperties]
- (1586 ms) - [DEBUG] 2019-01-15 20:55:32,519 org.springframework.core.env.PropertySourcesPropertyResolver - Searching for key &apos;mysql.maxIdle&apos; in [systemProperties]
- (1586 ms) - [DEBUG] 2019-01-15 20:55:32,519 org.springframework.core.env.PropertySourcesPropertyResolver - Searching for key &apos;mysql.maxIdle&apos; in [systemEnvironment]
- (1586 ms) - [DEBUG] 2019-01-15 20:55:32,519 org.springframework.core.env.PropertySourcesPropertyResolver - Could not find key &apos;mysql.maxIdle&apos; in any property source. Returning [null]
- (1587 ms) - [DEBUG] 2019-01-15 20:55:32,520 org.springframework.core.env.PropertySourcesPropertyResolver - Searching for key &apos;mysql.maxIdle&apos; in [localProperties]
- (1587 ms) - [DEBUG] 2019-01-15 20:55:32,520 org.springframework.core.env.PropertySourcesPropertyResolver - Found key &apos;mysql.maxIdle&apos; in [localProperties] with type [String] and value &apos;50&apos;
- (1588 ms) - [DEBUG] 2019-01-15 20:55:32,521 org.springframework.core.env.PropertySourcesPropertyResolver - Searching for key &apos;mysql.minIdle&apos; in [environmentProperties]
- (1589 ms) - [DEBUG] 2019-01-15 20:55:32,522 org.springframework.core.env.PropertySourcesPropertyResolver - Searching for key &apos;mysql.minIdle&apos; in [systemProperties]
- (1590 ms) - [DEBUG] 2019-01-15 20:55:32,523 org.springframework.core.env.PropertySourcesPropertyResolver - Searching for key &apos;mysql.minIdle&apos; in [systemEnvironment]
- (1590 ms) - [DEBUG] 2019-01-15 20:55:32,523 org.springframework.core.env.PropertySourcesPropertyResolver - Could not find key &apos;mysql.minIdle&apos; in any property source. Returning [null]
- (1590 ms) - [DEBUG] 2019-01-15 20:55:32,523 org.springframework.core.env.PropertySourcesPropertyResolver - Searching for key &apos;mysql.minIdle&apos; in [localProperties]
- (1591 ms) - [DEBUG] 2019-01-15 20:55:32,524 org.springframework.core.env.PropertySourcesPropertyResolver - Found key &apos;mysql.minIdle&apos; in [localProperties] with type [String] and value &apos;45&apos;
- (1591 ms) - [DEBUG] 2019-01-15 20:55:32,524 org.springframework.core.env.PropertySourcesPropertyResolver - Searching for key &apos;mysql.maxWait&apos; in [environmentProperties]
- (1592 ms) - [DEBUG] 2019-01-15 20:55:32,525 org.springframework.core.env.PropertySourcesPropertyResolver - Searching for key &apos;mysql.maxWait&apos; in [systemProperties]
- (1592 ms) - [DEBUG] 2019-01-15 20:55:32,525 org.springframework.core.env.PropertySourcesPropertyResolver - Searching for key &apos;mysql.maxWait&apos; in [systemEnvironment]
- (1592 ms) - [DEBUG] 2019-01-15 20:55:32,525 org.springframework.core.env.PropertySourcesPropertyResolver - Could not find key &apos;mysql.maxWait&apos; in any property source. Returning [null]
- (1593 ms) - [DEBUG] 2019-01-15 20:55:32,526 org.springframework.core.env.PropertySourcesPropertyResolver - Searching for key &apos;mysql.maxWait&apos; in [localProperties]
- (1594 ms) - [DEBUG] 2019-01-15 20:55:32,527 org.springframework.core.env.PropertySourcesPropertyResolver - Found key &apos;mysql.maxWait&apos; in [localProperties] with type [String] and value &apos;100&apos;
- (1594 ms) - [DEBUG] 2019-01-15 20:55:32,527 org.springframework.core.env.PropertySourcesPropertyResolver - Searching for key &apos;mysql.removeAbandoned&apos; in [environmentProperties]
- (1595 ms) - [DEBUG] 2019-01-15 20:55:32,528 org.springframework.core.env.PropertySourcesPropertyResolver - Searching for key &apos;mysql.removeAbandoned&apos; in [systemProperties]
- (1595 ms) - [DEBUG] 2019-01-15 20:55:32,528 org.springframework.core.env.PropertySourcesPropertyResolver - Searching for key &apos;mysql.removeAbandoned&apos; in [systemEnvironment]
- (1595 ms) - [DEBUG] 2019-01-15 20:55:32,528 org.springframework.core.env.PropertySourcesPropertyResolver - Could not find key &apos;mysql.removeAbandoned&apos; in any property source. Returning [null]
- (1595 ms) - [DEBUG] 2019-01-15 20:55:32,528 org.springframework.core.env.PropertySourcesPropertyResolver - Searching for key &apos;mysql.removeAbandoned&apos; in [localProperties]
- (1595 ms) - [DEBUG] 2019-01-15 20:55:32,528 org.springframework.core.env.PropertySourcesPropertyResolver - Found key &apos;mysql.removeAbandoned&apos; in [localProperties] with type [String] and value &apos;true&apos;
- (1595 ms) - [DEBUG] 2019-01-15 20:55:32,528 org.springframework.core.env.PropertySourcesPropertyResolver - Searching for key &apos;mysql.removeAbandonedTimeout&apos; in [environmentProperties]
- (1596 ms) - [DEBUG] 2019-01-15 20:55:32,529 org.springframework.core.env.PropertySourcesPropertyResolver - Searching for key &apos;mysql.removeAbandonedTimeout&apos; in [systemProperties]
- (1596 ms) - [DEBUG] 2019-01-15 20:55:32,529 org.springframework.core.env.PropertySourcesPropertyResolver - Searching for key &apos;mysql.removeAbandonedTimeout&apos; in [systemEnvironment]
- (1596 ms) - [DEBUG] 2019-01-15 20:55:32,529 org.springframework.core.env.PropertySourcesPropertyResolver - Could not find key &apos;mysql.removeAbandonedTimeout&apos; in any property source. Returning [null]
- (1596 ms) - [DEBUG] 2019-01-15 20:55:32,529 org.springframework.core.env.PropertySourcesPropertyResolver - Searching for key &apos;mysql.removeAbandonedTimeout&apos; in [localProperties]
- (1596 ms) - [DEBUG] 2019-01-15 20:55:32,529 org.springframework.core.env.PropertySourcesPropertyResolver - Found key &apos;mysql.removeAbandonedTimeout&apos; in [localProperties] with type [String] and value &apos;180&apos;
- (1596 ms) - [DEBUG] 2019-01-15 20:55:32,529 org.springframework.core.env.PropertySourcesPropertyResolver - Searching for key &apos;mysql.maxActive&apos; in [environmentProperties]
- (1596 ms) - [DEBUG] 2019-01-15 20:55:32,529 org.springframework.core.env.PropertySourcesPropertyResolver - Searching for key &apos;mysql.maxActive&apos; in [systemProperties]
- (1597 ms) - [DEBUG] 2019-01-15 20:55:32,530 org.springframework.core.env.PropertySourcesPropertyResolver - Searching for key &apos;mysql.maxActive&apos; in [systemEnvironment]
- (1597 ms) - [DEBUG] 2019-01-15 20:55:32,530 org.springframework.core.env.PropertySourcesPropertyResolver - Could not find key &apos;mysql.maxActive&apos; in any property source. Returning [null]
- (1597 ms) - [DEBUG] 2019-01-15 20:55:32,530 org.springframework.core.env.PropertySourcesPropertyResolver - Searching for key &apos;mysql.maxActive&apos; in [localProperties]
- (1597 ms) - [DEBUG] 2019-01-15 20:55:32,530 org.springframework.core.env.PropertySourcesPropertyResolver - Found key &apos;mysql.maxActive&apos; in [localProperties] with type [String] and value &apos;100&apos;
- (1597 ms) - [DEBUG] 2019-01-15 20:55:32,530 org.springframework.core.env.PropertySourcesPropertyResolver - Searching for key &apos;redis.maxActive&apos; in [environmentProperties]
- (1598 ms) - [DEBUG] 2019-01-15 20:55:32,531 org.springframework.core.env.PropertySourcesPropertyResolver - Searching for key &apos;redis.maxActive&apos; in [systemProperties]
- (1598 ms) - [DEBUG] 2019-01-15 20:55:32,531 org.springframework.core.env.PropertySourcesPropertyResolver - Searching for key &apos;redis.maxActive&apos; in [systemEnvironment]
- (1598 ms) - [DEBUG] 2019-01-15 20:55:32,531 org.springframework.core.env.PropertySourcesPropertyResolver - Could not find key &apos;redis.maxActive&apos; in any property source. Returning [null]
- (1598 ms) - [DEBUG] 2019-01-15 20:55:32,531 org.springframework.core.env.PropertySourcesPropertyResolver - Searching for key &apos;redis.maxActive&apos; in [localProperties]
- (1598 ms) - [DEBUG] 2019-01-15 20:55:32,531 org.springframework.core.env.PropertySourcesPropertyResolver - Found key &apos;redis.maxActive&apos; in [localProperties] with type [String] and value &apos;300&apos;
- (1599 ms) - [DEBUG] 2019-01-15 20:55:32,532 org.springframework.core.env.PropertySourcesPropertyResolver - Searching for key &apos;redis.maxIdle&apos; in [environmentProperties]
- (1600 ms) - [DEBUG] 2019-01-15 20:55:32,533 org.springframework.core.env.PropertySourcesPropertyResolver - Searching for key &apos;redis.maxIdle&apos; in [systemProperties]
- (1600 ms) - [DEBUG] 2019-01-15 20:55:32,533 org.springframework.core.env.PropertySourcesPropertyResolver - Searching for key &apos;redis.maxIdle&apos; in [systemEnvironment]
- (1600 ms) - [DEBUG] 2019-01-15 20:55:32,533 org.springframework.core.env.PropertySourcesPropertyResolver - Could not find key &apos;redis.maxIdle&apos; in any property source. Returning [null]
- (1601 ms) - [DEBUG] 2019-01-15 20:55:32,534 org.springframework.core.env.PropertySourcesPropertyResolver - Searching for key &apos;redis.maxIdle&apos; in [localProperties]
- (1601 ms) - [DEBUG] 2019-01-15 20:55:32,534 org.springframework.core.env.PropertySourcesPropertyResolver - Found key &apos;redis.maxIdle&apos; in [localProperties] with type [String] and value &apos;100&apos;
- (1601 ms) - [DEBUG] 2019-01-15 20:55:32,534 org.springframework.core.env.PropertySourcesPropertyResolver - Searching for key &apos;redis.maxWait&apos; in [environmentProperties]
- (1602 ms) - [DEBUG] 2019-01-15 20:55:32,535 org.springframework.core.env.PropertySourcesPropertyResolver - Searching for key &apos;redis.maxWait&apos; in [systemProperties]
- (1602 ms) - [DEBUG] 2019-01-15 20:55:32,535 org.springframework.core.env.PropertySourcesPropertyResolver - Searching for key &apos;redis.maxWait&apos; in [systemEnvironment]
- (1602 ms) - [DEBUG] 2019-01-15 20:55:32,535 org.springframework.core.env.PropertySourcesPropertyResolver - Could not find key &apos;redis.maxWait&apos; in any property source. Returning [null]
- (1602 ms) - [DEBUG] 2019-01-15 20:55:32,535 org.springframework.core.env.PropertySourcesPropertyResolver - Searching for key &apos;redis.maxWait&apos; in [localProperties]
- (1603 ms) - [DEBUG] 2019-01-15 20:55:32,536 org.springframework.core.env.PropertySourcesPropertyResolver - Found key &apos;redis.maxWait&apos; in [localProperties] with type [String] and value &apos;1000&apos;
- (1603 ms) - [DEBUG] 2019-01-15 20:55:32,536 org.springframework.core.env.PropertySourcesPropertyResolver - Searching for key &apos;redis.host&apos; in [environmentProperties]
- (1603 ms) - [DEBUG] 2019-01-15 20:55:32,536 org.springframework.core.env.PropertySourcesPropertyResolver - Searching for key &apos;redis.host&apos; in [systemProperties]
- (1604 ms) - [DEBUG] 2019-01-15 20:55:32,537 org.springframework.core.env.PropertySourcesPropertyResolver - Searching for key &apos;redis.host&apos; in [systemEnvironment]
- (1605 ms) - [DEBUG] 2019-01-15 20:55:32,538 org.springframework.core.env.PropertySourcesPropertyResolver - Could not find key &apos;redis.host&apos; in any property source. Returning [null]
- (1606 ms) - [DEBUG] 2019-01-15 20:55:32,539 org.springframework.core.env.PropertySourcesPropertyResolver - Searching for key &apos;redis.host&apos; in [localProperties]
- (1606 ms) - [DEBUG] 2019-01-15 20:55:32,539 org.springframework.core.env.PropertySourcesPropertyResolver - Found key &apos;redis.host&apos; in [localProperties] with type [String] and value &apos;127.0.0.1&apos;
- (1607 ms) - [DEBUG] 2019-01-15 20:55:32,540 org.springframework.core.env.PropertySourcesPropertyResolver - Searching for key &apos;redis.port&apos; in [environmentProperties]
- (1607 ms) - [DEBUG] 2019-01-15 20:55:32,540 org.springframework.core.env.PropertySourcesPropertyResolver - Searching for key &apos;redis.port&apos; in [systemProperties]
- (1607 ms) - [DEBUG] 2019-01-15 20:55:32,540 org.springframework.core.env.PropertySourcesPropertyResolver - Searching for key &apos;redis.port&apos; in [systemEnvironment]
- (1608 ms) - [DEBUG] 2019-01-15 20:55:32,541 org.springframework.core.env.PropertySourcesPropertyResolver - Could not find key &apos;redis.port&apos; in any property source. Returning [null]
- (1608 ms) - [DEBUG] 2019-01-15 20:55:32,541 org.springframework.core.env.PropertySourcesPropertyResolver - Searching for key &apos;redis.port&apos; in [localProperties]
- (1608 ms) - [DEBUG] 2019-01-15 20:55:32,541 org.springframework.core.env.PropertySourcesPropertyResolver - Found key &apos;redis.port&apos; in [localProperties] with type [String] and value &apos;6379&apos;
- (1609 ms) - [DEBUG] 2019-01-15 20:55:32,542 org.springframework.core.env.PropertySourcesPropertyResolver - Searching for key &apos;redis.timeout&apos; in [environmentProperties]
- (1609 ms) - [DEBUG] 2019-01-15 20:55:32,542 org.springframework.core.env.PropertySourcesPropertyResolver - Searching for key &apos;redis.timeout&apos; in [systemProperties]
- (1610 ms) - [DEBUG] 2019-01-15 20:55:32,543 org.springframework.core.env.PropertySourcesPropertyResolver - Searching for key &apos;redis.timeout&apos; in [systemEnvironment]
- (1610 ms) - [DEBUG] 2019-01-15 20:55:32,543 org.springframework.core.env.PropertySourcesPropertyResolver - Could not find key &apos;redis.timeout&apos; in any property source. Returning [null]
- (1610 ms) - [DEBUG] 2019-01-15 20:55:32,543 org.springframework.core.env.PropertySourcesPropertyResolver - Searching for key &apos;redis.timeout&apos; in [localProperties]
- (1612 ms) - [DEBUG] 2019-01-15 20:55:32,545 org.springframework.core.env.PropertySourcesPropertyResolver - Found key &apos;redis.timeout&apos; in [localProperties] with type [String] and value &apos;3000&apos;
- (1613 ms) - [DEBUG] 2019-01-15 20:55:32,546 org.springframework.core.env.PropertySourcesPropertyResolver - Searching for key &apos;redis.pass&apos; in [environmentProperties]
- (1614 ms) - [DEBUG] 2019-01-15 20:55:32,547 org.springframework.core.env.PropertySourcesPropertyResolver - Searching for key &apos;redis.pass&apos; in [systemProperties]
- (1614 ms) - [DEBUG] 2019-01-15 20:55:32,547 org.springframework.core.env.PropertySourcesPropertyResolver - Searching for key &apos;redis.pass&apos; in [systemEnvironment]
- (1615 ms) - [DEBUG] 2019-01-15 20:55:32,548 org.springframework.core.env.PropertySourcesPropertyResolver - Could not find key &apos;redis.pass&apos; in any property source. Returning [null]
- (1617 ms) - [DEBUG] 2019-01-15 20:55:32,550 org.springframework.core.env.PropertySourcesPropertyResolver - Searching for key &apos;redis.pass&apos; in [localProperties]
- (1617 ms) - [DEBUG] 2019-01-15 20:55:32,550 org.springframework.core.env.PropertySourcesPropertyResolver - Found key &apos;redis.pass&apos; in [localProperties] with type [String] and value &apos;redis@WSX!QAZ1234XXX&apos;
- (1618 ms) - [DEBUG] 2019-01-15 20:55:32,551 org.springframework.core.env.PropertySourcesPropertyResolver - Searching for key &apos;redis.default.db&apos; in [environmentProperties]
- (1618 ms) - [DEBUG] 2019-01-15 20:55:32,551 org.springframework.core.env.PropertySourcesPropertyResolver - Searching for key &apos;redis.default.db&apos; in [systemProperties]
- (1619 ms) - [DEBUG] 2019-01-15 20:55:32,552 org.springframework.core.env.PropertySourcesPropertyResolver - Searching for key &apos;redis.default.db&apos; in [systemEnvironment]
- (1619 ms) - [DEBUG] 2019-01-15 20:55:32,552 org.springframework.core.env.PropertySourcesPropertyResolver - Could not find key &apos;redis.default.db&apos; in any property source. Returning [null]
- (1619 ms) - [DEBUG] 2019-01-15 20:55:32,552 org.springframework.core.env.PropertySourcesPropertyResolver - Searching for key &apos;redis.default.db&apos; in [localProperties]
- (1619 ms) - [DEBUG] 2019-01-15 20:55:32,552 org.springframework.core.env.PropertySourcesPropertyResolver - Found key &apos;redis.default.db&apos; in [localProperties] with type [String] and value &apos;0&apos;
- (1622 ms) - [DEBUG] 2019-01-15 20:55:32,555 org.springframework.beans.factory.support.DefaultListableBeanFactory - Creating shared instance of singleton bean &apos;org.springframework.context.annotation.internalAutowiredAnnotationProcessor&apos;
- (1623 ms) - [DEBUG] 2019-01-15 20:55:32,556 org.springframework.beans.factory.support.DefaultListableBeanFactory - Creating instance of bean &apos;org.springframework.context.annotation.internalAutowiredAnnotationProcessor&apos;
- (1624 ms) - [DEBUG] 2019-01-15 20:55:32,557 org.springframework.beans.factory.support.DefaultListableBeanFactory - Eagerly caching bean &apos;org.springframework.context.annotation.internalAutowiredAnnotationProcessor&apos; to allow for resolving potential circular references
- (1625 ms) - [DEBUG] 2019-01-15 20:55:32,558 org.springframework.beans.factory.support.DefaultListableBeanFactory - Finished creating instance of bean &apos;org.springframework.context.annotation.internalAutowiredAnnotationProcessor&apos;
- (1625 ms) - [DEBUG] 2019-01-15 20:55:32,558 org.springframework.beans.factory.support.DefaultListableBeanFactory - Creating shared instance of singleton bean &apos;org.springframework.context.annotation.internalRequiredAnnotationProcessor&apos;
- (1625 ms) - [DEBUG] 2019-01-15 20:55:32,558 org.springframework.beans.factory.support.DefaultListableBeanFactory - Creating instance of bean &apos;org.springframework.context.annotation.internalRequiredAnnotationProcessor&apos;
- (1626 ms) - [DEBUG] 2019-01-15 20:55:32,559 org.springframework.beans.factory.support.DefaultListableBeanFactory - Eagerly caching bean &apos;org.springframework.context.annotation.internalRequiredAnnotationProcessor&apos; to allow for resolving potential circular references
- (1626 ms) - [DEBUG] 2019-01-15 20:55:32,559 org.springframework.beans.factory.support.DefaultListableBeanFactory - Finished creating instance of bean &apos;org.springframework.context.annotation.internalRequiredAnnotationProcessor&apos;
- (1627 ms) - [DEBUG] 2019-01-15 20:55:32,560 org.springframework.beans.factory.support.DefaultListableBeanFactory - Creating shared instance of singleton bean &apos;org.springframework.context.annotation.internalCommonAnnotationProcessor&apos;
- (1628 ms) - [DEBUG] 2019-01-15 20:55:32,561 org.springframework.beans.factory.support.DefaultListableBeanFactory - Creating instance of bean &apos;org.springframework.context.annotation.internalCommonAnnotationProcessor&apos;
- (1628 ms) - [DEBUG] 2019-01-15 20:55:32,561 org.springframework.beans.factory.support.DefaultListableBeanFactory - Eagerly caching bean &apos;org.springframework.context.annotation.internalCommonAnnotationProcessor&apos; to allow for resolving potential circular references
- (1628 ms) - [DEBUG] 2019-01-15 20:55:32,561 org.springframework.beans.factory.support.DefaultListableBeanFactory - Finished creating instance of bean &apos;org.springframework.context.annotation.internalCommonAnnotationProcessor&apos;
- (1629 ms) - [DEBUG] 2019-01-15 20:55:32,562 org.springframework.beans.factory.support.DefaultListableBeanFactory - Creating shared instance of singleton bean &apos;org.springframework.context.annotation.ConfigurationClassPostProcessor.importAwareProcessor&apos;
- (1629 ms) - [DEBUG] 2019-01-15 20:55:32,562 org.springframework.beans.factory.support.DefaultListableBeanFactory - Creating instance of bean &apos;org.springframework.context.annotation.ConfigurationClassPostProcessor.importAwareProcessor&apos;
- (1629 ms) - [DEBUG] 2019-01-15 20:55:32,562 org.springframework.beans.factory.support.DefaultListableBeanFactory - Eagerly caching bean &apos;org.springframework.context.annotation.ConfigurationClassPostProcessor.importAwareProcessor&apos; to allow for resolving potential circular references
- (1630 ms) - [DEBUG] 2019-01-15 20:55:32,563 org.springframework.beans.factory.support.DefaultListableBeanFactory - Finished creating instance of bean &apos;org.springframework.context.annotation.ConfigurationClassPostProcessor.importAwareProcessor&apos;
- (1630 ms) - [DEBUG] 2019-01-15 20:55:32,563 org.springframework.beans.factory.support.DefaultListableBeanFactory - Creating shared instance of singleton bean &apos;org.springframework.context.annotation.ConfigurationClassPostProcessor.enhancedConfigurationProcessor&apos;
- (1630 ms) - [DEBUG] 2019-01-15 20:55:32,563 org.springframework.beans.factory.support.DefaultListableBeanFactory - Creating instance of bean &apos;org.springframework.context.annotation.ConfigurationClassPostProcessor.enhancedConfigurationProcessor&apos;
- (1630 ms) - [DEBUG] 2019-01-15 20:55:32,563 org.springframework.beans.factory.support.DefaultListableBeanFactory - Eagerly caching bean &apos;org.springframework.context.annotation.ConfigurationClassPostProcessor.enhancedConfigurationProcessor&apos; to allow for resolving potential circular references
- (1630 ms) - [DEBUG] 2019-01-15 20:55:32,563 org.springframework.beans.factory.support.DefaultListableBeanFactory - Finished creating instance of bean &apos;org.springframework.context.annotation.ConfigurationClassPostProcessor.enhancedConfigurationProcessor&apos;
- (1631 ms) - [DEBUG] 2019-01-15 20:55:32,564 org.springframework.context.support.ClassPathXmlApplicationContext - Unable to locate MessageSource with name &apos;messageSource&apos;: using default [org.springframework.context.support.DelegatingMessageSource@72035809]
- (1631 ms) - [DEBUG] 2019-01-15 20:55:32,564 org.springframework.context.support.ClassPathXmlApplicationContext - Unable to locate ApplicationEventMulticaster with name &apos;applicationEventMulticaster&apos;: using default [org.springframework.context.event.SimpleApplicationEventMulticaster@909217e]
- (1632 ms) - [DEBUG] 2019-01-15 20:55:32,565 org.springframework.beans.factory.support.DefaultListableBeanFactory - Pre-instantiating singletons in org.springframework.beans.factory.support.DefaultListableBeanFactory@350aac89: defining beans [org.springframework.context.annotation.internalConfigurationAnnotationProcessor,org.springframework.context.annotation.internalAutowiredAnnotationProcessor,org.springframework.context.annotation.internalRequiredAnnotationProcessor,org.springframework.context.annotation.internalCommonAnnotationProcessor,org.springframework.context.support.PropertySourcesPlaceholderConfigurer#0,dataSource,sqlSessionFactoryBean,org.mybatis.spring.mapper.MapperScannerConfigurer#0,jedisPoolConfig,jedisPool,redisAPI,validationToken,org.springframework.context.annotation.ConfigurationClassPostProcessor.importAwareProcessor,org.springframework.context.annotation.ConfigurationClassPostProcessor.enhancedConfigurationProcessor,itripHotMapper,itripAreaDicMapper,itripCommentMapper,itripHotelMapper,itripHotelOrderMapper,hotelroomMapper,itripImageMapper,itripLabelMapper,itripLabelDicMapper,itripUserMapper,itripUserLinkUserMapper]; root of factory hierarchy
- (1633 ms) - [DEBUG] 2019-01-15 20:55:32,566 org.springframework.beans.factory.support.DefaultListableBeanFactory - Returning cached instance of singleton bean &apos;org.springframework.context.annotation.internalConfigurationAnnotationProcessor&apos;
- (1633 ms) - [DEBUG] 2019-01-15 20:55:32,566 org.springframework.beans.factory.support.DefaultListableBeanFactory - Returning cached instance of singleton bean &apos;org.springframework.context.annotation.internalAutowiredAnnotationProcessor&apos;
- (1633 ms) - [DEBUG] 2019-01-15 20:55:32,566 org.springframework.beans.factory.support.DefaultListableBeanFactory - Returning cached instance of singleton bean &apos;org.springframework.context.annotation.internalRequiredAnnotationProcessor&apos;
- (1633 ms) - [DEBUG] 2019-01-15 20:55:32,566 org.springframework.beans.factory.support.DefaultListableBeanFactory - Returning cached instance of singleton bean &apos;org.springframework.context.annotation.internalCommonAnnotationProcessor&apos;
- (1633 ms) - [DEBUG] 2019-01-15 20:55:32,566 org.springframework.beans.factory.support.DefaultListableBeanFactory - Returning cached instance of singleton bean &apos;org.springframework.context.support.PropertySourcesPlaceholderConfigurer#0&apos;
- (1634 ms) - [DEBUG] 2019-01-15 20:55:32,567 org.springframework.beans.factory.support.DefaultListableBeanFactory - Creating shared instance of singleton bean &apos;dataSource&apos;
- (1634 ms) - [DEBUG] 2019-01-15 20:55:32,567 org.springframework.beans.factory.support.DefaultListableBeanFactory - Creating instance of bean &apos;dataSource&apos;
- (1635 ms) - [DEBUG] 2019-01-15 20:55:32,568 org.springframework.beans.factory.support.DefaultListableBeanFactory - Eagerly caching bean &apos;dataSource&apos; to allow for resolving potential circular references
- (1636 ms) - [DEBUG] 2019-01-15 20:55:32,569 org.springframework.beans.factory.support.DefaultListableBeanFactory - Finished creating instance of bean &apos;dataSource&apos;
- (1636 ms) - [DEBUG] 2019-01-15 20:55:32,569 org.springframework.beans.factory.support.DefaultListableBeanFactory - Creating shared instance of singleton bean &apos;sqlSessionFactoryBean&apos;
- (1637 ms) - [DEBUG] 2019-01-15 20:55:32,570 org.springframework.beans.factory.support.DefaultListableBeanFactory - Creating instance of bean &apos;sqlSessionFactoryBean&apos;
- (1637 ms) - [DEBUG] 2019-01-15 20:55:32,570 org.springframework.beans.factory.support.DefaultListableBeanFactory - Eagerly caching bean &apos;sqlSessionFactoryBean&apos; to allow for resolving potential circular references
- (1638 ms) - [DEBUG] 2019-01-15 20:55:32,571 org.springframework.beans.factory.support.DefaultListableBeanFactory - Returning cached instance of singleton bean &apos;dataSource&apos;
- (1640 ms) - [DEBUG] 2019-01-15 20:55:32,573 org.springframework.beans.factory.support.DefaultListableBeanFactory - Invoking afterPropertiesSet() on bean with name &apos;sqlSessionFactoryBean&apos;
- (1646 ms) - [DEBUG] 2019-01-15 20:55:32,579 org.apache.ibatis.io.ResolverUtil - Find JAR URL: jar:file:/E:/ideaXM/itrip/itrip-beans/target/itrip-beans-1.0-SNAPSHOT.jar!/cn/itrip/beans/pojo
- (1646 ms) - [DEBUG] 2019-01-15 20:55:32,579 org.apache.ibatis.io.ResolverUtil - Inner URL: file:/E:/ideaXM/itrip/itrip-beans/target/itrip-beans-1.0-SNAPSHOT.jar!/cn/itrip/beans/pojo
- (1646 ms) - [DEBUG] 2019-01-15 20:55:32,579 org.apache.ibatis.io.ResolverUtil - Extracted JAR URL: file:/E:/ideaXM/itrip/itrip-beans/target/itrip-beans-1.0-SNAPSHOT.jar
- (1647 ms) - [DEBUG] 2019-01-15 20:55:32,580 org.apache.ibatis.io.ResolverUtil - Found JAR: file:/E:/ideaXM/itrip/itrip-beans/target/itrip-beans-1.0-SNAPSHOT.jar
- (1647 ms) - [DEBUG] 2019-01-15 20:55:32,580 org.apache.ibatis.io.ResolverUtil - Listing jar:file:/E:/ideaXM/itrip/itrip-beans/target/itrip-beans-1.0-SNAPSHOT.jar!/cn/itrip/beans/pojo
- (1647 ms) - [DEBUG] 2019-01-15 20:55:32,580 org.apache.ibatis.io.ResolverUtil - Found resource: /cn/itrip/beans/pojo/ItripAreaDic.class
- (1647 ms) - [DEBUG] 2019-01-15 20:55:32,580 org.apache.ibatis.io.ResolverUtil - Found resource: /cn/itrip/beans/pojo/ItripComment.class
- (1648 ms) - [DEBUG] 2019-01-15 20:55:32,581 org.apache.ibatis.io.ResolverUtil - Found resource: /cn/itrip/beans/pojo/ItripHotel.class
- (1648 ms) - [DEBUG] 2019-01-15 20:55:32,581 org.apache.ibatis.io.ResolverUtil - Found resource: /cn/itrip/beans/pojo/ItripHotelExtendProperty.class
- (1648 ms) - [DEBUG] 2019-01-15 20:55:32,581 org.apache.ibatis.io.ResolverUtil - Found resource: /cn/itrip/beans/pojo/ItripHotelFeature.class
- (1648 ms) - [DEBUG] 2019-01-15 20:55:32,581 org.apache.ibatis.io.ResolverUtil - Found resource: /cn/itrip/beans/pojo/ItripHotelOrder.class
- (1648 ms) - [DEBUG] 2019-01-15 20:55:32,581 org.apache.ibatis.io.ResolverUtil - Found resource: /cn/itrip/beans/pojo/ItripHotelRoom.class
- (1649 ms) - [DEBUG] 2019-01-15 20:55:32,582 org.apache.ibatis.io.ResolverUtil - Found resource: /cn/itrip/beans/pojo/ItripHotelTempStore.class
- (1649 ms) - [DEBUG] 2019-01-15 20:55:32,582 org.apache.ibatis.io.ResolverUtil - Found resource: /cn/itrip/beans/pojo/ItripHotelTradingArea.class
- (1649 ms) - [DEBUG] 2019-01-15 20:55:32,582 org.apache.ibatis.io.ResolverUtil - Found resource: /cn/itrip/beans/pojo/ItripImage.class
- (1650 ms) - [DEBUG] 2019-01-15 20:55:32,583 org.apache.ibatis.io.ResolverUtil - Found resource: /cn/itrip/beans/pojo/ItripLabelDic.class
- (1650 ms) - [DEBUG] 2019-01-15 20:55:32,583 org.apache.ibatis.io.ResolverUtil - Found resource: /cn/itrip/beans/pojo/ItripOrderLinkUser.class
- (1651 ms) - [DEBUG] 2019-01-15 20:55:32,584 org.apache.ibatis.io.ResolverUtil - Found resource: /cn/itrip/beans/pojo/ItripProductStore.class
- (1651 ms) - [DEBUG] 2019-01-15 20:55:32,584 org.apache.ibatis.io.ResolverUtil - Found resource: /cn/itrip/beans/pojo/ItripTradeEnds.class
- (1651 ms) - [DEBUG] 2019-01-15 20:55:32,584 org.apache.ibatis.io.ResolverUtil - Found resource: /cn/itrip/beans/pojo/ItripUser.class
- (1651 ms) - [DEBUG] 2019-01-15 20:55:32,584 org.apache.ibatis.io.ResolverUtil - Found resource: /cn/itrip/beans/pojo/ItripUserLinkUser.class
- (1652 ms) - [DEBUG] 2019-01-15 20:55:32,585 org.apache.ibatis.io.ResolverUtil - Checking to see if class cn.itrip.beans.pojo.ItripAreaDic matches criteria [is assignable to Object]
- (1652 ms) - [DEBUG] 2019-01-15 20:55:32,585 org.apache.ibatis.io.ResolverUtil - Checking to see if class cn.itrip.beans.pojo.ItripComment matches criteria [is assignable to Object]
- (1653 ms) - [DEBUG] 2019-01-15 20:55:32,586 org.apache.ibatis.io.ResolverUtil - Checking to see if class cn.itrip.beans.pojo.ItripHotel matches criteria [is assignable to Object]
- (1653 ms) - [DEBUG] 2019-01-15 20:55:32,586 org.apache.ibatis.io.ResolverUtil - Checking to see if class cn.itrip.beans.pojo.ItripHotelExtendProperty matches criteria [is assignable to Object]
- (1653 ms) - [DEBUG] 2019-01-15 20:55:32,586 org.apache.ibatis.io.ResolverUtil - Checking to see if class cn.itrip.beans.pojo.ItripHotelFeature matches criteria [is assignable to Object]
- (1653 ms) - [DEBUG] 2019-01-15 20:55:32,586 org.apache.ibatis.io.ResolverUtil - Checking to see if class cn.itrip.beans.pojo.ItripHotelOrder matches criteria [is assignable to Object]
- (1653 ms) - [DEBUG] 2019-01-15 20:55:32,586 org.apache.ibatis.io.ResolverUtil - Checking to see if class cn.itrip.beans.pojo.ItripHotelRoom matches criteria [is assignable to Object]
- (1653 ms) - [DEBUG] 2019-01-15 20:55:32,586 org.apache.ibatis.io.ResolverUtil - Checking to see if class cn.itrip.beans.pojo.ItripHotelTempStore matches criteria [is assignable to Object]
- (1654 ms) - [DEBUG] 2019-01-15 20:55:32,587 org.apache.ibatis.io.ResolverUtil - Checking to see if class cn.itrip.beans.pojo.ItripHotelTradingArea matches criteria [is assignable to Object]
- (1654 ms) - [DEBUG] 2019-01-15 20:55:32,587 org.apache.ibatis.io.ResolverUtil - Checking to see if class cn.itrip.beans.pojo.ItripImage matches criteria [is assignable to Object]
- (1654 ms) - [DEBUG] 2019-01-15 20:55:32,587 org.apache.ibatis.io.ResolverUtil - Checking to see if class cn.itrip.beans.pojo.ItripLabelDic matches criteria [is assignable to Object]
- (1654 ms) - [DEBUG] 2019-01-15 20:55:32,587 org.apache.ibatis.io.ResolverUtil - Checking to see if class cn.itrip.beans.pojo.ItripOrderLinkUser matches criteria [is assignable to Object]
- (1654 ms) - [DEBUG] 2019-01-15 20:55:32,587 org.apache.ibatis.io.ResolverUtil - Checking to see if class cn.itrip.beans.pojo.ItripProductStore matches criteria [is assignable to Object]
- (1654 ms) - [DEBUG] 2019-01-15 20:55:32,587 org.apache.ibatis.io.ResolverUtil - Checking to see if class cn.itrip.beans.pojo.ItripTradeEnds matches criteria [is assignable to Object]
- (1655 ms) - [DEBUG] 2019-01-15 20:55:32,588 org.apache.ibatis.io.ResolverUtil - Checking to see if class cn.itrip.beans.pojo.ItripUser matches criteria [is assignable to Object]
- (1655 ms) - [DEBUG] 2019-01-15 20:55:32,588 org.apache.ibatis.io.ResolverUtil - Checking to see if class cn.itrip.beans.pojo.ItripUserLinkUser matches criteria [is assignable to Object]
- (1658 ms) - [DEBUG] 2019-01-15 20:55:32,591 org.mybatis.spring.SqlSessionFactoryBean - Parsed configuration file: &apos;class path resource [mybatis-config.xml]&apos;
- (1707 ms) - [DEBUG] 2019-01-15 20:55:32,640 org.mybatis.spring.SqlSessionFactoryBean - Property &apos;mapperLocations&apos; was not specified or no matching resources found
- (1708 ms) - [DEBUG] 2019-01-15 20:55:32,641 org.springframework.beans.factory.support.DefaultListableBeanFactory - Finished creating instance of bean &apos;sqlSessionFactoryBean&apos;
- (1708 ms) - [DEBUG] 2019-01-15 20:55:32,641 org.springframework.beans.factory.support.DefaultListableBeanFactory - Returning cached instance of singleton bean &apos;org.mybatis.spring.mapper.MapperScannerConfigurer#0&apos;
- (1708 ms) - [DEBUG] 2019-01-15 20:55:32,641 org.springframework.beans.factory.support.DefaultListableBeanFactory - Creating shared instance of singleton bean &apos;jedisPoolConfig&apos;
- (1708 ms) - [DEBUG] 2019-01-15 20:55:32,641 org.springframework.beans.factory.support.DefaultListableBeanFactory - Creating instance of bean &apos;jedisPoolConfig&apos;
- (1708 ms) - [DEBUG] 2019-01-15 20:55:32,641 org.springframework.beans.factory.support.DefaultListableBeanFactory - Eagerly caching bean &apos;jedisPoolConfig&apos; to allow for resolving potential circular references
- (1709 ms) - [DEBUG] 2019-01-15 20:55:32,642 org.springframework.beans.factory.support.DefaultListableBeanFactory - Finished creating instance of bean &apos;jedisPoolConfig&apos;
- (1709 ms) - [DEBUG] 2019-01-15 20:55:32,642 org.springframework.beans.factory.support.DefaultListableBeanFactory - Creating shared instance of singleton bean &apos;jedisPool&apos;
- (1709 ms) - [DEBUG] 2019-01-15 20:55:32,642 org.springframework.beans.factory.support.DefaultListableBeanFactory - Creating instance of bean &apos;jedisPool&apos;
- (1710 ms) - [DEBUG] 2019-01-15 20:55:32,643 org.springframework.beans.factory.support.DefaultListableBeanFactory - Returning cached instance of singleton bean &apos;jedisPoolConfig&apos;
- (1711 ms) - [DEBUG] 2019-01-15 20:55:32,644 org.springframework.beans.factory.support.DefaultListableBeanFactory - Eagerly caching bean &apos;jedisPool&apos; to allow for resolving potential circular references
- (1712 ms) - [DEBUG] 2019-01-15 20:55:32,645 org.springframework.beans.factory.support.DefaultListableBeanFactory - Finished creating instance of bean &apos;jedisPool&apos;
- (1712 ms) - [DEBUG] 2019-01-15 20:55:32,645 org.springframework.beans.factory.support.DefaultListableBeanFactory - Creating shared instance of singleton bean &apos;redisAPI&apos;
- (1713 ms) - [DEBUG] 2019-01-15 20:55:32,646 org.springframework.beans.factory.support.DefaultListableBeanFactory - Creating instance of bean &apos;redisAPI&apos;
- (1713 ms) - [DEBUG] 2019-01-15 20:55:32,646 org.springframework.beans.factory.support.DefaultListableBeanFactory - Eagerly caching bean &apos;redisAPI&apos; to allow for resolving potential circular references
- (1713 ms) - [DEBUG] 2019-01-15 20:55:32,646 org.springframework.beans.factory.support.DefaultListableBeanFactory - Returning cached instance of singleton bean &apos;jedisPool&apos;
- (1713 ms) - [DEBUG] 2019-01-15 20:55:32,646 org.springframework.beans.factory.support.DefaultListableBeanFactory - Finished creating instance of bean &apos;redisAPI&apos;
- (1714 ms) - [DEBUG] 2019-01-15 20:55:32,647 org.springframework.beans.factory.support.DefaultListableBeanFactory - Creating shared instance of singleton bean &apos;validationToken&apos;
- (1714 ms) - [DEBUG] 2019-01-15 20:55:32,647 org.springframework.beans.factory.support.DefaultListableBeanFactory - Creating instance of bean &apos;validationToken&apos;
- (1714 ms) - [DEBUG] 2019-01-15 20:55:32,647 org.springframework.beans.factory.support.DefaultListableBeanFactory - Eagerly caching bean &apos;validationToken&apos; to allow for resolving potential circular references
- (1714 ms) - [DEBUG] 2019-01-15 20:55:32,647 org.springframework.beans.factory.support.DefaultListableBeanFactory - Returning cached instance of singleton bean &apos;redisAPI&apos;
- (1715 ms) - [DEBUG] 2019-01-15 20:55:32,648 org.springframework.beans.factory.support.DefaultListableBeanFactory - Finished creating instance of bean &apos;validationToken&apos;
- (1715 ms) - [DEBUG] 2019-01-15 20:55:32,648 org.springframework.beans.factory.support.DefaultListableBeanFactory - Returning cached instance of singleton bean &apos;org.springframework.context.annotation.ConfigurationClassPostProcessor.importAwareProcessor&apos;
- (1715 ms) - [DEBUG] 2019-01-15 20:55:32,648 org.springframework.beans.factory.support.DefaultListableBeanFactory - Returning cached instance of singleton bean &apos;org.springframework.context.annotation.ConfigurationClassPostProcessor.enhancedConfigurationProcessor&apos;
- (1715 ms) - [DEBUG] 2019-01-15 20:55:32,648 org.springframework.beans.factory.support.DefaultListableBeanFactory - Creating shared instance of singleton bean &apos;itripHotMapper&apos;
- (1716 ms) - [DEBUG] 2019-01-15 20:55:32,649 org.springframework.beans.factory.support.DefaultListableBeanFactory - Creating instance of bean &apos;itripHotMapper&apos;
- (1716 ms) - [DEBUG] 2019-01-15 20:55:32,649 org.springframework.beans.factory.support.DefaultListableBeanFactory - Eagerly caching bean &apos;itripHotMapper&apos; to allow for resolving potential circular references
- (1717 ms) - [DEBUG] 2019-01-15 20:55:32,650 org.springframework.beans.factory.support.DefaultListableBeanFactory - Returning eagerly cached instance of singleton bean &apos;itripHotMapper&apos; that is not fully initialized yet - a consequence of a circular reference
- (1717 ms) - [DEBUG] 2019-01-15 20:55:32,650 org.springframework.beans.factory.support.DefaultListableBeanFactory - Creating shared instance of singleton bean &apos;itripAreaDicMapper&apos;
- (1717 ms) - [DEBUG] 2019-01-15 20:55:32,650 org.springframework.beans.factory.support.DefaultListableBeanFactory - Creating instance of bean &apos;itripAreaDicMapper&apos;
- (1718 ms) - [DEBUG] 2019-01-15 20:55:32,651 org.springframework.beans.factory.support.DefaultListableBeanFactory - Eagerly caching bean &apos;itripAreaDicMapper&apos; to allow for resolving potential circular references
- (1718 ms) - [DEBUG] 2019-01-15 20:55:32,651 org.springframework.beans.factory.support.DefaultListableBeanFactory - Returning eagerly cached instance of singleton bean &apos;itripAreaDicMapper&apos; that is not fully initialized yet - a consequence of a circular reference
- (1719 ms) - [DEBUG] 2019-01-15 20:55:32,652 org.springframework.beans.factory.support.DefaultListableBeanFactory - Creating shared instance of singleton bean &apos;itripCommentMapper&apos;
- (1719 ms) - [DEBUG] 2019-01-15 20:55:32,652 org.springframework.beans.factory.support.DefaultListableBeanFactory - Creating instance of bean &apos;itripCommentMapper&apos;
- (1719 ms) - [DEBUG] 2019-01-15 20:55:32,652 org.springframework.beans.factory.support.DefaultListableBeanFactory - Eagerly caching bean &apos;itripCommentMapper&apos; to allow for resolving potential circular references
- (1720 ms) - [DEBUG] 2019-01-15 20:55:32,653 org.springframework.beans.factory.support.DefaultListableBeanFactory - Returning eagerly cached instance of singleton bean &apos;itripCommentMapper&apos; that is not fully initialized yet - a consequence of a circular reference
- (1721 ms) - [DEBUG] 2019-01-15 20:55:32,654 org.springframework.beans.factory.support.DefaultListableBeanFactory - Creating shared instance of singleton bean &apos;itripHotelMapper&apos;
- (1721 ms) - [DEBUG] 2019-01-15 20:55:32,654 org.springframework.beans.factory.support.DefaultListableBeanFactory - Creating instance of bean &apos;itripHotelMapper&apos;
- (1722 ms) - [DEBUG] 2019-01-15 20:55:32,655 org.springframework.beans.factory.support.DefaultListableBeanFactory - Eagerly caching bean &apos;itripHotelMapper&apos; to allow for resolving potential circular references
- (1722 ms) - [DEBUG] 2019-01-15 20:55:32,655 org.springframework.beans.factory.support.DefaultListableBeanFactory - Returning eagerly cached instance of singleton bean &apos;itripHotelMapper&apos; that is not fully initialized yet - a consequence of a circular reference
- (1722 ms) - [DEBUG] 2019-01-15 20:55:32,655 org.springframework.beans.factory.support.DefaultListableBeanFactory - Creating shared instance of singleton bean &apos;itripHotelOrderMapper&apos;
- (1723 ms) - [DEBUG] 2019-01-15 20:55:32,656 org.springframework.beans.factory.support.DefaultListableBeanFactory - Creating instance of bean &apos;itripHotelOrderMapper&apos;
- (1723 ms) - [DEBUG] 2019-01-15 20:55:32,656 org.springframework.beans.factory.support.DefaultListableBeanFactory - Eagerly caching bean &apos;itripHotelOrderMapper&apos; to allow for resolving potential circular references
- (1723 ms) - [DEBUG] 2019-01-15 20:55:32,656 org.springframework.beans.factory.support.DefaultListableBeanFactory - Returning eagerly cached instance of singleton bean &apos;itripHotelOrderMapper&apos; that is not fully initialized yet - a consequence of a circular reference
- (1724 ms) - [DEBUG] 2019-01-15 20:55:32,657 org.springframework.beans.factory.support.DefaultListableBeanFactory - Creating shared instance of singleton bean &apos;hotelroomMapper&apos;
- (1724 ms) - [DEBUG] 2019-01-15 20:55:32,657 org.springframework.beans.factory.support.DefaultListableBeanFactory - Creating instance of bean &apos;hotelroomMapper&apos;
- (1724 ms) - [DEBUG] 2019-01-15 20:55:32,657 org.springframework.beans.factory.support.DefaultListableBeanFactory - Eagerly caching bean &apos;hotelroomMapper&apos; to allow for resolving potential circular references
- (1725 ms) - [DEBUG] 2019-01-15 20:55:32,658 org.springframework.beans.factory.support.DefaultListableBeanFactory - Returning eagerly cached instance of singleton bean &apos;hotelroomMapper&apos; that is not fully initialized yet - a consequence of a circular reference
- (1726 ms) - [DEBUG] 2019-01-15 20:55:32,659 org.springframework.beans.factory.support.DefaultListableBeanFactory - Creating shared instance of singleton bean &apos;itripImageMapper&apos;
- (1726 ms) - [DEBUG] 2019-01-15 20:55:32,659 org.springframework.beans.factory.support.DefaultListableBeanFactory - Creating instance of bean &apos;itripImageMapper&apos;
- (1727 ms) - [DEBUG] 2019-01-15 20:55:32,660 org.springframework.beans.factory.support.DefaultListableBeanFactory - Eagerly caching bean &apos;itripImageMapper&apos; to allow for resolving potential circular references
- (1728 ms) - [DEBUG] 2019-01-15 20:55:32,661 org.springframework.beans.factory.support.DefaultListableBeanFactory - Returning eagerly cached instance of singleton bean &apos;itripImageMapper&apos; that is not fully initialized yet - a consequence of a circular reference
- (1728 ms) - [DEBUG] 2019-01-15 20:55:32,661 org.springframework.beans.factory.support.DefaultListableBeanFactory - Creating shared instance of singleton bean &apos;itripLabelMapper&apos;
- (1729 ms) - [DEBUG] 2019-01-15 20:55:32,662 org.springframework.beans.factory.support.DefaultListableBeanFactory - Creating instance of bean &apos;itripLabelMapper&apos;
- (1729 ms) - [DEBUG] 2019-01-15 20:55:32,662 org.springframework.beans.factory.support.DefaultListableBeanFactory - Eagerly caching bean &apos;itripLabelMapper&apos; to allow for resolving potential circular references
- (1730 ms) - [DEBUG] 2019-01-15 20:55:32,663 org.springframework.beans.factory.support.DefaultListableBeanFactory - Returning eagerly cached instance of singleton bean &apos;itripLabelMapper&apos; that is not fully initialized yet - a consequence of a circular reference
- (1731 ms) - [DEBUG] 2019-01-15 20:55:32,664 org.springframework.beans.factory.support.DefaultListableBeanFactory - Creating shared instance of singleton bean &apos;itripLabelDicMapper&apos;
- (1731 ms) - [DEBUG] 2019-01-15 20:55:32,664 org.springframework.beans.factory.support.DefaultListableBeanFactory - Creating instance of bean &apos;itripLabelDicMapper&apos;
- (1731 ms) - [DEBUG] 2019-01-15 20:55:32,664 org.springframework.beans.factory.support.DefaultListableBeanFactory - Eagerly caching bean &apos;itripLabelDicMapper&apos; to allow for resolving potential circular references
- (1732 ms) - [DEBUG] 2019-01-15 20:55:32,665 org.springframework.beans.factory.support.DefaultListableBeanFactory - Returning eagerly cached instance of singleton bean &apos;itripLabelDicMapper&apos; that is not fully initialized yet - a consequence of a circular reference
- (1733 ms) - [DEBUG] 2019-01-15 20:55:32,666 org.springframework.beans.factory.support.DefaultListableBeanFactory - Creating shared instance of singleton bean &apos;itripUserMapper&apos;
- (1733 ms) - [DEBUG] 2019-01-15 20:55:32,666 org.springframework.beans.factory.support.DefaultListableBeanFactory - Creating instance of bean &apos;itripUserMapper&apos;
- (1734 ms) - [DEBUG] 2019-01-15 20:55:32,667 org.springframework.beans.factory.support.DefaultListableBeanFactory - Eagerly caching bean &apos;itripUserMapper&apos; to allow for resolving potential circular references
- (1734 ms) - [DEBUG] 2019-01-15 20:55:32,667 org.springframework.beans.factory.support.DefaultListableBeanFactory - Returning eagerly cached instance of singleton bean &apos;itripUserMapper&apos; that is not fully initialized yet - a consequence of a circular reference
- (1735 ms) - [DEBUG] 2019-01-15 20:55:32,668 org.springframework.beans.factory.support.DefaultListableBeanFactory - Creating shared instance of singleton bean &apos;itripUserLinkUserMapper&apos;
- (1735 ms) - [DEBUG] 2019-01-15 20:55:32,668 org.springframework.beans.factory.support.DefaultListableBeanFactory - Creating instance of bean &apos;itripUserLinkUserMapper&apos;
- (1736 ms) - [DEBUG] 2019-01-15 20:55:32,669 org.springframework.beans.factory.support.DefaultListableBeanFactory - Eagerly caching bean &apos;itripUserLinkUserMapper&apos; to allow for resolving potential circular references
- (1737 ms) - [DEBUG] 2019-01-15 20:55:32,670 org.springframework.beans.factory.support.DefaultListableBeanFactory - Returning eagerly cached instance of singleton bean &apos;itripUserLinkUserMapper&apos; that is not fully initialized yet - a consequence of a circular reference
- (1737 ms) - [DEBUG] 2019-01-15 20:55:32,670 org.springframework.beans.factory.support.DefaultListableBeanFactory - Returning cached instance of singleton bean &apos;sqlSessionFactoryBean&apos;
- (1737 ms) - [DEBUG] 2019-01-15 20:55:32,670 org.springframework.beans.factory.support.DefaultListableBeanFactory - Autowiring by type from bean name &apos;itripUserLinkUserMapper&apos; via property &apos;sqlSessionFactory&apos; to bean named &apos;sqlSessionFactoryBean&apos;
- (1738 ms) - [DEBUG] 2019-01-15 20:55:32,671 org.springframework.beans.factory.support.DefaultListableBeanFactory - Invoking afterPropertiesSet() on bean with name &apos;itripUserLinkUserMapper&apos;
- (1769 ms) - [DEBUG] 2019-01-15 20:55:32,702 org.springframework.beans.factory.support.DefaultListableBeanFactory - Finished creating instance of bean &apos;itripUserLinkUserMapper&apos;
- (1769 ms) - [DEBUG] 2019-01-15 20:55:32,702 org.springframework.beans.factory.support.DefaultListableBeanFactory - Returning cached instance of singleton bean &apos;sqlSessionFactoryBean&apos;
- (1770 ms) - [DEBUG] 2019-01-15 20:55:32,703 org.springframework.beans.factory.support.DefaultListableBeanFactory - Autowiring by type from bean name &apos;itripUserMapper&apos; via property &apos;sqlSessionFactory&apos; to bean named &apos;sqlSessionFactoryBean&apos;
- (1771 ms) - [DEBUG] 2019-01-15 20:55:32,704 org.springframework.beans.factory.support.DefaultListableBeanFactory - Invoking afterPropertiesSet() on bean with name &apos;itripUserMapper&apos;
- (1793 ms) - [DEBUG] 2019-01-15 20:55:32,726 org.springframework.beans.factory.support.DefaultListableBeanFactory - Finished creating instance of bean &apos;itripUserMapper&apos;
- (1794 ms) - [DEBUG] 2019-01-15 20:55:32,727 org.springframework.beans.factory.support.DefaultListableBeanFactory - Returning cached instance of singleton bean &apos;sqlSessionFactoryBean&apos;
- (1795 ms) - [DEBUG] 2019-01-15 20:55:32,728 org.springframework.beans.factory.support.DefaultListableBeanFactory - Autowiring by type from bean name &apos;itripLabelDicMapper&apos; via property &apos;sqlSessionFactory&apos; to bean named &apos;sqlSessionFactoryBean&apos;
- (1797 ms) - [DEBUG] 2019-01-15 20:55:32,730 org.springframework.beans.factory.support.DefaultListableBeanFactory - Invoking afterPropertiesSet() on bean with name &apos;itripLabelDicMapper&apos;
- (1827 ms) - [DEBUG] 2019-01-15 20:55:32,760 org.springframework.beans.factory.support.DefaultListableBeanFactory - Finished creating instance of bean &apos;itripLabelDicMapper&apos;
- (1827 ms) - [DEBUG] 2019-01-15 20:55:32,760 org.springframework.beans.factory.support.DefaultListableBeanFactory - Returning cached instance of singleton bean &apos;sqlSessionFactoryBean&apos;
- (1828 ms) - [DEBUG] 2019-01-15 20:55:32,761 org.springframework.beans.factory.support.DefaultListableBeanFactory - Autowiring by type from bean name &apos;itripLabelMapper&apos; via property &apos;sqlSessionFactory&apos; to bean named &apos;sqlSessionFactoryBean&apos;
- (1828 ms) - [DEBUG] 2019-01-15 20:55:32,761 org.springframework.beans.factory.support.DefaultListableBeanFactory - Invoking afterPropertiesSet() on bean with name &apos;itripLabelMapper&apos;
- (1836 ms) - [DEBUG] 2019-01-15 20:55:32,769 org.springframework.beans.factory.support.DefaultListableBeanFactory - Finished creating instance of bean &apos;itripLabelMapper&apos;
- (1836 ms) - [DEBUG] 2019-01-15 20:55:32,769 org.springframework.beans.factory.support.DefaultListableBeanFactory - Returning cached instance of singleton bean &apos;sqlSessionFactoryBean&apos;
- (1837 ms) - [DEBUG] 2019-01-15 20:55:32,770 org.springframework.beans.factory.support.DefaultListableBeanFactory - Autowiring by type from bean name &apos;itripImageMapper&apos; via property &apos;sqlSessionFactory&apos; to bean named &apos;sqlSessionFactoryBean&apos;
- (1837 ms) - [DEBUG] 2019-01-15 20:55:32,770 org.springframework.beans.factory.support.DefaultListableBeanFactory - Invoking afterPropertiesSet() on bean with name &apos;itripImageMapper&apos;
- (1842 ms) - [DEBUG] 2019-01-15 20:55:32,775 org.springframework.beans.factory.support.DefaultListableBeanFactory - Finished creating instance of bean &apos;itripImageMapper&apos;
- (1842 ms) - [DEBUG] 2019-01-15 20:55:32,775 org.springframework.beans.factory.support.DefaultListableBeanFactory - Returning cached instance of singleton bean &apos;sqlSessionFactoryBean&apos;
- (1843 ms) - [DEBUG] 2019-01-15 20:55:32,776 org.springframework.beans.factory.support.DefaultListableBeanFactory - Autowiring by type from bean name &apos;hotelroomMapper&apos; via property &apos;sqlSessionFactory&apos; to bean named &apos;sqlSessionFactoryBean&apos;
- (1844 ms) - [DEBUG] 2019-01-15 20:55:32,777 org.springframework.beans.factory.support.DefaultListableBeanFactory - Invoking afterPropertiesSet() on bean with name &apos;hotelroomMapper&apos;
- (1850 ms) - [ERROR] 2019-01-15 20:55:32,783 org.mybatis.spring.mapper.MapperFactoryBean - Error while adding the mapper &apos;interface cn.itrip.dao.hotelroom.HotelroomMapper&apos; to configuration.
java.lang.RuntimeException: Error parsing Mapper XML. Cause: org.apache.ibatis.builder.BuilderException: Wrong namespace. Expected &apos;cn.itrip.dao.hotelroom.HotelroomMapper&apos; but found &apos;cn.itrip.dao.HotelroomMapper&apos;.
	at org.apache.ibatis.builder.xml.XMLMapperBuilder.configurationElement(XMLMapperBuilder.java:113)
	at org.apache.ibatis.builder.xml.XMLMapperBuilder.parse(XMLMapperBuilder.java:88)
	at org.apache.ibatis.builder.annotation.MapperAnnotationBuilder.loadXmlResource(MapperAnnotationBuilder.java:159)
	at org.apache.ibatis.builder.annotation.MapperAnnotationBuilder.parse(MapperAnnotationBuilder.java:113)
	at org.apache.ibatis.binding.MapperRegistry.addMapper(MapperRegistry.java:66)
	at org.apache.ibatis.session.Configuration.addMapper(Configuration.java:635)
	at org.mybatis.spring.mapper.MapperFactoryBean.checkDaoConfig(MapperFactoryBean.java:95)
	at org.springframework.dao.support.DaoSupport.afterPropertiesSet(DaoSupport.java:44)
	at org.springframework.beans.factory.support.AbstractAutowireCapableBeanFactory.invokeInitMethods(AbstractAutowireCapableBeanFactory.java:1633)
	at org.springframework.beans.factory.support.AbstractAutowireCapableBeanFactory.initializeBean(AbstractAutowireCapableBeanFactory.java:1570)
	at org.springframework.beans.factory.support.AbstractAutowireCapableBeanFactory.doCreateBean(AbstractAutowireCapableBeanFactory.java:539)
	at org.springframework.beans.factory.support.AbstractAutowireCapableBeanFactory.createBean(AbstractAutowireCapableBeanFactory.java:476)
	at org.springframework.beans.factory.support.AbstractBeanFactory$1.getObject(AbstractBeanFactory.java:303)
	at org.springframework.beans.factory.support.DefaultSingletonBeanRegistry.getSingleton(DefaultSingletonBeanRegistry.java:230)
	at org.springframework.beans.factory.support.AbstractBeanFactory.doGetBean(AbstractBeanFactory.java:299)
	at org.springframework.beans.factory.support.AbstractBeanFactory.getTypeForFactoryBean(AbstractBeanFactory.java:1421)
	at org.springframework.beans.factory.support.AbstractAutowireCapableBeanFactory.getTypeForFactoryBean(AbstractAutowireCapableBeanFactory.java:802)
	at org.springframework.beans.factory.support.AbstractBeanFactory.isTypeMatch(AbstractBeanFactory.java:542)
	at org.springframework.beans.factory.support.DefaultListableBeanFactory.doGetBeanNamesForType(DefaultListableBeanFactory.java:436)
	at org.springframework.beans.factory.support.DefaultListableBeanFactory.getBeanNamesForType(DefaultListableBeanFactory.java:412)
	at org.springframework.beans.factory.BeanFactoryUtils.beanNamesForTypeIncludingAncestors(BeanFactoryUtils.java:186)
	at org.springframework.beans.factory.support.DefaultListableBeanFactory.findAutowireCandidates(DefaultListableBeanFactory.java:1105)
	at org.springframework.beans.factory.support.DefaultListableBeanFactory.doResolveDependency(DefaultListableBeanFactory.java:1044)
	at org.springframework.beans.factory.support.DefaultListableBeanFactory.resolveDependency(DefaultListableBeanFactory.java:942)
	at org.springframework.beans.factory.support.AbstractAutowireCapableBeanFactory.autowireByType(AbstractAutowireCapableBeanFactory.java:1288)
	at org.springframework.beans.factory.support.AbstractAutowireCapableBeanFactory.populateBean(AbstractAutowireCapableBeanFactory.java:1195)
	at org.springframework.beans.factory.support.AbstractAutowireCapableBeanFactory.doCreateBean(AbstractAutowireCapableBeanFactory.java:537)
	at org.springframework.beans.factory.support.AbstractAutowireCapableBeanFactory.createBean(AbstractAutowireCapableBeanFactory.java:476)
	at org.springframework.beans.factory.support.AbstractBeanFactory$1.getObject(AbstractBeanFactory.java:303)
	at org.springframework.beans.factory.support.DefaultSingletonBeanRegistry.getSingleton(DefaultSingletonBeanRegistry.java:230)
	at org.springframework.beans.factory.support.AbstractBeanFactory.doGetBean(AbstractBeanFactory.java:299)
	at org.springframework.beans.factory.support.AbstractBeanFactory.getTypeForFactoryBean(AbstractBeanFactory.java:1421)
	at org.springframework.beans.factory.support.AbstractAutowireCapableBeanFactory.getTypeForFactoryBean(AbstractAutowireCapableBeanFactory.java:802)
	at org.springframework.beans.factory.support.AbstractBeanFactory.isTypeMatch(AbstractBeanFactory.java:542)
	at org.springframework.beans.factory.support.DefaultListableBeanFactory.doGetBeanNamesForType(DefaultListableBeanFactory.java:436)
	at org.springframework.beans.factory.support.DefaultListableBeanFactory.getBeanNamesForType(DefaultListableBeanFactory.java:412)
	at org.springframework.beans.factory.BeanFactoryUtils.beanNamesForTypeIncludingAncestors(BeanFactoryUtils.java:186)
	at org.springframework.beans.factory.support.DefaultListableBeanFactory.findAutowireCandidates(DefaultListableBeanFactory.java:1105)
	at org.springframework.beans.factory.support.DefaultListableBeanFactory.doResolveDependency(DefaultListableBeanFactory.java:1044)
	at org.springframework.beans.factory.support.DefaultListableBeanFactory.resolveDependency(DefaultListableBeanFactory.java:942)
	at org.springframework.beans.factory.support.AbstractAutowireCapableBeanFactory.autowireByType(AbstractAutowireCapableBeanFactory.java:1288)
	at org.springframework.beans.factory.support.AbstractAutowireCapableBeanFactory.populateBean(AbstractAutowireCapableBeanFactory.java:1195)
	at org.springframework.beans.factory.support.AbstractAutowireCapableBeanFactory.doCreateBean(AbstractAutowireCapableBeanFactory.java:537)
	at org.springframework.beans.factory.support.AbstractAutowireCapableBeanFactory.createBean(AbstractAutowireCapableBeanFactory.java:476)
	at org.springframework.beans.factory.support.AbstractBeanFactory$1.getObject(AbstractBeanFactory.java:303)
	at org.springframework.beans.factory.support.DefaultSingletonBeanRegistry.getSingleton(DefaultSingletonBeanRegistry.java:230)
	at org.springframework.beans.factory.support.AbstractBeanFactory.doGetBean(AbstractBeanFactory.java:299)
	at org.springframework.beans.factory.support.AbstractBeanFactory.getTypeForFactoryBean(AbstractBeanFactory.java:1421)
	at org.springframework.beans.factory.support.AbstractAutowireCapableBeanFactory.getTypeForFactoryBean(AbstractAutowireCapableBeanFactory.java:802)
	at org.springframework.beans.factory.support.AbstractBeanFactory.isTypeMatch(AbstractBeanFactory.java:542)
	at org.springframework.beans.factory.support.DefaultListableBeanFactory.doGetBeanNamesForType(DefaultListableBeanFactory.java:436)
	at org.springframework.beans.factory.support.DefaultListableBeanFactory.getBeanNamesForType(DefaultListableBeanFactory.java:412)
	at org.springframework.beans.factory.BeanFactoryUtils.beanNamesForTypeIncludingAncestors(BeanFactoryUtils.java:186)
	at org.springframework.beans.factory.support.DefaultListableBeanFactory.findAutowireCandidates(DefaultListableBeanFactory.java:1105)
	at org.springframework.beans.factory.support.DefaultListableBeanFactory.doResolveDependency(DefaultListableBeanFactory.java:1044)
	at org.springframework.beans.factory.support.DefaultListableBeanFactory.resolveDependency(DefaultListableBeanFactory.java:942)
	at org.springframework.beans.factory.support.AbstractAutowireCapableBeanFactory.autowireByType(AbstractAutowireCapableBeanFactory.java:1288)
	at org.springframework.beans.factory.support.AbstractAutowireCapableBeanFactory.populateBean(AbstractAutowireCapableBeanFactory.java:1195)
	at org.springframework.beans.factory.support.AbstractAutowireCapableBeanFactory.doCreateBean(AbstractAutowireCapableBeanFactory.java:537)
	at org.springframework.beans.factory.support.AbstractAutowireCapableBeanFactory.createBean(AbstractAutowireCapableBeanFactory.java:476)
	at org.springframework.beans.factory.support.AbstractBeanFactory$1.getObject(AbstractBeanFactory.java:303)
	at org.springframework.beans.factory.support.DefaultSingletonBeanRegistry.getSingleton(DefaultSingletonBeanRegistry.java:230)
	at org.springframework.beans.factory.support.AbstractBeanFactory.doGetBean(AbstractBeanFactory.java:299)
	at org.springframework.beans.factory.support.AbstractBeanFactory.getTypeForFactoryBean(AbstractBeanFactory.java:1421)
	at org.springframework.beans.factory.support.AbstractAutowireCapableBeanFactory.getTypeForFactoryBean(AbstractAutowireCapableBeanFactory.java:802)
	at org.springframework.beans.factory.support.AbstractBeanFactory.isTypeMatch(AbstractBeanFactory.java:542)
	at org.springframework.beans.factory.support.DefaultListableBeanFactory.doGetBeanNamesForType(DefaultListableBeanFactory.java:436)
	at org.springframework.beans.factory.support.DefaultListableBeanFactory.getBeanNamesForType(DefaultListableBeanFactory.java:412)
	at org.springframework.beans.factory.BeanFactoryUtils.beanNamesForTypeIncludingAncestors(BeanFactoryUtils.java:186)
	at org.springframework.beans.factory.support.DefaultListableBeanFactory.findAutowireCandidates(DefaultListableBeanFactory.java:1105)
	at org.springframework.beans.factory.support.DefaultListableBeanFactory.doResolveDependency(DefaultListableBeanFactory.java:1044)
	at org.springframework.beans.factory.support.DefaultListableBeanFactory.resolveDependency(DefaultListableBeanFactory.java:942)
	at org.springframework.beans.factory.support.AbstractAutowireCapableBeanFactory.autowireByType(AbstractAutowireCapableBeanFactory.java:1288)
	at org.springframework.beans.factory.support.AbstractAutowireCapableBeanFactory.populateBean(AbstractAutowireCapableBeanFactory.java:1195)
	at org.springframework.beans.factory.support.AbstractAutowireCapableBeanFactory.doCreateBean(AbstractAutowireCapableBeanFactory.java:537)
	at org.springframework.beans.factory.support.AbstractAutowireCapableBeanFactory.createBean(AbstractAutowireCapableBeanFactory.java:476)
	at org.springframework.beans.factory.support.AbstractBeanFactory$1.getObject(AbstractBeanFactory.java:303)
	at org.springframework.beans.factory.support.DefaultSingletonBeanRegistry.getSingleton(DefaultSingletonBeanRegistry.java:230)
	at org.springframework.beans.factory.support.AbstractBeanFactory.doGetBean(AbstractBeanFactory.java:299)
	at org.springframework.beans.factory.support.AbstractBeanFactory.getTypeForFactoryBean(AbstractBeanFactory.java:1421)
	at org.springframework.beans.factory.support.AbstractAutowireCapableBeanFactory.getTypeForFactoryBean(AbstractAutowireCapableBeanFactory.java:802)
	at org.springframework.beans.factory.support.AbstractBeanFactory.isTypeMatch(AbstractBeanFactory.java:542)
	at org.springframework.beans.factory.support.DefaultListableBeanFactory.doGetBeanNamesForType(DefaultListableBeanFactory.java:436)
	at org.springframework.beans.factory.support.DefaultListableBeanFactory.getBeanNamesForType(DefaultListableBeanFactory.java:412)
	at org.springframework.beans.factory.BeanFactoryUtils.beanNamesForTypeIncludingAncestors(BeanFactoryUtils.java:186)
	at org.springframework.beans.factory.support.DefaultListableBeanFactory.findAutowireCandidates(DefaultListableBeanFactory.java:1105)
	at org.springframework.beans.factory.support.DefaultListableBeanFactory.doResolveDependency(DefaultListableBeanFactory.java:1044)
	at org.springframework.beans.factory.support.DefaultListableBeanFactory.resolveDependency(DefaultListableBeanFactory.java:942)
	at org.springframework.beans.factory.support.AbstractAutowireCapableBeanFactory.autowireByType(AbstractAutowireCapableBeanFactory.java:1288)
	at org.springframework.beans.factory.support.AbstractAutowireCapableBeanFactory.populateBean(AbstractAutowireCapableBeanFactory.java:1195)
	at org.springframework.beans.factory.support.AbstractAutowireCapableBeanFactory.doCreateBean(AbstractAutowireCapableBeanFactory.java:537)
	at org.springframework.beans.factory.support.AbstractAutowireCapableBeanFactory.createBean(AbstractAutowireCapableBeanFactory.java:476)
	at org.springframework.beans.factory.support.AbstractBeanFactory$1.getObject(AbstractBeanFactory.java:303)
	at org.springframework.beans.factory.support.DefaultSingletonBeanRegistry.getSingleton(DefaultSingletonBeanRegistry.java:230)
	at org.springframework.beans.factory.support.AbstractBeanFactory.doGetBean(AbstractBeanFactory.java:299)
	at org.springframework.beans.factory.support.AbstractBeanFactory.getBean(AbstractBeanFactory.java:194)
	at org.springframework.beans.factory.support.DefaultListableBeanFactory.preInstantiateSingletons(DefaultListableBeanFactory.java:736)
	at org.springframework.context.support.AbstractApplicationContext.finishBeanFactoryInitialization(AbstractApplicationContext.java:757)
	at org.springframework.context.support.AbstractApplicationContext.refresh(AbstractApplicationContext.java:480)
	at org.springframework.context.support.ClassPathXmlApplicationContext.&lt;init&gt;(ClassPathXmlApplicationContext.java:139)
	at org.springframework.context.support.ClassPathXmlApplicationContext.&lt;init&gt;(ClassPathXmlApplicationContext.java:83)
	at cn.itrip.dao.user.TestItripUserMapper.testGetItripUserById(TestItripUserMapper.java:17)
	at sun.reflect.NativeMethodAccessorImpl.invoke0(Native Method)
	at sun.reflect.NativeMethodAccessorImpl.invoke(NativeMethodAccessorImpl.java:62)
	at sun.reflect.DelegatingMethodAccessorImpl.invoke(DelegatingMethodAccessorImpl.java:43)
	at java.lang.reflect.Method.invoke(Method.java:498)
	at org.junit.runners.model.FrameworkMethod$1.runReflectiveCall(FrameworkMethod.java:47)
	at org.junit.internal.runners.model.ReflectiveCallable.run(ReflectiveCallable.java:12)
	at org.junit.runners.model.FrameworkMethod.invokeExplosively(FrameworkMethod.java:44)
	at org.junit.internal.runners.statements.InvokeMethod.evaluate(InvokeMethod.java:17)
	at org.junit.runners.ParentRunner.runLeaf(ParentRunner.java:271)
	at org.junit.runners.BlockJUnit4ClassRunner.runChild(BlockJUnit4ClassRunner.java:70)
	at org.junit.runners.BlockJUnit4ClassRunner.runChild(BlockJUnit4ClassRunner.java:50)
	at org.junit.runners.ParentRunner$3.run(ParentRunner.java:238)
	at org.junit.runners.ParentRunner$1.schedule(ParentRunner.java:63)
	at org.junit.runners.ParentRunner.runChildren(ParentRunner.java:236)
	at org.junit.runners.ParentRunner.access$000(ParentRunner.java:53)
	at org.junit.runners.ParentRunner$2.evaluate(ParentRunner.java:229)
	at org.junit.runners.ParentRunner.run(ParentRunner.java:309)
	at org.apache.maven.surefire.junit4.JUnit4Provider.execute(JUnit4Provider.java:252)
	at org.apache.maven.surefire.junit4.JUnit4Provider.executeTestSet(JUnit4Provider.java:141)
	at org.apache.maven.surefire.junit4.JUnit4Provider.invoke(JUnit4Provider.java:112)
	at sun.reflect.NativeMethodAccessorImpl.invoke0(Native Method)
	at sun.reflect.NativeMethodAccessorImpl.invoke(NativeMethodAccessorImpl.java:62)
	at sun.reflect.DelegatingMethodAccessorImpl.invoke(DelegatingMethodAccessorImpl.java:43)
	at java.lang.reflect.Method.invoke(Method.java:498)
	at org.apache.maven.surefire.util.ReflectionUtils.invokeMethodWithArray(ReflectionUtils.java:189)
	at org.apache.maven.surefire.booter.ProviderFactory$ProviderProxy.invoke(ProviderFactory.java:165)
	at org.apache.maven.surefire.booter.ProviderFactory.invokeProvider(ProviderFactory.java:85)
	at org.apache.maven.surefire.booter.ForkedBooter.runSuitesInProcess(ForkedBooter.java:115)
	at org.apache.maven.surefire.booter.ForkedBooter.main(ForkedBooter.java:75)
Caused by: org.apache.ibatis.builder.BuilderException: Wrong namespace. Expected &apos;cn.itrip.dao.hotelroom.HotelroomMapper&apos; but found &apos;cn.itrip.dao.HotelroomMapper&apos;.
	at org.apache.ibatis.builder.MapperBuilderAssistant.setCurrentNamespace(MapperBuilderAssistant.java:75)
	at org.apache.ibatis.builder.xml.XMLMapperBuilder.configurationElement(XMLMapperBuilder.java:105)
	... 130 more
- (1851 ms) - [WARN] 2019-01-15 20:55:32,784 org.springframework.beans.factory.support.DefaultListableBeanFactory - Bean creation exception on FactoryBean type check: org.springframework.beans.factory.BeanCreationException: Error creating bean with name &apos;hotelroomMapper&apos; defined in file [E:\ideaXM\itrip\itrip-dao\target\classes\cn\itrip\dao\hotelroom\HotelroomMapper.class]: Invocation of init method failed; nested exception is java.lang.IllegalArgumentException: java.lang.RuntimeException: Error parsing Mapper XML. Cause: org.apache.ibatis.builder.BuilderException: Wrong namespace. Expected &apos;cn.itrip.dao.hotelroom.HotelroomMapper&apos; but found &apos;cn.itrip.dao.HotelroomMapper&apos;.
- (1852 ms) - [DEBUG] 2019-01-15 20:55:32,785 org.springframework.beans.factory.support.DefaultListableBeanFactory - Returning cached instance of singleton bean &apos;sqlSessionFactoryBean&apos;
- (1852 ms) - [DEBUG] 2019-01-15 20:55:32,785 org.springframework.beans.factory.support.DefaultListableBeanFactory - Autowiring by type from bean name &apos;itripHotelOrderMapper&apos; via property &apos;sqlSessionFactory&apos; to bean named &apos;sqlSessionFactoryBean&apos;
- (1852 ms) - [DEBUG] 2019-01-15 20:55:32,785 org.springframework.beans.factory.support.DefaultListableBeanFactory - Creating shared instance of singleton bean &apos;hotelroomMapper&apos;
- (1852 ms) - [DEBUG] 2019-01-15 20:55:32,785 org.springframework.beans.factory.support.DefaultListableBeanFactory - Creating instance of bean &apos;hotelroomMapper&apos;
- (1853 ms) - [DEBUG] 2019-01-15 20:55:32,786 org.springframework.beans.factory.support.DefaultListableBeanFactory - Eagerly caching bean &apos;hotelroomMapper&apos; to allow for resolving potential circular references
- (1853 ms) - [DEBUG] 2019-01-15 20:55:32,786 org.springframework.beans.factory.support.DefaultListableBeanFactory - Returning cached instance of singleton bean &apos;sqlSessionFactoryBean&apos;
- (1854 ms) - [DEBUG] 2019-01-15 20:55:32,787 org.springframework.beans.factory.support.DefaultListableBeanFactory - Autowiring by type from bean name &apos;hotelroomMapper&apos; via property &apos;sqlSessionFactory&apos; to bean named &apos;sqlSessionFactoryBean&apos;
- (1854 ms) - [DEBUG] 2019-01-15 20:55:32,787 org.springframework.beans.factory.support.DefaultListableBeanFactory - Returning eagerly cached instance of singleton bean &apos;hotelroomMapper&apos; that is not fully initialized yet - a consequence of a circular reference
- (1854 ms) - [DEBUG] 2019-01-15 20:55:32,787 org.springframework.beans.factory.support.DefaultListableBeanFactory - Invoking afterPropertiesSet() on bean with name &apos;hotelroomMapper&apos;
- (1858 ms) - [ERROR] 2019-01-15 20:55:32,791 org.mybatis.spring.mapper.MapperFactoryBean - Error while adding the mapper &apos;interface cn.itrip.dao.hotelroom.HotelroomMapper&apos; to configuration.
java.lang.RuntimeException: Error parsing Mapper XML. Cause: org.apache.ibatis.builder.BuilderException: Wrong namespace. Expected &apos;cn.itrip.dao.hotelroom.HotelroomMapper&apos; but found &apos;cn.itrip.dao.HotelroomMapper&apos;.
	at org.apache.ibatis.builder.xml.XMLMapperBuilder.configurationElement(XMLMapperBuilder.java:113)
	at org.apache.ibatis.builder.xml.XMLMapperBuilder.parse(XMLMapperBuilder.java:88)
	at org.apache.ibatis.builder.annotation.MapperAnnotationBuilder.loadXmlResource(MapperAnnotationBuilder.java:159)
	at org.apache.ibatis.builder.annotation.MapperAnnotationBuilder.parse(MapperAnnotationBuilder.java:113)
	at org.apache.ibatis.binding.MapperRegistry.addMapper(MapperRegistry.java:66)
	at org.apache.ibatis.session.Configuration.addMapper(Configuration.java:635)
	at org.mybatis.spring.mapper.MapperFactoryBean.checkDaoConfig(MapperFactoryBean.java:95)
	at org.springframework.dao.support.DaoSupport.afterPropertiesSet(DaoSupport.java:44)
	at org.springframework.beans.factory.support.AbstractAutowireCapableBeanFactory.invokeInitMethods(AbstractAutowireCapableBeanFactory.java:1633)
	at org.springframework.beans.factory.support.AbstractAutowireCapableBeanFactory.initializeBean(AbstractAutowireCapableBeanFactory.java:1570)
	at org.springframework.beans.factory.support.AbstractAutowireCapableBeanFactory.doCreateBean(AbstractAutowireCapableBeanFactory.java:539)
	at org.springframework.beans.factory.support.AbstractAutowireCapableBeanFactory.createBean(AbstractAutowireCapableBeanFactory.java:476)
	at org.springframework.beans.factory.support.AbstractBeanFactory$1.getObject(AbstractBeanFactory.java:303)
	at org.springframework.beans.factory.support.DefaultSingletonBeanRegistry.getSingleton(DefaultSingletonBeanRegistry.java:230)
	at org.springframework.beans.factory.support.AbstractBeanFactory.doGetBean(AbstractBeanFactory.java:299)
	at org.springframework.beans.factory.support.AbstractBeanFactory.getTypeForFactoryBean(AbstractBeanFactory.java:1421)
	at org.springframework.beans.factory.support.AbstractAutowireCapableBeanFactory.getTypeForFactoryBean(AbstractAutowireCapableBeanFactory.java:802)
	at org.springframework.beans.factory.support.AbstractBeanFactory.isTypeMatch(AbstractBeanFactory.java:542)
	at org.springframework.beans.factory.support.DefaultListableBeanFactory.doGetBeanNamesForType(DefaultListableBeanFactory.java:436)
	at org.springframework.beans.factory.support.DefaultListableBeanFactory.getBeanNamesForType(DefaultListableBeanFactory.java:412)
	at org.springframework.beans.factory.BeanFactoryUtils.beanNamesForTypeIncludingAncestors(BeanFactoryUtils.java:186)
	at org.springframework.beans.factory.support.DefaultListableBeanFactory.findAutowireCandidates(DefaultListableBeanFactory.java:1105)
	at org.springframework.beans.factory.support.DefaultListableBeanFactory.doResolveDependency(DefaultListableBeanFactory.java:1044)
	at org.springframework.beans.factory.support.DefaultListableBeanFactory.resolveDependency(DefaultListableBeanFactory.java:942)
	at org.springframework.beans.factory.support.AbstractAutowireCapableBeanFactory.autowireByType(AbstractAutowireCapableBeanFactory.java:1288)
	at org.springframework.beans.factory.support.AbstractAutowireCapableBeanFactory.populateBean(AbstractAutowireCapableBeanFactory.java:1195)
	at org.springframework.beans.factory.support.AbstractAutowireCapableBeanFactory.doCreateBean(AbstractAutowireCapableBeanFactory.java:537)
	at org.springframework.beans.factory.support.AbstractAutowireCapableBeanFactory.createBean(AbstractAutowireCapableBeanFactory.java:476)
	at org.springframework.beans.factory.support.AbstractBeanFactory$1.getObject(AbstractBeanFactory.java:303)
	at org.springframework.beans.factory.support.DefaultSingletonBeanRegistry.getSingleton(DefaultSingletonBeanRegistry.java:230)
	at org.springframework.beans.factory.support.AbstractBeanFactory.doGetBean(AbstractBeanFactory.java:299)
	at org.springframework.beans.factory.support.AbstractBeanFactory.getTypeForFactoryBean(AbstractBeanFactory.java:1421)
	at org.springframework.beans.factory.support.AbstractAutowireCapableBeanFactory.getTypeForFactoryBean(AbstractAutowireCapableBeanFactory.java:802)
	at org.springframework.beans.factory.support.AbstractBeanFactory.isTypeMatch(AbstractBeanFactory.java:542)
	at org.springframework.beans.factory.support.DefaultListableBeanFactory.doGetBeanNamesForType(DefaultListableBeanFactory.java:436)
	at org.springframework.beans.factory.support.DefaultListableBeanFactory.getBeanNamesForType(DefaultListableBeanFactory.java:412)
	at org.springframework.beans.factory.BeanFactoryUtils.beanNamesForTypeIncludingAncestors(BeanFactoryUtils.java:186)
	at org.springframework.beans.factory.support.DefaultListableBeanFactory.findAutowireCandidates(DefaultListableBeanFactory.java:1105)
	at org.springframework.beans.factory.support.DefaultListableBeanFactory.doResolveDependency(DefaultListableBeanFactory.java:1044)
	at org.springframework.beans.factory.support.DefaultListableBeanFactory.resolveDependency(DefaultListableBeanFactory.java:942)
	at org.springframework.beans.factory.support.AbstractAutowireCapableBeanFactory.autowireByType(AbstractAutowireCapableBeanFactory.java:1288)
	at org.springframework.beans.factory.support.AbstractAutowireCapableBeanFactory.populateBean(AbstractAutowireCapableBeanFactory.java:1195)
	at org.springframework.beans.factory.support.AbstractAutowireCapableBeanFactory.doCreateBean(AbstractAutowireCapableBeanFactory.java:537)
	at org.springframework.beans.factory.support.AbstractAutowireCapableBeanFactory.createBean(AbstractAutowireCapableBeanFactory.java:476)
	at org.springframework.beans.factory.support.AbstractBeanFactory$1.getObject(AbstractBeanFactory.java:303)
	at org.springframework.beans.factory.support.DefaultSingletonBeanRegistry.getSingleton(DefaultSingletonBeanRegistry.java:230)
	at org.springframework.beans.factory.support.AbstractBeanFactory.doGetBean(AbstractBeanFactory.java:299)
	at org.springframework.beans.factory.support.AbstractBeanFactory.getTypeForFactoryBean(AbstractBeanFactory.java:1421)
	at org.springframework.beans.factory.support.AbstractAutowireCapableBeanFactory.getTypeForFactoryBean(AbstractAutowireCapableBeanFactory.java:802)
	at org.springframework.beans.factory.support.AbstractBeanFactory.isTypeMatch(AbstractBeanFactory.java:542)
	at org.springframework.beans.factory.support.DefaultListableBeanFactory.doGetBeanNamesForType(DefaultListableBeanFactory.java:436)
	at org.springframework.beans.factory.support.DefaultListableBeanFactory.getBeanNamesForType(DefaultListableBeanFactory.java:412)
	at org.springframework.beans.factory.BeanFactoryUtils.beanNamesForTypeIncludingAncestors(BeanFactoryUtils.java:186)
	at org.springframework.beans.factory.support.DefaultListableBeanFactory.findAutowireCandidates(DefaultListableBeanFactory.java:1105)
	at org.springframework.beans.factory.support.DefaultListableBeanFactory.doResolveDependency(DefaultListableBeanFactory.java:1044)
	at org.springframework.beans.factory.support.DefaultListableBeanFactory.resolveDependency(DefaultListableBeanFactory.java:942)
	at org.springframework.beans.factory.support.AbstractAutowireCapableBeanFactory.autowireByType(AbstractAutowireCapableBeanFactory.java:1288)
	at org.springframework.beans.factory.support.AbstractAutowireCapableBeanFactory.populateBean(AbstractAutowireCapableBeanFactory.java:1195)
	at org.springframework.beans.factory.support.AbstractAutowireCapableBeanFactory.doCreateBean(AbstractAutowireCapableBeanFactory.java:537)
	at org.springframework.beans.factory.support.AbstractAutowireCapableBeanFactory.createBean(AbstractAutowireCapableBeanFactory.java:476)
	at org.springframework.beans.factory.support.AbstractBeanFactory$1.getObject(AbstractBeanFactory.java:303)
	at org.springframework.beans.factory.support.DefaultSingletonBeanRegistry.getSingleton(DefaultSingletonBeanRegistry.java:230)
	at org.springframework.beans.factory.support.AbstractBeanFactory.doGetBean(AbstractBeanFactory.java:299)
	at org.springframework.beans.factory.support.AbstractBeanFactory.getTypeForFactoryBean(AbstractBeanFactory.java:1421)
	at org.springframework.beans.factory.support.AbstractAutowireCapableBeanFactory.getTypeForFactoryBean(AbstractAutowireCapableBeanFactory.java:802)
	at org.springframework.beans.factory.support.AbstractBeanFactory.isTypeMatch(AbstractBeanFactory.java:542)
	at org.springframework.beans.factory.support.DefaultListableBeanFactory.doGetBeanNamesForType(DefaultListableBeanFactory.java:436)
	at org.springframework.beans.factory.support.DefaultListableBeanFactory.getBeanNamesForType(DefaultListableBeanFactory.java:412)
	at org.springframework.beans.factory.BeanFactoryUtils.beanNamesForTypeIncludingAncestors(BeanFactoryUtils.java:186)
	at org.springframework.beans.factory.support.DefaultListableBeanFactory.findAutowireCandidates(DefaultListableBeanFactory.java:1105)
	at org.springframework.beans.factory.support.DefaultListableBeanFactory.doResolveDependency(DefaultListableBeanFactory.java:1044)
	at org.springframework.beans.factory.support.DefaultListableBeanFactory.resolveDependency(DefaultListableBeanFactory.java:942)
	at org.springframework.beans.factory.support.AbstractAutowireCapableBeanFactory.autowireByType(AbstractAutowireCapableBeanFactory.java:1288)
	at org.springframework.beans.factory.support.AbstractAutowireCapableBeanFactory.populateBean(AbstractAutowireCapableBeanFactory.java:1195)
	at org.springframework.beans.factory.support.AbstractAutowireCapableBeanFactory.doCreateBean(AbstractAutowireCapableBeanFactory.java:537)
	at org.springframework.beans.factory.support.AbstractAutowireCapableBeanFactory.createBean(AbstractAutowireCapableBeanFactory.java:476)
	at org.springframework.beans.factory.support.AbstractBeanFactory$1.getObject(AbstractBeanFactory.java:303)
	at org.springframework.beans.factory.support.DefaultSingletonBeanRegistry.getSingleton(DefaultSingletonBeanRegistry.java:230)
	at org.springframework.beans.factory.support.AbstractBeanFactory.doGetBean(AbstractBeanFactory.java:299)
	at org.springframework.beans.factory.support.AbstractBeanFactory.getTypeForFactoryBean(AbstractBeanFactory.java:1421)
	at org.springframework.beans.factory.support.AbstractAutowireCapableBeanFactory.getTypeForFactoryBean(AbstractAutowireCapableBeanFactory.java:802)
	at org.springframework.beans.factory.support.AbstractBeanFactory.isTypeMatch(AbstractBeanFactory.java:542)
	at org.springframework.beans.factory.support.DefaultListableBeanFactory.doGetBeanNamesForType(DefaultListableBeanFactory.java:436)
	at org.springframework.beans.factory.support.DefaultListableBeanFactory.getBeanNamesForType(DefaultListableBeanFactory.java:412)
	at org.springframework.beans.factory.BeanFactoryUtils.beanNamesForTypeIncludingAncestors(BeanFactoryUtils.java:186)
	at org.springframework.beans.factory.support.DefaultListableBeanFactory.findAutowireCandidates(DefaultListableBeanFactory.java:1105)
	at org.springframework.beans.factory.support.DefaultListableBeanFactory.doResolveDependency(DefaultListableBeanFactory.java:1044)
	at org.springframework.beans.factory.support.DefaultListableBeanFactory.resolveDependency(DefaultListableBeanFactory.java:942)
	at org.springframework.beans.factory.support.AbstractAutowireCapableBeanFactory.autowireByType(AbstractAutowireCapableBeanFactory.java:1288)
	at org.springframework.beans.factory.support.AbstractAutowireCapableBeanFactory.populateBean(AbstractAutowireCapableBeanFactory.java:1195)
	at org.springframework.beans.factory.support.AbstractAutowireCapableBeanFactory.doCreateBean(AbstractAutowireCapableBeanFactory.java:537)
	at org.springframework.beans.factory.support.AbstractAutowireCapableBeanFactory.createBean(AbstractAutowireCapableBeanFactory.java:476)
	at org.springframework.beans.factory.support.AbstractBeanFactory$1.getObject(AbstractBeanFactory.java:303)
	at org.springframework.beans.factory.support.DefaultSingletonBeanRegistry.getSingleton(DefaultSingletonBeanRegistry.java:230)
	at org.springframework.beans.factory.support.AbstractBeanFactory.doGetBean(AbstractBeanFactory.java:299)
	at org.springframework.beans.factory.support.AbstractBeanFactory.getBean(AbstractBeanFactory.java:194)
	at org.springframework.beans.factory.support.DefaultListableBeanFactory.preInstantiateSingletons(DefaultListableBeanFactory.java:736)
	at org.springframework.context.support.AbstractApplicationContext.finishBeanFactoryInitialization(AbstractApplicationContext.java:757)
	at org.springframework.context.support.AbstractApplicationContext.refresh(AbstractApplicationContext.java:480)
	at org.springframework.context.support.ClassPathXmlApplicationContext.&lt;init&gt;(ClassPathXmlApplicationContext.java:139)
	at org.springframework.context.support.ClassPathXmlApplicationContext.&lt;init&gt;(ClassPathXmlApplicationContext.java:83)
	at cn.itrip.dao.user.TestItripUserMapper.testGetItripUserById(TestItripUserMapper.java:17)
	at sun.reflect.NativeMethodAccessorImpl.invoke0(Native Method)
	at sun.reflect.NativeMethodAccessorImpl.invoke(NativeMethodAccessorImpl.java:62)
	at sun.reflect.DelegatingMethodAccessorImpl.invoke(DelegatingMethodAccessorImpl.java:43)
	at java.lang.reflect.Method.invoke(Method.java:498)
	at org.junit.runners.model.FrameworkMethod$1.runReflectiveCall(FrameworkMethod.java:47)
	at org.junit.internal.runners.model.ReflectiveCallable.run(ReflectiveCallable.java:12)
	at org.junit.runners.model.FrameworkMethod.invokeExplosively(FrameworkMethod.java:44)
	at org.junit.internal.runners.statements.InvokeMethod.evaluate(InvokeMethod.java:17)
	at org.junit.runners.ParentRunner.runLeaf(ParentRunner.java:271)
	at org.junit.runners.BlockJUnit4ClassRunner.runChild(BlockJUnit4ClassRunner.java:70)
	at org.junit.runners.BlockJUnit4ClassRunner.runChild(BlockJUnit4ClassRunner.java:50)
	at org.junit.runners.ParentRunner$3.run(ParentRunner.java:238)
	at org.junit.runners.ParentRunner$1.schedule(ParentRunner.java:63)
	at org.junit.runners.ParentRunner.runChildren(ParentRunner.java:236)
	at org.junit.runners.ParentRunner.access$000(ParentRunner.java:53)
	at org.junit.runners.ParentRunner$2.evaluate(ParentRunner.java:229)
	at org.junit.runners.ParentRunner.run(ParentRunner.java:309)
	at org.apache.maven.surefire.junit4.JUnit4Provider.execute(JUnit4Provider.java:252)
	at org.apache.maven.surefire.junit4.JUnit4Provider.executeTestSet(JUnit4Provider.java:141)
	at org.apache.maven.surefire.junit4.JUnit4Provider.invoke(JUnit4Provider.java:112)
	at sun.reflect.NativeMethodAccessorImpl.invoke0(Native Method)
	at sun.reflect.NativeMethodAccessorImpl.invoke(NativeMethodAccessorImpl.java:62)
	at sun.reflect.DelegatingMethodAccessorImpl.invoke(DelegatingMethodAccessorImpl.java:43)
	at java.lang.reflect.Method.invoke(Method.java:498)
	at org.apache.maven.surefire.util.ReflectionUtils.invokeMethodWithArray(ReflectionUtils.java:189)
	at org.apache.maven.surefire.booter.ProviderFactory$ProviderProxy.invoke(ProviderFactory.java:165)
	at org.apache.maven.surefire.booter.ProviderFactory.invokeProvider(ProviderFactory.java:85)
	at org.apache.maven.surefire.booter.ForkedBooter.runSuitesInProcess(ForkedBooter.java:115)
	at org.apache.maven.surefire.booter.ForkedBooter.main(ForkedBooter.java:75)
Caused by: org.apache.ibatis.builder.BuilderException: Wrong namespace. Expected &apos;cn.itrip.dao.hotelroom.HotelroomMapper&apos; but found &apos;cn.itrip.dao.HotelroomMapper&apos;.
	at org.apache.ibatis.builder.MapperBuilderAssistant.setCurrentNamespace(MapperBuilderAssistant.java:75)
	at org.apache.ibatis.builder.xml.XMLMapperBuilder.configurationElement(XMLMapperBuilder.java:105)
	... 130 more
- (1859 ms) - [WARN] 2019-01-15 20:55:32,792 org.springframework.beans.factory.support.DefaultListableBeanFactory - Bean creation exception on FactoryBean type check: org.springframework.beans.factory.BeanCreationException: Error creating bean with name &apos;hotelroomMapper&apos; defined in file [E:\ideaXM\itrip\itrip-dao\target\classes\cn\itrip\dao\hotelroom\HotelroomMapper.class]: Invocation of init method failed; nested exception is java.lang.IllegalArgumentException: java.lang.RuntimeException: Error parsing Mapper XML. Cause: org.apache.ibatis.builder.BuilderException: Wrong namespace. Expected &apos;cn.itrip.dao.hotelroom.HotelroomMapper&apos; but found &apos;cn.itrip.dao.HotelroomMapper&apos;.
- (1860 ms) - [DEBUG] 2019-01-15 20:55:32,793 org.springframework.beans.factory.support.DefaultListableBeanFactory - Invoking afterPropertiesSet() on bean with name &apos;itripHotelOrderMapper&apos;
- (1870 ms) - [DEBUG] 2019-01-15 20:55:32,803 org.springframework.beans.factory.support.DefaultListableBeanFactory - Finished creating instance of bean &apos;itripHotelOrderMapper&apos;
- (1870 ms) - [DEBUG] 2019-01-15 20:55:32,803 org.springframework.beans.factory.support.DefaultListableBeanFactory - Creating shared instance of singleton bean &apos;hotelroomMapper&apos;
- (1871 ms) - [DEBUG] 2019-01-15 20:55:32,804 org.springframework.beans.factory.support.DefaultListableBeanFactory - Creating instance of bean &apos;hotelroomMapper&apos;
- (1871 ms) - [DEBUG] 2019-01-15 20:55:32,804 org.springframework.beans.factory.support.DefaultListableBeanFactory - Eagerly caching bean &apos;hotelroomMapper&apos; to allow for resolving potential circular references
- (1871 ms) - [DEBUG] 2019-01-15 20:55:32,804 org.springframework.beans.factory.support.DefaultListableBeanFactory - Returning eagerly cached instance of singleton bean &apos;hotelroomMapper&apos; that is not fully initialized yet - a consequence of a circular reference
- (1872 ms) - [DEBUG] 2019-01-15 20:55:32,805 org.springframework.beans.factory.support.DefaultListableBeanFactory - Returning cached instance of singleton bean &apos;sqlSessionFactoryBean&apos;
- (1872 ms) - [DEBUG] 2019-01-15 20:55:32,805 org.springframework.beans.factory.support.DefaultListableBeanFactory - Autowiring by type from bean name &apos;hotelroomMapper&apos; via property &apos;sqlSessionFactory&apos; to bean named &apos;sqlSessionFactoryBean&apos;
- (1872 ms) - [DEBUG] 2019-01-15 20:55:32,805 org.springframework.beans.factory.support.DefaultListableBeanFactory - Invoking afterPropertiesSet() on bean with name &apos;hotelroomMapper&apos;
- (1877 ms) - [ERROR] 2019-01-15 20:55:32,810 org.mybatis.spring.mapper.MapperFactoryBean - Error while adding the mapper &apos;interface cn.itrip.dao.hotelroom.HotelroomMapper&apos; to configuration.
java.lang.RuntimeException: Error parsing Mapper XML. Cause: org.apache.ibatis.builder.BuilderException: Wrong namespace. Expected &apos;cn.itrip.dao.hotelroom.HotelroomMapper&apos; but found &apos;cn.itrip.dao.HotelroomMapper&apos;.
	at org.apache.ibatis.builder.xml.XMLMapperBuilder.configurationElement(XMLMapperBuilder.java:113)
	at org.apache.ibatis.builder.xml.XMLMapperBuilder.parse(XMLMapperBuilder.java:88)
	at org.apache.ibatis.builder.annotation.MapperAnnotationBuilder.loadXmlResource(MapperAnnotationBuilder.java:159)
	at org.apache.ibatis.builder.annotation.MapperAnnotationBuilder.parse(MapperAnnotationBuilder.java:113)
	at org.apache.ibatis.binding.MapperRegistry.addMapper(MapperRegistry.java:66)
	at org.apache.ibatis.session.Configuration.addMapper(Configuration.java:635)
	at org.mybatis.spring.mapper.MapperFactoryBean.checkDaoConfig(MapperFactoryBean.java:95)
	at org.springframework.dao.support.DaoSupport.afterPropertiesSet(DaoSupport.java:44)
	at org.springframework.beans.factory.support.AbstractAutowireCapableBeanFactory.invokeInitMethods(AbstractAutowireCapableBeanFactory.java:1633)
	at org.springframework.beans.factory.support.AbstractAutowireCapableBeanFactory.initializeBean(AbstractAutowireCapableBeanFactory.java:1570)
	at org.springframework.beans.factory.support.AbstractAutowireCapableBeanFactory.doCreateBean(AbstractAutowireCapableBeanFactory.java:539)
	at org.springframework.beans.factory.support.AbstractAutowireCapableBeanFactory.createBean(AbstractAutowireCapableBeanFactory.java:476)
	at org.springframework.beans.factory.support.AbstractBeanFactory$1.getObject(AbstractBeanFactory.java:303)
	at org.springframework.beans.factory.support.DefaultSingletonBeanRegistry.getSingleton(DefaultSingletonBeanRegistry.java:230)
	at org.springframework.beans.factory.support.AbstractBeanFactory.doGetBean(AbstractBeanFactory.java:299)
	at org.springframework.beans.factory.support.AbstractBeanFactory.getTypeForFactoryBean(AbstractBeanFactory.java:1421)
	at org.springframework.beans.factory.support.AbstractAutowireCapableBeanFactory.getTypeForFactoryBean(AbstractAutowireCapableBeanFactory.java:802)
	at org.springframework.beans.factory.support.AbstractBeanFactory.isTypeMatch(AbstractBeanFactory.java:542)
	at org.springframework.beans.factory.support.DefaultListableBeanFactory.doGetBeanNamesForType(DefaultListableBeanFactory.java:436)
	at org.springframework.beans.factory.support.DefaultListableBeanFactory.getBeanNamesForType(DefaultListableBeanFactory.java:412)
	at org.springframework.beans.factory.BeanFactoryUtils.beanNamesForTypeIncludingAncestors(BeanFactoryUtils.java:186)
	at org.springframework.beans.factory.support.DefaultListableBeanFactory.findAutowireCandidates(DefaultListableBeanFactory.java:1105)
	at org.springframework.beans.factory.support.DefaultListableBeanFactory.doResolveDependency(DefaultListableBeanFactory.java:1044)
	at org.springframework.beans.factory.support.DefaultListableBeanFactory.resolveDependency(DefaultListableBeanFactory.java:942)
	at org.springframework.beans.factory.support.AbstractAutowireCapableBeanFactory.autowireByType(AbstractAutowireCapableBeanFactory.java:1288)
	at org.springframework.beans.factory.support.AbstractAutowireCapableBeanFactory.populateBean(AbstractAutowireCapableBeanFactory.java:1195)
	at org.springframework.beans.factory.support.AbstractAutowireCapableBeanFactory.doCreateBean(AbstractAutowireCapableBeanFactory.java:537)
	at org.springframework.beans.factory.support.AbstractAutowireCapableBeanFactory.createBean(AbstractAutowireCapableBeanFactory.java:476)
	at org.springframework.beans.factory.support.AbstractBeanFactory$1.getObject(AbstractBeanFactory.java:303)
	at org.springframework.beans.factory.support.DefaultSingletonBeanRegistry.getSingleton(DefaultSingletonBeanRegistry.java:230)
	at org.springframework.beans.factory.support.AbstractBeanFactory.doGetBean(AbstractBeanFactory.java:299)
	at org.springframework.beans.factory.support.AbstractBeanFactory.getTypeForFactoryBean(AbstractBeanFactory.java:1421)
	at org.springframework.beans.factory.support.AbstractAutowireCapableBeanFactory.getTypeForFactoryBean(AbstractAutowireCapableBeanFactory.java:802)
	at org.springframework.beans.factory.support.AbstractBeanFactory.isTypeMatch(AbstractBeanFactory.java:542)
	at org.springframework.beans.factory.support.DefaultListableBeanFactory.doGetBeanNamesForType(DefaultListableBeanFactory.java:436)
	at org.springframework.beans.factory.support.DefaultListableBeanFactory.getBeanNamesForType(DefaultListableBeanFactory.java:412)
	at org.springframework.beans.factory.BeanFactoryUtils.beanNamesForTypeIncludingAncestors(BeanFactoryUtils.java:186)
	at org.springframework.beans.factory.support.DefaultListableBeanFactory.findAutowireCandidates(DefaultListableBeanFactory.java:1105)
	at org.springframework.beans.factory.support.DefaultListableBeanFactory.doResolveDependency(DefaultListableBeanFactory.java:1044)
	at org.springframework.beans.factory.support.DefaultListableBeanFactory.resolveDependency(DefaultListableBeanFactory.java:942)
	at org.springframework.beans.factory.support.AbstractAutowireCapableBeanFactory.autowireByType(AbstractAutowireCapableBeanFactory.java:1288)
	at org.springframework.beans.factory.support.AbstractAutowireCapableBeanFactory.populateBean(AbstractAutowireCapableBeanFactory.java:1195)
	at org.springframework.beans.factory.support.AbstractAutowireCapableBeanFactory.doCreateBean(AbstractAutowireCapableBeanFactory.java:537)
	at org.springframework.beans.factory.support.AbstractAutowireCapableBeanFactory.createBean(AbstractAutowireCapableBeanFactory.java:476)
	at org.springframework.beans.factory.support.AbstractBeanFactory$1.getObject(AbstractBeanFactory.java:303)
	at org.springframework.beans.factory.support.DefaultSingletonBeanRegistry.getSingleton(DefaultSingletonBeanRegistry.java:230)
	at org.springframework.beans.factory.support.AbstractBeanFactory.doGetBean(AbstractBeanFactory.java:299)
	at org.springframework.beans.factory.support.AbstractBeanFactory.getTypeForFactoryBean(AbstractBeanFactory.java:1421)
	at org.springframework.beans.factory.support.AbstractAutowireCapableBeanFactory.getTypeForFactoryBean(AbstractAutowireCapableBeanFactory.java:802)
	at org.springframework.beans.factory.support.AbstractBeanFactory.isTypeMatch(AbstractBeanFactory.java:542)
	at org.springframework.beans.factory.support.DefaultListableBeanFactory.doGetBeanNamesForType(DefaultListableBeanFactory.java:436)
	at org.springframework.beans.factory.support.DefaultListableBeanFactory.getBeanNamesForType(DefaultListableBeanFactory.java:412)
	at org.springframework.beans.factory.BeanFactoryUtils.beanNamesForTypeIncludingAncestors(BeanFactoryUtils.java:186)
	at org.springframework.beans.factory.support.DefaultListableBeanFactory.findAutowireCandidates(DefaultListableBeanFactory.java:1105)
	at org.springframework.beans.factory.support.DefaultListableBeanFactory.doResolveDependency(DefaultListableBeanFactory.java:1044)
	at org.springframework.beans.factory.support.DefaultListableBeanFactory.resolveDependency(DefaultListableBeanFactory.java:942)
	at org.springframework.beans.factory.support.AbstractAutowireCapableBeanFactory.autowireByType(AbstractAutowireCapableBeanFactory.java:1288)
	at org.springframework.beans.factory.support.AbstractAutowireCapableBeanFactory.populateBean(AbstractAutowireCapableBeanFactory.java:1195)
	at org.springframework.beans.factory.support.AbstractAutowireCapableBeanFactory.doCreateBean(AbstractAutowireCapableBeanFactory.java:537)
	at org.springframework.beans.factory.support.AbstractAutowireCapableBeanFactory.createBean(AbstractAutowireCapableBeanFactory.java:476)
	at org.springframework.beans.factory.support.AbstractBeanFactory$1.getObject(AbstractBeanFactory.java:303)
	at org.springframework.beans.factory.support.DefaultSingletonBeanRegistry.getSingleton(DefaultSingletonBeanRegistry.java:230)
	at org.springframework.beans.factory.support.AbstractBeanFactory.doGetBean(AbstractBeanFactory.java:299)
	at org.springframework.beans.factory.support.AbstractBeanFactory.getTypeForFactoryBean(AbstractBeanFactory.java:1421)
	at org.springframework.beans.factory.support.AbstractAutowireCapableBeanFactory.getTypeForFactoryBean(AbstractAutowireCapableBeanFactory.java:802)
	at org.springframework.beans.factory.support.AbstractBeanFactory.isTypeMatch(AbstractBeanFactory.java:542)
	at org.springframework.beans.factory.support.DefaultListableBeanFactory.doGetBeanNamesForType(DefaultListableBeanFactory.java:436)
	at org.springframework.beans.factory.support.DefaultListableBeanFactory.getBeanNamesForType(DefaultListableBeanFactory.java:412)
	at org.springframework.beans.factory.BeanFactoryUtils.beanNamesForTypeIncludingAncestors(BeanFactoryUtils.java:186)
	at org.springframework.beans.factory.support.DefaultListableBeanFactory.findAutowireCandidates(DefaultListableBeanFactory.java:1105)
	at org.springframework.beans.factory.support.DefaultListableBeanFactory.doResolveDependency(DefaultListableBeanFactory.java:1044)
	at org.springframework.beans.factory.support.DefaultListableBeanFactory.resolveDependency(DefaultListableBeanFactory.java:942)
	at org.springframework.beans.factory.support.AbstractAutowireCapableBeanFactory.autowireByType(AbstractAutowireCapableBeanFactory.java:1288)
	at org.springframework.beans.factory.support.AbstractAutowireCapableBeanFactory.populateBean(AbstractAutowireCapableBeanFactory.java:1195)
	at org.springframework.beans.factory.support.AbstractAutowireCapableBeanFactory.doCreateBean(AbstractAutowireCapableBeanFactory.java:537)
	at org.springframework.beans.factory.support.AbstractAutowireCapableBeanFactory.createBean(AbstractAutowireCapableBeanFactory.java:476)
	at org.springframework.beans.factory.support.AbstractBeanFactory$1.getObject(AbstractBeanFactory.java:303)
	at org.springframework.beans.factory.support.DefaultSingletonBeanRegistry.getSingleton(DefaultSingletonBeanRegistry.java:230)
	at org.springframework.beans.factory.support.AbstractBeanFactory.doGetBean(AbstractBeanFactory.java:299)
	at org.springframework.beans.factory.support.AbstractBeanFactory.getBean(AbstractBeanFactory.java:194)
	at org.springframework.beans.factory.support.DefaultListableBeanFactory.preInstantiateSingletons(DefaultListableBeanFactory.java:736)
	at org.springframework.context.support.AbstractApplicationContext.finishBeanFactoryInitialization(AbstractApplicationContext.java:757)
	at org.springframework.context.support.AbstractApplicationContext.refresh(AbstractApplicationContext.java:480)
	at org.springframework.context.support.ClassPathXmlApplicationContext.&lt;init&gt;(ClassPathXmlApplicationContext.java:139)
	at org.springframework.context.support.ClassPathXmlApplicationContext.&lt;init&gt;(ClassPathXmlApplicationContext.java:83)
	at cn.itrip.dao.user.TestItripUserMapper.testGetItripUserById(TestItripUserMapper.java:17)
	at sun.reflect.NativeMethodAccessorImpl.invoke0(Native Method)
	at sun.reflect.NativeMethodAccessorImpl.invoke(NativeMethodAccessorImpl.java:62)
	at sun.reflect.DelegatingMethodAccessorImpl.invoke(DelegatingMethodAccessorImpl.java:43)
	at java.lang.reflect.Method.invoke(Method.java:498)
	at org.junit.runners.model.FrameworkMethod$1.runReflectiveCall(FrameworkMethod.java:47)
	at org.junit.internal.runners.model.ReflectiveCallable.run(ReflectiveCallable.java:12)
	at org.junit.runners.model.FrameworkMethod.invokeExplosively(FrameworkMethod.java:44)
	at org.junit.internal.runners.statements.InvokeMethod.evaluate(InvokeMethod.java:17)
	at org.junit.runners.ParentRunner.runLeaf(ParentRunner.java:271)
	at org.junit.runners.BlockJUnit4ClassRunner.runChild(BlockJUnit4ClassRunner.java:70)
	at org.junit.runners.BlockJUnit4ClassRunner.runChild(BlockJUnit4ClassRunner.java:50)
	at org.junit.runners.ParentRunner$3.run(ParentRunner.java:238)
	at org.junit.runners.ParentRunner$1.schedule(ParentRunner.java:63)
	at org.junit.runners.ParentRunner.runChildren(ParentRunner.java:236)
	at org.junit.runners.ParentRunner.access$000(ParentRunner.java:53)
	at org.junit.runners.ParentRunner$2.evaluate(ParentRunner.java:229)
	at org.junit.runners.ParentRunner.run(ParentRunner.java:309)
	at org.apache.maven.surefire.junit4.JUnit4Provider.execute(JUnit4Provider.java:252)
	at org.apache.maven.surefire.junit4.JUnit4Provider.executeTestSet(JUnit4Provider.java:141)
	at org.apache.maven.surefire.junit4.JUnit4Provider.invoke(JUnit4Provider.java:112)
	at sun.reflect.NativeMethodAccessorImpl.invoke0(Native Method)
	at sun.reflect.NativeMethodAccessorImpl.invoke(NativeMethodAccessorImpl.java:62)
	at sun.reflect.DelegatingMethodAccessorImpl.invoke(DelegatingMethodAccessorImpl.java:43)
	at java.lang.reflect.Method.invoke(Method.java:498)
	at org.apache.maven.surefire.util.ReflectionUtils.invokeMethodWithArray(ReflectionUtils.java:189)
	at org.apache.maven.surefire.booter.ProviderFactory$ProviderProxy.invoke(ProviderFactory.java:165)
	at org.apache.maven.surefire.booter.ProviderFactory.invokeProvider(ProviderFactory.java:85)
	at org.apache.maven.surefire.booter.ForkedBooter.runSuitesInProcess(ForkedBooter.java:115)
	at org.apache.maven.surefire.booter.ForkedBooter.main(ForkedBooter.java:75)
Caused by: org.apache.ibatis.builder.BuilderException: Wrong namespace. Expected &apos;cn.itrip.dao.hotelroom.HotelroomMapper&apos; but found &apos;cn.itrip.dao.HotelroomMapper&apos;.
	at org.apache.ibatis.builder.MapperBuilderAssistant.setCurrentNamespace(MapperBuilderAssistant.java:75)
	at org.apache.ibatis.builder.xml.XMLMapperBuilder.configurationElement(XMLMapperBuilder.java:105)
	... 114 more
- (1878 ms) - [WARN] 2019-01-15 20:55:32,811 org.springframework.beans.factory.support.DefaultListableBeanFactory - Bean creation exception on FactoryBean type check: org.springframework.beans.factory.BeanCreationException: Error creating bean with name &apos;hotelroomMapper&apos; defined in file [E:\ideaXM\itrip\itrip-dao\target\classes\cn\itrip\dao\hotelroom\HotelroomMapper.class]: Invocation of init method failed; nested exception is java.lang.IllegalArgumentException: java.lang.RuntimeException: Error parsing Mapper XML. Cause: org.apache.ibatis.builder.BuilderException: Wrong namespace. Expected &apos;cn.itrip.dao.hotelroom.HotelroomMapper&apos; but found &apos;cn.itrip.dao.HotelroomMapper&apos;.
- (1879 ms) - [DEBUG] 2019-01-15 20:55:32,812 org.springframework.beans.factory.support.DefaultListableBeanFactory - Returning cached instance of singleton bean &apos;sqlSessionFactoryBean&apos;
- (1879 ms) - [DEBUG] 2019-01-15 20:55:32,812 org.springframework.beans.factory.support.DefaultListableBeanFactory - Autowiring by type from bean name &apos;itripHotelMapper&apos; via property &apos;sqlSessionFactory&apos; to bean named &apos;sqlSessionFactoryBean&apos;
- (1879 ms) - [DEBUG] 2019-01-15 20:55:32,812 org.springframework.beans.factory.support.DefaultListableBeanFactory - Creating shared instance of singleton bean &apos;hotelroomMapper&apos;
- (1880 ms) - [DEBUG] 2019-01-15 20:55:32,813 org.springframework.beans.factory.support.DefaultListableBeanFactory - Creating instance of bean &apos;hotelroomMapper&apos;
- (1880 ms) - [DEBUG] 2019-01-15 20:55:32,813 org.springframework.beans.factory.support.DefaultListableBeanFactory - Eagerly caching bean &apos;hotelroomMapper&apos; to allow for resolving potential circular references
- (1880 ms) - [DEBUG] 2019-01-15 20:55:32,813 org.springframework.beans.factory.support.DefaultListableBeanFactory - Returning cached instance of singleton bean &apos;sqlSessionFactoryBean&apos;
- (1880 ms) - [DEBUG] 2019-01-15 20:55:32,813 org.springframework.beans.factory.support.DefaultListableBeanFactory - Autowiring by type from bean name &apos;hotelroomMapper&apos; via property &apos;sqlSessionFactory&apos; to bean named &apos;sqlSessionFactoryBean&apos;
- (1881 ms) - [DEBUG] 2019-01-15 20:55:32,814 org.springframework.beans.factory.support.DefaultListableBeanFactory - Returning eagerly cached instance of singleton bean &apos;hotelroomMapper&apos; that is not fully initialized yet - a consequence of a circular reference
- (1881 ms) - [DEBUG] 2019-01-15 20:55:32,814 org.springframework.beans.factory.support.DefaultListableBeanFactory - Invoking afterPropertiesSet() on bean with name &apos;hotelroomMapper&apos;
- (1885 ms) - [ERROR] 2019-01-15 20:55:32,818 org.mybatis.spring.mapper.MapperFactoryBean - Error while adding the mapper &apos;interface cn.itrip.dao.hotelroom.HotelroomMapper&apos; to configuration.
java.lang.RuntimeException: Error parsing Mapper XML. Cause: org.apache.ibatis.builder.BuilderException: Wrong namespace. Expected &apos;cn.itrip.dao.hotelroom.HotelroomMapper&apos; but found &apos;cn.itrip.dao.HotelroomMapper&apos;.
	at org.apache.ibatis.builder.xml.XMLMapperBuilder.configurationElement(XMLMapperBuilder.java:113)
	at org.apache.ibatis.builder.xml.XMLMapperBuilder.parse(XMLMapperBuilder.java:88)
	at org.apache.ibatis.builder.annotation.MapperAnnotationBuilder.loadXmlResource(MapperAnnotationBuilder.java:159)
	at org.apache.ibatis.builder.annotation.MapperAnnotationBuilder.parse(MapperAnnotationBuilder.java:113)
	at org.apache.ibatis.binding.MapperRegistry.addMapper(MapperRegistry.java:66)
	at org.apache.ibatis.session.Configuration.addMapper(Configuration.java:635)
	at org.mybatis.spring.mapper.MapperFactoryBean.checkDaoConfig(MapperFactoryBean.java:95)
	at org.springframework.dao.support.DaoSupport.afterPropertiesSet(DaoSupport.java:44)
	at org.springframework.beans.factory.support.AbstractAutowireCapableBeanFactory.invokeInitMethods(AbstractAutowireCapableBeanFactory.java:1633)
	at org.springframework.beans.factory.support.AbstractAutowireCapableBeanFactory.initializeBean(AbstractAutowireCapableBeanFactory.java:1570)
	at org.springframework.beans.factory.support.AbstractAutowireCapableBeanFactory.doCreateBean(AbstractAutowireCapableBeanFactory.java:539)
	at org.springframework.beans.factory.support.AbstractAutowireCapableBeanFactory.createBean(AbstractAutowireCapableBeanFactory.java:476)
	at org.springframework.beans.factory.support.AbstractBeanFactory$1.getObject(AbstractBeanFactory.java:303)
	at org.springframework.beans.factory.support.DefaultSingletonBeanRegistry.getSingleton(DefaultSingletonBeanRegistry.java:230)
	at org.springframework.beans.factory.support.AbstractBeanFactory.doGetBean(AbstractBeanFactory.java:299)
	at org.springframework.beans.factory.support.AbstractBeanFactory.getTypeForFactoryBean(AbstractBeanFactory.java:1421)
	at org.springframework.beans.factory.support.AbstractAutowireCapableBeanFactory.getTypeForFactoryBean(AbstractAutowireCapableBeanFactory.java:802)
	at org.springframework.beans.factory.support.AbstractBeanFactory.isTypeMatch(AbstractBeanFactory.java:542)
	at org.springframework.beans.factory.support.DefaultListableBeanFactory.doGetBeanNamesForType(DefaultListableBeanFactory.java:436)
	at org.springframework.beans.factory.support.DefaultListableBeanFactory.getBeanNamesForType(DefaultListableBeanFactory.java:412)
	at org.springframework.beans.factory.BeanFactoryUtils.beanNamesForTypeIncludingAncestors(BeanFactoryUtils.java:186)
	at org.springframework.beans.factory.support.DefaultListableBeanFactory.findAutowireCandidates(DefaultListableBeanFactory.java:1105)
	at org.springframework.beans.factory.support.DefaultListableBeanFactory.doResolveDependency(DefaultListableBeanFactory.java:1044)
	at org.springframework.beans.factory.support.DefaultListableBeanFactory.resolveDependency(DefaultListableBeanFactory.java:942)
	at org.springframework.beans.factory.support.AbstractAutowireCapableBeanFactory.autowireByType(AbstractAutowireCapableBeanFactory.java:1288)
	at org.springframework.beans.factory.support.AbstractAutowireCapableBeanFactory.populateBean(AbstractAutowireCapableBeanFactory.java:1195)
	at org.springframework.beans.factory.support.AbstractAutowireCapableBeanFactory.doCreateBean(AbstractAutowireCapableBeanFactory.java:537)
	at org.springframework.beans.factory.support.AbstractAutowireCapableBeanFactory.createBean(AbstractAutowireCapableBeanFactory.java:476)
	at org.springframework.beans.factory.support.AbstractBeanFactory$1.getObject(AbstractBeanFactory.java:303)
	at org.springframework.beans.factory.support.DefaultSingletonBeanRegistry.getSingleton(DefaultSingletonBeanRegistry.java:230)
	at org.springframework.beans.factory.support.AbstractBeanFactory.doGetBean(AbstractBeanFactory.java:299)
	at org.springframework.beans.factory.support.AbstractBeanFactory.getTypeForFactoryBean(AbstractBeanFactory.java:1421)
	at org.springframework.beans.factory.support.AbstractAutowireCapableBeanFactory.getTypeForFactoryBean(AbstractAutowireCapableBeanFactory.java:802)
	at org.springframework.beans.factory.support.AbstractBeanFactory.isTypeMatch(AbstractBeanFactory.java:542)
	at org.springframework.beans.factory.support.DefaultListableBeanFactory.doGetBeanNamesForType(DefaultListableBeanFactory.java:436)
	at org.springframework.beans.factory.support.DefaultListableBeanFactory.getBeanNamesForType(DefaultListableBeanFactory.java:412)
	at org.springframework.beans.factory.BeanFactoryUtils.beanNamesForTypeIncludingAncestors(BeanFactoryUtils.java:186)
	at org.springframework.beans.factory.support.DefaultListableBeanFactory.findAutowireCandidates(DefaultListableBeanFactory.java:1105)
	at org.springframework.beans.factory.support.DefaultListableBeanFactory.doResolveDependency(DefaultListableBeanFactory.java:1044)
	at org.springframework.beans.factory.support.DefaultListableBeanFactory.resolveDependency(DefaultListableBeanFactory.java:942)
	at org.springframework.beans.factory.support.AbstractAutowireCapableBeanFactory.autowireByType(AbstractAutowireCapableBeanFactory.java:1288)
	at org.springframework.beans.factory.support.AbstractAutowireCapableBeanFactory.populateBean(AbstractAutowireCapableBeanFactory.java:1195)
	at org.springframework.beans.factory.support.AbstractAutowireCapableBeanFactory.doCreateBean(AbstractAutowireCapableBeanFactory.java:537)
	at org.springframework.beans.factory.support.AbstractAutowireCapableBeanFactory.createBean(AbstractAutowireCapableBeanFactory.java:476)
	at org.springframework.beans.factory.support.AbstractBeanFactory$1.getObject(AbstractBeanFactory.java:303)
	at org.springframework.beans.factory.support.DefaultSingletonBeanRegistry.getSingleton(DefaultSingletonBeanRegistry.java:230)
	at org.springframework.beans.factory.support.AbstractBeanFactory.doGetBean(AbstractBeanFactory.java:299)
	at org.springframework.beans.factory.support.AbstractBeanFactory.getTypeForFactoryBean(AbstractBeanFactory.java:1421)
	at org.springframework.beans.factory.support.AbstractAutowireCapableBeanFactory.getTypeForFactoryBean(AbstractAutowireCapableBeanFactory.java:802)
	at org.springframework.beans.factory.support.AbstractBeanFactory.isTypeMatch(AbstractBeanFactory.java:542)
	at org.springframework.beans.factory.support.DefaultListableBeanFactory.doGetBeanNamesForType(DefaultListableBeanFactory.java:436)
	at org.springframework.beans.factory.support.DefaultListableBeanFactory.getBeanNamesForType(DefaultListableBeanFactory.java:412)
	at org.springframework.beans.factory.BeanFactoryUtils.beanNamesForTypeIncludingAncestors(BeanFactoryUtils.java:186)
	at org.springframework.beans.factory.support.DefaultListableBeanFactory.findAutowireCandidates(DefaultListableBeanFactory.java:1105)
	at org.springframework.beans.factory.support.DefaultListableBeanFactory.doResolveDependency(DefaultListableBeanFactory.java:1044)
	at org.springframework.beans.factory.support.DefaultListableBeanFactory.resolveDependency(DefaultListableBeanFactory.java:942)
	at org.springframework.beans.factory.support.AbstractAutowireCapableBeanFactory.autowireByType(AbstractAutowireCapableBeanFactory.java:1288)
	at org.springframework.beans.factory.support.AbstractAutowireCapableBeanFactory.populateBean(AbstractAutowireCapableBeanFactory.java:1195)
	at org.springframework.beans.factory.support.AbstractAutowireCapableBeanFactory.doCreateBean(AbstractAutowireCapableBeanFactory.java:537)
	at org.springframework.beans.factory.support.AbstractAutowireCapableBeanFactory.createBean(AbstractAutowireCapableBeanFactory.java:476)
	at org.springframework.beans.factory.support.AbstractBeanFactory$1.getObject(AbstractBeanFactory.java:303)
	at org.springframework.beans.factory.support.DefaultSingletonBeanRegistry.getSingleton(DefaultSingletonBeanRegistry.java:230)
	at org.springframework.beans.factory.support.AbstractBeanFactory.doGetBean(AbstractBeanFactory.java:299)
	at org.springframework.beans.factory.support.AbstractBeanFactory.getTypeForFactoryBean(AbstractBeanFactory.java:1421)
	at org.springframework.beans.factory.support.AbstractAutowireCapableBeanFactory.getTypeForFactoryBean(AbstractAutowireCapableBeanFactory.java:802)
	at org.springframework.beans.factory.support.AbstractBeanFactory.isTypeMatch(AbstractBeanFactory.java:542)
	at org.springframework.beans.factory.support.DefaultListableBeanFactory.doGetBeanNamesForType(DefaultListableBeanFactory.java:436)
	at org.springframework.beans.factory.support.DefaultListableBeanFactory.getBeanNamesForType(DefaultListableBeanFactory.java:412)
	at org.springframework.beans.factory.BeanFactoryUtils.beanNamesForTypeIncludingAncestors(BeanFactoryUtils.java:186)
	at org.springframework.beans.factory.support.DefaultListableBeanFactory.findAutowireCandidates(DefaultListableBeanFactory.java:1105)
	at org.springframework.beans.factory.support.DefaultListableBeanFactory.doResolveDependency(DefaultListableBeanFactory.java:1044)
	at org.springframework.beans.factory.support.DefaultListableBeanFactory.resolveDependency(DefaultListableBeanFactory.java:942)
	at org.springframework.beans.factory.support.AbstractAutowireCapableBeanFactory.autowireByType(AbstractAutowireCapableBeanFactory.java:1288)
	at org.springframework.beans.factory.support.AbstractAutowireCapableBeanFactory.populateBean(AbstractAutowireCapableBeanFactory.java:1195)
	at org.springframework.beans.factory.support.AbstractAutowireCapableBeanFactory.doCreateBean(AbstractAutowireCapableBeanFactory.java:537)
	at org.springframework.beans.factory.support.AbstractAutowireCapableBeanFactory.createBean(AbstractAutowireCapableBeanFactory.java:476)
	at org.springframework.beans.factory.support.AbstractBeanFactory$1.getObject(AbstractBeanFactory.java:303)
	at org.springframework.beans.factory.support.DefaultSingletonBeanRegistry.getSingleton(DefaultSingletonBeanRegistry.java:230)
	at org.springframework.beans.factory.support.AbstractBeanFactory.doGetBean(AbstractBeanFactory.java:299)
	at org.springframework.beans.factory.support.AbstractBeanFactory.getBean(AbstractBeanFactory.java:194)
	at org.springframework.beans.factory.support.DefaultListableBeanFactory.preInstantiateSingletons(DefaultListableBeanFactory.java:736)
	at org.springframework.context.support.AbstractApplicationContext.finishBeanFactoryInitialization(AbstractApplicationContext.java:757)
	at org.springframework.context.support.AbstractApplicationContext.refresh(AbstractApplicationContext.java:480)
	at org.springframework.context.support.ClassPathXmlApplicationContext.&lt;init&gt;(ClassPathXmlApplicationContext.java:139)
	at org.springframework.context.support.ClassPathXmlApplicationContext.&lt;init&gt;(ClassPathXmlApplicationContext.java:83)
	at cn.itrip.dao.user.TestItripUserMapper.testGetItripUserById(TestItripUserMapper.java:17)
	at sun.reflect.NativeMethodAccessorImpl.invoke0(Native Method)
	at sun.reflect.NativeMethodAccessorImpl.invoke(NativeMethodAccessorImpl.java:62)
	at sun.reflect.DelegatingMethodAccessorImpl.invoke(DelegatingMethodAccessorImpl.java:43)
	at java.lang.reflect.Method.invoke(Method.java:498)
	at org.junit.runners.model.FrameworkMethod$1.runReflectiveCall(FrameworkMethod.java:47)
	at org.junit.internal.runners.model.ReflectiveCallable.run(ReflectiveCallable.java:12)
	at org.junit.runners.model.FrameworkMethod.invokeExplosively(FrameworkMethod.java:44)
	at org.junit.internal.runners.statements.InvokeMethod.evaluate(InvokeMethod.java:17)
	at org.junit.runners.ParentRunner.runLeaf(ParentRunner.java:271)
	at org.junit.runners.BlockJUnit4ClassRunner.runChild(BlockJUnit4ClassRunner.java:70)
	at org.junit.runners.BlockJUnit4ClassRunner.runChild(BlockJUnit4ClassRunner.java:50)
	at org.junit.runners.ParentRunner$3.run(ParentRunner.java:238)
	at org.junit.runners.ParentRunner$1.schedule(ParentRunner.java:63)
	at org.junit.runners.ParentRunner.runChildren(ParentRunner.java:236)
	at org.junit.runners.ParentRunner.access$000(ParentRunner.java:53)
	at org.junit.runners.ParentRunner$2.evaluate(ParentRunner.java:229)
	at org.junit.runners.ParentRunner.run(ParentRunner.java:309)
	at org.apache.maven.surefire.junit4.JUnit4Provider.execute(JUnit4Provider.java:252)
	at org.apache.maven.surefire.junit4.JUnit4Provider.executeTestSet(JUnit4Provider.java:141)
	at org.apache.maven.surefire.junit4.JUnit4Provider.invoke(JUnit4Provider.java:112)
	at sun.reflect.NativeMethodAccessorImpl.invoke0(Native Method)
	at sun.reflect.NativeMethodAccessorImpl.invoke(NativeMethodAccessorImpl.java:62)
	at sun.reflect.DelegatingMethodAccessorImpl.invoke(DelegatingMethodAccessorImpl.java:43)
	at java.lang.reflect.Method.invoke(Method.java:498)
	at org.apache.maven.surefire.util.ReflectionUtils.invokeMethodWithArray(ReflectionUtils.java:189)
	at org.apache.maven.surefire.booter.ProviderFactory$ProviderProxy.invoke(ProviderFactory.java:165)
	at org.apache.maven.surefire.booter.ProviderFactory.invokeProvider(ProviderFactory.java:85)
	at org.apache.maven.surefire.booter.ForkedBooter.runSuitesInProcess(ForkedBooter.java:115)
	at org.apache.maven.surefire.booter.ForkedBooter.main(ForkedBooter.java:75)
Caused by: org.apache.ibatis.builder.BuilderException: Wrong namespace. Expected &apos;cn.itrip.dao.hotelroom.HotelroomMapper&apos; but found &apos;cn.itrip.dao.HotelroomMapper&apos;.
	at org.apache.ibatis.builder.MapperBuilderAssistant.setCurrentNamespace(MapperBuilderAssistant.java:75)
	at org.apache.ibatis.builder.xml.XMLMapperBuilder.configurationElement(XMLMapperBuilder.java:105)
	... 114 more
- (1887 ms) - [WARN] 2019-01-15 20:55:32,820 org.springframework.beans.factory.support.DefaultListableBeanFactory - Bean creation exception on FactoryBean type check: org.springframework.beans.factory.BeanCreationException: Error creating bean with name &apos;hotelroomMapper&apos; defined in file [E:\ideaXM\itrip\itrip-dao\target\classes\cn\itrip\dao\hotelroom\HotelroomMapper.class]: Invocation of init method failed; nested exception is java.lang.IllegalArgumentException: java.lang.RuntimeException: Error parsing Mapper XML. Cause: org.apache.ibatis.builder.BuilderException: Wrong namespace. Expected &apos;cn.itrip.dao.hotelroom.HotelroomMapper&apos; but found &apos;cn.itrip.dao.HotelroomMapper&apos;.
- (1887 ms) - [DEBUG] 2019-01-15 20:55:32,820 org.springframework.beans.factory.support.DefaultListableBeanFactory - Invoking afterPropertiesSet() on bean with name &apos;itripHotelMapper&apos;
- (1891 ms) - [DEBUG] 2019-01-15 20:55:32,824 org.springframework.beans.factory.support.DefaultListableBeanFactory - Finished creating instance of bean &apos;itripHotelMapper&apos;
- (1892 ms) - [DEBUG] 2019-01-15 20:55:32,825 org.springframework.beans.factory.support.DefaultListableBeanFactory - Creating shared instance of singleton bean &apos;hotelroomMapper&apos;
- (1892 ms) - [DEBUG] 2019-01-15 20:55:32,825 org.springframework.beans.factory.support.DefaultListableBeanFactory - Creating instance of bean &apos;hotelroomMapper&apos;
- (1892 ms) - [DEBUG] 2019-01-15 20:55:32,825 org.springframework.beans.factory.support.DefaultListableBeanFactory - Eagerly caching bean &apos;hotelroomMapper&apos; to allow for resolving potential circular references
- (1892 ms) - [DEBUG] 2019-01-15 20:55:32,825 org.springframework.beans.factory.support.DefaultListableBeanFactory - Returning eagerly cached instance of singleton bean &apos;hotelroomMapper&apos; that is not fully initialized yet - a consequence of a circular reference
- (1893 ms) - [DEBUG] 2019-01-15 20:55:32,826 org.springframework.beans.factory.support.DefaultListableBeanFactory - Returning cached instance of singleton bean &apos;sqlSessionFactoryBean&apos;
- (1893 ms) - [DEBUG] 2019-01-15 20:55:32,826 org.springframework.beans.factory.support.DefaultListableBeanFactory - Autowiring by type from bean name &apos;hotelroomMapper&apos; via property &apos;sqlSessionFactory&apos; to bean named &apos;sqlSessionFactoryBean&apos;
- (1893 ms) - [DEBUG] 2019-01-15 20:55:32,826 org.springframework.beans.factory.support.DefaultListableBeanFactory - Invoking afterPropertiesSet() on bean with name &apos;hotelroomMapper&apos;
- (1897 ms) - [ERROR] 2019-01-15 20:55:32,830 org.mybatis.spring.mapper.MapperFactoryBean - Error while adding the mapper &apos;interface cn.itrip.dao.hotelroom.HotelroomMapper&apos; to configuration.
java.lang.RuntimeException: Error parsing Mapper XML. Cause: org.apache.ibatis.builder.BuilderException: Wrong namespace. Expected &apos;cn.itrip.dao.hotelroom.HotelroomMapper&apos; but found &apos;cn.itrip.dao.HotelroomMapper&apos;.
	at org.apache.ibatis.builder.xml.XMLMapperBuilder.configurationElement(XMLMapperBuilder.java:113)
	at org.apache.ibatis.builder.xml.XMLMapperBuilder.parse(XMLMapperBuilder.java:88)
	at org.apache.ibatis.builder.annotation.MapperAnnotationBuilder.loadXmlResource(MapperAnnotationBuilder.java:159)
	at org.apache.ibatis.builder.annotation.MapperAnnotationBuilder.parse(MapperAnnotationBuilder.java:113)
	at org.apache.ibatis.binding.MapperRegistry.addMapper(MapperRegistry.java:66)
	at org.apache.ibatis.session.Configuration.addMapper(Configuration.java:635)
	at org.mybatis.spring.mapper.MapperFactoryBean.checkDaoConfig(MapperFactoryBean.java:95)
	at org.springframework.dao.support.DaoSupport.afterPropertiesSet(DaoSupport.java:44)
	at org.springframework.beans.factory.support.AbstractAutowireCapableBeanFactory.invokeInitMethods(AbstractAutowireCapableBeanFactory.java:1633)
	at org.springframework.beans.factory.support.AbstractAutowireCapableBeanFactory.initializeBean(AbstractAutowireCapableBeanFactory.java:1570)
	at org.springframework.beans.factory.support.AbstractAutowireCapableBeanFactory.doCreateBean(AbstractAutowireCapableBeanFactory.java:539)
	at org.springframework.beans.factory.support.AbstractAutowireCapableBeanFactory.createBean(AbstractAutowireCapableBeanFactory.java:476)
	at org.springframework.beans.factory.support.AbstractBeanFactory$1.getObject(AbstractBeanFactory.java:303)
	at org.springframework.beans.factory.support.DefaultSingletonBeanRegistry.getSingleton(DefaultSingletonBeanRegistry.java:230)
	at org.springframework.beans.factory.support.AbstractBeanFactory.doGetBean(AbstractBeanFactory.java:299)
	at org.springframework.beans.factory.support.AbstractBeanFactory.getTypeForFactoryBean(AbstractBeanFactory.java:1421)
	at org.springframework.beans.factory.support.AbstractAutowireCapableBeanFactory.getTypeForFactoryBean(AbstractAutowireCapableBeanFactory.java:802)
	at org.springframework.beans.factory.support.AbstractBeanFactory.isTypeMatch(AbstractBeanFactory.java:542)
	at org.springframework.beans.factory.support.DefaultListableBeanFactory.doGetBeanNamesForType(DefaultListableBeanFactory.java:436)
	at org.springframework.beans.factory.support.DefaultListableBeanFactory.getBeanNamesForType(DefaultListableBeanFactory.java:412)
	at org.springframework.beans.factory.BeanFactoryUtils.beanNamesForTypeIncludingAncestors(BeanFactoryUtils.java:186)
	at org.springframework.beans.factory.support.DefaultListableBeanFactory.findAutowireCandidates(DefaultListableBeanFactory.java:1105)
	at org.springframework.beans.factory.support.DefaultListableBeanFactory.doResolveDependency(DefaultListableBeanFactory.java:1044)
	at org.springframework.beans.factory.support.DefaultListableBeanFactory.resolveDependency(DefaultListableBeanFactory.java:942)
	at org.springframework.beans.factory.support.AbstractAutowireCapableBeanFactory.autowireByType(AbstractAutowireCapableBeanFactory.java:1288)
	at org.springframework.beans.factory.support.AbstractAutowireCapableBeanFactory.populateBean(AbstractAutowireCapableBeanFactory.java:1195)
	at org.springframework.beans.factory.support.AbstractAutowireCapableBeanFactory.doCreateBean(AbstractAutowireCapableBeanFactory.java:537)
	at org.springframework.beans.factory.support.AbstractAutowireCapableBeanFactory.createBean(AbstractAutowireCapableBeanFactory.java:476)
	at org.springframework.beans.factory.support.AbstractBeanFactory$1.getObject(AbstractBeanFactory.java:303)
	at org.springframework.beans.factory.support.DefaultSingletonBeanRegistry.getSingleton(DefaultSingletonBeanRegistry.java:230)
	at org.springframework.beans.factory.support.AbstractBeanFactory.doGetBean(AbstractBeanFactory.java:299)
	at org.springframework.beans.factory.support.AbstractBeanFactory.getTypeForFactoryBean(AbstractBeanFactory.java:1421)
	at org.springframework.beans.factory.support.AbstractAutowireCapableBeanFactory.getTypeForFactoryBean(AbstractAutowireCapableBeanFactory.java:802)
	at org.springframework.beans.factory.support.AbstractBeanFactory.isTypeMatch(AbstractBeanFactory.java:542)
	at org.springframework.beans.factory.support.DefaultListableBeanFactory.doGetBeanNamesForType(DefaultListableBeanFactory.java:436)
	at org.springframework.beans.factory.support.DefaultListableBeanFactory.getBeanNamesForType(DefaultListableBeanFactory.java:412)
	at org.springframework.beans.factory.BeanFactoryUtils.beanNamesForTypeIncludingAncestors(BeanFactoryUtils.java:186)
	at org.springframework.beans.factory.support.DefaultListableBeanFactory.findAutowireCandidates(DefaultListableBeanFactory.java:1105)
	at org.springframework.beans.factory.support.DefaultListableBeanFactory.doResolveDependency(DefaultListableBeanFactory.java:1044)
	at org.springframework.beans.factory.support.DefaultListableBeanFactory.resolveDependency(DefaultListableBeanFactory.java:942)
	at org.springframework.beans.factory.support.AbstractAutowireCapableBeanFactory.autowireByType(AbstractAutowireCapableBeanFactory.java:1288)
	at org.springframework.beans.factory.support.AbstractAutowireCapableBeanFactory.populateBean(AbstractAutowireCapableBeanFactory.java:1195)
	at org.springframework.beans.factory.support.AbstractAutowireCapableBeanFactory.doCreateBean(AbstractAutowireCapableBeanFactory.java:537)
	at org.springframework.beans.factory.support.AbstractAutowireCapableBeanFactory.createBean(AbstractAutowireCapableBeanFactory.java:476)
	at org.springframework.beans.factory.support.AbstractBeanFactory$1.getObject(AbstractBeanFactory.java:303)
	at org.springframework.beans.factory.support.DefaultSingletonBeanRegistry.getSingleton(DefaultSingletonBeanRegistry.java:230)
	at org.springframework.beans.factory.support.AbstractBeanFactory.doGetBean(AbstractBeanFactory.java:299)
	at org.springframework.beans.factory.support.AbstractBeanFactory.getTypeForFactoryBean(AbstractBeanFactory.java:1421)
	at org.springframework.beans.factory.support.AbstractAutowireCapableBeanFactory.getTypeForFactoryBean(AbstractAutowireCapableBeanFactory.java:802)
	at org.springframework.beans.factory.support.AbstractBeanFactory.isTypeMatch(AbstractBeanFactory.java:542)
	at org.springframework.beans.factory.support.DefaultListableBeanFactory.doGetBeanNamesForType(DefaultListableBeanFactory.java:436)
	at org.springframework.beans.factory.support.DefaultListableBeanFactory.getBeanNamesForType(DefaultListableBeanFactory.java:412)
	at org.springframework.beans.factory.BeanFactoryUtils.beanNamesForTypeIncludingAncestors(BeanFactoryUtils.java:186)
	at org.springframework.beans.factory.support.DefaultListableBeanFactory.findAutowireCandidates(DefaultListableBeanFactory.java:1105)
	at org.springframework.beans.factory.support.DefaultListableBeanFactory.doResolveDependency(DefaultListableBeanFactory.java:1044)
	at org.springframework.beans.factory.support.DefaultListableBeanFactory.resolveDependency(DefaultListableBeanFactory.java:942)
	at org.springframework.beans.factory.support.AbstractAutowireCapableBeanFactory.autowireByType(AbstractAutowireCapableBeanFactory.java:1288)
	at org.springframework.beans.factory.support.AbstractAutowireCapableBeanFactory.populateBean(AbstractAutowireCapableBeanFactory.java:1195)
	at org.springframework.beans.factory.support.AbstractAutowireCapableBeanFactory.doCreateBean(AbstractAutowireCapableBeanFactory.java:537)
	at org.springframework.beans.factory.support.AbstractAutowireCapableBeanFactory.createBean(AbstractAutowireCapableBeanFactory.java:476)
	at org.springframework.beans.factory.support.AbstractBeanFactory$1.getObject(AbstractBeanFactory.java:303)
	at org.springframework.beans.factory.support.DefaultSingletonBeanRegistry.getSingleton(DefaultSingletonBeanRegistry.java:230)
	at org.springframework.beans.factory.support.AbstractBeanFactory.doGetBean(AbstractBeanFactory.java:299)
	at org.springframework.beans.factory.support.AbstractBeanFactory.getBean(AbstractBeanFactory.java:194)
	at org.springframework.beans.factory.support.DefaultListableBeanFactory.preInstantiateSingletons(DefaultListableBeanFactory.java:736)
	at org.springframework.context.support.AbstractApplicationContext.finishBeanFactoryInitialization(AbstractApplicationContext.java:757)
	at org.springframework.context.support.AbstractApplicationContext.refresh(AbstractApplicationContext.java:480)
	at org.springframework.context.support.ClassPathXmlApplicationContext.&lt;init&gt;(ClassPathXmlApplicationContext.java:139)
	at org.springframework.context.support.ClassPathXmlApplicationContext.&lt;init&gt;(ClassPathXmlApplicationContext.java:83)
	at cn.itrip.dao.user.TestItripUserMapper.testGetItripUserById(TestItripUserMapper.java:17)
	at sun.reflect.NativeMethodAccessorImpl.invoke0(Native Method)
	at sun.reflect.NativeMethodAccessorImpl.invoke(NativeMethodAccessorImpl.java:62)
	at sun.reflect.DelegatingMethodAccessorImpl.invoke(DelegatingMethodAccessorImpl.java:43)
	at java.lang.reflect.Method.invoke(Method.java:498)
	at org.junit.runners.model.FrameworkMethod$1.runReflectiveCall(FrameworkMethod.java:47)
	at org.junit.internal.runners.model.ReflectiveCallable.run(ReflectiveCallable.java:12)
	at org.junit.runners.model.FrameworkMethod.invokeExplosively(FrameworkMethod.java:44)
	at org.junit.internal.runners.statements.InvokeMethod.evaluate(InvokeMethod.java:17)
	at org.junit.runners.ParentRunner.runLeaf(ParentRunner.java:271)
	at org.junit.runners.BlockJUnit4ClassRunner.runChild(BlockJUnit4ClassRunner.java:70)
	at org.junit.runners.BlockJUnit4ClassRunner.runChild(BlockJUnit4ClassRunner.java:50)
	at org.junit.runners.ParentRunner$3.run(ParentRunner.java:238)
	at org.junit.runners.ParentRunner$1.schedule(ParentRunner.java:63)
	at org.junit.runners.ParentRunner.runChildren(ParentRunner.java:236)
	at org.junit.runners.ParentRunner.access$000(ParentRunner.java:53)
	at org.junit.runners.ParentRunner$2.evaluate(ParentRunner.java:229)
	at org.junit.runners.ParentRunner.run(ParentRunner.java:309)
	at org.apache.maven.surefire.junit4.JUnit4Provider.execute(JUnit4Provider.java:252)
	at org.apache.maven.surefire.junit4.JUnit4Provider.executeTestSet(JUnit4Provider.java:141)
	at org.apache.maven.surefire.junit4.JUnit4Provider.invoke(JUnit4Provider.java:112)
	at sun.reflect.NativeMethodAccessorImpl.invoke0(Native Method)
	at sun.reflect.NativeMethodAccessorImpl.invoke(NativeMethodAccessorImpl.java:62)
	at sun.reflect.DelegatingMethodAccessorImpl.invoke(DelegatingMethodAccessorImpl.java:43)
	at java.lang.reflect.Method.invoke(Method.java:498)
	at org.apache.maven.surefire.util.ReflectionUtils.invokeMethodWithArray(ReflectionUtils.java:189)
	at org.apache.maven.surefire.booter.ProviderFactory$ProviderProxy.invoke(ProviderFactory.java:165)
	at org.apache.maven.surefire.booter.ProviderFactory.invokeProvider(ProviderFactory.java:85)
	at org.apache.maven.surefire.booter.ForkedBooter.runSuitesInProcess(ForkedBooter.java:115)
	at org.apache.maven.surefire.booter.ForkedBooter.main(ForkedBooter.java:75)
Caused by: org.apache.ibatis.builder.BuilderException: Wrong namespace. Expected &apos;cn.itrip.dao.hotelroom.HotelroomMapper&apos; but found &apos;cn.itrip.dao.HotelroomMapper&apos;.
	at org.apache.ibatis.builder.MapperBuilderAssistant.setCurrentNamespace(MapperBuilderAssistant.java:75)
	at org.apache.ibatis.builder.xml.XMLMapperBuilder.configurationElement(XMLMapperBuilder.java:105)
	... 98 more
- (1899 ms) - [WARN] 2019-01-15 20:55:32,832 org.springframework.beans.factory.support.DefaultListableBeanFactory - Bean creation exception on FactoryBean type check: org.springframework.beans.factory.BeanCreationException: Error creating bean with name &apos;hotelroomMapper&apos; defined in file [E:\ideaXM\itrip\itrip-dao\target\classes\cn\itrip\dao\hotelroom\HotelroomMapper.class]: Invocation of init method failed; nested exception is java.lang.IllegalArgumentException: java.lang.RuntimeException: Error parsing Mapper XML. Cause: org.apache.ibatis.builder.BuilderException: Wrong namespace. Expected &apos;cn.itrip.dao.hotelroom.HotelroomMapper&apos; but found &apos;cn.itrip.dao.HotelroomMapper&apos;.
- (1899 ms) - [DEBUG] 2019-01-15 20:55:32,832 org.springframework.beans.factory.support.DefaultListableBeanFactory - Returning cached instance of singleton bean &apos;sqlSessionFactoryBean&apos;
- (1900 ms) - [DEBUG] 2019-01-15 20:55:32,833 org.springframework.beans.factory.support.DefaultListableBeanFactory - Autowiring by type from bean name &apos;itripCommentMapper&apos; via property &apos;sqlSessionFactory&apos; to bean named &apos;sqlSessionFactoryBean&apos;
- (1900 ms) - [DEBUG] 2019-01-15 20:55:32,833 org.springframework.beans.factory.support.DefaultListableBeanFactory - Creating shared instance of singleton bean &apos;hotelroomMapper&apos;
- (1900 ms) - [DEBUG] 2019-01-15 20:55:32,833 org.springframework.beans.factory.support.DefaultListableBeanFactory - Creating instance of bean &apos;hotelroomMapper&apos;
- (1901 ms) - [DEBUG] 2019-01-15 20:55:32,834 org.springframework.beans.factory.support.DefaultListableBeanFactory - Eagerly caching bean &apos;hotelroomMapper&apos; to allow for resolving potential circular references
- (1901 ms) - [DEBUG] 2019-01-15 20:55:32,834 org.springframework.beans.factory.support.DefaultListableBeanFactory - Returning cached instance of singleton bean &apos;sqlSessionFactoryBean&apos;
- (1901 ms) - [DEBUG] 2019-01-15 20:55:32,834 org.springframework.beans.factory.support.DefaultListableBeanFactory - Autowiring by type from bean name &apos;hotelroomMapper&apos; via property &apos;sqlSessionFactory&apos; to bean named &apos;sqlSessionFactoryBean&apos;
- (1902 ms) - [DEBUG] 2019-01-15 20:55:32,835 org.springframework.beans.factory.support.DefaultListableBeanFactory - Returning eagerly cached instance of singleton bean &apos;hotelroomMapper&apos; that is not fully initialized yet - a consequence of a circular reference
- (1902 ms) - [DEBUG] 2019-01-15 20:55:32,835 org.springframework.beans.factory.support.DefaultListableBeanFactory - Invoking afterPropertiesSet() on bean with name &apos;hotelroomMapper&apos;
- (1906 ms) - [ERROR] 2019-01-15 20:55:32,839 org.mybatis.spring.mapper.MapperFactoryBean - Error while adding the mapper &apos;interface cn.itrip.dao.hotelroom.HotelroomMapper&apos; to configuration.
java.lang.RuntimeException: Error parsing Mapper XML. Cause: org.apache.ibatis.builder.BuilderException: Wrong namespace. Expected &apos;cn.itrip.dao.hotelroom.HotelroomMapper&apos; but found &apos;cn.itrip.dao.HotelroomMapper&apos;.
	at org.apache.ibatis.builder.xml.XMLMapperBuilder.configurationElement(XMLMapperBuilder.java:113)
	at org.apache.ibatis.builder.xml.XMLMapperBuilder.parse(XMLMapperBuilder.java:88)
	at org.apache.ibatis.builder.annotation.MapperAnnotationBuilder.loadXmlResource(MapperAnnotationBuilder.java:159)
	at org.apache.ibatis.builder.annotation.MapperAnnotationBuilder.parse(MapperAnnotationBuilder.java:113)
	at org.apache.ibatis.binding.MapperRegistry.addMapper(MapperRegistry.java:66)
	at org.apache.ibatis.session.Configuration.addMapper(Configuration.java:635)
	at org.mybatis.spring.mapper.MapperFactoryBean.checkDaoConfig(MapperFactoryBean.java:95)
	at org.springframework.dao.support.DaoSupport.afterPropertiesSet(DaoSupport.java:44)
	at org.springframework.beans.factory.support.AbstractAutowireCapableBeanFactory.invokeInitMethods(AbstractAutowireCapableBeanFactory.java:1633)
	at org.springframework.beans.factory.support.AbstractAutowireCapableBeanFactory.initializeBean(AbstractAutowireCapableBeanFactory.java:1570)
	at org.springframework.beans.factory.support.AbstractAutowireCapableBeanFactory.doCreateBean(AbstractAutowireCapableBeanFactory.java:539)
	at org.springframework.beans.factory.support.AbstractAutowireCapableBeanFactory.createBean(AbstractAutowireCapableBeanFactory.java:476)
	at org.springframework.beans.factory.support.AbstractBeanFactory$1.getObject(AbstractBeanFactory.java:303)
	at org.springframework.beans.factory.support.DefaultSingletonBeanRegistry.getSingleton(DefaultSingletonBeanRegistry.java:230)
	at org.springframework.beans.factory.support.AbstractBeanFactory.doGetBean(AbstractBeanFactory.java:299)
	at org.springframework.beans.factory.support.AbstractBeanFactory.getTypeForFactoryBean(AbstractBeanFactory.java:1421)
	at org.springframework.beans.factory.support.AbstractAutowireCapableBeanFactory.getTypeForFactoryBean(AbstractAutowireCapableBeanFactory.java:802)
	at org.springframework.beans.factory.support.AbstractBeanFactory.isTypeMatch(AbstractBeanFactory.java:542)
	at org.springframework.beans.factory.support.DefaultListableBeanFactory.doGetBeanNamesForType(DefaultListableBeanFactory.java:436)
	at org.springframework.beans.factory.support.DefaultListableBeanFactory.getBeanNamesForType(DefaultListableBeanFactory.java:412)
	at org.springframework.beans.factory.BeanFactoryUtils.beanNamesForTypeIncludingAncestors(BeanFactoryUtils.java:186)
	at org.springframework.beans.factory.support.DefaultListableBeanFactory.findAutowireCandidates(DefaultListableBeanFactory.java:1105)
	at org.springframework.beans.factory.support.DefaultListableBeanFactory.doResolveDependency(DefaultListableBeanFactory.java:1044)
	at org.springframework.beans.factory.support.DefaultListableBeanFactory.resolveDependency(DefaultListableBeanFactory.java:942)
	at org.springframework.beans.factory.support.AbstractAutowireCapableBeanFactory.autowireByType(AbstractAutowireCapableBeanFactory.java:1288)
	at org.springframework.beans.factory.support.AbstractAutowireCapableBeanFactory.populateBean(AbstractAutowireCapableBeanFactory.java:1195)
	at org.springframework.beans.factory.support.AbstractAutowireCapableBeanFactory.doCreateBean(AbstractAutowireCapableBeanFactory.java:537)
	at org.springframework.beans.factory.support.AbstractAutowireCapableBeanFactory.createBean(AbstractAutowireCapableBeanFactory.java:476)
	at org.springframework.beans.factory.support.AbstractBeanFactory$1.getObject(AbstractBeanFactory.java:303)
	at org.springframework.beans.factory.support.DefaultSingletonBeanRegistry.getSingleton(DefaultSingletonBeanRegistry.java:230)
	at org.springframework.beans.factory.support.AbstractBeanFactory.doGetBean(AbstractBeanFactory.java:299)
	at org.springframework.beans.factory.support.AbstractBeanFactory.getTypeForFactoryBean(AbstractBeanFactory.java:1421)
	at org.springframework.beans.factory.support.AbstractAutowireCapableBeanFactory.getTypeForFactoryBean(AbstractAutowireCapableBeanFactory.java:802)
	at org.springframework.beans.factory.support.AbstractBeanFactory.isTypeMatch(AbstractBeanFactory.java:542)
	at org.springframework.beans.factory.support.DefaultListableBeanFactory.doGetBeanNamesForType(DefaultListableBeanFactory.java:436)
	at org.springframework.beans.factory.support.DefaultListableBeanFactory.getBeanNamesForType(DefaultListableBeanFactory.java:412)
	at org.springframework.beans.factory.BeanFactoryUtils.beanNamesForTypeIncludingAncestors(BeanFactoryUtils.java:186)
	at org.springframework.beans.factory.support.DefaultListableBeanFactory.findAutowireCandidates(DefaultListableBeanFactory.java:1105)
	at org.springframework.beans.factory.support.DefaultListableBeanFactory.doResolveDependency(DefaultListableBeanFactory.java:1044)
	at org.springframework.beans.factory.support.DefaultListableBeanFactory.resolveDependency(DefaultListableBeanFactory.java:942)
	at org.springframework.beans.factory.support.AbstractAutowireCapableBeanFactory.autowireByType(AbstractAutowireCapableBeanFactory.java:1288)
	at org.springframework.beans.factory.support.AbstractAutowireCapableBeanFactory.populateBean(AbstractAutowireCapableBeanFactory.java:1195)
	at org.springframework.beans.factory.support.AbstractAutowireCapableBeanFactory.doCreateBean(AbstractAutowireCapableBeanFactory.java:537)
	at org.springframework.beans.factory.support.AbstractAutowireCapableBeanFactory.createBean(AbstractAutowireCapableBeanFactory.java:476)
	at org.springframework.beans.factory.support.AbstractBeanFactory$1.getObject(AbstractBeanFactory.java:303)
	at org.springframework.beans.factory.support.DefaultSingletonBeanRegistry.getSingleton(DefaultSingletonBeanRegistry.java:230)
	at org.springframework.beans.factory.support.AbstractBeanFactory.doGetBean(AbstractBeanFactory.java:299)
	at org.springframework.beans.factory.support.AbstractBeanFactory.getTypeForFactoryBean(AbstractBeanFactory.java:1421)
	at org.springframework.beans.factory.support.AbstractAutowireCapableBeanFactory.getTypeForFactoryBean(AbstractAutowireCapableBeanFactory.java:802)
	at org.springframework.beans.factory.support.AbstractBeanFactory.isTypeMatch(AbstractBeanFactory.java:542)
	at org.springframework.beans.factory.support.DefaultListableBeanFactory.doGetBeanNamesForType(DefaultListableBeanFactory.java:436)
	at org.springframework.beans.factory.support.DefaultListableBeanFactory.getBeanNamesForType(DefaultListableBeanFactory.java:412)
	at org.springframework.beans.factory.BeanFactoryUtils.beanNamesForTypeIncludingAncestors(BeanFactoryUtils.java:186)
	at org.springframework.beans.factory.support.DefaultListableBeanFactory.findAutowireCandidates(DefaultListableBeanFactory.java:1105)
	at org.springframework.beans.factory.support.DefaultListableBeanFactory.doResolveDependency(DefaultListableBeanFactory.java:1044)
	at org.springframework.beans.factory.support.DefaultListableBeanFactory.resolveDependency(DefaultListableBeanFactory.java:942)
	at org.springframework.beans.factory.support.AbstractAutowireCapableBeanFactory.autowireByType(AbstractAutowireCapableBeanFactory.java:1288)
	at org.springframework.beans.factory.support.AbstractAutowireCapableBeanFactory.populateBean(AbstractAutowireCapableBeanFactory.java:1195)
	at org.springframework.beans.factory.support.AbstractAutowireCapableBeanFactory.doCreateBean(AbstractAutowireCapableBeanFactory.java:537)
	at org.springframework.beans.factory.support.AbstractAutowireCapableBeanFactory.createBean(AbstractAutowireCapableBeanFactory.java:476)
	at org.springframework.beans.factory.support.AbstractBeanFactory$1.getObject(AbstractBeanFactory.java:303)
	at org.springframework.beans.factory.support.DefaultSingletonBeanRegistry.getSingleton(DefaultSingletonBeanRegistry.java:230)
	at org.springframework.beans.factory.support.AbstractBeanFactory.doGetBean(AbstractBeanFactory.java:299)
	at org.springframework.beans.factory.support.AbstractBeanFactory.getBean(AbstractBeanFactory.java:194)
	at org.springframework.beans.factory.support.DefaultListableBeanFactory.preInstantiateSingletons(DefaultListableBeanFactory.java:736)
	at org.springframework.context.support.AbstractApplicationContext.finishBeanFactoryInitialization(AbstractApplicationContext.java:757)
	at org.springframework.context.support.AbstractApplicationContext.refresh(AbstractApplicationContext.java:480)
	at org.springframework.context.support.ClassPathXmlApplicationContext.&lt;init&gt;(ClassPathXmlApplicationContext.java:139)
	at org.springframework.context.support.ClassPathXmlApplicationContext.&lt;init&gt;(ClassPathXmlApplicationContext.java:83)
	at cn.itrip.dao.user.TestItripUserMapper.testGetItripUserById(TestItripUserMapper.java:17)
	at sun.reflect.NativeMethodAccessorImpl.invoke0(Native Method)
	at sun.reflect.NativeMethodAccessorImpl.invoke(NativeMethodAccessorImpl.java:62)
	at sun.reflect.DelegatingMethodAccessorImpl.invoke(DelegatingMethodAccessorImpl.java:43)
	at java.lang.reflect.Method.invoke(Method.java:498)
	at org.junit.runners.model.FrameworkMethod$1.runReflectiveCall(FrameworkMethod.java:47)
	at org.junit.internal.runners.model.ReflectiveCallable.run(ReflectiveCallable.java:12)
	at org.junit.runners.model.FrameworkMethod.invokeExplosively(FrameworkMethod.java:44)
	at org.junit.internal.runners.statements.InvokeMethod.evaluate(InvokeMethod.java:17)
	at org.junit.runners.ParentRunner.runLeaf(ParentRunner.java:271)
	at org.junit.runners.BlockJUnit4ClassRunner.runChild(BlockJUnit4ClassRunner.java:70)
	at org.junit.runners.BlockJUnit4ClassRunner.runChild(BlockJUnit4ClassRunner.java:50)
	at org.junit.runners.ParentRunner$3.run(ParentRunner.java:238)
	at org.junit.runners.ParentRunner$1.schedule(ParentRunner.java:63)
	at org.junit.runners.ParentRunner.runChildren(ParentRunner.java:236)
	at org.junit.runners.ParentRunner.access$000(ParentRunner.java:53)
	at org.junit.runners.ParentRunner$2.evaluate(ParentRunner.java:229)
	at org.junit.runners.ParentRunner.run(ParentRunner.java:309)
	at org.apache.maven.surefire.junit4.JUnit4Provider.execute(JUnit4Provider.java:252)
	at org.apache.maven.surefire.junit4.JUnit4Provider.executeTestSet(JUnit4Provider.java:141)
	at org.apache.maven.surefire.junit4.JUnit4Provider.invoke(JUnit4Provider.java:112)
	at sun.reflect.NativeMethodAccessorImpl.invoke0(Native Method)
	at sun.reflect.NativeMethodAccessorImpl.invoke(NativeMethodAccessorImpl.java:62)
	at sun.reflect.DelegatingMethodAccessorImpl.invoke(DelegatingMethodAccessorImpl.java:43)
	at java.lang.reflect.Method.invoke(Method.java:498)
	at org.apache.maven.surefire.util.ReflectionUtils.invokeMethodWithArray(ReflectionUtils.java:189)
	at org.apache.maven.surefire.booter.ProviderFactory$ProviderProxy.invoke(ProviderFactory.java:165)
	at org.apache.maven.surefire.booter.ProviderFactory.invokeProvider(ProviderFactory.java:85)
	at org.apache.maven.surefire.booter.ForkedBooter.runSuitesInProcess(ForkedBooter.java:115)
	at org.apache.maven.surefire.booter.ForkedBooter.main(ForkedBooter.java:75)
Caused by: org.apache.ibatis.builder.BuilderException: Wrong namespace. Expected &apos;cn.itrip.dao.hotelroom.HotelroomMapper&apos; but found &apos;cn.itrip.dao.HotelroomMapper&apos;.
	at org.apache.ibatis.builder.MapperBuilderAssistant.setCurrentNamespace(MapperBuilderAssistant.java:75)
	at org.apache.ibatis.builder.xml.XMLMapperBuilder.configurationElement(XMLMapperBuilder.java:105)
	... 98 more
- (1908 ms) - [WARN] 2019-01-15 20:55:32,841 org.springframework.beans.factory.support.DefaultListableBeanFactory - Bean creation exception on FactoryBean type check: org.springframework.beans.factory.BeanCreationException: Error creating bean with name &apos;hotelroomMapper&apos; defined in file [E:\ideaXM\itrip\itrip-dao\target\classes\cn\itrip\dao\hotelroom\HotelroomMapper.class]: Invocation of init method failed; nested exception is java.lang.IllegalArgumentException: java.lang.RuntimeException: Error parsing Mapper XML. Cause: org.apache.ibatis.builder.BuilderException: Wrong namespace. Expected &apos;cn.itrip.dao.hotelroom.HotelroomMapper&apos; but found &apos;cn.itrip.dao.HotelroomMapper&apos;.
- (1908 ms) - [DEBUG] 2019-01-15 20:55:32,841 org.springframework.beans.factory.support.DefaultListableBeanFactory - Invoking afterPropertiesSet() on bean with name &apos;itripCommentMapper&apos;
- (1914 ms) - [DEBUG] 2019-01-15 20:55:32,847 org.springframework.beans.factory.support.DefaultListableBeanFactory - Finished creating instance of bean &apos;itripCommentMapper&apos;
- (1915 ms) - [DEBUG] 2019-01-15 20:55:32,848 org.springframework.beans.factory.support.DefaultListableBeanFactory - Creating shared instance of singleton bean &apos;hotelroomMapper&apos;
- (1915 ms) - [DEBUG] 2019-01-15 20:55:32,848 org.springframework.beans.factory.support.DefaultListableBeanFactory - Creating instance of bean &apos;hotelroomMapper&apos;
- (1915 ms) - [DEBUG] 2019-01-15 20:55:32,848 org.springframework.beans.factory.support.DefaultListableBeanFactory - Eagerly caching bean &apos;hotelroomMapper&apos; to allow for resolving potential circular references
- (1916 ms) - [DEBUG] 2019-01-15 20:55:32,849 org.springframework.beans.factory.support.DefaultListableBeanFactory - Returning eagerly cached instance of singleton bean &apos;hotelroomMapper&apos; that is not fully initialized yet - a consequence of a circular reference
- (1916 ms) - [DEBUG] 2019-01-15 20:55:32,849 org.springframework.beans.factory.support.DefaultListableBeanFactory - Returning cached instance of singleton bean &apos;sqlSessionFactoryBean&apos;
- (1916 ms) - [DEBUG] 2019-01-15 20:55:32,849 org.springframework.beans.factory.support.DefaultListableBeanFactory - Autowiring by type from bean name &apos;hotelroomMapper&apos; via property &apos;sqlSessionFactory&apos; to bean named &apos;sqlSessionFactoryBean&apos;
- (1917 ms) - [DEBUG] 2019-01-15 20:55:32,850 org.springframework.beans.factory.support.DefaultListableBeanFactory - Invoking afterPropertiesSet() on bean with name &apos;hotelroomMapper&apos;
- (1920 ms) - [ERROR] 2019-01-15 20:55:32,853 org.mybatis.spring.mapper.MapperFactoryBean - Error while adding the mapper &apos;interface cn.itrip.dao.hotelroom.HotelroomMapper&apos; to configuration.
java.lang.RuntimeException: Error parsing Mapper XML. Cause: org.apache.ibatis.builder.BuilderException: Wrong namespace. Expected &apos;cn.itrip.dao.hotelroom.HotelroomMapper&apos; but found &apos;cn.itrip.dao.HotelroomMapper&apos;.
	at org.apache.ibatis.builder.xml.XMLMapperBuilder.configurationElement(XMLMapperBuilder.java:113)
	at org.apache.ibatis.builder.xml.XMLMapperBuilder.parse(XMLMapperBuilder.java:88)
	at org.apache.ibatis.builder.annotation.MapperAnnotationBuilder.loadXmlResource(MapperAnnotationBuilder.java:159)
	at org.apache.ibatis.builder.annotation.MapperAnnotationBuilder.parse(MapperAnnotationBuilder.java:113)
	at org.apache.ibatis.binding.MapperRegistry.addMapper(MapperRegistry.java:66)
	at org.apache.ibatis.session.Configuration.addMapper(Configuration.java:635)
	at org.mybatis.spring.mapper.MapperFactoryBean.checkDaoConfig(MapperFactoryBean.java:95)
	at org.springframework.dao.support.DaoSupport.afterPropertiesSet(DaoSupport.java:44)
	at org.springframework.beans.factory.support.AbstractAutowireCapableBeanFactory.invokeInitMethods(AbstractAutowireCapableBeanFactory.java:1633)
	at org.springframework.beans.factory.support.AbstractAutowireCapableBeanFactory.initializeBean(AbstractAutowireCapableBeanFactory.java:1570)
	at org.springframework.beans.factory.support.AbstractAutowireCapableBeanFactory.doCreateBean(AbstractAutowireCapableBeanFactory.java:539)
	at org.springframework.beans.factory.support.AbstractAutowireCapableBeanFactory.createBean(AbstractAutowireCapableBeanFactory.java:476)
	at org.springframework.beans.factory.support.AbstractBeanFactory$1.getObject(AbstractBeanFactory.java:303)
	at org.springframework.beans.factory.support.DefaultSingletonBeanRegistry.getSingleton(DefaultSingletonBeanRegistry.java:230)
	at org.springframework.beans.factory.support.AbstractBeanFactory.doGetBean(AbstractBeanFactory.java:299)
	at org.springframework.beans.factory.support.AbstractBeanFactory.getTypeForFactoryBean(AbstractBeanFactory.java:1421)
	at org.springframework.beans.factory.support.AbstractAutowireCapableBeanFactory.getTypeForFactoryBean(AbstractAutowireCapableBeanFactory.java:802)
	at org.springframework.beans.factory.support.AbstractBeanFactory.isTypeMatch(AbstractBeanFactory.java:542)
	at org.springframework.beans.factory.support.DefaultListableBeanFactory.doGetBeanNamesForType(DefaultListableBeanFactory.java:436)
	at org.springframework.beans.factory.support.DefaultListableBeanFactory.getBeanNamesForType(DefaultListableBeanFactory.java:412)
	at org.springframework.beans.factory.BeanFactoryUtils.beanNamesForTypeIncludingAncestors(BeanFactoryUtils.java:186)
	at org.springframework.beans.factory.support.DefaultListableBeanFactory.findAutowireCandidates(DefaultListableBeanFactory.java:1105)
	at org.springframework.beans.factory.support.DefaultListableBeanFactory.doResolveDependency(DefaultListableBeanFactory.java:1044)
	at org.springframework.beans.factory.support.DefaultListableBeanFactory.resolveDependency(DefaultListableBeanFactory.java:942)
	at org.springframework.beans.factory.support.AbstractAutowireCapableBeanFactory.autowireByType(AbstractAutowireCapableBeanFactory.java:1288)
	at org.springframework.beans.factory.support.AbstractAutowireCapableBeanFactory.populateBean(AbstractAutowireCapableBeanFactory.java:1195)
	at org.springframework.beans.factory.support.AbstractAutowireCapableBeanFactory.doCreateBean(AbstractAutowireCapableBeanFactory.java:537)
	at org.springframework.beans.factory.support.AbstractAutowireCapableBeanFactory.createBean(AbstractAutowireCapableBeanFactory.java:476)
	at org.springframework.beans.factory.support.AbstractBeanFactory$1.getObject(AbstractBeanFactory.java:303)
	at org.springframework.beans.factory.support.DefaultSingletonBeanRegistry.getSingleton(DefaultSingletonBeanRegistry.java:230)
	at org.springframework.beans.factory.support.AbstractBeanFactory.doGetBean(AbstractBeanFactory.java:299)
	at org.springframework.beans.factory.support.AbstractBeanFactory.getTypeForFactoryBean(AbstractBeanFactory.java:1421)
	at org.springframework.beans.factory.support.AbstractAutowireCapableBeanFactory.getTypeForFactoryBean(AbstractAutowireCapableBeanFactory.java:802)
	at org.springframework.beans.factory.support.AbstractBeanFactory.isTypeMatch(AbstractBeanFactory.java:542)
	at org.springframework.beans.factory.support.DefaultListableBeanFactory.doGetBeanNamesForType(DefaultListableBeanFactory.java:436)
	at org.springframework.beans.factory.support.DefaultListableBeanFactory.getBeanNamesForType(DefaultListableBeanFactory.java:412)
	at org.springframework.beans.factory.BeanFactoryUtils.beanNamesForTypeIncludingAncestors(BeanFactoryUtils.java:186)
	at org.springframework.beans.factory.support.DefaultListableBeanFactory.findAutowireCandidates(DefaultListableBeanFactory.java:1105)
	at org.springframework.beans.factory.support.DefaultListableBeanFactory.doResolveDependency(DefaultListableBeanFactory.java:1044)
	at org.springframework.beans.factory.support.DefaultListableBeanFactory.resolveDependency(DefaultListableBeanFactory.java:942)
	at org.springframework.beans.factory.support.AbstractAutowireCapableBeanFactory.autowireByType(AbstractAutowireCapableBeanFactory.java:1288)
	at org.springframework.beans.factory.support.AbstractAutowireCapableBeanFactory.populateBean(AbstractAutowireCapableBeanFactory.java:1195)
	at org.springframework.beans.factory.support.AbstractAutowireCapableBeanFactory.doCreateBean(AbstractAutowireCapableBeanFactory.java:537)
	at org.springframework.beans.factory.support.AbstractAutowireCapableBeanFactory.createBean(AbstractAutowireCapableBeanFactory.java:476)
	at org.springframework.beans.factory.support.AbstractBeanFactory$1.getObject(AbstractBeanFactory.java:303)
	at org.springframework.beans.factory.support.DefaultSingletonBeanRegistry.getSingleton(DefaultSingletonBeanRegistry.java:230)
	at org.springframework.beans.factory.support.AbstractBeanFactory.doGetBean(AbstractBeanFactory.java:299)
	at org.springframework.beans.factory.support.AbstractBeanFactory.getBean(AbstractBeanFactory.java:194)
	at org.springframework.beans.factory.support.DefaultListableBeanFactory.preInstantiateSingletons(DefaultListableBeanFactory.java:736)
	at org.springframework.context.support.AbstractApplicationContext.finishBeanFactoryInitialization(AbstractApplicationContext.java:757)
	at org.springframework.context.support.AbstractApplicationContext.refresh(AbstractApplicationContext.java:480)
	at org.springframework.context.support.ClassPathXmlApplicationContext.&lt;init&gt;(ClassPathXmlApplicationContext.java:139)
	at org.springframework.context.support.ClassPathXmlApplicationContext.&lt;init&gt;(ClassPathXmlApplicationContext.java:83)
	at cn.itrip.dao.user.TestItripUserMapper.testGetItripUserById(TestItripUserMapper.java:17)
	at sun.reflect.NativeMethodAccessorImpl.invoke0(Native Method)
	at sun.reflect.NativeMethodAccessorImpl.invoke(NativeMethodAccessorImpl.java:62)
	at sun.reflect.DelegatingMethodAccessorImpl.invoke(DelegatingMethodAccessorImpl.java:43)
	at java.lang.reflect.Method.invoke(Method.java:498)
	at org.junit.runners.model.FrameworkMethod$1.runReflectiveCall(FrameworkMethod.java:47)
	at org.junit.internal.runners.model.ReflectiveCallable.run(ReflectiveCallable.java:12)
	at org.junit.runners.model.FrameworkMethod.invokeExplosively(FrameworkMethod.java:44)
	at org.junit.internal.runners.statements.InvokeMethod.evaluate(InvokeMethod.java:17)
	at org.junit.runners.ParentRunner.runLeaf(ParentRunner.java:271)
	at org.junit.runners.BlockJUnit4ClassRunner.runChild(BlockJUnit4ClassRunner.java:70)
	at org.junit.runners.BlockJUnit4ClassRunner.runChild(BlockJUnit4ClassRunner.java:50)
	at org.junit.runners.ParentRunner$3.run(ParentRunner.java:238)
	at org.junit.runners.ParentRunner$1.schedule(ParentRunner.java:63)
	at org.junit.runners.ParentRunner.runChildren(ParentRunner.java:236)
	at org.junit.runners.ParentRunner.access$000(ParentRunner.java:53)
	at org.junit.runners.ParentRunner$2.evaluate(ParentRunner.java:229)
	at org.junit.runners.ParentRunner.run(ParentRunner.java:309)
	at org.apache.maven.surefire.junit4.JUnit4Provider.execute(JUnit4Provider.java:252)
	at org.apache.maven.surefire.junit4.JUnit4Provider.executeTestSet(JUnit4Provider.java:141)
	at org.apache.maven.surefire.junit4.JUnit4Provider.invoke(JUnit4Provider.java:112)
	at sun.reflect.NativeMethodAccessorImpl.invoke0(Native Method)
	at sun.reflect.NativeMethodAccessorImpl.invoke(NativeMethodAccessorImpl.java:62)
	at sun.reflect.DelegatingMethodAccessorImpl.invoke(DelegatingMethodAccessorImpl.java:43)
	at java.lang.reflect.Method.invoke(Method.java:498)
	at org.apache.maven.surefire.util.ReflectionUtils.invokeMethodWithArray(ReflectionUtils.java:189)
	at org.apache.maven.surefire.booter.ProviderFactory$ProviderProxy.invoke(ProviderFactory.java:165)
	at org.apache.maven.surefire.booter.ProviderFactory.invokeProvider(ProviderFactory.java:85)
	at org.apache.maven.surefire.booter.ForkedBooter.runSuitesInProcess(ForkedBooter.java:115)
	at org.apache.maven.surefire.booter.ForkedBooter.main(ForkedBooter.java:75)
Caused by: org.apache.ibatis.builder.BuilderException: Wrong namespace. Expected &apos;cn.itrip.dao.hotelroom.HotelroomMapper&apos; but found &apos;cn.itrip.dao.HotelroomMapper&apos;.
	at org.apache.ibatis.builder.MapperBuilderAssistant.setCurrentNamespace(MapperBuilderAssistant.java:75)
	at org.apache.ibatis.builder.xml.XMLMapperBuilder.configurationElement(XMLMapperBuilder.java:105)
	... 82 more
- (1921 ms) - [WARN] 2019-01-15 20:55:32,854 org.springframework.beans.factory.support.DefaultListableBeanFactory - Bean creation exception on FactoryBean type check: org.springframework.beans.factory.BeanCreationException: Error creating bean with name &apos;hotelroomMapper&apos; defined in file [E:\ideaXM\itrip\itrip-dao\target\classes\cn\itrip\dao\hotelroom\HotelroomMapper.class]: Invocation of init method failed; nested exception is java.lang.IllegalArgumentException: java.lang.RuntimeException: Error parsing Mapper XML. Cause: org.apache.ibatis.builder.BuilderException: Wrong namespace. Expected &apos;cn.itrip.dao.hotelroom.HotelroomMapper&apos; but found &apos;cn.itrip.dao.HotelroomMapper&apos;.
- (1921 ms) - [DEBUG] 2019-01-15 20:55:32,854 org.springframework.beans.factory.support.DefaultListableBeanFactory - Returning cached instance of singleton bean &apos;sqlSessionFactoryBean&apos;
- (1921 ms) - [DEBUG] 2019-01-15 20:55:32,854 org.springframework.beans.factory.support.DefaultListableBeanFactory - Autowiring by type from bean name &apos;itripAreaDicMapper&apos; via property &apos;sqlSessionFactory&apos; to bean named &apos;sqlSessionFactoryBean&apos;
- (1922 ms) - [DEBUG] 2019-01-15 20:55:32,855 org.springframework.beans.factory.support.DefaultListableBeanFactory - Creating shared instance of singleton bean &apos;hotelroomMapper&apos;
- (1922 ms) - [DEBUG] 2019-01-15 20:55:32,855 org.springframework.beans.factory.support.DefaultListableBeanFactory - Creating instance of bean &apos;hotelroomMapper&apos;
- (1922 ms) - [DEBUG] 2019-01-15 20:55:32,855 org.springframework.beans.factory.support.DefaultListableBeanFactory - Eagerly caching bean &apos;hotelroomMapper&apos; to allow for resolving potential circular references
- (1922 ms) - [DEBUG] 2019-01-15 20:55:32,855 org.springframework.beans.factory.support.DefaultListableBeanFactory - Returning cached instance of singleton bean &apos;sqlSessionFactoryBean&apos;
- (1923 ms) - [DEBUG] 2019-01-15 20:55:32,856 org.springframework.beans.factory.support.DefaultListableBeanFactory - Autowiring by type from bean name &apos;hotelroomMapper&apos; via property &apos;sqlSessionFactory&apos; to bean named &apos;sqlSessionFactoryBean&apos;
- (1923 ms) - [DEBUG] 2019-01-15 20:55:32,856 org.springframework.beans.factory.support.DefaultListableBeanFactory - Returning eagerly cached instance of singleton bean &apos;hotelroomMapper&apos; that is not fully initialized yet - a consequence of a circular reference
- (1923 ms) - [DEBUG] 2019-01-15 20:55:32,856 org.springframework.beans.factory.support.DefaultListableBeanFactory - Invoking afterPropertiesSet() on bean with name &apos;hotelroomMapper&apos;
- (1926 ms) - [ERROR] 2019-01-15 20:55:32,859 org.mybatis.spring.mapper.MapperFactoryBean - Error while adding the mapper &apos;interface cn.itrip.dao.hotelroom.HotelroomMapper&apos; to configuration.
java.lang.RuntimeException: Error parsing Mapper XML. Cause: org.apache.ibatis.builder.BuilderException: Wrong namespace. Expected &apos;cn.itrip.dao.hotelroom.HotelroomMapper&apos; but found &apos;cn.itrip.dao.HotelroomMapper&apos;.
	at org.apache.ibatis.builder.xml.XMLMapperBuilder.configurationElement(XMLMapperBuilder.java:113)
	at org.apache.ibatis.builder.xml.XMLMapperBuilder.parse(XMLMapperBuilder.java:88)
	at org.apache.ibatis.builder.annotation.MapperAnnotationBuilder.loadXmlResource(MapperAnnotationBuilder.java:159)
	at org.apache.ibatis.builder.annotation.MapperAnnotationBuilder.parse(MapperAnnotationBuilder.java:113)
	at org.apache.ibatis.binding.MapperRegistry.addMapper(MapperRegistry.java:66)
	at org.apache.ibatis.session.Configuration.addMapper(Configuration.java:635)
	at org.mybatis.spring.mapper.MapperFactoryBean.checkDaoConfig(MapperFactoryBean.java:95)
	at org.springframework.dao.support.DaoSupport.afterPropertiesSet(DaoSupport.java:44)
	at org.springframework.beans.factory.support.AbstractAutowireCapableBeanFactory.invokeInitMethods(AbstractAutowireCapableBeanFactory.java:1633)
	at org.springframework.beans.factory.support.AbstractAutowireCapableBeanFactory.initializeBean(AbstractAutowireCapableBeanFactory.java:1570)
	at org.springframework.beans.factory.support.AbstractAutowireCapableBeanFactory.doCreateBean(AbstractAutowireCapableBeanFactory.java:539)
	at org.springframework.beans.factory.support.AbstractAutowireCapableBeanFactory.createBean(AbstractAutowireCapableBeanFactory.java:476)
	at org.springframework.beans.factory.support.AbstractBeanFactory$1.getObject(AbstractBeanFactory.java:303)
	at org.springframework.beans.factory.support.DefaultSingletonBeanRegistry.getSingleton(DefaultSingletonBeanRegistry.java:230)
	at org.springframework.beans.factory.support.AbstractBeanFactory.doGetBean(AbstractBeanFactory.java:299)
	at org.springframework.beans.factory.support.AbstractBeanFactory.getTypeForFactoryBean(AbstractBeanFactory.java:1421)
	at org.springframework.beans.factory.support.AbstractAutowireCapableBeanFactory.getTypeForFactoryBean(AbstractAutowireCapableBeanFactory.java:802)
	at org.springframework.beans.factory.support.AbstractBeanFactory.isTypeMatch(AbstractBeanFactory.java:542)
	at org.springframework.beans.factory.support.DefaultListableBeanFactory.doGetBeanNamesForType(DefaultListableBeanFactory.java:436)
	at org.springframework.beans.factory.support.DefaultListableBeanFactory.getBeanNamesForType(DefaultListableBeanFactory.java:412)
	at org.springframework.beans.factory.BeanFactoryUtils.beanNamesForTypeIncludingAncestors(BeanFactoryUtils.java:186)
	at org.springframework.beans.factory.support.DefaultListableBeanFactory.findAutowireCandidates(DefaultListableBeanFactory.java:1105)
	at org.springframework.beans.factory.support.DefaultListableBeanFactory.doResolveDependency(DefaultListableBeanFactory.java:1044)
	at org.springframework.beans.factory.support.DefaultListableBeanFactory.resolveDependency(DefaultListableBeanFactory.java:942)
	at org.springframework.beans.factory.support.AbstractAutowireCapableBeanFactory.autowireByType(AbstractAutowireCapableBeanFactory.java:1288)
	at org.springframework.beans.factory.support.AbstractAutowireCapableBeanFactory.populateBean(AbstractAutowireCapableBeanFactory.java:1195)
	at org.springframework.beans.factory.support.AbstractAutowireCapableBeanFactory.doCreateBean(AbstractAutowireCapableBeanFactory.java:537)
	at org.springframework.beans.factory.support.AbstractAutowireCapableBeanFactory.createBean(AbstractAutowireCapableBeanFactory.java:476)
	at org.springframework.beans.factory.support.AbstractBeanFactory$1.getObject(AbstractBeanFactory.java:303)
	at org.springframework.beans.factory.support.DefaultSingletonBeanRegistry.getSingleton(DefaultSingletonBeanRegistry.java:230)
	at org.springframework.beans.factory.support.AbstractBeanFactory.doGetBean(AbstractBeanFactory.java:299)
	at org.springframework.beans.factory.support.AbstractBeanFactory.getTypeForFactoryBean(AbstractBeanFactory.java:1421)
	at org.springframework.beans.factory.support.AbstractAutowireCapableBeanFactory.getTypeForFactoryBean(AbstractAutowireCapableBeanFactory.java:802)
	at org.springframework.beans.factory.support.AbstractBeanFactory.isTypeMatch(AbstractBeanFactory.java:542)
	at org.springframework.beans.factory.support.DefaultListableBeanFactory.doGetBeanNamesForType(DefaultListableBeanFactory.java:436)
	at org.springframework.beans.factory.support.DefaultListableBeanFactory.getBeanNamesForType(DefaultListableBeanFactory.java:412)
	at org.springframework.beans.factory.BeanFactoryUtils.beanNamesForTypeIncludingAncestors(BeanFactoryUtils.java:186)
	at org.springframework.beans.factory.support.DefaultListableBeanFactory.findAutowireCandidates(DefaultListableBeanFactory.java:1105)
	at org.springframework.beans.factory.support.DefaultListableBeanFactory.doResolveDependency(DefaultListableBeanFactory.java:1044)
	at org.springframework.beans.factory.support.DefaultListableBeanFactory.resolveDependency(DefaultListableBeanFactory.java:942)
	at org.springframework.beans.factory.support.AbstractAutowireCapableBeanFactory.autowireByType(AbstractAutowireCapableBeanFactory.java:1288)
	at org.springframework.beans.factory.support.AbstractAutowireCapableBeanFactory.populateBean(AbstractAutowireCapableBeanFactory.java:1195)
	at org.springframework.beans.factory.support.AbstractAutowireCapableBeanFactory.doCreateBean(AbstractAutowireCapableBeanFactory.java:537)
	at org.springframework.beans.factory.support.AbstractAutowireCapableBeanFactory.createBean(AbstractAutowireCapableBeanFactory.java:476)
	at org.springframework.beans.factory.support.AbstractBeanFactory$1.getObject(AbstractBeanFactory.java:303)
	at org.springframework.beans.factory.support.DefaultSingletonBeanRegistry.getSingleton(DefaultSingletonBeanRegistry.java:230)
	at org.springframework.beans.factory.support.AbstractBeanFactory.doGetBean(AbstractBeanFactory.java:299)
	at org.springframework.beans.factory.support.AbstractBeanFactory.getBean(AbstractBeanFactory.java:194)
	at org.springframework.beans.factory.support.DefaultListableBeanFactory.preInstantiateSingletons(DefaultListableBeanFactory.java:736)
	at org.springframework.context.support.AbstractApplicationContext.finishBeanFactoryInitialization(AbstractApplicationContext.java:757)
	at org.springframework.context.support.AbstractApplicationContext.refresh(AbstractApplicationContext.java:480)
	at org.springframework.context.support.ClassPathXmlApplicationContext.&lt;init&gt;(ClassPathXmlApplicationContext.java:139)
	at org.springframework.context.support.ClassPathXmlApplicationContext.&lt;init&gt;(ClassPathXmlApplicationContext.java:83)
	at cn.itrip.dao.user.TestItripUserMapper.testGetItripUserById(TestItripUserMapper.java:17)
	at sun.reflect.NativeMethodAccessorImpl.invoke0(Native Method)
	at sun.reflect.NativeMethodAccessorImpl.invoke(NativeMethodAccessorImpl.java:62)
	at sun.reflect.DelegatingMethodAccessorImpl.invoke(DelegatingMethodAccessorImpl.java:43)
	at java.lang.reflect.Method.invoke(Method.java:498)
	at org.junit.runners.model.FrameworkMethod$1.runReflectiveCall(FrameworkMethod.java:47)
	at org.junit.internal.runners.model.ReflectiveCallable.run(ReflectiveCallable.java:12)
	at org.junit.runners.model.FrameworkMethod.invokeExplosively(FrameworkMethod.java:44)
	at org.junit.internal.runners.statements.InvokeMethod.evaluate(InvokeMethod.java:17)
	at org.junit.runners.ParentRunner.runLeaf(ParentRunner.java:271)
	at org.junit.runners.BlockJUnit4ClassRunner.runChild(BlockJUnit4ClassRunner.java:70)
	at org.junit.runners.BlockJUnit4ClassRunner.runChild(BlockJUnit4ClassRunner.java:50)
	at org.junit.runners.ParentRunner$3.run(ParentRunner.java:238)
	at org.junit.runners.ParentRunner$1.schedule(ParentRunner.java:63)
	at org.junit.runners.ParentRunner.runChildren(ParentRunner.java:236)
	at org.junit.runners.ParentRunner.access$000(ParentRunner.java:53)
	at org.junit.runners.ParentRunner$2.evaluate(ParentRunner.java:229)
	at org.junit.runners.ParentRunner.run(ParentRunner.java:309)
	at org.apache.maven.surefire.junit4.JUnit4Provider.execute(JUnit4Provider.java:252)
	at org.apache.maven.surefire.junit4.JUnit4Provider.executeTestSet(JUnit4Provider.java:141)
	at org.apache.maven.surefire.junit4.JUnit4Provider.invoke(JUnit4Provider.java:112)
	at sun.reflect.NativeMethodAccessorImpl.invoke0(Native Method)
	at sun.reflect.NativeMethodAccessorImpl.invoke(NativeMethodAccessorImpl.java:62)
	at sun.reflect.DelegatingMethodAccessorImpl.invoke(DelegatingMethodAccessorImpl.java:43)
	at java.lang.reflect.Method.invoke(Method.java:498)
	at org.apache.maven.surefire.util.ReflectionUtils.invokeMethodWithArray(ReflectionUtils.java:189)
	at org.apache.maven.surefire.booter.ProviderFactory$ProviderProxy.invoke(ProviderFactory.java:165)
	at org.apache.maven.surefire.booter.ProviderFactory.invokeProvider(ProviderFactory.java:85)
	at org.apache.maven.surefire.booter.ForkedBooter.runSuitesInProcess(ForkedBooter.java:115)
	at org.apache.maven.surefire.booter.ForkedBooter.main(ForkedBooter.java:75)
Caused by: org.apache.ibatis.builder.BuilderException: Wrong namespace. Expected &apos;cn.itrip.dao.hotelroom.HotelroomMapper&apos; but found &apos;cn.itrip.dao.HotelroomMapper&apos;.
	at org.apache.ibatis.builder.MapperBuilderAssistant.setCurrentNamespace(MapperBuilderAssistant.java:75)
	at org.apache.ibatis.builder.xml.XMLMapperBuilder.configurationElement(XMLMapperBuilder.java:105)
	... 82 more
- (1928 ms) - [WARN] 2019-01-15 20:55:32,861 org.springframework.beans.factory.support.DefaultListableBeanFactory - Bean creation exception on FactoryBean type check: org.springframework.beans.factory.BeanCreationException: Error creating bean with name &apos;hotelroomMapper&apos; defined in file [E:\ideaXM\itrip\itrip-dao\target\classes\cn\itrip\dao\hotelroom\HotelroomMapper.class]: Invocation of init method failed; nested exception is java.lang.IllegalArgumentException: java.lang.RuntimeException: Error parsing Mapper XML. Cause: org.apache.ibatis.builder.BuilderException: Wrong namespace. Expected &apos;cn.itrip.dao.hotelroom.HotelroomMapper&apos; but found &apos;cn.itrip.dao.HotelroomMapper&apos;.
- (1928 ms) - [DEBUG] 2019-01-15 20:55:32,861 org.springframework.beans.factory.support.DefaultListableBeanFactory - Invoking afterPropertiesSet() on bean with name &apos;itripAreaDicMapper&apos;
- (1939 ms) - [DEBUG] 2019-01-15 20:55:32,872 org.springframework.beans.factory.support.DefaultListableBeanFactory - Finished creating instance of bean &apos;itripAreaDicMapper&apos;
- (1939 ms) - [DEBUG] 2019-01-15 20:55:32,872 org.springframework.beans.factory.support.DefaultListableBeanFactory - Creating shared instance of singleton bean &apos;hotelroomMapper&apos;
- (1940 ms) - [DEBUG] 2019-01-15 20:55:32,873 org.springframework.beans.factory.support.DefaultListableBeanFactory - Creating instance of bean &apos;hotelroomMapper&apos;
- (1940 ms) - [DEBUG] 2019-01-15 20:55:32,873 org.springframework.beans.factory.support.DefaultListableBeanFactory - Eagerly caching bean &apos;hotelroomMapper&apos; to allow for resolving potential circular references
- (1941 ms) - [DEBUG] 2019-01-15 20:55:32,874 org.springframework.beans.factory.support.DefaultListableBeanFactory - Returning eagerly cached instance of singleton bean &apos;hotelroomMapper&apos; that is not fully initialized yet - a consequence of a circular reference
- (1941 ms) - [DEBUG] 2019-01-15 20:55:32,874 org.springframework.beans.factory.support.DefaultListableBeanFactory - Returning cached instance of singleton bean &apos;sqlSessionFactoryBean&apos;
- (1942 ms) - [DEBUG] 2019-01-15 20:55:32,875 org.springframework.beans.factory.support.DefaultListableBeanFactory - Autowiring by type from bean name &apos;hotelroomMapper&apos; via property &apos;sqlSessionFactory&apos; to bean named &apos;sqlSessionFactoryBean&apos;
- (1942 ms) - [DEBUG] 2019-01-15 20:55:32,875 org.springframework.beans.factory.support.DefaultListableBeanFactory - Invoking afterPropertiesSet() on bean with name &apos;hotelroomMapper&apos;
- (1947 ms) - [ERROR] 2019-01-15 20:55:32,880 org.mybatis.spring.mapper.MapperFactoryBean - Error while adding the mapper &apos;interface cn.itrip.dao.hotelroom.HotelroomMapper&apos; to configuration.
java.lang.RuntimeException: Error parsing Mapper XML. Cause: org.apache.ibatis.builder.BuilderException: Wrong namespace. Expected &apos;cn.itrip.dao.hotelroom.HotelroomMapper&apos; but found &apos;cn.itrip.dao.HotelroomMapper&apos;.
	at org.apache.ibatis.builder.xml.XMLMapperBuilder.configurationElement(XMLMapperBuilder.java:113)
	at org.apache.ibatis.builder.xml.XMLMapperBuilder.parse(XMLMapperBuilder.java:88)
	at org.apache.ibatis.builder.annotation.MapperAnnotationBuilder.loadXmlResource(MapperAnnotationBuilder.java:159)
	at org.apache.ibatis.builder.annotation.MapperAnnotationBuilder.parse(MapperAnnotationBuilder.java:113)
	at org.apache.ibatis.binding.MapperRegistry.addMapper(MapperRegistry.java:66)
	at org.apache.ibatis.session.Configuration.addMapper(Configuration.java:635)
	at org.mybatis.spring.mapper.MapperFactoryBean.checkDaoConfig(MapperFactoryBean.java:95)
	at org.springframework.dao.support.DaoSupport.afterPropertiesSet(DaoSupport.java:44)
	at org.springframework.beans.factory.support.AbstractAutowireCapableBeanFactory.invokeInitMethods(AbstractAutowireCapableBeanFactory.java:1633)
	at org.springframework.beans.factory.support.AbstractAutowireCapableBeanFactory.initializeBean(AbstractAutowireCapableBeanFactory.java:1570)
	at org.springframework.beans.factory.support.AbstractAutowireCapableBeanFactory.doCreateBean(AbstractAutowireCapableBeanFactory.java:539)
	at org.springframework.beans.factory.support.AbstractAutowireCapableBeanFactory.createBean(AbstractAutowireCapableBeanFactory.java:476)
	at org.springframework.beans.factory.support.AbstractBeanFactory$1.getObject(AbstractBeanFactory.java:303)
	at org.springframework.beans.factory.support.DefaultSingletonBeanRegistry.getSingleton(DefaultSingletonBeanRegistry.java:230)
	at org.springframework.beans.factory.support.AbstractBeanFactory.doGetBean(AbstractBeanFactory.java:299)
	at org.springframework.beans.factory.support.AbstractBeanFactory.getTypeForFactoryBean(AbstractBeanFactory.java:1421)
	at org.springframework.beans.factory.support.AbstractAutowireCapableBeanFactory.getTypeForFactoryBean(AbstractAutowireCapableBeanFactory.java:802)
	at org.springframework.beans.factory.support.AbstractBeanFactory.isTypeMatch(AbstractBeanFactory.java:542)
	at org.springframework.beans.factory.support.DefaultListableBeanFactory.doGetBeanNamesForType(DefaultListableBeanFactory.java:436)
	at org.springframework.beans.factory.support.DefaultListableBeanFactory.getBeanNamesForType(DefaultListableBeanFactory.java:412)
	at org.springframework.beans.factory.BeanFactoryUtils.beanNamesForTypeIncludingAncestors(BeanFactoryUtils.java:186)
	at org.springframework.beans.factory.support.DefaultListableBeanFactory.findAutowireCandidates(DefaultListableBeanFactory.java:1105)
	at org.springframework.beans.factory.support.DefaultListableBeanFactory.doResolveDependency(DefaultListableBeanFactory.java:1044)
	at org.springframework.beans.factory.support.DefaultListableBeanFactory.resolveDependency(DefaultListableBeanFactory.java:942)
	at org.springframework.beans.factory.support.AbstractAutowireCapableBeanFactory.autowireByType(AbstractAutowireCapableBeanFactory.java:1288)
	at org.springframework.beans.factory.support.AbstractAutowireCapableBeanFactory.populateBean(AbstractAutowireCapableBeanFactory.java:1195)
	at org.springframework.beans.factory.support.AbstractAutowireCapableBeanFactory.doCreateBean(AbstractAutowireCapableBeanFactory.java:537)
	at org.springframework.beans.factory.support.AbstractAutowireCapableBeanFactory.createBean(AbstractAutowireCapableBeanFactory.java:476)
	at org.springframework.beans.factory.support.AbstractBeanFactory$1.getObject(AbstractBeanFactory.java:303)
	at org.springframework.beans.factory.support.DefaultSingletonBeanRegistry.getSingleton(DefaultSingletonBeanRegistry.java:230)
	at org.springframework.beans.factory.support.AbstractBeanFactory.doGetBean(AbstractBeanFactory.java:299)
	at org.springframework.beans.factory.support.AbstractBeanFactory.getBean(AbstractBeanFactory.java:194)
	at org.springframework.beans.factory.support.DefaultListableBeanFactory.preInstantiateSingletons(DefaultListableBeanFactory.java:736)
	at org.springframework.context.support.AbstractApplicationContext.finishBeanFactoryInitialization(AbstractApplicationContext.java:757)
	at org.springframework.context.support.AbstractApplicationContext.refresh(AbstractApplicationContext.java:480)
	at org.springframework.context.support.ClassPathXmlApplicationContext.&lt;init&gt;(ClassPathXmlApplicationContext.java:139)
	at org.springframework.context.support.ClassPathXmlApplicationContext.&lt;init&gt;(ClassPathXmlApplicationContext.java:83)
	at cn.itrip.dao.user.TestItripUserMapper.testGetItripUserById(TestItripUserMapper.java:17)
	at sun.reflect.NativeMethodAccessorImpl.invoke0(Native Method)
	at sun.reflect.NativeMethodAccessorImpl.invoke(NativeMethodAccessorImpl.java:62)
	at sun.reflect.DelegatingMethodAccessorImpl.invoke(DelegatingMethodAccessorImpl.java:43)
	at java.lang.reflect.Method.invoke(Method.java:498)
	at org.junit.runners.model.FrameworkMethod$1.runReflectiveCall(FrameworkMethod.java:47)
	at org.junit.internal.runners.model.ReflectiveCallable.run(ReflectiveCallable.java:12)
	at org.junit.runners.model.FrameworkMethod.invokeExplosively(FrameworkMethod.java:44)
	at org.junit.internal.runners.statements.InvokeMethod.evaluate(InvokeMethod.java:17)
	at org.junit.runners.ParentRunner.runLeaf(ParentRunner.java:271)
	at org.junit.runners.BlockJUnit4ClassRunner.runChild(BlockJUnit4ClassRunner.java:70)
	at org.junit.runners.BlockJUnit4ClassRunner.runChild(BlockJUnit4ClassRunner.java:50)
	at org.junit.runners.ParentRunner$3.run(ParentRunner.java:238)
	at org.junit.runners.ParentRunner$1.schedule(ParentRunner.java:63)
	at org.junit.runners.ParentRunner.runChildren(ParentRunner.java:236)
	at org.junit.runners.ParentRunner.access$000(ParentRunner.java:53)
	at org.junit.runners.ParentRunner$2.evaluate(ParentRunner.java:229)
	at org.junit.runners.ParentRunner.run(ParentRunner.java:309)
	at org.apache.maven.surefire.junit4.JUnit4Provider.execute(JUnit4Provider.java:252)
	at org.apache.maven.surefire.junit4.JUnit4Provider.executeTestSet(JUnit4Provider.java:141)
	at org.apache.maven.surefire.junit4.JUnit4Provider.invoke(JUnit4Provider.java:112)
	at sun.reflect.NativeMethodAccessorImpl.invoke0(Native Method)
	at sun.reflect.NativeMethodAccessorImpl.invoke(NativeMethodAccessorImpl.java:62)
	at sun.reflect.DelegatingMethodAccessorImpl.invoke(DelegatingMethodAccessorImpl.java:43)
	at java.lang.reflect.Method.invoke(Method.java:498)
	at org.apache.maven.surefire.util.ReflectionUtils.invokeMethodWithArray(ReflectionUtils.java:189)
	at org.apache.maven.surefire.booter.ProviderFactory$ProviderProxy.invoke(ProviderFactory.java:165)
	at org.apache.maven.surefire.booter.ProviderFactory.invokeProvider(ProviderFactory.java:85)
	at org.apache.maven.surefire.booter.ForkedBooter.runSuitesInProcess(ForkedBooter.java:115)
	at org.apache.maven.surefire.booter.ForkedBooter.main(ForkedBooter.java:75)
Caused by: org.apache.ibatis.builder.BuilderException: Wrong namespace. Expected &apos;cn.itrip.dao.hotelroom.HotelroomMapper&apos; but found &apos;cn.itrip.dao.HotelroomMapper&apos;.
	at org.apache.ibatis.builder.MapperBuilderAssistant.setCurrentNamespace(MapperBuilderAssistant.java:75)
	at org.apache.ibatis.builder.xml.XMLMapperBuilder.configurationElement(XMLMapperBuilder.java:105)
	... 66 more
- (1948 ms) - [WARN] 2019-01-15 20:55:32,881 org.springframework.beans.factory.support.DefaultListableBeanFactory - Bean creation exception on FactoryBean type check: org.springframework.beans.factory.BeanCreationException: Error creating bean with name &apos;hotelroomMapper&apos; defined in file [E:\ideaXM\itrip\itrip-dao\target\classes\cn\itrip\dao\hotelroom\HotelroomMapper.class]: Invocation of init method failed; nested exception is java.lang.IllegalArgumentException: java.lang.RuntimeException: Error parsing Mapper XML. Cause: org.apache.ibatis.builder.BuilderException: Wrong namespace. Expected &apos;cn.itrip.dao.hotelroom.HotelroomMapper&apos; but found &apos;cn.itrip.dao.HotelroomMapper&apos;.
- (1949 ms) - [DEBUG] 2019-01-15 20:55:32,882 org.springframework.beans.factory.support.DefaultListableBeanFactory - Returning cached instance of singleton bean &apos;sqlSessionFactoryBean&apos;
- (1949 ms) - [DEBUG] 2019-01-15 20:55:32,882 org.springframework.beans.factory.support.DefaultListableBeanFactory - Autowiring by type from bean name &apos;itripHotMapper&apos; via property &apos;sqlSessionFactory&apos; to bean named &apos;sqlSessionFactoryBean&apos;
- (1949 ms) - [DEBUG] 2019-01-15 20:55:32,882 org.springframework.beans.factory.support.DefaultListableBeanFactory - Creating shared instance of singleton bean &apos;hotelroomMapper&apos;
- (1950 ms) - [DEBUG] 2019-01-15 20:55:32,883 org.springframework.beans.factory.support.DefaultListableBeanFactory - Creating instance of bean &apos;hotelroomMapper&apos;
- (1950 ms) - [DEBUG] 2019-01-15 20:55:32,883 org.springframework.beans.factory.support.DefaultListableBeanFactory - Eagerly caching bean &apos;hotelroomMapper&apos; to allow for resolving potential circular references
- (1950 ms) - [DEBUG] 2019-01-15 20:55:32,883 org.springframework.beans.factory.support.DefaultListableBeanFactory - Returning cached instance of singleton bean &apos;sqlSessionFactoryBean&apos;
- (1950 ms) - [DEBUG] 2019-01-15 20:55:32,883 org.springframework.beans.factory.support.DefaultListableBeanFactory - Autowiring by type from bean name &apos;hotelroomMapper&apos; via property &apos;sqlSessionFactory&apos; to bean named &apos;sqlSessionFactoryBean&apos;
- (1950 ms) - [DEBUG] 2019-01-15 20:55:32,883 org.springframework.beans.factory.support.DefaultListableBeanFactory - Returning eagerly cached instance of singleton bean &apos;hotelroomMapper&apos; that is not fully initialized yet - a consequence of a circular reference
- (1951 ms) - [DEBUG] 2019-01-15 20:55:32,884 org.springframework.beans.factory.support.DefaultListableBeanFactory - Invoking afterPropertiesSet() on bean with name &apos;hotelroomMapper&apos;
- (1958 ms) - [ERROR] 2019-01-15 20:55:32,891 org.mybatis.spring.mapper.MapperFactoryBean - Error while adding the mapper &apos;interface cn.itrip.dao.hotelroom.HotelroomMapper&apos; to configuration.
java.lang.RuntimeException: Error parsing Mapper XML. Cause: org.apache.ibatis.builder.BuilderException: Wrong namespace. Expected &apos;cn.itrip.dao.hotelroom.HotelroomMapper&apos; but found &apos;cn.itrip.dao.HotelroomMapper&apos;.
	at org.apache.ibatis.builder.xml.XMLMapperBuilder.configurationElement(XMLMapperBuilder.java:113)
	at org.apache.ibatis.builder.xml.XMLMapperBuilder.parse(XMLMapperBuilder.java:88)
	at org.apache.ibatis.builder.annotation.MapperAnnotationBuilder.loadXmlResource(MapperAnnotationBuilder.java:159)
	at org.apache.ibatis.builder.annotation.MapperAnnotationBuilder.parse(MapperAnnotationBuilder.java:113)
	at org.apache.ibatis.binding.MapperRegistry.addMapper(MapperRegistry.java:66)
	at org.apache.ibatis.session.Configuration.addMapper(Configuration.java:635)
	at org.mybatis.spring.mapper.MapperFactoryBean.checkDaoConfig(MapperFactoryBean.java:95)
	at org.springframework.dao.support.DaoSupport.afterPropertiesSet(DaoSupport.java:44)
	at org.springframework.beans.factory.support.AbstractAutowireCapableBeanFactory.invokeInitMethods(AbstractAutowireCapableBeanFactory.java:1633)
	at org.springframework.beans.factory.support.AbstractAutowireCapableBeanFactory.initializeBean(AbstractAutowireCapableBeanFactory.java:1570)
	at org.springframework.beans.factory.support.AbstractAutowireCapableBeanFactory.doCreateBean(AbstractAutowireCapableBeanFactory.java:539)
	at org.springframework.beans.factory.support.AbstractAutowireCapableBeanFactory.createBean(AbstractAutowireCapableBeanFactory.java:476)
	at org.springframework.beans.factory.support.AbstractBeanFactory$1.getObject(AbstractBeanFactory.java:303)
	at org.springframework.beans.factory.support.DefaultSingletonBeanRegistry.getSingleton(DefaultSingletonBeanRegistry.java:230)
	at org.springframework.beans.factory.support.AbstractBeanFactory.doGetBean(AbstractBeanFactory.java:299)
	at org.springframework.beans.factory.support.AbstractBeanFactory.getTypeForFactoryBean(AbstractBeanFactory.java:1421)
	at org.springframework.beans.factory.support.AbstractAutowireCapableBeanFactory.getTypeForFactoryBean(AbstractAutowireCapableBeanFactory.java:802)
	at org.springframework.beans.factory.support.AbstractBeanFactory.isTypeMatch(AbstractBeanFactory.java:542)
	at org.springframework.beans.factory.support.DefaultListableBeanFactory.doGetBeanNamesForType(DefaultListableBeanFactory.java:436)
	at org.springframework.beans.factory.support.DefaultListableBeanFactory.getBeanNamesForType(DefaultListableBeanFactory.java:412)
	at org.springframework.beans.factory.BeanFactoryUtils.beanNamesForTypeIncludingAncestors(BeanFactoryUtils.java:186)
	at org.springframework.beans.factory.support.DefaultListableBeanFactory.findAutowireCandidates(DefaultListableBeanFactory.java:1105)
	at org.springframework.beans.factory.support.DefaultListableBeanFactory.doResolveDependency(DefaultListableBeanFactory.java:1044)
	at org.springframework.beans.factory.support.DefaultListableBeanFactory.resolveDependency(DefaultListableBeanFactory.java:942)
	at org.springframework.beans.factory.support.AbstractAutowireCapableBeanFactory.autowireByType(AbstractAutowireCapableBeanFactory.java:1288)
	at org.springframework.beans.factory.support.AbstractAutowireCapableBeanFactory.populateBean(AbstractAutowireCapableBeanFactory.java:1195)
	at org.springframework.beans.factory.support.AbstractAutowireCapableBeanFactory.doCreateBean(AbstractAutowireCapableBeanFactory.java:537)
	at org.springframework.beans.factory.support.AbstractAutowireCapableBeanFactory.createBean(AbstractAutowireCapableBeanFactory.java:476)
	at org.springframework.beans.factory.support.AbstractBeanFactory$1.getObject(AbstractBeanFactory.java:303)
	at org.springframework.beans.factory.support.DefaultSingletonBeanRegistry.getSingleton(DefaultSingletonBeanRegistry.java:230)
	at org.springframework.beans.factory.support.AbstractBeanFactory.doGetBean(AbstractBeanFactory.java:299)
	at org.springframework.beans.factory.support.AbstractBeanFactory.getBean(AbstractBeanFactory.java:194)
	at org.springframework.beans.factory.support.DefaultListableBeanFactory.preInstantiateSingletons(DefaultListableBeanFactory.java:736)
	at org.springframework.context.support.AbstractApplicationContext.finishBeanFactoryInitialization(AbstractApplicationContext.java:757)
	at org.springframework.context.support.AbstractApplicationContext.refresh(AbstractApplicationContext.java:480)
	at org.springframework.context.support.ClassPathXmlApplicationContext.&lt;init&gt;(ClassPathXmlApplicationContext.java:139)
	at org.springframework.context.support.ClassPathXmlApplicationContext.&lt;init&gt;(ClassPathXmlApplicationContext.java:83)
	at cn.itrip.dao.user.TestItripUserMapper.testGetItripUserById(TestItripUserMapper.java:17)
	at sun.reflect.NativeMethodAccessorImpl.invoke0(Native Method)
	at sun.reflect.NativeMethodAccessorImpl.invoke(NativeMethodAccessorImpl.java:62)
	at sun.reflect.DelegatingMethodAccessorImpl.invoke(DelegatingMethodAccessorImpl.java:43)
	at java.lang.reflect.Method.invoke(Method.java:498)
	at org.junit.runners.model.FrameworkMethod$1.runReflectiveCall(FrameworkMethod.java:47)
	at org.junit.internal.runners.model.ReflectiveCallable.run(ReflectiveCallable.java:12)
	at org.junit.runners.model.FrameworkMethod.invokeExplosively(FrameworkMethod.java:44)
	at org.junit.internal.runners.statements.InvokeMethod.evaluate(InvokeMethod.java:17)
	at org.junit.runners.ParentRunner.runLeaf(ParentRunner.java:271)
	at org.junit.runners.BlockJUnit4ClassRunner.runChild(BlockJUnit4ClassRunner.java:70)
	at org.junit.runners.BlockJUnit4ClassRunner.runChild(BlockJUnit4ClassRunner.java:50)
	at org.junit.runners.ParentRunner$3.run(ParentRunner.java:238)
	at org.junit.runners.ParentRunner$1.schedule(ParentRunner.java:63)
	at org.junit.runners.ParentRunner.runChildren(ParentRunner.java:236)
	at org.junit.runners.ParentRunner.access$000(ParentRunner.java:53)
	at org.junit.runners.ParentRunner$2.evaluate(ParentRunner.java:229)
	at org.junit.runners.ParentRunner.run(ParentRunner.java:309)
	at org.apache.maven.surefire.junit4.JUnit4Provider.execute(JUnit4Provider.java:252)
	at org.apache.maven.surefire.junit4.JUnit4Provider.executeTestSet(JUnit4Provider.java:141)
	at org.apache.maven.surefire.junit4.JUnit4Provider.invoke(JUnit4Provider.java:112)
	at sun.reflect.NativeMethodAccessorImpl.invoke0(Native Method)
	at sun.reflect.NativeMethodAccessorImpl.invoke(NativeMethodAccessorImpl.java:62)
	at sun.reflect.DelegatingMethodAccessorImpl.invoke(DelegatingMethodAccessorImpl.java:43)
	at java.lang.reflect.Method.invoke(Method.java:498)
	at org.apache.maven.surefire.util.ReflectionUtils.invokeMethodWithArray(ReflectionUtils.java:189)
	at org.apache.maven.surefire.booter.ProviderFactory$ProviderProxy.invoke(ProviderFactory.java:165)
	at org.apache.maven.surefire.booter.ProviderFactory.invokeProvider(ProviderFactory.java:85)
	at org.apache.maven.surefire.booter.ForkedBooter.runSuitesInProcess(ForkedBooter.java:115)
	at org.apache.maven.surefire.booter.ForkedBooter.main(ForkedBooter.java:75)
Caused by: org.apache.ibatis.builder.BuilderException: Wrong namespace. Expected &apos;cn.itrip.dao.hotelroom.HotelroomMapper&apos; but found &apos;cn.itrip.dao.HotelroomMapper&apos;.
	at org.apache.ibatis.builder.MapperBuilderAssistant.setCurrentNamespace(MapperBuilderAssistant.java:75)
	at org.apache.ibatis.builder.xml.XMLMapperBuilder.configurationElement(XMLMapperBuilder.java:105)
	... 66 more
- (1964 ms) - [WARN] 2019-01-15 20:55:32,897 org.springframework.beans.factory.support.DefaultListableBeanFactory - Bean creation exception on FactoryBean type check: org.springframework.beans.factory.BeanCreationException: Error creating bean with name &apos;hotelroomMapper&apos; defined in file [E:\ideaXM\itrip\itrip-dao\target\classes\cn\itrip\dao\hotelroom\HotelroomMapper.class]: Invocation of init method failed; nested exception is java.lang.IllegalArgumentException: java.lang.RuntimeException: Error parsing Mapper XML. Cause: org.apache.ibatis.builder.BuilderException: Wrong namespace. Expected &apos;cn.itrip.dao.hotelroom.HotelroomMapper&apos; but found &apos;cn.itrip.dao.HotelroomMapper&apos;.
- (1965 ms) - [DEBUG] 2019-01-15 20:55:32,898 org.springframework.beans.factory.support.DefaultListableBeanFactory - Invoking afterPropertiesSet() on bean with name &apos;itripHotMapper&apos;
- (1994 ms) - [DEBUG] 2019-01-15 20:55:32,927 org.springframework.beans.factory.support.DefaultListableBeanFactory - Finished creating instance of bean &apos;itripHotMapper&apos;
- (1995 ms) - [DEBUG] 2019-01-15 20:55:32,928 org.springframework.beans.factory.support.DefaultListableBeanFactory - Returning cached instance of singleton bean &apos;itripAreaDicMapper&apos;
- (1995 ms) - [DEBUG] 2019-01-15 20:55:32,928 org.springframework.beans.factory.support.DefaultListableBeanFactory - Returning cached instance of singleton bean &apos;itripCommentMapper&apos;
- (1995 ms) - [DEBUG] 2019-01-15 20:55:32,928 org.springframework.beans.factory.support.DefaultListableBeanFactory - Returning cached instance of singleton bean &apos;itripHotelMapper&apos;
- (1995 ms) - [DEBUG] 2019-01-15 20:55:32,928 org.springframework.beans.factory.support.DefaultListableBeanFactory - Returning cached instance of singleton bean &apos;itripHotelOrderMapper&apos;
- (1996 ms) - [DEBUG] 2019-01-15 20:55:32,929 org.springframework.beans.factory.support.DefaultListableBeanFactory - Creating shared instance of singleton bean &apos;hotelroomMapper&apos;
- (1996 ms) - [DEBUG] 2019-01-15 20:55:32,929 org.springframework.beans.factory.support.DefaultListableBeanFactory - Creating instance of bean &apos;hotelroomMapper&apos;
- (1996 ms) - [DEBUG] 2019-01-15 20:55:32,929 org.springframework.beans.factory.support.DefaultListableBeanFactory - Eagerly caching bean &apos;hotelroomMapper&apos; to allow for resolving potential circular references
- (1996 ms) - [DEBUG] 2019-01-15 20:55:32,929 org.springframework.beans.factory.support.DefaultListableBeanFactory - Returning eagerly cached instance of singleton bean &apos;hotelroomMapper&apos; that is not fully initialized yet - a consequence of a circular reference
- (1997 ms) - [DEBUG] 2019-01-15 20:55:32,930 org.springframework.beans.factory.support.DefaultListableBeanFactory - Returning cached instance of singleton bean &apos;sqlSessionFactoryBean&apos;
- (1997 ms) - [DEBUG] 2019-01-15 20:55:32,930 org.springframework.beans.factory.support.DefaultListableBeanFactory - Autowiring by type from bean name &apos;hotelroomMapper&apos; via property &apos;sqlSessionFactory&apos; to bean named &apos;sqlSessionFactoryBean&apos;
- (1997 ms) - [DEBUG] 2019-01-15 20:55:32,930 org.springframework.beans.factory.support.DefaultListableBeanFactory - Invoking afterPropertiesSet() on bean with name &apos;hotelroomMapper&apos;
- (2006 ms) - [ERROR] 2019-01-15 20:55:32,939 org.mybatis.spring.mapper.MapperFactoryBean - Error while adding the mapper &apos;interface cn.itrip.dao.hotelroom.HotelroomMapper&apos; to configuration.
java.lang.RuntimeException: Error parsing Mapper XML. Cause: org.apache.ibatis.builder.BuilderException: Wrong namespace. Expected &apos;cn.itrip.dao.hotelroom.HotelroomMapper&apos; but found &apos;cn.itrip.dao.HotelroomMapper&apos;.
	at org.apache.ibatis.builder.xml.XMLMapperBuilder.configurationElement(XMLMapperBuilder.java:113)
	at org.apache.ibatis.builder.xml.XMLMapperBuilder.parse(XMLMapperBuilder.java:88)
	at org.apache.ibatis.builder.annotation.MapperAnnotationBuilder.loadXmlResource(MapperAnnotationBuilder.java:159)
	at org.apache.ibatis.builder.annotation.MapperAnnotationBuilder.parse(MapperAnnotationBuilder.java:113)
	at org.apache.ibatis.binding.MapperRegistry.addMapper(MapperRegistry.java:66)
	at org.apache.ibatis.session.Configuration.addMapper(Configuration.java:635)
	at org.mybatis.spring.mapper.MapperFactoryBean.checkDaoConfig(MapperFactoryBean.java:95)
	at org.springframework.dao.support.DaoSupport.afterPropertiesSet(DaoSupport.java:44)
	at org.springframework.beans.factory.support.AbstractAutowireCapableBeanFactory.invokeInitMethods(AbstractAutowireCapableBeanFactory.java:1633)
	at org.springframework.beans.factory.support.AbstractAutowireCapableBeanFactory.initializeBean(AbstractAutowireCapableBeanFactory.java:1570)
	at org.springframework.beans.factory.support.AbstractAutowireCapableBeanFactory.doCreateBean(AbstractAutowireCapableBeanFactory.java:539)
	at org.springframework.beans.factory.support.AbstractAutowireCapableBeanFactory.createBean(AbstractAutowireCapableBeanFactory.java:476)
	at org.springframework.beans.factory.support.AbstractBeanFactory$1.getObject(AbstractBeanFactory.java:303)
	at org.springframework.beans.factory.support.DefaultSingletonBeanRegistry.getSingleton(DefaultSingletonBeanRegistry.java:230)
	at org.springframework.beans.factory.support.AbstractBeanFactory.doGetBean(AbstractBeanFactory.java:299)
	at org.springframework.beans.factory.support.AbstractBeanFactory.getBean(AbstractBeanFactory.java:194)
	at org.springframework.beans.factory.support.DefaultListableBeanFactory.preInstantiateSingletons(DefaultListableBeanFactory.java:736)
	at org.springframework.context.support.AbstractApplicationContext.finishBeanFactoryInitialization(AbstractApplicationContext.java:757)
	at org.springframework.context.support.AbstractApplicationContext.refresh(AbstractApplicationContext.java:480)
	at org.springframework.context.support.ClassPathXmlApplicationContext.&lt;init&gt;(ClassPathXmlApplicationContext.java:139)
	at org.springframework.context.support.ClassPathXmlApplicationContext.&lt;init&gt;(ClassPathXmlApplicationContext.java:83)
	at cn.itrip.dao.user.TestItripUserMapper.testGetItripUserById(TestItripUserMapper.java:17)
	at sun.reflect.NativeMethodAccessorImpl.invoke0(Native Method)
	at sun.reflect.NativeMethodAccessorImpl.invoke(NativeMethodAccessorImpl.java:62)
	at sun.reflect.DelegatingMethodAccessorImpl.invoke(DelegatingMethodAccessorImpl.java:43)
	at java.lang.reflect.Method.invoke(Method.java:498)
	at org.junit.runners.model.FrameworkMethod$1.runReflectiveCall(FrameworkMethod.java:47)
	at org.junit.internal.runners.model.ReflectiveCallable.run(ReflectiveCallable.java:12)
	at org.junit.runners.model.FrameworkMethod.invokeExplosively(FrameworkMethod.java:44)
	at org.junit.internal.runners.statements.InvokeMethod.evaluate(InvokeMethod.java:17)
	at org.junit.runners.ParentRunner.runLeaf(ParentRunner.java:271)
	at org.junit.runners.BlockJUnit4ClassRunner.runChild(BlockJUnit4ClassRunner.java:70)
	at org.junit.runners.BlockJUnit4ClassRunner.runChild(BlockJUnit4ClassRunner.java:50)
	at org.junit.runners.ParentRunner$3.run(ParentRunner.java:238)
	at org.junit.runners.ParentRunner$1.schedule(ParentRunner.java:63)
	at org.junit.runners.ParentRunner.runChildren(ParentRunner.java:236)
	at org.junit.runners.ParentRunner.access$000(ParentRunner.java:53)
	at org.junit.runners.ParentRunner$2.evaluate(ParentRunner.java:229)
	at org.junit.runners.ParentRunner.run(ParentRunner.java:309)
	at org.apache.maven.surefire.junit4.JUnit4Provider.execute(JUnit4Provider.java:252)
	at org.apache.maven.surefire.junit4.JUnit4Provider.executeTestSet(JUnit4Provider.java:141)
	at org.apache.maven.surefire.junit4.JUnit4Provider.invoke(JUnit4Provider.java:112)
	at sun.reflect.NativeMethodAccessorImpl.invoke0(Native Method)
	at sun.reflect.NativeMethodAccessorImpl.invoke(NativeMethodAccessorImpl.java:62)
	at sun.reflect.DelegatingMethodAccessorImpl.invoke(DelegatingMethodAccessorImpl.java:43)
	at java.lang.reflect.Method.invoke(Method.java:498)
	at org.apache.maven.surefire.util.ReflectionUtils.invokeMethodWithArray(ReflectionUtils.java:189)
	at org.apache.maven.surefire.booter.ProviderFactory$ProviderProxy.invoke(ProviderFactory.java:165)
	at org.apache.maven.surefire.booter.ProviderFactory.invokeProvider(ProviderFactory.java:85)
	at org.apache.maven.surefire.booter.ForkedBooter.runSuitesInProcess(ForkedBooter.java:115)
	at org.apache.maven.surefire.booter.ForkedBooter.main(ForkedBooter.java:75)
Caused by: org.apache.ibatis.builder.BuilderException: Wrong namespace. Expected &apos;cn.itrip.dao.hotelroom.HotelroomMapper&apos; but found &apos;cn.itrip.dao.HotelroomMapper&apos;.
	at org.apache.ibatis.builder.MapperBuilderAssistant.setCurrentNamespace(MapperBuilderAssistant.java:75)
	at org.apache.ibatis.builder.xml.XMLMapperBuilder.configurationElement(XMLMapperBuilder.java:105)
	... 50 more
- (2007 ms) - [WARN] 2019-01-15 20:55:32,940 org.springframework.context.support.ClassPathXmlApplicationContext - Exception encountered during context initialization - cancelling refresh attempt
org.springframework.beans.factory.BeanCreationException: Error creating bean with name &apos;hotelroomMapper&apos; defined in file [E:\ideaXM\itrip\itrip-dao\target\classes\cn\itrip\dao\hotelroom\HotelroomMapper.class]: Invocation of init method failed; nested exception is java.lang.IllegalArgumentException: java.lang.RuntimeException: Error parsing Mapper XML. Cause: org.apache.ibatis.builder.BuilderException: Wrong namespace. Expected &apos;cn.itrip.dao.hotelroom.HotelroomMapper&apos; but found &apos;cn.itrip.dao.HotelroomMapper&apos;.
	at org.springframework.beans.factory.support.AbstractAutowireCapableBeanFactory.initializeBean(AbstractAutowireCapableBeanFactory.java:1574)
	at org.springframework.beans.factory.support.AbstractAutowireCapableBeanFactory.doCreateBean(AbstractAutowireCapableBeanFactory.java:539)
	at org.springframework.beans.factory.support.AbstractAutowireCapableBeanFactory.createBean(AbstractAutowireCapableBeanFactory.java:476)
	at org.springframework.beans.factory.support.AbstractBeanFactory$1.getObject(AbstractBeanFactory.java:303)
	at org.springframework.beans.factory.support.DefaultSingletonBeanRegistry.getSingleton(DefaultSingletonBeanRegistry.java:230)
	at org.springframework.beans.factory.support.AbstractBeanFactory.doGetBean(AbstractBeanFactory.java:299)
	at org.springframework.beans.factory.support.AbstractBeanFactory.getBean(AbstractBeanFactory.java:194)
	at org.springframework.beans.factory.support.DefaultListableBeanFactory.preInstantiateSingletons(DefaultListableBeanFactory.java:736)
	at org.springframework.context.support.AbstractApplicationContext.finishBeanFactoryInitialization(AbstractApplicationContext.java:757)
	at org.springframework.context.support.AbstractApplicationContext.refresh(AbstractApplicationContext.java:480)
	at org.springframework.context.support.ClassPathXmlApplicationContext.&lt;init&gt;(ClassPathXmlApplicationContext.java:139)
	at org.springframework.context.support.ClassPathXmlApplicationContext.&lt;init&gt;(ClassPathXmlApplicationContext.java:83)
	at cn.itrip.dao.user.TestItripUserMapper.testGetItripUserById(TestItripUserMapper.java:17)
	at sun.reflect.NativeMethodAccessorImpl.invoke0(Native Method)
	at sun.reflect.NativeMethodAccessorImpl.invoke(NativeMethodAccessorImpl.java:62)
	at sun.reflect.DelegatingMethodAccessorImpl.invoke(DelegatingMethodAccessorImpl.java:43)
	at java.lang.reflect.Method.invoke(Method.java:498)
	at org.junit.runners.model.FrameworkMethod$1.runReflectiveCall(FrameworkMethod.java:47)
	at org.junit.internal.runners.model.ReflectiveCallable.run(ReflectiveCallable.java:12)
	at org.junit.runners.model.FrameworkMethod.invokeExplosively(FrameworkMethod.java:44)
	at org.junit.internal.runners.statements.InvokeMethod.evaluate(InvokeMethod.java:17)
	at org.junit.runners.ParentRunner.runLeaf(ParentRunner.java:271)
	at org.junit.runners.BlockJUnit4ClassRunner.runChild(BlockJUnit4ClassRunner.java:70)
	at org.junit.runners.BlockJUnit4ClassRunner.runChild(BlockJUnit4ClassRunner.java:50)
	at org.junit.runners.ParentRunner$3.run(ParentRunner.java:238)
	at org.junit.runners.ParentRunner$1.schedule(ParentRunner.java:63)
	at org.junit.runners.ParentRunner.runChildren(ParentRunner.java:236)
	at org.junit.runners.ParentRunner.access$000(ParentRunner.java:53)
	at org.junit.runners.ParentRunner$2.evaluate(ParentRunner.java:229)
	at org.junit.runners.ParentRunner.run(ParentRunner.java:309)
	at org.apache.maven.surefire.junit4.JUnit4Provider.execute(JUnit4Provider.java:252)
	at org.apache.maven.surefire.junit4.JUnit4Provider.executeTestSet(JUnit4Provider.java:141)
	at org.apache.maven.surefire.junit4.JUnit4Provider.invoke(JUnit4Provider.java:112)
	at sun.reflect.NativeMethodAccessorImpl.invoke0(Native Method)
	at sun.reflect.NativeMethodAccessorImpl.invoke(NativeMethodAccessorImpl.java:62)
	at sun.reflect.DelegatingMethodAccessorImpl.invoke(DelegatingMethodAccessorImpl.java:43)
	at java.lang.reflect.Method.invoke(Method.java:498)
	at org.apache.maven.surefire.util.ReflectionUtils.invokeMethodWithArray(ReflectionUtils.java:189)
	at org.apache.maven.surefire.booter.ProviderFactory$ProviderProxy.invoke(ProviderFactory.java:165)
	at org.apache.maven.surefire.booter.ProviderFactory.invokeProvider(ProviderFactory.java:85)
	at org.apache.maven.surefire.booter.ForkedBooter.runSuitesInProcess(ForkedBooter.java:115)
	at org.apache.maven.surefire.booter.ForkedBooter.main(ForkedBooter.java:75)
Caused by: java.lang.IllegalArgumentException: java.lang.RuntimeException: Error parsing Mapper XML. Cause: org.apache.ibatis.builder.BuilderException: Wrong namespace. Expected &apos;cn.itrip.dao.hotelroom.HotelroomMapper&apos; but found &apos;cn.itrip.dao.HotelroomMapper&apos;.
	at org.mybatis.spring.mapper.MapperFactoryBean.checkDaoConfig(MapperFactoryBean.java:98)
	at org.springframework.dao.support.DaoSupport.afterPropertiesSet(DaoSupport.java:44)
	at org.springframework.beans.factory.support.AbstractAutowireCapableBeanFactory.invokeInitMethods(AbstractAutowireCapableBeanFactory.java:1633)
	at org.springframework.beans.factory.support.AbstractAutowireCapableBeanFactory.initializeBean(AbstractAutowireCapableBeanFactory.java:1570)
	... 41 more
Caused by: java.lang.RuntimeException: Error parsing Mapper XML. Cause: org.apache.ibatis.builder.BuilderException: Wrong namespace. Expected &apos;cn.itrip.dao.hotelroom.HotelroomMapper&apos; but found &apos;cn.itrip.dao.HotelroomMapper&apos;.
	at org.apache.ibatis.builder.xml.XMLMapperBuilder.configurationElement(XMLMapperBuilder.java:113)
	at org.apache.ibatis.builder.xml.XMLMapperBuilder.parse(XMLMapperBuilder.java:88)
	at org.apache.ibatis.builder.annotation.MapperAnnotationBuilder.loadXmlResource(MapperAnnotationBuilder.java:159)
	at org.apache.ibatis.builder.annotation.MapperAnnotationBuilder.parse(MapperAnnotationBuilder.java:113)
	at org.apache.ibatis.binding.MapperRegistry.addMapper(MapperRegistry.java:66)
	at org.apache.ibatis.session.Configuration.addMapper(Configuration.java:635)
	at org.mybatis.spring.mapper.MapperFactoryBean.checkDaoConfig(MapperFactoryBean.java:95)
	... 44 more
Caused by: org.apache.ibatis.builder.BuilderException: Wrong namespace. Expected &apos;cn.itrip.dao.hotelroom.HotelroomMapper&apos; but found &apos;cn.itrip.dao.HotelroomMapper&apos;.
	at org.apache.ibatis.builder.MapperBuilderAssistant.setCurrentNamespace(MapperBuilderAssistant.java:75)
	at org.apache.ibatis.builder.xml.XMLMapperBuilder.configurationElement(XMLMapperBuilder.java:105)
	... 50 more
- (2007 ms) - [DEBUG] 2019-01-15 20:55:32,940 org.springframework.beans.factory.support.DefaultListableBeanFactory - Destroying singletons in org.springframework.beans.factory.support.DefaultListableBeanFactory@350aac89: defining beans [org.springframework.context.annotation.internalConfigurationAnnotationProcessor,org.springframework.context.annotation.internalAutowiredAnnotationProcessor,org.springframework.context.annotation.internalRequiredAnnotationProcessor,org.springframework.context.annotation.internalCommonAnnotationProcessor,org.springframework.context.support.PropertySourcesPlaceholderConfigurer#0,dataSource,sqlSessionFactoryBean,org.mybatis.spring.mapper.MapperScannerConfigurer#0,jedisPoolConfig,jedisPool,redisAPI,validationToken,org.springframework.context.annotation.ConfigurationClassPostProcessor.importAwareProcessor,org.springframework.context.annotation.ConfigurationClassPostProcessor.enhancedConfigurationProcessor,itripHotMapper,itripAreaDicMapper,itripCommentMapper,itripHotelMapper,itripHotelOrderMapper,hotelroomMapper,itripImageMapper,itripLabelMapper,itripLabelDicMapper,itripUserMapper,itripUserLinkUserMapper]; root of factory hierarchy
- (2008 ms) - [DEBUG] 2019-01-15 20:55:32,941 org.springframework.beans.factory.support.DisposableBeanAdapter - Invoking destroy method &apos;destroy&apos; on bean with name &apos;jedisPool&apos;
- (2008 ms) - [DEBUG] 2019-01-15 20:55:32,941 org.springframework.beans.factory.support.DisposableBeanAdapter - Invoking destroy method &apos;close&apos; on bean with name &apos;dataSource&apos;
</system-out>
  </testcase>
</testsuite>